[2023-04-05T13:03:21.159+0000] {taskinstance.py:1090} INFO - Dependencies all met for dep_context=non-requeueable deps ti=<TaskInstance: our_first_dag_v3.second_task scheduled__2021-12-24T00:00:00+00:00 [queued]>
[2023-04-05T13:03:21.193+0000] {taskinstance.py:1090} INFO - Dependencies all met for dep_context=requeueable deps ti=<TaskInstance: our_first_dag_v3.second_task scheduled__2021-12-24T00:00:00+00:00 [queued]>
[2023-04-05T13:03:21.200+0000] {taskinstance.py:1288} INFO - 
--------------------------------------------------------------------------------
[2023-04-05T13:03:21.200+0000] {taskinstance.py:1289} INFO - Starting attempt 1 of 6
[2023-04-05T13:03:21.200+0000] {taskinstance.py:1290} INFO - 
--------------------------------------------------------------------------------
[2023-04-05T13:03:21.278+0000] {taskinstance.py:1309} INFO - Executing <Task(BashOperator): second_task> on 2021-12-24 00:00:00+00:00
[2023-04-05T13:03:21.294+0000] {standard_task_runner.py:55} INFO - Started process 6713 to run task
[2023-04-05T13:03:21.301+0000] {standard_task_runner.py:82} INFO - Running: ['***', 'tasks', 'run', 'our_first_dag_v3', 'second_task', 'scheduled__2021-12-24T00:00:00+00:00', '--job-id', '1749', '--raw', '--subdir', 'DAGS_FOLDER/our_first_dag.py', '--cfg-path', '/tmp/tmpy7prxets']
[2023-04-05T13:03:21.309+0000] {standard_task_runner.py:83} INFO - Job 1749: Subtask second_task
[2023-04-05T13:03:21.489+0000] {task_command.py:389} INFO - Running <TaskInstance: our_first_dag_v3.second_task scheduled__2021-12-24T00:00:00+00:00 [running]> on host e3ca158aac6b
[2023-04-05T13:03:21.687+0000] {taskinstance.py:1518} INFO - Exporting the following env vars:
AIRFLOW_CTX_DAG_OWNER=dejan
AIRFLOW_CTX_DAG_ID=our_first_dag_v3
AIRFLOW_CTX_TASK_ID=second_task
AIRFLOW_CTX_EXECUTION_DATE=2021-12-24T00:00:00+00:00
AIRFLOW_CTX_TRY_NUMBER=1
AIRFLOW_CTX_DAG_RUN_ID=scheduled__2021-12-24T00:00:00+00:00
[2023-04-05T13:03:21.688+0000] {subprocess.py:63} INFO - Tmp dir root location: 
 /tmp
[2023-04-05T13:03:21.689+0000] {subprocess.py:75} INFO - Running command: ['/bin/bash', '-c', 'echo Hey I am task2 and will be running after task1']
[2023-04-05T13:03:21.723+0000] {subprocess.py:86} INFO - Output:
[2023-04-05T13:03:21.726+0000] {subprocess.py:93} INFO - Hey I am task2 and will be running after task1
[2023-04-05T13:03:21.727+0000] {subprocess.py:97} INFO - Command exited with return code 0
[2023-04-05T13:03:21.799+0000] {taskinstance.py:1332} INFO - Marking task as SUCCESS. dag_id=our_first_dag_v3, task_id=second_task, execution_date=20211224T000000, start_date=20230405T130321, end_date=20230405T130321
[2023-04-05T13:03:21.852+0000] {local_task_job.py:212} INFO - Task exited with return code 0
[2023-04-05T13:03:21.920+0000] {taskinstance.py:2596} INFO - 0 downstream tasks scheduled from follow-on schedule check
