[2023-04-05T12:56:48.469+0000] {taskinstance.py:1090} INFO - Dependencies all met for dep_context=non-requeueable deps ti=<TaskInstance: our_first_dag_v2.first_task scheduled__2022-02-18T00:00:00+00:00 [queued]>
[2023-04-05T12:56:48.483+0000] {taskinstance.py:1090} INFO - Dependencies all met for dep_context=requeueable deps ti=<TaskInstance: our_first_dag_v2.first_task scheduled__2022-02-18T00:00:00+00:00 [queued]>
[2023-04-05T12:56:48.484+0000] {taskinstance.py:1288} INFO - 
--------------------------------------------------------------------------------
[2023-04-05T12:56:48.484+0000] {taskinstance.py:1289} INFO - Starting attempt 1 of 6
[2023-04-05T12:56:48.484+0000] {taskinstance.py:1290} INFO - 
--------------------------------------------------------------------------------
[2023-04-05T12:56:48.551+0000] {taskinstance.py:1309} INFO - Executing <Task(BashOperator): first_task> on 2022-02-18 00:00:00+00:00
[2023-04-05T12:56:48.558+0000] {standard_task_runner.py:55} INFO - Started process 4342 to run task
[2023-04-05T12:56:48.561+0000] {standard_task_runner.py:82} INFO - Running: ['***', 'tasks', 'run', 'our_first_dag_v2', 'first_task', 'scheduled__2022-02-18T00:00:00+00:00', '--job-id', '1027', '--raw', '--subdir', 'DAGS_FOLDER/our_first_dag.py', '--cfg-path', '/tmp/tmptcb93b4c']
[2023-04-05T12:56:48.563+0000] {standard_task_runner.py:83} INFO - Job 1027: Subtask first_task
[2023-04-05T12:56:48.730+0000] {task_command.py:389} INFO - Running <TaskInstance: our_first_dag_v2.first_task scheduled__2022-02-18T00:00:00+00:00 [running]> on host e3ca158aac6b
[2023-04-05T12:56:48.899+0000] {taskinstance.py:1518} INFO - Exporting the following env vars:
AIRFLOW_CTX_DAG_OWNER=dejan
AIRFLOW_CTX_DAG_ID=our_first_dag_v2
AIRFLOW_CTX_TASK_ID=first_task
AIRFLOW_CTX_EXECUTION_DATE=2022-02-18T00:00:00+00:00
AIRFLOW_CTX_TRY_NUMBER=1
AIRFLOW_CTX_DAG_RUN_ID=scheduled__2022-02-18T00:00:00+00:00
[2023-04-05T12:56:48.900+0000] {subprocess.py:63} INFO - Tmp dir root location: 
 /tmp
[2023-04-05T12:56:48.901+0000] {subprocess.py:75} INFO - Running command: ['/bin/bash', '-c', 'echo Hello World, this is the first task']
[2023-04-05T12:56:48.919+0000] {subprocess.py:86} INFO - Output:
[2023-04-05T12:56:48.922+0000] {subprocess.py:93} INFO - Hello World, this is the first task
[2023-04-05T12:56:48.922+0000] {subprocess.py:97} INFO - Command exited with return code 0
[2023-04-05T12:56:48.966+0000] {taskinstance.py:1332} INFO - Marking task as SUCCESS. dag_id=our_first_dag_v2, task_id=first_task, execution_date=20220218T000000, start_date=20230405T125648, end_date=20230405T125648
[2023-04-05T12:56:49.030+0000] {local_task_job.py:212} INFO - Task exited with return code 0
[2023-04-05T12:56:49.075+0000] {taskinstance.py:2596} INFO - 1 downstream tasks scheduled from follow-on schedule check
