[2023-04-06T13:30:24.986+0000] {taskinstance.py:1090} INFO - Dependencies all met for dep_context=non-requeueable deps ti=<TaskInstance: create_dag_with_python_operator_v06.greet scheduled__2022-01-14T00:00:00+00:00 [queued]>
[2023-04-06T13:30:25.035+0000] {taskinstance.py:1090} INFO - Dependencies all met for dep_context=requeueable deps ti=<TaskInstance: create_dag_with_python_operator_v06.greet scheduled__2022-01-14T00:00:00+00:00 [queued]>
[2023-04-06T13:30:25.035+0000] {taskinstance.py:1288} INFO - 
--------------------------------------------------------------------------------
[2023-04-06T13:30:25.035+0000] {taskinstance.py:1289} INFO - Starting attempt 1 of 6
[2023-04-06T13:30:25.036+0000] {taskinstance.py:1290} INFO - 
--------------------------------------------------------------------------------
[2023-04-06T13:30:25.234+0000] {taskinstance.py:1309} INFO - Executing <Task(PythonOperator): greet> on 2022-01-14 00:00:00+00:00
[2023-04-06T13:30:25.262+0000] {standard_task_runner.py:55} INFO - Started process 3882 to run task
[2023-04-06T13:30:25.279+0000] {standard_task_runner.py:82} INFO - Running: ['***', 'tasks', 'run', 'create_dag_with_python_operator_v06', 'greet', 'scheduled__2022-01-14T00:00:00+00:00', '--job-id', '4261', '--raw', '--subdir', 'DAGS_FOLDER/create_dag_with_python_operator.py', '--cfg-path', '/tmp/tmptjtxlo9l']
[2023-04-06T13:30:25.281+0000] {standard_task_runner.py:83} INFO - Job 4261: Subtask greet
[2023-04-06T13:30:25.488+0000] {task_command.py:389} INFO - Running <TaskInstance: create_dag_with_python_operator_v06.greet scheduled__2022-01-14T00:00:00+00:00 [running]> on host 971eab773426
[2023-04-06T13:30:25.848+0000] {taskinstance.py:1518} INFO - Exporting the following env vars:
AIRFLOW_CTX_DAG_OWNER=dejan
AIRFLOW_CTX_DAG_ID=create_dag_with_python_operator_v06
AIRFLOW_CTX_TASK_ID=greet
AIRFLOW_CTX_EXECUTION_DATE=2022-01-14T00:00:00+00:00
AIRFLOW_CTX_TRY_NUMBER=1
AIRFLOW_CTX_DAG_RUN_ID=scheduled__2022-01-14T00:00:00+00:00
[2023-04-06T13:30:25.994+0000] {logging_mixin.py:137} INFO - Hello World! Myname is Dejan Zivanov,   and I am 31 years old.
[2023-04-06T13:30:25.994+0000] {python.py:177} INFO - Done. Returned value was: None
[2023-04-06T13:30:26.062+0000] {taskinstance.py:1332} INFO - Marking task as SUCCESS. dag_id=create_dag_with_python_operator_v06, task_id=greet, execution_date=20220114T000000, start_date=20230406T133024, end_date=20230406T133026
[2023-04-06T13:30:26.220+0000] {local_task_job.py:212} INFO - Task exited with return code 0
[2023-04-06T13:30:26.604+0000] {taskinstance.py:2596} INFO - 0 downstream tasks scheduled from follow-on schedule check
