[2023-04-06T16:41:15.088+0000] {taskinstance.py:1090} INFO - Dependencies all met for dep_context=non-requeueable deps ti=<TaskInstance: dag_with_catchup_and_backfill_v01.task1 scheduled__2022-01-05T00:00:00+00:00 [queued]>
[2023-04-06T16:41:15.104+0000] {taskinstance.py:1090} INFO - Dependencies all met for dep_context=requeueable deps ti=<TaskInstance: dag_with_catchup_and_backfill_v01.task1 scheduled__2022-01-05T00:00:00+00:00 [queued]>
[2023-04-06T16:41:15.104+0000] {taskinstance.py:1288} INFO - 
--------------------------------------------------------------------------------
[2023-04-06T16:41:15.104+0000] {taskinstance.py:1289} INFO - Starting attempt 1 of 1
[2023-04-06T16:41:15.105+0000] {taskinstance.py:1290} INFO - 
--------------------------------------------------------------------------------
[2023-04-06T16:41:15.161+0000] {taskinstance.py:1309} INFO - Executing <Task(BashOperator): task1> on 2022-01-05 00:00:00+00:00
[2023-04-06T16:41:15.168+0000] {standard_task_runner.py:55} INFO - Started process 406 to run task
[2023-04-06T16:41:15.171+0000] {standard_task_runner.py:82} INFO - Running: ['***', 'tasks', 'run', 'dag_with_catchup_and_backfill_v01', 'task1', 'scheduled__2022-01-05T00:00:00+00:00', '--job-id', '6695', '--raw', '--subdir', 'DAGS_FOLDER/dag_with_catchup_and_backfill.py', '--cfg-path', '/tmp/tmpm529nru6']
[2023-04-06T16:41:15.180+0000] {standard_task_runner.py:83} INFO - Job 6695: Subtask task1
[2023-04-06T16:41:15.311+0000] {task_command.py:389} INFO - Running <TaskInstance: dag_with_catchup_and_backfill_v01.task1 scheduled__2022-01-05T00:00:00+00:00 [running]> on host 8b7f5eb43087
[2023-04-06T16:41:15.495+0000] {taskinstance.py:1518} INFO - Exporting the following env vars:
AIRFLOW_CTX_DAG_OWNER=dejan
AIRFLOW_CTX_DAG_ID=dag_with_catchup_and_backfill_v01
AIRFLOW_CTX_TASK_ID=task1
AIRFLOW_CTX_EXECUTION_DATE=2022-01-05T00:00:00+00:00
AIRFLOW_CTX_TRY_NUMBER=1
AIRFLOW_CTX_DAG_RUN_ID=scheduled__2022-01-05T00:00:00+00:00
[2023-04-06T16:41:15.496+0000] {subprocess.py:63} INFO - Tmp dir root location: 
 /tmp
[2023-04-06T16:41:15.496+0000] {subprocess.py:75} INFO - Running command: ['/bin/bash', '-c', 'echo This is simple bash command!']
[2023-04-06T16:41:15.514+0000] {subprocess.py:86} INFO - Output:
[2023-04-06T16:41:15.516+0000] {subprocess.py:93} INFO - This is simple bash command!
[2023-04-06T16:41:15.517+0000] {subprocess.py:97} INFO - Command exited with return code 0
[2023-04-06T16:41:15.556+0000] {taskinstance.py:1332} INFO - Marking task as SUCCESS. dag_id=dag_with_catchup_and_backfill_v01, task_id=task1, execution_date=20220105T000000, start_date=20230406T164115, end_date=20230406T164115
[2023-04-06T16:41:15.634+0000] {local_task_job.py:212} INFO - Task exited with return code 0
[2023-04-06T16:41:15.678+0000] {taskinstance.py:2596} INFO - 0 downstream tasks scheduled from follow-on schedule check
