[2023-04-07T14:59:08.868+0000] {processor.py:153} INFO - Started process (PID=209) to work on /opt/airflow/dags/dag_with_python_dependancies.py
[2023-04-07T14:59:08.868+0000] {processor.py:743} INFO - Processing file /opt/airflow/dags/dag_with_python_dependancies.py for tasks to queue
[2023-04-07T14:59:08.869+0000] {logging_mixin.py:137} INFO - [2023-04-07T14:59:08.869+0000] {dagbag.py:532} INFO - Filling up the DagBag from /opt/airflow/dags/dag_with_python_dependancies.py
[2023-04-07T14:59:08.932+0000] {processor.py:753} INFO - DAG(s) dict_keys(['dag_with_python_dependancies_v01']) retrieved from /opt/airflow/dags/dag_with_python_dependancies.py
[2023-04-07T14:59:09.183+0000] {logging_mixin.py:137} INFO - [2023-04-07T14:59:09.183+0000] {manager.py:504} INFO - Created Permission View: can read on DAG:dag_with_python_dependancies_v01
[2023-04-07T14:59:09.192+0000] {logging_mixin.py:137} INFO - [2023-04-07T14:59:09.192+0000] {manager.py:504} INFO - Created Permission View: can edit on DAG:dag_with_python_dependancies_v01
[2023-04-07T14:59:09.199+0000] {logging_mixin.py:137} INFO - [2023-04-07T14:59:09.199+0000] {manager.py:504} INFO - Created Permission View: can delete on DAG:dag_with_python_dependancies_v01
[2023-04-07T14:59:09.199+0000] {logging_mixin.py:137} INFO - [2023-04-07T14:59:09.199+0000] {dag.py:2705} INFO - Sync 1 DAGs
[2023-04-07T14:59:09.216+0000] {logging_mixin.py:137} INFO - [2023-04-07T14:59:09.216+0000] {dag.py:2726} INFO - Creating ORM DAG for dag_with_python_dependancies_v01
[2023-04-07T14:59:09.228+0000] {logging_mixin.py:137} INFO - [2023-04-07T14:59:09.228+0000] {dag.py:3456} INFO - Setting next_dagrun for dag_with_python_dependancies_v01 to 2023-04-01T00:00:00+00:00, run_after=2023-04-02T00:00:00+00:00
[2023-04-07T14:59:09.244+0000] {processor.py:175} INFO - Processing /opt/airflow/dags/dag_with_python_dependancies.py took 0.379 seconds
[2023-04-07T14:59:40.048+0000] {processor.py:153} INFO - Started process (PID=440) to work on /opt/airflow/dags/dag_with_python_dependancies.py
[2023-04-07T14:59:40.049+0000] {processor.py:743} INFO - Processing file /opt/airflow/dags/dag_with_python_dependancies.py for tasks to queue
[2023-04-07T14:59:40.050+0000] {logging_mixin.py:137} INFO - [2023-04-07T14:59:40.050+0000] {dagbag.py:532} INFO - Filling up the DagBag from /opt/airflow/dags/dag_with_python_dependancies.py
[2023-04-07T14:59:40.065+0000] {processor.py:753} INFO - DAG(s) dict_keys(['dag_with_python_dependancies_v01']) retrieved from /opt/airflow/dags/dag_with_python_dependancies.py
[2023-04-07T14:59:40.147+0000] {logging_mixin.py:137} INFO - [2023-04-07T14:59:40.147+0000] {dag.py:2705} INFO - Sync 1 DAGs
[2023-04-07T14:59:40.175+0000] {logging_mixin.py:137} INFO - [2023-04-07T14:59:40.175+0000] {dag.py:3456} INFO - Setting next_dagrun for dag_with_python_dependancies_v01 to 2023-04-01T00:00:00+00:00, run_after=2023-04-02T00:00:00+00:00
[2023-04-07T14:59:40.194+0000] {processor.py:175} INFO - Processing /opt/airflow/dags/dag_with_python_dependancies.py took 0.148 seconds
[2023-04-07T15:00:10.532+0000] {processor.py:153} INFO - Started process (PID=663) to work on /opt/airflow/dags/dag_with_python_dependancies.py
[2023-04-07T15:00:10.533+0000] {processor.py:743} INFO - Processing file /opt/airflow/dags/dag_with_python_dependancies.py for tasks to queue
[2023-04-07T15:00:10.533+0000] {logging_mixin.py:137} INFO - [2023-04-07T15:00:10.533+0000] {dagbag.py:532} INFO - Filling up the DagBag from /opt/airflow/dags/dag_with_python_dependancies.py
[2023-04-07T15:00:10.549+0000] {processor.py:753} INFO - DAG(s) dict_keys(['dag_with_python_dependancies_v01']) retrieved from /opt/airflow/dags/dag_with_python_dependancies.py
[2023-04-07T15:00:10.571+0000] {logging_mixin.py:137} INFO - [2023-04-07T15:00:10.570+0000] {dag.py:2705} INFO - Sync 1 DAGs
[2023-04-07T15:00:10.598+0000] {logging_mixin.py:137} INFO - [2023-04-07T15:00:10.598+0000] {dag.py:3456} INFO - Setting next_dagrun for dag_with_python_dependancies_v01 to 2023-04-01T00:00:00+00:00, run_after=2023-04-02T00:00:00+00:00
[2023-04-07T15:00:10.614+0000] {processor.py:175} INFO - Processing /opt/airflow/dags/dag_with_python_dependancies.py took 0.085 seconds
[2023-04-07T15:00:40.749+0000] {processor.py:153} INFO - Started process (PID=904) to work on /opt/airflow/dags/dag_with_python_dependancies.py
[2023-04-07T15:00:40.750+0000] {processor.py:743} INFO - Processing file /opt/airflow/dags/dag_with_python_dependancies.py for tasks to queue
[2023-04-07T15:00:40.750+0000] {logging_mixin.py:137} INFO - [2023-04-07T15:00:40.750+0000] {dagbag.py:532} INFO - Filling up the DagBag from /opt/airflow/dags/dag_with_python_dependancies.py
[2023-04-07T15:00:40.767+0000] {processor.py:753} INFO - DAG(s) dict_keys(['dag_with_python_dependancies_v01']) retrieved from /opt/airflow/dags/dag_with_python_dependancies.py
[2023-04-07T15:00:40.804+0000] {logging_mixin.py:137} INFO - [2023-04-07T15:00:40.804+0000] {dag.py:2705} INFO - Sync 1 DAGs
[2023-04-07T15:00:40.840+0000] {logging_mixin.py:137} INFO - [2023-04-07T15:00:40.840+0000] {dag.py:3456} INFO - Setting next_dagrun for dag_with_python_dependancies_v01 to 2023-04-07T00:00:00+00:00, run_after=2023-04-08T00:00:00+00:00
[2023-04-07T15:00:40.870+0000] {processor.py:175} INFO - Processing /opt/airflow/dags/dag_with_python_dependancies.py took 0.124 seconds
[2023-04-07T15:01:11.048+0000] {processor.py:153} INFO - Started process (PID=1127) to work on /opt/airflow/dags/dag_with_python_dependancies.py
[2023-04-07T15:01:11.049+0000] {processor.py:743} INFO - Processing file /opt/airflow/dags/dag_with_python_dependancies.py for tasks to queue
[2023-04-07T15:01:11.050+0000] {logging_mixin.py:137} INFO - [2023-04-07T15:01:11.049+0000] {dagbag.py:532} INFO - Filling up the DagBag from /opt/airflow/dags/dag_with_python_dependancies.py
[2023-04-07T15:01:11.064+0000] {processor.py:753} INFO - DAG(s) dict_keys(['dag_with_python_dependancies_v01']) retrieved from /opt/airflow/dags/dag_with_python_dependancies.py
[2023-04-07T15:01:11.090+0000] {logging_mixin.py:137} INFO - [2023-04-07T15:01:11.090+0000] {dag.py:2705} INFO - Sync 1 DAGs
[2023-04-07T15:01:11.126+0000] {logging_mixin.py:137} INFO - [2023-04-07T15:01:11.126+0000] {dag.py:3456} INFO - Setting next_dagrun for dag_with_python_dependancies_v01 to 2023-04-07T00:00:00+00:00, run_after=2023-04-08T00:00:00+00:00
[2023-04-07T15:01:11.150+0000] {processor.py:175} INFO - Processing /opt/airflow/dags/dag_with_python_dependancies.py took 0.104 seconds
[2023-04-07T15:01:41.284+0000] {processor.py:153} INFO - Started process (PID=1350) to work on /opt/airflow/dags/dag_with_python_dependancies.py
[2023-04-07T15:01:41.285+0000] {processor.py:743} INFO - Processing file /opt/airflow/dags/dag_with_python_dependancies.py for tasks to queue
[2023-04-07T15:01:41.285+0000] {logging_mixin.py:137} INFO - [2023-04-07T15:01:41.285+0000] {dagbag.py:532} INFO - Filling up the DagBag from /opt/airflow/dags/dag_with_python_dependancies.py
[2023-04-07T15:01:41.299+0000] {processor.py:753} INFO - DAG(s) dict_keys(['dag_with_python_dependancies_v01']) retrieved from /opt/airflow/dags/dag_with_python_dependancies.py
[2023-04-07T15:01:41.320+0000] {logging_mixin.py:137} INFO - [2023-04-07T15:01:41.320+0000] {dag.py:2705} INFO - Sync 1 DAGs
[2023-04-07T15:01:41.350+0000] {logging_mixin.py:137} INFO - [2023-04-07T15:01:41.350+0000] {dag.py:3456} INFO - Setting next_dagrun for dag_with_python_dependancies_v01 to 2023-04-07T00:00:00+00:00, run_after=2023-04-08T00:00:00+00:00
[2023-04-07T15:01:41.366+0000] {processor.py:175} INFO - Processing /opt/airflow/dags/dag_with_python_dependancies.py took 0.085 seconds
[2023-04-07T15:02:01.313+0000] {processor.py:153} INFO - Started process (PID=1566) to work on /opt/airflow/dags/dag_with_python_dependancies.py
[2023-04-07T15:02:01.313+0000] {processor.py:743} INFO - Processing file /opt/airflow/dags/dag_with_python_dependancies.py for tasks to queue
[2023-04-07T15:02:01.314+0000] {logging_mixin.py:137} INFO - [2023-04-07T15:02:01.314+0000] {dagbag.py:532} INFO - Filling up the DagBag from /opt/airflow/dags/dag_with_python_dependancies.py
[2023-04-07T15:02:01.316+0000] {logging_mixin.py:137} INFO - [2023-04-07T15:02:01.315+0000] {dagbag.py:341} ERROR - Failed to import: /opt/airflow/dags/dag_with_python_dependancies.py
Traceback (most recent call last):
  File "/home/airflow/.local/lib/python3.7/site-packages/airflow/models/dagbag.py", line 337, in parse
    loader.exec_module(new_module)
  File "<frozen importlib._bootstrap_external>", line 724, in exec_module
  File "<frozen importlib._bootstrap_external>", line 860, in get_code
  File "<frozen importlib._bootstrap_external>", line 791, in source_to_code
  File "<frozen importlib._bootstrap>", line 219, in _call_with_frames_removed
  File "/opt/airflow/dags/dag_with_python_dependancies.py", line 17
    <<<
     ^
SyntaxError: invalid syntax
[2023-04-07T15:02:01.316+0000] {processor.py:755} WARNING - No viable dags retrieved from /opt/airflow/dags/dag_with_python_dependancies.py
[2023-04-07T15:02:01.331+0000] {processor.py:175} INFO - Processing /opt/airflow/dags/dag_with_python_dependancies.py took 0.020 seconds
[2023-04-07T15:02:11.378+0000] {processor.py:153} INFO - Started process (PID=1579) to work on /opt/airflow/dags/dag_with_python_dependancies.py
[2023-04-07T15:02:11.379+0000] {processor.py:743} INFO - Processing file /opt/airflow/dags/dag_with_python_dependancies.py for tasks to queue
[2023-04-07T15:02:11.379+0000] {logging_mixin.py:137} INFO - [2023-04-07T15:02:11.379+0000] {dagbag.py:532} INFO - Filling up the DagBag from /opt/airflow/dags/dag_with_python_dependancies.py
[2023-04-07T15:02:11.381+0000] {logging_mixin.py:137} INFO - [2023-04-07T15:02:11.380+0000] {dagbag.py:341} ERROR - Failed to import: /opt/airflow/dags/dag_with_python_dependancies.py
Traceback (most recent call last):
  File "/home/airflow/.local/lib/python3.7/site-packages/airflow/models/dagbag.py", line 337, in parse
    loader.exec_module(new_module)
  File "<frozen importlib._bootstrap_external>", line 724, in exec_module
  File "<frozen importlib._bootstrap_external>", line 860, in get_code
  File "<frozen importlib._bootstrap_external>", line 791, in source_to_code
  File "<frozen importlib._bootstrap>", line 219, in _call_with_frames_removed
  File "/opt/airflow/dags/dag_with_python_dependancies.py", line 17
    def get_matplotlib()
                       ^
SyntaxError: invalid syntax
[2023-04-07T15:02:11.381+0000] {processor.py:755} WARNING - No viable dags retrieved from /opt/airflow/dags/dag_with_python_dependancies.py
[2023-04-07T15:02:11.399+0000] {processor.py:175} INFO - Processing /opt/airflow/dags/dag_with_python_dependancies.py took 0.023 seconds
[2023-04-07T15:02:13.440+0000] {processor.py:153} INFO - Started process (PID=1654) to work on /opt/airflow/dags/dag_with_python_dependancies.py
[2023-04-07T15:02:13.440+0000] {processor.py:743} INFO - Processing file /opt/airflow/dags/dag_with_python_dependancies.py for tasks to queue
[2023-04-07T15:02:13.441+0000] {logging_mixin.py:137} INFO - [2023-04-07T15:02:13.440+0000] {dagbag.py:532} INFO - Filling up the DagBag from /opt/airflow/dags/dag_with_python_dependancies.py
[2023-04-07T15:02:13.443+0000] {logging_mixin.py:137} INFO - [2023-04-07T15:02:13.442+0000] {dagbag.py:341} ERROR - Failed to import: /opt/airflow/dags/dag_with_python_dependancies.py
Traceback (most recent call last):
  File "/home/airflow/.local/lib/python3.7/site-packages/airflow/models/dagbag.py", line 337, in parse
    loader.exec_module(new_module)
  File "<frozen importlib._bootstrap_external>", line 724, in exec_module
  File "<frozen importlib._bootstrap_external>", line 860, in get_code
  File "<frozen importlib._bootstrap_external>", line 791, in source_to_code
  File "<frozen importlib._bootstrap>", line 219, in _call_with_frames_removed
  File "/opt/airflow/dags/dag_with_python_dependancies.py", line 20
    with DAG(
       ^
IndentationError: expected an indented block
[2023-04-07T15:02:13.443+0000] {processor.py:755} WARNING - No viable dags retrieved from /opt/airflow/dags/dag_with_python_dependancies.py
[2023-04-07T15:02:13.459+0000] {processor.py:175} INFO - Processing /opt/airflow/dags/dag_with_python_dependancies.py took 0.023 seconds
[2023-04-07T15:02:23.490+0000] {processor.py:153} INFO - Started process (PID=1800) to work on /opt/airflow/dags/dag_with_python_dependancies.py
[2023-04-07T15:02:23.491+0000] {processor.py:743} INFO - Processing file /opt/airflow/dags/dag_with_python_dependancies.py for tasks to queue
[2023-04-07T15:02:23.491+0000] {logging_mixin.py:137} INFO - [2023-04-07T15:02:23.491+0000] {dagbag.py:532} INFO - Filling up the DagBag from /opt/airflow/dags/dag_with_python_dependancies.py
[2023-04-07T15:02:23.505+0000] {processor.py:753} INFO - DAG(s) dict_keys(['dag_with_python_dependancies_v01']) retrieved from /opt/airflow/dags/dag_with_python_dependancies.py
[2023-04-07T15:02:23.527+0000] {logging_mixin.py:137} INFO - [2023-04-07T15:02:23.527+0000] {dag.py:2705} INFO - Sync 1 DAGs
[2023-04-07T15:02:23.556+0000] {logging_mixin.py:137} INFO - [2023-04-07T15:02:23.556+0000] {dag.py:3456} INFO - Setting next_dagrun for dag_with_python_dependancies_v01 to 2023-04-07T00:00:00+00:00, run_after=2023-04-08T00:00:00+00:00
[2023-04-07T15:02:23.573+0000] {processor.py:175} INFO - Processing /opt/airflow/dags/dag_with_python_dependancies.py took 0.086 seconds
[2023-04-07T15:02:31.533+0000] {processor.py:153} INFO - Started process (PID=1805) to work on /opt/airflow/dags/dag_with_python_dependancies.py
[2023-04-07T15:02:31.533+0000] {processor.py:743} INFO - Processing file /opt/airflow/dags/dag_with_python_dependancies.py for tasks to queue
[2023-04-07T15:02:31.534+0000] {logging_mixin.py:137} INFO - [2023-04-07T15:02:31.534+0000] {dagbag.py:532} INFO - Filling up the DagBag from /opt/airflow/dags/dag_with_python_dependancies.py
[2023-04-07T15:02:31.548+0000] {processor.py:753} INFO - DAG(s) dict_keys(['dag_with_python_dependancies_v01']) retrieved from /opt/airflow/dags/dag_with_python_dependancies.py
[2023-04-07T15:02:31.571+0000] {logging_mixin.py:137} INFO - [2023-04-07T15:02:31.571+0000] {dag.py:2705} INFO - Sync 1 DAGs
[2023-04-07T15:02:31.599+0000] {logging_mixin.py:137} INFO - [2023-04-07T15:02:31.599+0000] {dag.py:3456} INFO - Setting next_dagrun for dag_with_python_dependancies_v01 to 2023-04-07T00:00:00+00:00, run_after=2023-04-08T00:00:00+00:00
[2023-04-07T15:02:31.618+0000] {processor.py:175} INFO - Processing /opt/airflow/dags/dag_with_python_dependancies.py took 0.088 seconds
[2023-04-07T15:02:32.628+0000] {processor.py:153} INFO - Started process (PID=1810) to work on /opt/airflow/dags/dag_with_python_dependancies.py
[2023-04-07T15:02:32.629+0000] {processor.py:743} INFO - Processing file /opt/airflow/dags/dag_with_python_dependancies.py for tasks to queue
[2023-04-07T15:02:32.630+0000] {logging_mixin.py:137} INFO - [2023-04-07T15:02:32.630+0000] {dagbag.py:532} INFO - Filling up the DagBag from /opt/airflow/dags/dag_with_python_dependancies.py
[2023-04-07T15:02:32.631+0000] {logging_mixin.py:137} INFO - [2023-04-07T15:02:32.631+0000] {dagbag.py:341} ERROR - Failed to import: /opt/airflow/dags/dag_with_python_dependancies.py
Traceback (most recent call last):
  File "/home/airflow/.local/lib/python3.7/site-packages/airflow/models/dagbag.py", line 337, in parse
    loader.exec_module(new_module)
  File "<frozen importlib._bootstrap_external>", line 724, in exec_module
  File "<frozen importlib._bootstrap_external>", line 860, in get_code
  File "<frozen importlib._bootstrap_external>", line 791, in source_to_code
  File "<frozen importlib._bootstrap>", line 219, in _call_with_frames_removed
  File "/opt/airflow/dags/dag_with_python_dependancies.py", line 19
    print(f"matplotlib version is: {}")
         ^
SyntaxError: f-string: empty expression not allowed
[2023-04-07T15:02:32.632+0000] {processor.py:755} WARNING - No viable dags retrieved from /opt/airflow/dags/dag_with_python_dependancies.py
[2023-04-07T15:02:32.649+0000] {processor.py:175} INFO - Processing /opt/airflow/dags/dag_with_python_dependancies.py took 0.024 seconds
[2023-04-07T15:02:36.669+0000] {processor.py:153} INFO - Started process (PID=1815) to work on /opt/airflow/dags/dag_with_python_dependancies.py
[2023-04-07T15:02:36.670+0000] {processor.py:743} INFO - Processing file /opt/airflow/dags/dag_with_python_dependancies.py for tasks to queue
[2023-04-07T15:02:36.670+0000] {logging_mixin.py:137} INFO - [2023-04-07T15:02:36.670+0000] {dagbag.py:532} INFO - Filling up the DagBag from /opt/airflow/dags/dag_with_python_dependancies.py
[2023-04-07T15:02:36.685+0000] {processor.py:753} INFO - DAG(s) dict_keys(['dag_with_python_dependancies_v01']) retrieved from /opt/airflow/dags/dag_with_python_dependancies.py
[2023-04-07T15:02:36.709+0000] {logging_mixin.py:137} INFO - [2023-04-07T15:02:36.709+0000] {dag.py:2705} INFO - Sync 1 DAGs
[2023-04-07T15:02:36.738+0000] {logging_mixin.py:137} INFO - [2023-04-07T15:02:36.738+0000] {dag.py:3456} INFO - Setting next_dagrun for dag_with_python_dependancies_v01 to 2023-04-07T00:00:00+00:00, run_after=2023-04-08T00:00:00+00:00
[2023-04-07T15:02:36.755+0000] {processor.py:175} INFO - Processing /opt/airflow/dags/dag_with_python_dependancies.py took 0.089 seconds
[2023-04-07T15:02:48.319+0000] {processor.py:153} INFO - Started process (PID=2032) to work on /opt/airflow/dags/dag_with_python_dependancies.py
[2023-04-07T15:02:48.320+0000] {processor.py:743} INFO - Processing file /opt/airflow/dags/dag_with_python_dependancies.py for tasks to queue
[2023-04-07T15:02:48.320+0000] {logging_mixin.py:137} INFO - [2023-04-07T15:02:48.320+0000] {dagbag.py:532} INFO - Filling up the DagBag from /opt/airflow/dags/dag_with_python_dependancies.py
[2023-04-07T15:02:48.334+0000] {processor.py:753} INFO - DAG(s) dict_keys(['dag_with_python_dependancies_v01']) retrieved from /opt/airflow/dags/dag_with_python_dependancies.py
[2023-04-07T15:02:48.355+0000] {logging_mixin.py:137} INFO - [2023-04-07T15:02:48.355+0000] {dag.py:2705} INFO - Sync 1 DAGs
[2023-04-07T15:02:48.387+0000] {logging_mixin.py:137} INFO - [2023-04-07T15:02:48.387+0000] {dag.py:3456} INFO - Setting next_dagrun for dag_with_python_dependancies_v01 to 2023-04-07T00:00:00+00:00, run_after=2023-04-08T00:00:00+00:00
[2023-04-07T15:02:48.408+0000] {processor.py:175} INFO - Processing /opt/airflow/dags/dag_with_python_dependancies.py took 0.091 seconds
[2023-04-07T15:02:49.344+0000] {processor.py:153} INFO - Started process (PID=2037) to work on /opt/airflow/dags/dag_with_python_dependancies.py
[2023-04-07T15:02:49.344+0000] {processor.py:743} INFO - Processing file /opt/airflow/dags/dag_with_python_dependancies.py for tasks to queue
[2023-04-07T15:02:49.345+0000] {logging_mixin.py:137} INFO - [2023-04-07T15:02:49.345+0000] {dagbag.py:532} INFO - Filling up the DagBag from /opt/airflow/dags/dag_with_python_dependancies.py
[2023-04-07T15:02:49.359+0000] {processor.py:753} INFO - DAG(s) dict_keys(['dag_with_python_dependancies_v01']) retrieved from /opt/airflow/dags/dag_with_python_dependancies.py
[2023-04-07T15:02:49.381+0000] {logging_mixin.py:137} INFO - [2023-04-07T15:02:49.381+0000] {dag.py:2705} INFO - Sync 1 DAGs
[2023-04-07T15:02:49.411+0000] {logging_mixin.py:137} INFO - [2023-04-07T15:02:49.411+0000] {dag.py:3456} INFO - Setting next_dagrun for dag_with_python_dependancies_v01 to 2023-04-07T00:00:00+00:00, run_after=2023-04-08T00:00:00+00:00
[2023-04-07T15:02:49.429+0000] {processor.py:175} INFO - Processing /opt/airflow/dags/dag_with_python_dependancies.py took 0.088 seconds
[2023-04-07T15:03:18.596+0000] {processor.py:153} INFO - Started process (PID=2260) to work on /opt/airflow/dags/dag_with_python_dependancies.py
[2023-04-07T15:03:18.597+0000] {processor.py:743} INFO - Processing file /opt/airflow/dags/dag_with_python_dependancies.py for tasks to queue
[2023-04-07T15:03:18.597+0000] {logging_mixin.py:137} INFO - [2023-04-07T15:03:18.597+0000] {dagbag.py:532} INFO - Filling up the DagBag from /opt/airflow/dags/dag_with_python_dependancies.py
[2023-04-07T15:03:18.599+0000] {logging_mixin.py:137} INFO - [2023-04-07T15:03:18.598+0000] {dagbag.py:341} ERROR - Failed to import: /opt/airflow/dags/dag_with_python_dependancies.py
Traceback (most recent call last):
  File "/home/airflow/.local/lib/python3.7/site-packages/airflow/models/dagbag.py", line 337, in parse
    loader.exec_module(new_module)
  File "<frozen importlib._bootstrap_external>", line 724, in exec_module
  File "<frozen importlib._bootstrap_external>", line 860, in get_code
  File "<frozen importlib._bootstrap_external>", line 791, in source_to_code
  File "<frozen importlib._bootstrap>", line 219, in _call_with_frames_removed
  File "/opt/airflow/dags/dag_with_python_dependancies.py", line 33
    get_sklearn = PythonOperator(
    ^
IndentationError: unexpected indent
[2023-04-07T15:03:18.599+0000] {processor.py:755} WARNING - No viable dags retrieved from /opt/airflow/dags/dag_with_python_dependancies.py
[2023-04-07T15:03:18.612+0000] {processor.py:175} INFO - Processing /opt/airflow/dags/dag_with_python_dependancies.py took 0.019 seconds
[2023-04-07T15:03:20.620+0000] {processor.py:153} INFO - Started process (PID=2265) to work on /opt/airflow/dags/dag_with_python_dependancies.py
[2023-04-07T15:03:20.621+0000] {processor.py:743} INFO - Processing file /opt/airflow/dags/dag_with_python_dependancies.py for tasks to queue
[2023-04-07T15:03:20.621+0000] {logging_mixin.py:137} INFO - [2023-04-07T15:03:20.621+0000] {dagbag.py:532} INFO - Filling up the DagBag from /opt/airflow/dags/dag_with_python_dependancies.py
[2023-04-07T15:03:20.630+0000] {logging_mixin.py:137} INFO - [2023-04-07T15:03:20.629+0000] {dagbag.py:341} ERROR - Failed to import: /opt/airflow/dags/dag_with_python_dependancies.py
Traceback (most recent call last):
  File "/home/airflow/.local/lib/python3.7/site-packages/airflow/models/dagbag.py", line 337, in parse
    loader.exec_module(new_module)
  File "<frozen importlib._bootstrap_external>", line 728, in exec_module
  File "<frozen importlib._bootstrap>", line 219, in _call_with_frames_removed
  File "/opt/airflow/dags/dag_with_python_dependancies.py", line 35, in <module>
    python_callable = get_sklearn
  File "/home/airflow/.local/lib/python3.7/site-packages/airflow/models/baseoperator.py", line 394, in apply_defaults
    result = func(self, **kwargs, default_args=default_args)
  File "/home/airflow/.local/lib/python3.7/site-packages/airflow/operators/python.py", line 160, in __init__
    super().__init__(**kwargs)
  File "/home/airflow/.local/lib/python3.7/site-packages/airflow/models/baseoperator.py", line 394, in apply_defaults
    result = func(self, **kwargs, default_args=default_args)
  File "/home/airflow/.local/lib/python3.7/site-packages/airflow/models/baseoperator.py", line 760, in __init__
    task_group.add(self)
  File "/home/airflow/.local/lib/python3.7/site-packages/airflow/utils/task_group.py", line 220, in add
    raise DuplicateTaskIdFound(f"{node_type} id '{key}' has already been added to the DAG")
airflow.exceptions.DuplicateTaskIdFound: Task id 'get_sklearn' has already been added to the DAG
[2023-04-07T15:03:20.630+0000] {processor.py:755} WARNING - No viable dags retrieved from /opt/airflow/dags/dag_with_python_dependancies.py
[2023-04-07T15:03:20.649+0000] {processor.py:175} INFO - Processing /opt/airflow/dags/dag_with_python_dependancies.py took 0.031 seconds
[2023-04-07T15:03:23.679+0000] {processor.py:153} INFO - Started process (PID=2276) to work on /opt/airflow/dags/dag_with_python_dependancies.py
[2023-04-07T15:03:23.679+0000] {processor.py:743} INFO - Processing file /opt/airflow/dags/dag_with_python_dependancies.py for tasks to queue
[2023-04-07T15:03:23.680+0000] {logging_mixin.py:137} INFO - [2023-04-07T15:03:23.680+0000] {dagbag.py:532} INFO - Filling up the DagBag from /opt/airflow/dags/dag_with_python_dependancies.py
[2023-04-07T15:03:23.690+0000] {logging_mixin.py:137} INFO - [2023-04-07T15:03:23.689+0000] {dagbag.py:341} ERROR - Failed to import: /opt/airflow/dags/dag_with_python_dependancies.py
Traceback (most recent call last):
  File "/home/airflow/.local/lib/python3.7/site-packages/airflow/models/dagbag.py", line 337, in parse
    loader.exec_module(new_module)
  File "<frozen importlib._bootstrap_external>", line 728, in exec_module
  File "<frozen importlib._bootstrap>", line 219, in _call_with_frames_removed
  File "/opt/airflow/dags/dag_with_python_dependancies.py", line 35, in <module>
    python_callable = get_sklearn
  File "/home/airflow/.local/lib/python3.7/site-packages/airflow/models/baseoperator.py", line 394, in apply_defaults
    result = func(self, **kwargs, default_args=default_args)
  File "/home/airflow/.local/lib/python3.7/site-packages/airflow/operators/python.py", line 160, in __init__
    super().__init__(**kwargs)
  File "/home/airflow/.local/lib/python3.7/site-packages/airflow/models/baseoperator.py", line 394, in apply_defaults
    result = func(self, **kwargs, default_args=default_args)
  File "/home/airflow/.local/lib/python3.7/site-packages/airflow/models/baseoperator.py", line 760, in __init__
    task_group.add(self)
  File "/home/airflow/.local/lib/python3.7/site-packages/airflow/utils/task_group.py", line 220, in add
    raise DuplicateTaskIdFound(f"{node_type} id '{key}' has already been added to the DAG")
airflow.exceptions.DuplicateTaskIdFound: Task id 'get_sklearn' has already been added to the DAG
[2023-04-07T15:03:23.690+0000] {processor.py:755} WARNING - No viable dags retrieved from /opt/airflow/dags/dag_with_python_dependancies.py
[2023-04-07T15:03:23.709+0000] {processor.py:175} INFO - Processing /opt/airflow/dags/dag_with_python_dependancies.py took 0.033 seconds
[2023-04-07T15:03:28.708+0000] {processor.py:153} INFO - Started process (PID=2281) to work on /opt/airflow/dags/dag_with_python_dependancies.py
[2023-04-07T15:03:28.708+0000] {processor.py:743} INFO - Processing file /opt/airflow/dags/dag_with_python_dependancies.py for tasks to queue
[2023-04-07T15:03:28.709+0000] {logging_mixin.py:137} INFO - [2023-04-07T15:03:28.709+0000] {dagbag.py:532} INFO - Filling up the DagBag from /opt/airflow/dags/dag_with_python_dependancies.py
[2023-04-07T15:03:28.724+0000] {processor.py:753} INFO - DAG(s) dict_keys(['dag_with_python_dependancies_v01']) retrieved from /opt/airflow/dags/dag_with_python_dependancies.py
[2023-04-07T15:03:28.826+0000] {logging_mixin.py:137} INFO - [2023-04-07T15:03:28.826+0000] {dag.py:2705} INFO - Sync 1 DAGs
[2023-04-07T15:03:28.865+0000] {logging_mixin.py:137} INFO - [2023-04-07T15:03:28.864+0000] {dag.py:3456} INFO - Setting next_dagrun for dag_with_python_dependancies_v01 to 2023-04-07T00:00:00+00:00, run_after=2023-04-08T00:00:00+00:00
[2023-04-07T15:03:28.890+0000] {processor.py:175} INFO - Processing /opt/airflow/dags/dag_with_python_dependancies.py took 0.184 seconds
[2023-04-07T15:03:36.787+0000] {processor.py:153} INFO - Started process (PID=2286) to work on /opt/airflow/dags/dag_with_python_dependancies.py
[2023-04-07T15:03:36.787+0000] {processor.py:743} INFO - Processing file /opt/airflow/dags/dag_with_python_dependancies.py for tasks to queue
[2023-04-07T15:03:36.788+0000] {logging_mixin.py:137} INFO - [2023-04-07T15:03:36.788+0000] {dagbag.py:532} INFO - Filling up the DagBag from /opt/airflow/dags/dag_with_python_dependancies.py
[2023-04-07T15:03:36.802+0000] {processor.py:753} INFO - DAG(s) dict_keys(['dag_with_python_dependancies_v01']) retrieved from /opt/airflow/dags/dag_with_python_dependancies.py
[2023-04-07T15:03:36.811+0000] {logging_mixin.py:137} INFO - [2023-04-07T15:03:36.811+0000] {dag.py:2705} INFO - Sync 1 DAGs
[2023-04-07T15:03:36.841+0000] {logging_mixin.py:137} INFO - [2023-04-07T15:03:36.841+0000] {dag.py:3456} INFO - Setting next_dagrun for dag_with_python_dependancies_v01 to 2023-04-07T00:00:00+00:00, run_after=2023-04-08T00:00:00+00:00
[2023-04-07T15:03:36.859+0000] {processor.py:175} INFO - Processing /opt/airflow/dags/dag_with_python_dependancies.py took 0.075 seconds
[2023-04-07T15:03:39.807+0000] {processor.py:153} INFO - Started process (PID=2291) to work on /opt/airflow/dags/dag_with_python_dependancies.py
[2023-04-07T15:03:39.807+0000] {processor.py:743} INFO - Processing file /opt/airflow/dags/dag_with_python_dependancies.py for tasks to queue
[2023-04-07T15:03:39.808+0000] {logging_mixin.py:137} INFO - [2023-04-07T15:03:39.808+0000] {dagbag.py:532} INFO - Filling up the DagBag from /opt/airflow/dags/dag_with_python_dependancies.py
[2023-04-07T15:03:39.822+0000] {processor.py:753} INFO - DAG(s) dict_keys(['dag_with_python_dependancies_v02']) retrieved from /opt/airflow/dags/dag_with_python_dependancies.py
[2023-04-07T15:03:39.960+0000] {logging_mixin.py:137} INFO - [2023-04-07T15:03:39.960+0000] {manager.py:504} INFO - Created Permission View: can read on DAG:dag_with_python_dependancies_v02
[2023-04-07T15:03:39.974+0000] {logging_mixin.py:137} INFO - [2023-04-07T15:03:39.974+0000] {manager.py:504} INFO - Created Permission View: can edit on DAG:dag_with_python_dependancies_v02
[2023-04-07T15:03:39.984+0000] {logging_mixin.py:137} INFO - [2023-04-07T15:03:39.983+0000] {manager.py:504} INFO - Created Permission View: can delete on DAG:dag_with_python_dependancies_v02
[2023-04-07T15:03:39.984+0000] {logging_mixin.py:137} INFO - [2023-04-07T15:03:39.984+0000] {dag.py:2705} INFO - Sync 1 DAGs
[2023-04-07T15:03:40.004+0000] {logging_mixin.py:137} INFO - [2023-04-07T15:03:40.003+0000] {dag.py:2726} INFO - Creating ORM DAG for dag_with_python_dependancies_v02
[2023-04-07T15:03:40.015+0000] {logging_mixin.py:137} INFO - [2023-04-07T15:03:40.015+0000] {dag.py:3456} INFO - Setting next_dagrun for dag_with_python_dependancies_v02 to 2023-04-01T00:00:00+00:00, run_after=2023-04-02T00:00:00+00:00
[2023-04-07T15:03:40.031+0000] {processor.py:175} INFO - Processing /opt/airflow/dags/dag_with_python_dependancies.py took 0.227 seconds
[2023-04-07T15:04:10.233+0000] {processor.py:153} INFO - Started process (PID=2557) to work on /opt/airflow/dags/dag_with_python_dependancies.py
[2023-04-07T15:04:10.234+0000] {processor.py:743} INFO - Processing file /opt/airflow/dags/dag_with_python_dependancies.py for tasks to queue
[2023-04-07T15:04:10.234+0000] {logging_mixin.py:137} INFO - [2023-04-07T15:04:10.234+0000] {dagbag.py:532} INFO - Filling up the DagBag from /opt/airflow/dags/dag_with_python_dependancies.py
[2023-04-07T15:04:10.251+0000] {processor.py:753} INFO - DAG(s) dict_keys(['dag_with_python_dependancies_v02']) retrieved from /opt/airflow/dags/dag_with_python_dependancies.py
[2023-04-07T15:04:10.276+0000] {logging_mixin.py:137} INFO - [2023-04-07T15:04:10.276+0000] {dag.py:2705} INFO - Sync 1 DAGs
[2023-04-07T15:04:10.311+0000] {logging_mixin.py:137} INFO - [2023-04-07T15:04:10.311+0000] {dag.py:3456} INFO - Setting next_dagrun for dag_with_python_dependancies_v02 to 2023-04-07T00:00:00+00:00, run_after=2023-04-08T00:00:00+00:00
[2023-04-07T15:04:10.344+0000] {processor.py:175} INFO - Processing /opt/airflow/dags/dag_with_python_dependancies.py took 0.114 seconds
[2023-04-07T15:04:40.445+0000] {processor.py:153} INFO - Started process (PID=2787) to work on /opt/airflow/dags/dag_with_python_dependancies.py
[2023-04-07T15:04:40.446+0000] {processor.py:743} INFO - Processing file /opt/airflow/dags/dag_with_python_dependancies.py for tasks to queue
[2023-04-07T15:04:40.447+0000] {logging_mixin.py:137} INFO - [2023-04-07T15:04:40.446+0000] {dagbag.py:532} INFO - Filling up the DagBag from /opt/airflow/dags/dag_with_python_dependancies.py
[2023-04-07T15:04:40.465+0000] {processor.py:753} INFO - DAG(s) dict_keys(['dag_with_python_dependancies_v02']) retrieved from /opt/airflow/dags/dag_with_python_dependancies.py
[2023-04-07T15:04:40.496+0000] {logging_mixin.py:137} INFO - [2023-04-07T15:04:40.496+0000] {dag.py:2705} INFO - Sync 1 DAGs
[2023-04-07T15:04:40.532+0000] {logging_mixin.py:137} INFO - [2023-04-07T15:04:40.531+0000] {dag.py:3456} INFO - Setting next_dagrun for dag_with_python_dependancies_v02 to 2023-04-07T00:00:00+00:00, run_after=2023-04-08T00:00:00+00:00
[2023-04-07T15:04:40.558+0000] {processor.py:175} INFO - Processing /opt/airflow/dags/dag_with_python_dependancies.py took 0.116 seconds
[2023-04-07T15:07:31.227+0000] {processor.py:153} INFO - Started process (PID=167) to work on /opt/airflow/dags/dag_with_python_dependancies.py
[2023-04-07T15:07:31.227+0000] {processor.py:743} INFO - Processing file /opt/airflow/dags/dag_with_python_dependancies.py for tasks to queue
[2023-04-07T15:07:31.228+0000] {logging_mixin.py:137} INFO - [2023-04-07T15:07:31.228+0000] {dagbag.py:532} INFO - Filling up the DagBag from /opt/airflow/dags/dag_with_python_dependancies.py
[2023-04-07T15:07:31.263+0000] {processor.py:753} INFO - DAG(s) dict_keys(['dag_with_python_dependancies_v02']) retrieved from /opt/airflow/dags/dag_with_python_dependancies.py
[2023-04-07T15:07:31.359+0000] {logging_mixin.py:137} INFO - [2023-04-07T15:07:31.359+0000] {dag.py:2705} INFO - Sync 1 DAGs
[2023-04-07T15:07:31.393+0000] {logging_mixin.py:137} INFO - [2023-04-07T15:07:31.393+0000] {dag.py:3456} INFO - Setting next_dagrun for dag_with_python_dependancies_v02 to 2023-04-07T00:00:00+00:00, run_after=2023-04-08T00:00:00+00:00
[2023-04-07T15:07:31.416+0000] {processor.py:175} INFO - Processing /opt/airflow/dags/dag_with_python_dependancies.py took 0.191 seconds
[2023-04-07T15:08:02.146+0000] {processor.py:153} INFO - Started process (PID=391) to work on /opt/airflow/dags/dag_with_python_dependancies.py
[2023-04-07T15:08:02.147+0000] {processor.py:743} INFO - Processing file /opt/airflow/dags/dag_with_python_dependancies.py for tasks to queue
[2023-04-07T15:08:02.147+0000] {logging_mixin.py:137} INFO - [2023-04-07T15:08:02.147+0000] {dagbag.py:532} INFO - Filling up the DagBag from /opt/airflow/dags/dag_with_python_dependancies.py
[2023-04-07T15:08:02.163+0000] {processor.py:753} INFO - DAG(s) dict_keys(['dag_with_python_dependancies_v02']) retrieved from /opt/airflow/dags/dag_with_python_dependancies.py
[2023-04-07T15:08:02.185+0000] {logging_mixin.py:137} INFO - [2023-04-07T15:08:02.185+0000] {dag.py:2705} INFO - Sync 1 DAGs
[2023-04-07T15:08:02.219+0000] {logging_mixin.py:137} INFO - [2023-04-07T15:08:02.219+0000] {dag.py:3456} INFO - Setting next_dagrun for dag_with_python_dependancies_v02 to 2023-04-07T00:00:00+00:00, run_after=2023-04-08T00:00:00+00:00
[2023-04-07T15:08:02.236+0000] {processor.py:175} INFO - Processing /opt/airflow/dags/dag_with_python_dependancies.py took 0.093 seconds
[2023-04-07T15:08:32.831+0000] {processor.py:153} INFO - Started process (PID=614) to work on /opt/airflow/dags/dag_with_python_dependancies.py
[2023-04-07T15:08:32.833+0000] {processor.py:743} INFO - Processing file /opt/airflow/dags/dag_with_python_dependancies.py for tasks to queue
[2023-04-07T15:08:32.834+0000] {logging_mixin.py:137} INFO - [2023-04-07T15:08:32.833+0000] {dagbag.py:532} INFO - Filling up the DagBag from /opt/airflow/dags/dag_with_python_dependancies.py
[2023-04-07T15:08:32.850+0000] {processor.py:753} INFO - DAG(s) dict_keys(['dag_with_python_dependancies_v02']) retrieved from /opt/airflow/dags/dag_with_python_dependancies.py
[2023-04-07T15:08:32.879+0000] {logging_mixin.py:137} INFO - [2023-04-07T15:08:32.879+0000] {dag.py:2705} INFO - Sync 1 DAGs
[2023-04-07T15:08:32.924+0000] {logging_mixin.py:137} INFO - [2023-04-07T15:08:32.924+0000] {dag.py:3456} INFO - Setting next_dagrun for dag_with_python_dependancies_v02 to 2023-04-07T00:00:00+00:00, run_after=2023-04-08T00:00:00+00:00
[2023-04-07T15:08:32.953+0000] {processor.py:175} INFO - Processing /opt/airflow/dags/dag_with_python_dependancies.py took 0.125 seconds
[2023-04-07T15:09:03.293+0000] {processor.py:153} INFO - Started process (PID=840) to work on /opt/airflow/dags/dag_with_python_dependancies.py
[2023-04-07T15:09:03.294+0000] {processor.py:743} INFO - Processing file /opt/airflow/dags/dag_with_python_dependancies.py for tasks to queue
[2023-04-07T15:09:03.294+0000] {logging_mixin.py:137} INFO - [2023-04-07T15:09:03.294+0000] {dagbag.py:532} INFO - Filling up the DagBag from /opt/airflow/dags/dag_with_python_dependancies.py
[2023-04-07T15:09:03.311+0000] {processor.py:753} INFO - DAG(s) dict_keys(['dag_with_python_dependancies_v02']) retrieved from /opt/airflow/dags/dag_with_python_dependancies.py
[2023-04-07T15:09:03.339+0000] {logging_mixin.py:137} INFO - [2023-04-07T15:09:03.339+0000] {dag.py:2705} INFO - Sync 1 DAGs
[2023-04-07T15:09:03.387+0000] {logging_mixin.py:137} INFO - [2023-04-07T15:09:03.386+0000] {dag.py:3456} INFO - Setting next_dagrun for dag_with_python_dependancies_v02 to 2023-04-07T00:00:00+00:00, run_after=2023-04-08T00:00:00+00:00
[2023-04-07T15:09:03.414+0000] {processor.py:175} INFO - Processing /opt/airflow/dags/dag_with_python_dependancies.py took 0.123 seconds
[2023-04-07T15:09:34.071+0000] {processor.py:153} INFO - Started process (PID=1075) to work on /opt/airflow/dags/dag_with_python_dependancies.py
[2023-04-07T15:09:34.072+0000] {processor.py:743} INFO - Processing file /opt/airflow/dags/dag_with_python_dependancies.py for tasks to queue
[2023-04-07T15:09:34.072+0000] {logging_mixin.py:137} INFO - [2023-04-07T15:09:34.072+0000] {dagbag.py:532} INFO - Filling up the DagBag from /opt/airflow/dags/dag_with_python_dependancies.py
[2023-04-07T15:09:34.088+0000] {processor.py:753} INFO - DAG(s) dict_keys(['dag_with_python_dependancies_v02']) retrieved from /opt/airflow/dags/dag_with_python_dependancies.py
[2023-04-07T15:09:34.117+0000] {logging_mixin.py:137} INFO - [2023-04-07T15:09:34.117+0000] {dag.py:2705} INFO - Sync 1 DAGs
[2023-04-07T15:09:34.159+0000] {logging_mixin.py:137} INFO - [2023-04-07T15:09:34.158+0000] {dag.py:3456} INFO - Setting next_dagrun for dag_with_python_dependancies_v02 to 2023-04-07T00:00:00+00:00, run_after=2023-04-08T00:00:00+00:00
[2023-04-07T15:09:34.186+0000] {processor.py:175} INFO - Processing /opt/airflow/dags/dag_with_python_dependancies.py took 0.118 seconds
[2023-04-07T15:10:04.303+0000] {processor.py:153} INFO - Started process (PID=1298) to work on /opt/airflow/dags/dag_with_python_dependancies.py
[2023-04-07T15:10:04.304+0000] {processor.py:743} INFO - Processing file /opt/airflow/dags/dag_with_python_dependancies.py for tasks to queue
[2023-04-07T15:10:04.305+0000] {logging_mixin.py:137} INFO - [2023-04-07T15:10:04.304+0000] {dagbag.py:532} INFO - Filling up the DagBag from /opt/airflow/dags/dag_with_python_dependancies.py
[2023-04-07T15:10:04.331+0000] {processor.py:753} INFO - DAG(s) dict_keys(['dag_with_python_dependancies_v02']) retrieved from /opt/airflow/dags/dag_with_python_dependancies.py
[2023-04-07T15:10:04.361+0000] {logging_mixin.py:137} INFO - [2023-04-07T15:10:04.361+0000] {dag.py:2705} INFO - Sync 1 DAGs
[2023-04-07T15:10:04.400+0000] {logging_mixin.py:137} INFO - [2023-04-07T15:10:04.400+0000] {dag.py:3456} INFO - Setting next_dagrun for dag_with_python_dependancies_v02 to 2023-04-07T00:00:00+00:00, run_after=2023-04-08T00:00:00+00:00
[2023-04-07T15:10:04.420+0000] {processor.py:175} INFO - Processing /opt/airflow/dags/dag_with_python_dependancies.py took 0.121 seconds
[2023-04-07T15:10:34.621+0000] {processor.py:153} INFO - Started process (PID=1520) to work on /opt/airflow/dags/dag_with_python_dependancies.py
[2023-04-07T15:10:34.622+0000] {processor.py:743} INFO - Processing file /opt/airflow/dags/dag_with_python_dependancies.py for tasks to queue
[2023-04-07T15:10:34.622+0000] {logging_mixin.py:137} INFO - [2023-04-07T15:10:34.622+0000] {dagbag.py:532} INFO - Filling up the DagBag from /opt/airflow/dags/dag_with_python_dependancies.py
[2023-04-07T15:10:34.640+0000] {processor.py:753} INFO - DAG(s) dict_keys(['dag_with_python_dependancies_v02']) retrieved from /opt/airflow/dags/dag_with_python_dependancies.py
[2023-04-07T15:10:34.664+0000] {logging_mixin.py:137} INFO - [2023-04-07T15:10:34.663+0000] {dag.py:2705} INFO - Sync 1 DAGs
[2023-04-07T15:10:34.711+0000] {logging_mixin.py:137} INFO - [2023-04-07T15:10:34.710+0000] {dag.py:3456} INFO - Setting next_dagrun for dag_with_python_dependancies_v02 to 2023-04-07T00:00:00+00:00, run_after=2023-04-08T00:00:00+00:00
[2023-04-07T15:10:34.731+0000] {processor.py:175} INFO - Processing /opt/airflow/dags/dag_with_python_dependancies.py took 0.113 seconds
[2023-04-07T15:11:04.926+0000] {processor.py:153} INFO - Started process (PID=1743) to work on /opt/airflow/dags/dag_with_python_dependancies.py
[2023-04-07T15:11:04.927+0000] {processor.py:743} INFO - Processing file /opt/airflow/dags/dag_with_python_dependancies.py for tasks to queue
[2023-04-07T15:11:04.927+0000] {logging_mixin.py:137} INFO - [2023-04-07T15:11:04.927+0000] {dagbag.py:532} INFO - Filling up the DagBag from /opt/airflow/dags/dag_with_python_dependancies.py
[2023-04-07T15:11:04.945+0000] {processor.py:753} INFO - DAG(s) dict_keys(['dag_with_python_dependancies_v02']) retrieved from /opt/airflow/dags/dag_with_python_dependancies.py
[2023-04-07T15:11:04.974+0000] {logging_mixin.py:137} INFO - [2023-04-07T15:11:04.974+0000] {dag.py:2705} INFO - Sync 1 DAGs
[2023-04-07T15:11:05.013+0000] {logging_mixin.py:137} INFO - [2023-04-07T15:11:05.013+0000] {dag.py:3456} INFO - Setting next_dagrun for dag_with_python_dependancies_v02 to 2023-04-07T00:00:00+00:00, run_after=2023-04-08T00:00:00+00:00
[2023-04-07T15:11:05.033+0000] {processor.py:175} INFO - Processing /opt/airflow/dags/dag_with_python_dependancies.py took 0.110 seconds
[2023-04-07T15:11:35.295+0000] {processor.py:153} INFO - Started process (PID=1966) to work on /opt/airflow/dags/dag_with_python_dependancies.py
[2023-04-07T15:11:35.296+0000] {processor.py:743} INFO - Processing file /opt/airflow/dags/dag_with_python_dependancies.py for tasks to queue
[2023-04-07T15:11:35.297+0000] {logging_mixin.py:137} INFO - [2023-04-07T15:11:35.297+0000] {dagbag.py:532} INFO - Filling up the DagBag from /opt/airflow/dags/dag_with_python_dependancies.py
[2023-04-07T15:11:35.313+0000] {processor.py:753} INFO - DAG(s) dict_keys(['dag_with_python_dependancies_v02']) retrieved from /opt/airflow/dags/dag_with_python_dependancies.py
[2023-04-07T15:11:35.339+0000] {logging_mixin.py:137} INFO - [2023-04-07T15:11:35.339+0000] {dag.py:2705} INFO - Sync 1 DAGs
[2023-04-07T15:11:35.377+0000] {logging_mixin.py:137} INFO - [2023-04-07T15:11:35.377+0000] {dag.py:3456} INFO - Setting next_dagrun for dag_with_python_dependancies_v02 to 2023-04-07T00:00:00+00:00, run_after=2023-04-08T00:00:00+00:00
[2023-04-07T15:11:35.400+0000] {processor.py:175} INFO - Processing /opt/airflow/dags/dag_with_python_dependancies.py took 0.108 seconds
[2023-04-07T15:12:05.518+0000] {processor.py:153} INFO - Started process (PID=2189) to work on /opt/airflow/dags/dag_with_python_dependancies.py
[2023-04-07T15:12:05.518+0000] {processor.py:743} INFO - Processing file /opt/airflow/dags/dag_with_python_dependancies.py for tasks to queue
[2023-04-07T15:12:05.519+0000] {logging_mixin.py:137} INFO - [2023-04-07T15:12:05.519+0000] {dagbag.py:532} INFO - Filling up the DagBag from /opt/airflow/dags/dag_with_python_dependancies.py
[2023-04-07T15:12:05.537+0000] {processor.py:753} INFO - DAG(s) dict_keys(['dag_with_python_dependancies_v02']) retrieved from /opt/airflow/dags/dag_with_python_dependancies.py
[2023-04-07T15:12:05.565+0000] {logging_mixin.py:137} INFO - [2023-04-07T15:12:05.564+0000] {dag.py:2705} INFO - Sync 1 DAGs
[2023-04-07T15:12:05.605+0000] {logging_mixin.py:137} INFO - [2023-04-07T15:12:05.604+0000] {dag.py:3456} INFO - Setting next_dagrun for dag_with_python_dependancies_v02 to 2023-04-07T00:00:00+00:00, run_after=2023-04-08T00:00:00+00:00
[2023-04-07T15:12:05.634+0000] {processor.py:175} INFO - Processing /opt/airflow/dags/dag_with_python_dependancies.py took 0.119 seconds
[2023-04-07T15:12:35.762+0000] {processor.py:153} INFO - Started process (PID=2412) to work on /opt/airflow/dags/dag_with_python_dependancies.py
[2023-04-07T15:12:35.763+0000] {processor.py:743} INFO - Processing file /opt/airflow/dags/dag_with_python_dependancies.py for tasks to queue
[2023-04-07T15:12:35.764+0000] {logging_mixin.py:137} INFO - [2023-04-07T15:12:35.763+0000] {dagbag.py:532} INFO - Filling up the DagBag from /opt/airflow/dags/dag_with_python_dependancies.py
[2023-04-07T15:12:35.780+0000] {processor.py:753} INFO - DAG(s) dict_keys(['dag_with_python_dependancies_v02']) retrieved from /opt/airflow/dags/dag_with_python_dependancies.py
[2023-04-07T15:12:35.805+0000] {logging_mixin.py:137} INFO - [2023-04-07T15:12:35.805+0000] {dag.py:2705} INFO - Sync 1 DAGs
[2023-04-07T15:12:35.847+0000] {logging_mixin.py:137} INFO - [2023-04-07T15:12:35.847+0000] {dag.py:3456} INFO - Setting next_dagrun for dag_with_python_dependancies_v02 to 2023-04-07T00:00:00+00:00, run_after=2023-04-08T00:00:00+00:00
[2023-04-07T15:12:35.874+0000] {processor.py:175} INFO - Processing /opt/airflow/dags/dag_with_python_dependancies.py took 0.115 seconds
[2023-04-07T15:13:06.298+0000] {processor.py:153} INFO - Started process (PID=2635) to work on /opt/airflow/dags/dag_with_python_dependancies.py
[2023-04-07T15:13:06.299+0000] {processor.py:743} INFO - Processing file /opt/airflow/dags/dag_with_python_dependancies.py for tasks to queue
[2023-04-07T15:13:06.300+0000] {logging_mixin.py:137} INFO - [2023-04-07T15:13:06.300+0000] {dagbag.py:532} INFO - Filling up the DagBag from /opt/airflow/dags/dag_with_python_dependancies.py
[2023-04-07T15:13:06.317+0000] {processor.py:753} INFO - DAG(s) dict_keys(['dag_with_python_dependancies_v02']) retrieved from /opt/airflow/dags/dag_with_python_dependancies.py
[2023-04-07T15:13:06.345+0000] {logging_mixin.py:137} INFO - [2023-04-07T15:13:06.345+0000] {dag.py:2705} INFO - Sync 1 DAGs
[2023-04-07T15:13:06.388+0000] {logging_mixin.py:137} INFO - [2023-04-07T15:13:06.388+0000] {dag.py:3456} INFO - Setting next_dagrun for dag_with_python_dependancies_v02 to 2023-04-07T00:00:00+00:00, run_after=2023-04-08T00:00:00+00:00
[2023-04-07T15:13:06.412+0000] {processor.py:175} INFO - Processing /opt/airflow/dags/dag_with_python_dependancies.py took 0.117 seconds
[2023-04-07T15:13:36.608+0000] {processor.py:153} INFO - Started process (PID=2861) to work on /opt/airflow/dags/dag_with_python_dependancies.py
[2023-04-07T15:13:36.609+0000] {processor.py:743} INFO - Processing file /opt/airflow/dags/dag_with_python_dependancies.py for tasks to queue
[2023-04-07T15:13:36.609+0000] {logging_mixin.py:137} INFO - [2023-04-07T15:13:36.609+0000] {dagbag.py:532} INFO - Filling up the DagBag from /opt/airflow/dags/dag_with_python_dependancies.py
[2023-04-07T15:13:36.627+0000] {processor.py:753} INFO - DAG(s) dict_keys(['dag_with_python_dependancies_v02']) retrieved from /opt/airflow/dags/dag_with_python_dependancies.py
[2023-04-07T15:13:36.656+0000] {logging_mixin.py:137} INFO - [2023-04-07T15:13:36.656+0000] {dag.py:2705} INFO - Sync 1 DAGs
[2023-04-07T15:13:36.696+0000] {logging_mixin.py:137} INFO - [2023-04-07T15:13:36.696+0000] {dag.py:3456} INFO - Setting next_dagrun for dag_with_python_dependancies_v02 to 2023-04-07T00:00:00+00:00, run_after=2023-04-08T00:00:00+00:00
[2023-04-07T15:13:36.726+0000] {processor.py:175} INFO - Processing /opt/airflow/dags/dag_with_python_dependancies.py took 0.120 seconds
[2023-04-07T15:14:06.836+0000] {processor.py:153} INFO - Started process (PID=3085) to work on /opt/airflow/dags/dag_with_python_dependancies.py
[2023-04-07T15:14:06.837+0000] {processor.py:743} INFO - Processing file /opt/airflow/dags/dag_with_python_dependancies.py for tasks to queue
[2023-04-07T15:14:06.837+0000] {logging_mixin.py:137} INFO - [2023-04-07T15:14:06.837+0000] {dagbag.py:532} INFO - Filling up the DagBag from /opt/airflow/dags/dag_with_python_dependancies.py
[2023-04-07T15:14:06.853+0000] {processor.py:753} INFO - DAG(s) dict_keys(['dag_with_python_dependancies_v02']) retrieved from /opt/airflow/dags/dag_with_python_dependancies.py
[2023-04-07T15:14:06.878+0000] {logging_mixin.py:137} INFO - [2023-04-07T15:14:06.878+0000] {dag.py:2705} INFO - Sync 1 DAGs
[2023-04-07T15:14:06.923+0000] {logging_mixin.py:137} INFO - [2023-04-07T15:14:06.923+0000] {dag.py:3456} INFO - Setting next_dagrun for dag_with_python_dependancies_v02 to 2023-04-07T00:00:00+00:00, run_after=2023-04-08T00:00:00+00:00
[2023-04-07T15:14:06.944+0000] {processor.py:175} INFO - Processing /opt/airflow/dags/dag_with_python_dependancies.py took 0.111 seconds
[2023-04-07T15:14:37.178+0000] {processor.py:153} INFO - Started process (PID=3308) to work on /opt/airflow/dags/dag_with_python_dependancies.py
[2023-04-07T15:14:37.179+0000] {processor.py:743} INFO - Processing file /opt/airflow/dags/dag_with_python_dependancies.py for tasks to queue
[2023-04-07T15:14:37.179+0000] {logging_mixin.py:137} INFO - [2023-04-07T15:14:37.179+0000] {dagbag.py:532} INFO - Filling up the DagBag from /opt/airflow/dags/dag_with_python_dependancies.py
[2023-04-07T15:14:37.194+0000] {processor.py:753} INFO - DAG(s) dict_keys(['dag_with_python_dependancies_v02']) retrieved from /opt/airflow/dags/dag_with_python_dependancies.py
[2023-04-07T15:14:37.216+0000] {logging_mixin.py:137} INFO - [2023-04-07T15:14:37.216+0000] {dag.py:2705} INFO - Sync 1 DAGs
[2023-04-07T15:14:37.250+0000] {logging_mixin.py:137} INFO - [2023-04-07T15:14:37.250+0000] {dag.py:3456} INFO - Setting next_dagrun for dag_with_python_dependancies_v02 to 2023-04-07T00:00:00+00:00, run_after=2023-04-08T00:00:00+00:00
[2023-04-07T15:14:37.268+0000] {processor.py:175} INFO - Processing /opt/airflow/dags/dag_with_python_dependancies.py took 0.092 seconds
[2023-04-07T15:15:07.917+0000] {processor.py:153} INFO - Started process (PID=3532) to work on /opt/airflow/dags/dag_with_python_dependancies.py
[2023-04-07T15:15:07.918+0000] {processor.py:743} INFO - Processing file /opt/airflow/dags/dag_with_python_dependancies.py for tasks to queue
[2023-04-07T15:15:07.918+0000] {logging_mixin.py:137} INFO - [2023-04-07T15:15:07.918+0000] {dagbag.py:532} INFO - Filling up the DagBag from /opt/airflow/dags/dag_with_python_dependancies.py
[2023-04-07T15:15:07.933+0000] {processor.py:753} INFO - DAG(s) dict_keys(['dag_with_python_dependancies_v02']) retrieved from /opt/airflow/dags/dag_with_python_dependancies.py
[2023-04-07T15:15:07.956+0000] {logging_mixin.py:137} INFO - [2023-04-07T15:15:07.956+0000] {dag.py:2705} INFO - Sync 1 DAGs
[2023-04-07T15:15:08.006+0000] {logging_mixin.py:137} INFO - [2023-04-07T15:15:08.006+0000] {dag.py:3456} INFO - Setting next_dagrun for dag_with_python_dependancies_v02 to 2023-04-07T00:00:00+00:00, run_after=2023-04-08T00:00:00+00:00
[2023-04-07T15:15:08.026+0000] {processor.py:175} INFO - Processing /opt/airflow/dags/dag_with_python_dependancies.py took 0.111 seconds
[2023-04-07T15:15:38.505+0000] {processor.py:153} INFO - Started process (PID=3755) to work on /opt/airflow/dags/dag_with_python_dependancies.py
[2023-04-07T15:15:38.505+0000] {processor.py:743} INFO - Processing file /opt/airflow/dags/dag_with_python_dependancies.py for tasks to queue
[2023-04-07T15:15:38.506+0000] {logging_mixin.py:137} INFO - [2023-04-07T15:15:38.506+0000] {dagbag.py:532} INFO - Filling up the DagBag from /opt/airflow/dags/dag_with_python_dependancies.py
[2023-04-07T15:15:38.520+0000] {processor.py:753} INFO - DAG(s) dict_keys(['dag_with_python_dependancies_v02']) retrieved from /opt/airflow/dags/dag_with_python_dependancies.py
[2023-04-07T15:15:38.544+0000] {logging_mixin.py:137} INFO - [2023-04-07T15:15:38.543+0000] {dag.py:2705} INFO - Sync 1 DAGs
[2023-04-07T15:15:38.589+0000] {logging_mixin.py:137} INFO - [2023-04-07T15:15:38.589+0000] {dag.py:3456} INFO - Setting next_dagrun for dag_with_python_dependancies_v02 to 2023-04-07T00:00:00+00:00, run_after=2023-04-08T00:00:00+00:00
[2023-04-07T15:15:38.611+0000] {processor.py:175} INFO - Processing /opt/airflow/dags/dag_with_python_dependancies.py took 0.108 seconds
[2023-04-07T15:16:08.743+0000] {processor.py:153} INFO - Started process (PID=3978) to work on /opt/airflow/dags/dag_with_python_dependancies.py
[2023-04-07T15:16:08.744+0000] {processor.py:743} INFO - Processing file /opt/airflow/dags/dag_with_python_dependancies.py for tasks to queue
[2023-04-07T15:16:08.745+0000] {logging_mixin.py:137} INFO - [2023-04-07T15:16:08.745+0000] {dagbag.py:532} INFO - Filling up the DagBag from /opt/airflow/dags/dag_with_python_dependancies.py
[2023-04-07T15:16:08.762+0000] {processor.py:753} INFO - DAG(s) dict_keys(['dag_with_python_dependancies_v02']) retrieved from /opt/airflow/dags/dag_with_python_dependancies.py
[2023-04-07T15:16:08.787+0000] {logging_mixin.py:137} INFO - [2023-04-07T15:16:08.787+0000] {dag.py:2705} INFO - Sync 1 DAGs
[2023-04-07T15:16:08.828+0000] {logging_mixin.py:137} INFO - [2023-04-07T15:16:08.828+0000] {dag.py:3456} INFO - Setting next_dagrun for dag_with_python_dependancies_v02 to 2023-04-07T00:00:00+00:00, run_after=2023-04-08T00:00:00+00:00
[2023-04-07T15:16:08.850+0000] {processor.py:175} INFO - Processing /opt/airflow/dags/dag_with_python_dependancies.py took 0.112 seconds
[2023-04-07T15:16:39.172+0000] {processor.py:153} INFO - Started process (PID=4202) to work on /opt/airflow/dags/dag_with_python_dependancies.py
[2023-04-07T15:16:39.172+0000] {processor.py:743} INFO - Processing file /opt/airflow/dags/dag_with_python_dependancies.py for tasks to queue
[2023-04-07T15:16:39.173+0000] {logging_mixin.py:137} INFO - [2023-04-07T15:16:39.172+0000] {dagbag.py:532} INFO - Filling up the DagBag from /opt/airflow/dags/dag_with_python_dependancies.py
[2023-04-07T15:16:39.187+0000] {processor.py:753} INFO - DAG(s) dict_keys(['dag_with_python_dependancies_v02']) retrieved from /opt/airflow/dags/dag_with_python_dependancies.py
[2023-04-07T15:16:39.210+0000] {logging_mixin.py:137} INFO - [2023-04-07T15:16:39.209+0000] {dag.py:2705} INFO - Sync 1 DAGs
[2023-04-07T15:16:39.244+0000] {logging_mixin.py:137} INFO - [2023-04-07T15:16:39.243+0000] {dag.py:3456} INFO - Setting next_dagrun for dag_with_python_dependancies_v02 to 2023-04-07T00:00:00+00:00, run_after=2023-04-08T00:00:00+00:00
[2023-04-07T15:16:39.260+0000] {processor.py:175} INFO - Processing /opt/airflow/dags/dag_with_python_dependancies.py took 0.091 seconds
[2023-04-07T15:17:09.306+0000] {processor.py:153} INFO - Started process (PID=4426) to work on /opt/airflow/dags/dag_with_python_dependancies.py
[2023-04-07T15:17:09.306+0000] {processor.py:743} INFO - Processing file /opt/airflow/dags/dag_with_python_dependancies.py for tasks to queue
[2023-04-07T15:17:09.307+0000] {logging_mixin.py:137} INFO - [2023-04-07T15:17:09.307+0000] {dagbag.py:532} INFO - Filling up the DagBag from /opt/airflow/dags/dag_with_python_dependancies.py
[2023-04-07T15:17:09.322+0000] {processor.py:753} INFO - DAG(s) dict_keys(['dag_with_python_dependancies_v02']) retrieved from /opt/airflow/dags/dag_with_python_dependancies.py
[2023-04-07T15:17:09.344+0000] {logging_mixin.py:137} INFO - [2023-04-07T15:17:09.344+0000] {dag.py:2705} INFO - Sync 1 DAGs
[2023-04-07T15:17:09.379+0000] {logging_mixin.py:137} INFO - [2023-04-07T15:17:09.379+0000] {dag.py:3456} INFO - Setting next_dagrun for dag_with_python_dependancies_v02 to 2023-04-07T00:00:00+00:00, run_after=2023-04-08T00:00:00+00:00
[2023-04-07T15:17:09.397+0000] {processor.py:175} INFO - Processing /opt/airflow/dags/dag_with_python_dependancies.py took 0.094 seconds
[2023-04-07T15:17:39.649+0000] {processor.py:153} INFO - Started process (PID=4649) to work on /opt/airflow/dags/dag_with_python_dependancies.py
[2023-04-07T15:17:39.650+0000] {processor.py:743} INFO - Processing file /opt/airflow/dags/dag_with_python_dependancies.py for tasks to queue
[2023-04-07T15:17:39.651+0000] {logging_mixin.py:137} INFO - [2023-04-07T15:17:39.650+0000] {dagbag.py:532} INFO - Filling up the DagBag from /opt/airflow/dags/dag_with_python_dependancies.py
[2023-04-07T15:17:39.665+0000] {processor.py:753} INFO - DAG(s) dict_keys(['dag_with_python_dependancies_v02']) retrieved from /opt/airflow/dags/dag_with_python_dependancies.py
[2023-04-07T15:17:39.687+0000] {logging_mixin.py:137} INFO - [2023-04-07T15:17:39.687+0000] {dag.py:2705} INFO - Sync 1 DAGs
[2023-04-07T15:17:39.725+0000] {logging_mixin.py:137} INFO - [2023-04-07T15:17:39.724+0000] {dag.py:3456} INFO - Setting next_dagrun for dag_with_python_dependancies_v02 to 2023-04-07T00:00:00+00:00, run_after=2023-04-08T00:00:00+00:00
[2023-04-07T15:17:39.742+0000] {processor.py:175} INFO - Processing /opt/airflow/dags/dag_with_python_dependancies.py took 0.096 seconds
[2023-04-07T15:18:09.933+0000] {processor.py:153} INFO - Started process (PID=4872) to work on /opt/airflow/dags/dag_with_python_dependancies.py
[2023-04-07T15:18:09.933+0000] {processor.py:743} INFO - Processing file /opt/airflow/dags/dag_with_python_dependancies.py for tasks to queue
[2023-04-07T15:18:09.934+0000] {logging_mixin.py:137} INFO - [2023-04-07T15:18:09.934+0000] {dagbag.py:532} INFO - Filling up the DagBag from /opt/airflow/dags/dag_with_python_dependancies.py
[2023-04-07T15:18:09.950+0000] {processor.py:753} INFO - DAG(s) dict_keys(['dag_with_python_dependancies_v02']) retrieved from /opt/airflow/dags/dag_with_python_dependancies.py
[2023-04-07T15:18:09.974+0000] {logging_mixin.py:137} INFO - [2023-04-07T15:18:09.974+0000] {dag.py:2705} INFO - Sync 1 DAGs
[2023-04-07T15:18:10.014+0000] {logging_mixin.py:137} INFO - [2023-04-07T15:18:10.013+0000] {dag.py:3456} INFO - Setting next_dagrun for dag_with_python_dependancies_v02 to 2023-04-07T00:00:00+00:00, run_after=2023-04-08T00:00:00+00:00
[2023-04-07T15:18:10.037+0000] {processor.py:175} INFO - Processing /opt/airflow/dags/dag_with_python_dependancies.py took 0.107 seconds
[2023-04-07T15:18:40.793+0000] {processor.py:153} INFO - Started process (PID=5095) to work on /opt/airflow/dags/dag_with_python_dependancies.py
[2023-04-07T15:18:40.793+0000] {processor.py:743} INFO - Processing file /opt/airflow/dags/dag_with_python_dependancies.py for tasks to queue
[2023-04-07T15:18:40.794+0000] {logging_mixin.py:137} INFO - [2023-04-07T15:18:40.794+0000] {dagbag.py:532} INFO - Filling up the DagBag from /opt/airflow/dags/dag_with_python_dependancies.py
[2023-04-07T15:18:40.808+0000] {processor.py:753} INFO - DAG(s) dict_keys(['dag_with_python_dependancies_v02']) retrieved from /opt/airflow/dags/dag_with_python_dependancies.py
[2023-04-07T15:18:40.830+0000] {logging_mixin.py:137} INFO - [2023-04-07T15:18:40.830+0000] {dag.py:2705} INFO - Sync 1 DAGs
[2023-04-07T15:18:40.864+0000] {logging_mixin.py:137} INFO - [2023-04-07T15:18:40.864+0000] {dag.py:3456} INFO - Setting next_dagrun for dag_with_python_dependancies_v02 to 2023-04-07T00:00:00+00:00, run_after=2023-04-08T00:00:00+00:00
[2023-04-07T15:18:40.882+0000] {processor.py:175} INFO - Processing /opt/airflow/dags/dag_with_python_dependancies.py took 0.092 seconds
[2023-04-07T15:19:11.384+0000] {processor.py:153} INFO - Started process (PID=5317) to work on /opt/airflow/dags/dag_with_python_dependancies.py
[2023-04-07T15:19:11.385+0000] {processor.py:743} INFO - Processing file /opt/airflow/dags/dag_with_python_dependancies.py for tasks to queue
[2023-04-07T15:19:11.385+0000] {logging_mixin.py:137} INFO - [2023-04-07T15:19:11.385+0000] {dagbag.py:532} INFO - Filling up the DagBag from /opt/airflow/dags/dag_with_python_dependancies.py
[2023-04-07T15:19:11.400+0000] {processor.py:753} INFO - DAG(s) dict_keys(['dag_with_python_dependancies_v02']) retrieved from /opt/airflow/dags/dag_with_python_dependancies.py
[2023-04-07T15:19:11.422+0000] {logging_mixin.py:137} INFO - [2023-04-07T15:19:11.422+0000] {dag.py:2705} INFO - Sync 1 DAGs
[2023-04-07T15:19:11.462+0000] {logging_mixin.py:137} INFO - [2023-04-07T15:19:11.461+0000] {dag.py:3456} INFO - Setting next_dagrun for dag_with_python_dependancies_v02 to 2023-04-07T00:00:00+00:00, run_after=2023-04-08T00:00:00+00:00
[2023-04-07T15:19:11.487+0000] {processor.py:175} INFO - Processing /opt/airflow/dags/dag_with_python_dependancies.py took 0.106 seconds
[2023-04-07T15:19:41.952+0000] {processor.py:153} INFO - Started process (PID=5540) to work on /opt/airflow/dags/dag_with_python_dependancies.py
[2023-04-07T15:19:41.953+0000] {processor.py:743} INFO - Processing file /opt/airflow/dags/dag_with_python_dependancies.py for tasks to queue
[2023-04-07T15:19:41.953+0000] {logging_mixin.py:137} INFO - [2023-04-07T15:19:41.953+0000] {dagbag.py:532} INFO - Filling up the DagBag from /opt/airflow/dags/dag_with_python_dependancies.py
[2023-04-07T15:19:41.970+0000] {processor.py:753} INFO - DAG(s) dict_keys(['dag_with_python_dependancies_v02']) retrieved from /opt/airflow/dags/dag_with_python_dependancies.py
[2023-04-07T15:19:41.994+0000] {logging_mixin.py:137} INFO - [2023-04-07T15:19:41.994+0000] {dag.py:2705} INFO - Sync 1 DAGs
[2023-04-07T15:19:42.034+0000] {logging_mixin.py:137} INFO - [2023-04-07T15:19:42.034+0000] {dag.py:3456} INFO - Setting next_dagrun for dag_with_python_dependancies_v02 to 2023-04-07T00:00:00+00:00, run_after=2023-04-08T00:00:00+00:00
[2023-04-07T15:19:42.054+0000] {processor.py:175} INFO - Processing /opt/airflow/dags/dag_with_python_dependancies.py took 0.104 seconds
[2023-04-07T15:20:12.213+0000] {processor.py:153} INFO - Started process (PID=5763) to work on /opt/airflow/dags/dag_with_python_dependancies.py
[2023-04-07T15:20:12.214+0000] {processor.py:743} INFO - Processing file /opt/airflow/dags/dag_with_python_dependancies.py for tasks to queue
[2023-04-07T15:20:12.214+0000] {logging_mixin.py:137} INFO - [2023-04-07T15:20:12.214+0000] {dagbag.py:532} INFO - Filling up the DagBag from /opt/airflow/dags/dag_with_python_dependancies.py
[2023-04-07T15:20:12.229+0000] {processor.py:753} INFO - DAG(s) dict_keys(['dag_with_python_dependancies_v02']) retrieved from /opt/airflow/dags/dag_with_python_dependancies.py
[2023-04-07T15:20:12.251+0000] {logging_mixin.py:137} INFO - [2023-04-07T15:20:12.251+0000] {dag.py:2705} INFO - Sync 1 DAGs
[2023-04-07T15:20:12.289+0000] {logging_mixin.py:137} INFO - [2023-04-07T15:20:12.288+0000] {dag.py:3456} INFO - Setting next_dagrun for dag_with_python_dependancies_v02 to 2023-04-07T00:00:00+00:00, run_after=2023-04-08T00:00:00+00:00
[2023-04-07T15:20:12.307+0000] {processor.py:175} INFO - Processing /opt/airflow/dags/dag_with_python_dependancies.py took 0.096 seconds
[2023-04-07T15:20:42.530+0000] {processor.py:153} INFO - Started process (PID=5986) to work on /opt/airflow/dags/dag_with_python_dependancies.py
[2023-04-07T15:20:42.531+0000] {processor.py:743} INFO - Processing file /opt/airflow/dags/dag_with_python_dependancies.py for tasks to queue
[2023-04-07T15:20:42.531+0000] {logging_mixin.py:137} INFO - [2023-04-07T15:20:42.531+0000] {dagbag.py:532} INFO - Filling up the DagBag from /opt/airflow/dags/dag_with_python_dependancies.py
[2023-04-07T15:20:42.546+0000] {processor.py:753} INFO - DAG(s) dict_keys(['dag_with_python_dependancies_v02']) retrieved from /opt/airflow/dags/dag_with_python_dependancies.py
[2023-04-07T15:20:42.568+0000] {logging_mixin.py:137} INFO - [2023-04-07T15:20:42.568+0000] {dag.py:2705} INFO - Sync 1 DAGs
[2023-04-07T15:20:42.607+0000] {logging_mixin.py:137} INFO - [2023-04-07T15:20:42.607+0000] {dag.py:3456} INFO - Setting next_dagrun for dag_with_python_dependancies_v02 to 2023-04-07T00:00:00+00:00, run_after=2023-04-08T00:00:00+00:00
[2023-04-07T15:20:42.626+0000] {processor.py:175} INFO - Processing /opt/airflow/dags/dag_with_python_dependancies.py took 0.099 seconds
[2023-04-07T15:24:23.108+0000] {processor.py:153} INFO - Started process (PID=179) to work on /opt/airflow/dags/dag_with_python_dependancies.py
[2023-04-07T15:24:23.110+0000] {processor.py:743} INFO - Processing file /opt/airflow/dags/dag_with_python_dependancies.py for tasks to queue
[2023-04-07T15:24:23.120+0000] {logging_mixin.py:137} INFO - [2023-04-07T15:24:23.111+0000] {dagbag.py:532} INFO - Filling up the DagBag from /opt/airflow/dags/dag_with_python_dependancies.py
[2023-04-07T15:24:23.136+0000] {processor.py:753} INFO - DAG(s) dict_keys(['dag_with_python_dependancies_v02']) retrieved from /opt/airflow/dags/dag_with_python_dependancies.py
[2023-04-07T15:24:23.182+0000] {logging_mixin.py:137} INFO - [2023-04-07T15:24:23.181+0000] {dag.py:2705} INFO - Sync 1 DAGs
[2023-04-07T15:24:23.236+0000] {logging_mixin.py:137} INFO - [2023-04-07T15:24:23.236+0000] {dag.py:3456} INFO - Setting next_dagrun for dag_with_python_dependancies_v02 to 2023-04-07T00:00:00+00:00, run_after=2023-04-08T00:00:00+00:00
[2023-04-07T15:24:23.261+0000] {processor.py:175} INFO - Processing /opt/airflow/dags/dag_with_python_dependancies.py took 0.156 seconds
[2023-04-07T15:24:53.865+0000] {processor.py:153} INFO - Started process (PID=402) to work on /opt/airflow/dags/dag_with_python_dependancies.py
[2023-04-07T15:24:53.866+0000] {processor.py:743} INFO - Processing file /opt/airflow/dags/dag_with_python_dependancies.py for tasks to queue
[2023-04-07T15:24:53.867+0000] {logging_mixin.py:137} INFO - [2023-04-07T15:24:53.867+0000] {dagbag.py:532} INFO - Filling up the DagBag from /opt/airflow/dags/dag_with_python_dependancies.py
[2023-04-07T15:24:53.883+0000] {processor.py:753} INFO - DAG(s) dict_keys(['dag_with_python_dependancies_v02']) retrieved from /opt/airflow/dags/dag_with_python_dependancies.py
[2023-04-07T15:24:53.990+0000] {logging_mixin.py:137} INFO - [2023-04-07T15:24:53.990+0000] {dag.py:2705} INFO - Sync 1 DAGs
[2023-04-07T15:24:54.024+0000] {logging_mixin.py:137} INFO - [2023-04-07T15:24:54.024+0000] {dag.py:3456} INFO - Setting next_dagrun for dag_with_python_dependancies_v02 to 2023-04-07T00:00:00+00:00, run_after=2023-04-08T00:00:00+00:00
[2023-04-07T15:24:54.045+0000] {processor.py:175} INFO - Processing /opt/airflow/dags/dag_with_python_dependancies.py took 0.184 seconds
[2023-04-07T15:25:24.378+0000] {processor.py:153} INFO - Started process (PID=625) to work on /opt/airflow/dags/dag_with_python_dependancies.py
[2023-04-07T15:25:24.379+0000] {processor.py:743} INFO - Processing file /opt/airflow/dags/dag_with_python_dependancies.py for tasks to queue
[2023-04-07T15:25:24.380+0000] {logging_mixin.py:137} INFO - [2023-04-07T15:25:24.380+0000] {dagbag.py:532} INFO - Filling up the DagBag from /opt/airflow/dags/dag_with_python_dependancies.py
[2023-04-07T15:25:24.394+0000] {processor.py:753} INFO - DAG(s) dict_keys(['dag_with_python_dependancies_v02']) retrieved from /opt/airflow/dags/dag_with_python_dependancies.py
[2023-04-07T15:25:24.416+0000] {logging_mixin.py:137} INFO - [2023-04-07T15:25:24.416+0000] {dag.py:2705} INFO - Sync 1 DAGs
[2023-04-07T15:25:24.454+0000] {logging_mixin.py:137} INFO - [2023-04-07T15:25:24.454+0000] {dag.py:3456} INFO - Setting next_dagrun for dag_with_python_dependancies_v02 to 2023-04-07T00:00:00+00:00, run_after=2023-04-08T00:00:00+00:00
[2023-04-07T15:25:24.484+0000] {processor.py:175} INFO - Processing /opt/airflow/dags/dag_with_python_dependancies.py took 0.108 seconds
[2023-04-07T15:25:54.705+0000] {processor.py:153} INFO - Started process (PID=848) to work on /opt/airflow/dags/dag_with_python_dependancies.py
[2023-04-07T15:25:54.710+0000] {processor.py:743} INFO - Processing file /opt/airflow/dags/dag_with_python_dependancies.py for tasks to queue
[2023-04-07T15:25:54.711+0000] {logging_mixin.py:137} INFO - [2023-04-07T15:25:54.711+0000] {dagbag.py:532} INFO - Filling up the DagBag from /opt/airflow/dags/dag_with_python_dependancies.py
[2023-04-07T15:25:54.741+0000] {processor.py:753} INFO - DAG(s) dict_keys(['dag_with_python_dependancies_v02']) retrieved from /opt/airflow/dags/dag_with_python_dependancies.py
[2023-04-07T15:25:54.773+0000] {logging_mixin.py:137} INFO - [2023-04-07T15:25:54.773+0000] {dag.py:2705} INFO - Sync 1 DAGs
[2023-04-07T15:25:54.817+0000] {logging_mixin.py:137} INFO - [2023-04-07T15:25:54.817+0000] {dag.py:3456} INFO - Setting next_dagrun for dag_with_python_dependancies_v02 to 2023-04-07T00:00:00+00:00, run_after=2023-04-08T00:00:00+00:00
[2023-04-07T15:25:54.852+0000] {processor.py:175} INFO - Processing /opt/airflow/dags/dag_with_python_dependancies.py took 0.159 seconds
[2023-04-07T15:26:25.045+0000] {processor.py:153} INFO - Started process (PID=1086) to work on /opt/airflow/dags/dag_with_python_dependancies.py
[2023-04-07T15:26:25.046+0000] {processor.py:743} INFO - Processing file /opt/airflow/dags/dag_with_python_dependancies.py for tasks to queue
[2023-04-07T15:26:25.047+0000] {logging_mixin.py:137} INFO - [2023-04-07T15:26:25.047+0000] {dagbag.py:532} INFO - Filling up the DagBag from /opt/airflow/dags/dag_with_python_dependancies.py
[2023-04-07T15:26:25.065+0000] {processor.py:753} INFO - DAG(s) dict_keys(['dag_with_python_dependancies_v02']) retrieved from /opt/airflow/dags/dag_with_python_dependancies.py
[2023-04-07T15:26:25.093+0000] {logging_mixin.py:137} INFO - [2023-04-07T15:26:25.092+0000] {dag.py:2705} INFO - Sync 1 DAGs
[2023-04-07T15:26:25.147+0000] {logging_mixin.py:137} INFO - [2023-04-07T15:26:25.147+0000] {dag.py:3456} INFO - Setting next_dagrun for dag_with_python_dependancies_v02 to 2023-04-07T00:00:00+00:00, run_after=2023-04-08T00:00:00+00:00
[2023-04-07T15:26:25.207+0000] {processor.py:175} INFO - Processing /opt/airflow/dags/dag_with_python_dependancies.py took 0.165 seconds
[2023-04-07T15:26:55.408+0000] {processor.py:153} INFO - Started process (PID=1310) to work on /opt/airflow/dags/dag_with_python_dependancies.py
[2023-04-07T15:26:55.408+0000] {processor.py:743} INFO - Processing file /opt/airflow/dags/dag_with_python_dependancies.py for tasks to queue
[2023-04-07T15:26:55.409+0000] {logging_mixin.py:137} INFO - [2023-04-07T15:26:55.408+0000] {dagbag.py:532} INFO - Filling up the DagBag from /opt/airflow/dags/dag_with_python_dependancies.py
[2023-04-07T15:26:55.426+0000] {processor.py:753} INFO - DAG(s) dict_keys(['dag_with_python_dependancies_v02']) retrieved from /opt/airflow/dags/dag_with_python_dependancies.py
[2023-04-07T15:26:55.455+0000] {logging_mixin.py:137} INFO - [2023-04-07T15:26:55.454+0000] {dag.py:2705} INFO - Sync 1 DAGs
[2023-04-07T15:26:55.500+0000] {logging_mixin.py:137} INFO - [2023-04-07T15:26:55.500+0000] {dag.py:3456} INFO - Setting next_dagrun for dag_with_python_dependancies_v02 to 2023-04-07T00:00:00+00:00, run_after=2023-04-08T00:00:00+00:00
[2023-04-07T15:26:55.525+0000] {processor.py:175} INFO - Processing /opt/airflow/dags/dag_with_python_dependancies.py took 0.119 seconds
