[2023-04-07T12:41:51.867+0000] {processor.py:153} INFO - Started process (PID=169) to work on /opt/airflow/dags/dag_with_cron_expression.py
[2023-04-07T12:41:51.868+0000] {processor.py:743} INFO - Processing file /opt/airflow/dags/dag_with_cron_expression.py for tasks to queue
[2023-04-07T12:41:51.869+0000] {logging_mixin.py:137} INFO - [2023-04-07T12:41:51.868+0000] {dagbag.py:532} INFO - Filling up the DagBag from /opt/airflow/dags/dag_with_cron_expression.py
[2023-04-07T12:41:51.905+0000] {processor.py:753} INFO - DAG(s) dict_keys(['dag_with_cron_expression_v03']) retrieved from /opt/airflow/dags/dag_with_cron_expression.py
[2023-04-07T12:41:52.011+0000] {logging_mixin.py:137} INFO - [2023-04-07T12:41:52.010+0000] {dag.py:2705} INFO - Sync 1 DAGs
[2023-04-07T12:41:52.053+0000] {logging_mixin.py:137} INFO - [2023-04-07T12:41:52.052+0000] {dag.py:3456} INFO - Setting next_dagrun for dag_with_cron_expression_v03 to 2023-04-04T03:00:00+00:00, run_after=2023-04-11T03:00:00+00:00
[2023-04-07T12:41:52.071+0000] {processor.py:175} INFO - Processing /opt/airflow/dags/dag_with_cron_expression.py took 0.208 seconds
[2023-04-07T12:42:22.193+0000] {processor.py:153} INFO - Started process (PID=394) to work on /opt/airflow/dags/dag_with_cron_expression.py
[2023-04-07T12:42:22.196+0000] {processor.py:743} INFO - Processing file /opt/airflow/dags/dag_with_cron_expression.py for tasks to queue
[2023-04-07T12:42:22.196+0000] {logging_mixin.py:137} INFO - [2023-04-07T12:42:22.196+0000] {dagbag.py:532} INFO - Filling up the DagBag from /opt/airflow/dags/dag_with_cron_expression.py
[2023-04-07T12:42:22.214+0000] {processor.py:753} INFO - DAG(s) dict_keys(['dag_with_cron_expression_v03']) retrieved from /opt/airflow/dags/dag_with_cron_expression.py
[2023-04-07T12:42:22.238+0000] {logging_mixin.py:137} INFO - [2023-04-07T12:42:22.238+0000] {dag.py:2705} INFO - Sync 1 DAGs
[2023-04-07T12:42:22.279+0000] {logging_mixin.py:137} INFO - [2023-04-07T12:42:22.279+0000] {dag.py:3456} INFO - Setting next_dagrun for dag_with_cron_expression_v03 to 2023-04-04T03:00:00+00:00, run_after=2023-04-11T03:00:00+00:00
[2023-04-07T12:42:22.322+0000] {processor.py:175} INFO - Processing /opt/airflow/dags/dag_with_cron_expression.py took 0.132 seconds
[2023-04-07T12:42:52.442+0000] {processor.py:153} INFO - Started process (PID=617) to work on /opt/airflow/dags/dag_with_cron_expression.py
[2023-04-07T12:42:52.443+0000] {processor.py:743} INFO - Processing file /opt/airflow/dags/dag_with_cron_expression.py for tasks to queue
[2023-04-07T12:42:52.443+0000] {logging_mixin.py:137} INFO - [2023-04-07T12:42:52.443+0000] {dagbag.py:532} INFO - Filling up the DagBag from /opt/airflow/dags/dag_with_cron_expression.py
[2023-04-07T12:42:52.459+0000] {processor.py:753} INFO - DAG(s) dict_keys(['dag_with_cron_expression_v03']) retrieved from /opt/airflow/dags/dag_with_cron_expression.py
[2023-04-07T12:42:52.485+0000] {logging_mixin.py:137} INFO - [2023-04-07T12:42:52.485+0000] {dag.py:2705} INFO - Sync 1 DAGs
[2023-04-07T12:42:52.527+0000] {logging_mixin.py:137} INFO - [2023-04-07T12:42:52.526+0000] {dag.py:3456} INFO - Setting next_dagrun for dag_with_cron_expression_v03 to 2023-04-04T03:00:00+00:00, run_after=2023-04-11T03:00:00+00:00
[2023-04-07T12:42:52.546+0000] {processor.py:175} INFO - Processing /opt/airflow/dags/dag_with_cron_expression.py took 0.107 seconds
[2023-04-07T12:43:22.866+0000] {processor.py:153} INFO - Started process (PID=840) to work on /opt/airflow/dags/dag_with_cron_expression.py
[2023-04-07T12:43:22.866+0000] {processor.py:743} INFO - Processing file /opt/airflow/dags/dag_with_cron_expression.py for tasks to queue
[2023-04-07T12:43:22.867+0000] {logging_mixin.py:137} INFO - [2023-04-07T12:43:22.867+0000] {dagbag.py:532} INFO - Filling up the DagBag from /opt/airflow/dags/dag_with_cron_expression.py
[2023-04-07T12:43:22.882+0000] {processor.py:753} INFO - DAG(s) dict_keys(['dag_with_cron_expression_v03']) retrieved from /opt/airflow/dags/dag_with_cron_expression.py
[2023-04-07T12:43:22.904+0000] {logging_mixin.py:137} INFO - [2023-04-07T12:43:22.904+0000] {dag.py:2705} INFO - Sync 1 DAGs
[2023-04-07T12:43:22.942+0000] {logging_mixin.py:137} INFO - [2023-04-07T12:43:22.942+0000] {dag.py:3456} INFO - Setting next_dagrun for dag_with_cron_expression_v03 to 2023-04-04T03:00:00+00:00, run_after=2023-04-11T03:00:00+00:00
[2023-04-07T12:43:22.961+0000] {processor.py:175} INFO - Processing /opt/airflow/dags/dag_with_cron_expression.py took 0.098 seconds
[2023-04-07T12:43:53.181+0000] {processor.py:153} INFO - Started process (PID=1063) to work on /opt/airflow/dags/dag_with_cron_expression.py
[2023-04-07T12:43:53.183+0000] {processor.py:743} INFO - Processing file /opt/airflow/dags/dag_with_cron_expression.py for tasks to queue
[2023-04-07T12:43:53.184+0000] {logging_mixin.py:137} INFO - [2023-04-07T12:43:53.184+0000] {dagbag.py:532} INFO - Filling up the DagBag from /opt/airflow/dags/dag_with_cron_expression.py
[2023-04-07T12:43:53.201+0000] {processor.py:753} INFO - DAG(s) dict_keys(['dag_with_cron_expression_v03']) retrieved from /opt/airflow/dags/dag_with_cron_expression.py
[2023-04-07T12:43:53.228+0000] {logging_mixin.py:137} INFO - [2023-04-07T12:43:53.227+0000] {dag.py:2705} INFO - Sync 1 DAGs
[2023-04-07T12:43:53.272+0000] {logging_mixin.py:137} INFO - [2023-04-07T12:43:53.272+0000] {dag.py:3456} INFO - Setting next_dagrun for dag_with_cron_expression_v03 to 2023-04-04T03:00:00+00:00, run_after=2023-04-11T03:00:00+00:00
[2023-04-07T12:43:53.299+0000] {processor.py:175} INFO - Processing /opt/airflow/dags/dag_with_cron_expression.py took 0.121 seconds
[2023-04-07T12:44:23.542+0000] {processor.py:153} INFO - Started process (PID=1286) to work on /opt/airflow/dags/dag_with_cron_expression.py
[2023-04-07T12:44:23.543+0000] {processor.py:743} INFO - Processing file /opt/airflow/dags/dag_with_cron_expression.py for tasks to queue
[2023-04-07T12:44:23.544+0000] {logging_mixin.py:137} INFO - [2023-04-07T12:44:23.543+0000] {dagbag.py:532} INFO - Filling up the DagBag from /opt/airflow/dags/dag_with_cron_expression.py
[2023-04-07T12:44:23.560+0000] {processor.py:753} INFO - DAG(s) dict_keys(['dag_with_cron_expression_v03']) retrieved from /opt/airflow/dags/dag_with_cron_expression.py
[2023-04-07T12:44:23.588+0000] {logging_mixin.py:137} INFO - [2023-04-07T12:44:23.588+0000] {dag.py:2705} INFO - Sync 1 DAGs
[2023-04-07T12:44:23.629+0000] {logging_mixin.py:137} INFO - [2023-04-07T12:44:23.629+0000] {dag.py:3456} INFO - Setting next_dagrun for dag_with_cron_expression_v03 to 2023-04-04T03:00:00+00:00, run_after=2023-04-11T03:00:00+00:00
[2023-04-07T12:44:23.650+0000] {processor.py:175} INFO - Processing /opt/airflow/dags/dag_with_cron_expression.py took 0.110 seconds
[2023-04-07T12:44:54.356+0000] {processor.py:153} INFO - Started process (PID=1508) to work on /opt/airflow/dags/dag_with_cron_expression.py
[2023-04-07T12:44:54.356+0000] {processor.py:743} INFO - Processing file /opt/airflow/dags/dag_with_cron_expression.py for tasks to queue
[2023-04-07T12:44:54.357+0000] {logging_mixin.py:137} INFO - [2023-04-07T12:44:54.357+0000] {dagbag.py:532} INFO - Filling up the DagBag from /opt/airflow/dags/dag_with_cron_expression.py
[2023-04-07T12:44:54.373+0000] {processor.py:753} INFO - DAG(s) dict_keys(['dag_with_cron_expression_v03']) retrieved from /opt/airflow/dags/dag_with_cron_expression.py
[2023-04-07T12:44:54.420+0000] {logging_mixin.py:137} INFO - [2023-04-07T12:44:54.420+0000] {dag.py:2705} INFO - Sync 1 DAGs
[2023-04-07T12:44:54.484+0000] {logging_mixin.py:137} INFO - [2023-04-07T12:44:54.484+0000] {dag.py:3456} INFO - Setting next_dagrun for dag_with_cron_expression_v03 to 2023-04-04T03:00:00+00:00, run_after=2023-04-11T03:00:00+00:00
[2023-04-07T12:44:54.555+0000] {processor.py:175} INFO - Processing /opt/airflow/dags/dag_with_cron_expression.py took 0.203 seconds
[2023-04-07T12:45:24.873+0000] {processor.py:153} INFO - Started process (PID=1731) to work on /opt/airflow/dags/dag_with_cron_expression.py
[2023-04-07T12:45:24.874+0000] {processor.py:743} INFO - Processing file /opt/airflow/dags/dag_with_cron_expression.py for tasks to queue
[2023-04-07T12:45:24.874+0000] {logging_mixin.py:137} INFO - [2023-04-07T12:45:24.874+0000] {dagbag.py:532} INFO - Filling up the DagBag from /opt/airflow/dags/dag_with_cron_expression.py
[2023-04-07T12:45:24.892+0000] {processor.py:753} INFO - DAG(s) dict_keys(['dag_with_cron_expression_v03']) retrieved from /opt/airflow/dags/dag_with_cron_expression.py
[2023-04-07T12:45:24.995+0000] {logging_mixin.py:137} INFO - [2023-04-07T12:45:24.995+0000] {dag.py:2705} INFO - Sync 1 DAGs
[2023-04-07T12:45:25.042+0000] {logging_mixin.py:137} INFO - [2023-04-07T12:45:25.042+0000] {dag.py:3456} INFO - Setting next_dagrun for dag_with_cron_expression_v03 to 2023-04-04T03:00:00+00:00, run_after=2023-04-11T03:00:00+00:00
[2023-04-07T12:45:25.067+0000] {processor.py:175} INFO - Processing /opt/airflow/dags/dag_with_cron_expression.py took 0.197 seconds
[2023-04-07T12:45:55.096+0000] {processor.py:153} INFO - Started process (PID=1954) to work on /opt/airflow/dags/dag_with_cron_expression.py
[2023-04-07T12:45:55.097+0000] {processor.py:743} INFO - Processing file /opt/airflow/dags/dag_with_cron_expression.py for tasks to queue
[2023-04-07T12:45:55.097+0000] {logging_mixin.py:137} INFO - [2023-04-07T12:45:55.097+0000] {dagbag.py:532} INFO - Filling up the DagBag from /opt/airflow/dags/dag_with_cron_expression.py
[2023-04-07T12:45:55.112+0000] {processor.py:753} INFO - DAG(s) dict_keys(['dag_with_cron_expression_v03']) retrieved from /opt/airflow/dags/dag_with_cron_expression.py
[2023-04-07T12:45:55.136+0000] {logging_mixin.py:137} INFO - [2023-04-07T12:45:55.135+0000] {dag.py:2705} INFO - Sync 1 DAGs
[2023-04-07T12:45:55.174+0000] {logging_mixin.py:137} INFO - [2023-04-07T12:45:55.174+0000] {dag.py:3456} INFO - Setting next_dagrun for dag_with_cron_expression_v03 to 2023-04-04T03:00:00+00:00, run_after=2023-04-11T03:00:00+00:00
[2023-04-07T12:45:55.197+0000] {processor.py:175} INFO - Processing /opt/airflow/dags/dag_with_cron_expression.py took 0.103 seconds
