[2023-04-05T12:50:53.329+0000] {taskinstance.py:1090} INFO - Dependencies all met for dep_context=non-requeueable deps ti=<TaskInstance: our_first_dag.first_task scheduled__2022-06-22T00:00:00+00:00 [queued]>
[2023-04-05T12:50:53.363+0000] {taskinstance.py:1090} INFO - Dependencies all met for dep_context=requeueable deps ti=<TaskInstance: our_first_dag.first_task scheduled__2022-06-22T00:00:00+00:00 [queued]>
[2023-04-05T12:50:53.363+0000] {taskinstance.py:1288} INFO - 
--------------------------------------------------------------------------------
[2023-04-05T12:50:53.364+0000] {taskinstance.py:1289} INFO - Starting attempt 1 of 6
[2023-04-05T12:50:53.364+0000] {taskinstance.py:1290} INFO - 
--------------------------------------------------------------------------------
[2023-04-05T12:50:53.408+0000] {taskinstance.py:1309} INFO - Executing <Task(BashOperator): first_task> on 2022-06-22 00:00:00+00:00
[2023-04-05T12:50:53.413+0000] {standard_task_runner.py:55} INFO - Started process 2035 to run task
[2023-04-05T12:50:53.421+0000] {standard_task_runner.py:82} INFO - Running: ['***', 'tasks', 'run', 'our_first_dag', 'first_task', 'scheduled__2022-06-22T00:00:00+00:00', '--job-id', '330', '--raw', '--subdir', 'DAGS_FOLDER/our_first_dag.py', '--cfg-path', '/tmp/tmpaxr1snx8']
[2023-04-05T12:50:53.423+0000] {standard_task_runner.py:83} INFO - Job 330: Subtask first_task
[2023-04-05T12:50:53.558+0000] {task_command.py:389} INFO - Running <TaskInstance: our_first_dag.first_task scheduled__2022-06-22T00:00:00+00:00 [running]> on host e3ca158aac6b
[2023-04-05T12:50:53.761+0000] {taskinstance.py:1518} INFO - Exporting the following env vars:
AIRFLOW_CTX_DAG_OWNER=dejan
AIRFLOW_CTX_DAG_ID=our_first_dag
AIRFLOW_CTX_TASK_ID=first_task
AIRFLOW_CTX_EXECUTION_DATE=2022-06-22T00:00:00+00:00
AIRFLOW_CTX_TRY_NUMBER=1
AIRFLOW_CTX_DAG_RUN_ID=scheduled__2022-06-22T00:00:00+00:00
[2023-04-05T12:50:53.763+0000] {subprocess.py:63} INFO - Tmp dir root location: 
 /tmp
[2023-04-05T12:50:53.763+0000] {subprocess.py:75} INFO - Running command: ['/bin/bash', '-c', 'echo Hello World, this is the first task']
[2023-04-05T12:50:53.780+0000] {subprocess.py:86} INFO - Output:
[2023-04-05T12:50:53.781+0000] {subprocess.py:93} INFO - Hello World, this is the first task
[2023-04-05T12:50:53.781+0000] {subprocess.py:97} INFO - Command exited with return code 0
[2023-04-05T12:50:53.843+0000] {taskinstance.py:1332} INFO - Marking task as SUCCESS. dag_id=our_first_dag, task_id=first_task, execution_date=20220622T000000, start_date=20230405T125053, end_date=20230405T125053
[2023-04-05T12:50:53.924+0000] {local_task_job.py:212} INFO - Task exited with return code 0
[2023-04-05T12:50:53.957+0000] {taskinstance.py:2596} INFO - 0 downstream tasks scheduled from follow-on schedule check
