[2023-04-07T13:34:40.616+0000] {taskinstance.py:1090} INFO - Dependencies all met for dep_context=non-requeueable deps ti=<TaskInstance: dag_with_posgres_operator_v01.create_postgres_table scheduled__2023-04-01T00:00:00+00:00 [queued]>
[2023-04-07T13:34:40.627+0000] {taskinstance.py:1090} INFO - Dependencies all met for dep_context=requeueable deps ti=<TaskInstance: dag_with_posgres_operator_v01.create_postgres_table scheduled__2023-04-01T00:00:00+00:00 [queued]>
[2023-04-07T13:34:40.627+0000] {taskinstance.py:1288} INFO - 
--------------------------------------------------------------------------------
[2023-04-07T13:34:40.627+0000] {taskinstance.py:1289} INFO - Starting attempt 3 of 6
[2023-04-07T13:34:40.627+0000] {taskinstance.py:1290} INFO - 
--------------------------------------------------------------------------------
[2023-04-07T13:34:40.648+0000] {taskinstance.py:1309} INFO - Executing <Task(PostgresOperator): create_postgres_table> on 2023-04-01 00:00:00+00:00
[2023-04-07T13:34:40.651+0000] {standard_task_runner.py:55} INFO - Started process 1371 to run task
[2023-04-07T13:34:40.652+0000] {standard_task_runner.py:82} INFO - Running: ['***', 'tasks', 'run', 'dag_with_posgres_operator_v01', 'create_postgres_table', 'scheduled__2023-04-01T00:00:00+00:00', '--job-id', '6802', '--raw', '--subdir', 'DAGS_FOLDER/dag_with_postgres_operator.py', '--cfg-path', '/tmp/tmpt5gxd1gi']
[2023-04-07T13:34:40.653+0000] {standard_task_runner.py:83} INFO - Job 6802: Subtask create_postgres_table
[2023-04-07T13:34:40.703+0000] {task_command.py:389} INFO - Running <TaskInstance: dag_with_posgres_operator_v01.create_postgres_table scheduled__2023-04-01T00:00:00+00:00 [running]> on host ce9c8327347b
[2023-04-07T13:34:40.784+0000] {taskinstance.py:1518} INFO - Exporting the following env vars:
AIRFLOW_CTX_DAG_OWNER=dejan
AIRFLOW_CTX_DAG_ID=dag_with_posgres_operator_v01
AIRFLOW_CTX_TASK_ID=create_postgres_table
AIRFLOW_CTX_EXECUTION_DATE=2023-04-01T00:00:00+00:00
AIRFLOW_CTX_TRY_NUMBER=3
AIRFLOW_CTX_DAG_RUN_ID=scheduled__2023-04-01T00:00:00+00:00
[2023-04-07T13:34:40.784+0000] {sql.py:254} INFO - Executing: 
            create table if not exists dag_runs (
                dt date,
                dag_id character varying,
                primary key (dt, dag_id)
            )
        
[2023-04-07T13:34:40.790+0000] {base.py:73} INFO - Using connection ID 'postgres_localhost' for task execution.
[2023-04-07T13:34:41.104+0000] {base.py:73} INFO - Using connection ID 'postgres_localhost' for task execution.
[2023-04-07T13:34:41.106+0000] {sql.py:375} INFO - Running statement: 
            create table if not exists dag_runs (
                dt date,
                dag_id character varying,
                primary key (dt, dag_id)
            )
        , parameters: None
[2023-04-07T13:34:41.113+0000] {taskinstance.py:1332} INFO - Marking task as SUCCESS. dag_id=dag_with_posgres_operator_v01, task_id=create_postgres_table, execution_date=20230401T000000, start_date=20230407T133440, end_date=20230407T133441
[2023-04-07T13:34:41.157+0000] {local_task_job.py:212} INFO - Task exited with return code 0
[2023-04-07T13:34:41.175+0000] {taskinstance.py:2596} INFO - 0 downstream tasks scheduled from follow-on schedule check
