[2023-04-06T14:00:53.552+0000] {taskinstance.py:1090} INFO - Dependencies all met for dep_context=non-requeueable deps ti=<TaskInstance: dag_with_taskflow_api_v02.get_name scheduled__2022-08-01T00:00:00+00:00 [queued]>
[2023-04-06T14:00:53.572+0000] {taskinstance.py:1090} INFO - Dependencies all met for dep_context=requeueable deps ti=<TaskInstance: dag_with_taskflow_api_v02.get_name scheduled__2022-08-01T00:00:00+00:00 [queued]>
[2023-04-06T14:00:53.572+0000] {taskinstance.py:1288} INFO - 
--------------------------------------------------------------------------------
[2023-04-06T14:00:53.573+0000] {taskinstance.py:1289} INFO - Starting attempt 1 of 6
[2023-04-06T14:00:53.574+0000] {taskinstance.py:1290} INFO - 
--------------------------------------------------------------------------------
[2023-04-06T14:00:53.617+0000] {taskinstance.py:1309} INFO - Executing <Task(_PythonDecoratedOperator): get_name> on 2022-08-01 00:00:00+00:00
[2023-04-06T14:00:53.641+0000] {standard_task_runner.py:55} INFO - Started process 10370 to run task
[2023-04-06T14:00:53.664+0000] {standard_task_runner.py:82} INFO - Running: ['***', 'tasks', 'run', 'dag_with_taskflow_api_v02', 'get_name', 'scheduled__2022-08-01T00:00:00+00:00', '--job-id', '5874', '--raw', '--subdir', 'DAGS_FOLDER/dag_with_task_api.py', '--cfg-path', '/tmp/tmpdnvuw_z0']
[2023-04-06T14:00:53.667+0000] {standard_task_runner.py:83} INFO - Job 5874: Subtask get_name
[2023-04-06T14:00:54.025+0000] {task_command.py:389} INFO - Running <TaskInstance: dag_with_taskflow_api_v02.get_name scheduled__2022-08-01T00:00:00+00:00 [running]> on host f91656cee95b
[2023-04-06T14:00:54.588+0000] {taskinstance.py:1518} INFO - Exporting the following env vars:
AIRFLOW_CTX_DAG_OWNER=dejan
AIRFLOW_CTX_DAG_ID=dag_with_taskflow_api_v02
AIRFLOW_CTX_TASK_ID=get_name
AIRFLOW_CTX_EXECUTION_DATE=2022-08-01T00:00:00+00:00
AIRFLOW_CTX_TRY_NUMBER=1
AIRFLOW_CTX_DAG_RUN_ID=scheduled__2022-08-01T00:00:00+00:00
[2023-04-06T14:00:54.590+0000] {python.py:177} INFO - Done. Returned value was: {'first_name': 'Dejan', 'last_name': 'Zivanov'}
[2023-04-06T14:00:54.797+0000] {taskinstance.py:1332} INFO - Marking task as SUCCESS. dag_id=dag_with_taskflow_api_v02, task_id=get_name, execution_date=20220801T000000, start_date=20230406T140053, end_date=20230406T140054
[2023-04-06T14:00:54.885+0000] {local_task_job.py:212} INFO - Task exited with return code 0
[2023-04-06T14:00:55.232+0000] {taskinstance.py:2596} INFO - 0 downstream tasks scheduled from follow-on schedule check
