[2023-04-05T13:08:24.512+0000] {taskinstance.py:1090} INFO - Dependencies all met for dep_context=non-requeueable deps ti=<TaskInstance: our_first_dag_v5.second_task scheduled__2021-08-09T00:00:00+00:00 [queued]>
[2023-04-05T13:08:24.560+0000] {taskinstance.py:1090} INFO - Dependencies all met for dep_context=requeueable deps ti=<TaskInstance: our_first_dag_v5.second_task scheduled__2021-08-09T00:00:00+00:00 [queued]>
[2023-04-05T13:08:24.560+0000] {taskinstance.py:1288} INFO - 
--------------------------------------------------------------------------------
[2023-04-05T13:08:24.561+0000] {taskinstance.py:1289} INFO - Starting attempt 1 of 6
[2023-04-05T13:08:24.561+0000] {taskinstance.py:1290} INFO - 
--------------------------------------------------------------------------------
[2023-04-05T13:08:24.639+0000] {taskinstance.py:1309} INFO - Executing <Task(BashOperator): second_task> on 2021-08-09 00:00:00+00:00
[2023-04-05T13:08:24.653+0000] {standard_task_runner.py:55} INFO - Started process 7299 to run task
[2023-04-05T13:08:24.662+0000] {standard_task_runner.py:82} INFO - Running: ['***', 'tasks', 'run', 'our_first_dag_v5', 'second_task', 'scheduled__2021-08-09T00:00:00+00:00', '--job-id', '1900', '--raw', '--subdir', 'DAGS_FOLDER/our_first_dag.py', '--cfg-path', '/tmp/tmpl_vzizkf']
[2023-04-05T13:08:24.670+0000] {standard_task_runner.py:83} INFO - Job 1900: Subtask second_task
[2023-04-05T13:08:24.848+0000] {task_command.py:389} INFO - Running <TaskInstance: our_first_dag_v5.second_task scheduled__2021-08-09T00:00:00+00:00 [running]> on host e3ca158aac6b
[2023-04-05T13:08:25.216+0000] {taskinstance.py:1518} INFO - Exporting the following env vars:
AIRFLOW_CTX_DAG_OWNER=dejan
AIRFLOW_CTX_DAG_ID=our_first_dag_v5
AIRFLOW_CTX_TASK_ID=second_task
AIRFLOW_CTX_EXECUTION_DATE=2021-08-09T00:00:00+00:00
AIRFLOW_CTX_TRY_NUMBER=1
AIRFLOW_CTX_DAG_RUN_ID=scheduled__2021-08-09T00:00:00+00:00
[2023-04-05T13:08:25.217+0000] {subprocess.py:63} INFO - Tmp dir root location: 
 /tmp
[2023-04-05T13:08:25.218+0000] {subprocess.py:75} INFO - Running command: ['/bin/bash', '-c', 'echo Hey I am task2 and will be running after task1']
[2023-04-05T13:08:25.261+0000] {subprocess.py:86} INFO - Output:
[2023-04-05T13:08:25.263+0000] {subprocess.py:93} INFO - Hey I am task2 and will be running after task1
[2023-04-05T13:08:25.264+0000] {subprocess.py:97} INFO - Command exited with return code 0
[2023-04-05T13:08:25.381+0000] {taskinstance.py:1332} INFO - Marking task as SUCCESS. dag_id=our_first_dag_v5, task_id=second_task, execution_date=20210809T000000, start_date=20230405T130824, end_date=20230405T130825
[2023-04-05T13:08:25.641+0000] {local_task_job.py:212} INFO - Task exited with return code 0
[2023-04-05T13:08:25.747+0000] {taskinstance.py:2596} INFO - 0 downstream tasks scheduled from follow-on schedule check
