[2023-04-05T12:53:18.642+0000] {taskinstance.py:1090} INFO - Dependencies all met for dep_context=non-requeueable deps ti=<TaskInstance: our_first_dag.second_task scheduled__2023-01-22T00:00:00+00:00 [queued]>
[2023-04-05T12:53:18.656+0000] {taskinstance.py:1090} INFO - Dependencies all met for dep_context=requeueable deps ti=<TaskInstance: our_first_dag.second_task scheduled__2023-01-22T00:00:00+00:00 [queued]>
[2023-04-05T12:53:18.657+0000] {taskinstance.py:1288} INFO - 
--------------------------------------------------------------------------------
[2023-04-05T12:53:18.657+0000] {taskinstance.py:1289} INFO - Starting attempt 1 of 6
[2023-04-05T12:53:18.657+0000] {taskinstance.py:1290} INFO - 
--------------------------------------------------------------------------------
[2023-04-05T12:53:18.761+0000] {taskinstance.py:1309} INFO - Executing <Task(BashOperator): second_task> on 2023-01-22 00:00:00+00:00
[2023-04-05T12:53:18.767+0000] {standard_task_runner.py:55} INFO - Started process 3013 to run task
[2023-04-05T12:53:18.770+0000] {standard_task_runner.py:82} INFO - Running: ['***', 'tasks', 'run', 'our_first_dag', 'second_task', 'scheduled__2023-01-22T00:00:00+00:00', '--job-id', '616', '--raw', '--subdir', 'DAGS_FOLDER/our_first_dag.py', '--cfg-path', '/tmp/tmp5po1e22u']
[2023-04-05T12:53:18.772+0000] {standard_task_runner.py:83} INFO - Job 616: Subtask second_task
[2023-04-05T12:53:18.872+0000] {task_command.py:389} INFO - Running <TaskInstance: our_first_dag.second_task scheduled__2023-01-22T00:00:00+00:00 [running]> on host e3ca158aac6b
[2023-04-05T12:53:19.029+0000] {taskinstance.py:1518} INFO - Exporting the following env vars:
AIRFLOW_CTX_DAG_OWNER=dejan
AIRFLOW_CTX_DAG_ID=our_first_dag
AIRFLOW_CTX_TASK_ID=second_task
AIRFLOW_CTX_EXECUTION_DATE=2023-01-22T00:00:00+00:00
AIRFLOW_CTX_TRY_NUMBER=1
AIRFLOW_CTX_DAG_RUN_ID=scheduled__2023-01-22T00:00:00+00:00
[2023-04-05T12:53:19.030+0000] {subprocess.py:63} INFO - Tmp dir root location: 
 /tmp
[2023-04-05T12:53:19.031+0000] {subprocess.py:75} INFO - Running command: ['/bin/bash', '-c', 'echo Hey I am task2 and will be running after task1']
[2023-04-05T12:53:19.064+0000] {subprocess.py:86} INFO - Output:
[2023-04-05T12:53:19.066+0000] {subprocess.py:93} INFO - Hey I am task2 and will be running after task1
[2023-04-05T12:53:19.067+0000] {subprocess.py:97} INFO - Command exited with return code 0
[2023-04-05T12:53:19.106+0000] {taskinstance.py:1332} INFO - Marking task as SUCCESS. dag_id=our_first_dag, task_id=second_task, execution_date=20230122T000000, start_date=20230405T125318, end_date=20230405T125319
[2023-04-05T12:53:19.210+0000] {local_task_job.py:212} INFO - Task exited with return code 0
[2023-04-05T12:53:19.241+0000] {taskinstance.py:2596} INFO - 0 downstream tasks scheduled from follow-on schedule check
