[2023-04-06T13:53:45.068+0000] {taskinstance.py:1090} INFO - Dependencies all met for dep_context=non-requeueable deps ti=<TaskInstance: dag_with_taskflow_api_v01.greet scheduled__2022-01-16T00:00:00+00:00 [queued]>
[2023-04-06T13:53:45.091+0000] {taskinstance.py:1090} INFO - Dependencies all met for dep_context=requeueable deps ti=<TaskInstance: dag_with_taskflow_api_v01.greet scheduled__2022-01-16T00:00:00+00:00 [queued]>
[2023-04-06T13:53:45.091+0000] {taskinstance.py:1288} INFO - 
--------------------------------------------------------------------------------
[2023-04-06T13:53:45.092+0000] {taskinstance.py:1289} INFO - Starting attempt 1 of 6
[2023-04-06T13:53:45.093+0000] {taskinstance.py:1290} INFO - 
--------------------------------------------------------------------------------
[2023-04-06T13:53:45.146+0000] {taskinstance.py:1309} INFO - Executing <Task(_PythonDecoratedOperator): greet> on 2022-01-16 00:00:00+00:00
[2023-04-06T13:53:45.165+0000] {standard_task_runner.py:55} INFO - Started process 4641 to run task
[2023-04-06T13:53:45.169+0000] {standard_task_runner.py:82} INFO - Running: ['***', 'tasks', 'run', 'dag_with_taskflow_api_v01', 'greet', 'scheduled__2022-01-16T00:00:00+00:00', '--job-id', '5040', '--raw', '--subdir', 'DAGS_FOLDER/dag_with_task_api.py', '--cfg-path', '/tmp/tmppn2d7bq1']
[2023-04-06T13:53:45.171+0000] {standard_task_runner.py:83} INFO - Job 5040: Subtask greet
[2023-04-06T13:53:45.419+0000] {task_command.py:389} INFO - Running <TaskInstance: dag_with_taskflow_api_v01.greet scheduled__2022-01-16T00:00:00+00:00 [running]> on host f91656cee95b
[2023-04-06T13:53:45.674+0000] {taskinstance.py:1518} INFO - Exporting the following env vars:
AIRFLOW_CTX_DAG_OWNER=dejan
AIRFLOW_CTX_DAG_ID=dag_with_taskflow_api_v01
AIRFLOW_CTX_TASK_ID=greet
AIRFLOW_CTX_EXECUTION_DATE=2022-01-16T00:00:00+00:00
AIRFLOW_CTX_TRY_NUMBER=1
AIRFLOW_CTX_DAG_RUN_ID=scheduled__2022-01-16T00:00:00+00:00
[2023-04-06T13:53:45.676+0000] {logging_mixin.py:137} INFO - Hello World! My name is Dejan Zivanov and I am 19 years old.
[2023-04-06T13:53:45.676+0000] {python.py:177} INFO - Done. Returned value was: None
[2023-04-06T13:53:45.722+0000] {taskinstance.py:1332} INFO - Marking task as SUCCESS. dag_id=dag_with_taskflow_api_v01, task_id=greet, execution_date=20220116T000000, start_date=20230406T135345, end_date=20230406T135345
[2023-04-06T13:53:45.779+0000] {local_task_job.py:212} INFO - Task exited with return code 0
[2023-04-06T13:53:46.019+0000] {taskinstance.py:2596} INFO - 0 downstream tasks scheduled from follow-on schedule check
