[2023-04-06T13:29:46.930+0000] {taskinstance.py:1090} INFO - Dependencies all met for dep_context=non-requeueable deps ti=<TaskInstance: create_dag_with_python_operator_v06.greet scheduled__2021-12-03T00:00:00+00:00 [queued]>
[2023-04-06T13:29:46.967+0000] {taskinstance.py:1090} INFO - Dependencies all met for dep_context=requeueable deps ti=<TaskInstance: create_dag_with_python_operator_v06.greet scheduled__2021-12-03T00:00:00+00:00 [queued]>
[2023-04-06T13:29:46.967+0000] {taskinstance.py:1288} INFO - 
--------------------------------------------------------------------------------
[2023-04-06T13:29:46.967+0000] {taskinstance.py:1289} INFO - Starting attempt 1 of 6
[2023-04-06T13:29:46.967+0000] {taskinstance.py:1290} INFO - 
--------------------------------------------------------------------------------
[2023-04-06T13:29:47.054+0000] {taskinstance.py:1309} INFO - Executing <Task(PythonOperator): greet> on 2021-12-03 00:00:00+00:00
[2023-04-06T13:29:47.071+0000] {standard_task_runner.py:55} INFO - Started process 3604 to run task
[2023-04-06T13:29:47.074+0000] {standard_task_runner.py:82} INFO - Running: ['***', 'tasks', 'run', 'create_dag_with_python_operator_v06', 'greet', 'scheduled__2021-12-03T00:00:00+00:00', '--job-id', '4133', '--raw', '--subdir', 'DAGS_FOLDER/create_dag_with_python_operator.py', '--cfg-path', '/tmp/tmpl8q4js5r']
[2023-04-06T13:29:47.088+0000] {standard_task_runner.py:83} INFO - Job 4133: Subtask greet
[2023-04-06T13:29:47.263+0000] {task_command.py:389} INFO - Running <TaskInstance: create_dag_with_python_operator_v06.greet scheduled__2021-12-03T00:00:00+00:00 [running]> on host 971eab773426
[2023-04-06T13:29:47.445+0000] {taskinstance.py:1518} INFO - Exporting the following env vars:
AIRFLOW_CTX_DAG_OWNER=dejan
AIRFLOW_CTX_DAG_ID=create_dag_with_python_operator_v06
AIRFLOW_CTX_TASK_ID=greet
AIRFLOW_CTX_EXECUTION_DATE=2021-12-03T00:00:00+00:00
AIRFLOW_CTX_TRY_NUMBER=1
AIRFLOW_CTX_DAG_RUN_ID=scheduled__2021-12-03T00:00:00+00:00
[2023-04-06T13:29:47.488+0000] {logging_mixin.py:137} INFO - Hello World! Myname is Dejan Zivanov,   and I am 31 years old.
[2023-04-06T13:29:47.488+0000] {python.py:177} INFO - Done. Returned value was: None
[2023-04-06T13:29:47.509+0000] {taskinstance.py:1332} INFO - Marking task as SUCCESS. dag_id=create_dag_with_python_operator_v06, task_id=greet, execution_date=20211203T000000, start_date=20230406T132946, end_date=20230406T132947
[2023-04-06T13:29:47.542+0000] {local_task_job.py:212} INFO - Task exited with return code 0
[2023-04-06T13:29:47.577+0000] {taskinstance.py:2596} INFO - 0 downstream tasks scheduled from follow-on schedule check
