[2023-04-07T13:49:28.620+0000] {taskinstance.py:1090} INFO - Dependencies all met for dep_context=non-requeueable deps ti=<TaskInstance: dag_with_posgres_operator_v03.insert_into_table scheduled__2023-04-06T00:00:00+00:00 [queued]>
[2023-04-07T13:49:28.638+0000] {taskinstance.py:1090} INFO - Dependencies all met for dep_context=requeueable deps ti=<TaskInstance: dag_with_posgres_operator_v03.insert_into_table scheduled__2023-04-06T00:00:00+00:00 [queued]>
[2023-04-07T13:49:28.638+0000] {taskinstance.py:1288} INFO - 
--------------------------------------------------------------------------------
[2023-04-07T13:49:28.638+0000] {taskinstance.py:1289} INFO - Starting attempt 1 of 6
[2023-04-07T13:49:28.638+0000] {taskinstance.py:1290} INFO - 
--------------------------------------------------------------------------------
[2023-04-07T13:49:28.693+0000] {taskinstance.py:1309} INFO - Executing <Task(PostgresOperator): insert_into_table> on 2023-04-06 00:00:00+00:00
[2023-04-07T13:49:28.699+0000] {standard_task_runner.py:55} INFO - Started process 2058 to run task
[2023-04-07T13:49:28.704+0000] {standard_task_runner.py:82} INFO - Running: ['***', 'tasks', 'run', 'dag_with_posgres_operator_v03', 'insert_into_table', 'scheduled__2023-04-06T00:00:00+00:00', '--job-id', '6870', '--raw', '--subdir', 'DAGS_FOLDER/dag_with_postgres_operator.py', '--cfg-path', '/tmp/tmpt4rgbt9k']
[2023-04-07T13:49:28.706+0000] {standard_task_runner.py:83} INFO - Job 6870: Subtask insert_into_table
[2023-04-07T13:49:28.812+0000] {task_command.py:389} INFO - Running <TaskInstance: dag_with_posgres_operator_v03.insert_into_table scheduled__2023-04-06T00:00:00+00:00 [running]> on host ce9c8327347b
[2023-04-07T13:49:28.993+0000] {taskinstance.py:1518} INFO - Exporting the following env vars:
AIRFLOW_CTX_DAG_OWNER=dejan
AIRFLOW_CTX_DAG_ID=dag_with_posgres_operator_v03
AIRFLOW_CTX_TASK_ID=insert_into_table
AIRFLOW_CTX_EXECUTION_DATE=2023-04-06T00:00:00+00:00
AIRFLOW_CTX_TRY_NUMBER=1
AIRFLOW_CTX_DAG_RUN_ID=scheduled__2023-04-06T00:00:00+00:00
[2023-04-07T13:49:28.994+0000] {sql.py:254} INFO - Executing: 
            insert into dag_runs (dt, dag_id) values ('2023-04-06', 'dag_with_posgres_operator_v03')
        
[2023-04-07T13:49:29.009+0000] {base.py:73} INFO - Using connection ID 'postgres_localhost' for task execution.
[2023-04-07T13:49:29.526+0000] {base.py:73} INFO - Using connection ID 'postgres_localhost' for task execution.
[2023-04-07T13:49:29.530+0000] {sql.py:375} INFO - Running statement: 
            insert into dag_runs (dt, dag_id) values ('2023-04-06', 'dag_with_posgres_operator_v03')
        , parameters: None
[2023-04-07T13:49:29.530+0000] {sql.py:384} INFO - Rows affected: 1
[2023-04-07T13:49:29.543+0000] {taskinstance.py:1332} INFO - Marking task as SUCCESS. dag_id=dag_with_posgres_operator_v03, task_id=insert_into_table, execution_date=20230406T000000, start_date=20230407T134928, end_date=20230407T134929
[2023-04-07T13:49:29.575+0000] {local_task_job.py:212} INFO - Task exited with return code 0
[2023-04-07T13:49:29.606+0000] {taskinstance.py:2596} INFO - 0 downstream tasks scheduled from follow-on schedule check
