[2023-04-05T12:52:24.526+0000] {taskinstance.py:1090} INFO - Dependencies all met for dep_context=non-requeueable deps ti=<TaskInstance: our_first_dag.second_task scheduled__2022-11-06T00:00:00+00:00 [queued]>
[2023-04-05T12:52:24.547+0000] {taskinstance.py:1090} INFO - Dependencies all met for dep_context=requeueable deps ti=<TaskInstance: our_first_dag.second_task scheduled__2022-11-06T00:00:00+00:00 [queued]>
[2023-04-05T12:52:24.548+0000] {taskinstance.py:1288} INFO - 
--------------------------------------------------------------------------------
[2023-04-05T12:52:24.548+0000] {taskinstance.py:1289} INFO - Starting attempt 1 of 6
[2023-04-05T12:52:24.548+0000] {taskinstance.py:1290} INFO - 
--------------------------------------------------------------------------------
[2023-04-05T12:52:24.586+0000] {taskinstance.py:1309} INFO - Executing <Task(BashOperator): second_task> on 2022-11-06 00:00:00+00:00
[2023-04-05T12:52:24.595+0000] {standard_task_runner.py:55} INFO - Started process 2526 to run task
[2023-04-05T12:52:24.601+0000] {standard_task_runner.py:82} INFO - Running: ['***', 'tasks', 'run', 'our_first_dag', 'second_task', 'scheduled__2022-11-06T00:00:00+00:00', '--job-id', '467', '--raw', '--subdir', 'DAGS_FOLDER/our_first_dag.py', '--cfg-path', '/tmp/tmpxsvpk3x2']
[2023-04-05T12:52:24.602+0000] {standard_task_runner.py:83} INFO - Job 467: Subtask second_task
[2023-04-05T12:52:24.720+0000] {task_command.py:389} INFO - Running <TaskInstance: our_first_dag.second_task scheduled__2022-11-06T00:00:00+00:00 [running]> on host e3ca158aac6b
[2023-04-05T12:52:25.020+0000] {taskinstance.py:1518} INFO - Exporting the following env vars:
AIRFLOW_CTX_DAG_OWNER=dejan
AIRFLOW_CTX_DAG_ID=our_first_dag
AIRFLOW_CTX_TASK_ID=second_task
AIRFLOW_CTX_EXECUTION_DATE=2022-11-06T00:00:00+00:00
AIRFLOW_CTX_TRY_NUMBER=1
AIRFLOW_CTX_DAG_RUN_ID=scheduled__2022-11-06T00:00:00+00:00
[2023-04-05T12:52:25.021+0000] {subprocess.py:63} INFO - Tmp dir root location: 
 /tmp
[2023-04-05T12:52:25.024+0000] {subprocess.py:75} INFO - Running command: ['/bin/bash', '-c', 'echo Hello World, this is the second task']
[2023-04-05T12:52:25.093+0000] {subprocess.py:86} INFO - Output:
[2023-04-05T12:52:25.097+0000] {subprocess.py:93} INFO - Hello World, this is the second task
[2023-04-05T12:52:25.102+0000] {subprocess.py:97} INFO - Command exited with return code 0
[2023-04-05T12:52:25.229+0000] {taskinstance.py:1332} INFO - Marking task as SUCCESS. dag_id=our_first_dag, task_id=second_task, execution_date=20221106T000000, start_date=20230405T125224, end_date=20230405T125225
[2023-04-05T12:52:25.307+0000] {local_task_job.py:212} INFO - Task exited with return code 0
[2023-04-05T12:52:25.392+0000] {taskinstance.py:2596} INFO - 0 downstream tasks scheduled from follow-on schedule check
