[2023-04-05T12:57:24.561+0000] {taskinstance.py:1090} INFO - Dependencies all met for dep_context=non-requeueable deps ti=<TaskInstance: our_first_dag_v2.second_task scheduled__2022-04-16T00:00:00+00:00 [queued]>
[2023-04-05T12:57:24.579+0000] {taskinstance.py:1090} INFO - Dependencies all met for dep_context=requeueable deps ti=<TaskInstance: our_first_dag_v2.second_task scheduled__2022-04-16T00:00:00+00:00 [queued]>
[2023-04-05T12:57:24.580+0000] {taskinstance.py:1288} INFO - 
--------------------------------------------------------------------------------
[2023-04-05T12:57:24.581+0000] {taskinstance.py:1289} INFO - Starting attempt 1 of 6
[2023-04-05T12:57:24.581+0000] {taskinstance.py:1290} INFO - 
--------------------------------------------------------------------------------
[2023-04-05T12:57:24.615+0000] {taskinstance.py:1309} INFO - Executing <Task(BashOperator): second_task> on 2022-04-16 00:00:00+00:00
[2023-04-05T12:57:24.625+0000] {standard_task_runner.py:55} INFO - Started process 4733 to run task
[2023-04-05T12:57:24.634+0000] {standard_task_runner.py:82} INFO - Running: ['***', 'tasks', 'run', 'our_first_dag_v2', 'second_task', 'scheduled__2022-04-16T00:00:00+00:00', '--job-id', '1149', '--raw', '--subdir', 'DAGS_FOLDER/our_first_dag.py', '--cfg-path', '/tmp/tmpgtr5bz0n']
[2023-04-05T12:57:24.636+0000] {standard_task_runner.py:83} INFO - Job 1149: Subtask second_task
[2023-04-05T12:57:24.773+0000] {task_command.py:389} INFO - Running <TaskInstance: our_first_dag_v2.second_task scheduled__2022-04-16T00:00:00+00:00 [running]> on host e3ca158aac6b
[2023-04-05T12:57:24.918+0000] {taskinstance.py:1518} INFO - Exporting the following env vars:
AIRFLOW_CTX_DAG_OWNER=dejan
AIRFLOW_CTX_DAG_ID=our_first_dag_v2
AIRFLOW_CTX_TASK_ID=second_task
AIRFLOW_CTX_EXECUTION_DATE=2022-04-16T00:00:00+00:00
AIRFLOW_CTX_TRY_NUMBER=1
AIRFLOW_CTX_DAG_RUN_ID=scheduled__2022-04-16T00:00:00+00:00
[2023-04-05T12:57:24.920+0000] {subprocess.py:63} INFO - Tmp dir root location: 
 /tmp
[2023-04-05T12:57:24.921+0000] {subprocess.py:75} INFO - Running command: ['/bin/bash', '-c', 'echo Hey I am task2 and will be running after task1']
[2023-04-05T12:57:24.935+0000] {subprocess.py:86} INFO - Output:
[2023-04-05T12:57:24.937+0000] {subprocess.py:93} INFO - Hey I am task2 and will be running after task1
[2023-04-05T12:57:24.937+0000] {subprocess.py:97} INFO - Command exited with return code 0
[2023-04-05T12:57:24.971+0000] {taskinstance.py:1332} INFO - Marking task as SUCCESS. dag_id=our_first_dag_v2, task_id=second_task, execution_date=20220416T000000, start_date=20230405T125724, end_date=20230405T125724
[2023-04-05T12:57:25.011+0000] {local_task_job.py:212} INFO - Task exited with return code 0
[2023-04-05T12:57:25.039+0000] {taskinstance.py:2596} INFO - 0 downstream tasks scheduled from follow-on schedule check
