[2023-04-05T12:57:47.867+0000] {taskinstance.py:1090} INFO - Dependencies all met for dep_context=non-requeueable deps ti=<TaskInstance: our_first_dag_v2.first_task scheduled__2022-05-28T00:00:00+00:00 [queued]>
[2023-04-05T12:57:47.884+0000] {taskinstance.py:1090} INFO - Dependencies all met for dep_context=requeueable deps ti=<TaskInstance: our_first_dag_v2.first_task scheduled__2022-05-28T00:00:00+00:00 [queued]>
[2023-04-05T12:57:47.884+0000] {taskinstance.py:1288} INFO - 
--------------------------------------------------------------------------------
[2023-04-05T12:57:47.885+0000] {taskinstance.py:1289} INFO - Starting attempt 1 of 6
[2023-04-05T12:57:47.885+0000] {taskinstance.py:1290} INFO - 
--------------------------------------------------------------------------------
[2023-04-05T12:57:47.942+0000] {taskinstance.py:1309} INFO - Executing <Task(BashOperator): first_task> on 2022-05-28 00:00:00+00:00
[2023-04-05T12:57:47.950+0000] {standard_task_runner.py:55} INFO - Started process 4961 to run task
[2023-04-05T12:57:47.958+0000] {standard_task_runner.py:82} INFO - Running: ['***', 'tasks', 'run', 'our_first_dag_v2', 'first_task', 'scheduled__2022-05-28T00:00:00+00:00', '--job-id', '1225', '--raw', '--subdir', 'DAGS_FOLDER/our_first_dag.py', '--cfg-path', '/tmp/tmpmuoy76aq']
[2023-04-05T12:57:47.960+0000] {standard_task_runner.py:83} INFO - Job 1225: Subtask first_task
[2023-04-05T12:57:48.103+0000] {task_command.py:389} INFO - Running <TaskInstance: our_first_dag_v2.first_task scheduled__2022-05-28T00:00:00+00:00 [running]> on host e3ca158aac6b
[2023-04-05T12:57:48.279+0000] {taskinstance.py:1518} INFO - Exporting the following env vars:
AIRFLOW_CTX_DAG_OWNER=dejan
AIRFLOW_CTX_DAG_ID=our_first_dag_v2
AIRFLOW_CTX_TASK_ID=first_task
AIRFLOW_CTX_EXECUTION_DATE=2022-05-28T00:00:00+00:00
AIRFLOW_CTX_TRY_NUMBER=1
AIRFLOW_CTX_DAG_RUN_ID=scheduled__2022-05-28T00:00:00+00:00
[2023-04-05T12:57:48.282+0000] {subprocess.py:63} INFO - Tmp dir root location: 
 /tmp
[2023-04-05T12:57:48.283+0000] {subprocess.py:75} INFO - Running command: ['/bin/bash', '-c', 'echo Hello World, this is the first task']
[2023-04-05T12:57:48.293+0000] {subprocess.py:86} INFO - Output:
[2023-04-05T12:57:48.295+0000] {subprocess.py:93} INFO - Hello World, this is the first task
[2023-04-05T12:57:48.296+0000] {subprocess.py:97} INFO - Command exited with return code 0
[2023-04-05T12:57:48.333+0000] {taskinstance.py:1332} INFO - Marking task as SUCCESS. dag_id=our_first_dag_v2, task_id=first_task, execution_date=20220528T000000, start_date=20230405T125747, end_date=20230405T125748
[2023-04-05T12:57:48.373+0000] {local_task_job.py:212} INFO - Task exited with return code 0
[2023-04-05T12:57:48.427+0000] {taskinstance.py:2596} INFO - 1 downstream tasks scheduled from follow-on schedule check
