[2023-04-05T12:56:47.777+0000] {taskinstance.py:1090} INFO - Dependencies all met for dep_context=non-requeueable deps ti=<TaskInstance: our_first_dag_v2.second_task scheduled__2022-02-12T00:00:00+00:00 [queued]>
[2023-04-05T12:56:47.833+0000] {taskinstance.py:1090} INFO - Dependencies all met for dep_context=requeueable deps ti=<TaskInstance: our_first_dag_v2.second_task scheduled__2022-02-12T00:00:00+00:00 [queued]>
[2023-04-05T12:56:47.833+0000] {taskinstance.py:1288} INFO - 
--------------------------------------------------------------------------------
[2023-04-05T12:56:47.833+0000] {taskinstance.py:1289} INFO - Starting attempt 1 of 6
[2023-04-05T12:56:47.833+0000] {taskinstance.py:1290} INFO - 
--------------------------------------------------------------------------------
[2023-04-05T12:56:47.879+0000] {taskinstance.py:1309} INFO - Executing <Task(BashOperator): second_task> on 2022-02-12 00:00:00+00:00
[2023-04-05T12:56:47.883+0000] {standard_task_runner.py:55} INFO - Started process 4332 to run task
[2023-04-05T12:56:47.886+0000] {standard_task_runner.py:82} INFO - Running: ['***', 'tasks', 'run', 'our_first_dag_v2', 'second_task', 'scheduled__2022-02-12T00:00:00+00:00', '--job-id', '1022', '--raw', '--subdir', 'DAGS_FOLDER/our_first_dag.py', '--cfg-path', '/tmp/tmpc36s6ol2']
[2023-04-05T12:56:47.888+0000] {standard_task_runner.py:83} INFO - Job 1022: Subtask second_task
[2023-04-05T12:56:47.987+0000] {task_command.py:389} INFO - Running <TaskInstance: our_first_dag_v2.second_task scheduled__2022-02-12T00:00:00+00:00 [running]> on host e3ca158aac6b
[2023-04-05T12:56:48.184+0000] {taskinstance.py:1518} INFO - Exporting the following env vars:
AIRFLOW_CTX_DAG_OWNER=dejan
AIRFLOW_CTX_DAG_ID=our_first_dag_v2
AIRFLOW_CTX_TASK_ID=second_task
AIRFLOW_CTX_EXECUTION_DATE=2022-02-12T00:00:00+00:00
AIRFLOW_CTX_TRY_NUMBER=1
AIRFLOW_CTX_DAG_RUN_ID=scheduled__2022-02-12T00:00:00+00:00
[2023-04-05T12:56:48.185+0000] {subprocess.py:63} INFO - Tmp dir root location: 
 /tmp
[2023-04-05T12:56:48.186+0000] {subprocess.py:75} INFO - Running command: ['/bin/bash', '-c', 'echo Hey I am task2 and will be running after task1']
[2023-04-05T12:56:48.226+0000] {subprocess.py:86} INFO - Output:
[2023-04-05T12:56:48.227+0000] {subprocess.py:93} INFO - Hey I am task2 and will be running after task1
[2023-04-05T12:56:48.227+0000] {subprocess.py:97} INFO - Command exited with return code 0
[2023-04-05T12:56:48.287+0000] {taskinstance.py:1332} INFO - Marking task as SUCCESS. dag_id=our_first_dag_v2, task_id=second_task, execution_date=20220212T000000, start_date=20230405T125647, end_date=20230405T125648
[2023-04-05T12:56:48.365+0000] {local_task_job.py:212} INFO - Task exited with return code 0
[2023-04-05T12:56:48.414+0000] {taskinstance.py:2596} INFO - 0 downstream tasks scheduled from follow-on schedule check
