[2023-04-05T12:49:19.799+0000] {taskinstance.py:1090} INFO - Dependencies all met for dep_context=non-requeueable deps ti=<TaskInstance: our_first_dag.first_task scheduled__2022-01-04T00:00:00+00:00 [queued]>
[2023-04-05T12:49:19.821+0000] {taskinstance.py:1090} INFO - Dependencies all met for dep_context=requeueable deps ti=<TaskInstance: our_first_dag.first_task scheduled__2022-01-04T00:00:00+00:00 [queued]>
[2023-04-05T12:49:19.822+0000] {taskinstance.py:1288} INFO - 
--------------------------------------------------------------------------------
[2023-04-05T12:49:19.822+0000] {taskinstance.py:1289} INFO - Starting attempt 1 of 6
[2023-04-05T12:49:19.822+0000] {taskinstance.py:1290} INFO - 
--------------------------------------------------------------------------------
[2023-04-05T12:49:19.969+0000] {taskinstance.py:1309} INFO - Executing <Task(BashOperator): first_task> on 2022-01-04 00:00:00+00:00
[2023-04-05T12:49:19.983+0000] {standard_task_runner.py:55} INFO - Started process 1492 to run task
[2023-04-05T12:49:19.988+0000] {standard_task_runner.py:82} INFO - Running: ['***', 'tasks', 'run', 'our_first_dag', 'first_task', 'scheduled__2022-01-04T00:00:00+00:00', '--job-id', '161', '--raw', '--subdir', 'DAGS_FOLDER/our_first_dag.py', '--cfg-path', '/tmp/tmputaesxul']
[2023-04-05T12:49:19.990+0000] {standard_task_runner.py:83} INFO - Job 161: Subtask first_task
[2023-04-05T12:49:20.137+0000] {task_command.py:389} INFO - Running <TaskInstance: our_first_dag.first_task scheduled__2022-01-04T00:00:00+00:00 [running]> on host e3ca158aac6b
[2023-04-05T12:49:20.313+0000] {taskinstance.py:1518} INFO - Exporting the following env vars:
AIRFLOW_CTX_DAG_OWNER=dejan
AIRFLOW_CTX_DAG_ID=our_first_dag
AIRFLOW_CTX_TASK_ID=first_task
AIRFLOW_CTX_EXECUTION_DATE=2022-01-04T00:00:00+00:00
AIRFLOW_CTX_TRY_NUMBER=1
AIRFLOW_CTX_DAG_RUN_ID=scheduled__2022-01-04T00:00:00+00:00
[2023-04-05T12:49:20.314+0000] {subprocess.py:63} INFO - Tmp dir root location: 
 /tmp
[2023-04-05T12:49:20.315+0000] {subprocess.py:75} INFO - Running command: ['/bin/bash', '-c', 'echo Hello World, this is the first task']
[2023-04-05T12:49:20.338+0000] {subprocess.py:86} INFO - Output:
[2023-04-05T12:49:20.340+0000] {subprocess.py:93} INFO - Hello World, this is the first task
[2023-04-05T12:49:20.340+0000] {subprocess.py:97} INFO - Command exited with return code 0
[2023-04-05T12:49:20.390+0000] {taskinstance.py:1332} INFO - Marking task as SUCCESS. dag_id=our_first_dag, task_id=first_task, execution_date=20220104T000000, start_date=20230405T124919, end_date=20230405T124920
[2023-04-05T12:49:20.444+0000] {local_task_job.py:212} INFO - Task exited with return code 0
[2023-04-05T12:49:20.474+0000] {taskinstance.py:2596} INFO - 0 downstream tasks scheduled from follow-on schedule check
