[2023-04-06T16:41:36.923+0000] {taskinstance.py:1090} INFO - Dependencies all met for dep_context=non-requeueable deps ti=<TaskInstance: dag_with_catchup_and_backfill_v01.task1 scheduled__2022-02-20T00:00:00+00:00 [queued]>
[2023-04-06T16:41:36.941+0000] {taskinstance.py:1090} INFO - Dependencies all met for dep_context=requeueable deps ti=<TaskInstance: dag_with_catchup_and_backfill_v01.task1 scheduled__2022-02-20T00:00:00+00:00 [queued]>
[2023-04-06T16:41:36.941+0000] {taskinstance.py:1288} INFO - 
--------------------------------------------------------------------------------
[2023-04-06T16:41:36.941+0000] {taskinstance.py:1289} INFO - Starting attempt 1 of 1
[2023-04-06T16:41:36.941+0000] {taskinstance.py:1290} INFO - 
--------------------------------------------------------------------------------
[2023-04-06T16:41:36.969+0000] {taskinstance.py:1309} INFO - Executing <Task(BashOperator): task1> on 2022-02-20 00:00:00+00:00
[2023-04-06T16:41:36.982+0000] {standard_task_runner.py:55} INFO - Started process 550 to run task
[2023-04-06T16:41:36.987+0000] {standard_task_runner.py:82} INFO - Running: ['***', 'tasks', 'run', 'dag_with_catchup_and_backfill_v01', 'task1', 'scheduled__2022-02-20T00:00:00+00:00', '--job-id', '6741', '--raw', '--subdir', 'DAGS_FOLDER/dag_with_catchup_and_backfill.py', '--cfg-path', '/tmp/tmpmdczzp9r']
[2023-04-06T16:41:36.989+0000] {standard_task_runner.py:83} INFO - Job 6741: Subtask task1
[2023-04-06T16:41:37.086+0000] {task_command.py:389} INFO - Running <TaskInstance: dag_with_catchup_and_backfill_v01.task1 scheduled__2022-02-20T00:00:00+00:00 [running]> on host 8b7f5eb43087
[2023-04-06T16:41:37.215+0000] {taskinstance.py:1518} INFO - Exporting the following env vars:
AIRFLOW_CTX_DAG_OWNER=dejan
AIRFLOW_CTX_DAG_ID=dag_with_catchup_and_backfill_v01
AIRFLOW_CTX_TASK_ID=task1
AIRFLOW_CTX_EXECUTION_DATE=2022-02-20T00:00:00+00:00
AIRFLOW_CTX_TRY_NUMBER=1
AIRFLOW_CTX_DAG_RUN_ID=scheduled__2022-02-20T00:00:00+00:00
[2023-04-06T16:41:37.216+0000] {subprocess.py:63} INFO - Tmp dir root location: 
 /tmp
[2023-04-06T16:41:37.217+0000] {subprocess.py:75} INFO - Running command: ['/bin/bash', '-c', 'echo This is simple bash command!']
[2023-04-06T16:41:37.225+0000] {subprocess.py:86} INFO - Output:
[2023-04-06T16:41:37.227+0000] {subprocess.py:93} INFO - This is simple bash command!
[2023-04-06T16:41:37.228+0000] {subprocess.py:97} INFO - Command exited with return code 0
[2023-04-06T16:41:37.257+0000] {taskinstance.py:1332} INFO - Marking task as SUCCESS. dag_id=dag_with_catchup_and_backfill_v01, task_id=task1, execution_date=20220220T000000, start_date=20230406T164136, end_date=20230406T164137
[2023-04-06T16:41:37.286+0000] {local_task_job.py:212} INFO - Task exited with return code 0
[2023-04-06T16:41:37.313+0000] {taskinstance.py:2596} INFO - 0 downstream tasks scheduled from follow-on schedule check
