[2023-04-06T14:05:37.405+0000] {taskinstance.py:1090} INFO - Dependencies all met for dep_context=non-requeueable deps ti=<TaskInstance: dag_with_taskflow_api_v02.get_name scheduled__2023-02-13T00:00:00+00:00 [queued]>
[2023-04-06T14:05:37.419+0000] {taskinstance.py:1090} INFO - Dependencies all met for dep_context=requeueable deps ti=<TaskInstance: dag_with_taskflow_api_v02.get_name scheduled__2023-02-13T00:00:00+00:00 [queued]>
[2023-04-06T14:05:37.420+0000] {taskinstance.py:1288} INFO - 
--------------------------------------------------------------------------------
[2023-04-06T14:05:37.420+0000] {taskinstance.py:1289} INFO - Starting attempt 1 of 6
[2023-04-06T14:05:37.420+0000] {taskinstance.py:1290} INFO - 
--------------------------------------------------------------------------------
[2023-04-06T14:05:37.446+0000] {taskinstance.py:1309} INFO - Executing <Task(_PythonDecoratedOperator): get_name> on 2023-02-13 00:00:00+00:00
[2023-04-06T14:05:37.455+0000] {standard_task_runner.py:55} INFO - Started process 14211 to run task
[2023-04-06T14:05:37.458+0000] {standard_task_runner.py:82} INFO - Running: ['***', 'tasks', 'run', 'dag_with_taskflow_api_v02', 'get_name', 'scheduled__2023-02-13T00:00:00+00:00', '--job-id', '6470', '--raw', '--subdir', 'DAGS_FOLDER/dag_with_task_api.py', '--cfg-path', '/tmp/tmp39ccoq5k']
[2023-04-06T14:05:37.460+0000] {standard_task_runner.py:83} INFO - Job 6470: Subtask get_name
[2023-04-06T14:05:37.550+0000] {task_command.py:389} INFO - Running <TaskInstance: dag_with_taskflow_api_v02.get_name scheduled__2023-02-13T00:00:00+00:00 [running]> on host f91656cee95b
[2023-04-06T14:05:37.670+0000] {taskinstance.py:1518} INFO - Exporting the following env vars:
AIRFLOW_CTX_DAG_OWNER=dejan
AIRFLOW_CTX_DAG_ID=dag_with_taskflow_api_v02
AIRFLOW_CTX_TASK_ID=get_name
AIRFLOW_CTX_EXECUTION_DATE=2023-02-13T00:00:00+00:00
AIRFLOW_CTX_TRY_NUMBER=1
AIRFLOW_CTX_DAG_RUN_ID=scheduled__2023-02-13T00:00:00+00:00
[2023-04-06T14:05:37.672+0000] {python.py:177} INFO - Done. Returned value was: {'first_name': 'Dejan', 'last_name': 'Zivanov'}
[2023-04-06T14:05:37.728+0000] {taskinstance.py:1332} INFO - Marking task as SUCCESS. dag_id=dag_with_taskflow_api_v02, task_id=get_name, execution_date=20230213T000000, start_date=20230406T140537, end_date=20230406T140537
[2023-04-06T14:05:37.756+0000] {local_task_job.py:212} INFO - Task exited with return code 0
[2023-04-06T14:05:37.792+0000] {taskinstance.py:2596} INFO - 1 downstream tasks scheduled from follow-on schedule check
