[2023-04-06T13:32:00.508+0000] {taskinstance.py:1090} INFO - Dependencies all met for dep_context=non-requeueable deps ti=<TaskInstance: create_dag_with_python_operator_v06.greet scheduled__2022-05-19T00:00:00+00:00 [queued]>
[2023-04-06T13:32:00.531+0000] {taskinstance.py:1090} INFO - Dependencies all met for dep_context=requeueable deps ti=<TaskInstance: create_dag_with_python_operator_v06.greet scheduled__2022-05-19T00:00:00+00:00 [queued]>
[2023-04-06T13:32:00.532+0000] {taskinstance.py:1288} INFO - 
--------------------------------------------------------------------------------
[2023-04-06T13:32:00.532+0000] {taskinstance.py:1289} INFO - Starting attempt 1 of 6
[2023-04-06T13:32:00.532+0000] {taskinstance.py:1290} INFO - 
--------------------------------------------------------------------------------
[2023-04-06T13:32:00.567+0000] {taskinstance.py:1309} INFO - Executing <Task(PythonOperator): greet> on 2022-05-19 00:00:00+00:00
[2023-04-06T13:32:00.576+0000] {standard_task_runner.py:55} INFO - Started process 4647 to run task
[2023-04-06T13:32:00.578+0000] {standard_task_runner.py:82} INFO - Running: ['***', 'tasks', 'run', 'create_dag_with_python_operator_v06', 'greet', 'scheduled__2022-05-19T00:00:00+00:00', '--job-id', '4628', '--raw', '--subdir', 'DAGS_FOLDER/create_dag_with_python_operator.py', '--cfg-path', '/tmp/tmp92qgo0dx']
[2023-04-06T13:32:00.580+0000] {standard_task_runner.py:83} INFO - Job 4628: Subtask greet
[2023-04-06T13:32:00.678+0000] {task_command.py:389} INFO - Running <TaskInstance: create_dag_with_python_operator_v06.greet scheduled__2022-05-19T00:00:00+00:00 [running]> on host 971eab773426
[2023-04-06T13:32:00.814+0000] {taskinstance.py:1518} INFO - Exporting the following env vars:
AIRFLOW_CTX_DAG_OWNER=dejan
AIRFLOW_CTX_DAG_ID=create_dag_with_python_operator_v06
AIRFLOW_CTX_TASK_ID=greet
AIRFLOW_CTX_EXECUTION_DATE=2022-05-19T00:00:00+00:00
AIRFLOW_CTX_TRY_NUMBER=1
AIRFLOW_CTX_DAG_RUN_ID=scheduled__2022-05-19T00:00:00+00:00
[2023-04-06T13:32:00.850+0000] {logging_mixin.py:137} INFO - Hello World! Myname is Dejan Zivanov,   and I am 31 years old.
[2023-04-06T13:32:00.851+0000] {python.py:177} INFO - Done. Returned value was: None
[2023-04-06T13:32:00.864+0000] {taskinstance.py:1332} INFO - Marking task as SUCCESS. dag_id=create_dag_with_python_operator_v06, task_id=greet, execution_date=20220519T000000, start_date=20230406T133200, end_date=20230406T133200
[2023-04-06T13:32:00.887+0000] {local_task_job.py:212} INFO - Task exited with return code 0
[2023-04-06T13:32:00.915+0000] {taskinstance.py:2596} INFO - 0 downstream tasks scheduled from follow-on schedule check
