[2023-04-05T11:16:59.129+0200] {processor.py:153} INFO - Started process (PID=110719) to work on /home/dejan/Desktop/airflow/py_env/lib/python3.10/site-packages/airflow/example_dags/example_nested_branch_dag.py
[2023-04-05T11:16:59.129+0200] {processor.py:743} INFO - Processing file /home/dejan/Desktop/airflow/py_env/lib/python3.10/site-packages/airflow/example_dags/example_nested_branch_dag.py for tasks to queue
[2023-04-05T11:16:59.130+0200] {logging_mixin.py:137} INFO - [2023-04-05T11:16:59.130+0200] {dagbag.py:532} INFO - Filling up the DagBag from /home/dejan/Desktop/airflow/py_env/lib/python3.10/site-packages/airflow/example_dags/example_nested_branch_dag.py
[2023-04-05T11:16:59.148+0200] {processor.py:753} INFO - DAG(s) dict_keys(['example_nested_branch_dag']) retrieved from /home/dejan/Desktop/airflow/py_env/lib/python3.10/site-packages/airflow/example_dags/example_nested_branch_dag.py
[2023-04-05T11:16:59.222+0200] {logging_mixin.py:137} INFO - [2023-04-05T11:16:59.222+0200] {manager.py:504} INFO - Created Permission View: can read on DAG:example_nested_branch_dag
[2023-04-05T11:16:59.228+0200] {logging_mixin.py:137} INFO - [2023-04-05T11:16:59.228+0200] {manager.py:504} INFO - Created Permission View: can delete on DAG:example_nested_branch_dag
[2023-04-05T11:16:59.233+0200] {logging_mixin.py:137} INFO - [2023-04-05T11:16:59.233+0200] {manager.py:504} INFO - Created Permission View: can edit on DAG:example_nested_branch_dag
[2023-04-05T11:16:59.233+0200] {logging_mixin.py:137} INFO - [2023-04-05T11:16:59.233+0200] {dag.py:2705} INFO - Sync 1 DAGs
[2023-04-05T11:16:59.242+0200] {logging_mixin.py:137} INFO - [2023-04-05T11:16:59.242+0200] {dag.py:2726} INFO - Creating ORM DAG for example_nested_branch_dag
[2023-04-05T11:16:59.249+0200] {logging_mixin.py:137} INFO - [2023-04-05T11:16:59.249+0200] {dag.py:3452} INFO - Setting next_dagrun for example_nested_branch_dag to 2023-04-04T00:00:00+00:00, run_after=2023-04-05T00:00:00+00:00
[2023-04-05T11:16:59.262+0200] {processor.py:175} INFO - Processing /home/dejan/Desktop/airflow/py_env/lib/python3.10/site-packages/airflow/example_dags/example_nested_branch_dag.py took 0.134 seconds
[2023-04-05T11:17:40.058+0200] {processor.py:153} INFO - Started process (PID=111022) to work on /home/dejan/Desktop/airflow/py_env/lib/python3.10/site-packages/airflow/example_dags/example_nested_branch_dag.py
[2023-04-05T11:17:40.058+0200] {processor.py:743} INFO - Processing file /home/dejan/Desktop/airflow/py_env/lib/python3.10/site-packages/airflow/example_dags/example_nested_branch_dag.py for tasks to queue
[2023-04-05T11:17:40.059+0200] {logging_mixin.py:137} INFO - [2023-04-05T11:17:40.059+0200] {dagbag.py:532} INFO - Filling up the DagBag from /home/dejan/Desktop/airflow/py_env/lib/python3.10/site-packages/airflow/example_dags/example_nested_branch_dag.py
[2023-04-05T11:17:40.076+0200] {processor.py:753} INFO - DAG(s) dict_keys(['example_nested_branch_dag']) retrieved from /home/dejan/Desktop/airflow/py_env/lib/python3.10/site-packages/airflow/example_dags/example_nested_branch_dag.py
[2023-04-05T11:17:40.090+0200] {logging_mixin.py:137} INFO - [2023-04-05T11:17:40.089+0200] {dag.py:2705} INFO - Sync 1 DAGs
[2023-04-05T11:17:40.104+0200] {logging_mixin.py:137} INFO - [2023-04-05T11:17:40.104+0200] {dag.py:3452} INFO - Setting next_dagrun for example_nested_branch_dag to 2023-04-04T00:00:00+00:00, run_after=2023-04-05T00:00:00+00:00
[2023-04-05T11:17:40.119+0200] {processor.py:175} INFO - Processing /home/dejan/Desktop/airflow/py_env/lib/python3.10/site-packages/airflow/example_dags/example_nested_branch_dag.py took 0.063 seconds
[2023-04-05T11:18:19.295+0200] {processor.py:153} INFO - Started process (PID=111172) to work on /home/dejan/Desktop/airflow/py_env/lib/python3.10/site-packages/airflow/example_dags/example_nested_branch_dag.py
[2023-04-05T11:18:19.296+0200] {processor.py:743} INFO - Processing file /home/dejan/Desktop/airflow/py_env/lib/python3.10/site-packages/airflow/example_dags/example_nested_branch_dag.py for tasks to queue
[2023-04-05T11:18:19.296+0200] {logging_mixin.py:137} INFO - [2023-04-05T11:18:19.296+0200] {dagbag.py:532} INFO - Filling up the DagBag from /home/dejan/Desktop/airflow/py_env/lib/python3.10/site-packages/airflow/example_dags/example_nested_branch_dag.py
[2023-04-05T11:18:19.313+0200] {processor.py:753} INFO - DAG(s) dict_keys(['example_nested_branch_dag']) retrieved from /home/dejan/Desktop/airflow/py_env/lib/python3.10/site-packages/airflow/example_dags/example_nested_branch_dag.py
[2023-04-05T11:18:19.326+0200] {logging_mixin.py:137} INFO - [2023-04-05T11:18:19.326+0200] {dag.py:2705} INFO - Sync 1 DAGs
[2023-04-05T11:18:19.341+0200] {logging_mixin.py:137} INFO - [2023-04-05T11:18:19.341+0200] {dag.py:3452} INFO - Setting next_dagrun for example_nested_branch_dag to 2023-04-04T00:00:00+00:00, run_after=2023-04-05T00:00:00+00:00
[2023-04-05T11:18:19.354+0200] {processor.py:175} INFO - Processing /home/dejan/Desktop/airflow/py_env/lib/python3.10/site-packages/airflow/example_dags/example_nested_branch_dag.py took 0.060 seconds
