[2023-04-05T11:16:48.265+0200] {processor.py:153} INFO - Started process (PID=110666) to work on /home/dejan/Desktop/airflow/py_env/lib/python3.10/site-packages/airflow/example_dags/example_subdag_operator.py
[2023-04-05T11:16:48.266+0200] {processor.py:743} INFO - Processing file /home/dejan/Desktop/airflow/py_env/lib/python3.10/site-packages/airflow/example_dags/example_subdag_operator.py for tasks to queue
[2023-04-05T11:16:48.266+0200] {logging_mixin.py:137} INFO - [2023-04-05T11:16:48.266+0200] {dagbag.py:532} INFO - Filling up the DagBag from /home/dejan/Desktop/airflow/py_env/lib/python3.10/site-packages/airflow/example_dags/example_subdag_operator.py
[2023-04-05T11:16:48.283+0200] {processor.py:753} INFO - DAG(s) dict_keys(['example_subdag_operator.section-1', 'example_subdag_operator.section-2', 'example_subdag_operator']) retrieved from /home/dejan/Desktop/airflow/py_env/lib/python3.10/site-packages/airflow/example_dags/example_subdag_operator.py
[2023-04-05T11:16:48.353+0200] {logging_mixin.py:137} INFO - [2023-04-05T11:16:48.353+0200] {manager.py:504} INFO - Created Permission View: can read on DAG:example_subdag_operator
[2023-04-05T11:16:48.360+0200] {logging_mixin.py:137} INFO - [2023-04-05T11:16:48.359+0200] {manager.py:504} INFO - Created Permission View: can delete on DAG:example_subdag_operator
[2023-04-05T11:16:48.364+0200] {logging_mixin.py:137} INFO - [2023-04-05T11:16:48.364+0200] {manager.py:504} INFO - Created Permission View: can edit on DAG:example_subdag_operator
[2023-04-05T11:16:48.364+0200] {logging_mixin.py:137} INFO - [2023-04-05T11:16:48.364+0200] {dag.py:2705} INFO - Sync 3 DAGs
[2023-04-05T11:16:48.372+0200] {logging_mixin.py:137} INFO - [2023-04-05T11:16:48.372+0200] {dag.py:2726} INFO - Creating ORM DAG for example_subdag_operator.section-2
[2023-04-05T11:16:48.373+0200] {logging_mixin.py:137} INFO - [2023-04-05T11:16:48.372+0200] {dag.py:2726} INFO - Creating ORM DAG for example_subdag_operator
[2023-04-05T11:16:48.373+0200] {logging_mixin.py:137} INFO - [2023-04-05T11:16:48.373+0200] {dag.py:2726} INFO - Creating ORM DAG for example_subdag_operator.section-1
[2023-04-05T11:16:48.379+0200] {logging_mixin.py:137} INFO - [2023-04-05T11:16:48.379+0200] {dag.py:3452} INFO - Setting next_dagrun for example_subdag_operator to 2022-01-01T00:00:00+00:00, run_after=2022-01-01T00:00:00+00:00
[2023-04-05T11:16:48.379+0200] {logging_mixin.py:137} INFO - [2023-04-05T11:16:48.379+0200] {dag.py:3452} INFO - Setting next_dagrun for example_subdag_operator.section-1 to None, run_after=None
[2023-04-05T11:16:48.379+0200] {logging_mixin.py:137} INFO - [2023-04-05T11:16:48.379+0200] {dag.py:3452} INFO - Setting next_dagrun for example_subdag_operator.section-2 to None, run_after=None
[2023-04-05T11:16:48.384+0200] {logging_mixin.py:137} INFO - [2023-04-05T11:16:48.384+0200] {dag.py:2705} INFO - Sync 2 DAGs
[2023-04-05T11:16:48.387+0200] {logging_mixin.py:137} INFO - [2023-04-05T11:16:48.387+0200] {dag.py:3452} INFO - Setting next_dagrun for example_subdag_operator.section-1 to None, run_after=None
[2023-04-05T11:16:48.388+0200] {logging_mixin.py:137} INFO - [2023-04-05T11:16:48.388+0200] {dag.py:3452} INFO - Setting next_dagrun for example_subdag_operator.section-2 to None, run_after=None
[2023-04-05T11:16:48.398+0200] {processor.py:175} INFO - Processing /home/dejan/Desktop/airflow/py_env/lib/python3.10/site-packages/airflow/example_dags/example_subdag_operator.py took 0.134 seconds
[2023-04-05T11:17:30.373+0200] {processor.py:153} INFO - Started process (PID=110970) to work on /home/dejan/Desktop/airflow/py_env/lib/python3.10/site-packages/airflow/example_dags/example_subdag_operator.py
[2023-04-05T11:17:30.374+0200] {processor.py:743} INFO - Processing file /home/dejan/Desktop/airflow/py_env/lib/python3.10/site-packages/airflow/example_dags/example_subdag_operator.py for tasks to queue
[2023-04-05T11:17:30.375+0200] {logging_mixin.py:137} INFO - [2023-04-05T11:17:30.374+0200] {dagbag.py:532} INFO - Filling up the DagBag from /home/dejan/Desktop/airflow/py_env/lib/python3.10/site-packages/airflow/example_dags/example_subdag_operator.py
[2023-04-05T11:17:30.392+0200] {processor.py:753} INFO - DAG(s) dict_keys(['example_subdag_operator.section-1', 'example_subdag_operator.section-2', 'example_subdag_operator']) retrieved from /home/dejan/Desktop/airflow/py_env/lib/python3.10/site-packages/airflow/example_dags/example_subdag_operator.py
[2023-04-05T11:17:30.406+0200] {logging_mixin.py:137} INFO - [2023-04-05T11:17:30.406+0200] {dag.py:2705} INFO - Sync 3 DAGs
[2023-04-05T11:17:30.419+0200] {logging_mixin.py:137} INFO - [2023-04-05T11:17:30.419+0200] {dag.py:3452} INFO - Setting next_dagrun for example_subdag_operator to 2022-01-01T00:00:00+00:00, run_after=2022-01-01T00:00:00+00:00
[2023-04-05T11:17:30.421+0200] {logging_mixin.py:137} INFO - [2023-04-05T11:17:30.420+0200] {dag.py:3452} INFO - Setting next_dagrun for example_subdag_operator.section-1 to None, run_after=None
[2023-04-05T11:17:30.421+0200] {logging_mixin.py:137} INFO - [2023-04-05T11:17:30.421+0200] {dag.py:3452} INFO - Setting next_dagrun for example_subdag_operator.section-2 to None, run_after=None
[2023-04-05T11:17:30.425+0200] {logging_mixin.py:137} INFO - [2023-04-05T11:17:30.425+0200] {dag.py:2705} INFO - Sync 2 DAGs
[2023-04-05T11:17:30.428+0200] {logging_mixin.py:137} INFO - [2023-04-05T11:17:30.428+0200] {dag.py:3452} INFO - Setting next_dagrun for example_subdag_operator.section-1 to None, run_after=None
[2023-04-05T11:17:30.428+0200] {logging_mixin.py:137} INFO - [2023-04-05T11:17:30.428+0200] {dag.py:3452} INFO - Setting next_dagrun for example_subdag_operator.section-2 to None, run_after=None
[2023-04-05T11:17:30.437+0200] {processor.py:175} INFO - Processing /home/dejan/Desktop/airflow/py_env/lib/python3.10/site-packages/airflow/example_dags/example_subdag_operator.py took 0.065 seconds
[2023-04-05T11:18:08.743+0200] {processor.py:153} INFO - Started process (PID=111146) to work on /home/dejan/Desktop/airflow/py_env/lib/python3.10/site-packages/airflow/example_dags/example_subdag_operator.py
[2023-04-05T11:18:08.744+0200] {processor.py:743} INFO - Processing file /home/dejan/Desktop/airflow/py_env/lib/python3.10/site-packages/airflow/example_dags/example_subdag_operator.py for tasks to queue
[2023-04-05T11:18:08.745+0200] {logging_mixin.py:137} INFO - [2023-04-05T11:18:08.745+0200] {dagbag.py:532} INFO - Filling up the DagBag from /home/dejan/Desktop/airflow/py_env/lib/python3.10/site-packages/airflow/example_dags/example_subdag_operator.py
[2023-04-05T11:18:08.762+0200] {processor.py:753} INFO - DAG(s) dict_keys(['example_subdag_operator.section-1', 'example_subdag_operator.section-2', 'example_subdag_operator']) retrieved from /home/dejan/Desktop/airflow/py_env/lib/python3.10/site-packages/airflow/example_dags/example_subdag_operator.py
[2023-04-05T11:18:08.776+0200] {logging_mixin.py:137} INFO - [2023-04-05T11:18:08.776+0200] {dag.py:2705} INFO - Sync 3 DAGs
[2023-04-05T11:18:08.789+0200] {logging_mixin.py:137} INFO - [2023-04-05T11:18:08.789+0200] {dag.py:3452} INFO - Setting next_dagrun for example_subdag_operator to 2022-01-01T00:00:00+00:00, run_after=2022-01-01T00:00:00+00:00
[2023-04-05T11:18:08.791+0200] {logging_mixin.py:137} INFO - [2023-04-05T11:18:08.791+0200] {dag.py:3452} INFO - Setting next_dagrun for example_subdag_operator.section-1 to None, run_after=None
[2023-04-05T11:18:08.792+0200] {logging_mixin.py:137} INFO - [2023-04-05T11:18:08.792+0200] {dag.py:3452} INFO - Setting next_dagrun for example_subdag_operator.section-2 to None, run_after=None
[2023-04-05T11:18:08.796+0200] {logging_mixin.py:137} INFO - [2023-04-05T11:18:08.796+0200] {dag.py:2705} INFO - Sync 2 DAGs
[2023-04-05T11:18:08.801+0200] {logging_mixin.py:137} INFO - [2023-04-05T11:18:08.801+0200] {dag.py:3452} INFO - Setting next_dagrun for example_subdag_operator.section-1 to None, run_after=None
[2023-04-05T11:18:08.801+0200] {logging_mixin.py:137} INFO - [2023-04-05T11:18:08.801+0200] {dag.py:3452} INFO - Setting next_dagrun for example_subdag_operator.section-2 to None, run_after=None
[2023-04-05T11:18:08.811+0200] {processor.py:175} INFO - Processing /home/dejan/Desktop/airflow/py_env/lib/python3.10/site-packages/airflow/example_dags/example_subdag_operator.py took 0.069 seconds
