[2023-04-05T11:16:52.352+0200] {processor.py:153} INFO - Started process (PID=110703) to work on /home/dejan/Desktop/airflow/py_env/lib/python3.10/site-packages/airflow/example_dags/example_task_group.py
[2023-04-05T11:16:52.353+0200] {processor.py:743} INFO - Processing file /home/dejan/Desktop/airflow/py_env/lib/python3.10/site-packages/airflow/example_dags/example_task_group.py for tasks to queue
[2023-04-05T11:16:52.354+0200] {logging_mixin.py:137} INFO - [2023-04-05T11:16:52.353+0200] {dagbag.py:532} INFO - Filling up the DagBag from /home/dejan/Desktop/airflow/py_env/lib/python3.10/site-packages/airflow/example_dags/example_task_group.py
[2023-04-05T11:16:52.367+0200] {processor.py:753} INFO - DAG(s) dict_keys(['example_task_group']) retrieved from /home/dejan/Desktop/airflow/py_env/lib/python3.10/site-packages/airflow/example_dags/example_task_group.py
[2023-04-05T11:16:52.456+0200] {logging_mixin.py:137} INFO - [2023-04-05T11:16:52.455+0200] {manager.py:504} INFO - Created Permission View: can read on DAG:example_task_group
[2023-04-05T11:16:52.465+0200] {logging_mixin.py:137} INFO - [2023-04-05T11:16:52.465+0200] {manager.py:504} INFO - Created Permission View: can delete on DAG:example_task_group
[2023-04-05T11:16:52.471+0200] {logging_mixin.py:137} INFO - [2023-04-05T11:16:52.471+0200] {manager.py:504} INFO - Created Permission View: can edit on DAG:example_task_group
[2023-04-05T11:16:52.472+0200] {logging_mixin.py:137} INFO - [2023-04-05T11:16:52.472+0200] {dag.py:2705} INFO - Sync 1 DAGs
[2023-04-05T11:16:52.481+0200] {logging_mixin.py:137} INFO - [2023-04-05T11:16:52.481+0200] {dag.py:2726} INFO - Creating ORM DAG for example_task_group
[2023-04-05T11:16:52.489+0200] {logging_mixin.py:137} INFO - [2023-04-05T11:16:52.489+0200] {dag.py:3452} INFO - Setting next_dagrun for example_task_group to 2023-04-04T09:16:52.489520+00:00, run_after=2023-04-05T09:16:52.489520+00:00
[2023-04-05T11:16:52.504+0200] {processor.py:175} INFO - Processing /home/dejan/Desktop/airflow/py_env/lib/python3.10/site-packages/airflow/example_dags/example_task_group.py took 0.154 seconds
[2023-04-05T11:17:33.888+0200] {processor.py:153} INFO - Started process (PID=111005) to work on /home/dejan/Desktop/airflow/py_env/lib/python3.10/site-packages/airflow/example_dags/example_task_group.py
[2023-04-05T11:17:33.889+0200] {processor.py:743} INFO - Processing file /home/dejan/Desktop/airflow/py_env/lib/python3.10/site-packages/airflow/example_dags/example_task_group.py for tasks to queue
[2023-04-05T11:17:33.889+0200] {logging_mixin.py:137} INFO - [2023-04-05T11:17:33.889+0200] {dagbag.py:532} INFO - Filling up the DagBag from /home/dejan/Desktop/airflow/py_env/lib/python3.10/site-packages/airflow/example_dags/example_task_group.py
[2023-04-05T11:17:33.900+0200] {processor.py:753} INFO - DAG(s) dict_keys(['example_task_group']) retrieved from /home/dejan/Desktop/airflow/py_env/lib/python3.10/site-packages/airflow/example_dags/example_task_group.py
[2023-04-05T11:17:33.913+0200] {logging_mixin.py:137} INFO - [2023-04-05T11:17:33.913+0200] {dag.py:2705} INFO - Sync 1 DAGs
[2023-04-05T11:17:33.927+0200] {logging_mixin.py:137} INFO - [2023-04-05T11:17:33.927+0200] {dag.py:3452} INFO - Setting next_dagrun for example_task_group to 2023-04-04T09:17:33.927114+00:00, run_after=2023-04-05T09:17:33.927114+00:00
[2023-04-05T11:17:33.941+0200] {processor.py:175} INFO - Processing /home/dejan/Desktop/airflow/py_env/lib/python3.10/site-packages/airflow/example_dags/example_task_group.py took 0.054 seconds
[2023-04-05T11:18:12.767+0200] {processor.py:153} INFO - Started process (PID=111159) to work on /home/dejan/Desktop/airflow/py_env/lib/python3.10/site-packages/airflow/example_dags/example_task_group.py
[2023-04-05T11:18:12.768+0200] {processor.py:743} INFO - Processing file /home/dejan/Desktop/airflow/py_env/lib/python3.10/site-packages/airflow/example_dags/example_task_group.py for tasks to queue
[2023-04-05T11:18:12.768+0200] {logging_mixin.py:137} INFO - [2023-04-05T11:18:12.768+0200] {dagbag.py:532} INFO - Filling up the DagBag from /home/dejan/Desktop/airflow/py_env/lib/python3.10/site-packages/airflow/example_dags/example_task_group.py
[2023-04-05T11:18:12.777+0200] {processor.py:753} INFO - DAG(s) dict_keys(['example_task_group']) retrieved from /home/dejan/Desktop/airflow/py_env/lib/python3.10/site-packages/airflow/example_dags/example_task_group.py
[2023-04-05T11:18:12.790+0200] {logging_mixin.py:137} INFO - [2023-04-05T11:18:12.790+0200] {dag.py:2705} INFO - Sync 1 DAGs
[2023-04-05T11:18:12.803+0200] {logging_mixin.py:137} INFO - [2023-04-05T11:18:12.803+0200] {dag.py:3452} INFO - Setting next_dagrun for example_task_group to 2023-04-04T09:18:12.803162+00:00, run_after=2023-04-05T09:18:12.803162+00:00
[2023-04-05T11:18:12.817+0200] {processor.py:175} INFO - Processing /home/dejan/Desktop/airflow/py_env/lib/python3.10/site-packages/airflow/example_dags/example_task_group.py took 0.051 seconds
