[2023-04-05T11:16:39.396+0200] {processor.py:153} INFO - Started process (PID=110604) to work on /home/dejan/Desktop/airflow/py_env/lib/python3.10/site-packages/airflow/example_dags/example_task_group_decorator.py
[2023-04-05T11:16:39.397+0200] {processor.py:743} INFO - Processing file /home/dejan/Desktop/airflow/py_env/lib/python3.10/site-packages/airflow/example_dags/example_task_group_decorator.py for tasks to queue
[2023-04-05T11:16:39.397+0200] {logging_mixin.py:137} INFO - [2023-04-05T11:16:39.397+0200] {dagbag.py:532} INFO - Filling up the DagBag from /home/dejan/Desktop/airflow/py_env/lib/python3.10/site-packages/airflow/example_dags/example_task_group_decorator.py
[2023-04-05T11:16:39.418+0200] {processor.py:753} INFO - DAG(s) dict_keys(['example_task_group_decorator']) retrieved from /home/dejan/Desktop/airflow/py_env/lib/python3.10/site-packages/airflow/example_dags/example_task_group_decorator.py
[2023-04-05T11:16:39.492+0200] {logging_mixin.py:137} INFO - [2023-04-05T11:16:39.492+0200] {manager.py:504} INFO - Created Permission View: can read on DAG:example_task_group_decorator
[2023-04-05T11:16:39.499+0200] {logging_mixin.py:137} INFO - [2023-04-05T11:16:39.498+0200] {manager.py:504} INFO - Created Permission View: can delete on DAG:example_task_group_decorator
[2023-04-05T11:16:39.505+0200] {logging_mixin.py:137} INFO - [2023-04-05T11:16:39.504+0200] {manager.py:504} INFO - Created Permission View: can edit on DAG:example_task_group_decorator
[2023-04-05T11:16:39.505+0200] {logging_mixin.py:137} INFO - [2023-04-05T11:16:39.505+0200] {dag.py:2705} INFO - Sync 1 DAGs
[2023-04-05T11:16:39.513+0200] {logging_mixin.py:137} INFO - [2023-04-05T11:16:39.513+0200] {dag.py:2726} INFO - Creating ORM DAG for example_task_group_decorator
[2023-04-05T11:16:39.519+0200] {logging_mixin.py:137} INFO - [2023-04-05T11:16:39.519+0200] {dag.py:3452} INFO - Setting next_dagrun for example_task_group_decorator to 2023-04-04T09:16:39.519224+00:00, run_after=2023-04-05T09:16:39.519224+00:00
[2023-04-05T11:16:39.533+0200] {processor.py:175} INFO - Processing /home/dejan/Desktop/airflow/py_env/lib/python3.10/site-packages/airflow/example_dags/example_task_group_decorator.py took 0.138 seconds
[2023-04-05T11:17:22.371+0200] {processor.py:153} INFO - Started process (PID=110921) to work on /home/dejan/Desktop/airflow/py_env/lib/python3.10/site-packages/airflow/example_dags/example_task_group_decorator.py
[2023-04-05T11:17:22.372+0200] {processor.py:743} INFO - Processing file /home/dejan/Desktop/airflow/py_env/lib/python3.10/site-packages/airflow/example_dags/example_task_group_decorator.py for tasks to queue
[2023-04-05T11:17:22.372+0200] {logging_mixin.py:137} INFO - [2023-04-05T11:17:22.372+0200] {dagbag.py:532} INFO - Filling up the DagBag from /home/dejan/Desktop/airflow/py_env/lib/python3.10/site-packages/airflow/example_dags/example_task_group_decorator.py
[2023-04-05T11:17:22.392+0200] {processor.py:753} INFO - DAG(s) dict_keys(['example_task_group_decorator']) retrieved from /home/dejan/Desktop/airflow/py_env/lib/python3.10/site-packages/airflow/example_dags/example_task_group_decorator.py
[2023-04-05T11:17:22.409+0200] {logging_mixin.py:137} INFO - [2023-04-05T11:17:22.409+0200] {dag.py:2705} INFO - Sync 1 DAGs
[2023-04-05T11:17:22.422+0200] {logging_mixin.py:137} INFO - [2023-04-05T11:17:22.422+0200] {dag.py:3452} INFO - Setting next_dagrun for example_task_group_decorator to 2023-04-04T09:17:22.422324+00:00, run_after=2023-04-05T09:17:22.422324+00:00
[2023-04-05T11:17:22.438+0200] {processor.py:175} INFO - Processing /home/dejan/Desktop/airflow/py_env/lib/python3.10/site-packages/airflow/example_dags/example_task_group_decorator.py took 0.069 seconds
[2023-04-05T11:18:01.323+0200] {processor.py:153} INFO - Started process (PID=111134) to work on /home/dejan/Desktop/airflow/py_env/lib/python3.10/site-packages/airflow/example_dags/example_task_group_decorator.py
[2023-04-05T11:18:01.324+0200] {processor.py:743} INFO - Processing file /home/dejan/Desktop/airflow/py_env/lib/python3.10/site-packages/airflow/example_dags/example_task_group_decorator.py for tasks to queue
[2023-04-05T11:18:01.324+0200] {logging_mixin.py:137} INFO - [2023-04-05T11:18:01.324+0200] {dagbag.py:532} INFO - Filling up the DagBag from /home/dejan/Desktop/airflow/py_env/lib/python3.10/site-packages/airflow/example_dags/example_task_group_decorator.py
[2023-04-05T11:18:01.344+0200] {processor.py:753} INFO - DAG(s) dict_keys(['example_task_group_decorator']) retrieved from /home/dejan/Desktop/airflow/py_env/lib/python3.10/site-packages/airflow/example_dags/example_task_group_decorator.py
[2023-04-05T11:18:01.359+0200] {logging_mixin.py:137} INFO - [2023-04-05T11:18:01.359+0200] {dag.py:2705} INFO - Sync 1 DAGs
[2023-04-05T11:18:01.373+0200] {logging_mixin.py:137} INFO - [2023-04-05T11:18:01.373+0200] {dag.py:3452} INFO - Setting next_dagrun for example_task_group_decorator to 2023-04-04T09:18:01.373373+00:00, run_after=2023-04-05T09:18:01.373373+00:00
[2023-04-05T11:18:01.386+0200] {processor.py:175} INFO - Processing /home/dejan/Desktop/airflow/py_env/lib/python3.10/site-packages/airflow/example_dags/example_task_group_decorator.py took 0.064 seconds
