[2023-04-05T11:16:40.634+0200] {processor.py:153} INFO - Started process (PID=110606) to work on /home/dejan/Desktop/airflow/py_env/lib/python3.10/site-packages/airflow/example_dags/example_time_delta_sensor_async.py
[2023-04-05T11:16:40.634+0200] {processor.py:743} INFO - Processing file /home/dejan/Desktop/airflow/py_env/lib/python3.10/site-packages/airflow/example_dags/example_time_delta_sensor_async.py for tasks to queue
[2023-04-05T11:16:40.635+0200] {logging_mixin.py:137} INFO - [2023-04-05T11:16:40.635+0200] {dagbag.py:532} INFO - Filling up the DagBag from /home/dejan/Desktop/airflow/py_env/lib/python3.10/site-packages/airflow/example_dags/example_time_delta_sensor_async.py
[2023-04-05T11:16:40.644+0200] {processor.py:753} INFO - DAG(s) dict_keys(['example_time_delta_sensor_async']) retrieved from /home/dejan/Desktop/airflow/py_env/lib/python3.10/site-packages/airflow/example_dags/example_time_delta_sensor_async.py
[2023-04-05T11:16:40.719+0200] {logging_mixin.py:137} INFO - [2023-04-05T11:16:40.718+0200] {manager.py:504} INFO - Created Permission View: can read on DAG:example_time_delta_sensor_async
[2023-04-05T11:16:40.725+0200] {logging_mixin.py:137} INFO - [2023-04-05T11:16:40.725+0200] {manager.py:504} INFO - Created Permission View: can delete on DAG:example_time_delta_sensor_async
[2023-04-05T11:16:40.731+0200] {logging_mixin.py:137} INFO - [2023-04-05T11:16:40.731+0200] {manager.py:504} INFO - Created Permission View: can edit on DAG:example_time_delta_sensor_async
[2023-04-05T11:16:40.731+0200] {logging_mixin.py:137} INFO - [2023-04-05T11:16:40.731+0200] {dag.py:2705} INFO - Sync 1 DAGs
[2023-04-05T11:16:40.739+0200] {logging_mixin.py:137} INFO - [2023-04-05T11:16:40.739+0200] {dag.py:2726} INFO - Creating ORM DAG for example_time_delta_sensor_async
[2023-04-05T11:16:40.747+0200] {logging_mixin.py:137} INFO - [2023-04-05T11:16:40.747+0200] {dag.py:3452} INFO - Setting next_dagrun for example_time_delta_sensor_async to None, run_after=None
[2023-04-05T11:16:40.762+0200] {processor.py:175} INFO - Processing /home/dejan/Desktop/airflow/py_env/lib/python3.10/site-packages/airflow/example_dags/example_time_delta_sensor_async.py took 0.130 seconds
[2023-04-05T11:17:23.506+0200] {processor.py:153} INFO - Started process (PID=110923) to work on /home/dejan/Desktop/airflow/py_env/lib/python3.10/site-packages/airflow/example_dags/example_time_delta_sensor_async.py
[2023-04-05T11:17:23.507+0200] {processor.py:743} INFO - Processing file /home/dejan/Desktop/airflow/py_env/lib/python3.10/site-packages/airflow/example_dags/example_time_delta_sensor_async.py for tasks to queue
[2023-04-05T11:17:23.507+0200] {logging_mixin.py:137} INFO - [2023-04-05T11:17:23.507+0200] {dagbag.py:532} INFO - Filling up the DagBag from /home/dejan/Desktop/airflow/py_env/lib/python3.10/site-packages/airflow/example_dags/example_time_delta_sensor_async.py
[2023-04-05T11:17:23.516+0200] {processor.py:753} INFO - DAG(s) dict_keys(['example_time_delta_sensor_async']) retrieved from /home/dejan/Desktop/airflow/py_env/lib/python3.10/site-packages/airflow/example_dags/example_time_delta_sensor_async.py
[2023-04-05T11:17:23.529+0200] {logging_mixin.py:137} INFO - [2023-04-05T11:17:23.529+0200] {dag.py:2705} INFO - Sync 1 DAGs
[2023-04-05T11:17:23.546+0200] {logging_mixin.py:137} INFO - [2023-04-05T11:17:23.546+0200] {dag.py:3452} INFO - Setting next_dagrun for example_time_delta_sensor_async to None, run_after=None
[2023-04-05T11:17:23.564+0200] {processor.py:175} INFO - Processing /home/dejan/Desktop/airflow/py_env/lib/python3.10/site-packages/airflow/example_dags/example_time_delta_sensor_async.py took 0.059 seconds
[2023-04-05T11:18:02.462+0200] {processor.py:153} INFO - Started process (PID=111135) to work on /home/dejan/Desktop/airflow/py_env/lib/python3.10/site-packages/airflow/example_dags/example_time_delta_sensor_async.py
[2023-04-05T11:18:02.463+0200] {processor.py:743} INFO - Processing file /home/dejan/Desktop/airflow/py_env/lib/python3.10/site-packages/airflow/example_dags/example_time_delta_sensor_async.py for tasks to queue
[2023-04-05T11:18:02.463+0200] {logging_mixin.py:137} INFO - [2023-04-05T11:18:02.463+0200] {dagbag.py:532} INFO - Filling up the DagBag from /home/dejan/Desktop/airflow/py_env/lib/python3.10/site-packages/airflow/example_dags/example_time_delta_sensor_async.py
[2023-04-05T11:18:02.471+0200] {processor.py:753} INFO - DAG(s) dict_keys(['example_time_delta_sensor_async']) retrieved from /home/dejan/Desktop/airflow/py_env/lib/python3.10/site-packages/airflow/example_dags/example_time_delta_sensor_async.py
[2023-04-05T11:18:02.483+0200] {logging_mixin.py:137} INFO - [2023-04-05T11:18:02.483+0200] {dag.py:2705} INFO - Sync 1 DAGs
[2023-04-05T11:18:02.495+0200] {logging_mixin.py:137} INFO - [2023-04-05T11:18:02.495+0200] {dag.py:3452} INFO - Setting next_dagrun for example_time_delta_sensor_async to None, run_after=None
[2023-04-05T11:18:02.508+0200] {processor.py:175} INFO - Processing /home/dejan/Desktop/airflow/py_env/lib/python3.10/site-packages/airflow/example_dags/example_time_delta_sensor_async.py took 0.048 seconds
