[2023-04-05T11:17:02.846+0200] {processor.py:153} INFO - Started process (PID=110757) to work on /home/dejan/Desktop/airflow/py_env/lib/python3.10/site-packages/airflow/example_dags/example_branch_operator.py
[2023-04-05T11:17:02.847+0200] {processor.py:743} INFO - Processing file /home/dejan/Desktop/airflow/py_env/lib/python3.10/site-packages/airflow/example_dags/example_branch_operator.py for tasks to queue
[2023-04-05T11:17:02.847+0200] {logging_mixin.py:137} INFO - [2023-04-05T11:17:02.847+0200] {dagbag.py:532} INFO - Filling up the DagBag from /home/dejan/Desktop/airflow/py_env/lib/python3.10/site-packages/airflow/example_dags/example_branch_operator.py
[2023-04-05T11:17:02.860+0200] {processor.py:753} INFO - DAG(s) dict_keys(['example_branch_operator']) retrieved from /home/dejan/Desktop/airflow/py_env/lib/python3.10/site-packages/airflow/example_dags/example_branch_operator.py
[2023-04-05T11:17:02.935+0200] {logging_mixin.py:137} INFO - [2023-04-05T11:17:02.935+0200] {manager.py:504} INFO - Created Permission View: can read on DAG:example_branch_operator
[2023-04-05T11:17:02.941+0200] {logging_mixin.py:137} INFO - [2023-04-05T11:17:02.941+0200] {manager.py:504} INFO - Created Permission View: can delete on DAG:example_branch_operator
[2023-04-05T11:17:02.945+0200] {logging_mixin.py:137} INFO - [2023-04-05T11:17:02.945+0200] {manager.py:504} INFO - Created Permission View: can edit on DAG:example_branch_operator
[2023-04-05T11:17:02.946+0200] {logging_mixin.py:137} INFO - [2023-04-05T11:17:02.945+0200] {dag.py:2705} INFO - Sync 1 DAGs
[2023-04-05T11:17:02.953+0200] {logging_mixin.py:137} INFO - [2023-04-05T11:17:02.953+0200] {dag.py:2726} INFO - Creating ORM DAG for example_branch_operator
[2023-04-05T11:17:02.960+0200] {logging_mixin.py:137} INFO - [2023-04-05T11:17:02.960+0200] {dag.py:3452} INFO - Setting next_dagrun for example_branch_operator to 2023-04-04T00:00:00+00:00, run_after=2023-04-05T00:00:00+00:00
[2023-04-05T11:17:02.973+0200] {processor.py:175} INFO - Processing /home/dejan/Desktop/airflow/py_env/lib/python3.10/site-packages/airflow/example_dags/example_branch_operator.py took 0.128 seconds
[2023-04-05T11:17:42.933+0200] {processor.py:153} INFO - Started process (PID=111032) to work on /home/dejan/Desktop/airflow/py_env/lib/python3.10/site-packages/airflow/example_dags/example_branch_operator.py
[2023-04-05T11:17:42.933+0200] {processor.py:743} INFO - Processing file /home/dejan/Desktop/airflow/py_env/lib/python3.10/site-packages/airflow/example_dags/example_branch_operator.py for tasks to queue
[2023-04-05T11:17:42.934+0200] {logging_mixin.py:137} INFO - [2023-04-05T11:17:42.933+0200] {dagbag.py:532} INFO - Filling up the DagBag from /home/dejan/Desktop/airflow/py_env/lib/python3.10/site-packages/airflow/example_dags/example_branch_operator.py
[2023-04-05T11:17:42.947+0200] {processor.py:753} INFO - DAG(s) dict_keys(['example_branch_operator']) retrieved from /home/dejan/Desktop/airflow/py_env/lib/python3.10/site-packages/airflow/example_dags/example_branch_operator.py
[2023-04-05T11:17:42.962+0200] {logging_mixin.py:137} INFO - [2023-04-05T11:17:42.962+0200] {dag.py:2705} INFO - Sync 1 DAGs
[2023-04-05T11:17:42.976+0200] {logging_mixin.py:137} INFO - [2023-04-05T11:17:42.976+0200] {dag.py:3452} INFO - Setting next_dagrun for example_branch_operator to 2023-04-04T00:00:00+00:00, run_after=2023-04-05T00:00:00+00:00
[2023-04-05T11:17:42.990+0200] {processor.py:175} INFO - Processing /home/dejan/Desktop/airflow/py_env/lib/python3.10/site-packages/airflow/example_dags/example_branch_operator.py took 0.059 seconds
[2023-04-05T11:18:21.884+0200] {processor.py:153} INFO - Started process (PID=111176) to work on /home/dejan/Desktop/airflow/py_env/lib/python3.10/site-packages/airflow/example_dags/example_branch_operator.py
[2023-04-05T11:18:21.885+0200] {processor.py:743} INFO - Processing file /home/dejan/Desktop/airflow/py_env/lib/python3.10/site-packages/airflow/example_dags/example_branch_operator.py for tasks to queue
[2023-04-05T11:18:21.885+0200] {logging_mixin.py:137} INFO - [2023-04-05T11:18:21.885+0200] {dagbag.py:532} INFO - Filling up the DagBag from /home/dejan/Desktop/airflow/py_env/lib/python3.10/site-packages/airflow/example_dags/example_branch_operator.py
[2023-04-05T11:18:21.896+0200] {processor.py:753} INFO - DAG(s) dict_keys(['example_branch_operator']) retrieved from /home/dejan/Desktop/airflow/py_env/lib/python3.10/site-packages/airflow/example_dags/example_branch_operator.py
[2023-04-05T11:18:21.909+0200] {logging_mixin.py:137} INFO - [2023-04-05T11:18:21.909+0200] {dag.py:2705} INFO - Sync 1 DAGs
[2023-04-05T11:18:21.923+0200] {logging_mixin.py:137} INFO - [2023-04-05T11:18:21.923+0200] {dag.py:3452} INFO - Setting next_dagrun for example_branch_operator to 2023-04-04T00:00:00+00:00, run_after=2023-04-05T00:00:00+00:00
[2023-04-05T11:18:21.937+0200] {processor.py:175} INFO - Processing /home/dejan/Desktop/airflow/py_env/lib/python3.10/site-packages/airflow/example_dags/example_branch_operator.py took 0.054 seconds
