[2023-04-05T11:17:13.323+0200] {processor.py:153} INFO - Started process (PID=110839) to work on /home/dejan/Desktop/airflow/py_env/lib/python3.10/site-packages/airflow/example_dags/example_branch_datetime_operator.py
[2023-04-05T11:17:13.323+0200] {processor.py:743} INFO - Processing file /home/dejan/Desktop/airflow/py_env/lib/python3.10/site-packages/airflow/example_dags/example_branch_datetime_operator.py for tasks to queue
[2023-04-05T11:17:13.324+0200] {logging_mixin.py:137} INFO - [2023-04-05T11:17:13.323+0200] {dagbag.py:532} INFO - Filling up the DagBag from /home/dejan/Desktop/airflow/py_env/lib/python3.10/site-packages/airflow/example_dags/example_branch_datetime_operator.py
[2023-04-05T11:17:13.338+0200] {processor.py:753} INFO - DAG(s) dict_keys(['example_branch_datetime_operator_3', 'example_branch_datetime_operator_2', 'example_branch_datetime_operator']) retrieved from /home/dejan/Desktop/airflow/py_env/lib/python3.10/site-packages/airflow/example_dags/example_branch_datetime_operator.py
[2023-04-05T11:17:13.411+0200] {logging_mixin.py:137} INFO - [2023-04-05T11:17:13.411+0200] {manager.py:504} INFO - Created Permission View: can read on DAG:example_branch_datetime_operator_3
[2023-04-05T11:17:13.418+0200] {logging_mixin.py:137} INFO - [2023-04-05T11:17:13.418+0200] {manager.py:504} INFO - Created Permission View: can delete on DAG:example_branch_datetime_operator_3
[2023-04-05T11:17:13.423+0200] {logging_mixin.py:137} INFO - [2023-04-05T11:17:13.423+0200] {manager.py:504} INFO - Created Permission View: can edit on DAG:example_branch_datetime_operator_3
[2023-04-05T11:17:13.436+0200] {logging_mixin.py:137} INFO - [2023-04-05T11:17:13.436+0200] {manager.py:504} INFO - Created Permission View: can read on DAG:example_branch_datetime_operator_2
[2023-04-05T11:17:13.441+0200] {logging_mixin.py:137} INFO - [2023-04-05T11:17:13.441+0200] {manager.py:504} INFO - Created Permission View: can delete on DAG:example_branch_datetime_operator_2
[2023-04-05T11:17:13.446+0200] {logging_mixin.py:137} INFO - [2023-04-05T11:17:13.446+0200] {manager.py:504} INFO - Created Permission View: can edit on DAG:example_branch_datetime_operator_2
[2023-04-05T11:17:13.457+0200] {logging_mixin.py:137} INFO - [2023-04-05T11:17:13.457+0200] {manager.py:504} INFO - Created Permission View: can read on DAG:example_branch_datetime_operator
[2023-04-05T11:17:13.462+0200] {logging_mixin.py:137} INFO - [2023-04-05T11:17:13.461+0200] {manager.py:504} INFO - Created Permission View: can delete on DAG:example_branch_datetime_operator
[2023-04-05T11:17:13.467+0200] {logging_mixin.py:137} INFO - [2023-04-05T11:17:13.466+0200] {manager.py:504} INFO - Created Permission View: can edit on DAG:example_branch_datetime_operator
[2023-04-05T11:17:13.467+0200] {logging_mixin.py:137} INFO - [2023-04-05T11:17:13.467+0200] {dag.py:2705} INFO - Sync 3 DAGs
[2023-04-05T11:17:13.475+0200] {logging_mixin.py:137} INFO - [2023-04-05T11:17:13.475+0200] {dag.py:2726} INFO - Creating ORM DAG for example_branch_datetime_operator
[2023-04-05T11:17:13.475+0200] {logging_mixin.py:137} INFO - [2023-04-05T11:17:13.475+0200] {dag.py:2726} INFO - Creating ORM DAG for example_branch_datetime_operator_2
[2023-04-05T11:17:13.475+0200] {logging_mixin.py:137} INFO - [2023-04-05T11:17:13.475+0200] {dag.py:2726} INFO - Creating ORM DAG for example_branch_datetime_operator_3
[2023-04-05T11:17:13.483+0200] {logging_mixin.py:137} INFO - [2023-04-05T11:17:13.483+0200] {dag.py:3452} INFO - Setting next_dagrun for example_branch_datetime_operator to 2023-04-04T00:00:00+00:00, run_after=2023-04-05T00:00:00+00:00
[2023-04-05T11:17:13.485+0200] {logging_mixin.py:137} INFO - [2023-04-05T11:17:13.485+0200] {dag.py:3452} INFO - Setting next_dagrun for example_branch_datetime_operator_2 to 2023-04-04T00:00:00+00:00, run_after=2023-04-05T00:00:00+00:00
[2023-04-05T11:17:13.486+0200] {logging_mixin.py:137} INFO - [2023-04-05T11:17:13.486+0200] {dag.py:3452} INFO - Setting next_dagrun for example_branch_datetime_operator_3 to 2023-04-04T00:00:00+00:00, run_after=2023-04-05T00:00:00+00:00
[2023-04-05T11:17:13.500+0200] {processor.py:175} INFO - Processing /home/dejan/Desktop/airflow/py_env/lib/python3.10/site-packages/airflow/example_dags/example_branch_datetime_operator.py took 0.179 seconds
[2023-04-05T11:17:52.182+0200] {processor.py:153} INFO - Started process (PID=111114) to work on /home/dejan/Desktop/airflow/py_env/lib/python3.10/site-packages/airflow/example_dags/example_branch_datetime_operator.py
[2023-04-05T11:17:52.183+0200] {processor.py:743} INFO - Processing file /home/dejan/Desktop/airflow/py_env/lib/python3.10/site-packages/airflow/example_dags/example_branch_datetime_operator.py for tasks to queue
[2023-04-05T11:17:52.183+0200] {logging_mixin.py:137} INFO - [2023-04-05T11:17:52.183+0200] {dagbag.py:532} INFO - Filling up the DagBag from /home/dejan/Desktop/airflow/py_env/lib/python3.10/site-packages/airflow/example_dags/example_branch_datetime_operator.py
[2023-04-05T11:17:52.196+0200] {processor.py:753} INFO - DAG(s) dict_keys(['example_branch_datetime_operator', 'example_branch_datetime_operator_2', 'example_branch_datetime_operator_3']) retrieved from /home/dejan/Desktop/airflow/py_env/lib/python3.10/site-packages/airflow/example_dags/example_branch_datetime_operator.py
[2023-04-05T11:17:52.212+0200] {logging_mixin.py:137} INFO - [2023-04-05T11:17:52.212+0200] {dag.py:2705} INFO - Sync 3 DAGs
[2023-04-05T11:17:52.226+0200] {logging_mixin.py:137} INFO - [2023-04-05T11:17:52.225+0200] {dag.py:3452} INFO - Setting next_dagrun for example_branch_datetime_operator to 2023-04-04T00:00:00+00:00, run_after=2023-04-05T00:00:00+00:00
[2023-04-05T11:17:52.228+0200] {logging_mixin.py:137} INFO - [2023-04-05T11:17:52.228+0200] {dag.py:3452} INFO - Setting next_dagrun for example_branch_datetime_operator_2 to 2023-04-04T00:00:00+00:00, run_after=2023-04-05T00:00:00+00:00
[2023-04-05T11:17:52.230+0200] {logging_mixin.py:137} INFO - [2023-04-05T11:17:52.230+0200] {dag.py:3452} INFO - Setting next_dagrun for example_branch_datetime_operator_3 to 2023-04-04T00:00:00+00:00, run_after=2023-04-05T00:00:00+00:00
[2023-04-05T11:17:52.241+0200] {processor.py:175} INFO - Processing /home/dejan/Desktop/airflow/py_env/lib/python3.10/site-packages/airflow/example_dags/example_branch_datetime_operator.py took 0.061 seconds
[2023-04-05T11:18:32.168+0200] {processor.py:153} INFO - Started process (PID=111202) to work on /home/dejan/Desktop/airflow/py_env/lib/python3.10/site-packages/airflow/example_dags/example_branch_datetime_operator.py
[2023-04-05T11:18:32.168+0200] {processor.py:743} INFO - Processing file /home/dejan/Desktop/airflow/py_env/lib/python3.10/site-packages/airflow/example_dags/example_branch_datetime_operator.py for tasks to queue
[2023-04-05T11:18:32.169+0200] {logging_mixin.py:137} INFO - [2023-04-05T11:18:32.169+0200] {dagbag.py:532} INFO - Filling up the DagBag from /home/dejan/Desktop/airflow/py_env/lib/python3.10/site-packages/airflow/example_dags/example_branch_datetime_operator.py
[2023-04-05T11:18:32.180+0200] {processor.py:753} INFO - DAG(s) dict_keys(['example_branch_datetime_operator_3', 'example_branch_datetime_operator', 'example_branch_datetime_operator_2']) retrieved from /home/dejan/Desktop/airflow/py_env/lib/python3.10/site-packages/airflow/example_dags/example_branch_datetime_operator.py
[2023-04-05T11:18:32.197+0200] {logging_mixin.py:137} INFO - [2023-04-05T11:18:32.197+0200] {dag.py:2705} INFO - Sync 3 DAGs
[2023-04-05T11:18:32.211+0200] {logging_mixin.py:137} INFO - [2023-04-05T11:18:32.211+0200] {dag.py:3452} INFO - Setting next_dagrun for example_branch_datetime_operator to 2023-04-04T00:00:00+00:00, run_after=2023-04-05T00:00:00+00:00
[2023-04-05T11:18:32.214+0200] {logging_mixin.py:137} INFO - [2023-04-05T11:18:32.214+0200] {dag.py:3452} INFO - Setting next_dagrun for example_branch_datetime_operator_2 to 2023-04-04T00:00:00+00:00, run_after=2023-04-05T00:00:00+00:00
[2023-04-05T11:18:32.216+0200] {logging_mixin.py:137} INFO - [2023-04-05T11:18:32.216+0200] {dag.py:3452} INFO - Setting next_dagrun for example_branch_datetime_operator_3 to 2023-04-04T00:00:00+00:00, run_after=2023-04-05T00:00:00+00:00
[2023-04-05T11:18:32.228+0200] {processor.py:175} INFO - Processing /home/dejan/Desktop/airflow/py_env/lib/python3.10/site-packages/airflow/example_dags/example_branch_datetime_operator.py took 0.062 seconds
