[2023-04-05T11:17:10.851+0200] {processor.py:153} INFO - Started process (PID=110807) to work on /home/dejan/Desktop/airflow/py_env/lib/python3.10/site-packages/airflow/example_dags/example_local_kubernetes_executor.py
[2023-04-05T11:17:10.852+0200] {processor.py:743} INFO - Processing file /home/dejan/Desktop/airflow/py_env/lib/python3.10/site-packages/airflow/example_dags/example_local_kubernetes_executor.py for tasks to queue
[2023-04-05T11:17:10.852+0200] {logging_mixin.py:137} INFO - [2023-04-05T11:17:10.852+0200] {dagbag.py:532} INFO - Filling up the DagBag from /home/dejan/Desktop/airflow/py_env/lib/python3.10/site-packages/airflow/example_dags/example_local_kubernetes_executor.py
[2023-04-05T11:17:10.863+0200] {logging_mixin.py:137} INFO - [2023-04-05T11:17:10.863+0200] {example_local_kubernetes_executor.py:39} WARNING - Could not import DAGs in example_local_kubernetes_executor.py
Traceback (most recent call last):
  File "/home/dejan/Desktop/airflow/py_env/lib/python3.10/site-packages/airflow/example_dags/example_local_kubernetes_executor.py", line 37, in <module>
    from kubernetes.client import models as k8s
ModuleNotFoundError: No module named 'kubernetes'
[2023-04-05T11:17:10.863+0200] {logging_mixin.py:137} INFO - [2023-04-05T11:17:10.863+0200] {example_local_kubernetes_executor.py:40} WARNING - Install Kubernetes dependencies with: pip install apache-airflow[cncf.kubernetes]
[2023-04-05T11:17:10.863+0200] {processor.py:755} WARNING - No viable dags retrieved from /home/dejan/Desktop/airflow/py_env/lib/python3.10/site-packages/airflow/example_dags/example_local_kubernetes_executor.py
[2023-04-05T11:17:10.869+0200] {processor.py:175} INFO - Processing /home/dejan/Desktop/airflow/py_env/lib/python3.10/site-packages/airflow/example_dags/example_local_kubernetes_executor.py took 0.019 seconds
[2023-04-05T11:17:50.159+0200] {processor.py:153} INFO - Started process (PID=111094) to work on /home/dejan/Desktop/airflow/py_env/lib/python3.10/site-packages/airflow/example_dags/example_local_kubernetes_executor.py
[2023-04-05T11:17:50.160+0200] {processor.py:743} INFO - Processing file /home/dejan/Desktop/airflow/py_env/lib/python3.10/site-packages/airflow/example_dags/example_local_kubernetes_executor.py for tasks to queue
[2023-04-05T11:17:50.161+0200] {logging_mixin.py:137} INFO - [2023-04-05T11:17:50.161+0200] {dagbag.py:532} INFO - Filling up the DagBag from /home/dejan/Desktop/airflow/py_env/lib/python3.10/site-packages/airflow/example_dags/example_local_kubernetes_executor.py
[2023-04-05T11:17:50.172+0200] {logging_mixin.py:137} INFO - [2023-04-05T11:17:50.172+0200] {example_local_kubernetes_executor.py:39} WARNING - Could not import DAGs in example_local_kubernetes_executor.py
Traceback (most recent call last):
  File "/home/dejan/Desktop/airflow/py_env/lib/python3.10/site-packages/airflow/example_dags/example_local_kubernetes_executor.py", line 37, in <module>
    from kubernetes.client import models as k8s
ModuleNotFoundError: No module named 'kubernetes'
[2023-04-05T11:17:50.172+0200] {logging_mixin.py:137} INFO - [2023-04-05T11:17:50.172+0200] {example_local_kubernetes_executor.py:40} WARNING - Install Kubernetes dependencies with: pip install apache-airflow[cncf.kubernetes]
[2023-04-05T11:17:50.173+0200] {processor.py:755} WARNING - No viable dags retrieved from /home/dejan/Desktop/airflow/py_env/lib/python3.10/site-packages/airflow/example_dags/example_local_kubernetes_executor.py
[2023-04-05T11:17:50.178+0200] {processor.py:175} INFO - Processing /home/dejan/Desktop/airflow/py_env/lib/python3.10/site-packages/airflow/example_dags/example_local_kubernetes_executor.py took 0.020 seconds
[2023-04-05T11:18:30.434+0200] {processor.py:153} INFO - Started process (PID=111195) to work on /home/dejan/Desktop/airflow/py_env/lib/python3.10/site-packages/airflow/example_dags/example_local_kubernetes_executor.py
[2023-04-05T11:18:30.435+0200] {processor.py:743} INFO - Processing file /home/dejan/Desktop/airflow/py_env/lib/python3.10/site-packages/airflow/example_dags/example_local_kubernetes_executor.py for tasks to queue
[2023-04-05T11:18:30.435+0200] {logging_mixin.py:137} INFO - [2023-04-05T11:18:30.435+0200] {dagbag.py:532} INFO - Filling up the DagBag from /home/dejan/Desktop/airflow/py_env/lib/python3.10/site-packages/airflow/example_dags/example_local_kubernetes_executor.py
[2023-04-05T11:18:30.446+0200] {logging_mixin.py:137} INFO - [2023-04-05T11:18:30.446+0200] {example_local_kubernetes_executor.py:39} WARNING - Could not import DAGs in example_local_kubernetes_executor.py
Traceback (most recent call last):
  File "/home/dejan/Desktop/airflow/py_env/lib/python3.10/site-packages/airflow/example_dags/example_local_kubernetes_executor.py", line 37, in <module>
    from kubernetes.client import models as k8s
ModuleNotFoundError: No module named 'kubernetes'
[2023-04-05T11:18:30.446+0200] {logging_mixin.py:137} INFO - [2023-04-05T11:18:30.446+0200] {example_local_kubernetes_executor.py:40} WARNING - Install Kubernetes dependencies with: pip install apache-airflow[cncf.kubernetes]
[2023-04-05T11:18:30.446+0200] {processor.py:755} WARNING - No viable dags retrieved from /home/dejan/Desktop/airflow/py_env/lib/python3.10/site-packages/airflow/example_dags/example_local_kubernetes_executor.py
[2023-04-05T11:18:30.451+0200] {processor.py:175} INFO - Processing /home/dejan/Desktop/airflow/py_env/lib/python3.10/site-packages/airflow/example_dags/example_local_kubernetes_executor.py took 0.019 seconds
