[2023-04-05T11:17:05.612+0200] {processor.py:153} INFO - Started process (PID=110768) to work on /home/dejan/Desktop/airflow/py_env/lib/python3.10/site-packages/airflow/example_dags/example_branch_labels.py
[2023-04-05T11:17:05.613+0200] {processor.py:743} INFO - Processing file /home/dejan/Desktop/airflow/py_env/lib/python3.10/site-packages/airflow/example_dags/example_branch_labels.py for tasks to queue
[2023-04-05T11:17:05.613+0200] {logging_mixin.py:137} INFO - [2023-04-05T11:17:05.613+0200] {dagbag.py:532} INFO - Filling up the DagBag from /home/dejan/Desktop/airflow/py_env/lib/python3.10/site-packages/airflow/example_dags/example_branch_labels.py
[2023-04-05T11:17:05.625+0200] {processor.py:753} INFO - DAG(s) dict_keys(['example_branch_labels']) retrieved from /home/dejan/Desktop/airflow/py_env/lib/python3.10/site-packages/airflow/example_dags/example_branch_labels.py
[2023-04-05T11:17:05.702+0200] {logging_mixin.py:137} INFO - [2023-04-05T11:17:05.702+0200] {manager.py:504} INFO - Created Permission View: can read on DAG:example_branch_labels
[2023-04-05T11:17:05.708+0200] {logging_mixin.py:137} INFO - [2023-04-05T11:17:05.708+0200] {manager.py:504} INFO - Created Permission View: can delete on DAG:example_branch_labels
[2023-04-05T11:17:05.712+0200] {logging_mixin.py:137} INFO - [2023-04-05T11:17:05.712+0200] {manager.py:504} INFO - Created Permission View: can edit on DAG:example_branch_labels
[2023-04-05T11:17:05.713+0200] {logging_mixin.py:137} INFO - [2023-04-05T11:17:05.713+0200] {dag.py:2705} INFO - Sync 1 DAGs
[2023-04-05T11:17:05.721+0200] {logging_mixin.py:137} INFO - [2023-04-05T11:17:05.720+0200] {dag.py:2726} INFO - Creating ORM DAG for example_branch_labels
[2023-04-05T11:17:05.728+0200] {logging_mixin.py:137} INFO - [2023-04-05T11:17:05.728+0200] {dag.py:3452} INFO - Setting next_dagrun for example_branch_labels to 2023-04-04T00:00:00+00:00, run_after=2023-04-05T00:00:00+00:00
[2023-04-05T11:17:05.739+0200] {processor.py:175} INFO - Processing /home/dejan/Desktop/airflow/py_env/lib/python3.10/site-packages/airflow/example_dags/example_branch_labels.py took 0.128 seconds
[2023-04-05T11:17:45.600+0200] {processor.py:153} INFO - Started process (PID=111068) to work on /home/dejan/Desktop/airflow/py_env/lib/python3.10/site-packages/airflow/example_dags/example_branch_labels.py
[2023-04-05T11:17:45.601+0200] {processor.py:743} INFO - Processing file /home/dejan/Desktop/airflow/py_env/lib/python3.10/site-packages/airflow/example_dags/example_branch_labels.py for tasks to queue
[2023-04-05T11:17:45.601+0200] {logging_mixin.py:137} INFO - [2023-04-05T11:17:45.601+0200] {dagbag.py:532} INFO - Filling up the DagBag from /home/dejan/Desktop/airflow/py_env/lib/python3.10/site-packages/airflow/example_dags/example_branch_labels.py
[2023-04-05T11:17:45.611+0200] {processor.py:753} INFO - DAG(s) dict_keys(['example_branch_labels']) retrieved from /home/dejan/Desktop/airflow/py_env/lib/python3.10/site-packages/airflow/example_dags/example_branch_labels.py
[2023-04-05T11:17:45.625+0200] {logging_mixin.py:137} INFO - [2023-04-05T11:17:45.624+0200] {dag.py:2705} INFO - Sync 1 DAGs
[2023-04-05T11:17:45.639+0200] {logging_mixin.py:137} INFO - [2023-04-05T11:17:45.639+0200] {dag.py:3452} INFO - Setting next_dagrun for example_branch_labels to 2023-04-04T00:00:00+00:00, run_after=2023-04-05T00:00:00+00:00
[2023-04-05T11:17:45.652+0200] {processor.py:175} INFO - Processing /home/dejan/Desktop/airflow/py_env/lib/python3.10/site-packages/airflow/example_dags/example_branch_labels.py took 0.054 seconds
[2023-04-05T11:18:25.028+0200] {processor.py:153} INFO - Started process (PID=111181) to work on /home/dejan/Desktop/airflow/py_env/lib/python3.10/site-packages/airflow/example_dags/example_branch_labels.py
[2023-04-05T11:18:25.029+0200] {processor.py:743} INFO - Processing file /home/dejan/Desktop/airflow/py_env/lib/python3.10/site-packages/airflow/example_dags/example_branch_labels.py for tasks to queue
[2023-04-05T11:18:25.029+0200] {logging_mixin.py:137} INFO - [2023-04-05T11:18:25.029+0200] {dagbag.py:532} INFO - Filling up the DagBag from /home/dejan/Desktop/airflow/py_env/lib/python3.10/site-packages/airflow/example_dags/example_branch_labels.py
[2023-04-05T11:18:25.038+0200] {processor.py:753} INFO - DAG(s) dict_keys(['example_branch_labels']) retrieved from /home/dejan/Desktop/airflow/py_env/lib/python3.10/site-packages/airflow/example_dags/example_branch_labels.py
[2023-04-05T11:18:25.052+0200] {logging_mixin.py:137} INFO - [2023-04-05T11:18:25.052+0200] {dag.py:2705} INFO - Sync 1 DAGs
[2023-04-05T11:18:25.066+0200] {logging_mixin.py:137} INFO - [2023-04-05T11:18:25.066+0200] {dag.py:3452} INFO - Setting next_dagrun for example_branch_labels to 2023-04-04T00:00:00+00:00, run_after=2023-04-05T00:00:00+00:00
[2023-04-05T11:18:25.079+0200] {processor.py:175} INFO - Processing /home/dejan/Desktop/airflow/py_env/lib/python3.10/site-packages/airflow/example_dags/example_branch_labels.py took 0.053 seconds
