[2023-04-05T11:17:14.853+0200] {processor.py:153} INFO - Started process (PID=110844) to work on /home/dejan/Desktop/airflow/py_env/lib/python3.10/site-packages/airflow/example_dags/example_external_task_marker_dag.py
[2023-04-05T11:17:14.854+0200] {processor.py:743} INFO - Processing file /home/dejan/Desktop/airflow/py_env/lib/python3.10/site-packages/airflow/example_dags/example_external_task_marker_dag.py for tasks to queue
[2023-04-05T11:17:14.855+0200] {logging_mixin.py:137} INFO - [2023-04-05T11:17:14.854+0200] {dagbag.py:532} INFO - Filling up the DagBag from /home/dejan/Desktop/airflow/py_env/lib/python3.10/site-packages/airflow/example_dags/example_external_task_marker_dag.py
[2023-04-05T11:17:14.865+0200] {processor.py:753} INFO - DAG(s) dict_keys(['example_external_task_marker_child', 'example_external_task_marker_parent']) retrieved from /home/dejan/Desktop/airflow/py_env/lib/python3.10/site-packages/airflow/example_dags/example_external_task_marker_dag.py
[2023-04-05T11:17:14.946+0200] {logging_mixin.py:137} INFO - [2023-04-05T11:17:14.946+0200] {manager.py:504} INFO - Created Permission View: can read on DAG:example_external_task_marker_child
[2023-04-05T11:17:14.956+0200] {logging_mixin.py:137} INFO - [2023-04-05T11:17:14.956+0200] {manager.py:504} INFO - Created Permission View: can delete on DAG:example_external_task_marker_child
[2023-04-05T11:17:14.963+0200] {logging_mixin.py:137} INFO - [2023-04-05T11:17:14.963+0200] {manager.py:504} INFO - Created Permission View: can edit on DAG:example_external_task_marker_child
[2023-04-05T11:17:14.978+0200] {logging_mixin.py:137} INFO - [2023-04-05T11:17:14.977+0200] {manager.py:504} INFO - Created Permission View: can read on DAG:example_external_task_marker_parent
[2023-04-05T11:17:14.986+0200] {logging_mixin.py:137} INFO - [2023-04-05T11:17:14.985+0200] {manager.py:504} INFO - Created Permission View: can delete on DAG:example_external_task_marker_parent
[2023-04-05T11:17:14.993+0200] {logging_mixin.py:137} INFO - [2023-04-05T11:17:14.992+0200] {manager.py:504} INFO - Created Permission View: can edit on DAG:example_external_task_marker_parent
[2023-04-05T11:17:14.993+0200] {logging_mixin.py:137} INFO - [2023-04-05T11:17:14.993+0200] {dag.py:2705} INFO - Sync 2 DAGs
[2023-04-05T11:17:15.002+0200] {logging_mixin.py:137} INFO - [2023-04-05T11:17:15.002+0200] {dag.py:2726} INFO - Creating ORM DAG for example_external_task_marker_parent
[2023-04-05T11:17:15.002+0200] {logging_mixin.py:137} INFO - [2023-04-05T11:17:15.002+0200] {dag.py:2726} INFO - Creating ORM DAG for example_external_task_marker_child
[2023-04-05T11:17:15.008+0200] {logging_mixin.py:137} INFO - [2023-04-05T11:17:15.008+0200] {dag.py:3452} INFO - Setting next_dagrun for example_external_task_marker_child to None, run_after=None
[2023-04-05T11:17:15.008+0200] {logging_mixin.py:137} INFO - [2023-04-05T11:17:15.008+0200] {dag.py:3452} INFO - Setting next_dagrun for example_external_task_marker_parent to None, run_after=None
[2023-04-05T11:17:15.021+0200] {processor.py:175} INFO - Processing /home/dejan/Desktop/airflow/py_env/lib/python3.10/site-packages/airflow/example_dags/example_external_task_marker_dag.py took 0.170 seconds
[2023-04-05T11:17:54.446+0200] {processor.py:153} INFO - Started process (PID=111118) to work on /home/dejan/Desktop/airflow/py_env/lib/python3.10/site-packages/airflow/example_dags/example_external_task_marker_dag.py
[2023-04-05T11:17:54.447+0200] {processor.py:743} INFO - Processing file /home/dejan/Desktop/airflow/py_env/lib/python3.10/site-packages/airflow/example_dags/example_external_task_marker_dag.py for tasks to queue
[2023-04-05T11:17:54.447+0200] {logging_mixin.py:137} INFO - [2023-04-05T11:17:54.447+0200] {dagbag.py:532} INFO - Filling up the DagBag from /home/dejan/Desktop/airflow/py_env/lib/python3.10/site-packages/airflow/example_dags/example_external_task_marker_dag.py
[2023-04-05T11:17:54.457+0200] {processor.py:753} INFO - DAG(s) dict_keys(['example_external_task_marker_child', 'example_external_task_marker_parent']) retrieved from /home/dejan/Desktop/airflow/py_env/lib/python3.10/site-packages/airflow/example_dags/example_external_task_marker_dag.py
[2023-04-05T11:17:54.469+0200] {logging_mixin.py:137} INFO - [2023-04-05T11:17:54.469+0200] {dag.py:2705} INFO - Sync 2 DAGs
[2023-04-05T11:17:54.482+0200] {logging_mixin.py:137} INFO - [2023-04-05T11:17:54.482+0200] {dag.py:3452} INFO - Setting next_dagrun for example_external_task_marker_child to None, run_after=None
[2023-04-05T11:17:54.483+0200] {logging_mixin.py:137} INFO - [2023-04-05T11:17:54.483+0200] {dag.py:3452} INFO - Setting next_dagrun for example_external_task_marker_parent to None, run_after=None
[2023-04-05T11:17:54.494+0200] {processor.py:175} INFO - Processing /home/dejan/Desktop/airflow/py_env/lib/python3.10/site-packages/airflow/example_dags/example_external_task_marker_dag.py took 0.050 seconds
[2023-04-05T11:18:34.429+0200] {processor.py:153} INFO - Started process (PID=111204) to work on /home/dejan/Desktop/airflow/py_env/lib/python3.10/site-packages/airflow/example_dags/example_external_task_marker_dag.py
[2023-04-05T11:18:34.430+0200] {processor.py:743} INFO - Processing file /home/dejan/Desktop/airflow/py_env/lib/python3.10/site-packages/airflow/example_dags/example_external_task_marker_dag.py for tasks to queue
[2023-04-05T11:18:34.431+0200] {logging_mixin.py:137} INFO - [2023-04-05T11:18:34.431+0200] {dagbag.py:532} INFO - Filling up the DagBag from /home/dejan/Desktop/airflow/py_env/lib/python3.10/site-packages/airflow/example_dags/example_external_task_marker_dag.py
[2023-04-05T11:18:34.439+0200] {processor.py:753} INFO - DAG(s) dict_keys(['example_external_task_marker_child', 'example_external_task_marker_parent']) retrieved from /home/dejan/Desktop/airflow/py_env/lib/python3.10/site-packages/airflow/example_dags/example_external_task_marker_dag.py
[2023-04-05T11:18:34.453+0200] {logging_mixin.py:137} INFO - [2023-04-05T11:18:34.453+0200] {dag.py:2705} INFO - Sync 2 DAGs
[2023-04-05T11:18:34.466+0200] {logging_mixin.py:137} INFO - [2023-04-05T11:18:34.466+0200] {dag.py:3452} INFO - Setting next_dagrun for example_external_task_marker_child to None, run_after=None
[2023-04-05T11:18:34.468+0200] {logging_mixin.py:137} INFO - [2023-04-05T11:18:34.467+0200] {dag.py:3452} INFO - Setting next_dagrun for example_external_task_marker_parent to None, run_after=None
[2023-04-05T11:18:34.480+0200] {processor.py:175} INFO - Processing /home/dejan/Desktop/airflow/py_env/lib/python3.10/site-packages/airflow/example_dags/example_external_task_marker_dag.py took 0.052 seconds
