[2023-04-05T11:16:45.879+0200] {processor.py:153} INFO - Started process (PID=110664) to work on /home/dejan/Desktop/airflow/py_env/lib/python3.10/site-packages/airflow/example_dags/example_skip_dag.py
[2023-04-05T11:16:45.879+0200] {processor.py:743} INFO - Processing file /home/dejan/Desktop/airflow/py_env/lib/python3.10/site-packages/airflow/example_dags/example_skip_dag.py for tasks to queue
[2023-04-05T11:16:45.880+0200] {logging_mixin.py:137} INFO - [2023-04-05T11:16:45.880+0200] {dagbag.py:532} INFO - Filling up the DagBag from /home/dejan/Desktop/airflow/py_env/lib/python3.10/site-packages/airflow/example_dags/example_skip_dag.py
[2023-04-05T11:16:45.889+0200] {processor.py:753} INFO - DAG(s) dict_keys(['example_skip_dag']) retrieved from /home/dejan/Desktop/airflow/py_env/lib/python3.10/site-packages/airflow/example_dags/example_skip_dag.py
[2023-04-05T11:16:45.959+0200] {logging_mixin.py:137} INFO - [2023-04-05T11:16:45.959+0200] {manager.py:504} INFO - Created Permission View: can read on DAG:example_skip_dag
[2023-04-05T11:16:45.965+0200] {logging_mixin.py:137} INFO - [2023-04-05T11:16:45.965+0200] {manager.py:504} INFO - Created Permission View: can delete on DAG:example_skip_dag
[2023-04-05T11:16:45.970+0200] {logging_mixin.py:137} INFO - [2023-04-05T11:16:45.970+0200] {manager.py:504} INFO - Created Permission View: can edit on DAG:example_skip_dag
[2023-04-05T11:16:45.970+0200] {logging_mixin.py:137} INFO - [2023-04-05T11:16:45.970+0200] {dag.py:2705} INFO - Sync 1 DAGs
[2023-04-05T11:16:45.977+0200] {logging_mixin.py:137} INFO - [2023-04-05T11:16:45.977+0200] {dag.py:2726} INFO - Creating ORM DAG for example_skip_dag
[2023-04-05T11:16:45.983+0200] {logging_mixin.py:137} INFO - [2023-04-05T11:16:45.983+0200] {dag.py:3452} INFO - Setting next_dagrun for example_skip_dag to 2023-04-04T09:16:45.983413+00:00, run_after=2023-04-05T09:16:45.983413+00:00
[2023-04-05T11:16:45.996+0200] {processor.py:175} INFO - Processing /home/dejan/Desktop/airflow/py_env/lib/python3.10/site-packages/airflow/example_dags/example_skip_dag.py took 0.119 seconds
[2023-04-05T11:17:28.646+0200] {processor.py:153} INFO - Started process (PID=110968) to work on /home/dejan/Desktop/airflow/py_env/lib/python3.10/site-packages/airflow/example_dags/example_skip_dag.py
[2023-04-05T11:17:28.647+0200] {processor.py:743} INFO - Processing file /home/dejan/Desktop/airflow/py_env/lib/python3.10/site-packages/airflow/example_dags/example_skip_dag.py for tasks to queue
[2023-04-05T11:17:28.647+0200] {logging_mixin.py:137} INFO - [2023-04-05T11:17:28.647+0200] {dagbag.py:532} INFO - Filling up the DagBag from /home/dejan/Desktop/airflow/py_env/lib/python3.10/site-packages/airflow/example_dags/example_skip_dag.py
[2023-04-05T11:17:28.657+0200] {processor.py:753} INFO - DAG(s) dict_keys(['example_skip_dag']) retrieved from /home/dejan/Desktop/airflow/py_env/lib/python3.10/site-packages/airflow/example_dags/example_skip_dag.py
[2023-04-05T11:17:28.670+0200] {logging_mixin.py:137} INFO - [2023-04-05T11:17:28.670+0200] {dag.py:2705} INFO - Sync 1 DAGs
[2023-04-05T11:17:28.684+0200] {logging_mixin.py:137} INFO - [2023-04-05T11:17:28.684+0200] {dag.py:3452} INFO - Setting next_dagrun for example_skip_dag to 2023-04-04T09:17:28.684524+00:00, run_after=2023-04-05T09:17:28.684524+00:00
[2023-04-05T11:17:28.697+0200] {processor.py:175} INFO - Processing /home/dejan/Desktop/airflow/py_env/lib/python3.10/site-packages/airflow/example_dags/example_skip_dag.py took 0.053 seconds
[2023-04-05T11:18:06.461+0200] {processor.py:153} INFO - Started process (PID=111144) to work on /home/dejan/Desktop/airflow/py_env/lib/python3.10/site-packages/airflow/example_dags/example_skip_dag.py
[2023-04-05T11:18:06.462+0200] {processor.py:743} INFO - Processing file /home/dejan/Desktop/airflow/py_env/lib/python3.10/site-packages/airflow/example_dags/example_skip_dag.py for tasks to queue
[2023-04-05T11:18:06.463+0200] {logging_mixin.py:137} INFO - [2023-04-05T11:18:06.462+0200] {dagbag.py:532} INFO - Filling up the DagBag from /home/dejan/Desktop/airflow/py_env/lib/python3.10/site-packages/airflow/example_dags/example_skip_dag.py
[2023-04-05T11:18:06.471+0200] {processor.py:753} INFO - DAG(s) dict_keys(['example_skip_dag']) retrieved from /home/dejan/Desktop/airflow/py_env/lib/python3.10/site-packages/airflow/example_dags/example_skip_dag.py
[2023-04-05T11:18:06.484+0200] {logging_mixin.py:137} INFO - [2023-04-05T11:18:06.484+0200] {dag.py:2705} INFO - Sync 1 DAGs
[2023-04-05T11:18:06.497+0200] {logging_mixin.py:137} INFO - [2023-04-05T11:18:06.496+0200] {dag.py:3452} INFO - Setting next_dagrun for example_skip_dag to 2023-04-04T09:18:06.496837+00:00, run_after=2023-04-05T09:18:06.496837+00:00
[2023-04-05T11:18:06.509+0200] {processor.py:175} INFO - Processing /home/dejan/Desktop/airflow/py_env/lib/python3.10/site-packages/airflow/example_dags/example_skip_dag.py took 0.049 seconds
