[2023-04-05T11:16:49.885+0200] {processor.py:153} INFO - Started process (PID=110684) to work on /home/dejan/Desktop/airflow/py_env/lib/python3.10/site-packages/airflow/example_dags/example_sla_dag.py
[2023-04-05T11:16:49.886+0200] {processor.py:743} INFO - Processing file /home/dejan/Desktop/airflow/py_env/lib/python3.10/site-packages/airflow/example_dags/example_sla_dag.py for tasks to queue
[2023-04-05T11:16:49.886+0200] {logging_mixin.py:137} INFO - [2023-04-05T11:16:49.886+0200] {dagbag.py:532} INFO - Filling up the DagBag from /home/dejan/Desktop/airflow/py_env/lib/python3.10/site-packages/airflow/example_dags/example_sla_dag.py
[2023-04-05T11:16:49.905+0200] {processor.py:753} INFO - DAG(s) dict_keys(['example_sla_dag']) retrieved from /home/dejan/Desktop/airflow/py_env/lib/python3.10/site-packages/airflow/example_dags/example_sla_dag.py
[2023-04-05T11:16:49.981+0200] {logging_mixin.py:137} INFO - [2023-04-05T11:16:49.981+0200] {manager.py:504} INFO - Created Permission View: can read on DAG:example_sla_dag
[2023-04-05T11:16:49.988+0200] {logging_mixin.py:137} INFO - [2023-04-05T11:16:49.988+0200] {manager.py:504} INFO - Created Permission View: can delete on DAG:example_sla_dag
[2023-04-05T11:16:49.994+0200] {logging_mixin.py:137} INFO - [2023-04-05T11:16:49.994+0200] {manager.py:504} INFO - Created Permission View: can edit on DAG:example_sla_dag
[2023-04-05T11:16:49.994+0200] {logging_mixin.py:137} INFO - [2023-04-05T11:16:49.994+0200] {dag.py:2705} INFO - Sync 1 DAGs
[2023-04-05T11:16:50.003+0200] {logging_mixin.py:137} INFO - [2023-04-05T11:16:50.003+0200] {dag.py:2726} INFO - Creating ORM DAG for example_sla_dag
[2023-04-05T11:16:50.012+0200] {logging_mixin.py:137} INFO - [2023-04-05T11:16:50.012+0200] {dag.py:3452} INFO - Setting next_dagrun for example_sla_dag to 2023-04-05T09:14:00+00:00, run_after=2023-04-05T09:16:00+00:00
[2023-04-05T11:16:50.025+0200] {processor.py:175} INFO - Processing /home/dejan/Desktop/airflow/py_env/lib/python3.10/site-packages/airflow/example_dags/example_sla_dag.py took 0.141 seconds
[2023-04-05T11:17:32.655+0200] {processor.py:153} INFO - Started process (PID=111003) to work on /home/dejan/Desktop/airflow/py_env/lib/python3.10/site-packages/airflow/example_dags/example_sla_dag.py
[2023-04-05T11:17:32.656+0200] {processor.py:743} INFO - Processing file /home/dejan/Desktop/airflow/py_env/lib/python3.10/site-packages/airflow/example_dags/example_sla_dag.py for tasks to queue
[2023-04-05T11:17:32.656+0200] {logging_mixin.py:137} INFO - [2023-04-05T11:17:32.656+0200] {dagbag.py:532} INFO - Filling up the DagBag from /home/dejan/Desktop/airflow/py_env/lib/python3.10/site-packages/airflow/example_dags/example_sla_dag.py
[2023-04-05T11:17:32.673+0200] {processor.py:753} INFO - DAG(s) dict_keys(['example_sla_dag']) retrieved from /home/dejan/Desktop/airflow/py_env/lib/python3.10/site-packages/airflow/example_dags/example_sla_dag.py
[2023-04-05T11:17:32.684+0200] {logging_mixin.py:137} INFO - [2023-04-05T11:17:32.684+0200] {dag.py:2705} INFO - Sync 1 DAGs
[2023-04-05T11:17:32.700+0200] {logging_mixin.py:137} INFO - [2023-04-05T11:17:32.700+0200] {dag.py:3452} INFO - Setting next_dagrun for example_sla_dag to 2023-04-05T09:14:00+00:00, run_after=2023-04-05T09:16:00+00:00
[2023-04-05T11:17:32.712+0200] {processor.py:175} INFO - Processing /home/dejan/Desktop/airflow/py_env/lib/python3.10/site-packages/airflow/example_dags/example_sla_dag.py took 0.059 seconds
[2023-04-05T11:18:11.009+0200] {processor.py:153} INFO - Started process (PID=111157) to work on /home/dejan/Desktop/airflow/py_env/lib/python3.10/site-packages/airflow/example_dags/example_sla_dag.py
[2023-04-05T11:18:11.010+0200] {processor.py:743} INFO - Processing file /home/dejan/Desktop/airflow/py_env/lib/python3.10/site-packages/airflow/example_dags/example_sla_dag.py for tasks to queue
[2023-04-05T11:18:11.010+0200] {logging_mixin.py:137} INFO - [2023-04-05T11:18:11.010+0200] {dagbag.py:532} INFO - Filling up the DagBag from /home/dejan/Desktop/airflow/py_env/lib/python3.10/site-packages/airflow/example_dags/example_sla_dag.py
[2023-04-05T11:18:11.025+0200] {processor.py:753} INFO - DAG(s) dict_keys(['example_sla_dag']) retrieved from /home/dejan/Desktop/airflow/py_env/lib/python3.10/site-packages/airflow/example_dags/example_sla_dag.py
[2023-04-05T11:18:11.037+0200] {logging_mixin.py:137} INFO - [2023-04-05T11:18:11.037+0200] {dag.py:2705} INFO - Sync 1 DAGs
[2023-04-05T11:18:11.054+0200] {logging_mixin.py:137} INFO - [2023-04-05T11:18:11.054+0200] {dag.py:3452} INFO - Setting next_dagrun for example_sla_dag to 2023-04-05T09:16:00+00:00, run_after=2023-04-05T09:18:00+00:00
[2023-04-05T11:18:11.066+0200] {processor.py:175} INFO - Processing /home/dejan/Desktop/airflow/py_env/lib/python3.10/site-packages/airflow/example_dags/example_sla_dag.py took 0.059 seconds
