[2023-04-05T11:16:44.643+0200] {processor.py:153} INFO - Started process (PID=110648) to work on /home/dejan/Desktop/airflow/py_env/lib/python3.10/site-packages/airflow/example_dags/example_sensor_decorator.py
[2023-04-05T11:16:44.643+0200] {processor.py:743} INFO - Processing file /home/dejan/Desktop/airflow/py_env/lib/python3.10/site-packages/airflow/example_dags/example_sensor_decorator.py for tasks to queue
[2023-04-05T11:16:44.644+0200] {logging_mixin.py:137} INFO - [2023-04-05T11:16:44.643+0200] {dagbag.py:532} INFO - Filling up the DagBag from /home/dejan/Desktop/airflow/py_env/lib/python3.10/site-packages/airflow/example_dags/example_sensor_decorator.py
[2023-04-05T11:16:44.662+0200] {processor.py:753} INFO - DAG(s) dict_keys(['example_sensor_decorator']) retrieved from /home/dejan/Desktop/airflow/py_env/lib/python3.10/site-packages/airflow/example_dags/example_sensor_decorator.py
[2023-04-05T11:16:44.743+0200] {logging_mixin.py:137} INFO - [2023-04-05T11:16:44.743+0200] {manager.py:504} INFO - Created Permission View: can read on DAG:example_sensor_decorator
[2023-04-05T11:16:44.751+0200] {logging_mixin.py:137} INFO - [2023-04-05T11:16:44.751+0200] {manager.py:504} INFO - Created Permission View: can delete on DAG:example_sensor_decorator
[2023-04-05T11:16:44.756+0200] {logging_mixin.py:137} INFO - [2023-04-05T11:16:44.756+0200] {manager.py:504} INFO - Created Permission View: can edit on DAG:example_sensor_decorator
[2023-04-05T11:16:44.756+0200] {logging_mixin.py:137} INFO - [2023-04-05T11:16:44.756+0200] {dag.py:2705} INFO - Sync 1 DAGs
[2023-04-05T11:16:44.764+0200] {logging_mixin.py:137} INFO - [2023-04-05T11:16:44.764+0200] {dag.py:2726} INFO - Creating ORM DAG for example_sensor_decorator
[2023-04-05T11:16:44.770+0200] {logging_mixin.py:137} INFO - [2023-04-05T11:16:44.770+0200] {dag.py:3452} INFO - Setting next_dagrun for example_sensor_decorator to None, run_after=None
[2023-04-05T11:16:44.782+0200] {processor.py:175} INFO - Processing /home/dejan/Desktop/airflow/py_env/lib/python3.10/site-packages/airflow/example_dags/example_sensor_decorator.py took 0.141 seconds
[2023-04-05T11:17:27.514+0200] {processor.py:153} INFO - Started process (PID=110965) to work on /home/dejan/Desktop/airflow/py_env/lib/python3.10/site-packages/airflow/example_dags/example_sensor_decorator.py
[2023-04-05T11:17:27.515+0200] {processor.py:743} INFO - Processing file /home/dejan/Desktop/airflow/py_env/lib/python3.10/site-packages/airflow/example_dags/example_sensor_decorator.py for tasks to queue
[2023-04-05T11:17:27.515+0200] {logging_mixin.py:137} INFO - [2023-04-05T11:17:27.515+0200] {dagbag.py:532} INFO - Filling up the DagBag from /home/dejan/Desktop/airflow/py_env/lib/python3.10/site-packages/airflow/example_dags/example_sensor_decorator.py
[2023-04-05T11:17:27.532+0200] {processor.py:753} INFO - DAG(s) dict_keys(['example_sensor_decorator']) retrieved from /home/dejan/Desktop/airflow/py_env/lib/python3.10/site-packages/airflow/example_dags/example_sensor_decorator.py
[2023-04-05T11:17:27.545+0200] {logging_mixin.py:137} INFO - [2023-04-05T11:17:27.544+0200] {dag.py:2705} INFO - Sync 1 DAGs
[2023-04-05T11:17:27.558+0200] {logging_mixin.py:137} INFO - [2023-04-05T11:17:27.557+0200] {dag.py:3452} INFO - Setting next_dagrun for example_sensor_decorator to None, run_after=None
[2023-04-05T11:17:27.572+0200] {processor.py:175} INFO - Processing /home/dejan/Desktop/airflow/py_env/lib/python3.10/site-packages/airflow/example_dags/example_sensor_decorator.py took 0.059 seconds
[2023-04-05T11:18:05.892+0200] {processor.py:153} INFO - Started process (PID=111143) to work on /home/dejan/Desktop/airflow/py_env/lib/python3.10/site-packages/airflow/example_dags/example_sensor_decorator.py
[2023-04-05T11:18:05.893+0200] {processor.py:743} INFO - Processing file /home/dejan/Desktop/airflow/py_env/lib/python3.10/site-packages/airflow/example_dags/example_sensor_decorator.py for tasks to queue
[2023-04-05T11:18:05.893+0200] {logging_mixin.py:137} INFO - [2023-04-05T11:18:05.893+0200] {dagbag.py:532} INFO - Filling up the DagBag from /home/dejan/Desktop/airflow/py_env/lib/python3.10/site-packages/airflow/example_dags/example_sensor_decorator.py
[2023-04-05T11:18:05.907+0200] {processor.py:753} INFO - DAG(s) dict_keys(['example_sensor_decorator']) retrieved from /home/dejan/Desktop/airflow/py_env/lib/python3.10/site-packages/airflow/example_dags/example_sensor_decorator.py
[2023-04-05T11:18:05.919+0200] {logging_mixin.py:137} INFO - [2023-04-05T11:18:05.919+0200] {dag.py:2705} INFO - Sync 1 DAGs
[2023-04-05T11:18:05.932+0200] {logging_mixin.py:137} INFO - [2023-04-05T11:18:05.932+0200] {dag.py:3452} INFO - Setting next_dagrun for example_sensor_decorator to None, run_after=None
[2023-04-05T11:18:05.945+0200] {processor.py:175} INFO - Processing /home/dejan/Desktop/airflow/py_env/lib/python3.10/site-packages/airflow/example_dags/example_sensor_decorator.py took 0.055 seconds
