[2023-04-05T11:16:38.156+0200] {processor.py:153} INFO - Started process (PID=110574) to work on /home/dejan/Desktop/airflow/py_env/lib/python3.10/site-packages/airflow/example_dags/example_sensors.py
[2023-04-05T11:16:38.156+0200] {processor.py:743} INFO - Processing file /home/dejan/Desktop/airflow/py_env/lib/python3.10/site-packages/airflow/example_dags/example_sensors.py for tasks to queue
[2023-04-05T11:16:38.157+0200] {logging_mixin.py:137} INFO - [2023-04-05T11:16:38.156+0200] {dagbag.py:532} INFO - Filling up the DagBag from /home/dejan/Desktop/airflow/py_env/lib/python3.10/site-packages/airflow/example_dags/example_sensors.py
[2023-04-05T11:16:38.169+0200] {processor.py:753} INFO - DAG(s) dict_keys(['example_sensors']) retrieved from /home/dejan/Desktop/airflow/py_env/lib/python3.10/site-packages/airflow/example_dags/example_sensors.py
[2023-04-05T11:16:38.241+0200] {logging_mixin.py:137} INFO - [2023-04-05T11:16:38.241+0200] {manager.py:504} INFO - Created Permission View: can read on DAG:example_sensors
[2023-04-05T11:16:38.247+0200] {logging_mixin.py:137} INFO - [2023-04-05T11:16:38.246+0200] {manager.py:504} INFO - Created Permission View: can delete on DAG:example_sensors
[2023-04-05T11:16:38.251+0200] {logging_mixin.py:137} INFO - [2023-04-05T11:16:38.251+0200] {manager.py:504} INFO - Created Permission View: can edit on DAG:example_sensors
[2023-04-05T11:16:38.251+0200] {logging_mixin.py:137} INFO - [2023-04-05T11:16:38.251+0200] {dag.py:2705} INFO - Sync 1 DAGs
[2023-04-05T11:16:38.259+0200] {logging_mixin.py:137} INFO - [2023-04-05T11:16:38.259+0200] {dag.py:2726} INFO - Creating ORM DAG for example_sensors
[2023-04-05T11:16:38.265+0200] {logging_mixin.py:137} INFO - [2023-04-05T11:16:38.265+0200] {dag.py:3452} INFO - Setting next_dagrun for example_sensors to None, run_after=None
[2023-04-05T11:16:38.278+0200] {processor.py:175} INFO - Processing /home/dejan/Desktop/airflow/py_env/lib/python3.10/site-packages/airflow/example_dags/example_sensors.py took 0.124 seconds
[2023-04-05T11:17:21.235+0200] {processor.py:153} INFO - Started process (PID=110905) to work on /home/dejan/Desktop/airflow/py_env/lib/python3.10/site-packages/airflow/example_dags/example_sensors.py
[2023-04-05T11:17:21.236+0200] {processor.py:743} INFO - Processing file /home/dejan/Desktop/airflow/py_env/lib/python3.10/site-packages/airflow/example_dags/example_sensors.py for tasks to queue
[2023-04-05T11:17:21.236+0200] {logging_mixin.py:137} INFO - [2023-04-05T11:17:21.236+0200] {dagbag.py:532} INFO - Filling up the DagBag from /home/dejan/Desktop/airflow/py_env/lib/python3.10/site-packages/airflow/example_dags/example_sensors.py
[2023-04-05T11:17:21.249+0200] {processor.py:753} INFO - DAG(s) dict_keys(['example_sensors']) retrieved from /home/dejan/Desktop/airflow/py_env/lib/python3.10/site-packages/airflow/example_dags/example_sensors.py
[2023-04-05T11:17:21.265+0200] {logging_mixin.py:137} INFO - [2023-04-05T11:17:21.265+0200] {dag.py:2705} INFO - Sync 1 DAGs
[2023-04-05T11:17:21.277+0200] {logging_mixin.py:137} INFO - [2023-04-05T11:17:21.277+0200] {dag.py:3452} INFO - Setting next_dagrun for example_sensors to None, run_after=None
[2023-04-05T11:17:21.290+0200] {processor.py:175} INFO - Processing /home/dejan/Desktop/airflow/py_env/lib/python3.10/site-packages/airflow/example_dags/example_sensors.py took 0.056 seconds
[2023-04-05T11:18:00.732+0200] {processor.py:153} INFO - Started process (PID=111132) to work on /home/dejan/Desktop/airflow/py_env/lib/python3.10/site-packages/airflow/example_dags/example_sensors.py
[2023-04-05T11:18:00.732+0200] {processor.py:743} INFO - Processing file /home/dejan/Desktop/airflow/py_env/lib/python3.10/site-packages/airflow/example_dags/example_sensors.py for tasks to queue
[2023-04-05T11:18:00.733+0200] {logging_mixin.py:137} INFO - [2023-04-05T11:18:00.733+0200] {dagbag.py:532} INFO - Filling up the DagBag from /home/dejan/Desktop/airflow/py_env/lib/python3.10/site-packages/airflow/example_dags/example_sensors.py
[2023-04-05T11:18:00.745+0200] {processor.py:753} INFO - DAG(s) dict_keys(['example_sensors']) retrieved from /home/dejan/Desktop/airflow/py_env/lib/python3.10/site-packages/airflow/example_dags/example_sensors.py
[2023-04-05T11:18:00.764+0200] {logging_mixin.py:137} INFO - [2023-04-05T11:18:00.764+0200] {dag.py:2705} INFO - Sync 1 DAGs
[2023-04-05T11:18:00.777+0200] {logging_mixin.py:137} INFO - [2023-04-05T11:18:00.777+0200] {dag.py:3452} INFO - Setting next_dagrun for example_sensors to None, run_after=None
[2023-04-05T11:18:00.793+0200] {processor.py:175} INFO - Processing /home/dejan/Desktop/airflow/py_env/lib/python3.10/site-packages/airflow/example_dags/example_sensors.py took 0.063 seconds
