[2023-04-05T11:17:08.081+0200] {processor.py:153} INFO - Started process (PID=110801) to work on /home/dejan/Desktop/airflow/py_env/lib/python3.10/site-packages/airflow/example_dags/example_latest_only.py
[2023-04-05T11:17:08.082+0200] {processor.py:743} INFO - Processing file /home/dejan/Desktop/airflow/py_env/lib/python3.10/site-packages/airflow/example_dags/example_latest_only.py for tasks to queue
[2023-04-05T11:17:08.082+0200] {logging_mixin.py:137} INFO - [2023-04-05T11:17:08.082+0200] {dagbag.py:532} INFO - Filling up the DagBag from /home/dejan/Desktop/airflow/py_env/lib/python3.10/site-packages/airflow/example_dags/example_latest_only.py
[2023-04-05T11:17:08.093+0200] {processor.py:753} INFO - DAG(s) dict_keys(['latest_only']) retrieved from /home/dejan/Desktop/airflow/py_env/lib/python3.10/site-packages/airflow/example_dags/example_latest_only.py
[2023-04-05T11:17:08.168+0200] {logging_mixin.py:137} INFO - [2023-04-05T11:17:08.168+0200] {manager.py:504} INFO - Created Permission View: can read on DAG:latest_only
[2023-04-05T11:17:08.176+0200] {logging_mixin.py:137} INFO - [2023-04-05T11:17:08.176+0200] {manager.py:504} INFO - Created Permission View: can delete on DAG:latest_only
[2023-04-05T11:17:08.181+0200] {logging_mixin.py:137} INFO - [2023-04-05T11:17:08.180+0200] {manager.py:504} INFO - Created Permission View: can edit on DAG:latest_only
[2023-04-05T11:17:08.181+0200] {logging_mixin.py:137} INFO - [2023-04-05T11:17:08.181+0200] {dag.py:2705} INFO - Sync 1 DAGs
[2023-04-05T11:17:08.190+0200] {logging_mixin.py:137} INFO - [2023-04-05T11:17:08.190+0200] {dag.py:2726} INFO - Creating ORM DAG for latest_only
[2023-04-05T11:17:08.197+0200] {logging_mixin.py:137} INFO - [2023-04-05T11:17:08.197+0200] {dag.py:3452} INFO - Setting next_dagrun for latest_only to 2023-04-05T05:17:08.196867+00:00, run_after=2023-04-05T09:17:08.196867+00:00
[2023-04-05T11:17:08.211+0200] {processor.py:175} INFO - Processing /home/dejan/Desktop/airflow/py_env/lib/python3.10/site-packages/airflow/example_dags/example_latest_only.py took 0.131 seconds
[2023-04-05T11:17:46.939+0200] {processor.py:153} INFO - Started process (PID=111071) to work on /home/dejan/Desktop/airflow/py_env/lib/python3.10/site-packages/airflow/example_dags/example_latest_only.py
[2023-04-05T11:17:46.940+0200] {processor.py:743} INFO - Processing file /home/dejan/Desktop/airflow/py_env/lib/python3.10/site-packages/airflow/example_dags/example_latest_only.py for tasks to queue
[2023-04-05T11:17:46.940+0200] {logging_mixin.py:137} INFO - [2023-04-05T11:17:46.940+0200] {dagbag.py:532} INFO - Filling up the DagBag from /home/dejan/Desktop/airflow/py_env/lib/python3.10/site-packages/airflow/example_dags/example_latest_only.py
[2023-04-05T11:17:46.950+0200] {processor.py:753} INFO - DAG(s) dict_keys(['latest_only']) retrieved from /home/dejan/Desktop/airflow/py_env/lib/python3.10/site-packages/airflow/example_dags/example_latest_only.py
[2023-04-05T11:17:46.961+0200] {logging_mixin.py:137} INFO - [2023-04-05T11:17:46.961+0200] {dag.py:2705} INFO - Sync 1 DAGs
[2023-04-05T11:17:46.974+0200] {logging_mixin.py:137} INFO - [2023-04-05T11:17:46.974+0200] {dag.py:3452} INFO - Setting next_dagrun for latest_only to 2023-04-05T05:17:46.974751+00:00, run_after=2023-04-05T09:17:46.974751+00:00
[2023-04-05T11:17:46.989+0200] {processor.py:175} INFO - Processing /home/dejan/Desktop/airflow/py_env/lib/python3.10/site-packages/airflow/example_dags/example_latest_only.py took 0.051 seconds
[2023-04-05T11:18:27.030+0200] {processor.py:153} INFO - Started process (PID=111187) to work on /home/dejan/Desktop/airflow/py_env/lib/python3.10/site-packages/airflow/example_dags/example_latest_only.py
[2023-04-05T11:18:27.031+0200] {processor.py:743} INFO - Processing file /home/dejan/Desktop/airflow/py_env/lib/python3.10/site-packages/airflow/example_dags/example_latest_only.py for tasks to queue
[2023-04-05T11:18:27.031+0200] {logging_mixin.py:137} INFO - [2023-04-05T11:18:27.031+0200] {dagbag.py:532} INFO - Filling up the DagBag from /home/dejan/Desktop/airflow/py_env/lib/python3.10/site-packages/airflow/example_dags/example_latest_only.py
[2023-04-05T11:18:27.039+0200] {processor.py:753} INFO - DAG(s) dict_keys(['latest_only']) retrieved from /home/dejan/Desktop/airflow/py_env/lib/python3.10/site-packages/airflow/example_dags/example_latest_only.py
[2023-04-05T11:18:27.050+0200] {logging_mixin.py:137} INFO - [2023-04-05T11:18:27.050+0200] {dag.py:2705} INFO - Sync 1 DAGs
[2023-04-05T11:18:27.063+0200] {logging_mixin.py:137} INFO - [2023-04-05T11:18:27.063+0200] {dag.py:3452} INFO - Setting next_dagrun for latest_only to 2023-04-05T05:18:27.063329+00:00, run_after=2023-04-05T09:18:27.063329+00:00
[2023-04-05T11:18:27.077+0200] {processor.py:175} INFO - Processing /home/dejan/Desktop/airflow/py_env/lib/python3.10/site-packages/airflow/example_dags/example_latest_only.py took 0.048 seconds
