[2023-04-05T11:17:09.311+0200] {processor.py:153} INFO - Started process (PID=110805) to work on /home/dejan/Desktop/airflow/py_env/lib/python3.10/site-packages/airflow/example_dags/example_branch_operator_decorator.py
[2023-04-05T11:17:09.312+0200] {processor.py:743} INFO - Processing file /home/dejan/Desktop/airflow/py_env/lib/python3.10/site-packages/airflow/example_dags/example_branch_operator_decorator.py for tasks to queue
[2023-04-05T11:17:09.312+0200] {logging_mixin.py:137} INFO - [2023-04-05T11:17:09.312+0200] {dagbag.py:532} INFO - Filling up the DagBag from /home/dejan/Desktop/airflow/py_env/lib/python3.10/site-packages/airflow/example_dags/example_branch_operator_decorator.py
[2023-04-05T11:17:09.332+0200] {processor.py:753} INFO - DAG(s) dict_keys(['example_branch_python_operator_decorator']) retrieved from /home/dejan/Desktop/airflow/py_env/lib/python3.10/site-packages/airflow/example_dags/example_branch_operator_decorator.py
[2023-04-05T11:17:09.402+0200] {logging_mixin.py:137} INFO - [2023-04-05T11:17:09.402+0200] {manager.py:504} INFO - Created Permission View: can read on DAG:example_branch_python_operator_decorator
[2023-04-05T11:17:09.408+0200] {logging_mixin.py:137} INFO - [2023-04-05T11:17:09.408+0200] {manager.py:504} INFO - Created Permission View: can delete on DAG:example_branch_python_operator_decorator
[2023-04-05T11:17:09.412+0200] {logging_mixin.py:137} INFO - [2023-04-05T11:17:09.412+0200] {manager.py:504} INFO - Created Permission View: can edit on DAG:example_branch_python_operator_decorator
[2023-04-05T11:17:09.412+0200] {logging_mixin.py:137} INFO - [2023-04-05T11:17:09.412+0200] {dag.py:2705} INFO - Sync 1 DAGs
[2023-04-05T11:17:09.421+0200] {logging_mixin.py:137} INFO - [2023-04-05T11:17:09.421+0200] {dag.py:2726} INFO - Creating ORM DAG for example_branch_python_operator_decorator
[2023-04-05T11:17:09.428+0200] {logging_mixin.py:137} INFO - [2023-04-05T11:17:09.428+0200] {dag.py:3452} INFO - Setting next_dagrun for example_branch_python_operator_decorator to 2023-04-04T00:00:00+00:00, run_after=2023-04-05T00:00:00+00:00
[2023-04-05T11:17:09.441+0200] {processor.py:175} INFO - Processing /home/dejan/Desktop/airflow/py_env/lib/python3.10/site-packages/airflow/example_dags/example_branch_operator_decorator.py took 0.131 seconds
[2023-04-05T11:17:48.080+0200] {processor.py:153} INFO - Started process (PID=111077) to work on /home/dejan/Desktop/airflow/py_env/lib/python3.10/site-packages/airflow/example_dags/example_branch_operator_decorator.py
[2023-04-05T11:17:48.081+0200] {processor.py:743} INFO - Processing file /home/dejan/Desktop/airflow/py_env/lib/python3.10/site-packages/airflow/example_dags/example_branch_operator_decorator.py for tasks to queue
[2023-04-05T11:17:48.081+0200] {logging_mixin.py:137} INFO - [2023-04-05T11:17:48.081+0200] {dagbag.py:532} INFO - Filling up the DagBag from /home/dejan/Desktop/airflow/py_env/lib/python3.10/site-packages/airflow/example_dags/example_branch_operator_decorator.py
[2023-04-05T11:17:48.102+0200] {processor.py:753} INFO - DAG(s) dict_keys(['example_branch_python_operator_decorator']) retrieved from /home/dejan/Desktop/airflow/py_env/lib/python3.10/site-packages/airflow/example_dags/example_branch_operator_decorator.py
[2023-04-05T11:17:48.119+0200] {logging_mixin.py:137} INFO - [2023-04-05T11:17:48.119+0200] {dag.py:2705} INFO - Sync 1 DAGs
[2023-04-05T11:17:48.135+0200] {logging_mixin.py:137} INFO - [2023-04-05T11:17:48.135+0200] {dag.py:3452} INFO - Setting next_dagrun for example_branch_python_operator_decorator to 2023-04-04T00:00:00+00:00, run_after=2023-04-05T00:00:00+00:00
[2023-04-05T11:17:48.155+0200] {processor.py:175} INFO - Processing /home/dejan/Desktop/airflow/py_env/lib/python3.10/site-packages/airflow/example_dags/example_branch_operator_decorator.py took 0.076 seconds
[2023-04-05T11:18:28.168+0200] {processor.py:153} INFO - Started process (PID=111190) to work on /home/dejan/Desktop/airflow/py_env/lib/python3.10/site-packages/airflow/example_dags/example_branch_operator_decorator.py
[2023-04-05T11:18:28.169+0200] {processor.py:743} INFO - Processing file /home/dejan/Desktop/airflow/py_env/lib/python3.10/site-packages/airflow/example_dags/example_branch_operator_decorator.py for tasks to queue
[2023-04-05T11:18:28.169+0200] {logging_mixin.py:137} INFO - [2023-04-05T11:18:28.169+0200] {dagbag.py:532} INFO - Filling up the DagBag from /home/dejan/Desktop/airflow/py_env/lib/python3.10/site-packages/airflow/example_dags/example_branch_operator_decorator.py
[2023-04-05T11:18:28.188+0200] {processor.py:753} INFO - DAG(s) dict_keys(['example_branch_python_operator_decorator']) retrieved from /home/dejan/Desktop/airflow/py_env/lib/python3.10/site-packages/airflow/example_dags/example_branch_operator_decorator.py
[2023-04-05T11:18:28.203+0200] {logging_mixin.py:137} INFO - [2023-04-05T11:18:28.203+0200] {dag.py:2705} INFO - Sync 1 DAGs
[2023-04-05T11:18:28.218+0200] {logging_mixin.py:137} INFO - [2023-04-05T11:18:28.218+0200] {dag.py:3452} INFO - Setting next_dagrun for example_branch_python_operator_decorator to 2023-04-04T00:00:00+00:00, run_after=2023-04-05T00:00:00+00:00
[2023-04-05T11:18:28.232+0200] {processor.py:175} INFO - Processing /home/dejan/Desktop/airflow/py_env/lib/python3.10/site-packages/airflow/example_dags/example_branch_operator_decorator.py took 0.065 seconds
