[2023-04-05T11:16:33.292+0200] {processor.py:153} INFO - Started process (PID=110562) to work on /home/dejan/Desktop/airflow/py_env/lib/python3.10/site-packages/airflow/example_dags/example_short_circuit_decorator.py
[2023-04-05T11:16:33.293+0200] {processor.py:743} INFO - Processing file /home/dejan/Desktop/airflow/py_env/lib/python3.10/site-packages/airflow/example_dags/example_short_circuit_decorator.py for tasks to queue
[2023-04-05T11:16:33.293+0200] {logging_mixin.py:137} INFO - [2023-04-05T11:16:33.293+0200] {dagbag.py:532} INFO - Filling up the DagBag from /home/dejan/Desktop/airflow/py_env/lib/python3.10/site-packages/airflow/example_dags/example_short_circuit_decorator.py
[2023-04-05T11:16:33.310+0200] {processor.py:753} INFO - DAG(s) dict_keys(['example_short_circuit_decorator']) retrieved from /home/dejan/Desktop/airflow/py_env/lib/python3.10/site-packages/airflow/example_dags/example_short_circuit_decorator.py
[2023-04-05T11:16:33.405+0200] {logging_mixin.py:137} INFO - [2023-04-05T11:16:33.405+0200] {manager.py:504} INFO - Created Permission View: can read on DAG:example_short_circuit_decorator
[2023-04-05T11:16:33.414+0200] {logging_mixin.py:137} INFO - [2023-04-05T11:16:33.414+0200] {manager.py:504} INFO - Created Permission View: can delete on DAG:example_short_circuit_decorator
[2023-04-05T11:16:33.419+0200] {logging_mixin.py:137} INFO - [2023-04-05T11:16:33.419+0200] {manager.py:504} INFO - Created Permission View: can edit on DAG:example_short_circuit_decorator
[2023-04-05T11:16:33.420+0200] {logging_mixin.py:137} INFO - [2023-04-05T11:16:33.419+0200] {dag.py:2705} INFO - Sync 1 DAGs
[2023-04-05T11:16:33.428+0200] {logging_mixin.py:137} INFO - [2023-04-05T11:16:33.428+0200] {dag.py:2726} INFO - Creating ORM DAG for example_short_circuit_decorator
[2023-04-05T11:16:33.434+0200] {logging_mixin.py:137} INFO - [2023-04-05T11:16:33.434+0200] {dag.py:3452} INFO - Setting next_dagrun for example_short_circuit_decorator to 2023-04-04T09:16:33.434450+00:00, run_after=2023-04-05T09:16:33.434450+00:00
[2023-04-05T11:16:33.446+0200] {processor.py:175} INFO - Processing /home/dejan/Desktop/airflow/py_env/lib/python3.10/site-packages/airflow/example_dags/example_short_circuit_decorator.py took 0.156 seconds
[2023-04-05T11:17:18.471+0200] {processor.py:153} INFO - Started process (PID=110883) to work on /home/dejan/Desktop/airflow/py_env/lib/python3.10/site-packages/airflow/example_dags/example_short_circuit_decorator.py
[2023-04-05T11:17:18.472+0200] {processor.py:743} INFO - Processing file /home/dejan/Desktop/airflow/py_env/lib/python3.10/site-packages/airflow/example_dags/example_short_circuit_decorator.py for tasks to queue
[2023-04-05T11:17:18.473+0200] {logging_mixin.py:137} INFO - [2023-04-05T11:17:18.473+0200] {dagbag.py:532} INFO - Filling up the DagBag from /home/dejan/Desktop/airflow/py_env/lib/python3.10/site-packages/airflow/example_dags/example_short_circuit_decorator.py
[2023-04-05T11:17:18.490+0200] {processor.py:753} INFO - DAG(s) dict_keys(['example_short_circuit_decorator']) retrieved from /home/dejan/Desktop/airflow/py_env/lib/python3.10/site-packages/airflow/example_dags/example_short_circuit_decorator.py
[2023-04-05T11:17:18.507+0200] {logging_mixin.py:137} INFO - [2023-04-05T11:17:18.506+0200] {dag.py:2705} INFO - Sync 1 DAGs
[2023-04-05T11:17:18.522+0200] {logging_mixin.py:137} INFO - [2023-04-05T11:17:18.522+0200] {dag.py:3452} INFO - Setting next_dagrun for example_short_circuit_decorator to 2023-04-04T09:17:18.522383+00:00, run_after=2023-04-05T09:17:18.522383+00:00
[2023-04-05T11:17:18.539+0200] {processor.py:175} INFO - Processing /home/dejan/Desktop/airflow/py_env/lib/python3.10/site-packages/airflow/example_dags/example_short_circuit_decorator.py took 0.069 seconds
[2023-04-05T11:17:56.184+0200] {processor.py:153} INFO - Started process (PID=111121) to work on /home/dejan/Desktop/airflow/py_env/lib/python3.10/site-packages/airflow/example_dags/example_short_circuit_decorator.py
[2023-04-05T11:17:56.185+0200] {processor.py:743} INFO - Processing file /home/dejan/Desktop/airflow/py_env/lib/python3.10/site-packages/airflow/example_dags/example_short_circuit_decorator.py for tasks to queue
[2023-04-05T11:17:56.185+0200] {logging_mixin.py:137} INFO - [2023-04-05T11:17:56.185+0200] {dagbag.py:532} INFO - Filling up the DagBag from /home/dejan/Desktop/airflow/py_env/lib/python3.10/site-packages/airflow/example_dags/example_short_circuit_decorator.py
[2023-04-05T11:17:56.203+0200] {processor.py:753} INFO - DAG(s) dict_keys(['example_short_circuit_decorator']) retrieved from /home/dejan/Desktop/airflow/py_env/lib/python3.10/site-packages/airflow/example_dags/example_short_circuit_decorator.py
[2023-04-05T11:17:56.218+0200] {logging_mixin.py:137} INFO - [2023-04-05T11:17:56.218+0200] {dag.py:2705} INFO - Sync 1 DAGs
[2023-04-05T11:17:56.230+0200] {logging_mixin.py:137} INFO - [2023-04-05T11:17:56.230+0200] {dag.py:3452} INFO - Setting next_dagrun for example_short_circuit_decorator to 2023-04-04T09:17:56.230663+00:00, run_after=2023-04-05T09:17:56.230663+00:00
[2023-04-05T11:17:56.248+0200] {processor.py:175} INFO - Processing /home/dejan/Desktop/airflow/py_env/lib/python3.10/site-packages/airflow/example_dags/example_short_circuit_decorator.py took 0.065 seconds
[2023-04-05T11:18:37.307+0200] {processor.py:153} INFO - Started process (PID=111209) to work on /home/dejan/Desktop/airflow/py_env/lib/python3.10/site-packages/airflow/example_dags/example_short_circuit_decorator.py
[2023-04-05T11:18:37.308+0200] {processor.py:743} INFO - Processing file /home/dejan/Desktop/airflow/py_env/lib/python3.10/site-packages/airflow/example_dags/example_short_circuit_decorator.py for tasks to queue
[2023-04-05T11:18:37.308+0200] {logging_mixin.py:137} INFO - [2023-04-05T11:18:37.308+0200] {dagbag.py:532} INFO - Filling up the DagBag from /home/dejan/Desktop/airflow/py_env/lib/python3.10/site-packages/airflow/example_dags/example_short_circuit_decorator.py
[2023-04-05T11:18:37.324+0200] {processor.py:753} INFO - DAG(s) dict_keys(['example_short_circuit_decorator']) retrieved from /home/dejan/Desktop/airflow/py_env/lib/python3.10/site-packages/airflow/example_dags/example_short_circuit_decorator.py
[2023-04-05T11:18:37.339+0200] {logging_mixin.py:137} INFO - [2023-04-05T11:18:37.339+0200] {dag.py:2705} INFO - Sync 1 DAGs
[2023-04-05T11:18:37.352+0200] {logging_mixin.py:137} INFO - [2023-04-05T11:18:37.352+0200] {dag.py:3452} INFO - Setting next_dagrun for example_short_circuit_decorator to 2023-04-04T09:18:37.352347+00:00, run_after=2023-04-05T09:18:37.352347+00:00
[2023-04-05T11:18:37.365+0200] {processor.py:175} INFO - Processing /home/dejan/Desktop/airflow/py_env/lib/python3.10/site-packages/airflow/example_dags/example_short_circuit_decorator.py took 0.060 seconds
