[2023-04-05T11:17:00.370+0200] {processor.py:153} INFO - Started process (PID=110721) to work on /home/dejan/Desktop/airflow/py_env/lib/python3.10/site-packages/airflow/example_dags/example_branch_python_dop_operator_3.py
[2023-04-05T11:17:00.371+0200] {processor.py:743} INFO - Processing file /home/dejan/Desktop/airflow/py_env/lib/python3.10/site-packages/airflow/example_dags/example_branch_python_dop_operator_3.py for tasks to queue
[2023-04-05T11:17:00.371+0200] {logging_mixin.py:137} INFO - [2023-04-05T11:17:00.371+0200] {dagbag.py:532} INFO - Filling up the DagBag from /home/dejan/Desktop/airflow/py_env/lib/python3.10/site-packages/airflow/example_dags/example_branch_python_dop_operator_3.py
[2023-04-05T11:17:00.393+0200] {processor.py:753} INFO - DAG(s) dict_keys(['example_branch_dop_operator_v3']) retrieved from /home/dejan/Desktop/airflow/py_env/lib/python3.10/site-packages/airflow/example_dags/example_branch_python_dop_operator_3.py
[2023-04-05T11:17:00.475+0200] {logging_mixin.py:137} INFO - [2023-04-05T11:17:00.474+0200] {manager.py:504} INFO - Created Permission View: can read on DAG:example_branch_dop_operator_v3
[2023-04-05T11:17:00.487+0200] {logging_mixin.py:137} INFO - [2023-04-05T11:17:00.486+0200] {manager.py:504} INFO - Created Permission View: can delete on DAG:example_branch_dop_operator_v3
[2023-04-05T11:17:00.496+0200] {logging_mixin.py:137} INFO - [2023-04-05T11:17:00.496+0200] {manager.py:504} INFO - Created Permission View: can edit on DAG:example_branch_dop_operator_v3
[2023-04-05T11:17:00.496+0200] {logging_mixin.py:137} INFO - [2023-04-05T11:17:00.496+0200] {dag.py:2705} INFO - Sync 1 DAGs
[2023-04-05T11:17:00.506+0200] {logging_mixin.py:137} INFO - [2023-04-05T11:17:00.506+0200] {dag.py:2726} INFO - Creating ORM DAG for example_branch_dop_operator_v3
[2023-04-05T11:17:00.520+0200] {logging_mixin.py:137} INFO - [2023-04-05T11:17:00.520+0200] {dag.py:3452} INFO - Setting next_dagrun for example_branch_dop_operator_v3 to 2023-04-05T09:16:00+00:00, run_after=2023-04-05T09:17:00+00:00
[2023-04-05T11:17:00.539+0200] {processor.py:175} INFO - Processing /home/dejan/Desktop/airflow/py_env/lib/python3.10/site-packages/airflow/example_dags/example_branch_python_dop_operator_3.py took 0.171 seconds
[2023-04-05T11:17:40.654+0200] {processor.py:153} INFO - Started process (PID=111023) to work on /home/dejan/Desktop/airflow/py_env/lib/python3.10/site-packages/airflow/example_dags/example_branch_python_dop_operator_3.py
[2023-04-05T11:17:40.655+0200] {processor.py:743} INFO - Processing file /home/dejan/Desktop/airflow/py_env/lib/python3.10/site-packages/airflow/example_dags/example_branch_python_dop_operator_3.py for tasks to queue
[2023-04-05T11:17:40.655+0200] {logging_mixin.py:137} INFO - [2023-04-05T11:17:40.655+0200] {dagbag.py:532} INFO - Filling up the DagBag from /home/dejan/Desktop/airflow/py_env/lib/python3.10/site-packages/airflow/example_dags/example_branch_python_dop_operator_3.py
[2023-04-05T11:17:40.674+0200] {processor.py:753} INFO - DAG(s) dict_keys(['example_branch_dop_operator_v3']) retrieved from /home/dejan/Desktop/airflow/py_env/lib/python3.10/site-packages/airflow/example_dags/example_branch_python_dop_operator_3.py
[2023-04-05T11:17:40.688+0200] {logging_mixin.py:137} INFO - [2023-04-05T11:17:40.688+0200] {dag.py:2705} INFO - Sync 1 DAGs
[2023-04-05T11:17:40.706+0200] {logging_mixin.py:137} INFO - [2023-04-05T11:17:40.706+0200] {dag.py:3452} INFO - Setting next_dagrun for example_branch_dop_operator_v3 to 2023-04-05T09:16:00+00:00, run_after=2023-04-05T09:17:00+00:00
[2023-04-05T11:17:40.721+0200] {processor.py:175} INFO - Processing /home/dejan/Desktop/airflow/py_env/lib/python3.10/site-packages/airflow/example_dags/example_branch_python_dop_operator_3.py took 0.068 seconds
[2023-04-05T11:18:20.428+0200] {processor.py:153} INFO - Started process (PID=111173) to work on /home/dejan/Desktop/airflow/py_env/lib/python3.10/site-packages/airflow/example_dags/example_branch_python_dop_operator_3.py
[2023-04-05T11:18:20.429+0200] {processor.py:743} INFO - Processing file /home/dejan/Desktop/airflow/py_env/lib/python3.10/site-packages/airflow/example_dags/example_branch_python_dop_operator_3.py for tasks to queue
[2023-04-05T11:18:20.429+0200] {logging_mixin.py:137} INFO - [2023-04-05T11:18:20.429+0200] {dagbag.py:532} INFO - Filling up the DagBag from /home/dejan/Desktop/airflow/py_env/lib/python3.10/site-packages/airflow/example_dags/example_branch_python_dop_operator_3.py
[2023-04-05T11:18:20.445+0200] {processor.py:753} INFO - DAG(s) dict_keys(['example_branch_dop_operator_v3']) retrieved from /home/dejan/Desktop/airflow/py_env/lib/python3.10/site-packages/airflow/example_dags/example_branch_python_dop_operator_3.py
[2023-04-05T11:18:20.457+0200] {logging_mixin.py:137} INFO - [2023-04-05T11:18:20.457+0200] {dag.py:2705} INFO - Sync 1 DAGs
[2023-04-05T11:18:20.475+0200] {logging_mixin.py:137} INFO - [2023-04-05T11:18:20.475+0200] {dag.py:3452} INFO - Setting next_dagrun for example_branch_dop_operator_v3 to 2023-04-05T09:17:00+00:00, run_after=2023-04-05T09:18:00+00:00
[2023-04-05T11:18:20.489+0200] {processor.py:175} INFO - Processing /home/dejan/Desktop/airflow/py_env/lib/python3.10/site-packages/airflow/example_dags/example_branch_python_dop_operator_3.py took 0.062 seconds
