[2023-04-05T11:17:09.611+0200] {processor.py:153} INFO - Started process (PID=110806) to work on /home/dejan/Desktop/airflow/py_env/lib/python3.10/site-packages/airflow/example_dags/example_latest_only_with_trigger.py
[2023-04-05T11:17:09.611+0200] {processor.py:743} INFO - Processing file /home/dejan/Desktop/airflow/py_env/lib/python3.10/site-packages/airflow/example_dags/example_latest_only_with_trigger.py for tasks to queue
[2023-04-05T11:17:09.612+0200] {logging_mixin.py:137} INFO - [2023-04-05T11:17:09.612+0200] {dagbag.py:532} INFO - Filling up the DagBag from /home/dejan/Desktop/airflow/py_env/lib/python3.10/site-packages/airflow/example_dags/example_latest_only_with_trigger.py
[2023-04-05T11:17:09.622+0200] {processor.py:753} INFO - DAG(s) dict_keys(['latest_only_with_trigger']) retrieved from /home/dejan/Desktop/airflow/py_env/lib/python3.10/site-packages/airflow/example_dags/example_latest_only_with_trigger.py
[2023-04-05T11:17:09.689+0200] {logging_mixin.py:137} INFO - [2023-04-05T11:17:09.689+0200] {manager.py:504} INFO - Created Permission View: can read on DAG:latest_only_with_trigger
[2023-04-05T11:17:09.695+0200] {logging_mixin.py:137} INFO - [2023-04-05T11:17:09.695+0200] {manager.py:504} INFO - Created Permission View: can delete on DAG:latest_only_with_trigger
[2023-04-05T11:17:09.699+0200] {logging_mixin.py:137} INFO - [2023-04-05T11:17:09.699+0200] {manager.py:504} INFO - Created Permission View: can edit on DAG:latest_only_with_trigger
[2023-04-05T11:17:09.699+0200] {logging_mixin.py:137} INFO - [2023-04-05T11:17:09.699+0200] {dag.py:2705} INFO - Sync 1 DAGs
[2023-04-05T11:17:09.706+0200] {logging_mixin.py:137} INFO - [2023-04-05T11:17:09.706+0200] {dag.py:2726} INFO - Creating ORM DAG for latest_only_with_trigger
[2023-04-05T11:17:09.712+0200] {logging_mixin.py:137} INFO - [2023-04-05T11:17:09.712+0200] {dag.py:3452} INFO - Setting next_dagrun for latest_only_with_trigger to 2023-04-05T05:17:09.712437+00:00, run_after=2023-04-05T09:17:09.712437+00:00
[2023-04-05T11:17:09.726+0200] {processor.py:175} INFO - Processing /home/dejan/Desktop/airflow/py_env/lib/python3.10/site-packages/airflow/example_dags/example_latest_only_with_trigger.py took 0.117 seconds
[2023-04-05T11:17:49.025+0200] {processor.py:153} INFO - Started process (PID=111078) to work on /home/dejan/Desktop/airflow/py_env/lib/python3.10/site-packages/airflow/example_dags/example_latest_only_with_trigger.py
[2023-04-05T11:17:49.026+0200] {processor.py:743} INFO - Processing file /home/dejan/Desktop/airflow/py_env/lib/python3.10/site-packages/airflow/example_dags/example_latest_only_with_trigger.py for tasks to queue
[2023-04-05T11:17:49.026+0200] {logging_mixin.py:137} INFO - [2023-04-05T11:17:49.026+0200] {dagbag.py:532} INFO - Filling up the DagBag from /home/dejan/Desktop/airflow/py_env/lib/python3.10/site-packages/airflow/example_dags/example_latest_only_with_trigger.py
[2023-04-05T11:17:49.037+0200] {processor.py:753} INFO - DAG(s) dict_keys(['latest_only_with_trigger']) retrieved from /home/dejan/Desktop/airflow/py_env/lib/python3.10/site-packages/airflow/example_dags/example_latest_only_with_trigger.py
[2023-04-05T11:17:49.052+0200] {logging_mixin.py:137} INFO - [2023-04-05T11:17:49.052+0200] {dag.py:2705} INFO - Sync 1 DAGs
[2023-04-05T11:17:49.066+0200] {logging_mixin.py:137} INFO - [2023-04-05T11:17:49.066+0200] {dag.py:3452} INFO - Setting next_dagrun for latest_only_with_trigger to 2023-04-05T05:17:49.066609+00:00, run_after=2023-04-05T09:17:49.066609+00:00
[2023-04-05T11:17:49.082+0200] {processor.py:175} INFO - Processing /home/dejan/Desktop/airflow/py_env/lib/python3.10/site-packages/airflow/example_dags/example_latest_only_with_trigger.py took 0.058 seconds
[2023-04-05T11:18:29.301+0200] {processor.py:153} INFO - Started process (PID=111191) to work on /home/dejan/Desktop/airflow/py_env/lib/python3.10/site-packages/airflow/example_dags/example_latest_only_with_trigger.py
[2023-04-05T11:18:29.301+0200] {processor.py:743} INFO - Processing file /home/dejan/Desktop/airflow/py_env/lib/python3.10/site-packages/airflow/example_dags/example_latest_only_with_trigger.py for tasks to queue
[2023-04-05T11:18:29.302+0200] {logging_mixin.py:137} INFO - [2023-04-05T11:18:29.301+0200] {dagbag.py:532} INFO - Filling up the DagBag from /home/dejan/Desktop/airflow/py_env/lib/python3.10/site-packages/airflow/example_dags/example_latest_only_with_trigger.py
[2023-04-05T11:18:29.310+0200] {processor.py:753} INFO - DAG(s) dict_keys(['latest_only_with_trigger']) retrieved from /home/dejan/Desktop/airflow/py_env/lib/python3.10/site-packages/airflow/example_dags/example_latest_only_with_trigger.py
[2023-04-05T11:18:29.323+0200] {logging_mixin.py:137} INFO - [2023-04-05T11:18:29.322+0200] {dag.py:2705} INFO - Sync 1 DAGs
[2023-04-05T11:18:29.336+0200] {logging_mixin.py:137} INFO - [2023-04-05T11:18:29.336+0200] {dag.py:3452} INFO - Setting next_dagrun for latest_only_with_trigger to 2023-04-05T05:18:29.336539+00:00, run_after=2023-04-05T09:18:29.336539+00:00
[2023-04-05T11:18:29.356+0200] {processor.py:175} INFO - Processing /home/dejan/Desktop/airflow/py_env/lib/python3.10/site-packages/airflow/example_dags/example_latest_only_with_trigger.py took 0.056 seconds
