[2023-04-05T11:16:41.872+0200] {processor.py:153} INFO - Started process (PID=110618) to work on /home/dejan/Desktop/airflow/py_env/lib/python3.10/site-packages/airflow/example_dags/example_trigger_controller_dag.py
[2023-04-05T11:16:41.872+0200] {processor.py:743} INFO - Processing file /home/dejan/Desktop/airflow/py_env/lib/python3.10/site-packages/airflow/example_dags/example_trigger_controller_dag.py for tasks to queue
[2023-04-05T11:16:41.873+0200] {logging_mixin.py:137} INFO - [2023-04-05T11:16:41.873+0200] {dagbag.py:532} INFO - Filling up the DagBag from /home/dejan/Desktop/airflow/py_env/lib/python3.10/site-packages/airflow/example_dags/example_trigger_controller_dag.py
[2023-04-05T11:16:41.882+0200] {processor.py:753} INFO - DAG(s) dict_keys(['example_trigger_controller_dag']) retrieved from /home/dejan/Desktop/airflow/py_env/lib/python3.10/site-packages/airflow/example_dags/example_trigger_controller_dag.py
[2023-04-05T11:16:41.966+0200] {logging_mixin.py:137} INFO - [2023-04-05T11:16:41.966+0200] {manager.py:504} INFO - Created Permission View: can read on DAG:example_trigger_controller_dag
[2023-04-05T11:16:41.975+0200] {logging_mixin.py:137} INFO - [2023-04-05T11:16:41.974+0200] {manager.py:504} INFO - Created Permission View: can delete on DAG:example_trigger_controller_dag
[2023-04-05T11:16:41.981+0200] {logging_mixin.py:137} INFO - [2023-04-05T11:16:41.981+0200] {manager.py:504} INFO - Created Permission View: can edit on DAG:example_trigger_controller_dag
[2023-04-05T11:16:41.982+0200] {logging_mixin.py:137} INFO - [2023-04-05T11:16:41.981+0200] {dag.py:2705} INFO - Sync 1 DAGs
[2023-04-05T11:16:41.991+0200] {logging_mixin.py:137} INFO - [2023-04-05T11:16:41.991+0200] {dag.py:2726} INFO - Creating ORM DAG for example_trigger_controller_dag
[2023-04-05T11:16:41.999+0200] {logging_mixin.py:137} INFO - [2023-04-05T11:16:41.999+0200] {dag.py:3452} INFO - Setting next_dagrun for example_trigger_controller_dag to 2021-01-01T00:00:00+00:00, run_after=2021-01-01T00:00:00+00:00
[2023-04-05T11:16:42.015+0200] {processor.py:175} INFO - Processing /home/dejan/Desktop/airflow/py_env/lib/python3.10/site-packages/airflow/example_dags/example_trigger_controller_dag.py took 0.145 seconds
[2023-04-05T11:17:24.095+0200] {processor.py:153} INFO - Started process (PID=110925) to work on /home/dejan/Desktop/airflow/py_env/lib/python3.10/site-packages/airflow/example_dags/example_trigger_controller_dag.py
[2023-04-05T11:17:24.096+0200] {processor.py:743} INFO - Processing file /home/dejan/Desktop/airflow/py_env/lib/python3.10/site-packages/airflow/example_dags/example_trigger_controller_dag.py for tasks to queue
[2023-04-05T11:17:24.097+0200] {logging_mixin.py:137} INFO - [2023-04-05T11:17:24.096+0200] {dagbag.py:532} INFO - Filling up the DagBag from /home/dejan/Desktop/airflow/py_env/lib/python3.10/site-packages/airflow/example_dags/example_trigger_controller_dag.py
[2023-04-05T11:17:24.104+0200] {processor.py:753} INFO - DAG(s) dict_keys(['example_trigger_controller_dag']) retrieved from /home/dejan/Desktop/airflow/py_env/lib/python3.10/site-packages/airflow/example_dags/example_trigger_controller_dag.py
[2023-04-05T11:17:24.116+0200] {logging_mixin.py:137} INFO - [2023-04-05T11:17:24.116+0200] {dag.py:2705} INFO - Sync 1 DAGs
[2023-04-05T11:17:24.129+0200] {logging_mixin.py:137} INFO - [2023-04-05T11:17:24.129+0200] {dag.py:3452} INFO - Setting next_dagrun for example_trigger_controller_dag to 2021-01-01T00:00:00+00:00, run_after=2021-01-01T00:00:00+00:00
[2023-04-05T11:17:24.142+0200] {processor.py:175} INFO - Processing /home/dejan/Desktop/airflow/py_env/lib/python3.10/site-packages/airflow/example_dags/example_trigger_controller_dag.py took 0.048 seconds
[2023-04-05T11:18:03.594+0200] {processor.py:153} INFO - Started process (PID=111138) to work on /home/dejan/Desktop/airflow/py_env/lib/python3.10/site-packages/airflow/example_dags/example_trigger_controller_dag.py
[2023-04-05T11:18:03.595+0200] {processor.py:743} INFO - Processing file /home/dejan/Desktop/airflow/py_env/lib/python3.10/site-packages/airflow/example_dags/example_trigger_controller_dag.py for tasks to queue
[2023-04-05T11:18:03.595+0200] {logging_mixin.py:137} INFO - [2023-04-05T11:18:03.595+0200] {dagbag.py:532} INFO - Filling up the DagBag from /home/dejan/Desktop/airflow/py_env/lib/python3.10/site-packages/airflow/example_dags/example_trigger_controller_dag.py
[2023-04-05T11:18:03.602+0200] {processor.py:753} INFO - DAG(s) dict_keys(['example_trigger_controller_dag']) retrieved from /home/dejan/Desktop/airflow/py_env/lib/python3.10/site-packages/airflow/example_dags/example_trigger_controller_dag.py
[2023-04-05T11:18:03.613+0200] {logging_mixin.py:137} INFO - [2023-04-05T11:18:03.613+0200] {dag.py:2705} INFO - Sync 1 DAGs
[2023-04-05T11:18:03.626+0200] {logging_mixin.py:137} INFO - [2023-04-05T11:18:03.626+0200] {dag.py:3452} INFO - Setting next_dagrun for example_trigger_controller_dag to 2021-01-01T00:00:00+00:00, run_after=2021-01-01T00:00:00+00:00
[2023-04-05T11:18:03.639+0200] {processor.py:175} INFO - Processing /home/dejan/Desktop/airflow/py_env/lib/python3.10/site-packages/airflow/example_dags/example_trigger_controller_dag.py took 0.046 seconds
