[2023-04-05T11:17:01.606+0200] {processor.py:153} INFO - Started process (PID=110740) to work on /home/dejan/Desktop/airflow/py_env/lib/python3.10/site-packages/airflow/example_dags/example_dynamic_task_mapping.py
[2023-04-05T11:17:01.607+0200] {processor.py:743} INFO - Processing file /home/dejan/Desktop/airflow/py_env/lib/python3.10/site-packages/airflow/example_dags/example_dynamic_task_mapping.py for tasks to queue
[2023-04-05T11:17:01.607+0200] {logging_mixin.py:137} INFO - [2023-04-05T11:17:01.607+0200] {dagbag.py:532} INFO - Filling up the DagBag from /home/dejan/Desktop/airflow/py_env/lib/python3.10/site-packages/airflow/example_dags/example_dynamic_task_mapping.py
[2023-04-05T11:17:01.628+0200] {processor.py:753} INFO - DAG(s) dict_keys(['example_dynamic_task_mapping']) retrieved from /home/dejan/Desktop/airflow/py_env/lib/python3.10/site-packages/airflow/example_dags/example_dynamic_task_mapping.py
[2023-04-05T11:17:01.701+0200] {logging_mixin.py:137} INFO - [2023-04-05T11:17:01.700+0200] {manager.py:504} INFO - Created Permission View: can read on DAG:example_dynamic_task_mapping
[2023-04-05T11:17:01.708+0200] {logging_mixin.py:137} INFO - [2023-04-05T11:17:01.708+0200] {manager.py:504} INFO - Created Permission View: can delete on DAG:example_dynamic_task_mapping
[2023-04-05T11:17:01.714+0200] {logging_mixin.py:137} INFO - [2023-04-05T11:17:01.714+0200] {manager.py:504} INFO - Created Permission View: can edit on DAG:example_dynamic_task_mapping
[2023-04-05T11:17:01.714+0200] {logging_mixin.py:137} INFO - [2023-04-05T11:17:01.714+0200] {dag.py:2705} INFO - Sync 1 DAGs
[2023-04-05T11:17:01.724+0200] {logging_mixin.py:137} INFO - [2023-04-05T11:17:01.724+0200] {dag.py:2726} INFO - Creating ORM DAG for example_dynamic_task_mapping
[2023-04-05T11:17:01.731+0200] {logging_mixin.py:137} INFO - [2023-04-05T11:17:01.730+0200] {dag.py:3452} INFO - Setting next_dagrun for example_dynamic_task_mapping to 2022-03-04T00:00:00+00:00, run_after=2022-03-05T00:00:00+00:00
[2023-04-05T11:17:01.743+0200] {processor.py:175} INFO - Processing /home/dejan/Desktop/airflow/py_env/lib/python3.10/site-packages/airflow/example_dags/example_dynamic_task_mapping.py took 0.138 seconds
[2023-04-05T11:17:41.802+0200] {processor.py:153} INFO - Started process (PID=111026) to work on /home/dejan/Desktop/airflow/py_env/lib/python3.10/site-packages/airflow/example_dags/example_dynamic_task_mapping.py
[2023-04-05T11:17:41.803+0200] {processor.py:743} INFO - Processing file /home/dejan/Desktop/airflow/py_env/lib/python3.10/site-packages/airflow/example_dags/example_dynamic_task_mapping.py for tasks to queue
[2023-04-05T11:17:41.803+0200] {logging_mixin.py:137} INFO - [2023-04-05T11:17:41.803+0200] {dagbag.py:532} INFO - Filling up the DagBag from /home/dejan/Desktop/airflow/py_env/lib/python3.10/site-packages/airflow/example_dags/example_dynamic_task_mapping.py
[2023-04-05T11:17:41.820+0200] {processor.py:753} INFO - DAG(s) dict_keys(['example_dynamic_task_mapping']) retrieved from /home/dejan/Desktop/airflow/py_env/lib/python3.10/site-packages/airflow/example_dags/example_dynamic_task_mapping.py
[2023-04-05T11:17:41.835+0200] {logging_mixin.py:137} INFO - [2023-04-05T11:17:41.835+0200] {dag.py:2705} INFO - Sync 1 DAGs
[2023-04-05T11:17:41.851+0200] {logging_mixin.py:137} INFO - [2023-04-05T11:17:41.851+0200] {dag.py:3452} INFO - Setting next_dagrun for example_dynamic_task_mapping to 2022-03-04T00:00:00+00:00, run_after=2022-03-05T00:00:00+00:00
[2023-04-05T11:17:41.870+0200] {processor.py:175} INFO - Processing /home/dejan/Desktop/airflow/py_env/lib/python3.10/site-packages/airflow/example_dags/example_dynamic_task_mapping.py took 0.070 seconds
[2023-04-05T11:18:21.559+0200] {processor.py:153} INFO - Started process (PID=111175) to work on /home/dejan/Desktop/airflow/py_env/lib/python3.10/site-packages/airflow/example_dags/example_dynamic_task_mapping.py
[2023-04-05T11:18:21.560+0200] {processor.py:743} INFO - Processing file /home/dejan/Desktop/airflow/py_env/lib/python3.10/site-packages/airflow/example_dags/example_dynamic_task_mapping.py for tasks to queue
[2023-04-05T11:18:21.560+0200] {logging_mixin.py:137} INFO - [2023-04-05T11:18:21.560+0200] {dagbag.py:532} INFO - Filling up the DagBag from /home/dejan/Desktop/airflow/py_env/lib/python3.10/site-packages/airflow/example_dags/example_dynamic_task_mapping.py
[2023-04-05T11:18:21.574+0200] {processor.py:753} INFO - DAG(s) dict_keys(['example_dynamic_task_mapping']) retrieved from /home/dejan/Desktop/airflow/py_env/lib/python3.10/site-packages/airflow/example_dags/example_dynamic_task_mapping.py
[2023-04-05T11:18:21.585+0200] {logging_mixin.py:137} INFO - [2023-04-05T11:18:21.585+0200] {dag.py:2705} INFO - Sync 1 DAGs
[2023-04-05T11:18:21.598+0200] {logging_mixin.py:137} INFO - [2023-04-05T11:18:21.598+0200] {dag.py:3452} INFO - Setting next_dagrun for example_dynamic_task_mapping to 2022-03-04T00:00:00+00:00, run_after=2022-03-05T00:00:00+00:00
[2023-04-05T11:18:21.610+0200] {processor.py:175} INFO - Processing /home/dejan/Desktop/airflow/py_env/lib/python3.10/site-packages/airflow/example_dags/example_dynamic_task_mapping.py took 0.053 seconds
