[2023-04-05T11:16:51.119+0200] {processor.py:153} INFO - Started process (PID=110701) to work on /home/dejan/Desktop/airflow/py_env/lib/python3.10/site-packages/airflow/example_dags/example_short_circuit_operator.py
[2023-04-05T11:16:51.120+0200] {processor.py:743} INFO - Processing file /home/dejan/Desktop/airflow/py_env/lib/python3.10/site-packages/airflow/example_dags/example_short_circuit_operator.py for tasks to queue
[2023-04-05T11:16:51.121+0200] {logging_mixin.py:137} INFO - [2023-04-05T11:16:51.121+0200] {dagbag.py:532} INFO - Filling up the DagBag from /home/dejan/Desktop/airflow/py_env/lib/python3.10/site-packages/airflow/example_dags/example_short_circuit_operator.py
[2023-04-05T11:16:51.131+0200] {processor.py:753} INFO - DAG(s) dict_keys(['example_short_circuit_operator']) retrieved from /home/dejan/Desktop/airflow/py_env/lib/python3.10/site-packages/airflow/example_dags/example_short_circuit_operator.py
[2023-04-05T11:16:51.210+0200] {logging_mixin.py:137} INFO - [2023-04-05T11:16:51.210+0200] {manager.py:504} INFO - Created Permission View: can read on DAG:example_short_circuit_operator
[2023-04-05T11:16:51.218+0200] {logging_mixin.py:137} INFO - [2023-04-05T11:16:51.218+0200] {manager.py:504} INFO - Created Permission View: can delete on DAG:example_short_circuit_operator
[2023-04-05T11:16:51.223+0200] {logging_mixin.py:137} INFO - [2023-04-05T11:16:51.223+0200] {manager.py:504} INFO - Created Permission View: can edit on DAG:example_short_circuit_operator
[2023-04-05T11:16:51.223+0200] {logging_mixin.py:137} INFO - [2023-04-05T11:16:51.223+0200] {dag.py:2705} INFO - Sync 1 DAGs
[2023-04-05T11:16:51.233+0200] {logging_mixin.py:137} INFO - [2023-04-05T11:16:51.233+0200] {dag.py:2726} INFO - Creating ORM DAG for example_short_circuit_operator
[2023-04-05T11:16:51.241+0200] {logging_mixin.py:137} INFO - [2023-04-05T11:16:51.241+0200] {dag.py:3452} INFO - Setting next_dagrun for example_short_circuit_operator to 2023-04-04T09:16:51.241031+00:00, run_after=2023-04-05T09:16:51.241031+00:00
[2023-04-05T11:16:51.260+0200] {processor.py:175} INFO - Processing /home/dejan/Desktop/airflow/py_env/lib/python3.10/site-packages/airflow/example_dags/example_short_circuit_operator.py took 0.143 seconds
[2023-04-05T11:17:33.264+0200] {processor.py:153} INFO - Started process (PID=111004) to work on /home/dejan/Desktop/airflow/py_env/lib/python3.10/site-packages/airflow/example_dags/example_short_circuit_operator.py
[2023-04-05T11:17:33.264+0200] {processor.py:743} INFO - Processing file /home/dejan/Desktop/airflow/py_env/lib/python3.10/site-packages/airflow/example_dags/example_short_circuit_operator.py for tasks to queue
[2023-04-05T11:17:33.265+0200] {logging_mixin.py:137} INFO - [2023-04-05T11:17:33.265+0200] {dagbag.py:532} INFO - Filling up the DagBag from /home/dejan/Desktop/airflow/py_env/lib/python3.10/site-packages/airflow/example_dags/example_short_circuit_operator.py
[2023-04-05T11:17:33.276+0200] {processor.py:753} INFO - DAG(s) dict_keys(['example_short_circuit_operator']) retrieved from /home/dejan/Desktop/airflow/py_env/lib/python3.10/site-packages/airflow/example_dags/example_short_circuit_operator.py
[2023-04-05T11:17:33.290+0200] {logging_mixin.py:137} INFO - [2023-04-05T11:17:33.290+0200] {dag.py:2705} INFO - Sync 1 DAGs
[2023-04-05T11:17:33.303+0200] {logging_mixin.py:137} INFO - [2023-04-05T11:17:33.302+0200] {dag.py:3452} INFO - Setting next_dagrun for example_short_circuit_operator to 2023-04-04T09:17:33.302830+00:00, run_after=2023-04-05T09:17:33.302830+00:00
[2023-04-05T11:17:33.315+0200] {processor.py:175} INFO - Processing /home/dejan/Desktop/airflow/py_env/lib/python3.10/site-packages/airflow/example_dags/example_short_circuit_operator.py took 0.053 seconds
[2023-04-05T11:18:11.608+0200] {processor.py:153} INFO - Started process (PID=111158) to work on /home/dejan/Desktop/airflow/py_env/lib/python3.10/site-packages/airflow/example_dags/example_short_circuit_operator.py
[2023-04-05T11:18:11.609+0200] {processor.py:743} INFO - Processing file /home/dejan/Desktop/airflow/py_env/lib/python3.10/site-packages/airflow/example_dags/example_short_circuit_operator.py for tasks to queue
[2023-04-05T11:18:11.609+0200] {logging_mixin.py:137} INFO - [2023-04-05T11:18:11.609+0200] {dagbag.py:532} INFO - Filling up the DagBag from /home/dejan/Desktop/airflow/py_env/lib/python3.10/site-packages/airflow/example_dags/example_short_circuit_operator.py
[2023-04-05T11:18:11.620+0200] {processor.py:753} INFO - DAG(s) dict_keys(['example_short_circuit_operator']) retrieved from /home/dejan/Desktop/airflow/py_env/lib/python3.10/site-packages/airflow/example_dags/example_short_circuit_operator.py
[2023-04-05T11:18:11.634+0200] {logging_mixin.py:137} INFO - [2023-04-05T11:18:11.634+0200] {dag.py:2705} INFO - Sync 1 DAGs
[2023-04-05T11:18:11.647+0200] {logging_mixin.py:137} INFO - [2023-04-05T11:18:11.647+0200] {dag.py:3452} INFO - Setting next_dagrun for example_short_circuit_operator to 2023-04-04T09:18:11.647509+00:00, run_after=2023-04-05T09:18:11.647509+00:00
[2023-04-05T11:18:11.661+0200] {processor.py:175} INFO - Processing /home/dejan/Desktop/airflow/py_env/lib/python3.10/site-packages/airflow/example_dags/example_short_circuit_operator.py took 0.055 seconds
