[2023-04-05T11:17:17.232+0200] {processor.py:153} INFO - Started process (PID=110882) to work on /home/dejan/Desktop/airflow/py_env/lib/python3.10/site-packages/airflow/example_dags/example_branch_day_of_week_operator.py
[2023-04-05T11:17:17.232+0200] {processor.py:743} INFO - Processing file /home/dejan/Desktop/airflow/py_env/lib/python3.10/site-packages/airflow/example_dags/example_branch_day_of_week_operator.py for tasks to queue
[2023-04-05T11:17:17.233+0200] {logging_mixin.py:137} INFO - [2023-04-05T11:17:17.233+0200] {dagbag.py:532} INFO - Filling up the DagBag from /home/dejan/Desktop/airflow/py_env/lib/python3.10/site-packages/airflow/example_dags/example_branch_day_of_week_operator.py
[2023-04-05T11:17:17.245+0200] {processor.py:753} INFO - DAG(s) dict_keys(['example_weekday_branch_operator']) retrieved from /home/dejan/Desktop/airflow/py_env/lib/python3.10/site-packages/airflow/example_dags/example_branch_day_of_week_operator.py
[2023-04-05T11:17:17.311+0200] {logging_mixin.py:137} INFO - [2023-04-05T11:17:17.311+0200] {manager.py:504} INFO - Created Permission View: can read on DAG:example_weekday_branch_operator
[2023-04-05T11:17:17.317+0200] {logging_mixin.py:137} INFO - [2023-04-05T11:17:17.317+0200] {manager.py:504} INFO - Created Permission View: can delete on DAG:example_weekday_branch_operator
[2023-04-05T11:17:17.321+0200] {logging_mixin.py:137} INFO - [2023-04-05T11:17:17.321+0200] {manager.py:504} INFO - Created Permission View: can edit on DAG:example_weekday_branch_operator
[2023-04-05T11:17:17.321+0200] {logging_mixin.py:137} INFO - [2023-04-05T11:17:17.321+0200] {dag.py:2705} INFO - Sync 1 DAGs
[2023-04-05T11:17:17.329+0200] {logging_mixin.py:137} INFO - [2023-04-05T11:17:17.329+0200] {dag.py:2726} INFO - Creating ORM DAG for example_weekday_branch_operator
[2023-04-05T11:17:17.336+0200] {logging_mixin.py:137} INFO - [2023-04-05T11:17:17.335+0200] {dag.py:3452} INFO - Setting next_dagrun for example_weekday_branch_operator to 2023-04-04T00:00:00+00:00, run_after=2023-04-05T00:00:00+00:00
[2023-04-05T11:17:17.348+0200] {processor.py:175} INFO - Processing /home/dejan/Desktop/airflow/py_env/lib/python3.10/site-packages/airflow/example_dags/example_branch_day_of_week_operator.py took 0.118 seconds
[2023-04-05T11:17:55.763+0200] {processor.py:153} INFO - Started process (PID=111120) to work on /home/dejan/Desktop/airflow/py_env/lib/python3.10/site-packages/airflow/example_dags/example_branch_day_of_week_operator.py
[2023-04-05T11:17:55.764+0200] {processor.py:743} INFO - Processing file /home/dejan/Desktop/airflow/py_env/lib/python3.10/site-packages/airflow/example_dags/example_branch_day_of_week_operator.py for tasks to queue
[2023-04-05T11:17:55.764+0200] {logging_mixin.py:137} INFO - [2023-04-05T11:17:55.764+0200] {dagbag.py:532} INFO - Filling up the DagBag from /home/dejan/Desktop/airflow/py_env/lib/python3.10/site-packages/airflow/example_dags/example_branch_day_of_week_operator.py
[2023-04-05T11:17:55.776+0200] {processor.py:753} INFO - DAG(s) dict_keys(['example_weekday_branch_operator']) retrieved from /home/dejan/Desktop/airflow/py_env/lib/python3.10/site-packages/airflow/example_dags/example_branch_day_of_week_operator.py
[2023-04-05T11:17:55.788+0200] {logging_mixin.py:137} INFO - [2023-04-05T11:17:55.788+0200] {dag.py:2705} INFO - Sync 1 DAGs
[2023-04-05T11:17:55.802+0200] {logging_mixin.py:137} INFO - [2023-04-05T11:17:55.802+0200] {dag.py:3452} INFO - Setting next_dagrun for example_weekday_branch_operator to 2023-04-04T00:00:00+00:00, run_after=2023-04-05T00:00:00+00:00
[2023-04-05T11:17:55.814+0200] {processor.py:175} INFO - Processing /home/dejan/Desktop/airflow/py_env/lib/python3.10/site-packages/airflow/example_dags/example_branch_day_of_week_operator.py took 0.052 seconds
[2023-04-05T11:18:36.296+0200] {processor.py:153} INFO - Started process (PID=111208) to work on /home/dejan/Desktop/airflow/py_env/lib/python3.10/site-packages/airflow/example_dags/example_branch_day_of_week_operator.py
[2023-04-05T11:18:36.297+0200] {processor.py:743} INFO - Processing file /home/dejan/Desktop/airflow/py_env/lib/python3.10/site-packages/airflow/example_dags/example_branch_day_of_week_operator.py for tasks to queue
[2023-04-05T11:18:36.297+0200] {logging_mixin.py:137} INFO - [2023-04-05T11:18:36.297+0200] {dagbag.py:532} INFO - Filling up the DagBag from /home/dejan/Desktop/airflow/py_env/lib/python3.10/site-packages/airflow/example_dags/example_branch_day_of_week_operator.py
[2023-04-05T11:18:36.307+0200] {processor.py:753} INFO - DAG(s) dict_keys(['example_weekday_branch_operator']) retrieved from /home/dejan/Desktop/airflow/py_env/lib/python3.10/site-packages/airflow/example_dags/example_branch_day_of_week_operator.py
[2023-04-05T11:18:36.319+0200] {logging_mixin.py:137} INFO - [2023-04-05T11:18:36.319+0200] {dag.py:2705} INFO - Sync 1 DAGs
[2023-04-05T11:18:36.333+0200] {logging_mixin.py:137} INFO - [2023-04-05T11:18:36.333+0200] {dag.py:3452} INFO - Setting next_dagrun for example_weekday_branch_operator to 2023-04-04T00:00:00+00:00, run_after=2023-04-05T00:00:00+00:00
[2023-04-05T11:18:36.346+0200] {processor.py:175} INFO - Processing /home/dejan/Desktop/airflow/py_env/lib/python3.10/site-packages/airflow/example_dags/example_branch_day_of_week_operator.py took 0.052 seconds
