[2023-04-05T11:16:48.642+0200] {processor.py:153} INFO - Started process (PID=110668) to work on /home/dejan/Desktop/airflow/py_env/lib/python3.10/site-packages/airflow/example_dags/example_trigger_target_dag.py
[2023-04-05T11:16:48.642+0200] {processor.py:743} INFO - Processing file /home/dejan/Desktop/airflow/py_env/lib/python3.10/site-packages/airflow/example_dags/example_trigger_target_dag.py for tasks to queue
[2023-04-05T11:16:48.643+0200] {logging_mixin.py:137} INFO - [2023-04-05T11:16:48.643+0200] {dagbag.py:532} INFO - Filling up the DagBag from /home/dejan/Desktop/airflow/py_env/lib/python3.10/site-packages/airflow/example_dags/example_trigger_target_dag.py
[2023-04-05T11:16:48.658+0200] {processor.py:753} INFO - DAG(s) dict_keys(['example_trigger_target_dag']) retrieved from /home/dejan/Desktop/airflow/py_env/lib/python3.10/site-packages/airflow/example_dags/example_trigger_target_dag.py
[2023-04-05T11:16:48.725+0200] {logging_mixin.py:137} INFO - [2023-04-05T11:16:48.725+0200] {manager.py:504} INFO - Created Permission View: can read on DAG:example_trigger_target_dag
[2023-04-05T11:16:48.730+0200] {logging_mixin.py:137} INFO - [2023-04-05T11:16:48.730+0200] {manager.py:504} INFO - Created Permission View: can delete on DAG:example_trigger_target_dag
[2023-04-05T11:16:48.735+0200] {logging_mixin.py:137} INFO - [2023-04-05T11:16:48.735+0200] {manager.py:504} INFO - Created Permission View: can edit on DAG:example_trigger_target_dag
[2023-04-05T11:16:48.735+0200] {logging_mixin.py:137} INFO - [2023-04-05T11:16:48.735+0200] {dag.py:2705} INFO - Sync 1 DAGs
[2023-04-05T11:16:48.742+0200] {logging_mixin.py:137} INFO - [2023-04-05T11:16:48.742+0200] {dag.py:2726} INFO - Creating ORM DAG for example_trigger_target_dag
[2023-04-05T11:16:48.748+0200] {logging_mixin.py:137} INFO - [2023-04-05T11:16:48.748+0200] {dag.py:3452} INFO - Setting next_dagrun for example_trigger_target_dag to None, run_after=None
[2023-04-05T11:16:48.761+0200] {processor.py:175} INFO - Processing /home/dejan/Desktop/airflow/py_env/lib/python3.10/site-packages/airflow/example_dags/example_trigger_target_dag.py took 0.120 seconds
[2023-04-05T11:17:31.515+0200] {processor.py:153} INFO - Started process (PID=110986) to work on /home/dejan/Desktop/airflow/py_env/lib/python3.10/site-packages/airflow/example_dags/example_trigger_target_dag.py
[2023-04-05T11:17:31.516+0200] {processor.py:743} INFO - Processing file /home/dejan/Desktop/airflow/py_env/lib/python3.10/site-packages/airflow/example_dags/example_trigger_target_dag.py for tasks to queue
[2023-04-05T11:17:31.516+0200] {logging_mixin.py:137} INFO - [2023-04-05T11:17:31.516+0200] {dagbag.py:532} INFO - Filling up the DagBag from /home/dejan/Desktop/airflow/py_env/lib/python3.10/site-packages/airflow/example_dags/example_trigger_target_dag.py
[2023-04-05T11:17:31.535+0200] {processor.py:753} INFO - DAG(s) dict_keys(['example_trigger_target_dag']) retrieved from /home/dejan/Desktop/airflow/py_env/lib/python3.10/site-packages/airflow/example_dags/example_trigger_target_dag.py
[2023-04-05T11:17:31.548+0200] {logging_mixin.py:137} INFO - [2023-04-05T11:17:31.548+0200] {dag.py:2705} INFO - Sync 1 DAGs
[2023-04-05T11:17:31.564+0200] {logging_mixin.py:137} INFO - [2023-04-05T11:17:31.563+0200] {dag.py:3452} INFO - Setting next_dagrun for example_trigger_target_dag to None, run_after=None
[2023-04-05T11:17:31.579+0200] {processor.py:175} INFO - Processing /home/dejan/Desktop/airflow/py_env/lib/python3.10/site-packages/airflow/example_dags/example_trigger_target_dag.py took 0.065 seconds
[2023-04-05T11:18:09.876+0200] {processor.py:153} INFO - Started process (PID=111154) to work on /home/dejan/Desktop/airflow/py_env/lib/python3.10/site-packages/airflow/example_dags/example_trigger_target_dag.py
[2023-04-05T11:18:09.877+0200] {processor.py:743} INFO - Processing file /home/dejan/Desktop/airflow/py_env/lib/python3.10/site-packages/airflow/example_dags/example_trigger_target_dag.py for tasks to queue
[2023-04-05T11:18:09.877+0200] {logging_mixin.py:137} INFO - [2023-04-05T11:18:09.877+0200] {dagbag.py:532} INFO - Filling up the DagBag from /home/dejan/Desktop/airflow/py_env/lib/python3.10/site-packages/airflow/example_dags/example_trigger_target_dag.py
[2023-04-05T11:18:09.891+0200] {processor.py:753} INFO - DAG(s) dict_keys(['example_trigger_target_dag']) retrieved from /home/dejan/Desktop/airflow/py_env/lib/python3.10/site-packages/airflow/example_dags/example_trigger_target_dag.py
[2023-04-05T11:18:09.903+0200] {logging_mixin.py:137} INFO - [2023-04-05T11:18:09.903+0200] {dag.py:2705} INFO - Sync 1 DAGs
[2023-04-05T11:18:09.916+0200] {logging_mixin.py:137} INFO - [2023-04-05T11:18:09.916+0200] {dag.py:3452} INFO - Setting next_dagrun for example_trigger_target_dag to None, run_after=None
[2023-04-05T11:18:09.929+0200] {processor.py:175} INFO - Processing /home/dejan/Desktop/airflow/py_env/lib/python3.10/site-packages/airflow/example_dags/example_trigger_target_dag.py took 0.054 seconds
