[2023-04-05T11:16:35.683+0200] {processor.py:153} INFO - Started process (PID=110570) to work on /home/dejan/Desktop/airflow/py_env/lib/python3.10/site-packages/airflow/example_dags/example_python_operator.py
[2023-04-05T11:16:35.684+0200] {processor.py:743} INFO - Processing file /home/dejan/Desktop/airflow/py_env/lib/python3.10/site-packages/airflow/example_dags/example_python_operator.py for tasks to queue
[2023-04-05T11:16:35.684+0200] {logging_mixin.py:137} INFO - [2023-04-05T11:16:35.684+0200] {dagbag.py:532} INFO - Filling up the DagBag from /home/dejan/Desktop/airflow/py_env/lib/python3.10/site-packages/airflow/example_dags/example_python_operator.py
[2023-04-05T11:16:35.696+0200] {logging_mixin.py:137} INFO - [2023-04-05T11:16:35.696+0200] {taskmixin.py:211} WARNING - Dependency <Task(_PythonDecoratedOperator): print_the_context>, log_sql_query already registered for DAG: example_python_operator
[2023-04-05T11:16:35.697+0200] {logging_mixin.py:137} INFO - [2023-04-05T11:16:35.696+0200] {taskmixin.py:211} WARNING - Dependency <Task(_PythonDecoratedOperator): log_sql_query>, print_the_context already registered for DAG: example_python_operator
[2023-04-05T11:16:35.697+0200] {logging_mixin.py:137} INFO - [2023-04-05T11:16:35.697+0200] {taskmixin.py:211} WARNING - Dependency <Task(_PythonDecoratedOperator): print_the_context>, log_sql_query already registered for DAG: example_python_operator
[2023-04-05T11:16:35.697+0200] {logging_mixin.py:137} INFO - [2023-04-05T11:16:35.697+0200] {taskmixin.py:211} WARNING - Dependency <Task(_PythonDecoratedOperator): log_sql_query>, print_the_context already registered for DAG: example_python_operator
[2023-04-05T11:16:35.698+0200] {logging_mixin.py:137} INFO - [2023-04-05T11:16:35.697+0200] {taskmixin.py:211} WARNING - Dependency <Task(_PythonDecoratedOperator): print_the_context>, log_sql_query already registered for DAG: example_python_operator
[2023-04-05T11:16:35.698+0200] {logging_mixin.py:137} INFO - [2023-04-05T11:16:35.698+0200] {taskmixin.py:211} WARNING - Dependency <Task(_PythonDecoratedOperator): log_sql_query>, print_the_context already registered for DAG: example_python_operator
[2023-04-05T11:16:35.698+0200] {logging_mixin.py:137} INFO - [2023-04-05T11:16:35.698+0200] {taskmixin.py:211} WARNING - Dependency <Task(_PythonDecoratedOperator): print_the_context>, log_sql_query already registered for DAG: example_python_operator
[2023-04-05T11:16:35.698+0200] {logging_mixin.py:137} INFO - [2023-04-05T11:16:35.698+0200] {taskmixin.py:211} WARNING - Dependency <Task(_PythonDecoratedOperator): log_sql_query>, print_the_context already registered for DAG: example_python_operator
[2023-04-05T11:16:35.698+0200] {logging_mixin.py:137} INFO - [2023-04-05T11:16:35.698+0200] {example_python_operator.py:90} WARNING - The virtalenv_python example task requires virtualenv, please install it.
[2023-04-05T11:16:35.703+0200] {processor.py:753} INFO - DAG(s) dict_keys(['example_python_operator']) retrieved from /home/dejan/Desktop/airflow/py_env/lib/python3.10/site-packages/airflow/example_dags/example_python_operator.py
[2023-04-05T11:16:35.773+0200] {logging_mixin.py:137} INFO - [2023-04-05T11:16:35.772+0200] {manager.py:504} INFO - Created Permission View: can read on DAG:example_python_operator
[2023-04-05T11:16:35.779+0200] {logging_mixin.py:137} INFO - [2023-04-05T11:16:35.779+0200] {manager.py:504} INFO - Created Permission View: can delete on DAG:example_python_operator
[2023-04-05T11:16:35.783+0200] {logging_mixin.py:137} INFO - [2023-04-05T11:16:35.783+0200] {manager.py:504} INFO - Created Permission View: can edit on DAG:example_python_operator
[2023-04-05T11:16:35.783+0200] {logging_mixin.py:137} INFO - [2023-04-05T11:16:35.783+0200] {dag.py:2705} INFO - Sync 1 DAGs
[2023-04-05T11:16:35.791+0200] {logging_mixin.py:137} INFO - [2023-04-05T11:16:35.791+0200] {dag.py:2726} INFO - Creating ORM DAG for example_python_operator
[2023-04-05T11:16:35.797+0200] {logging_mixin.py:137} INFO - [2023-04-05T11:16:35.797+0200] {dag.py:3452} INFO - Setting next_dagrun for example_python_operator to None, run_after=None
[2023-04-05T11:16:35.810+0200] {processor.py:175} INFO - Processing /home/dejan/Desktop/airflow/py_env/lib/python3.10/site-packages/airflow/example_dags/example_python_operator.py took 0.128 seconds
[2023-04-05T11:17:19.886+0200] {processor.py:153} INFO - Started process (PID=110886) to work on /home/dejan/Desktop/airflow/py_env/lib/python3.10/site-packages/airflow/example_dags/example_python_operator.py
[2023-04-05T11:17:19.887+0200] {processor.py:743} INFO - Processing file /home/dejan/Desktop/airflow/py_env/lib/python3.10/site-packages/airflow/example_dags/example_python_operator.py for tasks to queue
[2023-04-05T11:17:19.888+0200] {logging_mixin.py:137} INFO - [2023-04-05T11:17:19.887+0200] {dagbag.py:532} INFO - Filling up the DagBag from /home/dejan/Desktop/airflow/py_env/lib/python3.10/site-packages/airflow/example_dags/example_python_operator.py
[2023-04-05T11:17:19.900+0200] {logging_mixin.py:137} INFO - [2023-04-05T11:17:19.900+0200] {taskmixin.py:211} WARNING - Dependency <Task(_PythonDecoratedOperator): print_the_context>, log_sql_query already registered for DAG: example_python_operator
[2023-04-05T11:17:19.900+0200] {logging_mixin.py:137} INFO - [2023-04-05T11:17:19.900+0200] {taskmixin.py:211} WARNING - Dependency <Task(_PythonDecoratedOperator): log_sql_query>, print_the_context already registered for DAG: example_python_operator
[2023-04-05T11:17:19.901+0200] {logging_mixin.py:137} INFO - [2023-04-05T11:17:19.901+0200] {taskmixin.py:211} WARNING - Dependency <Task(_PythonDecoratedOperator): print_the_context>, log_sql_query already registered for DAG: example_python_operator
[2023-04-05T11:17:19.901+0200] {logging_mixin.py:137} INFO - [2023-04-05T11:17:19.901+0200] {taskmixin.py:211} WARNING - Dependency <Task(_PythonDecoratedOperator): log_sql_query>, print_the_context already registered for DAG: example_python_operator
[2023-04-05T11:17:19.902+0200] {logging_mixin.py:137} INFO - [2023-04-05T11:17:19.902+0200] {taskmixin.py:211} WARNING - Dependency <Task(_PythonDecoratedOperator): print_the_context>, log_sql_query already registered for DAG: example_python_operator
[2023-04-05T11:17:19.902+0200] {logging_mixin.py:137} INFO - [2023-04-05T11:17:19.902+0200] {taskmixin.py:211} WARNING - Dependency <Task(_PythonDecoratedOperator): log_sql_query>, print_the_context already registered for DAG: example_python_operator
[2023-04-05T11:17:19.902+0200] {logging_mixin.py:137} INFO - [2023-04-05T11:17:19.902+0200] {taskmixin.py:211} WARNING - Dependency <Task(_PythonDecoratedOperator): print_the_context>, log_sql_query already registered for DAG: example_python_operator
[2023-04-05T11:17:19.902+0200] {logging_mixin.py:137} INFO - [2023-04-05T11:17:19.902+0200] {taskmixin.py:211} WARNING - Dependency <Task(_PythonDecoratedOperator): log_sql_query>, print_the_context already registered for DAG: example_python_operator
[2023-04-05T11:17:19.903+0200] {logging_mixin.py:137} INFO - [2023-04-05T11:17:19.902+0200] {example_python_operator.py:90} WARNING - The virtalenv_python example task requires virtualenv, please install it.
[2023-04-05T11:17:19.906+0200] {processor.py:753} INFO - DAG(s) dict_keys(['example_python_operator']) retrieved from /home/dejan/Desktop/airflow/py_env/lib/python3.10/site-packages/airflow/example_dags/example_python_operator.py
[2023-04-05T11:17:19.920+0200] {logging_mixin.py:137} INFO - [2023-04-05T11:17:19.919+0200] {dag.py:2705} INFO - Sync 1 DAGs
[2023-04-05T11:17:19.932+0200] {logging_mixin.py:137} INFO - [2023-04-05T11:17:19.932+0200] {dag.py:3452} INFO - Setting next_dagrun for example_python_operator to None, run_after=None
[2023-04-05T11:17:19.946+0200] {processor.py:175} INFO - Processing /home/dejan/Desktop/airflow/py_env/lib/python3.10/site-packages/airflow/example_dags/example_python_operator.py took 0.062 seconds
[2023-04-05T11:17:58.463+0200] {processor.py:153} INFO - Started process (PID=111125) to work on /home/dejan/Desktop/airflow/py_env/lib/python3.10/site-packages/airflow/example_dags/example_python_operator.py
[2023-04-05T11:17:58.464+0200] {processor.py:743} INFO - Processing file /home/dejan/Desktop/airflow/py_env/lib/python3.10/site-packages/airflow/example_dags/example_python_operator.py for tasks to queue
[2023-04-05T11:17:58.465+0200] {logging_mixin.py:137} INFO - [2023-04-05T11:17:58.465+0200] {dagbag.py:532} INFO - Filling up the DagBag from /home/dejan/Desktop/airflow/py_env/lib/python3.10/site-packages/airflow/example_dags/example_python_operator.py
[2023-04-05T11:17:58.477+0200] {logging_mixin.py:137} INFO - [2023-04-05T11:17:58.476+0200] {taskmixin.py:211} WARNING - Dependency <Task(_PythonDecoratedOperator): print_the_context>, log_sql_query already registered for DAG: example_python_operator
[2023-04-05T11:17:58.477+0200] {logging_mixin.py:137} INFO - [2023-04-05T11:17:58.477+0200] {taskmixin.py:211} WARNING - Dependency <Task(_PythonDecoratedOperator): log_sql_query>, print_the_context already registered for DAG: example_python_operator
[2023-04-05T11:17:58.477+0200] {logging_mixin.py:137} INFO - [2023-04-05T11:17:58.477+0200] {taskmixin.py:211} WARNING - Dependency <Task(_PythonDecoratedOperator): print_the_context>, log_sql_query already registered for DAG: example_python_operator
[2023-04-05T11:17:58.477+0200] {logging_mixin.py:137} INFO - [2023-04-05T11:17:58.477+0200] {taskmixin.py:211} WARNING - Dependency <Task(_PythonDecoratedOperator): log_sql_query>, print_the_context already registered for DAG: example_python_operator
[2023-04-05T11:17:58.478+0200] {logging_mixin.py:137} INFO - [2023-04-05T11:17:58.478+0200] {taskmixin.py:211} WARNING - Dependency <Task(_PythonDecoratedOperator): print_the_context>, log_sql_query already registered for DAG: example_python_operator
[2023-04-05T11:17:58.478+0200] {logging_mixin.py:137} INFO - [2023-04-05T11:17:58.478+0200] {taskmixin.py:211} WARNING - Dependency <Task(_PythonDecoratedOperator): log_sql_query>, print_the_context already registered for DAG: example_python_operator
[2023-04-05T11:17:58.478+0200] {logging_mixin.py:137} INFO - [2023-04-05T11:17:58.478+0200] {taskmixin.py:211} WARNING - Dependency <Task(_PythonDecoratedOperator): print_the_context>, log_sql_query already registered for DAG: example_python_operator
[2023-04-05T11:17:58.478+0200] {logging_mixin.py:137} INFO - [2023-04-05T11:17:58.478+0200] {taskmixin.py:211} WARNING - Dependency <Task(_PythonDecoratedOperator): log_sql_query>, print_the_context already registered for DAG: example_python_operator
[2023-04-05T11:17:58.479+0200] {logging_mixin.py:137} INFO - [2023-04-05T11:17:58.479+0200] {example_python_operator.py:90} WARNING - The virtalenv_python example task requires virtualenv, please install it.
[2023-04-05T11:17:58.482+0200] {processor.py:753} INFO - DAG(s) dict_keys(['example_python_operator']) retrieved from /home/dejan/Desktop/airflow/py_env/lib/python3.10/site-packages/airflow/example_dags/example_python_operator.py
[2023-04-05T11:17:58.495+0200] {logging_mixin.py:137} INFO - [2023-04-05T11:17:58.495+0200] {dag.py:2705} INFO - Sync 1 DAGs
[2023-04-05T11:17:58.508+0200] {logging_mixin.py:137} INFO - [2023-04-05T11:17:58.508+0200] {dag.py:3452} INFO - Setting next_dagrun for example_python_operator to None, run_after=None
[2023-04-05T11:17:58.522+0200] {processor.py:175} INFO - Processing /home/dejan/Desktop/airflow/py_env/lib/python3.10/site-packages/airflow/example_dags/example_python_operator.py took 0.059 seconds
[2023-04-05T11:18:39.578+0200] {processor.py:153} INFO - Started process (PID=111212) to work on /home/dejan/Desktop/airflow/py_env/lib/python3.10/site-packages/airflow/example_dags/example_python_operator.py
[2023-04-05T11:18:39.579+0200] {processor.py:743} INFO - Processing file /home/dejan/Desktop/airflow/py_env/lib/python3.10/site-packages/airflow/example_dags/example_python_operator.py for tasks to queue
[2023-04-05T11:18:39.580+0200] {logging_mixin.py:137} INFO - [2023-04-05T11:18:39.580+0200] {dagbag.py:532} INFO - Filling up the DagBag from /home/dejan/Desktop/airflow/py_env/lib/python3.10/site-packages/airflow/example_dags/example_python_operator.py
[2023-04-05T11:18:39.592+0200] {logging_mixin.py:137} INFO - [2023-04-05T11:18:39.592+0200] {taskmixin.py:211} WARNING - Dependency <Task(_PythonDecoratedOperator): print_the_context>, log_sql_query already registered for DAG: example_python_operator
[2023-04-05T11:18:39.592+0200] {logging_mixin.py:137} INFO - [2023-04-05T11:18:39.592+0200] {taskmixin.py:211} WARNING - Dependency <Task(_PythonDecoratedOperator): log_sql_query>, print_the_context already registered for DAG: example_python_operator
[2023-04-05T11:18:39.592+0200] {logging_mixin.py:137} INFO - [2023-04-05T11:18:39.592+0200] {taskmixin.py:211} WARNING - Dependency <Task(_PythonDecoratedOperator): print_the_context>, log_sql_query already registered for DAG: example_python_operator
[2023-04-05T11:18:39.593+0200] {logging_mixin.py:137} INFO - [2023-04-05T11:18:39.593+0200] {taskmixin.py:211} WARNING - Dependency <Task(_PythonDecoratedOperator): log_sql_query>, print_the_context already registered for DAG: example_python_operator
[2023-04-05T11:18:39.593+0200] {logging_mixin.py:137} INFO - [2023-04-05T11:18:39.593+0200] {taskmixin.py:211} WARNING - Dependency <Task(_PythonDecoratedOperator): print_the_context>, log_sql_query already registered for DAG: example_python_operator
[2023-04-05T11:18:39.593+0200] {logging_mixin.py:137} INFO - [2023-04-05T11:18:39.593+0200] {taskmixin.py:211} WARNING - Dependency <Task(_PythonDecoratedOperator): log_sql_query>, print_the_context already registered for DAG: example_python_operator
[2023-04-05T11:18:39.594+0200] {logging_mixin.py:137} INFO - [2023-04-05T11:18:39.594+0200] {taskmixin.py:211} WARNING - Dependency <Task(_PythonDecoratedOperator): print_the_context>, log_sql_query already registered for DAG: example_python_operator
[2023-04-05T11:18:39.594+0200] {logging_mixin.py:137} INFO - [2023-04-05T11:18:39.594+0200] {taskmixin.py:211} WARNING - Dependency <Task(_PythonDecoratedOperator): log_sql_query>, print_the_context already registered for DAG: example_python_operator
[2023-04-05T11:18:39.594+0200] {logging_mixin.py:137} INFO - [2023-04-05T11:18:39.594+0200] {example_python_operator.py:90} WARNING - The virtalenv_python example task requires virtualenv, please install it.
[2023-04-05T11:18:39.597+0200] {processor.py:753} INFO - DAG(s) dict_keys(['example_python_operator']) retrieved from /home/dejan/Desktop/airflow/py_env/lib/python3.10/site-packages/airflow/example_dags/example_python_operator.py
[2023-04-05T11:18:39.610+0200] {logging_mixin.py:137} INFO - [2023-04-05T11:18:39.610+0200] {dag.py:2705} INFO - Sync 1 DAGs
[2023-04-05T11:18:39.623+0200] {logging_mixin.py:137} INFO - [2023-04-05T11:18:39.623+0200] {dag.py:3452} INFO - Setting next_dagrun for example_python_operator to None, run_after=None
[2023-04-05T11:18:39.638+0200] {processor.py:175} INFO - Processing /home/dejan/Desktop/airflow/py_env/lib/python3.10/site-packages/airflow/example_dags/example_python_operator.py took 0.061 seconds
