[2023-04-05T11:17:06.849+0200] {processor.py:153} INFO - Started process (PID=110785) to work on /home/dejan/Desktop/airflow/py_env/lib/python3.10/site-packages/airflow/example_dags/example_complex.py
[2023-04-05T11:17:06.849+0200] {processor.py:743} INFO - Processing file /home/dejan/Desktop/airflow/py_env/lib/python3.10/site-packages/airflow/example_dags/example_complex.py for tasks to queue
[2023-04-05T11:17:06.850+0200] {logging_mixin.py:137} INFO - [2023-04-05T11:17:06.850+0200] {dagbag.py:532} INFO - Filling up the DagBag from /home/dejan/Desktop/airflow/py_env/lib/python3.10/site-packages/airflow/example_dags/example_complex.py
[2023-04-05T11:17:06.860+0200] {logging_mixin.py:137} INFO - [2023-04-05T11:17:06.860+0200] {taskmixin.py:211} WARNING - Dependency <Task(BashOperator): create_entry_group>, delete_entry_group already registered for DAG: example_complex
[2023-04-05T11:17:06.860+0200] {logging_mixin.py:137} INFO - [2023-04-05T11:17:06.860+0200] {taskmixin.py:211} WARNING - Dependency <Task(BashOperator): delete_entry_group>, create_entry_group already registered for DAG: example_complex
[2023-04-05T11:17:06.860+0200] {logging_mixin.py:137} INFO - [2023-04-05T11:17:06.860+0200] {taskmixin.py:211} WARNING - Dependency <Task(BashOperator): create_entry_gcs>, delete_entry already registered for DAG: example_complex
[2023-04-05T11:17:06.860+0200] {logging_mixin.py:137} INFO - [2023-04-05T11:17:06.860+0200] {taskmixin.py:211} WARNING - Dependency <Task(BashOperator): delete_entry>, create_entry_gcs already registered for DAG: example_complex
[2023-04-05T11:17:06.861+0200] {logging_mixin.py:137} INFO - [2023-04-05T11:17:06.860+0200] {taskmixin.py:211} WARNING - Dependency <Task(BashOperator): create_tag>, delete_tag already registered for DAG: example_complex
[2023-04-05T11:17:06.861+0200] {logging_mixin.py:137} INFO - [2023-04-05T11:17:06.861+0200] {taskmixin.py:211} WARNING - Dependency <Task(BashOperator): delete_tag>, create_tag already registered for DAG: example_complex
[2023-04-05T11:17:06.869+0200] {processor.py:753} INFO - DAG(s) dict_keys(['example_complex']) retrieved from /home/dejan/Desktop/airflow/py_env/lib/python3.10/site-packages/airflow/example_dags/example_complex.py
[2023-04-05T11:17:06.952+0200] {logging_mixin.py:137} INFO - [2023-04-05T11:17:06.952+0200] {manager.py:504} INFO - Created Permission View: can read on DAG:example_complex
[2023-04-05T11:17:06.960+0200] {logging_mixin.py:137} INFO - [2023-04-05T11:17:06.959+0200] {manager.py:504} INFO - Created Permission View: can delete on DAG:example_complex
[2023-04-05T11:17:06.965+0200] {logging_mixin.py:137} INFO - [2023-04-05T11:17:06.965+0200] {manager.py:504} INFO - Created Permission View: can edit on DAG:example_complex
[2023-04-05T11:17:06.965+0200] {logging_mixin.py:137} INFO - [2023-04-05T11:17:06.965+0200] {dag.py:2705} INFO - Sync 1 DAGs
[2023-04-05T11:17:06.973+0200] {logging_mixin.py:137} INFO - [2023-04-05T11:17:06.973+0200] {dag.py:2726} INFO - Creating ORM DAG for example_complex
[2023-04-05T11:17:06.980+0200] {logging_mixin.py:137} INFO - [2023-04-05T11:17:06.980+0200] {dag.py:3452} INFO - Setting next_dagrun for example_complex to None, run_after=None
[2023-04-05T11:17:06.995+0200] {processor.py:175} INFO - Processing /home/dejan/Desktop/airflow/py_env/lib/python3.10/site-packages/airflow/example_dags/example_complex.py took 0.149 seconds
[2023-04-05T11:17:45.799+0200] {processor.py:153} INFO - Started process (PID=111069) to work on /home/dejan/Desktop/airflow/py_env/lib/python3.10/site-packages/airflow/example_dags/example_complex.py
[2023-04-05T11:17:45.800+0200] {processor.py:743} INFO - Processing file /home/dejan/Desktop/airflow/py_env/lib/python3.10/site-packages/airflow/example_dags/example_complex.py for tasks to queue
[2023-04-05T11:17:45.801+0200] {logging_mixin.py:137} INFO - [2023-04-05T11:17:45.801+0200] {dagbag.py:532} INFO - Filling up the DagBag from /home/dejan/Desktop/airflow/py_env/lib/python3.10/site-packages/airflow/example_dags/example_complex.py
[2023-04-05T11:17:45.810+0200] {logging_mixin.py:137} INFO - [2023-04-05T11:17:45.810+0200] {taskmixin.py:211} WARNING - Dependency <Task(BashOperator): create_entry_group>, delete_entry_group already registered for DAG: example_complex
[2023-04-05T11:17:45.811+0200] {logging_mixin.py:137} INFO - [2023-04-05T11:17:45.810+0200] {taskmixin.py:211} WARNING - Dependency <Task(BashOperator): delete_entry_group>, create_entry_group already registered for DAG: example_complex
[2023-04-05T11:17:45.811+0200] {logging_mixin.py:137} INFO - [2023-04-05T11:17:45.811+0200] {taskmixin.py:211} WARNING - Dependency <Task(BashOperator): create_entry_gcs>, delete_entry already registered for DAG: example_complex
[2023-04-05T11:17:45.811+0200] {logging_mixin.py:137} INFO - [2023-04-05T11:17:45.811+0200] {taskmixin.py:211} WARNING - Dependency <Task(BashOperator): delete_entry>, create_entry_gcs already registered for DAG: example_complex
[2023-04-05T11:17:45.811+0200] {logging_mixin.py:137} INFO - [2023-04-05T11:17:45.811+0200] {taskmixin.py:211} WARNING - Dependency <Task(BashOperator): create_tag>, delete_tag already registered for DAG: example_complex
[2023-04-05T11:17:45.811+0200] {logging_mixin.py:137} INFO - [2023-04-05T11:17:45.811+0200] {taskmixin.py:211} WARNING - Dependency <Task(BashOperator): delete_tag>, create_tag already registered for DAG: example_complex
[2023-04-05T11:17:45.816+0200] {processor.py:753} INFO - DAG(s) dict_keys(['example_complex']) retrieved from /home/dejan/Desktop/airflow/py_env/lib/python3.10/site-packages/airflow/example_dags/example_complex.py
[2023-04-05T11:17:45.839+0200] {logging_mixin.py:137} INFO - [2023-04-05T11:17:45.839+0200] {dag.py:2705} INFO - Sync 1 DAGs
[2023-04-05T11:17:45.853+0200] {logging_mixin.py:137} INFO - [2023-04-05T11:17:45.852+0200] {dag.py:3452} INFO - Setting next_dagrun for example_complex to None, run_after=None
[2023-04-05T11:17:45.867+0200] {processor.py:175} INFO - Processing /home/dejan/Desktop/airflow/py_env/lib/python3.10/site-packages/airflow/example_dags/example_complex.py took 0.069 seconds
[2023-04-05T11:18:26.164+0200] {processor.py:153} INFO - Started process (PID=111185) to work on /home/dejan/Desktop/airflow/py_env/lib/python3.10/site-packages/airflow/example_dags/example_complex.py
[2023-04-05T11:18:26.165+0200] {processor.py:743} INFO - Processing file /home/dejan/Desktop/airflow/py_env/lib/python3.10/site-packages/airflow/example_dags/example_complex.py for tasks to queue
[2023-04-05T11:18:26.165+0200] {logging_mixin.py:137} INFO - [2023-04-05T11:18:26.165+0200] {dagbag.py:532} INFO - Filling up the DagBag from /home/dejan/Desktop/airflow/py_env/lib/python3.10/site-packages/airflow/example_dags/example_complex.py
[2023-04-05T11:18:26.173+0200] {logging_mixin.py:137} INFO - [2023-04-05T11:18:26.173+0200] {taskmixin.py:211} WARNING - Dependency <Task(BashOperator): create_entry_group>, delete_entry_group already registered for DAG: example_complex
[2023-04-05T11:18:26.173+0200] {logging_mixin.py:137} INFO - [2023-04-05T11:18:26.173+0200] {taskmixin.py:211} WARNING - Dependency <Task(BashOperator): delete_entry_group>, create_entry_group already registered for DAG: example_complex
[2023-04-05T11:18:26.173+0200] {logging_mixin.py:137} INFO - [2023-04-05T11:18:26.173+0200] {taskmixin.py:211} WARNING - Dependency <Task(BashOperator): create_entry_gcs>, delete_entry already registered for DAG: example_complex
[2023-04-05T11:18:26.173+0200] {logging_mixin.py:137} INFO - [2023-04-05T11:18:26.173+0200] {taskmixin.py:211} WARNING - Dependency <Task(BashOperator): delete_entry>, create_entry_gcs already registered for DAG: example_complex
[2023-04-05T11:18:26.173+0200] {logging_mixin.py:137} INFO - [2023-04-05T11:18:26.173+0200] {taskmixin.py:211} WARNING - Dependency <Task(BashOperator): create_tag>, delete_tag already registered for DAG: example_complex
[2023-04-05T11:18:26.174+0200] {logging_mixin.py:137} INFO - [2023-04-05T11:18:26.174+0200] {taskmixin.py:211} WARNING - Dependency <Task(BashOperator): delete_tag>, create_tag already registered for DAG: example_complex
[2023-04-05T11:18:26.178+0200] {processor.py:753} INFO - DAG(s) dict_keys(['example_complex']) retrieved from /home/dejan/Desktop/airflow/py_env/lib/python3.10/site-packages/airflow/example_dags/example_complex.py
[2023-04-05T11:18:26.199+0200] {logging_mixin.py:137} INFO - [2023-04-05T11:18:26.199+0200] {dag.py:2705} INFO - Sync 1 DAGs
[2023-04-05T11:18:26.212+0200] {logging_mixin.py:137} INFO - [2023-04-05T11:18:26.212+0200] {dag.py:3452} INFO - Setting next_dagrun for example_complex to None, run_after=None
[2023-04-05T11:18:26.226+0200] {processor.py:175} INFO - Processing /home/dejan/Desktop/airflow/py_env/lib/python3.10/site-packages/airflow/example_dags/example_complex.py took 0.063 seconds
