[2023-04-05T11:16:43.396+0200] {processor.py:153} INFO - Started process (PID=110632) to work on /home/dejan/Desktop/airflow/py_env/lib/python3.10/site-packages/airflow/example_dags/tutorial_dag.py
[2023-04-05T11:16:43.397+0200] {processor.py:743} INFO - Processing file /home/dejan/Desktop/airflow/py_env/lib/python3.10/site-packages/airflow/example_dags/tutorial_dag.py for tasks to queue
[2023-04-05T11:16:43.397+0200] {logging_mixin.py:137} INFO - [2023-04-05T11:16:43.397+0200] {dagbag.py:532} INFO - Filling up the DagBag from /home/dejan/Desktop/airflow/py_env/lib/python3.10/site-packages/airflow/example_dags/tutorial_dag.py
[2023-04-05T11:16:43.407+0200] {processor.py:753} INFO - DAG(s) dict_keys(['tutorial_dag']) retrieved from /home/dejan/Desktop/airflow/py_env/lib/python3.10/site-packages/airflow/example_dags/tutorial_dag.py
[2023-04-05T11:16:43.497+0200] {logging_mixin.py:137} INFO - [2023-04-05T11:16:43.497+0200] {manager.py:504} INFO - Created Permission View: can read on DAG:tutorial_dag
[2023-04-05T11:16:43.506+0200] {logging_mixin.py:137} INFO - [2023-04-05T11:16:43.506+0200] {manager.py:504} INFO - Created Permission View: can delete on DAG:tutorial_dag
[2023-04-05T11:16:43.512+0200] {logging_mixin.py:137} INFO - [2023-04-05T11:16:43.512+0200] {manager.py:504} INFO - Created Permission View: can edit on DAG:tutorial_dag
[2023-04-05T11:16:43.513+0200] {logging_mixin.py:137} INFO - [2023-04-05T11:16:43.512+0200] {dag.py:2705} INFO - Sync 1 DAGs
[2023-04-05T11:16:43.521+0200] {logging_mixin.py:137} INFO - [2023-04-05T11:16:43.521+0200] {dag.py:2726} INFO - Creating ORM DAG for tutorial_dag
[2023-04-05T11:16:43.527+0200] {logging_mixin.py:137} INFO - [2023-04-05T11:16:43.527+0200] {dag.py:3452} INFO - Setting next_dagrun for tutorial_dag to None, run_after=None
[2023-04-05T11:16:43.549+0200] {processor.py:175} INFO - Processing /home/dejan/Desktop/airflow/py_env/lib/python3.10/site-packages/airflow/example_dags/tutorial_dag.py took 0.154 seconds
[2023-04-05T11:17:26.381+0200] {processor.py:153} INFO - Started process (PID=110948) to work on /home/dejan/Desktop/airflow/py_env/lib/python3.10/site-packages/airflow/example_dags/tutorial_dag.py
[2023-04-05T11:17:26.382+0200] {processor.py:743} INFO - Processing file /home/dejan/Desktop/airflow/py_env/lib/python3.10/site-packages/airflow/example_dags/tutorial_dag.py for tasks to queue
[2023-04-05T11:17:26.383+0200] {logging_mixin.py:137} INFO - [2023-04-05T11:17:26.382+0200] {dagbag.py:532} INFO - Filling up the DagBag from /home/dejan/Desktop/airflow/py_env/lib/python3.10/site-packages/airflow/example_dags/tutorial_dag.py
[2023-04-05T11:17:26.392+0200] {processor.py:753} INFO - DAG(s) dict_keys(['tutorial_dag']) retrieved from /home/dejan/Desktop/airflow/py_env/lib/python3.10/site-packages/airflow/example_dags/tutorial_dag.py
[2023-04-05T11:17:26.404+0200] {logging_mixin.py:137} INFO - [2023-04-05T11:17:26.404+0200] {dag.py:2705} INFO - Sync 1 DAGs
[2023-04-05T11:17:26.417+0200] {logging_mixin.py:137} INFO - [2023-04-05T11:17:26.417+0200] {dag.py:3452} INFO - Setting next_dagrun for tutorial_dag to None, run_after=None
[2023-04-05T11:17:26.430+0200] {processor.py:175} INFO - Processing /home/dejan/Desktop/airflow/py_env/lib/python3.10/site-packages/airflow/example_dags/tutorial_dag.py took 0.050 seconds
[2023-04-05T11:18:04.758+0200] {processor.py:153} INFO - Started process (PID=111142) to work on /home/dejan/Desktop/airflow/py_env/lib/python3.10/site-packages/airflow/example_dags/tutorial_dag.py
[2023-04-05T11:18:04.759+0200] {processor.py:743} INFO - Processing file /home/dejan/Desktop/airflow/py_env/lib/python3.10/site-packages/airflow/example_dags/tutorial_dag.py for tasks to queue
[2023-04-05T11:18:04.760+0200] {logging_mixin.py:137} INFO - [2023-04-05T11:18:04.760+0200] {dagbag.py:532} INFO - Filling up the DagBag from /home/dejan/Desktop/airflow/py_env/lib/python3.10/site-packages/airflow/example_dags/tutorial_dag.py
[2023-04-05T11:18:04.768+0200] {processor.py:753} INFO - DAG(s) dict_keys(['tutorial_dag']) retrieved from /home/dejan/Desktop/airflow/py_env/lib/python3.10/site-packages/airflow/example_dags/tutorial_dag.py
[2023-04-05T11:18:04.780+0200] {logging_mixin.py:137} INFO - [2023-04-05T11:18:04.780+0200] {dag.py:2705} INFO - Sync 1 DAGs
[2023-04-05T11:18:04.792+0200] {logging_mixin.py:137} INFO - [2023-04-05T11:18:04.792+0200] {dag.py:3452} INFO - Setting next_dagrun for tutorial_dag to None, run_after=None
[2023-04-05T11:18:04.805+0200] {processor.py:175} INFO - Processing /home/dejan/Desktop/airflow/py_env/lib/python3.10/site-packages/airflow/example_dags/tutorial_dag.py took 0.050 seconds
