[2023-04-05T11:16:53.887+0200] {processor.py:153} INFO - Started process (PID=110707) to work on /home/dejan/Desktop/airflow/py_env/lib/python3.10/site-packages/airflow/example_dags/tutorial.py
[2023-04-05T11:16:53.887+0200] {processor.py:743} INFO - Processing file /home/dejan/Desktop/airflow/py_env/lib/python3.10/site-packages/airflow/example_dags/tutorial.py for tasks to queue
[2023-04-05T11:16:53.888+0200] {logging_mixin.py:137} INFO - [2023-04-05T11:16:53.888+0200] {dagbag.py:532} INFO - Filling up the DagBag from /home/dejan/Desktop/airflow/py_env/lib/python3.10/site-packages/airflow/example_dags/tutorial.py
[2023-04-05T11:16:53.898+0200] {processor.py:753} INFO - DAG(s) dict_keys(['tutorial']) retrieved from /home/dejan/Desktop/airflow/py_env/lib/python3.10/site-packages/airflow/example_dags/tutorial.py
[2023-04-05T11:16:53.976+0200] {logging_mixin.py:137} INFO - [2023-04-05T11:16:53.976+0200] {manager.py:504} INFO - Created Permission View: can read on DAG:tutorial
[2023-04-05T11:16:53.982+0200] {logging_mixin.py:137} INFO - [2023-04-05T11:16:53.982+0200] {manager.py:504} INFO - Created Permission View: can delete on DAG:tutorial
[2023-04-05T11:16:53.987+0200] {logging_mixin.py:137} INFO - [2023-04-05T11:16:53.987+0200] {manager.py:504} INFO - Created Permission View: can edit on DAG:tutorial
[2023-04-05T11:16:53.987+0200] {logging_mixin.py:137} INFO - [2023-04-05T11:16:53.987+0200] {dag.py:2705} INFO - Sync 1 DAGs
[2023-04-05T11:16:53.995+0200] {logging_mixin.py:137} INFO - [2023-04-05T11:16:53.994+0200] {dag.py:2726} INFO - Creating ORM DAG for tutorial
[2023-04-05T11:16:54.001+0200] {logging_mixin.py:137} INFO - [2023-04-05T11:16:54.000+0200] {dag.py:3452} INFO - Setting next_dagrun for tutorial to 2023-04-04T09:16:54.000785+00:00, run_after=2023-04-05T09:16:54.000785+00:00
[2023-04-05T11:16:54.013+0200] {processor.py:175} INFO - Processing /home/dejan/Desktop/airflow/py_env/lib/python3.10/site-packages/airflow/example_dags/tutorial.py took 0.128 seconds
[2023-04-05T11:17:35.362+0200] {processor.py:153} INFO - Started process (PID=111009) to work on /home/dejan/Desktop/airflow/py_env/lib/python3.10/site-packages/airflow/example_dags/tutorial.py
[2023-04-05T11:17:35.363+0200] {processor.py:743} INFO - Processing file /home/dejan/Desktop/airflow/py_env/lib/python3.10/site-packages/airflow/example_dags/tutorial.py for tasks to queue
[2023-04-05T11:17:35.363+0200] {logging_mixin.py:137} INFO - [2023-04-05T11:17:35.363+0200] {dagbag.py:532} INFO - Filling up the DagBag from /home/dejan/Desktop/airflow/py_env/lib/python3.10/site-packages/airflow/example_dags/tutorial.py
[2023-04-05T11:17:35.372+0200] {processor.py:753} INFO - DAG(s) dict_keys(['tutorial']) retrieved from /home/dejan/Desktop/airflow/py_env/lib/python3.10/site-packages/airflow/example_dags/tutorial.py
[2023-04-05T11:17:35.384+0200] {logging_mixin.py:137} INFO - [2023-04-05T11:17:35.384+0200] {dag.py:2705} INFO - Sync 1 DAGs
[2023-04-05T11:17:35.397+0200] {logging_mixin.py:137} INFO - [2023-04-05T11:17:35.397+0200] {dag.py:3452} INFO - Setting next_dagrun for tutorial to 2023-04-04T09:17:35.397183+00:00, run_after=2023-04-05T09:17:35.397183+00:00
[2023-04-05T11:17:35.409+0200] {processor.py:175} INFO - Processing /home/dejan/Desktop/airflow/py_env/lib/python3.10/site-packages/airflow/example_dags/tutorial.py took 0.049 seconds
[2023-04-05T11:18:14.891+0200] {processor.py:153} INFO - Started process (PID=111161) to work on /home/dejan/Desktop/airflow/py_env/lib/python3.10/site-packages/airflow/example_dags/tutorial.py
[2023-04-05T11:18:14.892+0200] {processor.py:743} INFO - Processing file /home/dejan/Desktop/airflow/py_env/lib/python3.10/site-packages/airflow/example_dags/tutorial.py for tasks to queue
[2023-04-05T11:18:14.892+0200] {logging_mixin.py:137} INFO - [2023-04-05T11:18:14.892+0200] {dagbag.py:532} INFO - Filling up the DagBag from /home/dejan/Desktop/airflow/py_env/lib/python3.10/site-packages/airflow/example_dags/tutorial.py
[2023-04-05T11:18:14.900+0200] {processor.py:753} INFO - DAG(s) dict_keys(['tutorial']) retrieved from /home/dejan/Desktop/airflow/py_env/lib/python3.10/site-packages/airflow/example_dags/tutorial.py
[2023-04-05T11:18:14.912+0200] {logging_mixin.py:137} INFO - [2023-04-05T11:18:14.912+0200] {dag.py:2705} INFO - Sync 1 DAGs
[2023-04-05T11:18:14.925+0200] {logging_mixin.py:137} INFO - [2023-04-05T11:18:14.925+0200] {dag.py:3452} INFO - Setting next_dagrun for tutorial to 2023-04-04T09:18:14.925311+00:00, run_after=2023-04-05T09:18:14.925311+00:00
[2023-04-05T11:18:14.939+0200] {processor.py:175} INFO - Processing /home/dejan/Desktop/airflow/py_env/lib/python3.10/site-packages/airflow/example_dags/tutorial.py took 0.049 seconds
