[2023-04-05T13:01:55.476+0000] {taskinstance.py:1090} INFO - Dependencies all met for dep_context=non-requeueable deps ti=<TaskInstance: our_first_dag_v3.third_task scheduled__2021-09-13T00:00:00+00:00 [queued]>
[2023-04-05T13:01:55.493+0000] {taskinstance.py:1090} INFO - Dependencies all met for dep_context=requeueable deps ti=<TaskInstance: our_first_dag_v3.third_task scheduled__2021-09-13T00:00:00+00:00 [queued]>
[2023-04-05T13:01:55.493+0000] {taskinstance.py:1288} INFO - 
--------------------------------------------------------------------------------
[2023-04-05T13:01:55.493+0000] {taskinstance.py:1289} INFO - Starting attempt 1 of 6
[2023-04-05T13:01:55.493+0000] {taskinstance.py:1290} INFO - 
--------------------------------------------------------------------------------
[2023-04-05T13:01:55.529+0000] {taskinstance.py:1309} INFO - Executing <Task(BashOperator): third_task> on 2021-09-13 00:00:00+00:00
[2023-04-05T13:01:55.537+0000] {standard_task_runner.py:55} INFO - Started process 5763 to run task
[2023-04-05T13:01:55.541+0000] {standard_task_runner.py:82} INFO - Running: ['***', 'tasks', 'run', 'our_first_dag_v3', 'third_task', 'scheduled__2021-09-13T00:00:00+00:00', '--job-id', '1444', '--raw', '--subdir', 'DAGS_FOLDER/our_first_dag.py', '--cfg-path', '/tmp/tmpu069gtr9']
[2023-04-05T13:01:55.547+0000] {standard_task_runner.py:83} INFO - Job 1444: Subtask third_task
[2023-04-05T13:01:55.677+0000] {task_command.py:389} INFO - Running <TaskInstance: our_first_dag_v3.third_task scheduled__2021-09-13T00:00:00+00:00 [running]> on host e3ca158aac6b
[2023-04-05T13:01:55.831+0000] {taskinstance.py:1518} INFO - Exporting the following env vars:
AIRFLOW_CTX_DAG_OWNER=dejan
AIRFLOW_CTX_DAG_ID=our_first_dag_v3
AIRFLOW_CTX_TASK_ID=third_task
AIRFLOW_CTX_EXECUTION_DATE=2021-09-13T00:00:00+00:00
AIRFLOW_CTX_TRY_NUMBER=1
AIRFLOW_CTX_DAG_RUN_ID=scheduled__2021-09-13T00:00:00+00:00
[2023-04-05T13:01:55.832+0000] {subprocess.py:63} INFO - Tmp dir root location: 
 /tmp
[2023-04-05T13:01:55.833+0000] {subprocess.py:75} INFO - Running command: ['/bin/bash', '-c', 'echo Hey I am task3 and will be running after task1 at the same time as task2']
[2023-04-05T13:01:55.848+0000] {subprocess.py:86} INFO - Output:
[2023-04-05T13:01:55.850+0000] {subprocess.py:93} INFO - Hey I am task3 and will be running after task1 at the same time as task2
[2023-04-05T13:01:55.851+0000] {subprocess.py:97} INFO - Command exited with return code 0
[2023-04-05T13:01:55.895+0000] {taskinstance.py:1332} INFO - Marking task as SUCCESS. dag_id=our_first_dag_v3, task_id=third_task, execution_date=20210913T000000, start_date=20230405T130155, end_date=20230405T130155
[2023-04-05T13:01:55.923+0000] {local_task_job.py:212} INFO - Task exited with return code 0
[2023-04-05T13:01:55.954+0000] {taskinstance.py:2596} INFO - 0 downstream tasks scheduled from follow-on schedule check
