[2023-04-07T15:09:15.125+0000] {taskinstance.py:1090} INFO - Dependencies all met for dep_context=non-requeueable deps ti=<TaskInstance: dag_with_python_dependancies_v02.get_matplotlib manual__2023-04-07T15:09:11.428781+00:00 [queued]>
[2023-04-07T15:09:15.135+0000] {taskinstance.py:1090} INFO - Dependencies all met for dep_context=requeueable deps ti=<TaskInstance: dag_with_python_dependancies_v02.get_matplotlib manual__2023-04-07T15:09:11.428781+00:00 [queued]>
[2023-04-07T15:09:15.136+0000] {taskinstance.py:1288} INFO - 
--------------------------------------------------------------------------------
[2023-04-07T15:09:15.136+0000] {taskinstance.py:1289} INFO - Starting attempt 1 of 1
[2023-04-07T15:09:15.136+0000] {taskinstance.py:1290} INFO - 
--------------------------------------------------------------------------------
[2023-04-07T15:09:15.155+0000] {taskinstance.py:1309} INFO - Executing <Task(PythonOperator): get_matplotlib> on 2023-04-07 15:09:11.428781+00:00
[2023-04-07T15:09:15.161+0000] {standard_task_runner.py:55} INFO - Started process 1061 to run task
[2023-04-07T15:09:15.162+0000] {standard_task_runner.py:82} INFO - Running: ['***', 'tasks', 'run', 'dag_with_python_dependancies_v02', 'get_matplotlib', 'manual__2023-04-07T15:09:11.428781+00:00', '--job-id', '6901', '--raw', '--subdir', 'DAGS_FOLDER/dag_with_python_dependancies.py', '--cfg-path', '/tmp/tmpnwjm7d0z']
[2023-04-07T15:09:15.163+0000] {standard_task_runner.py:83} INFO - Job 6901: Subtask get_matplotlib
[2023-04-07T15:09:15.221+0000] {task_command.py:389} INFO - Running <TaskInstance: dag_with_python_dependancies_v02.get_matplotlib manual__2023-04-07T15:09:11.428781+00:00 [running]> on host 8be76219b2ce
[2023-04-07T15:09:15.318+0000] {taskinstance.py:1518} INFO - Exporting the following env vars:
AIRFLOW_CTX_DAG_OWNER=dejan
AIRFLOW_CTX_DAG_ID=dag_with_python_dependancies_v02
AIRFLOW_CTX_TASK_ID=get_matplotlib
AIRFLOW_CTX_EXECUTION_DATE=2023-04-07T15:09:11.428781+00:00
AIRFLOW_CTX_TRY_NUMBER=1
AIRFLOW_CTX_DAG_RUN_ID=manual__2023-04-07T15:09:11.428781+00:00
[2023-04-07T15:09:15.381+0000] {logging_mixin.py:137} INFO - matplotlib version is: 3.3.3
[2023-04-07T15:09:15.382+0000] {python.py:177} INFO - Done. Returned value was: None
[2023-04-07T15:09:15.395+0000] {taskinstance.py:1332} INFO - Marking task as SUCCESS. dag_id=dag_with_python_dependancies_v02, task_id=get_matplotlib, execution_date=20230407T150911, start_date=20230407T150915, end_date=20230407T150915
[2023-04-07T15:09:15.421+0000] {local_task_job.py:212} INFO - Task exited with return code 0
[2023-04-07T15:09:15.444+0000] {taskinstance.py:2596} INFO - 0 downstream tasks scheduled from follow-on schedule check
