[2023-04-10T15:40:43.236+0000] {taskinstance.py:1090} INFO - Dependencies all met for dep_context=non-requeueable deps ti=<TaskInstance: dag_with_postgress_hooks_v01.postgres_to_s3 manual__2023-04-10T15:29:13.671955+00:00 [queued]>
[2023-04-10T15:40:43.248+0000] {taskinstance.py:1090} INFO - Dependencies all met for dep_context=requeueable deps ti=<TaskInstance: dag_with_postgress_hooks_v01.postgres_to_s3 manual__2023-04-10T15:29:13.671955+00:00 [queued]>
[2023-04-10T15:40:43.248+0000] {taskinstance.py:1288} INFO - 
--------------------------------------------------------------------------------
[2023-04-10T15:40:43.248+0000] {taskinstance.py:1289} INFO - Starting attempt 3 of 7
[2023-04-10T15:40:43.248+0000] {taskinstance.py:1290} INFO - 
--------------------------------------------------------------------------------
[2023-04-10T15:40:43.270+0000] {taskinstance.py:1309} INFO - Executing <Task(PythonOperator): postgres_to_s3> on 2023-04-10 15:29:13.671955+00:00
[2023-04-10T15:40:43.273+0000] {standard_task_runner.py:55} INFO - Started process 1684 to run task
[2023-04-10T15:40:43.275+0000] {standard_task_runner.py:82} INFO - Running: ['***', 'tasks', 'run', 'dag_with_postgress_hooks_v01', 'postgres_to_s3', 'manual__2023-04-10T15:29:13.671955+00:00', '--job-id', '7080', '--raw', '--subdir', 'DAGS_FOLDER/dag_with_postgress_hooks.py', '--cfg-path', '/tmp/tmpyvmqag_v']
[2023-04-10T15:40:43.276+0000] {standard_task_runner.py:83} INFO - Job 7080: Subtask postgres_to_s3
[2023-04-10T15:40:43.334+0000] {task_command.py:389} INFO - Running <TaskInstance: dag_with_postgress_hooks_v01.postgres_to_s3 manual__2023-04-10T15:29:13.671955+00:00 [running]> on host d034b084d02f
[2023-04-10T15:40:43.426+0000] {taskinstance.py:1518} INFO - Exporting the following env vars:
AIRFLOW_CTX_DAG_OWNER=dejan
AIRFLOW_CTX_DAG_ID=dag_with_postgress_hooks_v01
AIRFLOW_CTX_TASK_ID=postgres_to_s3
AIRFLOW_CTX_EXECUTION_DATE=2023-04-10T15:29:13.671955+00:00
AIRFLOW_CTX_TRY_NUMBER=3
AIRFLOW_CTX_DAG_RUN_ID=manual__2023-04-10T15:29:13.671955+00:00
[2023-04-10T15:40:43.429+0000] {logging_mixin.py:137} WARNING - /home/***/.local/lib/python3.7/site-packages/***/utils/context.py:205 AirflowContextDeprecationWarning: Accessing 'next_ds_nodash' from the template is deprecated and will be removed in a future version. Please use '{{ data_interval_end | ds_nodash }}' instead.
[2023-04-10T15:40:43.437+0000] {base.py:73} INFO - Using connection ID 'postgres_localhost' for task execution.
[2023-04-10T15:40:43.440+0000] {dag_with_postgress_hooks.py:28} INFO - Saved orders data in text file get_orders.txt
[2023-04-10T15:40:43.440+0000] {python.py:177} INFO - Done. Returned value was: None
[2023-04-10T15:40:43.453+0000] {taskinstance.py:1332} INFO - Marking task as SUCCESS. dag_id=dag_with_postgress_hooks_v01, task_id=postgres_to_s3, execution_date=20230410T152913, start_date=20230410T154043, end_date=20230410T154043
[2023-04-10T15:40:43.493+0000] {local_task_job.py:212} INFO - Task exited with return code 0
[2023-04-10T15:40:43.517+0000] {taskinstance.py:2596} INFO - 0 downstream tasks scheduled from follow-on schedule check
