[2023-04-06T14:06:09.431+0000] {taskinstance.py:1090} INFO - Dependencies all met for dep_context=non-requeueable deps ti=<TaskInstance: dag_with_taskflow_api_v02.get_name scheduled__2023-03-10T00:00:00+00:00 [queued]>
[2023-04-06T14:06:09.540+0000] {taskinstance.py:1090} INFO - Dependencies all met for dep_context=requeueable deps ti=<TaskInstance: dag_with_taskflow_api_v02.get_name scheduled__2023-03-10T00:00:00+00:00 [queued]>
[2023-04-06T14:06:09.542+0000] {taskinstance.py:1288} INFO - 
--------------------------------------------------------------------------------
[2023-04-06T14:06:09.542+0000] {taskinstance.py:1289} INFO - Starting attempt 1 of 6
[2023-04-06T14:06:09.544+0000] {taskinstance.py:1290} INFO - 
--------------------------------------------------------------------------------
[2023-04-06T14:06:10.236+0000] {taskinstance.py:1309} INFO - Executing <Task(_PythonDecoratedOperator): get_name> on 2023-03-10 00:00:00+00:00
[2023-04-06T14:06:10.253+0000] {standard_task_runner.py:55} INFO - Started process 14648 to run task
[2023-04-06T14:06:10.273+0000] {standard_task_runner.py:82} INFO - Running: ['***', 'tasks', 'run', 'dag_with_taskflow_api_v02', 'get_name', 'scheduled__2023-03-10T00:00:00+00:00', '--job-id', '6534', '--raw', '--subdir', 'DAGS_FOLDER/dag_with_task_api.py', '--cfg-path', '/tmp/tmpxswb0x4j']
[2023-04-06T14:06:10.276+0000] {standard_task_runner.py:83} INFO - Job 6534: Subtask get_name
[2023-04-06T14:06:10.517+0000] {task_command.py:389} INFO - Running <TaskInstance: dag_with_taskflow_api_v02.get_name scheduled__2023-03-10T00:00:00+00:00 [running]> on host f91656cee95b
[2023-04-06T14:06:10.795+0000] {taskinstance.py:1518} INFO - Exporting the following env vars:
AIRFLOW_CTX_DAG_OWNER=dejan
AIRFLOW_CTX_DAG_ID=dag_with_taskflow_api_v02
AIRFLOW_CTX_TASK_ID=get_name
AIRFLOW_CTX_EXECUTION_DATE=2023-03-10T00:00:00+00:00
AIRFLOW_CTX_TRY_NUMBER=1
AIRFLOW_CTX_DAG_RUN_ID=scheduled__2023-03-10T00:00:00+00:00
[2023-04-06T14:06:10.797+0000] {python.py:177} INFO - Done. Returned value was: {'first_name': 'Dejan', 'last_name': 'Zivanov'}
[2023-04-06T14:06:10.938+0000] {taskinstance.py:1332} INFO - Marking task as SUCCESS. dag_id=dag_with_taskflow_api_v02, task_id=get_name, execution_date=20230310T000000, start_date=20230406T140609, end_date=20230406T140610
[2023-04-06T14:06:11.076+0000] {local_task_job.py:212} INFO - Task exited with return code 0
[2023-04-06T14:06:11.150+0000] {taskinstance.py:2596} INFO - 0 downstream tasks scheduled from follow-on schedule check
