[2023-04-05T10:21:16.674+0000] {taskinstance.py:1090} INFO - Dependencies all met for dep_context=non-requeueable deps ti=<TaskInstance: example_bash_operator.runme_1 manual__2023-04-05T10:21:14.552867+00:00 [queued]>
[2023-04-05T10:21:16.686+0000] {taskinstance.py:1090} INFO - Dependencies all met for dep_context=requeueable deps ti=<TaskInstance: example_bash_operator.runme_1 manual__2023-04-05T10:21:14.552867+00:00 [queued]>
[2023-04-05T10:21:16.687+0000] {taskinstance.py:1288} INFO - 
--------------------------------------------------------------------------------
[2023-04-05T10:21:16.687+0000] {taskinstance.py:1289} INFO - Starting attempt 1 of 1
[2023-04-05T10:21:16.687+0000] {taskinstance.py:1290} INFO - 
--------------------------------------------------------------------------------
[2023-04-05T10:21:16.710+0000] {taskinstance.py:1309} INFO - Executing <Task(BashOperator): runme_1> on 2023-04-05 10:21:14.552867+00:00
[2023-04-05T10:21:16.714+0000] {standard_task_runner.py:55} INFO - Started process 1510 to run task
[2023-04-05T10:21:16.716+0000] {standard_task_runner.py:82} INFO - Running: ['***', 'tasks', 'run', 'example_bash_operator', 'runme_1', 'manual__2023-04-05T10:21:14.552867+00:00', '--job-id', '12', '--raw', '--subdir', '/home/***/.local/lib/python3.7/site-packages/***/example_dags/example_bash_operator.py', '--cfg-path', '/tmp/tmpjc7o2jjm']
[2023-04-05T10:21:16.717+0000] {standard_task_runner.py:83} INFO - Job 12: Subtask runme_1
[2023-04-05T10:21:16.785+0000] {task_command.py:389} INFO - Running <TaskInstance: example_bash_operator.runme_1 manual__2023-04-05T10:21:14.552867+00:00 [running]> on host 4ab0cfa718db
[2023-04-05T10:21:16.885+0000] {taskinstance.py:1518} INFO - Exporting the following env vars:
AIRFLOW_CTX_DAG_OWNER=***
AIRFLOW_CTX_DAG_ID=example_bash_operator
AIRFLOW_CTX_TASK_ID=runme_1
AIRFLOW_CTX_EXECUTION_DATE=2023-04-05T10:21:14.552867+00:00
AIRFLOW_CTX_TRY_NUMBER=1
AIRFLOW_CTX_DAG_RUN_ID=manual__2023-04-05T10:21:14.552867+00:00
[2023-04-05T10:21:16.887+0000] {subprocess.py:63} INFO - Tmp dir root location: 
 /tmp
[2023-04-05T10:21:16.887+0000] {subprocess.py:75} INFO - Running command: ['/bin/bash', '-c', 'echo "example_bash_operator__runme_1__20230405" && sleep 1']
[2023-04-05T10:21:16.895+0000] {subprocess.py:86} INFO - Output:
[2023-04-05T10:21:16.896+0000] {subprocess.py:93} INFO - example_bash_operator__runme_1__20230405
[2023-04-05T10:21:17.898+0000] {subprocess.py:97} INFO - Command exited with return code 0
[2023-04-05T10:21:17.924+0000] {taskinstance.py:1332} INFO - Marking task as SUCCESS. dag_id=example_bash_operator, task_id=runme_1, execution_date=20230405T102114, start_date=20230405T102116, end_date=20230405T102117
[2023-04-05T10:21:17.967+0000] {local_task_job.py:212} INFO - Task exited with return code 0
[2023-04-05T10:21:17.997+0000] {taskinstance.py:2596} INFO - 0 downstream tasks scheduled from follow-on schedule check
