[2023-04-06T14:03:33.179+0000] {taskinstance.py:1090} INFO - Dependencies all met for dep_context=non-requeueable deps ti=<TaskInstance: dag_with_taskflow_api_v02.get_name scheduled__2022-11-18T00:00:00+00:00 [queued]>
[2023-04-06T14:03:33.251+0000] {taskinstance.py:1090} INFO - Dependencies all met for dep_context=requeueable deps ti=<TaskInstance: dag_with_taskflow_api_v02.get_name scheduled__2022-11-18T00:00:00+00:00 [queued]>
[2023-04-06T14:03:33.252+0000] {taskinstance.py:1288} INFO - 
--------------------------------------------------------------------------------
[2023-04-06T14:03:33.252+0000] {taskinstance.py:1289} INFO - Starting attempt 1 of 6
[2023-04-06T14:03:33.252+0000] {taskinstance.py:1290} INFO - 
--------------------------------------------------------------------------------
[2023-04-06T14:03:33.732+0000] {taskinstance.py:1309} INFO - Executing <Task(_PythonDecoratedOperator): get_name> on 2022-11-18 00:00:00+00:00
[2023-04-06T14:03:33.747+0000] {standard_task_runner.py:55} INFO - Started process 12501 to run task
[2023-04-06T14:03:33.774+0000] {standard_task_runner.py:82} INFO - Running: ['***', 'tasks', 'run', 'dag_with_taskflow_api_v02', 'get_name', 'scheduled__2022-11-18T00:00:00+00:00', '--job-id', '6198', '--raw', '--subdir', 'DAGS_FOLDER/dag_with_task_api.py', '--cfg-path', '/tmp/tmp8j0lb79a']
[2023-04-06T14:03:33.784+0000] {standard_task_runner.py:83} INFO - Job 6198: Subtask get_name
[2023-04-06T14:03:34.149+0000] {task_command.py:389} INFO - Running <TaskInstance: dag_with_taskflow_api_v02.get_name scheduled__2022-11-18T00:00:00+00:00 [running]> on host f91656cee95b
[2023-04-06T14:03:34.738+0000] {taskinstance.py:1518} INFO - Exporting the following env vars:
AIRFLOW_CTX_DAG_OWNER=dejan
AIRFLOW_CTX_DAG_ID=dag_with_taskflow_api_v02
AIRFLOW_CTX_TASK_ID=get_name
AIRFLOW_CTX_EXECUTION_DATE=2022-11-18T00:00:00+00:00
AIRFLOW_CTX_TRY_NUMBER=1
AIRFLOW_CTX_DAG_RUN_ID=scheduled__2022-11-18T00:00:00+00:00
[2023-04-06T14:03:34.740+0000] {python.py:177} INFO - Done. Returned value was: {'first_name': 'Dejan', 'last_name': 'Zivanov'}
[2023-04-06T14:03:34.994+0000] {taskinstance.py:1332} INFO - Marking task as SUCCESS. dag_id=dag_with_taskflow_api_v02, task_id=get_name, execution_date=20221118T000000, start_date=20230406T140333, end_date=20230406T140334
[2023-04-06T14:03:35.656+0000] {local_task_job.py:212} INFO - Task exited with return code 0
[2023-04-06T14:03:35.852+0000] {taskinstance.py:2596} INFO - 1 downstream tasks scheduled from follow-on schedule check
