[2023-04-06T16:46:15.484+0000] {taskinstance.py:1090} INFO - Dependencies all met for dep_context=non-requeueable deps ti=<TaskInstance: dag_with_catchup_and_backfill_v02.task1 backfill__2021-11-07T00:00:00+00:00 [queued]>
[2023-04-06T16:46:15.522+0000] {taskinstance.py:1090} INFO - Dependencies all met for dep_context=requeueable deps ti=<TaskInstance: dag_with_catchup_and_backfill_v02.task1 backfill__2021-11-07T00:00:00+00:00 [queued]>
[2023-04-06T16:46:15.523+0000] {taskinstance.py:1288} INFO - 
--------------------------------------------------------------------------------
[2023-04-06T16:46:15.523+0000] {taskinstance.py:1289} INFO - Starting attempt 1 of 1
[2023-04-06T16:46:15.523+0000] {taskinstance.py:1290} INFO - 
--------------------------------------------------------------------------------
[2023-04-06T16:46:15.611+0000] {taskinstance.py:1309} INFO - Executing <Task(BashOperator): task1> on 2021-11-07 00:00:00+00:00
[2023-04-06T16:46:15.622+0000] {standard_task_runner.py:55} INFO - Started process 864 to run task
[2023-04-06T16:46:15.638+0000] {standard_task_runner.py:82} INFO - Running: ['***', 'tasks', 'run', 'dag_with_catchup_and_backfill_v02', 'task1', 'backfill__2021-11-07T00:00:00+00:00', '--job-id', '6756', '--pool', 'default_pool', '--raw', '--subdir', 'DAGS_FOLDER/dag_with_catchup_and_backfill.py', '--cfg-path', '/tmp/tmphjgzt01_']
[2023-04-06T16:46:15.650+0000] {standard_task_runner.py:83} INFO - Job 6756: Subtask task1
[2023-04-06T16:46:15.771+0000] {task_command.py:389} INFO - Running <TaskInstance: dag_with_catchup_and_backfill_v02.task1 backfill__2021-11-07T00:00:00+00:00 [running]> on host 8b7f5eb43087
[2023-04-06T16:46:15.956+0000] {taskinstance.py:1518} INFO - Exporting the following env vars:
AIRFLOW_CTX_DAG_OWNER=dejan
AIRFLOW_CTX_DAG_ID=dag_with_catchup_and_backfill_v02
AIRFLOW_CTX_TASK_ID=task1
AIRFLOW_CTX_EXECUTION_DATE=2021-11-07T00:00:00+00:00
AIRFLOW_CTX_TRY_NUMBER=1
AIRFLOW_CTX_DAG_RUN_ID=backfill__2021-11-07T00:00:00+00:00
[2023-04-06T16:46:15.957+0000] {subprocess.py:63} INFO - Tmp dir root location: 
 /tmp
[2023-04-06T16:46:15.958+0000] {subprocess.py:75} INFO - Running command: ['/bin/bash', '-c', 'echo This is simple bash command!']
[2023-04-06T16:46:15.972+0000] {subprocess.py:86} INFO - Output:
[2023-04-06T16:46:15.974+0000] {subprocess.py:93} INFO - This is simple bash command!
[2023-04-06T16:46:15.974+0000] {subprocess.py:97} INFO - Command exited with return code 0
[2023-04-06T16:46:16.026+0000] {taskinstance.py:1332} INFO - Marking task as SUCCESS. dag_id=dag_with_catchup_and_backfill_v02, task_id=task1, execution_date=20211107T000000, start_date=20230406T164615, end_date=20230406T164616
[2023-04-06T16:46:16.059+0000] {local_task_job.py:212} INFO - Task exited with return code 0
[2023-04-06T16:46:16.107+0000] {taskinstance.py:2596} INFO - 0 downstream tasks scheduled from follow-on schedule check
