[2023-04-05T13:02:00.124+0000] {taskinstance.py:1090} INFO - Dependencies all met for dep_context=non-requeueable deps ti=<TaskInstance: our_first_dag_v3.third_task scheduled__2021-09-20T00:00:00+00:00 [queued]>
[2023-04-05T13:02:00.212+0000] {taskinstance.py:1090} INFO - Dependencies all met for dep_context=requeueable deps ti=<TaskInstance: our_first_dag_v3.third_task scheduled__2021-09-20T00:00:00+00:00 [queued]>
[2023-04-05T13:02:00.213+0000] {taskinstance.py:1288} INFO - 
--------------------------------------------------------------------------------
[2023-04-05T13:02:00.213+0000] {taskinstance.py:1289} INFO - Starting attempt 1 of 6
[2023-04-05T13:02:00.213+0000] {taskinstance.py:1290} INFO - 
--------------------------------------------------------------------------------
[2023-04-05T13:02:00.514+0000] {taskinstance.py:1309} INFO - Executing <Task(BashOperator): third_task> on 2021-09-20 00:00:00+00:00
[2023-04-05T13:02:00.522+0000] {standard_task_runner.py:55} INFO - Started process 5831 to run task
[2023-04-05T13:02:00.545+0000] {standard_task_runner.py:82} INFO - Running: ['***', 'tasks', 'run', 'our_first_dag_v3', 'third_task', 'scheduled__2021-09-20T00:00:00+00:00', '--job-id', '1464', '--raw', '--subdir', 'DAGS_FOLDER/our_first_dag.py', '--cfg-path', '/tmp/tmpq5plf6k9']
[2023-04-05T13:02:00.555+0000] {standard_task_runner.py:83} INFO - Job 1464: Subtask third_task
[2023-04-05T13:02:00.857+0000] {task_command.py:389} INFO - Running <TaskInstance: our_first_dag_v3.third_task scheduled__2021-09-20T00:00:00+00:00 [running]> on host e3ca158aac6b
[2023-04-05T13:02:01.261+0000] {taskinstance.py:1518} INFO - Exporting the following env vars:
AIRFLOW_CTX_DAG_OWNER=dejan
AIRFLOW_CTX_DAG_ID=our_first_dag_v3
AIRFLOW_CTX_TASK_ID=third_task
AIRFLOW_CTX_EXECUTION_DATE=2021-09-20T00:00:00+00:00
AIRFLOW_CTX_TRY_NUMBER=1
AIRFLOW_CTX_DAG_RUN_ID=scheduled__2021-09-20T00:00:00+00:00
[2023-04-05T13:02:01.264+0000] {subprocess.py:63} INFO - Tmp dir root location: 
 /tmp
[2023-04-05T13:02:01.265+0000] {subprocess.py:75} INFO - Running command: ['/bin/bash', '-c', 'echo Hey I am task3 and will be running after task1 at the same time as task2']
[2023-04-05T13:02:01.321+0000] {subprocess.py:86} INFO - Output:
[2023-04-05T13:02:01.331+0000] {subprocess.py:93} INFO - Hey I am task3 and will be running after task1 at the same time as task2
[2023-04-05T13:02:01.331+0000] {subprocess.py:97} INFO - Command exited with return code 0
[2023-04-05T13:02:01.397+0000] {taskinstance.py:1332} INFO - Marking task as SUCCESS. dag_id=our_first_dag_v3, task_id=third_task, execution_date=20210920T000000, start_date=20230405T130200, end_date=20230405T130201
[2023-04-05T13:02:01.492+0000] {local_task_job.py:212} INFO - Task exited with return code 0
[2023-04-05T13:02:01.538+0000] {taskinstance.py:2596} INFO - 0 downstream tasks scheduled from follow-on schedule check
