[2023-04-07T13:44:35.807+0000] {taskinstance.py:1090} INFO - Dependencies all met for dep_context=non-requeueable deps ti=<TaskInstance: dag_with_posgres_operator_v099.insert_into_table manual__2023-04-07T13:44:33.707330+00:00 [queued]>
[2023-04-07T13:44:35.817+0000] {taskinstance.py:1090} INFO - Dependencies all met for dep_context=requeueable deps ti=<TaskInstance: dag_with_posgres_operator_v099.insert_into_table manual__2023-04-07T13:44:33.707330+00:00 [queued]>
[2023-04-07T13:44:35.817+0000] {taskinstance.py:1288} INFO - 
--------------------------------------------------------------------------------
[2023-04-07T13:44:35.818+0000] {taskinstance.py:1289} INFO - Starting attempt 1 of 6
[2023-04-07T13:44:35.818+0000] {taskinstance.py:1290} INFO - 
--------------------------------------------------------------------------------
[2023-04-07T13:44:35.838+0000] {taskinstance.py:1309} INFO - Executing <Task(PostgresOperator): insert_into_table> on 2023-04-07 13:44:33.707330+00:00
[2023-04-07T13:44:35.841+0000] {standard_task_runner.py:55} INFO - Started process 1837 to run task
[2023-04-07T13:44:35.843+0000] {standard_task_runner.py:82} INFO - Running: ['***', 'tasks', 'run', 'dag_with_posgres_operator_v099', 'insert_into_table', 'manual__2023-04-07T13:44:33.707330+00:00', '--job-id', '6852', '--raw', '--subdir', 'DAGS_FOLDER/dag_with_postgres_operator.py', '--cfg-path', '/tmp/tmp4jgh76od']
[2023-04-07T13:44:35.844+0000] {standard_task_runner.py:83} INFO - Job 6852: Subtask insert_into_table
[2023-04-07T13:44:35.897+0000] {task_command.py:389} INFO - Running <TaskInstance: dag_with_posgres_operator_v099.insert_into_table manual__2023-04-07T13:44:33.707330+00:00 [running]> on host ce9c8327347b
[2023-04-07T13:44:35.983+0000] {taskinstance.py:1518} INFO - Exporting the following env vars:
AIRFLOW_CTX_DAG_OWNER=dejan
AIRFLOW_CTX_DAG_ID=dag_with_posgres_operator_v099
AIRFLOW_CTX_TASK_ID=insert_into_table
AIRFLOW_CTX_EXECUTION_DATE=2023-04-07T13:44:33.707330+00:00
AIRFLOW_CTX_TRY_NUMBER=1
AIRFLOW_CTX_DAG_RUN_ID=manual__2023-04-07T13:44:33.707330+00:00
[2023-04-07T13:44:35.984+0000] {sql.py:254} INFO - Executing: 
            insert into dag_runs (dt, dag_id) values ('2023-04-07', 'dag_with_posgres_operator_v099')
        
[2023-04-07T13:44:35.991+0000] {base.py:73} INFO - Using connection ID 'postgres_localhost' for task execution.
[2023-04-07T13:44:36.324+0000] {base.py:73} INFO - Using connection ID 'postgres_localhost' for task execution.
[2023-04-07T13:44:36.326+0000] {sql.py:375} INFO - Running statement: 
            insert into dag_runs (dt, dag_id) values ('2023-04-07', 'dag_with_posgres_operator_v099')
        , parameters: None
[2023-04-07T13:44:36.327+0000] {taskinstance.py:1776} ERROR - Task failed with exception
Traceback (most recent call last):
  File "/home/airflow/.local/lib/python3.7/site-packages/airflow/providers/common/sql/operators/sql.py", line 266, in execute
    **extra_kwargs,
  File "/home/airflow/.local/lib/python3.7/site-packages/airflow/providers/common/sql/hooks/sql.py", line 349, in run
    self._run_command(cur, sql_statement, parameters)
  File "/home/airflow/.local/lib/python3.7/site-packages/airflow/providers/common/sql/hooks/sql.py", line 380, in _run_command
    cur.execute(sql_statement)
psycopg2.errors.UniqueViolation: duplicate key value violates unique constraint "dag_runs_pkey"
DETAIL:  Key (dt, dag_id)=(2023-04-07, dag_with_posgres_operator_v099) already exists.

[2023-04-07T13:44:36.334+0000] {taskinstance.py:1332} INFO - Marking task as UP_FOR_RETRY. dag_id=dag_with_posgres_operator_v099, task_id=insert_into_table, execution_date=20230407T134433, start_date=20230407T134435, end_date=20230407T134436
[2023-04-07T13:44:36.347+0000] {standard_task_runner.py:105} ERROR - Failed to execute job 6852 for task insert_into_table (duplicate key value violates unique constraint "dag_runs_pkey"
DETAIL:  Key (dt, dag_id)=(2023-04-07, dag_with_posgres_operator_v099) already exists.
; 1837)
[2023-04-07T13:44:36.383+0000] {local_task_job.py:212} INFO - Task exited with return code 1
[2023-04-07T13:44:36.405+0000] {taskinstance.py:2596} INFO - 0 downstream tasks scheduled from follow-on schedule check
