[2023-04-07T13:49:27.249+0000] {taskinstance.py:1090} INFO - Dependencies all met for dep_context=non-requeueable deps ti=<TaskInstance: dag_with_posgres_operator_v03.delete_data_from_table scheduled__2023-04-03T00:00:00+00:00 [queued]>
[2023-04-07T13:49:27.265+0000] {taskinstance.py:1090} INFO - Dependencies all met for dep_context=requeueable deps ti=<TaskInstance: dag_with_posgres_operator_v03.delete_data_from_table scheduled__2023-04-03T00:00:00+00:00 [queued]>
[2023-04-07T13:49:27.265+0000] {taskinstance.py:1288} INFO - 
--------------------------------------------------------------------------------
[2023-04-07T13:49:27.266+0000] {taskinstance.py:1289} INFO - Starting attempt 1 of 6
[2023-04-07T13:49:27.266+0000] {taskinstance.py:1290} INFO - 
--------------------------------------------------------------------------------
[2023-04-07T13:49:27.310+0000] {taskinstance.py:1309} INFO - Executing <Task(PostgresOperator): delete_data_from_table> on 2023-04-03 00:00:00+00:00
[2023-04-07T13:49:27.315+0000] {standard_task_runner.py:55} INFO - Started process 2048 to run task
[2023-04-07T13:49:27.321+0000] {standard_task_runner.py:82} INFO - Running: ['***', 'tasks', 'run', 'dag_with_posgres_operator_v03', 'delete_data_from_table', 'scheduled__2023-04-03T00:00:00+00:00', '--job-id', '6866', '--raw', '--subdir', 'DAGS_FOLDER/dag_with_postgres_operator.py', '--cfg-path', '/tmp/tmpqo9pm9m8']
[2023-04-07T13:49:27.322+0000] {standard_task_runner.py:83} INFO - Job 6866: Subtask delete_data_from_table
[2023-04-07T13:49:27.438+0000] {task_command.py:389} INFO - Running <TaskInstance: dag_with_posgres_operator_v03.delete_data_from_table scheduled__2023-04-03T00:00:00+00:00 [running]> on host ce9c8327347b
[2023-04-07T13:49:27.591+0000] {taskinstance.py:1518} INFO - Exporting the following env vars:
AIRFLOW_CTX_DAG_OWNER=dejan
AIRFLOW_CTX_DAG_ID=dag_with_posgres_operator_v03
AIRFLOW_CTX_TASK_ID=delete_data_from_table
AIRFLOW_CTX_EXECUTION_DATE=2023-04-03T00:00:00+00:00
AIRFLOW_CTX_TRY_NUMBER=1
AIRFLOW_CTX_DAG_RUN_ID=scheduled__2023-04-03T00:00:00+00:00
[2023-04-07T13:49:27.591+0000] {sql.py:254} INFO - Executing: 
            delete from dag_runs where dt='2023-04-03' and dag_id='dag_with_posgres_operator_v03';
        
[2023-04-07T13:49:27.632+0000] {base.py:73} INFO - Using connection ID 'postgres_localhost' for task execution.
[2023-04-07T13:49:28.192+0000] {base.py:73} INFO - Using connection ID 'postgres_localhost' for task execution.
[2023-04-07T13:49:28.195+0000] {sql.py:375} INFO - Running statement: 
            delete from dag_runs where dt='2023-04-03' and dag_id='dag_with_posgres_operator_v03';
        , parameters: None
[2023-04-07T13:49:28.197+0000] {sql.py:384} INFO - Rows affected: 0
[2023-04-07T13:49:28.216+0000] {taskinstance.py:1332} INFO - Marking task as SUCCESS. dag_id=dag_with_posgres_operator_v03, task_id=delete_data_from_table, execution_date=20230403T000000, start_date=20230407T134927, end_date=20230407T134928
[2023-04-07T13:49:28.251+0000] {local_task_job.py:212} INFO - Task exited with return code 0
[2023-04-07T13:49:28.279+0000] {taskinstance.py:2596} INFO - 1 downstream tasks scheduled from follow-on schedule check
