[2023-04-05T13:08:39.771+0000] {taskinstance.py:1090} INFO - Dependencies all met for dep_context=non-requeueable deps ti=<TaskInstance: our_first_dag_v5.first_task scheduled__2021-08-31T00:00:00+00:00 [queued]>
[2023-04-05T13:08:39.800+0000] {taskinstance.py:1090} INFO - Dependencies all met for dep_context=requeueable deps ti=<TaskInstance: our_first_dag_v5.first_task scheduled__2021-08-31T00:00:00+00:00 [queued]>
[2023-04-05T13:08:39.801+0000] {taskinstance.py:1288} INFO - 
--------------------------------------------------------------------------------
[2023-04-05T13:08:39.801+0000] {taskinstance.py:1289} INFO - Starting attempt 1 of 6
[2023-04-05T13:08:39.801+0000] {taskinstance.py:1290} INFO - 
--------------------------------------------------------------------------------
[2023-04-05T13:08:39.958+0000] {taskinstance.py:1309} INFO - Executing <Task(BashOperator): first_task> on 2021-08-31 00:00:00+00:00
[2023-04-05T13:08:39.977+0000] {standard_task_runner.py:55} INFO - Started process 7453 to run task
[2023-04-05T13:08:39.986+0000] {standard_task_runner.py:82} INFO - Running: ['***', 'tasks', 'run', 'our_first_dag_v5', 'first_task', 'scheduled__2021-08-31T00:00:00+00:00', '--job-id', '1952', '--raw', '--subdir', 'DAGS_FOLDER/our_first_dag.py', '--cfg-path', '/tmp/tmpapx7f5fw']
[2023-04-05T13:08:39.988+0000] {standard_task_runner.py:83} INFO - Job 1952: Subtask first_task
[2023-04-05T13:08:40.276+0000] {task_command.py:389} INFO - Running <TaskInstance: our_first_dag_v5.first_task scheduled__2021-08-31T00:00:00+00:00 [running]> on host e3ca158aac6b
[2023-04-05T13:08:40.559+0000] {taskinstance.py:1518} INFO - Exporting the following env vars:
AIRFLOW_CTX_DAG_OWNER=dejan
AIRFLOW_CTX_DAG_ID=our_first_dag_v5
AIRFLOW_CTX_TASK_ID=first_task
AIRFLOW_CTX_EXECUTION_DATE=2021-08-31T00:00:00+00:00
AIRFLOW_CTX_TRY_NUMBER=1
AIRFLOW_CTX_DAG_RUN_ID=scheduled__2021-08-31T00:00:00+00:00
[2023-04-05T13:08:40.562+0000] {subprocess.py:63} INFO - Tmp dir root location: 
 /tmp
[2023-04-05T13:08:40.563+0000] {subprocess.py:75} INFO - Running command: ['/bin/bash', '-c', 'echo Hello World, this is the first task']
[2023-04-05T13:08:40.584+0000] {subprocess.py:86} INFO - Output:
[2023-04-05T13:08:40.587+0000] {subprocess.py:93} INFO - Hello World, this is the first task
[2023-04-05T13:08:40.588+0000] {subprocess.py:97} INFO - Command exited with return code 0
[2023-04-05T13:08:40.681+0000] {taskinstance.py:1332} INFO - Marking task as SUCCESS. dag_id=our_first_dag_v5, task_id=first_task, execution_date=20210831T000000, start_date=20230405T130839, end_date=20230405T130840
[2023-04-05T13:08:40.779+0000] {local_task_job.py:212} INFO - Task exited with return code 0
[2023-04-05T13:08:40.859+0000] {taskinstance.py:2596} INFO - 2 downstream tasks scheduled from follow-on schedule check
