[2023-04-05T12:54:46.086+0000] {taskinstance.py:1090} INFO - Dependencies all met for dep_context=non-requeueable deps ti=<TaskInstance: our_first_dag_v2.second_task scheduled__2021-08-27T00:00:00+00:00 [queued]>
[2023-04-05T12:54:46.103+0000] {taskinstance.py:1090} INFO - Dependencies all met for dep_context=requeueable deps ti=<TaskInstance: our_first_dag_v2.second_task scheduled__2021-08-27T00:00:00+00:00 [queued]>
[2023-04-05T12:54:46.103+0000] {taskinstance.py:1288} INFO - 
--------------------------------------------------------------------------------
[2023-04-05T12:54:46.103+0000] {taskinstance.py:1289} INFO - Starting attempt 1 of 6
[2023-04-05T12:54:46.103+0000] {taskinstance.py:1290} INFO - 
--------------------------------------------------------------------------------
[2023-04-05T12:54:46.129+0000] {taskinstance.py:1309} INFO - Executing <Task(BashOperator): second_task> on 2021-08-27 00:00:00+00:00
[2023-04-05T12:54:46.136+0000] {standard_task_runner.py:55} INFO - Started process 3252 to run task
[2023-04-05T12:54:46.143+0000] {standard_task_runner.py:82} INFO - Running: ['***', 'tasks', 'run', 'our_first_dag_v2', 'second_task', 'scheduled__2021-08-27T00:00:00+00:00', '--job-id', '680', '--raw', '--subdir', 'DAGS_FOLDER/our_first_dag.py', '--cfg-path', '/tmp/tmpdwdtn72a']
[2023-04-05T12:54:46.145+0000] {standard_task_runner.py:83} INFO - Job 680: Subtask second_task
[2023-04-05T12:54:46.240+0000] {task_command.py:389} INFO - Running <TaskInstance: our_first_dag_v2.second_task scheduled__2021-08-27T00:00:00+00:00 [running]> on host e3ca158aac6b
[2023-04-05T12:54:46.411+0000] {taskinstance.py:1518} INFO - Exporting the following env vars:
AIRFLOW_CTX_DAG_OWNER=dejan
AIRFLOW_CTX_DAG_ID=our_first_dag_v2
AIRFLOW_CTX_TASK_ID=second_task
AIRFLOW_CTX_EXECUTION_DATE=2021-08-27T00:00:00+00:00
AIRFLOW_CTX_TRY_NUMBER=1
AIRFLOW_CTX_DAG_RUN_ID=scheduled__2021-08-27T00:00:00+00:00
[2023-04-05T12:54:46.412+0000] {subprocess.py:63} INFO - Tmp dir root location: 
 /tmp
[2023-04-05T12:54:46.413+0000] {subprocess.py:75} INFO - Running command: ['/bin/bash', '-c', 'echo Hey I am task2 and will be running after task1']
[2023-04-05T12:54:46.428+0000] {subprocess.py:86} INFO - Output:
[2023-04-05T12:54:46.431+0000] {subprocess.py:93} INFO - Hey I am task2 and will be running after task1
[2023-04-05T12:54:46.432+0000] {subprocess.py:97} INFO - Command exited with return code 0
[2023-04-05T12:54:46.488+0000] {taskinstance.py:1332} INFO - Marking task as SUCCESS. dag_id=our_first_dag_v2, task_id=second_task, execution_date=20210827T000000, start_date=20230405T125446, end_date=20230405T125446
[2023-04-05T12:54:46.530+0000] {local_task_job.py:212} INFO - Task exited with return code 0
[2023-04-05T12:54:46.559+0000] {taskinstance.py:2596} INFO - 0 downstream tasks scheduled from follow-on schedule check
