[2023-04-06T14:01:31.508+0000] {taskinstance.py:1090} INFO - Dependencies all met for dep_context=non-requeueable deps ti=<TaskInstance: dag_with_taskflow_api_v02.get_name scheduled__2022-08-23T00:00:00+00:00 [queued]>
[2023-04-06T14:01:31.588+0000] {taskinstance.py:1090} INFO - Dependencies all met for dep_context=requeueable deps ti=<TaskInstance: dag_with_taskflow_api_v02.get_name scheduled__2022-08-23T00:00:00+00:00 [queued]>
[2023-04-06T14:01:31.589+0000] {taskinstance.py:1288} INFO - 
--------------------------------------------------------------------------------
[2023-04-06T14:01:31.590+0000] {taskinstance.py:1289} INFO - Starting attempt 1 of 6
[2023-04-06T14:01:31.590+0000] {taskinstance.py:1290} INFO - 
--------------------------------------------------------------------------------
[2023-04-06T14:01:31.702+0000] {taskinstance.py:1309} INFO - Executing <Task(_PythonDecoratedOperator): get_name> on 2022-08-23 00:00:00+00:00
[2023-04-06T14:01:31.742+0000] {standard_task_runner.py:55} INFO - Started process 10832 to run task
[2023-04-06T14:01:31.763+0000] {standard_task_runner.py:82} INFO - Running: ['***', 'tasks', 'run', 'dag_with_taskflow_api_v02', 'get_name', 'scheduled__2022-08-23T00:00:00+00:00', '--job-id', '5947', '--raw', '--subdir', 'DAGS_FOLDER/dag_with_task_api.py', '--cfg-path', '/tmp/tmp2qzzhshg']
[2023-04-06T14:01:31.765+0000] {standard_task_runner.py:83} INFO - Job 5947: Subtask get_name
[2023-04-06T14:01:32.260+0000] {task_command.py:389} INFO - Running <TaskInstance: dag_with_taskflow_api_v02.get_name scheduled__2022-08-23T00:00:00+00:00 [running]> on host f91656cee95b
[2023-04-06T14:01:33.483+0000] {taskinstance.py:1518} INFO - Exporting the following env vars:
AIRFLOW_CTX_DAG_OWNER=dejan
AIRFLOW_CTX_DAG_ID=dag_with_taskflow_api_v02
AIRFLOW_CTX_TASK_ID=get_name
AIRFLOW_CTX_EXECUTION_DATE=2022-08-23T00:00:00+00:00
AIRFLOW_CTX_TRY_NUMBER=1
AIRFLOW_CTX_DAG_RUN_ID=scheduled__2022-08-23T00:00:00+00:00
[2023-04-06T14:01:33.486+0000] {python.py:177} INFO - Done. Returned value was: {'first_name': 'Dejan', 'last_name': 'Zivanov'}
[2023-04-06T14:01:33.653+0000] {taskinstance.py:1332} INFO - Marking task as SUCCESS. dag_id=dag_with_taskflow_api_v02, task_id=get_name, execution_date=20220823T000000, start_date=20230406T140131, end_date=20230406T140133
[2023-04-06T14:01:33.713+0000] {local_task_job.py:212} INFO - Task exited with return code 0
[2023-04-06T14:01:34.150+0000] {taskinstance.py:2596} INFO - 0 downstream tasks scheduled from follow-on schedule check
