[2023-04-06T16:40:46.669+0000] {taskinstance.py:1090} INFO - Dependencies all met for dep_context=non-requeueable deps ti=<TaskInstance: dag_with_catchup_and_backfill_v01.task1 scheduled__2021-11-15T00:00:00+00:00 [queued]>
[2023-04-06T16:40:46.683+0000] {taskinstance.py:1090} INFO - Dependencies all met for dep_context=requeueable deps ti=<TaskInstance: dag_with_catchup_and_backfill_v01.task1 scheduled__2021-11-15T00:00:00+00:00 [queued]>
[2023-04-06T16:40:46.683+0000] {taskinstance.py:1288} INFO - 
--------------------------------------------------------------------------------
[2023-04-06T16:40:46.683+0000] {taskinstance.py:1289} INFO - Starting attempt 1 of 1
[2023-04-06T16:40:46.684+0000] {taskinstance.py:1290} INFO - 
--------------------------------------------------------------------------------
[2023-04-06T16:40:46.713+0000] {taskinstance.py:1309} INFO - Executing <Task(BashOperator): task1> on 2021-11-15 00:00:00+00:00
[2023-04-06T16:40:46.719+0000] {standard_task_runner.py:55} INFO - Started process 241 to run task
[2023-04-06T16:40:46.722+0000] {standard_task_runner.py:82} INFO - Running: ['***', 'tasks', 'run', 'dag_with_catchup_and_backfill_v01', 'task1', 'scheduled__2021-11-15T00:00:00+00:00', '--job-id', '6644', '--raw', '--subdir', 'DAGS_FOLDER/dag_with_catchup_and_backfill.py', '--cfg-path', '/tmp/tmpmyipkpld']
[2023-04-06T16:40:46.723+0000] {standard_task_runner.py:83} INFO - Job 6644: Subtask task1
[2023-04-06T16:40:46.846+0000] {task_command.py:389} INFO - Running <TaskInstance: dag_with_catchup_and_backfill_v01.task1 scheduled__2021-11-15T00:00:00+00:00 [running]> on host 8b7f5eb43087
[2023-04-06T16:40:46.988+0000] {taskinstance.py:1518} INFO - Exporting the following env vars:
AIRFLOW_CTX_DAG_OWNER=dejan
AIRFLOW_CTX_DAG_ID=dag_with_catchup_and_backfill_v01
AIRFLOW_CTX_TASK_ID=task1
AIRFLOW_CTX_EXECUTION_DATE=2021-11-15T00:00:00+00:00
AIRFLOW_CTX_TRY_NUMBER=1
AIRFLOW_CTX_DAG_RUN_ID=scheduled__2021-11-15T00:00:00+00:00
[2023-04-06T16:40:46.991+0000] {subprocess.py:63} INFO - Tmp dir root location: 
 /tmp
[2023-04-06T16:40:46.992+0000] {subprocess.py:75} INFO - Running command: ['/bin/bash', '-c', 'echo This is simple bash command!']
[2023-04-06T16:40:47.004+0000] {subprocess.py:86} INFO - Output:
[2023-04-06T16:40:47.006+0000] {subprocess.py:93} INFO - This is simple bash command!
[2023-04-06T16:40:47.007+0000] {subprocess.py:97} INFO - Command exited with return code 0
[2023-04-06T16:40:47.060+0000] {taskinstance.py:1332} INFO - Marking task as SUCCESS. dag_id=dag_with_catchup_and_backfill_v01, task_id=task1, execution_date=20211115T000000, start_date=20230406T164046, end_date=20230406T164047
[2023-04-06T16:40:47.113+0000] {local_task_job.py:212} INFO - Task exited with return code 0
[2023-04-06T16:40:47.144+0000] {taskinstance.py:2596} INFO - 0 downstream tasks scheduled from follow-on schedule check
