[2023-04-05T12:57:05.975+0000] {taskinstance.py:1090} INFO - Dependencies all met for dep_context=non-requeueable deps ti=<TaskInstance: our_first_dag_v2.second_task scheduled__2022-03-15T00:00:00+00:00 [queued]>
[2023-04-05T12:57:05.996+0000] {taskinstance.py:1090} INFO - Dependencies all met for dep_context=requeueable deps ti=<TaskInstance: our_first_dag_v2.second_task scheduled__2022-03-15T00:00:00+00:00 [queued]>
[2023-04-05T12:57:05.996+0000] {taskinstance.py:1288} INFO - 
--------------------------------------------------------------------------------
[2023-04-05T12:57:05.997+0000] {taskinstance.py:1289} INFO - Starting attempt 1 of 6
[2023-04-05T12:57:05.997+0000] {taskinstance.py:1290} INFO - 
--------------------------------------------------------------------------------
[2023-04-05T12:57:06.050+0000] {taskinstance.py:1309} INFO - Executing <Task(BashOperator): second_task> on 2022-03-15 00:00:00+00:00
[2023-04-05T12:57:06.061+0000] {standard_task_runner.py:55} INFO - Started process 4522 to run task
[2023-04-05T12:57:06.065+0000] {standard_task_runner.py:82} INFO - Running: ['***', 'tasks', 'run', 'our_first_dag_v2', 'second_task', 'scheduled__2022-03-15T00:00:00+00:00', '--job-id', '1083', '--raw', '--subdir', 'DAGS_FOLDER/our_first_dag.py', '--cfg-path', '/tmp/tmphmlv0p06']
[2023-04-05T12:57:06.067+0000] {standard_task_runner.py:83} INFO - Job 1083: Subtask second_task
[2023-04-05T12:57:06.275+0000] {task_command.py:389} INFO - Running <TaskInstance: our_first_dag_v2.second_task scheduled__2022-03-15T00:00:00+00:00 [running]> on host e3ca158aac6b
[2023-04-05T12:57:06.577+0000] {taskinstance.py:1518} INFO - Exporting the following env vars:
AIRFLOW_CTX_DAG_OWNER=dejan
AIRFLOW_CTX_DAG_ID=our_first_dag_v2
AIRFLOW_CTX_TASK_ID=second_task
AIRFLOW_CTX_EXECUTION_DATE=2022-03-15T00:00:00+00:00
AIRFLOW_CTX_TRY_NUMBER=1
AIRFLOW_CTX_DAG_RUN_ID=scheduled__2022-03-15T00:00:00+00:00
[2023-04-05T12:57:06.578+0000] {subprocess.py:63} INFO - Tmp dir root location: 
 /tmp
[2023-04-05T12:57:06.579+0000] {subprocess.py:75} INFO - Running command: ['/bin/bash', '-c', 'echo Hey I am task2 and will be running after task1']
[2023-04-05T12:57:06.598+0000] {subprocess.py:86} INFO - Output:
[2023-04-05T12:57:06.600+0000] {subprocess.py:93} INFO - Hey I am task2 and will be running after task1
[2023-04-05T12:57:06.601+0000] {subprocess.py:97} INFO - Command exited with return code 0
[2023-04-05T12:57:06.686+0000] {taskinstance.py:1332} INFO - Marking task as SUCCESS. dag_id=our_first_dag_v2, task_id=second_task, execution_date=20220315T000000, start_date=20230405T125705, end_date=20230405T125706
[2023-04-05T12:57:06.891+0000] {local_task_job.py:212} INFO - Task exited with return code 0
[2023-04-05T12:57:06.942+0000] {taskinstance.py:2596} INFO - 0 downstream tasks scheduled from follow-on schedule check
