[2023-04-05T12:54:34.154+0000] {taskinstance.py:1090} INFO - Dependencies all met for dep_context=non-requeueable deps ti=<TaskInstance: our_first_dag_v2.second_task scheduled__2021-08-15T00:00:00+00:00 [queued]>
[2023-04-05T12:54:34.183+0000] {taskinstance.py:1090} INFO - Dependencies all met for dep_context=requeueable deps ti=<TaskInstance: our_first_dag_v2.second_task scheduled__2021-08-15T00:00:00+00:00 [queued]>
[2023-04-05T12:54:34.184+0000] {taskinstance.py:1288} INFO - 
--------------------------------------------------------------------------------
[2023-04-05T12:54:34.184+0000] {taskinstance.py:1289} INFO - Starting attempt 1 of 6
[2023-04-05T12:54:34.184+0000] {taskinstance.py:1290} INFO - 
--------------------------------------------------------------------------------
[2023-04-05T12:54:34.224+0000] {taskinstance.py:1309} INFO - Executing <Task(BashOperator): second_task> on 2021-08-15 00:00:00+00:00
[2023-04-05T12:54:34.231+0000] {standard_task_runner.py:55} INFO - Started process 3187 to run task
[2023-04-05T12:54:34.236+0000] {standard_task_runner.py:82} INFO - Running: ['***', 'tasks', 'run', 'our_first_dag_v2', 'second_task', 'scheduled__2021-08-15T00:00:00+00:00', '--job-id', '658', '--raw', '--subdir', 'DAGS_FOLDER/our_first_dag.py', '--cfg-path', '/tmp/tmpkb0d4p9b']
[2023-04-05T12:54:34.237+0000] {standard_task_runner.py:83} INFO - Job 658: Subtask second_task
[2023-04-05T12:54:34.341+0000] {task_command.py:389} INFO - Running <TaskInstance: our_first_dag_v2.second_task scheduled__2021-08-15T00:00:00+00:00 [running]> on host e3ca158aac6b
[2023-04-05T12:54:34.493+0000] {taskinstance.py:1518} INFO - Exporting the following env vars:
AIRFLOW_CTX_DAG_OWNER=dejan
AIRFLOW_CTX_DAG_ID=our_first_dag_v2
AIRFLOW_CTX_TASK_ID=second_task
AIRFLOW_CTX_EXECUTION_DATE=2021-08-15T00:00:00+00:00
AIRFLOW_CTX_TRY_NUMBER=1
AIRFLOW_CTX_DAG_RUN_ID=scheduled__2021-08-15T00:00:00+00:00
[2023-04-05T12:54:34.496+0000] {subprocess.py:63} INFO - Tmp dir root location: 
 /tmp
[2023-04-05T12:54:34.497+0000] {subprocess.py:75} INFO - Running command: ['/bin/bash', '-c', 'echo Hey I am task2 and will be running after task1']
[2023-04-05T12:54:34.507+0000] {subprocess.py:86} INFO - Output:
[2023-04-05T12:54:34.509+0000] {subprocess.py:93} INFO - Hey I am task2 and will be running after task1
[2023-04-05T12:54:34.509+0000] {subprocess.py:97} INFO - Command exited with return code 0
[2023-04-05T12:54:34.556+0000] {taskinstance.py:1332} INFO - Marking task as SUCCESS. dag_id=our_first_dag_v2, task_id=second_task, execution_date=20210815T000000, start_date=20230405T125434, end_date=20230405T125434
[2023-04-05T12:54:34.613+0000] {local_task_job.py:212} INFO - Task exited with return code 0
[2023-04-05T12:54:34.675+0000] {taskinstance.py:2596} INFO - 0 downstream tasks scheduled from follow-on schedule check
