[2023-04-06T16:41:31.159+0000] {taskinstance.py:1090} INFO - Dependencies all met for dep_context=non-requeueable deps ti=<TaskInstance: dag_with_catchup_and_backfill_v01.task1 scheduled__2022-02-09T00:00:00+00:00 [queued]>
[2023-04-06T16:41:31.174+0000] {taskinstance.py:1090} INFO - Dependencies all met for dep_context=requeueable deps ti=<TaskInstance: dag_with_catchup_and_backfill_v01.task1 scheduled__2022-02-09T00:00:00+00:00 [queued]>
[2023-04-06T16:41:31.174+0000] {taskinstance.py:1288} INFO - 
--------------------------------------------------------------------------------
[2023-04-06T16:41:31.174+0000] {taskinstance.py:1289} INFO - Starting attempt 1 of 1
[2023-04-06T16:41:31.174+0000] {taskinstance.py:1290} INFO - 
--------------------------------------------------------------------------------
[2023-04-06T16:41:31.223+0000] {taskinstance.py:1309} INFO - Executing <Task(BashOperator): task1> on 2022-02-09 00:00:00+00:00
[2023-04-06T16:41:31.228+0000] {standard_task_runner.py:55} INFO - Started process 511 to run task
[2023-04-06T16:41:31.232+0000] {standard_task_runner.py:82} INFO - Running: ['***', 'tasks', 'run', 'dag_with_catchup_and_backfill_v01', 'task1', 'scheduled__2022-02-09T00:00:00+00:00', '--job-id', '6730', '--raw', '--subdir', 'DAGS_FOLDER/dag_with_catchup_and_backfill.py', '--cfg-path', '/tmp/tmp40pnrnat']
[2023-04-06T16:41:31.235+0000] {standard_task_runner.py:83} INFO - Job 6730: Subtask task1
[2023-04-06T16:41:31.353+0000] {task_command.py:389} INFO - Running <TaskInstance: dag_with_catchup_and_backfill_v01.task1 scheduled__2022-02-09T00:00:00+00:00 [running]> on host 8b7f5eb43087
[2023-04-06T16:41:31.574+0000] {taskinstance.py:1518} INFO - Exporting the following env vars:
AIRFLOW_CTX_DAG_OWNER=dejan
AIRFLOW_CTX_DAG_ID=dag_with_catchup_and_backfill_v01
AIRFLOW_CTX_TASK_ID=task1
AIRFLOW_CTX_EXECUTION_DATE=2022-02-09T00:00:00+00:00
AIRFLOW_CTX_TRY_NUMBER=1
AIRFLOW_CTX_DAG_RUN_ID=scheduled__2022-02-09T00:00:00+00:00
[2023-04-06T16:41:31.576+0000] {subprocess.py:63} INFO - Tmp dir root location: 
 /tmp
[2023-04-06T16:41:31.576+0000] {subprocess.py:75} INFO - Running command: ['/bin/bash', '-c', 'echo This is simple bash command!']
[2023-04-06T16:41:31.593+0000] {subprocess.py:86} INFO - Output:
[2023-04-06T16:41:31.595+0000] {subprocess.py:93} INFO - This is simple bash command!
[2023-04-06T16:41:31.596+0000] {subprocess.py:97} INFO - Command exited with return code 0
[2023-04-06T16:41:31.642+0000] {taskinstance.py:1332} INFO - Marking task as SUCCESS. dag_id=dag_with_catchup_and_backfill_v01, task_id=task1, execution_date=20220209T000000, start_date=20230406T164131, end_date=20230406T164131
[2023-04-06T16:41:31.701+0000] {local_task_job.py:212} INFO - Task exited with return code 0
[2023-04-06T16:41:31.752+0000] {taskinstance.py:2596} INFO - 0 downstream tasks scheduled from follow-on schedule check
