[2023-04-06T13:10:05.775+0000] {taskinstance.py:1090} INFO - Dependencies all met for dep_context=non-requeueable deps ti=<TaskInstance: create_dag_with_python_operator_v04.greet manual__2023-04-06T13:05:13.014306+00:00 [queued]>
[2023-04-06T13:10:05.790+0000] {taskinstance.py:1090} INFO - Dependencies all met for dep_context=requeueable deps ti=<TaskInstance: create_dag_with_python_operator_v04.greet manual__2023-04-06T13:05:13.014306+00:00 [queued]>
[2023-04-06T13:10:05.790+0000] {taskinstance.py:1288} INFO - 
--------------------------------------------------------------------------------
[2023-04-06T13:10:05.790+0000] {taskinstance.py:1289} INFO - Starting attempt 1 of 6
[2023-04-06T13:10:05.790+0000] {taskinstance.py:1290} INFO - 
--------------------------------------------------------------------------------
[2023-04-06T13:10:05.822+0000] {taskinstance.py:1309} INFO - Executing <Task(PythonOperator): greet> on 2023-04-06 13:05:13.014306+00:00
[2023-04-06T13:10:05.828+0000] {standard_task_runner.py:55} INFO - Started process 741 to run task
[2023-04-06T13:10:05.830+0000] {standard_task_runner.py:82} INFO - Running: ['***', 'tasks', 'run', 'create_dag_with_python_operator_v04', 'greet', 'manual__2023-04-06T13:05:13.014306+00:00', '--job-id', '3038', '--raw', '--subdir', 'DAGS_FOLDER/create_dag_with_python_operator.py', '--cfg-path', '/tmp/tmpb5ifhgts']
[2023-04-06T13:10:05.831+0000] {standard_task_runner.py:83} INFO - Job 3038: Subtask greet
[2023-04-06T13:10:05.926+0000] {task_command.py:389} INFO - Running <TaskInstance: create_dag_with_python_operator_v04.greet manual__2023-04-06T13:05:13.014306+00:00 [running]> on host 971eab773426
[2023-04-06T13:10:06.068+0000] {taskinstance.py:1518} INFO - Exporting the following env vars:
AIRFLOW_CTX_DAG_OWNER=dejan
AIRFLOW_CTX_DAG_ID=create_dag_with_python_operator_v04
AIRFLOW_CTX_TASK_ID=greet
AIRFLOW_CTX_EXECUTION_DATE=2023-04-06T13:05:13.014306+00:00
AIRFLOW_CTX_TRY_NUMBER=1
AIRFLOW_CTX_DAG_RUN_ID=manual__2023-04-06T13:05:13.014306+00:00
[2023-04-06T13:10:06.091+0000] {logging_mixin.py:137} INFO - Hello World! Myname is Jery,   and I am 30 years old.
[2023-04-06T13:10:06.091+0000] {python.py:177} INFO - Done. Returned value was: None
[2023-04-06T13:10:06.112+0000] {taskinstance.py:1332} INFO - Marking task as SUCCESS. dag_id=create_dag_with_python_operator_v04, task_id=greet, execution_date=20230406T130513, start_date=20230406T131005, end_date=20230406T131006
[2023-04-06T13:10:06.260+0000] {local_task_job.py:212} INFO - Task exited with return code 0
[2023-04-06T13:10:06.310+0000] {taskinstance.py:2596} INFO - 0 downstream tasks scheduled from follow-on schedule check
