[2023-04-05T10:21:16.684+0000] {taskinstance.py:1090} INFO - Dependencies all met for dep_context=non-requeueable deps ti=<TaskInstance: example_bash_operator.this_will_skip manual__2023-04-05T10:21:14.552867+00:00 [queued]>
[2023-04-05T10:21:16.696+0000] {taskinstance.py:1090} INFO - Dependencies all met for dep_context=requeueable deps ti=<TaskInstance: example_bash_operator.this_will_skip manual__2023-04-05T10:21:14.552867+00:00 [queued]>
[2023-04-05T10:21:16.696+0000] {taskinstance.py:1288} INFO - 
--------------------------------------------------------------------------------
[2023-04-05T10:21:16.697+0000] {taskinstance.py:1289} INFO - Starting attempt 1 of 1
[2023-04-05T10:21:16.697+0000] {taskinstance.py:1290} INFO - 
--------------------------------------------------------------------------------
[2023-04-05T10:21:16.723+0000] {taskinstance.py:1309} INFO - Executing <Task(BashOperator): this_will_skip> on 2023-04-05 10:21:14.552867+00:00
[2023-04-05T10:21:16.729+0000] {standard_task_runner.py:55} INFO - Started process 1511 to run task
[2023-04-05T10:21:16.731+0000] {standard_task_runner.py:82} INFO - Running: ['***', 'tasks', 'run', 'example_bash_operator', 'this_will_skip', 'manual__2023-04-05T10:21:14.552867+00:00', '--job-id', '13', '--raw', '--subdir', '/home/***/.local/lib/python3.7/site-packages/***/example_dags/example_bash_operator.py', '--cfg-path', '/tmp/tmpvgbi4a17']
[2023-04-05T10:21:16.733+0000] {standard_task_runner.py:83} INFO - Job 13: Subtask this_will_skip
[2023-04-05T10:21:16.802+0000] {task_command.py:389} INFO - Running <TaskInstance: example_bash_operator.this_will_skip manual__2023-04-05T10:21:14.552867+00:00 [running]> on host 4ab0cfa718db
[2023-04-05T10:21:16.905+0000] {taskinstance.py:1518} INFO - Exporting the following env vars:
AIRFLOW_CTX_DAG_OWNER=***
AIRFLOW_CTX_DAG_ID=example_bash_operator
AIRFLOW_CTX_TASK_ID=this_will_skip
AIRFLOW_CTX_EXECUTION_DATE=2023-04-05T10:21:14.552867+00:00
AIRFLOW_CTX_TRY_NUMBER=1
AIRFLOW_CTX_DAG_RUN_ID=manual__2023-04-05T10:21:14.552867+00:00
[2023-04-05T10:21:16.907+0000] {subprocess.py:63} INFO - Tmp dir root location: 
 /tmp
[2023-04-05T10:21:16.908+0000] {subprocess.py:75} INFO - Running command: ['/bin/bash', '-c', 'echo "hello world"; exit 99;']
[2023-04-05T10:21:16.916+0000] {subprocess.py:86} INFO - Output:
[2023-04-05T10:21:16.917+0000] {subprocess.py:93} INFO - hello world
[2023-04-05T10:21:16.918+0000] {subprocess.py:97} INFO - Command exited with return code 99
[2023-04-05T10:21:16.918+0000] {taskinstance.py:1407} INFO - Bash command returned exit code 99. Skipping.
[2023-04-05T10:21:16.929+0000] {taskinstance.py:1332} INFO - Marking task as SKIPPED. dag_id=example_bash_operator, task_id=this_will_skip, execution_date=20230405T102114, start_date=20230405T102116, end_date=20230405T102116
[2023-04-05T10:21:16.949+0000] {local_task_job.py:212} INFO - Task exited with return code 0
[2023-04-05T10:21:16.983+0000] {taskinstance.py:2596} INFO - 0 downstream tasks scheduled from follow-on schedule check
