[2023-04-06T13:22:50.390+0000] {taskinstance.py:1090} INFO - Dependencies all met for dep_context=non-requeueable deps ti=<TaskInstance: create_dag_with_python_operator_v04.get_name scheduled__2022-11-22T00:00:00+00:00 [queued]>
[2023-04-06T13:22:50.410+0000] {taskinstance.py:1090} INFO - Dependencies all met for dep_context=requeueable deps ti=<TaskInstance: create_dag_with_python_operator_v04.get_name scheduled__2022-11-22T00:00:00+00:00 [queued]>
[2023-04-06T13:22:50.411+0000] {taskinstance.py:1288} INFO - 
--------------------------------------------------------------------------------
[2023-04-06T13:22:50.411+0000] {taskinstance.py:1289} INFO - Starting attempt 1 of 6
[2023-04-06T13:22:50.411+0000] {taskinstance.py:1290} INFO - 
--------------------------------------------------------------------------------
[2023-04-06T13:22:50.563+0000] {taskinstance.py:1309} INFO - Executing <Task(PythonOperator): get_name> on 2022-11-22 00:00:00+00:00
[2023-04-06T13:22:50.569+0000] {standard_task_runner.py:55} INFO - Started process 2821 to run task
[2023-04-06T13:22:50.591+0000] {standard_task_runner.py:82} INFO - Running: ['***', 'tasks', 'run', 'create_dag_with_python_operator_v04', 'get_name', 'scheduled__2022-11-22T00:00:00+00:00', '--job-id', '3873', '--raw', '--subdir', 'DAGS_FOLDER/create_dag_with_python_operator.py', '--cfg-path', '/tmp/tmpfsnzboft']
[2023-04-06T13:22:50.595+0000] {standard_task_runner.py:83} INFO - Job 3873: Subtask get_name
[2023-04-06T13:22:50.812+0000] {task_command.py:389} INFO - Running <TaskInstance: create_dag_with_python_operator_v04.get_name scheduled__2022-11-22T00:00:00+00:00 [running]> on host 971eab773426
[2023-04-06T13:22:51.068+0000] {taskinstance.py:1518} INFO - Exporting the following env vars:
AIRFLOW_CTX_DAG_OWNER=dejan
AIRFLOW_CTX_DAG_ID=create_dag_with_python_operator_v04
AIRFLOW_CTX_TASK_ID=get_name
AIRFLOW_CTX_EXECUTION_DATE=2022-11-22T00:00:00+00:00
AIRFLOW_CTX_TRY_NUMBER=1
AIRFLOW_CTX_DAG_RUN_ID=scheduled__2022-11-22T00:00:00+00:00
[2023-04-06T13:22:51.126+0000] {python.py:177} INFO - Done. Returned value was: None
[2023-04-06T13:22:51.155+0000] {taskinstance.py:1332} INFO - Marking task as SUCCESS. dag_id=create_dag_with_python_operator_v04, task_id=get_name, execution_date=20221122T000000, start_date=20230406T132250, end_date=20230406T132251
[2023-04-06T13:22:51.190+0000] {local_task_job.py:212} INFO - Task exited with return code 0
[2023-04-06T13:22:51.247+0000] {taskinstance.py:2596} INFO - 1 downstream tasks scheduled from follow-on schedule check
