[2023-04-06T13:54:41.506+0000] {taskinstance.py:1090} INFO - Dependencies all met for dep_context=non-requeueable deps ti=<TaskInstance: dag_with_taskflow_api_v02.greet scheduled__2021-11-06T00:00:00+00:00 [queued]>
[2023-04-06T13:54:41.518+0000] {taskinstance.py:1090} INFO - Dependencies all met for dep_context=requeueable deps ti=<TaskInstance: dag_with_taskflow_api_v02.greet scheduled__2021-11-06T00:00:00+00:00 [queued]>
[2023-04-06T13:54:41.519+0000] {taskinstance.py:1288} INFO - 
--------------------------------------------------------------------------------
[2023-04-06T13:54:41.519+0000] {taskinstance.py:1289} INFO - Starting attempt 1 of 6
[2023-04-06T13:54:41.519+0000] {taskinstance.py:1290} INFO - 
--------------------------------------------------------------------------------
[2023-04-06T13:54:41.545+0000] {taskinstance.py:1309} INFO - Executing <Task(_PythonDecoratedOperator): greet> on 2021-11-06 00:00:00+00:00
[2023-04-06T13:54:41.552+0000] {standard_task_runner.py:55} INFO - Started process 5226 to run task
[2023-04-06T13:54:41.554+0000] {standard_task_runner.py:82} INFO - Running: ['***', 'tasks', 'run', 'dag_with_taskflow_api_v02', 'greet', 'scheduled__2021-11-06T00:00:00+00:00', '--job-id', '5079', '--raw', '--subdir', 'DAGS_FOLDER/dag_with_task_api.py', '--cfg-path', '/tmp/tmp6mdfgcbv']
[2023-04-06T13:54:41.556+0000] {standard_task_runner.py:83} INFO - Job 5079: Subtask greet
[2023-04-06T13:54:41.664+0000] {task_command.py:389} INFO - Running <TaskInstance: dag_with_taskflow_api_v02.greet scheduled__2021-11-06T00:00:00+00:00 [running]> on host f91656cee95b
[2023-04-06T13:54:41.863+0000] {taskinstance.py:1518} INFO - Exporting the following env vars:
AIRFLOW_CTX_DAG_OWNER=dejan
AIRFLOW_CTX_DAG_ID=dag_with_taskflow_api_v02
AIRFLOW_CTX_TASK_ID=greet
AIRFLOW_CTX_EXECUTION_DATE=2021-11-06T00:00:00+00:00
AIRFLOW_CTX_TRY_NUMBER=1
AIRFLOW_CTX_DAG_RUN_ID=scheduled__2021-11-06T00:00:00+00:00
[2023-04-06T13:54:41.864+0000] {logging_mixin.py:137} INFO - Hello World! My name is Dejan Zivanov and I am 19 years old.
[2023-04-06T13:54:41.865+0000] {python.py:177} INFO - Done. Returned value was: None
[2023-04-06T13:54:41.888+0000] {taskinstance.py:1332} INFO - Marking task as SUCCESS. dag_id=dag_with_taskflow_api_v02, task_id=greet, execution_date=20211106T000000, start_date=20230406T135441, end_date=20230406T135441
[2023-04-06T13:54:41.938+0000] {local_task_job.py:212} INFO - Task exited with return code 0
[2023-04-06T13:54:42.096+0000] {taskinstance.py:2596} INFO - 0 downstream tasks scheduled from follow-on schedule check
