[2023-04-05T16:38:12.732+0000] {taskinstance.py:1090} INFO - Dependencies all met for dep_context=non-requeueable deps ti=<TaskInstance: create_dag_with_python_operator_v02.greet scheduled__2022-01-09T00:00:00+00:00 [queued]>
[2023-04-05T16:38:12.744+0000] {taskinstance.py:1090} INFO - Dependencies all met for dep_context=requeueable deps ti=<TaskInstance: create_dag_with_python_operator_v02.greet scheduled__2022-01-09T00:00:00+00:00 [queued]>
[2023-04-05T16:38:12.744+0000] {taskinstance.py:1288} INFO - 
--------------------------------------------------------------------------------
[2023-04-05T16:38:12.745+0000] {taskinstance.py:1289} INFO - Starting attempt 1 of 6
[2023-04-05T16:38:12.745+0000] {taskinstance.py:1290} INFO - 
--------------------------------------------------------------------------------
[2023-04-05T16:38:12.768+0000] {taskinstance.py:1309} INFO - Executing <Task(PythonOperator): greet> on 2022-01-09 00:00:00+00:00
[2023-04-05T16:38:12.773+0000] {standard_task_runner.py:55} INFO - Started process 1009 to run task
[2023-04-05T16:38:12.775+0000] {standard_task_runner.py:82} INFO - Running: ['***', 'tasks', 'run', 'create_dag_with_python_operator_v02', 'greet', 'scheduled__2022-01-09T00:00:00+00:00', '--job-id', '2450', '--raw', '--subdir', 'DAGS_FOLDER/create_dag_with_python_operator.py', '--cfg-path', '/tmp/tmpiu656lue']
[2023-04-05T16:38:12.776+0000] {standard_task_runner.py:83} INFO - Job 2450: Subtask greet
[2023-04-05T16:38:12.872+0000] {task_command.py:389} INFO - Running <TaskInstance: create_dag_with_python_operator_v02.greet scheduled__2022-01-09T00:00:00+00:00 [running]> on host 5c67bb0a0ff3
[2023-04-05T16:38:13.022+0000] {taskinstance.py:1518} INFO - Exporting the following env vars:
AIRFLOW_CTX_DAG_OWNER=dejan
AIRFLOW_CTX_DAG_ID=create_dag_with_python_operator_v02
AIRFLOW_CTX_TASK_ID=greet
AIRFLOW_CTX_EXECUTION_DATE=2022-01-09T00:00:00+00:00
AIRFLOW_CTX_TRY_NUMBER=1
AIRFLOW_CTX_DAG_RUN_ID=scheduled__2022-01-09T00:00:00+00:00
[2023-04-05T16:38:13.023+0000] {logging_mixin.py:137} INFO - Hello World! Myname is Dejan,   and I am 30 years old.
[2023-04-05T16:38:13.023+0000] {python.py:177} INFO - Done. Returned value was: None
[2023-04-05T16:38:13.038+0000] {taskinstance.py:1332} INFO - Marking task as SUCCESS. dag_id=create_dag_with_python_operator_v02, task_id=greet, execution_date=20220109T000000, start_date=20230405T163812, end_date=20230405T163813
[2023-04-05T16:38:13.118+0000] {local_task_job.py:212} INFO - Task exited with return code 0
[2023-04-05T16:38:13.210+0000] {taskinstance.py:2596} INFO - 0 downstream tasks scheduled from follow-on schedule check
