[2023-04-05T12:50:29.793+0000] {taskinstance.py:1090} INFO - Dependencies all met for dep_context=non-requeueable deps ti=<TaskInstance: our_first_dag.first_task scheduled__2022-05-11T00:00:00+00:00 [queued]>
[2023-04-05T12:50:29.807+0000] {taskinstance.py:1090} INFO - Dependencies all met for dep_context=requeueable deps ti=<TaskInstance: our_first_dag.first_task scheduled__2022-05-11T00:00:00+00:00 [queued]>
[2023-04-05T12:50:29.808+0000] {taskinstance.py:1288} INFO - 
--------------------------------------------------------------------------------
[2023-04-05T12:50:29.808+0000] {taskinstance.py:1289} INFO - Starting attempt 1 of 6
[2023-04-05T12:50:29.808+0000] {taskinstance.py:1290} INFO - 
--------------------------------------------------------------------------------
[2023-04-05T12:50:29.840+0000] {taskinstance.py:1309} INFO - Executing <Task(BashOperator): first_task> on 2022-05-11 00:00:00+00:00
[2023-04-05T12:50:29.846+0000] {standard_task_runner.py:55} INFO - Started process 1896 to run task
[2023-04-05T12:50:29.849+0000] {standard_task_runner.py:82} INFO - Running: ['***', 'tasks', 'run', 'our_first_dag', 'first_task', 'scheduled__2022-05-11T00:00:00+00:00', '--job-id', '288', '--raw', '--subdir', 'DAGS_FOLDER/our_first_dag.py', '--cfg-path', '/tmp/tmpkylw8v_w']
[2023-04-05T12:50:29.852+0000] {standard_task_runner.py:83} INFO - Job 288: Subtask first_task
[2023-04-05T12:50:29.973+0000] {task_command.py:389} INFO - Running <TaskInstance: our_first_dag.first_task scheduled__2022-05-11T00:00:00+00:00 [running]> on host e3ca158aac6b
[2023-04-05T12:50:30.136+0000] {taskinstance.py:1518} INFO - Exporting the following env vars:
AIRFLOW_CTX_DAG_OWNER=dejan
AIRFLOW_CTX_DAG_ID=our_first_dag
AIRFLOW_CTX_TASK_ID=first_task
AIRFLOW_CTX_EXECUTION_DATE=2022-05-11T00:00:00+00:00
AIRFLOW_CTX_TRY_NUMBER=1
AIRFLOW_CTX_DAG_RUN_ID=scheduled__2022-05-11T00:00:00+00:00
[2023-04-05T12:50:30.137+0000] {subprocess.py:63} INFO - Tmp dir root location: 
 /tmp
[2023-04-05T12:50:30.138+0000] {subprocess.py:75} INFO - Running command: ['/bin/bash', '-c', 'echo Hello World, this is the first task']
[2023-04-05T12:50:30.153+0000] {subprocess.py:86} INFO - Output:
[2023-04-05T12:50:30.155+0000] {subprocess.py:93} INFO - Hello World, this is the first task
[2023-04-05T12:50:30.156+0000] {subprocess.py:97} INFO - Command exited with return code 0
[2023-04-05T12:50:30.217+0000] {taskinstance.py:1332} INFO - Marking task as SUCCESS. dag_id=our_first_dag, task_id=first_task, execution_date=20220511T000000, start_date=20230405T125029, end_date=20230405T125030
[2023-04-05T12:50:30.271+0000] {local_task_job.py:212} INFO - Task exited with return code 0
[2023-04-05T12:50:30.306+0000] {taskinstance.py:2596} INFO - 0 downstream tasks scheduled from follow-on schedule check
