[2023-04-06T13:49:14.084+0000] {taskinstance.py:1090} INFO - Dependencies all met for dep_context=non-requeueable deps ti=<TaskInstance: dag_with_taskflow_api_v01.get_name scheduled__2021-12-11T00:00:00+00:00 [queued]>
[2023-04-06T13:49:14.144+0000] {taskinstance.py:1090} INFO - Dependencies all met for dep_context=requeueable deps ti=<TaskInstance: dag_with_taskflow_api_v01.get_name scheduled__2021-12-11T00:00:00+00:00 [queued]>
[2023-04-06T13:49:14.145+0000] {taskinstance.py:1288} INFO - 
--------------------------------------------------------------------------------
[2023-04-06T13:49:14.145+0000] {taskinstance.py:1289} INFO - Starting attempt 1 of 6
[2023-04-06T13:49:14.145+0000] {taskinstance.py:1290} INFO - 
--------------------------------------------------------------------------------
[2023-04-06T13:49:14.230+0000] {taskinstance.py:1309} INFO - Executing <Task(_PythonDecoratedOperator): get_name> on 2021-12-11 00:00:00+00:00
[2023-04-06T13:49:14.237+0000] {standard_task_runner.py:55} INFO - Started process 2145 to run task
[2023-04-06T13:49:14.275+0000] {standard_task_runner.py:82} INFO - Running: ['***', 'tasks', 'run', 'dag_with_taskflow_api_v01', 'get_name', 'scheduled__2021-12-11T00:00:00+00:00', '--job-id', '4923', '--raw', '--subdir', 'DAGS_FOLDER/dag_with_task_api.py', '--cfg-path', '/tmp/tmp6ffrkycg']
[2023-04-06T13:49:14.277+0000] {standard_task_runner.py:83} INFO - Job 4923: Subtask get_name
[2023-04-06T13:49:14.675+0000] {task_command.py:389} INFO - Running <TaskInstance: dag_with_taskflow_api_v01.get_name scheduled__2021-12-11T00:00:00+00:00 [running]> on host f91656cee95b
[2023-04-06T13:49:15.162+0000] {taskinstance.py:1518} INFO - Exporting the following env vars:
AIRFLOW_CTX_DAG_OWNER=dejan
AIRFLOW_CTX_DAG_ID=dag_with_taskflow_api_v01
AIRFLOW_CTX_TASK_ID=get_name
AIRFLOW_CTX_EXECUTION_DATE=2021-12-11T00:00:00+00:00
AIRFLOW_CTX_TRY_NUMBER=1
AIRFLOW_CTX_DAG_RUN_ID=scheduled__2021-12-11T00:00:00+00:00
[2023-04-06T13:49:15.164+0000] {python.py:177} INFO - Done. Returned value was: Dejan
[2023-04-06T13:49:15.285+0000] {taskinstance.py:1332} INFO - Marking task as SUCCESS. dag_id=dag_with_taskflow_api_v01, task_id=get_name, execution_date=20211211T000000, start_date=20230406T134914, end_date=20230406T134915
[2023-04-06T13:49:15.395+0000] {local_task_job.py:212} INFO - Task exited with return code 0
[2023-04-06T13:49:15.678+0000] {taskinstance.py:2596} INFO - 1 downstream tasks scheduled from follow-on schedule check
