[2023-04-05T12:54:19.118+0000] {taskinstance.py:1090} INFO - Dependencies all met for dep_context=non-requeueable deps ti=<TaskInstance: our_first_dag_v2.first_task scheduled__2021-07-31T00:00:00+00:00 [queued]>
[2023-04-05T12:54:19.135+0000] {taskinstance.py:1090} INFO - Dependencies all met for dep_context=requeueable deps ti=<TaskInstance: our_first_dag_v2.first_task scheduled__2021-07-31T00:00:00+00:00 [queued]>
[2023-04-05T12:54:19.136+0000] {taskinstance.py:1288} INFO - 
--------------------------------------------------------------------------------
[2023-04-05T12:54:19.137+0000] {taskinstance.py:1289} INFO - Starting attempt 1 of 6
[2023-04-05T12:54:19.137+0000] {taskinstance.py:1290} INFO - 
--------------------------------------------------------------------------------
[2023-04-05T12:54:19.163+0000] {taskinstance.py:1309} INFO - Executing <Task(BashOperator): first_task> on 2021-07-31 00:00:00+00:00
[2023-04-05T12:54:19.169+0000] {standard_task_runner.py:55} INFO - Started process 3070 to run task
[2023-04-05T12:54:19.176+0000] {standard_task_runner.py:82} INFO - Running: ['***', 'tasks', 'run', 'our_first_dag_v2', 'first_task', 'scheduled__2021-07-31T00:00:00+00:00', '--job-id', '623', '--raw', '--subdir', 'DAGS_FOLDER/our_first_dag.py', '--cfg-path', '/tmp/tmparfq0ipu']
[2023-04-05T12:54:19.178+0000] {standard_task_runner.py:83} INFO - Job 623: Subtask first_task
[2023-04-05T12:54:19.315+0000] {task_command.py:389} INFO - Running <TaskInstance: our_first_dag_v2.first_task scheduled__2021-07-31T00:00:00+00:00 [running]> on host e3ca158aac6b
[2023-04-05T12:54:19.500+0000] {taskinstance.py:1518} INFO - Exporting the following env vars:
AIRFLOW_CTX_DAG_OWNER=dejan
AIRFLOW_CTX_DAG_ID=our_first_dag_v2
AIRFLOW_CTX_TASK_ID=first_task
AIRFLOW_CTX_EXECUTION_DATE=2021-07-31T00:00:00+00:00
AIRFLOW_CTX_TRY_NUMBER=1
AIRFLOW_CTX_DAG_RUN_ID=scheduled__2021-07-31T00:00:00+00:00
[2023-04-05T12:54:19.501+0000] {subprocess.py:63} INFO - Tmp dir root location: 
 /tmp
[2023-04-05T12:54:19.502+0000] {subprocess.py:75} INFO - Running command: ['/bin/bash', '-c', 'echo Hello World, this is the first task']
[2023-04-05T12:54:19.515+0000] {subprocess.py:86} INFO - Output:
[2023-04-05T12:54:19.517+0000] {subprocess.py:93} INFO - Hello World, this is the first task
[2023-04-05T12:54:19.518+0000] {subprocess.py:97} INFO - Command exited with return code 0
[2023-04-05T12:54:19.564+0000] {taskinstance.py:1332} INFO - Marking task as SUCCESS. dag_id=our_first_dag_v2, task_id=first_task, execution_date=20210731T000000, start_date=20230405T125419, end_date=20230405T125419
[2023-04-05T12:54:19.604+0000] {local_task_job.py:212} INFO - Task exited with return code 0
[2023-04-05T12:54:19.644+0000] {taskinstance.py:2596} INFO - 1 downstream tasks scheduled from follow-on schedule check
