[2023-04-05T12:56:31.613+0000] {taskinstance.py:1090} INFO - Dependencies all met for dep_context=non-requeueable deps ti=<TaskInstance: our_first_dag_v2.second_task scheduled__2022-01-16T00:00:00+00:00 [queued]>
[2023-04-05T12:56:31.629+0000] {taskinstance.py:1090} INFO - Dependencies all met for dep_context=requeueable deps ti=<TaskInstance: our_first_dag_v2.second_task scheduled__2022-01-16T00:00:00+00:00 [queued]>
[2023-04-05T12:56:31.629+0000] {taskinstance.py:1288} INFO - 
--------------------------------------------------------------------------------
[2023-04-05T12:56:31.629+0000] {taskinstance.py:1289} INFO - Starting attempt 1 of 6
[2023-04-05T12:56:31.629+0000] {taskinstance.py:1290} INFO - 
--------------------------------------------------------------------------------
[2023-04-05T12:56:31.658+0000] {taskinstance.py:1309} INFO - Executing <Task(BashOperator): second_task> on 2022-01-16 00:00:00+00:00
[2023-04-05T12:56:31.664+0000] {standard_task_runner.py:55} INFO - Started process 4162 to run task
[2023-04-05T12:56:31.666+0000] {standard_task_runner.py:82} INFO - Running: ['***', 'tasks', 'run', 'our_first_dag_v2', 'second_task', 'scheduled__2022-01-16T00:00:00+00:00', '--job-id', '967', '--raw', '--subdir', 'DAGS_FOLDER/our_first_dag.py', '--cfg-path', '/tmp/tmpg91o43zc']
[2023-04-05T12:56:31.669+0000] {standard_task_runner.py:83} INFO - Job 967: Subtask second_task
[2023-04-05T12:56:31.757+0000] {task_command.py:389} INFO - Running <TaskInstance: our_first_dag_v2.second_task scheduled__2022-01-16T00:00:00+00:00 [running]> on host e3ca158aac6b
[2023-04-05T12:56:31.880+0000] {taskinstance.py:1518} INFO - Exporting the following env vars:
AIRFLOW_CTX_DAG_OWNER=dejan
AIRFLOW_CTX_DAG_ID=our_first_dag_v2
AIRFLOW_CTX_TASK_ID=second_task
AIRFLOW_CTX_EXECUTION_DATE=2022-01-16T00:00:00+00:00
AIRFLOW_CTX_TRY_NUMBER=1
AIRFLOW_CTX_DAG_RUN_ID=scheduled__2022-01-16T00:00:00+00:00
[2023-04-05T12:56:31.881+0000] {subprocess.py:63} INFO - Tmp dir root location: 
 /tmp
[2023-04-05T12:56:31.882+0000] {subprocess.py:75} INFO - Running command: ['/bin/bash', '-c', 'echo Hey I am task2 and will be running after task1']
[2023-04-05T12:56:31.892+0000] {subprocess.py:86} INFO - Output:
[2023-04-05T12:56:31.895+0000] {subprocess.py:93} INFO - Hey I am task2 and will be running after task1
[2023-04-05T12:56:31.895+0000] {subprocess.py:97} INFO - Command exited with return code 0
[2023-04-05T12:56:31.926+0000] {taskinstance.py:1332} INFO - Marking task as SUCCESS. dag_id=our_first_dag_v2, task_id=second_task, execution_date=20220116T000000, start_date=20230405T125631, end_date=20230405T125631
[2023-04-05T12:56:31.963+0000] {local_task_job.py:212} INFO - Task exited with return code 0
[2023-04-05T12:56:31.987+0000] {taskinstance.py:2596} INFO - 0 downstream tasks scheduled from follow-on schedule check
