[2023-04-07T13:27:53.870+0000] {taskinstance.py:1090} INFO - Dependencies all met for dep_context=non-requeueable deps ti=<TaskInstance: dag_with_posgres_operator_v01.create_postgres_table manual__2023-04-07T13:26:45.672684+00:00 [queued]>
[2023-04-07T13:27:53.881+0000] {taskinstance.py:1090} INFO - Dependencies all met for dep_context=requeueable deps ti=<TaskInstance: dag_with_posgres_operator_v01.create_postgres_table manual__2023-04-07T13:26:45.672684+00:00 [queued]>
[2023-04-07T13:27:53.882+0000] {taskinstance.py:1288} INFO - 
--------------------------------------------------------------------------------
[2023-04-07T13:27:53.882+0000] {taskinstance.py:1289} INFO - Starting attempt 2 of 7
[2023-04-07T13:27:53.882+0000] {taskinstance.py:1290} INFO - 
--------------------------------------------------------------------------------
[2023-04-07T13:27:53.904+0000] {taskinstance.py:1309} INFO - Executing <Task(PostgresOperator): create_postgres_table> on 2023-04-07 13:26:45.672684+00:00
[2023-04-07T13:27:53.907+0000] {standard_task_runner.py:55} INFO - Started process 1176 to run task
[2023-04-07T13:27:53.909+0000] {standard_task_runner.py:82} INFO - Running: ['***', 'tasks', 'run', 'dag_with_posgres_operator_v01', 'create_postgres_table', 'manual__2023-04-07T13:26:45.672684+00:00', '--job-id', '6789', '--raw', '--subdir', 'DAGS_FOLDER/dag_with_postgres_operator.py', '--cfg-path', '/tmp/tmp309z8qi9']
[2023-04-07T13:27:53.910+0000] {standard_task_runner.py:83} INFO - Job 6789: Subtask create_postgres_table
[2023-04-07T13:27:53.958+0000] {task_command.py:389} INFO - Running <TaskInstance: dag_with_posgres_operator_v01.create_postgres_table manual__2023-04-07T13:26:45.672684+00:00 [running]> on host ce9c8327347b
[2023-04-07T13:27:54.040+0000] {taskinstance.py:1518} INFO - Exporting the following env vars:
AIRFLOW_CTX_DAG_OWNER=dejan
AIRFLOW_CTX_DAG_ID=dag_with_posgres_operator_v01
AIRFLOW_CTX_TASK_ID=create_postgres_table
AIRFLOW_CTX_EXECUTION_DATE=2023-04-07T13:26:45.672684+00:00
AIRFLOW_CTX_TRY_NUMBER=2
AIRFLOW_CTX_DAG_RUN_ID=manual__2023-04-07T13:26:45.672684+00:00
[2023-04-07T13:27:54.040+0000] {sql.py:254} INFO - Executing: 
            create table if not exist_dag_runs (
                dt date,
                dag_id character varying,
                primary key (dt, dag_id)
            )
        
[2023-04-07T13:27:54.047+0000] {base.py:73} INFO - Using connection ID 'postgres_localhost' for task execution.
[2023-04-07T13:27:54.363+0000] {base.py:73} INFO - Using connection ID 'postgres_localhost' for task execution.
[2023-04-07T13:27:59.381+0000] {taskinstance.py:1776} ERROR - Task failed with exception
Traceback (most recent call last):
  File "/home/airflow/.local/lib/python3.7/site-packages/airflow/providers/common/sql/operators/sql.py", line 266, in execute
    **extra_kwargs,
  File "/home/airflow/.local/lib/python3.7/site-packages/airflow/providers/common/sql/hooks/sql.py", line 342, in run
    with closing(self.get_conn()) as conn:
  File "/home/airflow/.local/lib/python3.7/site-packages/airflow/providers/postgres/hooks/postgres.py", line 144, in get_conn
    self.conn = psycopg2.connect(**conn_args)
  File "/home/airflow/.local/lib/python3.7/site-packages/psycopg2/__init__.py", line 122, in connect
    conn = _connect(dsn, connection_factory=connection_factory, **kwasync)
psycopg2.OperationalError: could not translate host name "host.docker.internal" to address: Name or service not known

[2023-04-07T13:27:59.389+0000] {taskinstance.py:1332} INFO - Marking task as UP_FOR_RETRY. dag_id=dag_with_posgres_operator_v01, task_id=create_postgres_table, execution_date=20230407T132645, start_date=20230407T132753, end_date=20230407T132759
[2023-04-07T13:27:59.400+0000] {standard_task_runner.py:105} ERROR - Failed to execute job 6789 for task create_postgres_table (could not translate host name "host.docker.internal" to address: Name or service not known
; 1176)
[2023-04-07T13:27:59.445+0000] {local_task_job.py:212} INFO - Task exited with return code 1
[2023-04-07T13:27:59.463+0000] {taskinstance.py:2596} INFO - 0 downstream tasks scheduled from follow-on schedule check
