[2023-04-07T13:34:32.215+0000] {taskinstance.py:1090} INFO - Dependencies all met for dep_context=non-requeueable deps ti=<TaskInstance: dag_with_posgres_operator_v01.create_postgres_table manual__2023-04-07T13:26:45.672684+00:00 [queued]>
[2023-04-07T13:34:32.224+0000] {taskinstance.py:1090} INFO - Dependencies all met for dep_context=requeueable deps ti=<TaskInstance: dag_with_posgres_operator_v01.create_postgres_table manual__2023-04-07T13:26:45.672684+00:00 [queued]>
[2023-04-07T13:34:32.224+0000] {taskinstance.py:1288} INFO - 
--------------------------------------------------------------------------------
[2023-04-07T13:34:32.224+0000] {taskinstance.py:1289} INFO - Starting attempt 4 of 8
[2023-04-07T13:34:32.224+0000] {taskinstance.py:1290} INFO - 
--------------------------------------------------------------------------------
[2023-04-07T13:34:32.244+0000] {taskinstance.py:1309} INFO - Executing <Task(PostgresOperator): create_postgres_table> on 2023-04-07 13:26:45.672684+00:00
[2023-04-07T13:34:32.247+0000] {standard_task_runner.py:55} INFO - Started process 1357 to run task
[2023-04-07T13:34:32.248+0000] {standard_task_runner.py:82} INFO - Running: ['***', 'tasks', 'run', 'dag_with_posgres_operator_v01', 'create_postgres_table', 'manual__2023-04-07T13:26:45.672684+00:00', '--job-id', '6801', '--raw', '--subdir', 'DAGS_FOLDER/dag_with_postgres_operator.py', '--cfg-path', '/tmp/tmpnxn93ei0']
[2023-04-07T13:34:32.249+0000] {standard_task_runner.py:83} INFO - Job 6801: Subtask create_postgres_table
[2023-04-07T13:34:32.302+0000] {task_command.py:389} INFO - Running <TaskInstance: dag_with_posgres_operator_v01.create_postgres_table manual__2023-04-07T13:26:45.672684+00:00 [running]> on host ce9c8327347b
[2023-04-07T13:34:32.401+0000] {taskinstance.py:1518} INFO - Exporting the following env vars:
AIRFLOW_CTX_DAG_OWNER=dejan
AIRFLOW_CTX_DAG_ID=dag_with_posgres_operator_v01
AIRFLOW_CTX_TASK_ID=create_postgres_table
AIRFLOW_CTX_EXECUTION_DATE=2023-04-07T13:26:45.672684+00:00
AIRFLOW_CTX_TRY_NUMBER=4
AIRFLOW_CTX_DAG_RUN_ID=manual__2023-04-07T13:26:45.672684+00:00
[2023-04-07T13:34:32.402+0000] {sql.py:254} INFO - Executing: 
            create table if not exists dag_runs (
                dt date,
                dag_id character varying,
                primary key (dt, dag_id)
            )
        
[2023-04-07T13:34:32.411+0000] {base.py:73} INFO - Using connection ID 'postgres_localhost' for task execution.
[2023-04-07T13:34:32.777+0000] {base.py:73} INFO - Using connection ID 'postgres_localhost' for task execution.
[2023-04-07T13:34:32.780+0000] {sql.py:375} INFO - Running statement: 
            create table if not exists dag_runs (
                dt date,
                dag_id character varying,
                primary key (dt, dag_id)
            )
        , parameters: None
[2023-04-07T13:34:32.793+0000] {taskinstance.py:1332} INFO - Marking task as SUCCESS. dag_id=dag_with_posgres_operator_v01, task_id=create_postgres_table, execution_date=20230407T132645, start_date=20230407T133432, end_date=20230407T133432
[2023-04-07T13:34:32.839+0000] {local_task_job.py:212} INFO - Task exited with return code 0
[2023-04-07T13:34:32.860+0000] {taskinstance.py:2596} INFO - 0 downstream tasks scheduled from follow-on schedule check
