[2023-04-05T16:41:33.093+0000] {taskinstance.py:1090} INFO - Dependencies all met for dep_context=non-requeueable deps ti=<TaskInstance: create_dag_with_python_operator_v02.greet scheduled__2023-01-16T00:00:00+00:00 [queued]>
[2023-04-05T16:41:33.112+0000] {taskinstance.py:1090} INFO - Dependencies all met for dep_context=requeueable deps ti=<TaskInstance: create_dag_with_python_operator_v02.greet scheduled__2023-01-16T00:00:00+00:00 [queued]>
[2023-04-05T16:41:33.112+0000] {taskinstance.py:1288} INFO - 
--------------------------------------------------------------------------------
[2023-04-05T16:41:33.112+0000] {taskinstance.py:1289} INFO - Starting attempt 1 of 6
[2023-04-05T16:41:33.112+0000] {taskinstance.py:1290} INFO - 
--------------------------------------------------------------------------------
[2023-04-05T16:41:33.140+0000] {taskinstance.py:1309} INFO - Executing <Task(PythonOperator): greet> on 2023-01-16 00:00:00+00:00
[2023-04-05T16:41:33.146+0000] {standard_task_runner.py:55} INFO - Started process 1838 to run task
[2023-04-05T16:41:33.149+0000] {standard_task_runner.py:82} INFO - Running: ['***', 'tasks', 'run', 'create_dag_with_python_operator_v02', 'greet', 'scheduled__2023-01-16T00:00:00+00:00', '--job-id', '2822', '--raw', '--subdir', 'DAGS_FOLDER/create_dag_with_python_operator.py', '--cfg-path', '/tmp/tmpsr05s2_m']
[2023-04-05T16:41:33.151+0000] {standard_task_runner.py:83} INFO - Job 2822: Subtask greet
[2023-04-05T16:41:33.277+0000] {task_command.py:389} INFO - Running <TaskInstance: create_dag_with_python_operator_v02.greet scheduled__2023-01-16T00:00:00+00:00 [running]> on host 5c67bb0a0ff3
[2023-04-05T16:41:33.467+0000] {taskinstance.py:1518} INFO - Exporting the following env vars:
AIRFLOW_CTX_DAG_OWNER=dejan
AIRFLOW_CTX_DAG_ID=create_dag_with_python_operator_v02
AIRFLOW_CTX_TASK_ID=greet
AIRFLOW_CTX_EXECUTION_DATE=2023-01-16T00:00:00+00:00
AIRFLOW_CTX_TRY_NUMBER=1
AIRFLOW_CTX_DAG_RUN_ID=scheduled__2023-01-16T00:00:00+00:00
[2023-04-05T16:41:33.468+0000] {logging_mixin.py:137} INFO - Hello World! Myname is Dejan,   and I am 30 years old.
[2023-04-05T16:41:33.468+0000] {python.py:177} INFO - Done. Returned value was: None
[2023-04-05T16:41:33.500+0000] {taskinstance.py:1332} INFO - Marking task as SUCCESS. dag_id=create_dag_with_python_operator_v02, task_id=greet, execution_date=20230116T000000, start_date=20230405T164133, end_date=20230405T164133
[2023-04-05T16:41:33.574+0000] {local_task_job.py:212} INFO - Task exited with return code 0
[2023-04-05T16:41:33.610+0000] {taskinstance.py:2596} INFO - 0 downstream tasks scheduled from follow-on schedule check
