[2023-04-06T14:05:26.451+0000] {taskinstance.py:1090} INFO - Dependencies all met for dep_context=non-requeueable deps ti=<TaskInstance: dag_with_taskflow_api_v02.get_name scheduled__2023-02-08T00:00:00+00:00 [queued]>
[2023-04-06T14:05:26.514+0000] {taskinstance.py:1090} INFO - Dependencies all met for dep_context=requeueable deps ti=<TaskInstance: dag_with_taskflow_api_v02.get_name scheduled__2023-02-08T00:00:00+00:00 [queued]>
[2023-04-06T14:05:26.515+0000] {taskinstance.py:1288} INFO - 
--------------------------------------------------------------------------------
[2023-04-06T14:05:26.515+0000] {taskinstance.py:1289} INFO - Starting attempt 1 of 6
[2023-04-06T14:05:26.515+0000] {taskinstance.py:1290} INFO - 
--------------------------------------------------------------------------------
[2023-04-06T14:05:27.247+0000] {taskinstance.py:1309} INFO - Executing <Task(_PythonDecoratedOperator): get_name> on 2023-02-08 00:00:00+00:00
[2023-04-06T14:05:27.275+0000] {standard_task_runner.py:55} INFO - Started process 14059 to run task
[2023-04-06T14:05:27.308+0000] {standard_task_runner.py:82} INFO - Running: ['***', 'tasks', 'run', 'dag_with_taskflow_api_v02', 'get_name', 'scheduled__2023-02-08T00:00:00+00:00', '--job-id', '6444', '--raw', '--subdir', 'DAGS_FOLDER/dag_with_task_api.py', '--cfg-path', '/tmp/tmprd4mxlpn']
[2023-04-06T14:05:27.309+0000] {standard_task_runner.py:83} INFO - Job 6444: Subtask get_name
[2023-04-06T14:05:27.645+0000] {task_command.py:389} INFO - Running <TaskInstance: dag_with_taskflow_api_v02.get_name scheduled__2023-02-08T00:00:00+00:00 [running]> on host f91656cee95b
[2023-04-06T14:05:28.076+0000] {taskinstance.py:1518} INFO - Exporting the following env vars:
AIRFLOW_CTX_DAG_OWNER=dejan
AIRFLOW_CTX_DAG_ID=dag_with_taskflow_api_v02
AIRFLOW_CTX_TASK_ID=get_name
AIRFLOW_CTX_EXECUTION_DATE=2023-02-08T00:00:00+00:00
AIRFLOW_CTX_TRY_NUMBER=1
AIRFLOW_CTX_DAG_RUN_ID=scheduled__2023-02-08T00:00:00+00:00
[2023-04-06T14:05:28.080+0000] {python.py:177} INFO - Done. Returned value was: {'first_name': 'Dejan', 'last_name': 'Zivanov'}
[2023-04-06T14:05:28.267+0000] {taskinstance.py:1332} INFO - Marking task as SUCCESS. dag_id=dag_with_taskflow_api_v02, task_id=get_name, execution_date=20230208T000000, start_date=20230406T140526, end_date=20230406T140528
[2023-04-06T14:05:28.402+0000] {local_task_job.py:212} INFO - Task exited with return code 0
[2023-04-06T14:05:28.606+0000] {taskinstance.py:2596} INFO - 0 downstream tasks scheduled from follow-on schedule check
