[2023-04-10T14:33:06.634+0000] {processor.py:153} INFO - Started process (PID=167) to work on /opt/airflow/dags/dag_with_minio_s3.py
[2023-04-10T14:33:06.635+0000] {processor.py:743} INFO - Processing file /opt/airflow/dags/dag_with_minio_s3.py for tasks to queue
[2023-04-10T14:33:06.636+0000] {logging_mixin.py:137} INFO - [2023-04-10T14:33:06.636+0000] {dagbag.py:532} INFO - Filling up the DagBag from /opt/airflow/dags/dag_with_minio_s3.py
[2023-04-10T14:33:06.799+0000] {processor.py:753} INFO - DAG(s) dict_keys(['dag_minion_s3_v03']) retrieved from /opt/airflow/dags/dag_with_minio_s3.py
[2023-04-10T14:33:06.875+0000] {logging_mixin.py:137} INFO - [2023-04-10T14:33:06.875+0000] {dag.py:2705} INFO - Sync 1 DAGs
[2023-04-10T14:33:06.911+0000] {logging_mixin.py:137} INFO - [2023-04-10T14:33:06.911+0000] {dag.py:3456} INFO - Setting next_dagrun for dag_minion_s3_v03 to 2023-04-07T00:00:00+00:00, run_after=2023-04-08T00:00:00+00:00
[2023-04-10T14:33:06.926+0000] {processor.py:175} INFO - Processing /opt/airflow/dags/dag_with_minio_s3.py took 0.294 seconds
[2023-04-10T14:33:37.000+0000] {processor.py:153} INFO - Started process (PID=428) to work on /opt/airflow/dags/dag_with_minio_s3.py
[2023-04-10T14:33:37.001+0000] {processor.py:743} INFO - Processing file /opt/airflow/dags/dag_with_minio_s3.py for tasks to queue
[2023-04-10T14:33:37.001+0000] {logging_mixin.py:137} INFO - [2023-04-10T14:33:37.001+0000] {dagbag.py:532} INFO - Filling up the DagBag from /opt/airflow/dags/dag_with_minio_s3.py
[2023-04-10T14:33:37.105+0000] {processor.py:753} INFO - DAG(s) dict_keys(['dag_minion_s3_v03']) retrieved from /opt/airflow/dags/dag_with_minio_s3.py
[2023-04-10T14:33:37.124+0000] {logging_mixin.py:137} INFO - [2023-04-10T14:33:37.124+0000] {dag.py:2705} INFO - Sync 1 DAGs
[2023-04-10T14:33:37.156+0000] {logging_mixin.py:137} INFO - [2023-04-10T14:33:37.156+0000] {dag.py:3456} INFO - Setting next_dagrun for dag_minion_s3_v03 to 2023-04-10T00:00:00+00:00, run_after=2023-04-11T00:00:00+00:00
[2023-04-10T14:33:37.171+0000] {processor.py:175} INFO - Processing /opt/airflow/dags/dag_with_minio_s3.py took 0.173 seconds
[2023-04-10T14:34:07.519+0000] {processor.py:153} INFO - Started process (PID=641) to work on /opt/airflow/dags/dag_with_minio_s3.py
[2023-04-10T14:34:07.519+0000] {processor.py:743} INFO - Processing file /opt/airflow/dags/dag_with_minio_s3.py for tasks to queue
[2023-04-10T14:34:07.520+0000] {logging_mixin.py:137} INFO - [2023-04-10T14:34:07.519+0000] {dagbag.py:532} INFO - Filling up the DagBag from /opt/airflow/dags/dag_with_minio_s3.py
[2023-04-10T14:34:07.623+0000] {processor.py:753} INFO - DAG(s) dict_keys(['dag_minion_s3_v03']) retrieved from /opt/airflow/dags/dag_with_minio_s3.py
[2023-04-10T14:34:07.642+0000] {logging_mixin.py:137} INFO - [2023-04-10T14:34:07.641+0000] {dag.py:2705} INFO - Sync 1 DAGs
[2023-04-10T14:34:07.676+0000] {logging_mixin.py:137} INFO - [2023-04-10T14:34:07.676+0000] {dag.py:3456} INFO - Setting next_dagrun for dag_minion_s3_v03 to 2023-04-10T00:00:00+00:00, run_after=2023-04-11T00:00:00+00:00
[2023-04-10T14:34:07.691+0000] {processor.py:175} INFO - Processing /opt/airflow/dags/dag_with_minio_s3.py took 0.175 seconds
[2023-04-10T14:34:38.113+0000] {processor.py:153} INFO - Started process (PID=865) to work on /opt/airflow/dags/dag_with_minio_s3.py
[2023-04-10T14:34:38.114+0000] {processor.py:743} INFO - Processing file /opt/airflow/dags/dag_with_minio_s3.py for tasks to queue
[2023-04-10T14:34:38.114+0000] {logging_mixin.py:137} INFO - [2023-04-10T14:34:38.114+0000] {dagbag.py:532} INFO - Filling up the DagBag from /opt/airflow/dags/dag_with_minio_s3.py
[2023-04-10T14:34:38.219+0000] {processor.py:753} INFO - DAG(s) dict_keys(['dag_minion_s3_v03']) retrieved from /opt/airflow/dags/dag_with_minio_s3.py
[2023-04-10T14:34:38.243+0000] {logging_mixin.py:137} INFO - [2023-04-10T14:34:38.242+0000] {dag.py:2705} INFO - Sync 1 DAGs
[2023-04-10T14:34:38.279+0000] {logging_mixin.py:137} INFO - [2023-04-10T14:34:38.279+0000] {dag.py:3456} INFO - Setting next_dagrun for dag_minion_s3_v03 to 2023-04-10T00:00:00+00:00, run_after=2023-04-11T00:00:00+00:00
[2023-04-10T14:34:38.295+0000] {processor.py:175} INFO - Processing /opt/airflow/dags/dag_with_minio_s3.py took 0.184 seconds
[2023-04-10T14:35:08.785+0000] {processor.py:153} INFO - Started process (PID=1088) to work on /opt/airflow/dags/dag_with_minio_s3.py
[2023-04-10T14:35:08.786+0000] {processor.py:743} INFO - Processing file /opt/airflow/dags/dag_with_minio_s3.py for tasks to queue
[2023-04-10T14:35:08.786+0000] {logging_mixin.py:137} INFO - [2023-04-10T14:35:08.786+0000] {dagbag.py:532} INFO - Filling up the DagBag from /opt/airflow/dags/dag_with_minio_s3.py
[2023-04-10T14:35:08.898+0000] {processor.py:753} INFO - DAG(s) dict_keys(['dag_minion_s3_v03']) retrieved from /opt/airflow/dags/dag_with_minio_s3.py
[2023-04-10T14:35:08.920+0000] {logging_mixin.py:137} INFO - [2023-04-10T14:35:08.919+0000] {dag.py:2705} INFO - Sync 1 DAGs
[2023-04-10T14:35:08.954+0000] {logging_mixin.py:137} INFO - [2023-04-10T14:35:08.954+0000] {dag.py:3456} INFO - Setting next_dagrun for dag_minion_s3_v03 to 2023-04-10T00:00:00+00:00, run_after=2023-04-11T00:00:00+00:00
[2023-04-10T14:35:08.972+0000] {processor.py:175} INFO - Processing /opt/airflow/dags/dag_with_minio_s3.py took 0.190 seconds
[2023-04-10T14:35:39.627+0000] {processor.py:153} INFO - Started process (PID=1311) to work on /opt/airflow/dags/dag_with_minio_s3.py
[2023-04-10T14:35:39.627+0000] {processor.py:743} INFO - Processing file /opt/airflow/dags/dag_with_minio_s3.py for tasks to queue
[2023-04-10T14:35:39.628+0000] {logging_mixin.py:137} INFO - [2023-04-10T14:35:39.628+0000] {dagbag.py:532} INFO - Filling up the DagBag from /opt/airflow/dags/dag_with_minio_s3.py
[2023-04-10T14:35:39.758+0000] {processor.py:753} INFO - DAG(s) dict_keys(['dag_minion_s3_v03']) retrieved from /opt/airflow/dags/dag_with_minio_s3.py
[2023-04-10T14:35:39.814+0000] {logging_mixin.py:137} INFO - [2023-04-10T14:35:39.814+0000] {dag.py:2705} INFO - Sync 1 DAGs
[2023-04-10T14:35:39.852+0000] {logging_mixin.py:137} INFO - [2023-04-10T14:35:39.852+0000] {dag.py:3456} INFO - Setting next_dagrun for dag_minion_s3_v03 to 2023-04-10T00:00:00+00:00, run_after=2023-04-11T00:00:00+00:00
[2023-04-10T14:35:39.873+0000] {processor.py:175} INFO - Processing /opt/airflow/dags/dag_with_minio_s3.py took 0.248 seconds
