[2023-04-05T13:08:24.897+0000] {taskinstance.py:1090} INFO - Dependencies all met for dep_context=non-requeueable deps ti=<TaskInstance: our_first_dag_v5.first_task scheduled__2021-08-15T00:00:00+00:00 [queued]>
[2023-04-05T13:08:24.941+0000] {taskinstance.py:1090} INFO - Dependencies all met for dep_context=requeueable deps ti=<TaskInstance: our_first_dag_v5.first_task scheduled__2021-08-15T00:00:00+00:00 [queued]>
[2023-04-05T13:08:24.941+0000] {taskinstance.py:1288} INFO - 
--------------------------------------------------------------------------------
[2023-04-05T13:08:24.941+0000] {taskinstance.py:1289} INFO - Starting attempt 1 of 6
[2023-04-05T13:08:24.941+0000] {taskinstance.py:1290} INFO - 
--------------------------------------------------------------------------------
[2023-04-05T13:08:25.031+0000] {taskinstance.py:1309} INFO - Executing <Task(BashOperator): first_task> on 2021-08-15 00:00:00+00:00
[2023-04-05T13:08:25.047+0000] {standard_task_runner.py:55} INFO - Started process 7308 to run task
[2023-04-05T13:08:25.053+0000] {standard_task_runner.py:82} INFO - Running: ['***', 'tasks', 'run', 'our_first_dag_v5', 'first_task', 'scheduled__2021-08-15T00:00:00+00:00', '--job-id', '1907', '--raw', '--subdir', 'DAGS_FOLDER/our_first_dag.py', '--cfg-path', '/tmp/tmp7lv6by41']
[2023-04-05T13:08:25.058+0000] {standard_task_runner.py:83} INFO - Job 1907: Subtask first_task
[2023-04-05T13:08:25.387+0000] {task_command.py:389} INFO - Running <TaskInstance: our_first_dag_v5.first_task scheduled__2021-08-15T00:00:00+00:00 [running]> on host e3ca158aac6b
[2023-04-05T13:08:25.732+0000] {taskinstance.py:1518} INFO - Exporting the following env vars:
AIRFLOW_CTX_DAG_OWNER=dejan
AIRFLOW_CTX_DAG_ID=our_first_dag_v5
AIRFLOW_CTX_TASK_ID=first_task
AIRFLOW_CTX_EXECUTION_DATE=2021-08-15T00:00:00+00:00
AIRFLOW_CTX_TRY_NUMBER=1
AIRFLOW_CTX_DAG_RUN_ID=scheduled__2021-08-15T00:00:00+00:00
[2023-04-05T13:08:25.737+0000] {subprocess.py:63} INFO - Tmp dir root location: 
 /tmp
[2023-04-05T13:08:25.738+0000] {subprocess.py:75} INFO - Running command: ['/bin/bash', '-c', 'echo Hello World, this is the first task']
[2023-04-05T13:08:25.792+0000] {subprocess.py:86} INFO - Output:
[2023-04-05T13:08:25.801+0000] {subprocess.py:93} INFO - Hello World, this is the first task
[2023-04-05T13:08:25.803+0000] {subprocess.py:97} INFO - Command exited with return code 0
[2023-04-05T13:08:26.000+0000] {taskinstance.py:1332} INFO - Marking task as SUCCESS. dag_id=our_first_dag_v5, task_id=first_task, execution_date=20210815T000000, start_date=20230405T130824, end_date=20230405T130826
[2023-04-05T13:08:26.363+0000] {local_task_job.py:212} INFO - Task exited with return code 0
[2023-04-05T13:08:26.477+0000] {taskinstance.py:2596} INFO - 2 downstream tasks scheduled from follow-on schedule check
