[2023-04-06T13:15:45.169+0000] {taskinstance.py:1090} INFO - Dependencies all met for dep_context=non-requeueable deps ti=<TaskInstance: create_dag_with_python_operator_v05.greet manual__2023-04-06T13:15:42.417410+00:00 [queued]>
[2023-04-06T13:15:45.183+0000] {taskinstance.py:1090} INFO - Dependencies all met for dep_context=requeueable deps ti=<TaskInstance: create_dag_with_python_operator_v05.greet manual__2023-04-06T13:15:42.417410+00:00 [queued]>
[2023-04-06T13:15:45.183+0000] {taskinstance.py:1288} INFO - 
--------------------------------------------------------------------------------
[2023-04-06T13:15:45.184+0000] {taskinstance.py:1289} INFO - Starting attempt 1 of 6
[2023-04-06T13:15:45.184+0000] {taskinstance.py:1290} INFO - 
--------------------------------------------------------------------------------
[2023-04-06T13:15:45.220+0000] {taskinstance.py:1309} INFO - Executing <Task(PythonOperator): greet> on 2023-04-06 13:15:42.417410+00:00
[2023-04-06T13:15:45.224+0000] {standard_task_runner.py:55} INFO - Started process 1381 to run task
[2023-04-06T13:15:45.228+0000] {standard_task_runner.py:82} INFO - Running: ['***', 'tasks', 'run', 'create_dag_with_python_operator_v05', 'greet', 'manual__2023-04-06T13:15:42.417410+00:00', '--job-id', '3249', '--raw', '--subdir', 'DAGS_FOLDER/create_dag_with_python_operator.py', '--cfg-path', '/tmp/tmpxq6826dw']
[2023-04-06T13:15:45.229+0000] {standard_task_runner.py:83} INFO - Job 3249: Subtask greet
[2023-04-06T13:15:45.303+0000] {task_command.py:389} INFO - Running <TaskInstance: create_dag_with_python_operator_v05.greet manual__2023-04-06T13:15:42.417410+00:00 [running]> on host 971eab773426
[2023-04-06T13:15:45.402+0000] {taskinstance.py:1518} INFO - Exporting the following env vars:
AIRFLOW_CTX_DAG_OWNER=dejan
AIRFLOW_CTX_DAG_ID=create_dag_with_python_operator_v05
AIRFLOW_CTX_TASK_ID=greet
AIRFLOW_CTX_EXECUTION_DATE=2023-04-06T13:15:42.417410+00:00
AIRFLOW_CTX_TRY_NUMBER=1
AIRFLOW_CTX_DAG_RUN_ID=manual__2023-04-06T13:15:42.417410+00:00
[2023-04-06T13:15:45.403+0000] {taskinstance.py:1776} ERROR - Task failed with exception
Traceback (most recent call last):
  File "/home/airflow/.local/lib/python3.7/site-packages/airflow/operators/python.py", line 175, in execute
    return_value = self.execute_callable()
  File "/home/airflow/.local/lib/python3.7/site-packages/airflow/operators/python.py", line 192, in execute_callable
    return self.python_callable(*self.op_args, **self.op_kwargs)
  File "/opt/airflow/dags/create_dag_with_python_operator.py", line 13, in greet
    first_name = ti.xcom_pull(task_ids = 'get_name', key_ = 'first_name')
  File "/home/airflow/.local/lib/python3.7/site-packages/airflow/utils/session.py", line 75, in wrapper
    return func(*args, session=session, **kwargs)
TypeError: xcom_pull() got an unexpected keyword argument 'key_'
[2023-04-06T13:15:45.411+0000] {taskinstance.py:1332} INFO - Marking task as UP_FOR_RETRY. dag_id=create_dag_with_python_operator_v05, task_id=greet, execution_date=20230406T131542, start_date=20230406T131545, end_date=20230406T131545
[2023-04-06T13:15:45.424+0000] {standard_task_runner.py:105} ERROR - Failed to execute job 3249 for task greet (xcom_pull() got an unexpected keyword argument 'key_'; 1381)
[2023-04-06T13:15:45.446+0000] {local_task_job.py:212} INFO - Task exited with return code 1
[2023-04-06T13:15:45.470+0000] {taskinstance.py:2596} INFO - 0 downstream tasks scheduled from follow-on schedule check
