[2023-04-06T13:29:12.840+0000] {taskinstance.py:1090} INFO - Dependencies all met for dep_context=non-requeueable deps ti=<TaskInstance: create_dag_with_python_operator_v06.greet scheduled__2021-10-21T00:00:00+00:00 [queued]>
[2023-04-06T13:29:12.890+0000] {taskinstance.py:1090} INFO - Dependencies all met for dep_context=requeueable deps ti=<TaskInstance: create_dag_with_python_operator_v06.greet scheduled__2021-10-21T00:00:00+00:00 [queued]>
[2023-04-06T13:29:12.890+0000] {taskinstance.py:1288} INFO - 
--------------------------------------------------------------------------------
[2023-04-06T13:29:12.890+0000] {taskinstance.py:1289} INFO - Starting attempt 1 of 6
[2023-04-06T13:29:12.890+0000] {taskinstance.py:1290} INFO - 
--------------------------------------------------------------------------------
[2023-04-06T13:29:12.962+0000] {taskinstance.py:1309} INFO - Executing <Task(PythonOperator): greet> on 2021-10-21 00:00:00+00:00
[2023-04-06T13:29:12.968+0000] {standard_task_runner.py:55} INFO - Started process 3337 to run task
[2023-04-06T13:29:13.006+0000] {standard_task_runner.py:82} INFO - Running: ['***', 'tasks', 'run', 'create_dag_with_python_operator_v06', 'greet', 'scheduled__2021-10-21T00:00:00+00:00', '--job-id', '4004', '--raw', '--subdir', 'DAGS_FOLDER/create_dag_with_python_operator.py', '--cfg-path', '/tmp/tmp3u97qejm']
[2023-04-06T13:29:13.008+0000] {standard_task_runner.py:83} INFO - Job 4004: Subtask greet
[2023-04-06T13:29:13.313+0000] {task_command.py:389} INFO - Running <TaskInstance: create_dag_with_python_operator_v06.greet scheduled__2021-10-21T00:00:00+00:00 [running]> on host 971eab773426
[2023-04-06T13:29:13.527+0000] {taskinstance.py:1518} INFO - Exporting the following env vars:
AIRFLOW_CTX_DAG_OWNER=dejan
AIRFLOW_CTX_DAG_ID=create_dag_with_python_operator_v06
AIRFLOW_CTX_TASK_ID=greet
AIRFLOW_CTX_EXECUTION_DATE=2021-10-21T00:00:00+00:00
AIRFLOW_CTX_TRY_NUMBER=1
AIRFLOW_CTX_DAG_RUN_ID=scheduled__2021-10-21T00:00:00+00:00
[2023-04-06T13:29:13.616+0000] {logging_mixin.py:137} INFO - Hello World! Myname is Dejan Zivanov,   and I am 31 years old.
[2023-04-06T13:29:13.617+0000] {python.py:177} INFO - Done. Returned value was: None
[2023-04-06T13:29:13.646+0000] {taskinstance.py:1332} INFO - Marking task as SUCCESS. dag_id=create_dag_with_python_operator_v06, task_id=greet, execution_date=20211021T000000, start_date=20230406T132912, end_date=20230406T132913
[2023-04-06T13:29:13.721+0000] {local_task_job.py:212} INFO - Task exited with return code 0
[2023-04-06T13:29:13.759+0000] {taskinstance.py:2596} INFO - 0 downstream tasks scheduled from follow-on schedule check
