[2023-04-05T12:58:44.477+0000] {taskinstance.py:1090} INFO - Dependencies all met for dep_context=non-requeueable deps ti=<TaskInstance: our_first_dag_v2.third_task scheduled__2022-06-06T00:00:00+00:00 [queued]>
[2023-04-05T12:58:44.521+0000] {taskinstance.py:1090} INFO - Dependencies all met for dep_context=requeueable deps ti=<TaskInstance: our_first_dag_v2.third_task scheduled__2022-06-06T00:00:00+00:00 [queued]>
[2023-04-05T12:58:44.521+0000] {taskinstance.py:1288} INFO - 
--------------------------------------------------------------------------------
[2023-04-05T12:58:44.522+0000] {taskinstance.py:1289} INFO - Starting attempt 1 of 6
[2023-04-05T12:58:44.522+0000] {taskinstance.py:1290} INFO - 
--------------------------------------------------------------------------------
[2023-04-05T12:58:44.659+0000] {taskinstance.py:1309} INFO - Executing <Task(BashOperator): third_task> on 2022-06-06 00:00:00+00:00
[2023-04-05T12:58:44.667+0000] {standard_task_runner.py:55} INFO - Started process 5080 to run task
[2023-04-05T12:58:44.673+0000] {standard_task_runner.py:82} INFO - Running: ['***', 'tasks', 'run', 'our_first_dag_v2', 'third_task', 'scheduled__2022-06-06T00:00:00+00:00', '--job-id', '1240', '--raw', '--subdir', 'DAGS_FOLDER/our_first_dag.py', '--cfg-path', '/tmp/tmp_ll65sjs']
[2023-04-05T12:58:44.674+0000] {standard_task_runner.py:83} INFO - Job 1240: Subtask third_task
[2023-04-05T12:58:44.856+0000] {task_command.py:389} INFO - Running <TaskInstance: our_first_dag_v2.third_task scheduled__2022-06-06T00:00:00+00:00 [running]> on host e3ca158aac6b
[2023-04-05T12:58:45.209+0000] {taskinstance.py:1518} INFO - Exporting the following env vars:
AIRFLOW_CTX_DAG_OWNER=dejan
AIRFLOW_CTX_DAG_ID=our_first_dag_v2
AIRFLOW_CTX_TASK_ID=third_task
AIRFLOW_CTX_EXECUTION_DATE=2022-06-06T00:00:00+00:00
AIRFLOW_CTX_TRY_NUMBER=1
AIRFLOW_CTX_DAG_RUN_ID=scheduled__2022-06-06T00:00:00+00:00
[2023-04-05T12:58:45.210+0000] {subprocess.py:63} INFO - Tmp dir root location: 
 /tmp
[2023-04-05T12:58:45.210+0000] {subprocess.py:75} INFO - Running command: ['/bin/bash', '-c', 'echo Hey I am task3 and will be running after task1 at the same time as task2']
[2023-04-05T12:58:45.234+0000] {subprocess.py:86} INFO - Output:
[2023-04-05T12:58:45.237+0000] {subprocess.py:93} INFO - Hey I am task3 and will be running after task1 at the same time as task2
[2023-04-05T12:58:45.237+0000] {subprocess.py:97} INFO - Command exited with return code 0
[2023-04-05T12:58:45.306+0000] {taskinstance.py:1332} INFO - Marking task as SUCCESS. dag_id=our_first_dag_v2, task_id=third_task, execution_date=20220606T000000, start_date=20230405T125844, end_date=20230405T125845
[2023-04-05T12:58:45.382+0000] {local_task_job.py:212} INFO - Task exited with return code 0
[2023-04-05T12:58:45.418+0000] {taskinstance.py:2596} INFO - 0 downstream tasks scheduled from follow-on schedule check
