[2023-04-07T13:39:35.698+0000] {taskinstance.py:1090} INFO - Dependencies all met for dep_context=non-requeueable deps ti=<TaskInstance: dag_with_posgres_operator_v02.insert_into_table manual__2023-04-07T13:37:59.666084+00:00 [queued]>
[2023-04-07T13:39:35.714+0000] {taskinstance.py:1090} INFO - Dependencies all met for dep_context=requeueable deps ti=<TaskInstance: dag_with_posgres_operator_v02.insert_into_table manual__2023-04-07T13:37:59.666084+00:00 [queued]>
[2023-04-07T13:39:35.715+0000] {taskinstance.py:1288} INFO - 
--------------------------------------------------------------------------------
[2023-04-07T13:39:35.715+0000] {taskinstance.py:1289} INFO - Starting attempt 2 of 7
[2023-04-07T13:39:35.715+0000] {taskinstance.py:1290} INFO - 
--------------------------------------------------------------------------------
[2023-04-07T13:39:35.740+0000] {taskinstance.py:1309} INFO - Executing <Task(PostgresOperator): insert_into_table> on 2023-04-07 13:37:59.666084+00:00
[2023-04-07T13:39:35.744+0000] {standard_task_runner.py:55} INFO - Started process 1653 to run task
[2023-04-07T13:39:35.746+0000] {standard_task_runner.py:82} INFO - Running: ['***', 'tasks', 'run', 'dag_with_posgres_operator_v02', 'insert_into_table', 'manual__2023-04-07T13:37:59.666084+00:00', '--job-id', '6822', '--raw', '--subdir', 'DAGS_FOLDER/dag_with_postgres_operator.py', '--cfg-path', '/tmp/tmpy39btogg']
[2023-04-07T13:39:35.747+0000] {standard_task_runner.py:83} INFO - Job 6822: Subtask insert_into_table
[2023-04-07T13:39:35.809+0000] {task_command.py:389} INFO - Running <TaskInstance: dag_with_posgres_operator_v02.insert_into_table manual__2023-04-07T13:37:59.666084+00:00 [running]> on host ce9c8327347b
[2023-04-07T13:39:35.911+0000] {taskinstance.py:1518} INFO - Exporting the following env vars:
AIRFLOW_CTX_DAG_OWNER=dejan
AIRFLOW_CTX_DAG_ID=dag_with_posgres_operator_v02
AIRFLOW_CTX_TASK_ID=insert_into_table
AIRFLOW_CTX_EXECUTION_DATE=2023-04-07T13:37:59.666084+00:00
AIRFLOW_CTX_TRY_NUMBER=2
AIRFLOW_CTX_DAG_RUN_ID=manual__2023-04-07T13:37:59.666084+00:00
[2023-04-07T13:39:35.911+0000] {sql.py:254} INFO - Executing: 
            insert into dag_runs (dt, dag_id) values ('2023-04-07', 'dag_with_posgres_operator_v02')
        
[2023-04-07T13:39:35.921+0000] {base.py:73} INFO - Using connection ID 'postgres_localhost' for task execution.
[2023-04-07T13:39:36.262+0000] {base.py:73} INFO - Using connection ID 'postgres_localhost' for task execution.
[2023-04-07T13:39:36.264+0000] {sql.py:375} INFO - Running statement: 
            insert into dag_runs (dt, dag_id) values ('2023-04-07', 'dag_with_posgres_operator_v02')
        , parameters: None
[2023-04-07T13:39:36.267+0000] {sql.py:384} INFO - Rows affected: 1
[2023-04-07T13:39:36.282+0000] {taskinstance.py:1332} INFO - Marking task as SUCCESS. dag_id=dag_with_posgres_operator_v02, task_id=insert_into_table, execution_date=20230407T133759, start_date=20230407T133935, end_date=20230407T133936
[2023-04-07T13:39:36.329+0000] {local_task_job.py:212} INFO - Task exited with return code 0
[2023-04-07T13:39:36.349+0000] {taskinstance.py:2596} INFO - 0 downstream tasks scheduled from follow-on schedule check
