[2023-04-06T13:57:13.081+0000] {taskinstance.py:1090} INFO - Dependencies all met for dep_context=non-requeueable deps ti=<TaskInstance: dag_with_taskflow_api_v02.get_name scheduled__2022-02-26T00:00:00+00:00 [queued]>
[2023-04-06T13:57:13.127+0000] {taskinstance.py:1090} INFO - Dependencies all met for dep_context=requeueable deps ti=<TaskInstance: dag_with_taskflow_api_v02.get_name scheduled__2022-02-26T00:00:00+00:00 [queued]>
[2023-04-06T13:57:13.127+0000] {taskinstance.py:1288} INFO - 
--------------------------------------------------------------------------------
[2023-04-06T13:57:13.129+0000] {taskinstance.py:1289} INFO - Starting attempt 1 of 6
[2023-04-06T13:57:13.129+0000] {taskinstance.py:1290} INFO - 
--------------------------------------------------------------------------------
[2023-04-06T13:57:13.157+0000] {taskinstance.py:1309} INFO - Executing <Task(_PythonDecoratedOperator): get_name> on 2022-02-26 00:00:00+00:00
[2023-04-06T13:57:13.165+0000] {standard_task_runner.py:55} INFO - Started process 7341 to run task
[2023-04-06T13:57:13.195+0000] {standard_task_runner.py:82} INFO - Running: ['***', 'tasks', 'run', 'dag_with_taskflow_api_v02', 'get_name', 'scheduled__2022-02-26T00:00:00+00:00', '--job-id', '5407', '--raw', '--subdir', 'DAGS_FOLDER/dag_with_task_api.py', '--cfg-path', '/tmp/tmpc_rn6y_k']
[2023-04-06T13:57:13.197+0000] {standard_task_runner.py:83} INFO - Job 5407: Subtask get_name
[2023-04-06T13:57:13.416+0000] {task_command.py:389} INFO - Running <TaskInstance: dag_with_taskflow_api_v02.get_name scheduled__2022-02-26T00:00:00+00:00 [running]> on host f91656cee95b
[2023-04-06T13:57:13.752+0000] {taskinstance.py:1518} INFO - Exporting the following env vars:
AIRFLOW_CTX_DAG_OWNER=dejan
AIRFLOW_CTX_DAG_ID=dag_with_taskflow_api_v02
AIRFLOW_CTX_TASK_ID=get_name
AIRFLOW_CTX_EXECUTION_DATE=2022-02-26T00:00:00+00:00
AIRFLOW_CTX_TRY_NUMBER=1
AIRFLOW_CTX_DAG_RUN_ID=scheduled__2022-02-26T00:00:00+00:00
[2023-04-06T13:57:13.754+0000] {python.py:177} INFO - Done. Returned value was: {'first_name': 'Dejan', 'last_name': 'Zivanov'}
[2023-04-06T13:57:13.919+0000] {taskinstance.py:1332} INFO - Marking task as SUCCESS. dag_id=dag_with_taskflow_api_v02, task_id=get_name, execution_date=20220226T000000, start_date=20230406T135713, end_date=20230406T135713
[2023-04-06T13:57:14.061+0000] {local_task_job.py:212} INFO - Task exited with return code 0
[2023-04-06T13:57:14.243+0000] {taskinstance.py:2596} INFO - 1 downstream tasks scheduled from follow-on schedule check
