[2023-04-05T13:02:12.333+0000] {taskinstance.py:1090} INFO - Dependencies all met for dep_context=non-requeueable deps ti=<TaskInstance: our_first_dag_v3.third_task scheduled__2021-10-04T00:00:00+00:00 [queued]>
[2023-04-05T13:02:12.373+0000] {taskinstance.py:1090} INFO - Dependencies all met for dep_context=requeueable deps ti=<TaskInstance: our_first_dag_v3.third_task scheduled__2021-10-04T00:00:00+00:00 [queued]>
[2023-04-05T13:02:12.376+0000] {taskinstance.py:1288} INFO - 
--------------------------------------------------------------------------------
[2023-04-05T13:02:12.377+0000] {taskinstance.py:1289} INFO - Starting attempt 1 of 6
[2023-04-05T13:02:12.377+0000] {taskinstance.py:1290} INFO - 
--------------------------------------------------------------------------------
[2023-04-05T13:02:12.445+0000] {taskinstance.py:1309} INFO - Executing <Task(BashOperator): third_task> on 2021-10-04 00:00:00+00:00
[2023-04-05T13:02:12.459+0000] {standard_task_runner.py:55} INFO - Started process 5949 to run task
[2023-04-05T13:02:12.464+0000] {standard_task_runner.py:82} INFO - Running: ['***', 'tasks', 'run', 'our_first_dag_v3', 'third_task', 'scheduled__2021-10-04T00:00:00+00:00', '--job-id', '1503', '--raw', '--subdir', 'DAGS_FOLDER/our_first_dag.py', '--cfg-path', '/tmp/tmpt920kfqk']
[2023-04-05T13:02:12.465+0000] {standard_task_runner.py:83} INFO - Job 1503: Subtask third_task
[2023-04-05T13:02:12.678+0000] {task_command.py:389} INFO - Running <TaskInstance: our_first_dag_v3.third_task scheduled__2021-10-04T00:00:00+00:00 [running]> on host e3ca158aac6b
[2023-04-05T13:02:12.889+0000] {taskinstance.py:1518} INFO - Exporting the following env vars:
AIRFLOW_CTX_DAG_OWNER=dejan
AIRFLOW_CTX_DAG_ID=our_first_dag_v3
AIRFLOW_CTX_TASK_ID=third_task
AIRFLOW_CTX_EXECUTION_DATE=2021-10-04T00:00:00+00:00
AIRFLOW_CTX_TRY_NUMBER=1
AIRFLOW_CTX_DAG_RUN_ID=scheduled__2021-10-04T00:00:00+00:00
[2023-04-05T13:02:12.891+0000] {subprocess.py:63} INFO - Tmp dir root location: 
 /tmp
[2023-04-05T13:02:12.891+0000] {subprocess.py:75} INFO - Running command: ['/bin/bash', '-c', 'echo Hey I am task3 and will be running after task1 at the same time as task2']
[2023-04-05T13:02:12.915+0000] {subprocess.py:86} INFO - Output:
[2023-04-05T13:02:12.918+0000] {subprocess.py:93} INFO - Hey I am task3 and will be running after task1 at the same time as task2
[2023-04-05T13:02:12.919+0000] {subprocess.py:97} INFO - Command exited with return code 0
[2023-04-05T13:02:12.968+0000] {taskinstance.py:1332} INFO - Marking task as SUCCESS. dag_id=our_first_dag_v3, task_id=third_task, execution_date=20211004T000000, start_date=20230405T130212, end_date=20230405T130212
[2023-04-05T13:02:13.020+0000] {local_task_job.py:212} INFO - Task exited with return code 0
[2023-04-05T13:02:13.065+0000] {taskinstance.py:2596} INFO - 0 downstream tasks scheduled from follow-on schedule check
