[2023-04-10T14:33:09.185+0000] {processor.py:153} INFO - Started process (PID=297) to work on /home/airflow/.local/lib/python3.7/site-packages/airflow/example_dags/example_subdag_operator.py
[2023-04-10T14:33:09.186+0000] {processor.py:743} INFO - Processing file /home/airflow/.local/lib/python3.7/site-packages/airflow/example_dags/example_subdag_operator.py for tasks to queue
[2023-04-10T14:33:09.187+0000] {logging_mixin.py:137} INFO - [2023-04-10T14:33:09.187+0000] {dagbag.py:532} INFO - Filling up the DagBag from /home/airflow/.local/lib/python3.7/site-packages/airflow/example_dags/example_subdag_operator.py
[2023-04-10T14:33:09.368+0000] {processor.py:753} INFO - DAG(s) dict_keys(['example_subdag_operator.section-1', 'example_subdag_operator.section-2', 'example_subdag_operator']) retrieved from /home/airflow/.local/lib/python3.7/site-packages/airflow/example_dags/example_subdag_operator.py
[2023-04-10T14:33:09.437+0000] {logging_mixin.py:137} INFO - [2023-04-10T14:33:09.436+0000] {dag.py:2705} INFO - Sync 3 DAGs
[2023-04-10T14:33:09.605+0000] {logging_mixin.py:137} INFO - [2023-04-10T14:33:09.605+0000] {dag.py:3456} INFO - Setting next_dagrun for example_subdag_operator to 2022-01-01T00:00:00+00:00, run_after=2022-01-01T00:00:00+00:00
[2023-04-10T14:33:09.621+0000] {logging_mixin.py:137} INFO - [2023-04-10T14:33:09.620+0000] {dag.py:3456} INFO - Setting next_dagrun for example_subdag_operator.section-1 to None, run_after=None
[2023-04-10T14:33:09.623+0000] {logging_mixin.py:137} INFO - [2023-04-10T14:33:09.622+0000] {dag.py:3456} INFO - Setting next_dagrun for example_subdag_operator.section-2 to None, run_after=None
[2023-04-10T14:33:09.658+0000] {logging_mixin.py:137} INFO - [2023-04-10T14:33:09.658+0000] {dag.py:2705} INFO - Sync 2 DAGs
[2023-04-10T14:33:09.710+0000] {logging_mixin.py:137} INFO - [2023-04-10T14:33:09.710+0000] {dag.py:3456} INFO - Setting next_dagrun for example_subdag_operator.section-1 to None, run_after=None
[2023-04-10T14:33:09.711+0000] {logging_mixin.py:137} INFO - [2023-04-10T14:33:09.711+0000] {dag.py:3456} INFO - Setting next_dagrun for example_subdag_operator.section-2 to None, run_after=None
[2023-04-10T14:33:09.759+0000] {processor.py:175} INFO - Processing /home/airflow/.local/lib/python3.7/site-packages/airflow/example_dags/example_subdag_operator.py took 0.577 seconds
[2023-04-10T14:33:40.350+0000] {processor.py:153} INFO - Started process (PID=538) to work on /home/airflow/.local/lib/python3.7/site-packages/airflow/example_dags/example_subdag_operator.py
[2023-04-10T14:33:40.350+0000] {processor.py:743} INFO - Processing file /home/airflow/.local/lib/python3.7/site-packages/airflow/example_dags/example_subdag_operator.py for tasks to queue
[2023-04-10T14:33:40.351+0000] {logging_mixin.py:137} INFO - [2023-04-10T14:33:40.351+0000] {dagbag.py:532} INFO - Filling up the DagBag from /home/airflow/.local/lib/python3.7/site-packages/airflow/example_dags/example_subdag_operator.py
[2023-04-10T14:33:40.379+0000] {processor.py:753} INFO - DAG(s) dict_keys(['example_subdag_operator.section-1', 'example_subdag_operator.section-2', 'example_subdag_operator']) retrieved from /home/airflow/.local/lib/python3.7/site-packages/airflow/example_dags/example_subdag_operator.py
[2023-04-10T14:33:40.403+0000] {logging_mixin.py:137} INFO - [2023-04-10T14:33:40.403+0000] {dag.py:2705} INFO - Sync 3 DAGs
[2023-04-10T14:33:40.437+0000] {logging_mixin.py:137} INFO - [2023-04-10T14:33:40.437+0000] {dag.py:3456} INFO - Setting next_dagrun for example_subdag_operator to 2022-01-01T00:00:00+00:00, run_after=2022-01-01T00:00:00+00:00
[2023-04-10T14:33:40.441+0000] {logging_mixin.py:137} INFO - [2023-04-10T14:33:40.441+0000] {dag.py:3456} INFO - Setting next_dagrun for example_subdag_operator.section-1 to None, run_after=None
[2023-04-10T14:33:40.442+0000] {logging_mixin.py:137} INFO - [2023-04-10T14:33:40.442+0000] {dag.py:3456} INFO - Setting next_dagrun for example_subdag_operator.section-2 to None, run_after=None
[2023-04-10T14:33:40.450+0000] {logging_mixin.py:137} INFO - [2023-04-10T14:33:40.450+0000] {dag.py:2705} INFO - Sync 2 DAGs
[2023-04-10T14:33:40.457+0000] {logging_mixin.py:137} INFO - [2023-04-10T14:33:40.457+0000] {dag.py:3456} INFO - Setting next_dagrun for example_subdag_operator.section-1 to None, run_after=None
[2023-04-10T14:33:40.457+0000] {logging_mixin.py:137} INFO - [2023-04-10T14:33:40.457+0000] {dag.py:3456} INFO - Setting next_dagrun for example_subdag_operator.section-2 to None, run_after=None
[2023-04-10T14:33:40.467+0000] {processor.py:175} INFO - Processing /home/airflow/.local/lib/python3.7/site-packages/airflow/example_dags/example_subdag_operator.py took 0.119 seconds
[2023-04-10T14:34:10.915+0000] {processor.py:153} INFO - Started process (PID=761) to work on /home/airflow/.local/lib/python3.7/site-packages/airflow/example_dags/example_subdag_operator.py
[2023-04-10T14:34:10.915+0000] {processor.py:743} INFO - Processing file /home/airflow/.local/lib/python3.7/site-packages/airflow/example_dags/example_subdag_operator.py for tasks to queue
[2023-04-10T14:34:10.916+0000] {logging_mixin.py:137} INFO - [2023-04-10T14:34:10.916+0000] {dagbag.py:532} INFO - Filling up the DagBag from /home/airflow/.local/lib/python3.7/site-packages/airflow/example_dags/example_subdag_operator.py
[2023-04-10T14:34:10.944+0000] {processor.py:753} INFO - DAG(s) dict_keys(['example_subdag_operator.section-1', 'example_subdag_operator.section-2', 'example_subdag_operator']) retrieved from /home/airflow/.local/lib/python3.7/site-packages/airflow/example_dags/example_subdag_operator.py
[2023-04-10T14:34:10.967+0000] {logging_mixin.py:137} INFO - [2023-04-10T14:34:10.967+0000] {dag.py:2705} INFO - Sync 3 DAGs
[2023-04-10T14:34:11.005+0000] {logging_mixin.py:137} INFO - [2023-04-10T14:34:11.005+0000] {dag.py:3456} INFO - Setting next_dagrun for example_subdag_operator to 2022-01-01T00:00:00+00:00, run_after=2022-01-01T00:00:00+00:00
[2023-04-10T14:34:11.010+0000] {logging_mixin.py:137} INFO - [2023-04-10T14:34:11.009+0000] {dag.py:3456} INFO - Setting next_dagrun for example_subdag_operator.section-1 to None, run_after=None
[2023-04-10T14:34:11.011+0000] {logging_mixin.py:137} INFO - [2023-04-10T14:34:11.011+0000] {dag.py:3456} INFO - Setting next_dagrun for example_subdag_operator.section-2 to None, run_after=None
[2023-04-10T14:34:11.019+0000] {logging_mixin.py:137} INFO - [2023-04-10T14:34:11.019+0000] {dag.py:2705} INFO - Sync 2 DAGs
[2023-04-10T14:34:11.026+0000] {logging_mixin.py:137} INFO - [2023-04-10T14:34:11.026+0000] {dag.py:3456} INFO - Setting next_dagrun for example_subdag_operator.section-1 to None, run_after=None
[2023-04-10T14:34:11.027+0000] {logging_mixin.py:137} INFO - [2023-04-10T14:34:11.027+0000] {dag.py:3456} INFO - Setting next_dagrun for example_subdag_operator.section-2 to None, run_after=None
[2023-04-10T14:34:11.038+0000] {processor.py:175} INFO - Processing /home/airflow/.local/lib/python3.7/site-packages/airflow/example_dags/example_subdag_operator.py took 0.125 seconds
[2023-04-10T14:34:41.669+0000] {processor.py:153} INFO - Started process (PID=985) to work on /home/airflow/.local/lib/python3.7/site-packages/airflow/example_dags/example_subdag_operator.py
[2023-04-10T14:34:41.670+0000] {processor.py:743} INFO - Processing file /home/airflow/.local/lib/python3.7/site-packages/airflow/example_dags/example_subdag_operator.py for tasks to queue
[2023-04-10T14:34:41.670+0000] {logging_mixin.py:137} INFO - [2023-04-10T14:34:41.670+0000] {dagbag.py:532} INFO - Filling up the DagBag from /home/airflow/.local/lib/python3.7/site-packages/airflow/example_dags/example_subdag_operator.py
[2023-04-10T14:34:41.696+0000] {processor.py:753} INFO - DAG(s) dict_keys(['example_subdag_operator.section-1', 'example_subdag_operator.section-2', 'example_subdag_operator']) retrieved from /home/airflow/.local/lib/python3.7/site-packages/airflow/example_dags/example_subdag_operator.py
[2023-04-10T14:34:41.718+0000] {logging_mixin.py:137} INFO - [2023-04-10T14:34:41.718+0000] {dag.py:2705} INFO - Sync 3 DAGs
[2023-04-10T14:34:41.748+0000] {logging_mixin.py:137} INFO - [2023-04-10T14:34:41.748+0000] {dag.py:3456} INFO - Setting next_dagrun for example_subdag_operator to 2022-01-01T00:00:00+00:00, run_after=2022-01-01T00:00:00+00:00
[2023-04-10T14:34:41.751+0000] {logging_mixin.py:137} INFO - [2023-04-10T14:34:41.751+0000] {dag.py:3456} INFO - Setting next_dagrun for example_subdag_operator.section-1 to None, run_after=None
[2023-04-10T14:34:41.752+0000] {logging_mixin.py:137} INFO - [2023-04-10T14:34:41.752+0000] {dag.py:3456} INFO - Setting next_dagrun for example_subdag_operator.section-2 to None, run_after=None
[2023-04-10T14:34:41.758+0000] {logging_mixin.py:137} INFO - [2023-04-10T14:34:41.758+0000] {dag.py:2705} INFO - Sync 2 DAGs
[2023-04-10T14:34:41.764+0000] {logging_mixin.py:137} INFO - [2023-04-10T14:34:41.764+0000] {dag.py:3456} INFO - Setting next_dagrun for example_subdag_operator.section-1 to None, run_after=None
[2023-04-10T14:34:41.764+0000] {logging_mixin.py:137} INFO - [2023-04-10T14:34:41.764+0000] {dag.py:3456} INFO - Setting next_dagrun for example_subdag_operator.section-2 to None, run_after=None
[2023-04-10T14:34:41.772+0000] {processor.py:175} INFO - Processing /home/airflow/.local/lib/python3.7/site-packages/airflow/example_dags/example_subdag_operator.py took 0.105 seconds
[2023-04-10T14:35:12.511+0000] {processor.py:153} INFO - Started process (PID=1208) to work on /home/airflow/.local/lib/python3.7/site-packages/airflow/example_dags/example_subdag_operator.py
[2023-04-10T14:35:12.511+0000] {processor.py:743} INFO - Processing file /home/airflow/.local/lib/python3.7/site-packages/airflow/example_dags/example_subdag_operator.py for tasks to queue
[2023-04-10T14:35:12.512+0000] {logging_mixin.py:137} INFO - [2023-04-10T14:35:12.512+0000] {dagbag.py:532} INFO - Filling up the DagBag from /home/airflow/.local/lib/python3.7/site-packages/airflow/example_dags/example_subdag_operator.py
[2023-04-10T14:35:12.538+0000] {processor.py:753} INFO - DAG(s) dict_keys(['example_subdag_operator.section-1', 'example_subdag_operator.section-2', 'example_subdag_operator']) retrieved from /home/airflow/.local/lib/python3.7/site-packages/airflow/example_dags/example_subdag_operator.py
[2023-04-10T14:35:12.558+0000] {logging_mixin.py:137} INFO - [2023-04-10T14:35:12.558+0000] {dag.py:2705} INFO - Sync 3 DAGs
[2023-04-10T14:35:12.588+0000] {logging_mixin.py:137} INFO - [2023-04-10T14:35:12.588+0000] {dag.py:3456} INFO - Setting next_dagrun for example_subdag_operator to 2022-01-01T00:00:00+00:00, run_after=2022-01-01T00:00:00+00:00
[2023-04-10T14:35:12.592+0000] {logging_mixin.py:137} INFO - [2023-04-10T14:35:12.592+0000] {dag.py:3456} INFO - Setting next_dagrun for example_subdag_operator.section-1 to None, run_after=None
[2023-04-10T14:35:12.593+0000] {logging_mixin.py:137} INFO - [2023-04-10T14:35:12.593+0000] {dag.py:3456} INFO - Setting next_dagrun for example_subdag_operator.section-2 to None, run_after=None
[2023-04-10T14:35:12.601+0000] {logging_mixin.py:137} INFO - [2023-04-10T14:35:12.601+0000] {dag.py:2705} INFO - Sync 2 DAGs
[2023-04-10T14:35:12.607+0000] {logging_mixin.py:137} INFO - [2023-04-10T14:35:12.607+0000] {dag.py:3456} INFO - Setting next_dagrun for example_subdag_operator.section-1 to None, run_after=None
[2023-04-10T14:35:12.607+0000] {logging_mixin.py:137} INFO - [2023-04-10T14:35:12.607+0000] {dag.py:3456} INFO - Setting next_dagrun for example_subdag_operator.section-2 to None, run_after=None
[2023-04-10T14:35:12.614+0000] {processor.py:175} INFO - Processing /home/airflow/.local/lib/python3.7/site-packages/airflow/example_dags/example_subdag_operator.py took 0.105 seconds
[2023-04-10T14:35:43.224+0000] {processor.py:153} INFO - Started process (PID=1431) to work on /home/airflow/.local/lib/python3.7/site-packages/airflow/example_dags/example_subdag_operator.py
[2023-04-10T14:35:43.224+0000] {processor.py:743} INFO - Processing file /home/airflow/.local/lib/python3.7/site-packages/airflow/example_dags/example_subdag_operator.py for tasks to queue
[2023-04-10T14:35:43.225+0000] {logging_mixin.py:137} INFO - [2023-04-10T14:35:43.225+0000] {dagbag.py:532} INFO - Filling up the DagBag from /home/airflow/.local/lib/python3.7/site-packages/airflow/example_dags/example_subdag_operator.py
[2023-04-10T14:35:43.251+0000] {processor.py:753} INFO - DAG(s) dict_keys(['example_subdag_operator.section-1', 'example_subdag_operator.section-2', 'example_subdag_operator']) retrieved from /home/airflow/.local/lib/python3.7/site-packages/airflow/example_dags/example_subdag_operator.py
[2023-04-10T14:35:43.274+0000] {logging_mixin.py:137} INFO - [2023-04-10T14:35:43.274+0000] {dag.py:2705} INFO - Sync 3 DAGs
[2023-04-10T14:35:43.306+0000] {logging_mixin.py:137} INFO - [2023-04-10T14:35:43.306+0000] {dag.py:3456} INFO - Setting next_dagrun for example_subdag_operator to 2022-01-01T00:00:00+00:00, run_after=2022-01-01T00:00:00+00:00
[2023-04-10T14:35:43.309+0000] {logging_mixin.py:137} INFO - [2023-04-10T14:35:43.309+0000] {dag.py:3456} INFO - Setting next_dagrun for example_subdag_operator.section-1 to None, run_after=None
[2023-04-10T14:35:43.310+0000] {logging_mixin.py:137} INFO - [2023-04-10T14:35:43.310+0000] {dag.py:3456} INFO - Setting next_dagrun for example_subdag_operator.section-2 to None, run_after=None
[2023-04-10T14:35:43.318+0000] {logging_mixin.py:137} INFO - [2023-04-10T14:35:43.318+0000] {dag.py:2705} INFO - Sync 2 DAGs
[2023-04-10T14:35:43.324+0000] {logging_mixin.py:137} INFO - [2023-04-10T14:35:43.324+0000] {dag.py:3456} INFO - Setting next_dagrun for example_subdag_operator.section-1 to None, run_after=None
[2023-04-10T14:35:43.324+0000] {logging_mixin.py:137} INFO - [2023-04-10T14:35:43.324+0000] {dag.py:3456} INFO - Setting next_dagrun for example_subdag_operator.section-2 to None, run_after=None
[2023-04-10T14:35:43.332+0000] {processor.py:175} INFO - Processing /home/airflow/.local/lib/python3.7/site-packages/airflow/example_dags/example_subdag_operator.py took 0.111 seconds
