[2023-04-10T14:33:11.024+0000] {processor.py:153} INFO - Started process (PID=349) to work on /home/airflow/.local/lib/python3.7/site-packages/airflow/example_dags/example_datasets.py
[2023-04-10T14:33:11.025+0000] {processor.py:743} INFO - Processing file /home/airflow/.local/lib/python3.7/site-packages/airflow/example_dags/example_datasets.py for tasks to queue
[2023-04-10T14:33:11.025+0000] {logging_mixin.py:137} INFO - [2023-04-10T14:33:11.025+0000] {dagbag.py:532} INFO - Filling up the DagBag from /home/airflow/.local/lib/python3.7/site-packages/airflow/example_dags/example_datasets.py
[2023-04-10T14:33:11.051+0000] {processor.py:753} INFO - DAG(s) dict_keys(['dataset_consumes_1_never_scheduled', 'dataset_produces_2', 'dataset_produces_1', 'dataset_consumes_1_and_2', 'dataset_consumes_unknown_never_scheduled', 'dataset_consumes_1']) retrieved from /home/airflow/.local/lib/python3.7/site-packages/airflow/example_dags/example_datasets.py
[2023-04-10T14:33:11.329+0000] {logging_mixin.py:137} INFO - [2023-04-10T14:33:11.328+0000] {dag.py:2705} INFO - Sync 6 DAGs
[2023-04-10T14:33:11.468+0000] {logging_mixin.py:137} INFO - [2023-04-10T14:33:11.468+0000] {dag.py:3456} INFO - Setting next_dagrun for dataset_consumes_1 to None, run_after=None
[2023-04-10T14:33:11.473+0000] {logging_mixin.py:137} INFO - [2023-04-10T14:33:11.473+0000] {dag.py:3456} INFO - Setting next_dagrun for dataset_consumes_1_and_2 to None, run_after=None
[2023-04-10T14:33:11.482+0000] {logging_mixin.py:137} INFO - [2023-04-10T14:33:11.482+0000] {dag.py:3456} INFO - Setting next_dagrun for dataset_consumes_1_never_scheduled to None, run_after=None
[2023-04-10T14:33:11.485+0000] {logging_mixin.py:137} INFO - [2023-04-10T14:33:11.485+0000] {dag.py:3456} INFO - Setting next_dagrun for dataset_consumes_unknown_never_scheduled to None, run_after=None
[2023-04-10T14:33:11.490+0000] {logging_mixin.py:137} INFO - [2023-04-10T14:33:11.490+0000] {dag.py:3456} INFO - Setting next_dagrun for dataset_produces_1 to 2023-04-09T00:00:00+00:00, run_after=2023-04-10T00:00:00+00:00
[2023-04-10T14:33:11.492+0000] {logging_mixin.py:137} INFO - [2023-04-10T14:33:11.491+0000] {dag.py:3456} INFO - Setting next_dagrun for dataset_produces_2 to None, run_after=None
[2023-04-10T14:33:11.629+0000] {processor.py:175} INFO - Processing /home/airflow/.local/lib/python3.7/site-packages/airflow/example_dags/example_datasets.py took 0.608 seconds
[2023-04-10T14:33:41.904+0000] {processor.py:153} INFO - Started process (PID=581) to work on /home/airflow/.local/lib/python3.7/site-packages/airflow/example_dags/example_datasets.py
[2023-04-10T14:33:41.905+0000] {processor.py:743} INFO - Processing file /home/airflow/.local/lib/python3.7/site-packages/airflow/example_dags/example_datasets.py for tasks to queue
[2023-04-10T14:33:41.905+0000] {logging_mixin.py:137} INFO - [2023-04-10T14:33:41.905+0000] {dagbag.py:532} INFO - Filling up the DagBag from /home/airflow/.local/lib/python3.7/site-packages/airflow/example_dags/example_datasets.py
[2023-04-10T14:33:41.920+0000] {processor.py:753} INFO - DAG(s) dict_keys(['dataset_consumes_1_and_2', 'dataset_produces_1', 'dataset_produces_2', 'dataset_consumes_unknown_never_scheduled', 'dataset_consumes_1', 'dataset_consumes_1_never_scheduled']) retrieved from /home/airflow/.local/lib/python3.7/site-packages/airflow/example_dags/example_datasets.py
[2023-04-10T14:33:41.956+0000] {logging_mixin.py:137} INFO - [2023-04-10T14:33:41.956+0000] {dag.py:2705} INFO - Sync 6 DAGs
[2023-04-10T14:33:41.990+0000] {logging_mixin.py:137} INFO - [2023-04-10T14:33:41.989+0000] {dag.py:3456} INFO - Setting next_dagrun for dataset_consumes_1 to None, run_after=None
[2023-04-10T14:33:41.993+0000] {logging_mixin.py:137} INFO - [2023-04-10T14:33:41.993+0000] {dag.py:3456} INFO - Setting next_dagrun for dataset_consumes_1_and_2 to None, run_after=None
[2023-04-10T14:33:41.994+0000] {logging_mixin.py:137} INFO - [2023-04-10T14:33:41.994+0000] {dag.py:3456} INFO - Setting next_dagrun for dataset_consumes_1_never_scheduled to None, run_after=None
[2023-04-10T14:33:41.995+0000] {logging_mixin.py:137} INFO - [2023-04-10T14:33:41.995+0000] {dag.py:3456} INFO - Setting next_dagrun for dataset_consumes_unknown_never_scheduled to None, run_after=None
[2023-04-10T14:33:41.998+0000] {logging_mixin.py:137} INFO - [2023-04-10T14:33:41.998+0000] {dag.py:3456} INFO - Setting next_dagrun for dataset_produces_1 to 2023-04-09T00:00:00+00:00, run_after=2023-04-10T00:00:00+00:00
[2023-04-10T14:33:42.000+0000] {logging_mixin.py:137} INFO - [2023-04-10T14:33:41.999+0000] {dag.py:3456} INFO - Setting next_dagrun for dataset_produces_2 to None, run_after=None
[2023-04-10T14:33:42.027+0000] {processor.py:175} INFO - Processing /home/airflow/.local/lib/python3.7/site-packages/airflow/example_dags/example_datasets.py took 0.125 seconds
[2023-04-10T14:34:12.469+0000] {processor.py:153} INFO - Started process (PID=806) to work on /home/airflow/.local/lib/python3.7/site-packages/airflow/example_dags/example_datasets.py
[2023-04-10T14:34:12.470+0000] {processor.py:743} INFO - Processing file /home/airflow/.local/lib/python3.7/site-packages/airflow/example_dags/example_datasets.py for tasks to queue
[2023-04-10T14:34:12.470+0000] {logging_mixin.py:137} INFO - [2023-04-10T14:34:12.470+0000] {dagbag.py:532} INFO - Filling up the DagBag from /home/airflow/.local/lib/python3.7/site-packages/airflow/example_dags/example_datasets.py
[2023-04-10T14:34:12.484+0000] {processor.py:753} INFO - DAG(s) dict_keys(['dataset_consumes_unknown_never_scheduled', 'dataset_consumes_1', 'dataset_produces_2', 'dataset_consumes_1_never_scheduled', 'dataset_consumes_1_and_2', 'dataset_produces_1']) retrieved from /home/airflow/.local/lib/python3.7/site-packages/airflow/example_dags/example_datasets.py
[2023-04-10T14:34:12.522+0000] {logging_mixin.py:137} INFO - [2023-04-10T14:34:12.522+0000] {dag.py:2705} INFO - Sync 6 DAGs
[2023-04-10T14:34:12.553+0000] {logging_mixin.py:137} INFO - [2023-04-10T14:34:12.553+0000] {dag.py:3456} INFO - Setting next_dagrun for dataset_consumes_1 to None, run_after=None
[2023-04-10T14:34:12.557+0000] {logging_mixin.py:137} INFO - [2023-04-10T14:34:12.556+0000] {dag.py:3456} INFO - Setting next_dagrun for dataset_consumes_1_and_2 to None, run_after=None
[2023-04-10T14:34:12.557+0000] {logging_mixin.py:137} INFO - [2023-04-10T14:34:12.557+0000] {dag.py:3456} INFO - Setting next_dagrun for dataset_consumes_1_never_scheduled to None, run_after=None
[2023-04-10T14:34:12.558+0000] {logging_mixin.py:137} INFO - [2023-04-10T14:34:12.558+0000] {dag.py:3456} INFO - Setting next_dagrun for dataset_consumes_unknown_never_scheduled to None, run_after=None
[2023-04-10T14:34:12.561+0000] {logging_mixin.py:137} INFO - [2023-04-10T14:34:12.561+0000] {dag.py:3456} INFO - Setting next_dagrun for dataset_produces_1 to 2023-04-09T00:00:00+00:00, run_after=2023-04-10T00:00:00+00:00
[2023-04-10T14:34:12.562+0000] {logging_mixin.py:137} INFO - [2023-04-10T14:34:12.562+0000] {dag.py:3456} INFO - Setting next_dagrun for dataset_produces_2 to None, run_after=None
[2023-04-10T14:34:12.589+0000] {processor.py:175} INFO - Processing /home/airflow/.local/lib/python3.7/site-packages/airflow/example_dags/example_datasets.py took 0.123 seconds
[2023-04-10T14:34:43.221+0000] {processor.py:153} INFO - Started process (PID=1028) to work on /home/airflow/.local/lib/python3.7/site-packages/airflow/example_dags/example_datasets.py
[2023-04-10T14:34:43.221+0000] {processor.py:743} INFO - Processing file /home/airflow/.local/lib/python3.7/site-packages/airflow/example_dags/example_datasets.py for tasks to queue
[2023-04-10T14:34:43.221+0000] {logging_mixin.py:137} INFO - [2023-04-10T14:34:43.221+0000] {dagbag.py:532} INFO - Filling up the DagBag from /home/airflow/.local/lib/python3.7/site-packages/airflow/example_dags/example_datasets.py
[2023-04-10T14:34:43.237+0000] {processor.py:753} INFO - DAG(s) dict_keys(['dataset_consumes_1', 'dataset_produces_1', 'dataset_consumes_unknown_never_scheduled', 'dataset_consumes_1_and_2', 'dataset_consumes_1_never_scheduled', 'dataset_produces_2']) retrieved from /home/airflow/.local/lib/python3.7/site-packages/airflow/example_dags/example_datasets.py
[2023-04-10T14:34:43.276+0000] {logging_mixin.py:137} INFO - [2023-04-10T14:34:43.275+0000] {dag.py:2705} INFO - Sync 6 DAGs
[2023-04-10T14:34:43.311+0000] {logging_mixin.py:137} INFO - [2023-04-10T14:34:43.311+0000] {dag.py:3456} INFO - Setting next_dagrun for dataset_consumes_1 to None, run_after=None
[2023-04-10T14:34:43.315+0000] {logging_mixin.py:137} INFO - [2023-04-10T14:34:43.315+0000] {dag.py:3456} INFO - Setting next_dagrun for dataset_consumes_1_and_2 to None, run_after=None
[2023-04-10T14:34:43.316+0000] {logging_mixin.py:137} INFO - [2023-04-10T14:34:43.316+0000] {dag.py:3456} INFO - Setting next_dagrun for dataset_consumes_1_never_scheduled to None, run_after=None
[2023-04-10T14:34:43.317+0000] {logging_mixin.py:137} INFO - [2023-04-10T14:34:43.317+0000] {dag.py:3456} INFO - Setting next_dagrun for dataset_consumes_unknown_never_scheduled to None, run_after=None
[2023-04-10T14:34:43.320+0000] {logging_mixin.py:137} INFO - [2023-04-10T14:34:43.320+0000] {dag.py:3456} INFO - Setting next_dagrun for dataset_produces_1 to 2023-04-09T00:00:00+00:00, run_after=2023-04-10T00:00:00+00:00
[2023-04-10T14:34:43.321+0000] {logging_mixin.py:137} INFO - [2023-04-10T14:34:43.321+0000] {dag.py:3456} INFO - Setting next_dagrun for dataset_produces_2 to None, run_after=None
[2023-04-10T14:34:43.349+0000] {processor.py:175} INFO - Processing /home/airflow/.local/lib/python3.7/site-packages/airflow/example_dags/example_datasets.py took 0.134 seconds
[2023-04-10T14:35:14.055+0000] {processor.py:153} INFO - Started process (PID=1251) to work on /home/airflow/.local/lib/python3.7/site-packages/airflow/example_dags/example_datasets.py
[2023-04-10T14:35:14.056+0000] {processor.py:743} INFO - Processing file /home/airflow/.local/lib/python3.7/site-packages/airflow/example_dags/example_datasets.py for tasks to queue
[2023-04-10T14:35:14.056+0000] {logging_mixin.py:137} INFO - [2023-04-10T14:35:14.056+0000] {dagbag.py:532} INFO - Filling up the DagBag from /home/airflow/.local/lib/python3.7/site-packages/airflow/example_dags/example_datasets.py
[2023-04-10T14:35:14.073+0000] {processor.py:753} INFO - DAG(s) dict_keys(['dataset_produces_1', 'dataset_consumes_1_never_scheduled', 'dataset_consumes_1', 'dataset_produces_2', 'dataset_consumes_1_and_2', 'dataset_consumes_unknown_never_scheduled']) retrieved from /home/airflow/.local/lib/python3.7/site-packages/airflow/example_dags/example_datasets.py
[2023-04-10T14:35:14.112+0000] {logging_mixin.py:137} INFO - [2023-04-10T14:35:14.112+0000] {dag.py:2705} INFO - Sync 6 DAGs
[2023-04-10T14:35:14.149+0000] {logging_mixin.py:137} INFO - [2023-04-10T14:35:14.148+0000] {dag.py:3456} INFO - Setting next_dagrun for dataset_consumes_1 to None, run_after=None
[2023-04-10T14:35:14.152+0000] {logging_mixin.py:137} INFO - [2023-04-10T14:35:14.152+0000] {dag.py:3456} INFO - Setting next_dagrun for dataset_consumes_1_and_2 to None, run_after=None
[2023-04-10T14:35:14.154+0000] {logging_mixin.py:137} INFO - [2023-04-10T14:35:14.153+0000] {dag.py:3456} INFO - Setting next_dagrun for dataset_consumes_1_never_scheduled to None, run_after=None
[2023-04-10T14:35:14.154+0000] {logging_mixin.py:137} INFO - [2023-04-10T14:35:14.154+0000] {dag.py:3456} INFO - Setting next_dagrun for dataset_consumes_unknown_never_scheduled to None, run_after=None
[2023-04-10T14:35:14.157+0000] {logging_mixin.py:137} INFO - [2023-04-10T14:35:14.156+0000] {dag.py:3456} INFO - Setting next_dagrun for dataset_produces_1 to 2023-04-09T00:00:00+00:00, run_after=2023-04-10T00:00:00+00:00
[2023-04-10T14:35:14.158+0000] {logging_mixin.py:137} INFO - [2023-04-10T14:35:14.158+0000] {dag.py:3456} INFO - Setting next_dagrun for dataset_produces_2 to None, run_after=None
[2023-04-10T14:35:14.188+0000] {processor.py:175} INFO - Processing /home/airflow/.local/lib/python3.7/site-packages/airflow/example_dags/example_datasets.py took 0.135 seconds
[2023-04-10T14:35:44.804+0000] {processor.py:153} INFO - Started process (PID=1474) to work on /home/airflow/.local/lib/python3.7/site-packages/airflow/example_dags/example_datasets.py
[2023-04-10T14:35:44.805+0000] {processor.py:743} INFO - Processing file /home/airflow/.local/lib/python3.7/site-packages/airflow/example_dags/example_datasets.py for tasks to queue
[2023-04-10T14:35:44.805+0000] {logging_mixin.py:137} INFO - [2023-04-10T14:35:44.805+0000] {dagbag.py:532} INFO - Filling up the DagBag from /home/airflow/.local/lib/python3.7/site-packages/airflow/example_dags/example_datasets.py
[2023-04-10T14:35:44.820+0000] {processor.py:753} INFO - DAG(s) dict_keys(['dataset_produces_1', 'dataset_consumes_unknown_never_scheduled', 'dataset_consumes_1_never_scheduled', 'dataset_consumes_1_and_2', 'dataset_consumes_1', 'dataset_produces_2']) retrieved from /home/airflow/.local/lib/python3.7/site-packages/airflow/example_dags/example_datasets.py
[2023-04-10T14:35:44.861+0000] {logging_mixin.py:137} INFO - [2023-04-10T14:35:44.861+0000] {dag.py:2705} INFO - Sync 6 DAGs
[2023-04-10T14:35:44.899+0000] {logging_mixin.py:137} INFO - [2023-04-10T14:35:44.899+0000] {dag.py:3456} INFO - Setting next_dagrun for dataset_consumes_1 to None, run_after=None
[2023-04-10T14:35:44.903+0000] {logging_mixin.py:137} INFO - [2023-04-10T14:35:44.903+0000] {dag.py:3456} INFO - Setting next_dagrun for dataset_consumes_1_and_2 to None, run_after=None
[2023-04-10T14:35:44.904+0000] {logging_mixin.py:137} INFO - [2023-04-10T14:35:44.904+0000] {dag.py:3456} INFO - Setting next_dagrun for dataset_consumes_1_never_scheduled to None, run_after=None
[2023-04-10T14:35:44.907+0000] {logging_mixin.py:137} INFO - [2023-04-10T14:35:44.907+0000] {dag.py:3456} INFO - Setting next_dagrun for dataset_consumes_unknown_never_scheduled to None, run_after=None
[2023-04-10T14:35:44.911+0000] {logging_mixin.py:137} INFO - [2023-04-10T14:35:44.911+0000] {dag.py:3456} INFO - Setting next_dagrun for dataset_produces_1 to 2023-04-09T00:00:00+00:00, run_after=2023-04-10T00:00:00+00:00
[2023-04-10T14:35:44.912+0000] {logging_mixin.py:137} INFO - [2023-04-10T14:35:44.912+0000] {dag.py:3456} INFO - Setting next_dagrun for dataset_produces_2 to None, run_after=None
[2023-04-10T14:35:44.946+0000] {processor.py:175} INFO - Processing /home/airflow/.local/lib/python3.7/site-packages/airflow/example_dags/example_datasets.py took 0.145 seconds
[2023-04-10T14:40:52.139+0000] {processor.py:153} INFO - Started process (PID=332) to work on /home/airflow/.local/lib/python3.7/site-packages/airflow/example_dags/example_datasets.py
[2023-04-10T14:40:52.140+0000] {processor.py:743} INFO - Processing file /home/airflow/.local/lib/python3.7/site-packages/airflow/example_dags/example_datasets.py for tasks to queue
[2023-04-10T14:40:52.141+0000] {logging_mixin.py:137} INFO - [2023-04-10T14:40:52.141+0000] {dagbag.py:532} INFO - Filling up the DagBag from /home/airflow/.local/lib/python3.7/site-packages/airflow/example_dags/example_datasets.py
[2023-04-10T14:40:52.156+0000] {processor.py:753} INFO - DAG(s) dict_keys(['dataset_consumes_1_and_2', 'dataset_produces_2', 'dataset_consumes_1_never_scheduled', 'dataset_consumes_1', 'dataset_produces_1', 'dataset_consumes_unknown_never_scheduled']) retrieved from /home/airflow/.local/lib/python3.7/site-packages/airflow/example_dags/example_datasets.py
[2023-04-10T14:40:52.169+0000] {logging_mixin.py:137} INFO - [2023-04-10T14:40:52.169+0000] {dag.py:2705} INFO - Sync 6 DAGs
[2023-04-10T14:40:52.203+0000] {logging_mixin.py:137} INFO - [2023-04-10T14:40:52.203+0000] {dag.py:3456} INFO - Setting next_dagrun for dataset_consumes_1 to None, run_after=None
[2023-04-10T14:40:52.206+0000] {logging_mixin.py:137} INFO - [2023-04-10T14:40:52.206+0000] {dag.py:3456} INFO - Setting next_dagrun for dataset_consumes_1_and_2 to None, run_after=None
[2023-04-10T14:40:52.207+0000] {logging_mixin.py:137} INFO - [2023-04-10T14:40:52.207+0000] {dag.py:3456} INFO - Setting next_dagrun for dataset_consumes_1_never_scheduled to None, run_after=None
[2023-04-10T14:40:52.208+0000] {logging_mixin.py:137} INFO - [2023-04-10T14:40:52.208+0000] {dag.py:3456} INFO - Setting next_dagrun for dataset_consumes_unknown_never_scheduled to None, run_after=None
[2023-04-10T14:40:52.211+0000] {logging_mixin.py:137} INFO - [2023-04-10T14:40:52.211+0000] {dag.py:3456} INFO - Setting next_dagrun for dataset_produces_1 to 2023-04-09T00:00:00+00:00, run_after=2023-04-10T00:00:00+00:00
[2023-04-10T14:40:52.212+0000] {logging_mixin.py:137} INFO - [2023-04-10T14:40:52.212+0000] {dag.py:3456} INFO - Setting next_dagrun for dataset_produces_2 to None, run_after=None
[2023-04-10T14:40:52.243+0000] {processor.py:175} INFO - Processing /home/airflow/.local/lib/python3.7/site-packages/airflow/example_dags/example_datasets.py took 0.106 seconds
[2023-04-10T14:42:06.793+0000] {processor.py:153} INFO - Started process (PID=348) to work on /home/airflow/.local/lib/python3.7/site-packages/airflow/example_dags/example_datasets.py
[2023-04-10T14:42:06.795+0000] {processor.py:743} INFO - Processing file /home/airflow/.local/lib/python3.7/site-packages/airflow/example_dags/example_datasets.py for tasks to queue
[2023-04-10T14:42:06.796+0000] {logging_mixin.py:137} INFO - [2023-04-10T14:42:06.796+0000] {dagbag.py:532} INFO - Filling up the DagBag from /home/airflow/.local/lib/python3.7/site-packages/airflow/example_dags/example_datasets.py
[2023-04-10T14:42:06.901+0000] {processor.py:753} INFO - DAG(s) dict_keys(['dataset_produces_1', 'dataset_consumes_1_never_scheduled', 'dataset_consumes_1', 'dataset_produces_2', 'dataset_consumes_1_and_2', 'dataset_consumes_unknown_never_scheduled']) retrieved from /home/airflow/.local/lib/python3.7/site-packages/airflow/example_dags/example_datasets.py
[2023-04-10T14:42:06.947+0000] {logging_mixin.py:137} INFO - [2023-04-10T14:42:06.947+0000] {dag.py:2705} INFO - Sync 6 DAGs
[2023-04-10T14:42:06.992+0000] {logging_mixin.py:137} INFO - [2023-04-10T14:42:06.991+0000] {dag.py:3456} INFO - Setting next_dagrun for dataset_consumes_1 to None, run_after=None
[2023-04-10T14:42:06.996+0000] {logging_mixin.py:137} INFO - [2023-04-10T14:42:06.996+0000] {dag.py:3456} INFO - Setting next_dagrun for dataset_consumes_1_and_2 to None, run_after=None
[2023-04-10T14:42:06.998+0000] {logging_mixin.py:137} INFO - [2023-04-10T14:42:06.998+0000] {dag.py:3456} INFO - Setting next_dagrun for dataset_consumes_1_never_scheduled to None, run_after=None
[2023-04-10T14:42:07.000+0000] {logging_mixin.py:137} INFO - [2023-04-10T14:42:07.000+0000] {dag.py:3456} INFO - Setting next_dagrun for dataset_consumes_unknown_never_scheduled to None, run_after=None
[2023-04-10T14:42:07.007+0000] {logging_mixin.py:137} INFO - [2023-04-10T14:42:07.006+0000] {dag.py:3456} INFO - Setting next_dagrun for dataset_produces_1 to 2023-04-09T00:00:00+00:00, run_after=2023-04-10T00:00:00+00:00
[2023-04-10T14:42:07.013+0000] {logging_mixin.py:137} INFO - [2023-04-10T14:42:07.013+0000] {dag.py:3456} INFO - Setting next_dagrun for dataset_produces_2 to None, run_after=None
[2023-04-10T14:42:07.175+0000] {processor.py:175} INFO - Processing /home/airflow/.local/lib/python3.7/site-packages/airflow/example_dags/example_datasets.py took 0.387 seconds
[2023-04-10T14:42:37.301+0000] {processor.py:153} INFO - Started process (PID=581) to work on /home/airflow/.local/lib/python3.7/site-packages/airflow/example_dags/example_datasets.py
[2023-04-10T14:42:37.301+0000] {processor.py:743} INFO - Processing file /home/airflow/.local/lib/python3.7/site-packages/airflow/example_dags/example_datasets.py for tasks to queue
[2023-04-10T14:42:37.302+0000] {logging_mixin.py:137} INFO - [2023-04-10T14:42:37.302+0000] {dagbag.py:532} INFO - Filling up the DagBag from /home/airflow/.local/lib/python3.7/site-packages/airflow/example_dags/example_datasets.py
[2023-04-10T14:42:37.319+0000] {processor.py:753} INFO - DAG(s) dict_keys(['dataset_consumes_1', 'dataset_produces_1', 'dataset_consumes_unknown_never_scheduled', 'dataset_consumes_1_and_2', 'dataset_consumes_1_never_scheduled', 'dataset_produces_2']) retrieved from /home/airflow/.local/lib/python3.7/site-packages/airflow/example_dags/example_datasets.py
[2023-04-10T14:42:37.427+0000] {logging_mixin.py:137} INFO - [2023-04-10T14:42:37.427+0000] {dag.py:2705} INFO - Sync 6 DAGs
[2023-04-10T14:42:37.460+0000] {logging_mixin.py:137} INFO - [2023-04-10T14:42:37.460+0000] {dag.py:3456} INFO - Setting next_dagrun for dataset_consumes_1 to None, run_after=None
[2023-04-10T14:42:37.463+0000] {logging_mixin.py:137} INFO - [2023-04-10T14:42:37.463+0000] {dag.py:3456} INFO - Setting next_dagrun for dataset_consumes_1_and_2 to None, run_after=None
[2023-04-10T14:42:37.465+0000] {logging_mixin.py:137} INFO - [2023-04-10T14:42:37.464+0000] {dag.py:3456} INFO - Setting next_dagrun for dataset_consumes_1_never_scheduled to None, run_after=None
[2023-04-10T14:42:37.466+0000] {logging_mixin.py:137} INFO - [2023-04-10T14:42:37.466+0000] {dag.py:3456} INFO - Setting next_dagrun for dataset_consumes_unknown_never_scheduled to None, run_after=None
[2023-04-10T14:42:37.469+0000] {logging_mixin.py:137} INFO - [2023-04-10T14:42:37.468+0000] {dag.py:3456} INFO - Setting next_dagrun for dataset_produces_1 to 2023-04-09T00:00:00+00:00, run_after=2023-04-10T00:00:00+00:00
[2023-04-10T14:42:37.470+0000] {logging_mixin.py:137} INFO - [2023-04-10T14:42:37.469+0000] {dag.py:3456} INFO - Setting next_dagrun for dataset_produces_2 to None, run_after=None
[2023-04-10T14:42:37.506+0000] {processor.py:175} INFO - Processing /home/airflow/.local/lib/python3.7/site-packages/airflow/example_dags/example_datasets.py took 0.208 seconds
[2023-04-10T14:43:07.779+0000] {processor.py:153} INFO - Started process (PID=804) to work on /home/airflow/.local/lib/python3.7/site-packages/airflow/example_dags/example_datasets.py
[2023-04-10T14:43:07.780+0000] {processor.py:743} INFO - Processing file /home/airflow/.local/lib/python3.7/site-packages/airflow/example_dags/example_datasets.py for tasks to queue
[2023-04-10T14:43:07.780+0000] {logging_mixin.py:137} INFO - [2023-04-10T14:43:07.780+0000] {dagbag.py:532} INFO - Filling up the DagBag from /home/airflow/.local/lib/python3.7/site-packages/airflow/example_dags/example_datasets.py
[2023-04-10T14:43:07.802+0000] {processor.py:753} INFO - DAG(s) dict_keys(['dataset_produces_1', 'dataset_consumes_unknown_never_scheduled', 'dataset_produces_2', 'dataset_consumes_1_and_2', 'dataset_consumes_1', 'dataset_consumes_1_never_scheduled']) retrieved from /home/airflow/.local/lib/python3.7/site-packages/airflow/example_dags/example_datasets.py
[2023-04-10T14:43:07.865+0000] {logging_mixin.py:137} INFO - [2023-04-10T14:43:07.865+0000] {dag.py:2705} INFO - Sync 6 DAGs
[2023-04-10T14:43:07.909+0000] {logging_mixin.py:137} INFO - [2023-04-10T14:43:07.908+0000] {dag.py:3456} INFO - Setting next_dagrun for dataset_consumes_1 to None, run_after=None
[2023-04-10T14:43:07.913+0000] {logging_mixin.py:137} INFO - [2023-04-10T14:43:07.913+0000] {dag.py:3456} INFO - Setting next_dagrun for dataset_consumes_1_and_2 to None, run_after=None
[2023-04-10T14:43:07.916+0000] {logging_mixin.py:137} INFO - [2023-04-10T14:43:07.916+0000] {dag.py:3456} INFO - Setting next_dagrun for dataset_consumes_1_never_scheduled to None, run_after=None
[2023-04-10T14:43:07.918+0000] {logging_mixin.py:137} INFO - [2023-04-10T14:43:07.918+0000] {dag.py:3456} INFO - Setting next_dagrun for dataset_consumes_unknown_never_scheduled to None, run_after=None
[2023-04-10T14:43:07.922+0000] {logging_mixin.py:137} INFO - [2023-04-10T14:43:07.922+0000] {dag.py:3456} INFO - Setting next_dagrun for dataset_produces_1 to 2023-04-09T00:00:00+00:00, run_after=2023-04-10T00:00:00+00:00
[2023-04-10T14:43:07.923+0000] {logging_mixin.py:137} INFO - [2023-04-10T14:43:07.923+0000] {dag.py:3456} INFO - Setting next_dagrun for dataset_produces_2 to None, run_after=None
[2023-04-10T14:43:07.968+0000] {processor.py:175} INFO - Processing /home/airflow/.local/lib/python3.7/site-packages/airflow/example_dags/example_datasets.py took 0.192 seconds
[2023-04-10T14:43:38.385+0000] {processor.py:153} INFO - Started process (PID=1027) to work on /home/airflow/.local/lib/python3.7/site-packages/airflow/example_dags/example_datasets.py
[2023-04-10T14:43:38.386+0000] {processor.py:743} INFO - Processing file /home/airflow/.local/lib/python3.7/site-packages/airflow/example_dags/example_datasets.py for tasks to queue
[2023-04-10T14:43:38.387+0000] {logging_mixin.py:137} INFO - [2023-04-10T14:43:38.386+0000] {dagbag.py:532} INFO - Filling up the DagBag from /home/airflow/.local/lib/python3.7/site-packages/airflow/example_dags/example_datasets.py
[2023-04-10T14:43:38.405+0000] {processor.py:753} INFO - DAG(s) dict_keys(['dataset_consumes_unknown_never_scheduled', 'dataset_produces_1', 'dataset_consumes_1_never_scheduled', 'dataset_consumes_1', 'dataset_consumes_1_and_2', 'dataset_produces_2']) retrieved from /home/airflow/.local/lib/python3.7/site-packages/airflow/example_dags/example_datasets.py
[2023-04-10T14:43:38.456+0000] {logging_mixin.py:137} INFO - [2023-04-10T14:43:38.455+0000] {dag.py:2705} INFO - Sync 6 DAGs
[2023-04-10T14:43:38.495+0000] {logging_mixin.py:137} INFO - [2023-04-10T14:43:38.495+0000] {dag.py:3456} INFO - Setting next_dagrun for dataset_consumes_1 to None, run_after=None
[2023-04-10T14:43:38.501+0000] {logging_mixin.py:137} INFO - [2023-04-10T14:43:38.500+0000] {dag.py:3456} INFO - Setting next_dagrun for dataset_consumes_1_and_2 to None, run_after=None
[2023-04-10T14:43:38.503+0000] {logging_mixin.py:137} INFO - [2023-04-10T14:43:38.503+0000] {dag.py:3456} INFO - Setting next_dagrun for dataset_consumes_1_never_scheduled to None, run_after=None
[2023-04-10T14:43:38.505+0000] {logging_mixin.py:137} INFO - [2023-04-10T14:43:38.505+0000] {dag.py:3456} INFO - Setting next_dagrun for dataset_consumes_unknown_never_scheduled to None, run_after=None
[2023-04-10T14:43:38.513+0000] {logging_mixin.py:137} INFO - [2023-04-10T14:43:38.513+0000] {dag.py:3456} INFO - Setting next_dagrun for dataset_produces_1 to 2023-04-09T00:00:00+00:00, run_after=2023-04-10T00:00:00+00:00
[2023-04-10T14:43:38.515+0000] {logging_mixin.py:137} INFO - [2023-04-10T14:43:38.515+0000] {dag.py:3456} INFO - Setting next_dagrun for dataset_produces_2 to None, run_after=None
[2023-04-10T14:43:38.573+0000] {processor.py:175} INFO - Processing /home/airflow/.local/lib/python3.7/site-packages/airflow/example_dags/example_datasets.py took 0.190 seconds
[2023-04-10T14:44:08.764+0000] {processor.py:153} INFO - Started process (PID=1250) to work on /home/airflow/.local/lib/python3.7/site-packages/airflow/example_dags/example_datasets.py
[2023-04-10T14:44:08.765+0000] {processor.py:743} INFO - Processing file /home/airflow/.local/lib/python3.7/site-packages/airflow/example_dags/example_datasets.py for tasks to queue
[2023-04-10T14:44:08.765+0000] {logging_mixin.py:137} INFO - [2023-04-10T14:44:08.765+0000] {dagbag.py:532} INFO - Filling up the DagBag from /home/airflow/.local/lib/python3.7/site-packages/airflow/example_dags/example_datasets.py
[2023-04-10T14:44:08.786+0000] {processor.py:753} INFO - DAG(s) dict_keys(['dataset_consumes_1', 'dataset_produces_2', 'dataset_produces_1', 'dataset_consumes_1_never_scheduled', 'dataset_consumes_unknown_never_scheduled', 'dataset_consumes_1_and_2']) retrieved from /home/airflow/.local/lib/python3.7/site-packages/airflow/example_dags/example_datasets.py
[2023-04-10T14:44:08.837+0000] {logging_mixin.py:137} INFO - [2023-04-10T14:44:08.837+0000] {dag.py:2705} INFO - Sync 6 DAGs
[2023-04-10T14:44:08.881+0000] {logging_mixin.py:137} INFO - [2023-04-10T14:44:08.881+0000] {dag.py:3456} INFO - Setting next_dagrun for dataset_consumes_1 to None, run_after=None
[2023-04-10T14:44:08.887+0000] {logging_mixin.py:137} INFO - [2023-04-10T14:44:08.887+0000] {dag.py:3456} INFO - Setting next_dagrun for dataset_consumes_1_and_2 to None, run_after=None
[2023-04-10T14:44:08.890+0000] {logging_mixin.py:137} INFO - [2023-04-10T14:44:08.890+0000] {dag.py:3456} INFO - Setting next_dagrun for dataset_consumes_1_never_scheduled to None, run_after=None
[2023-04-10T14:44:08.894+0000] {logging_mixin.py:137} INFO - [2023-04-10T14:44:08.894+0000] {dag.py:3456} INFO - Setting next_dagrun for dataset_consumes_unknown_never_scheduled to None, run_after=None
[2023-04-10T14:44:08.898+0000] {logging_mixin.py:137} INFO - [2023-04-10T14:44:08.898+0000] {dag.py:3456} INFO - Setting next_dagrun for dataset_produces_1 to 2023-04-09T00:00:00+00:00, run_after=2023-04-10T00:00:00+00:00
[2023-04-10T14:44:08.901+0000] {logging_mixin.py:137} INFO - [2023-04-10T14:44:08.901+0000] {dag.py:3456} INFO - Setting next_dagrun for dataset_produces_2 to None, run_after=None
[2023-04-10T14:44:08.940+0000] {processor.py:175} INFO - Processing /home/airflow/.local/lib/python3.7/site-packages/airflow/example_dags/example_datasets.py took 0.180 seconds
[2023-04-10T14:44:39.082+0000] {processor.py:153} INFO - Started process (PID=1473) to work on /home/airflow/.local/lib/python3.7/site-packages/airflow/example_dags/example_datasets.py
[2023-04-10T14:44:39.083+0000] {processor.py:743} INFO - Processing file /home/airflow/.local/lib/python3.7/site-packages/airflow/example_dags/example_datasets.py for tasks to queue
[2023-04-10T14:44:39.083+0000] {logging_mixin.py:137} INFO - [2023-04-10T14:44:39.083+0000] {dagbag.py:532} INFO - Filling up the DagBag from /home/airflow/.local/lib/python3.7/site-packages/airflow/example_dags/example_datasets.py
[2023-04-10T14:44:39.100+0000] {processor.py:753} INFO - DAG(s) dict_keys(['dataset_produces_2', 'dataset_consumes_unknown_never_scheduled', 'dataset_consumes_1', 'dataset_consumes_1_never_scheduled', 'dataset_consumes_1_and_2', 'dataset_produces_1']) retrieved from /home/airflow/.local/lib/python3.7/site-packages/airflow/example_dags/example_datasets.py
[2023-04-10T14:44:39.143+0000] {logging_mixin.py:137} INFO - [2023-04-10T14:44:39.143+0000] {dag.py:2705} INFO - Sync 6 DAGs
[2023-04-10T14:44:39.183+0000] {logging_mixin.py:137} INFO - [2023-04-10T14:44:39.183+0000] {dag.py:3456} INFO - Setting next_dagrun for dataset_consumes_1 to None, run_after=None
[2023-04-10T14:44:39.188+0000] {logging_mixin.py:137} INFO - [2023-04-10T14:44:39.187+0000] {dag.py:3456} INFO - Setting next_dagrun for dataset_consumes_1_and_2 to None, run_after=None
[2023-04-10T14:44:39.189+0000] {logging_mixin.py:137} INFO - [2023-04-10T14:44:39.189+0000] {dag.py:3456} INFO - Setting next_dagrun for dataset_consumes_1_never_scheduled to None, run_after=None
[2023-04-10T14:44:39.190+0000] {logging_mixin.py:137} INFO - [2023-04-10T14:44:39.190+0000] {dag.py:3456} INFO - Setting next_dagrun for dataset_consumes_unknown_never_scheduled to None, run_after=None
[2023-04-10T14:44:39.193+0000] {logging_mixin.py:137} INFO - [2023-04-10T14:44:39.193+0000] {dag.py:3456} INFO - Setting next_dagrun for dataset_produces_1 to 2023-04-09T00:00:00+00:00, run_after=2023-04-10T00:00:00+00:00
[2023-04-10T14:44:39.194+0000] {logging_mixin.py:137} INFO - [2023-04-10T14:44:39.194+0000] {dag.py:3456} INFO - Setting next_dagrun for dataset_produces_2 to None, run_after=None
[2023-04-10T14:44:39.229+0000] {processor.py:175} INFO - Processing /home/airflow/.local/lib/python3.7/site-packages/airflow/example_dags/example_datasets.py took 0.150 seconds
[2023-04-10T14:45:09.304+0000] {processor.py:153} INFO - Started process (PID=1702) to work on /home/airflow/.local/lib/python3.7/site-packages/airflow/example_dags/example_datasets.py
[2023-04-10T14:45:09.307+0000] {processor.py:743} INFO - Processing file /home/airflow/.local/lib/python3.7/site-packages/airflow/example_dags/example_datasets.py for tasks to queue
[2023-04-10T14:45:09.308+0000] {logging_mixin.py:137} INFO - [2023-04-10T14:45:09.308+0000] {dagbag.py:532} INFO - Filling up the DagBag from /home/airflow/.local/lib/python3.7/site-packages/airflow/example_dags/example_datasets.py
[2023-04-10T14:45:09.326+0000] {processor.py:753} INFO - DAG(s) dict_keys(['dataset_consumes_1', 'dataset_consumes_unknown_never_scheduled', 'dataset_produces_2', 'dataset_produces_1', 'dataset_consumes_1_never_scheduled', 'dataset_consumes_1_and_2']) retrieved from /home/airflow/.local/lib/python3.7/site-packages/airflow/example_dags/example_datasets.py
[2023-04-10T14:45:09.382+0000] {logging_mixin.py:137} INFO - [2023-04-10T14:45:09.382+0000] {dag.py:2705} INFO - Sync 6 DAGs
[2023-04-10T14:45:09.421+0000] {logging_mixin.py:137} INFO - [2023-04-10T14:45:09.421+0000] {dag.py:3456} INFO - Setting next_dagrun for dataset_consumes_1 to None, run_after=None
[2023-04-10T14:45:09.426+0000] {logging_mixin.py:137} INFO - [2023-04-10T14:45:09.425+0000] {dag.py:3456} INFO - Setting next_dagrun for dataset_consumes_1_and_2 to None, run_after=None
[2023-04-10T14:45:09.427+0000] {logging_mixin.py:137} INFO - [2023-04-10T14:45:09.427+0000] {dag.py:3456} INFO - Setting next_dagrun for dataset_consumes_1_never_scheduled to None, run_after=None
[2023-04-10T14:45:09.429+0000] {logging_mixin.py:137} INFO - [2023-04-10T14:45:09.428+0000] {dag.py:3456} INFO - Setting next_dagrun for dataset_consumes_unknown_never_scheduled to None, run_after=None
[2023-04-10T14:45:09.433+0000] {logging_mixin.py:137} INFO - [2023-04-10T14:45:09.433+0000] {dag.py:3456} INFO - Setting next_dagrun for dataset_produces_1 to 2023-04-09T00:00:00+00:00, run_after=2023-04-10T00:00:00+00:00
[2023-04-10T14:45:09.435+0000] {logging_mixin.py:137} INFO - [2023-04-10T14:45:09.435+0000] {dag.py:3456} INFO - Setting next_dagrun for dataset_produces_2 to None, run_after=None
[2023-04-10T14:45:09.477+0000] {processor.py:175} INFO - Processing /home/airflow/.local/lib/python3.7/site-packages/airflow/example_dags/example_datasets.py took 0.175 seconds
[2023-04-10T14:45:39.537+0000] {processor.py:153} INFO - Started process (PID=1925) to work on /home/airflow/.local/lib/python3.7/site-packages/airflow/example_dags/example_datasets.py
[2023-04-10T14:45:39.538+0000] {processor.py:743} INFO - Processing file /home/airflow/.local/lib/python3.7/site-packages/airflow/example_dags/example_datasets.py for tasks to queue
[2023-04-10T14:45:39.539+0000] {logging_mixin.py:137} INFO - [2023-04-10T14:45:39.539+0000] {dagbag.py:532} INFO - Filling up the DagBag from /home/airflow/.local/lib/python3.7/site-packages/airflow/example_dags/example_datasets.py
[2023-04-10T14:45:39.556+0000] {processor.py:753} INFO - DAG(s) dict_keys(['dataset_produces_1', 'dataset_consumes_1_and_2', 'dataset_consumes_1', 'dataset_consumes_unknown_never_scheduled', 'dataset_consumes_1_never_scheduled', 'dataset_produces_2']) retrieved from /home/airflow/.local/lib/python3.7/site-packages/airflow/example_dags/example_datasets.py
[2023-04-10T14:45:39.605+0000] {logging_mixin.py:137} INFO - [2023-04-10T14:45:39.605+0000] {dag.py:2705} INFO - Sync 6 DAGs
[2023-04-10T14:45:39.643+0000] {logging_mixin.py:137} INFO - [2023-04-10T14:45:39.643+0000] {dag.py:3456} INFO - Setting next_dagrun for dataset_consumes_1 to None, run_after=None
[2023-04-10T14:45:39.648+0000] {logging_mixin.py:137} INFO - [2023-04-10T14:45:39.648+0000] {dag.py:3456} INFO - Setting next_dagrun for dataset_consumes_1_and_2 to None, run_after=None
[2023-04-10T14:45:39.649+0000] {logging_mixin.py:137} INFO - [2023-04-10T14:45:39.649+0000] {dag.py:3456} INFO - Setting next_dagrun for dataset_consumes_1_never_scheduled to None, run_after=None
[2023-04-10T14:45:39.650+0000] {logging_mixin.py:137} INFO - [2023-04-10T14:45:39.650+0000] {dag.py:3456} INFO - Setting next_dagrun for dataset_consumes_unknown_never_scheduled to None, run_after=None
[2023-04-10T14:45:39.653+0000] {logging_mixin.py:137} INFO - [2023-04-10T14:45:39.653+0000] {dag.py:3456} INFO - Setting next_dagrun for dataset_produces_1 to 2023-04-09T00:00:00+00:00, run_after=2023-04-10T00:00:00+00:00
[2023-04-10T14:45:39.655+0000] {logging_mixin.py:137} INFO - [2023-04-10T14:45:39.654+0000] {dag.py:3456} INFO - Setting next_dagrun for dataset_produces_2 to None, run_after=None
[2023-04-10T14:45:39.694+0000] {processor.py:175} INFO - Processing /home/airflow/.local/lib/python3.7/site-packages/airflow/example_dags/example_datasets.py took 0.161 seconds
[2023-04-10T14:46:10.492+0000] {processor.py:153} INFO - Started process (PID=2148) to work on /home/airflow/.local/lib/python3.7/site-packages/airflow/example_dags/example_datasets.py
[2023-04-10T14:46:10.493+0000] {processor.py:743} INFO - Processing file /home/airflow/.local/lib/python3.7/site-packages/airflow/example_dags/example_datasets.py for tasks to queue
[2023-04-10T14:46:10.493+0000] {logging_mixin.py:137} INFO - [2023-04-10T14:46:10.493+0000] {dagbag.py:532} INFO - Filling up the DagBag from /home/airflow/.local/lib/python3.7/site-packages/airflow/example_dags/example_datasets.py
[2023-04-10T14:46:10.508+0000] {processor.py:753} INFO - DAG(s) dict_keys(['dataset_produces_1', 'dataset_consumes_1', 'dataset_consumes_unknown_never_scheduled', 'dataset_consumes_1_never_scheduled', 'dataset_produces_2', 'dataset_consumes_1_and_2']) retrieved from /home/airflow/.local/lib/python3.7/site-packages/airflow/example_dags/example_datasets.py
[2023-04-10T14:46:10.559+0000] {logging_mixin.py:137} INFO - [2023-04-10T14:46:10.558+0000] {dag.py:2705} INFO - Sync 6 DAGs
[2023-04-10T14:46:10.597+0000] {logging_mixin.py:137} INFO - [2023-04-10T14:46:10.597+0000] {dag.py:3456} INFO - Setting next_dagrun for dataset_consumes_1 to None, run_after=None
[2023-04-10T14:46:10.601+0000] {logging_mixin.py:137} INFO - [2023-04-10T14:46:10.601+0000] {dag.py:3456} INFO - Setting next_dagrun for dataset_consumes_1_and_2 to None, run_after=None
[2023-04-10T14:46:10.602+0000] {logging_mixin.py:137} INFO - [2023-04-10T14:46:10.602+0000] {dag.py:3456} INFO - Setting next_dagrun for dataset_consumes_1_never_scheduled to None, run_after=None
[2023-04-10T14:46:10.603+0000] {logging_mixin.py:137} INFO - [2023-04-10T14:46:10.603+0000] {dag.py:3456} INFO - Setting next_dagrun for dataset_consumes_unknown_never_scheduled to None, run_after=None
[2023-04-10T14:46:10.606+0000] {logging_mixin.py:137} INFO - [2023-04-10T14:46:10.606+0000] {dag.py:3456} INFO - Setting next_dagrun for dataset_produces_1 to 2023-04-09T00:00:00+00:00, run_after=2023-04-10T00:00:00+00:00
[2023-04-10T14:46:10.607+0000] {logging_mixin.py:137} INFO - [2023-04-10T14:46:10.607+0000] {dag.py:3456} INFO - Setting next_dagrun for dataset_produces_2 to None, run_after=None
[2023-04-10T14:46:10.641+0000] {processor.py:175} INFO - Processing /home/airflow/.local/lib/python3.7/site-packages/airflow/example_dags/example_datasets.py took 0.151 seconds
[2023-04-10T14:46:40.781+0000] {processor.py:153} INFO - Started process (PID=2371) to work on /home/airflow/.local/lib/python3.7/site-packages/airflow/example_dags/example_datasets.py
[2023-04-10T14:46:40.782+0000] {processor.py:743} INFO - Processing file /home/airflow/.local/lib/python3.7/site-packages/airflow/example_dags/example_datasets.py for tasks to queue
[2023-04-10T14:46:40.783+0000] {logging_mixin.py:137} INFO - [2023-04-10T14:46:40.783+0000] {dagbag.py:532} INFO - Filling up the DagBag from /home/airflow/.local/lib/python3.7/site-packages/airflow/example_dags/example_datasets.py
[2023-04-10T14:46:40.798+0000] {processor.py:753} INFO - DAG(s) dict_keys(['dataset_produces_1', 'dataset_consumes_1', 'dataset_produces_2', 'dataset_consumes_1_and_2', 'dataset_consumes_1_never_scheduled', 'dataset_consumes_unknown_never_scheduled']) retrieved from /home/airflow/.local/lib/python3.7/site-packages/airflow/example_dags/example_datasets.py
[2023-04-10T14:46:40.839+0000] {logging_mixin.py:137} INFO - [2023-04-10T14:46:40.839+0000] {dag.py:2705} INFO - Sync 6 DAGs
[2023-04-10T14:46:40.872+0000] {logging_mixin.py:137} INFO - [2023-04-10T14:46:40.871+0000] {dag.py:3456} INFO - Setting next_dagrun for dataset_consumes_1 to None, run_after=None
[2023-04-10T14:46:40.875+0000] {logging_mixin.py:137} INFO - [2023-04-10T14:46:40.875+0000] {dag.py:3456} INFO - Setting next_dagrun for dataset_consumes_1_and_2 to None, run_after=None
[2023-04-10T14:46:40.877+0000] {logging_mixin.py:137} INFO - [2023-04-10T14:46:40.876+0000] {dag.py:3456} INFO - Setting next_dagrun for dataset_consumes_1_never_scheduled to None, run_after=None
[2023-04-10T14:46:40.878+0000] {logging_mixin.py:137} INFO - [2023-04-10T14:46:40.878+0000] {dag.py:3456} INFO - Setting next_dagrun for dataset_consumes_unknown_never_scheduled to None, run_after=None
[2023-04-10T14:46:40.881+0000] {logging_mixin.py:137} INFO - [2023-04-10T14:46:40.881+0000] {dag.py:3456} INFO - Setting next_dagrun for dataset_produces_1 to 2023-04-09T00:00:00+00:00, run_after=2023-04-10T00:00:00+00:00
[2023-04-10T14:46:40.882+0000] {logging_mixin.py:137} INFO - [2023-04-10T14:46:40.882+0000] {dag.py:3456} INFO - Setting next_dagrun for dataset_produces_2 to None, run_after=None
[2023-04-10T14:46:40.914+0000] {processor.py:175} INFO - Processing /home/airflow/.local/lib/python3.7/site-packages/airflow/example_dags/example_datasets.py took 0.135 seconds
[2023-04-10T14:47:12.075+0000] {processor.py:153} INFO - Started process (PID=2606) to work on /home/airflow/.local/lib/python3.7/site-packages/airflow/example_dags/example_datasets.py
[2023-04-10T14:47:12.075+0000] {processor.py:743} INFO - Processing file /home/airflow/.local/lib/python3.7/site-packages/airflow/example_dags/example_datasets.py for tasks to queue
[2023-04-10T14:47:12.076+0000] {logging_mixin.py:137} INFO - [2023-04-10T14:47:12.076+0000] {dagbag.py:532} INFO - Filling up the DagBag from /home/airflow/.local/lib/python3.7/site-packages/airflow/example_dags/example_datasets.py
[2023-04-10T14:47:12.111+0000] {processor.py:753} INFO - DAG(s) dict_keys(['dataset_consumes_1_never_scheduled', 'dataset_consumes_1_and_2', 'dataset_consumes_unknown_never_scheduled', 'dataset_produces_2', 'dataset_consumes_1', 'dataset_produces_1']) retrieved from /home/airflow/.local/lib/python3.7/site-packages/airflow/example_dags/example_datasets.py
[2023-04-10T14:47:12.250+0000] {logging_mixin.py:137} INFO - [2023-04-10T14:47:12.249+0000] {dag.py:2705} INFO - Sync 6 DAGs
[2023-04-10T14:47:12.334+0000] {logging_mixin.py:137} INFO - [2023-04-10T14:47:12.334+0000] {dag.py:3456} INFO - Setting next_dagrun for dataset_consumes_1 to None, run_after=None
[2023-04-10T14:47:12.342+0000] {logging_mixin.py:137} INFO - [2023-04-10T14:47:12.342+0000] {dag.py:3456} INFO - Setting next_dagrun for dataset_consumes_1_and_2 to None, run_after=None
[2023-04-10T14:47:12.344+0000] {logging_mixin.py:137} INFO - [2023-04-10T14:47:12.344+0000] {dag.py:3456} INFO - Setting next_dagrun for dataset_consumes_1_never_scheduled to None, run_after=None
[2023-04-10T14:47:12.346+0000] {logging_mixin.py:137} INFO - [2023-04-10T14:47:12.346+0000] {dag.py:3456} INFO - Setting next_dagrun for dataset_consumes_unknown_never_scheduled to None, run_after=None
[2023-04-10T14:47:12.363+0000] {logging_mixin.py:137} INFO - [2023-04-10T14:47:12.362+0000] {dag.py:3456} INFO - Setting next_dagrun for dataset_produces_1 to 2023-04-09T00:00:00+00:00, run_after=2023-04-10T00:00:00+00:00
[2023-04-10T14:47:12.364+0000] {logging_mixin.py:137} INFO - [2023-04-10T14:47:12.364+0000] {dag.py:3456} INFO - Setting next_dagrun for dataset_produces_2 to None, run_after=None
[2023-04-10T14:47:12.450+0000] {processor.py:175} INFO - Processing /home/airflow/.local/lib/python3.7/site-packages/airflow/example_dags/example_datasets.py took 0.379 seconds
[2023-04-10T14:47:42.524+0000] {processor.py:153} INFO - Started process (PID=2843) to work on /home/airflow/.local/lib/python3.7/site-packages/airflow/example_dags/example_datasets.py
[2023-04-10T14:47:42.524+0000] {processor.py:743} INFO - Processing file /home/airflow/.local/lib/python3.7/site-packages/airflow/example_dags/example_datasets.py for tasks to queue
[2023-04-10T14:47:42.525+0000] {logging_mixin.py:137} INFO - [2023-04-10T14:47:42.525+0000] {dagbag.py:532} INFO - Filling up the DagBag from /home/airflow/.local/lib/python3.7/site-packages/airflow/example_dags/example_datasets.py
[2023-04-10T14:47:42.539+0000] {processor.py:753} INFO - DAG(s) dict_keys(['dataset_consumes_1_and_2', 'dataset_consumes_unknown_never_scheduled', 'dataset_consumes_1_never_scheduled', 'dataset_produces_2', 'dataset_produces_1', 'dataset_consumes_1']) retrieved from /home/airflow/.local/lib/python3.7/site-packages/airflow/example_dags/example_datasets.py
[2023-04-10T14:47:42.578+0000] {logging_mixin.py:137} INFO - [2023-04-10T14:47:42.578+0000] {dag.py:2705} INFO - Sync 6 DAGs
[2023-04-10T14:47:42.611+0000] {logging_mixin.py:137} INFO - [2023-04-10T14:47:42.611+0000] {dag.py:3456} INFO - Setting next_dagrun for dataset_consumes_1 to None, run_after=None
[2023-04-10T14:47:42.616+0000] {logging_mixin.py:137} INFO - [2023-04-10T14:47:42.616+0000] {dag.py:3456} INFO - Setting next_dagrun for dataset_consumes_1_and_2 to None, run_after=None
[2023-04-10T14:47:42.617+0000] {logging_mixin.py:137} INFO - [2023-04-10T14:47:42.617+0000] {dag.py:3456} INFO - Setting next_dagrun for dataset_consumes_1_never_scheduled to None, run_after=None
[2023-04-10T14:47:42.618+0000] {logging_mixin.py:137} INFO - [2023-04-10T14:47:42.618+0000] {dag.py:3456} INFO - Setting next_dagrun for dataset_consumes_unknown_never_scheduled to None, run_after=None
[2023-04-10T14:47:42.621+0000] {logging_mixin.py:137} INFO - [2023-04-10T14:47:42.621+0000] {dag.py:3456} INFO - Setting next_dagrun for dataset_produces_1 to 2023-04-09T00:00:00+00:00, run_after=2023-04-10T00:00:00+00:00
[2023-04-10T14:47:42.622+0000] {logging_mixin.py:137} INFO - [2023-04-10T14:47:42.622+0000] {dag.py:3456} INFO - Setting next_dagrun for dataset_produces_2 to None, run_after=None
[2023-04-10T14:47:42.652+0000] {processor.py:175} INFO - Processing /home/airflow/.local/lib/python3.7/site-packages/airflow/example_dags/example_datasets.py took 0.131 seconds
