[2023-04-10T14:33:07.228+0000] {processor.py:153} INFO - Started process (PID=206) to work on /home/airflow/.local/lib/python3.7/site-packages/airflow/example_dags/example_branch_operator.py
[2023-04-10T14:33:07.229+0000] {processor.py:743} INFO - Processing file /home/airflow/.local/lib/python3.7/site-packages/airflow/example_dags/example_branch_operator.py for tasks to queue
[2023-04-10T14:33:07.229+0000] {logging_mixin.py:137} INFO - [2023-04-10T14:33:07.229+0000] {dagbag.py:532} INFO - Filling up the DagBag from /home/airflow/.local/lib/python3.7/site-packages/airflow/example_dags/example_branch_operator.py
[2023-04-10T14:33:07.247+0000] {processor.py:753} INFO - DAG(s) dict_keys(['example_branch_operator']) retrieved from /home/airflow/.local/lib/python3.7/site-packages/airflow/example_dags/example_branch_operator.py
[2023-04-10T14:33:07.272+0000] {logging_mixin.py:137} INFO - [2023-04-10T14:33:07.272+0000] {dag.py:2705} INFO - Sync 1 DAGs
[2023-04-10T14:33:07.305+0000] {logging_mixin.py:137} INFO - [2023-04-10T14:33:07.304+0000] {dag.py:3456} INFO - Setting next_dagrun for example_branch_operator to 2023-04-09T00:00:00+00:00, run_after=2023-04-10T00:00:00+00:00
[2023-04-10T14:33:07.323+0000] {processor.py:175} INFO - Processing /home/airflow/.local/lib/python3.7/site-packages/airflow/example_dags/example_branch_operator.py took 0.097 seconds
[2023-04-10T14:33:37.414+0000] {processor.py:153} INFO - Started process (PID=456) to work on /home/airflow/.local/lib/python3.7/site-packages/airflow/example_dags/example_branch_operator.py
[2023-04-10T14:33:37.415+0000] {processor.py:743} INFO - Processing file /home/airflow/.local/lib/python3.7/site-packages/airflow/example_dags/example_branch_operator.py for tasks to queue
[2023-04-10T14:33:37.415+0000] {logging_mixin.py:137} INFO - [2023-04-10T14:33:37.415+0000] {dagbag.py:532} INFO - Filling up the DagBag from /home/airflow/.local/lib/python3.7/site-packages/airflow/example_dags/example_branch_operator.py
[2023-04-10T14:33:37.431+0000] {processor.py:753} INFO - DAG(s) dict_keys(['example_branch_operator']) retrieved from /home/airflow/.local/lib/python3.7/site-packages/airflow/example_dags/example_branch_operator.py
[2023-04-10T14:33:37.457+0000] {logging_mixin.py:137} INFO - [2023-04-10T14:33:37.457+0000] {dag.py:2705} INFO - Sync 1 DAGs
[2023-04-10T14:33:37.491+0000] {logging_mixin.py:137} INFO - [2023-04-10T14:33:37.491+0000] {dag.py:3456} INFO - Setting next_dagrun for example_branch_operator to 2023-04-09T00:00:00+00:00, run_after=2023-04-10T00:00:00+00:00
[2023-04-10T14:33:37.505+0000] {processor.py:175} INFO - Processing /home/airflow/.local/lib/python3.7/site-packages/airflow/example_dags/example_branch_operator.py took 0.094 seconds
[2023-04-10T14:34:07.963+0000] {processor.py:153} INFO - Started process (PID=679) to work on /home/airflow/.local/lib/python3.7/site-packages/airflow/example_dags/example_branch_operator.py
[2023-04-10T14:34:07.964+0000] {processor.py:743} INFO - Processing file /home/airflow/.local/lib/python3.7/site-packages/airflow/example_dags/example_branch_operator.py for tasks to queue
[2023-04-10T14:34:07.964+0000] {logging_mixin.py:137} INFO - [2023-04-10T14:34:07.964+0000] {dagbag.py:532} INFO - Filling up the DagBag from /home/airflow/.local/lib/python3.7/site-packages/airflow/example_dags/example_branch_operator.py
[2023-04-10T14:34:07.981+0000] {processor.py:753} INFO - DAG(s) dict_keys(['example_branch_operator']) retrieved from /home/airflow/.local/lib/python3.7/site-packages/airflow/example_dags/example_branch_operator.py
[2023-04-10T14:34:08.006+0000] {logging_mixin.py:137} INFO - [2023-04-10T14:34:08.006+0000] {dag.py:2705} INFO - Sync 1 DAGs
[2023-04-10T14:34:08.039+0000] {logging_mixin.py:137} INFO - [2023-04-10T14:34:08.038+0000] {dag.py:3456} INFO - Setting next_dagrun for example_branch_operator to 2023-04-09T00:00:00+00:00, run_after=2023-04-10T00:00:00+00:00
[2023-04-10T14:34:08.054+0000] {processor.py:175} INFO - Processing /home/airflow/.local/lib/python3.7/site-packages/airflow/example_dags/example_branch_operator.py took 0.092 seconds
[2023-04-10T14:34:38.627+0000] {processor.py:153} INFO - Started process (PID=903) to work on /home/airflow/.local/lib/python3.7/site-packages/airflow/example_dags/example_branch_operator.py
[2023-04-10T14:34:38.628+0000] {processor.py:743} INFO - Processing file /home/airflow/.local/lib/python3.7/site-packages/airflow/example_dags/example_branch_operator.py for tasks to queue
[2023-04-10T14:34:38.629+0000] {logging_mixin.py:137} INFO - [2023-04-10T14:34:38.629+0000] {dagbag.py:532} INFO - Filling up the DagBag from /home/airflow/.local/lib/python3.7/site-packages/airflow/example_dags/example_branch_operator.py
[2023-04-10T14:34:38.647+0000] {processor.py:753} INFO - DAG(s) dict_keys(['example_branch_operator']) retrieved from /home/airflow/.local/lib/python3.7/site-packages/airflow/example_dags/example_branch_operator.py
[2023-04-10T14:34:38.673+0000] {logging_mixin.py:137} INFO - [2023-04-10T14:34:38.673+0000] {dag.py:2705} INFO - Sync 1 DAGs
[2023-04-10T14:34:38.709+0000] {logging_mixin.py:137} INFO - [2023-04-10T14:34:38.709+0000] {dag.py:3456} INFO - Setting next_dagrun for example_branch_operator to 2023-04-09T00:00:00+00:00, run_after=2023-04-10T00:00:00+00:00
[2023-04-10T14:34:38.727+0000] {processor.py:175} INFO - Processing /home/airflow/.local/lib/python3.7/site-packages/airflow/example_dags/example_branch_operator.py took 0.102 seconds
[2023-04-10T14:35:09.346+0000] {processor.py:153} INFO - Started process (PID=1126) to work on /home/airflow/.local/lib/python3.7/site-packages/airflow/example_dags/example_branch_operator.py
[2023-04-10T14:35:09.347+0000] {processor.py:743} INFO - Processing file /home/airflow/.local/lib/python3.7/site-packages/airflow/example_dags/example_branch_operator.py for tasks to queue
[2023-04-10T14:35:09.348+0000] {logging_mixin.py:137} INFO - [2023-04-10T14:35:09.348+0000] {dagbag.py:532} INFO - Filling up the DagBag from /home/airflow/.local/lib/python3.7/site-packages/airflow/example_dags/example_branch_operator.py
[2023-04-10T14:35:09.374+0000] {processor.py:753} INFO - DAG(s) dict_keys(['example_branch_operator']) retrieved from /home/airflow/.local/lib/python3.7/site-packages/airflow/example_dags/example_branch_operator.py
[2023-04-10T14:35:09.407+0000] {logging_mixin.py:137} INFO - [2023-04-10T14:35:09.406+0000] {dag.py:2705} INFO - Sync 1 DAGs
[2023-04-10T14:35:09.447+0000] {logging_mixin.py:137} INFO - [2023-04-10T14:35:09.446+0000] {dag.py:3456} INFO - Setting next_dagrun for example_branch_operator to 2023-04-09T00:00:00+00:00, run_after=2023-04-10T00:00:00+00:00
[2023-04-10T14:35:09.495+0000] {processor.py:175} INFO - Processing /home/airflow/.local/lib/python3.7/site-packages/airflow/example_dags/example_branch_operator.py took 0.152 seconds
[2023-04-10T14:35:40.226+0000] {processor.py:153} INFO - Started process (PID=1349) to work on /home/airflow/.local/lib/python3.7/site-packages/airflow/example_dags/example_branch_operator.py
[2023-04-10T14:35:40.227+0000] {processor.py:743} INFO - Processing file /home/airflow/.local/lib/python3.7/site-packages/airflow/example_dags/example_branch_operator.py for tasks to queue
[2023-04-10T14:35:40.227+0000] {logging_mixin.py:137} INFO - [2023-04-10T14:35:40.227+0000] {dagbag.py:532} INFO - Filling up the DagBag from /home/airflow/.local/lib/python3.7/site-packages/airflow/example_dags/example_branch_operator.py
[2023-04-10T14:35:40.245+0000] {processor.py:753} INFO - DAG(s) dict_keys(['example_branch_operator']) retrieved from /home/airflow/.local/lib/python3.7/site-packages/airflow/example_dags/example_branch_operator.py
[2023-04-10T14:35:40.273+0000] {logging_mixin.py:137} INFO - [2023-04-10T14:35:40.273+0000] {dag.py:2705} INFO - Sync 1 DAGs
[2023-04-10T14:35:40.309+0000] {logging_mixin.py:137} INFO - [2023-04-10T14:35:40.309+0000] {dag.py:3456} INFO - Setting next_dagrun for example_branch_operator to 2023-04-09T00:00:00+00:00, run_after=2023-04-10T00:00:00+00:00
[2023-04-10T14:35:40.330+0000] {processor.py:175} INFO - Processing /home/airflow/.local/lib/python3.7/site-packages/airflow/example_dags/example_branch_operator.py took 0.106 seconds
