[2023-04-10T14:33:07.337+0000] {processor.py:153} INFO - Started process (PID=216) to work on /home/airflow/.local/lib/python3.7/site-packages/airflow/example_dags/example_task_group_decorator.py
[2023-04-10T14:33:07.337+0000] {processor.py:743} INFO - Processing file /home/airflow/.local/lib/python3.7/site-packages/airflow/example_dags/example_task_group_decorator.py for tasks to queue
[2023-04-10T14:33:07.337+0000] {logging_mixin.py:137} INFO - [2023-04-10T14:33:07.337+0000] {dagbag.py:532} INFO - Filling up the DagBag from /home/airflow/.local/lib/python3.7/site-packages/airflow/example_dags/example_task_group_decorator.py
[2023-04-10T14:33:07.368+0000] {processor.py:753} INFO - DAG(s) dict_keys(['example_task_group_decorator']) retrieved from /home/airflow/.local/lib/python3.7/site-packages/airflow/example_dags/example_task_group_decorator.py
[2023-04-10T14:33:07.395+0000] {logging_mixin.py:137} INFO - [2023-04-10T14:33:07.395+0000] {dag.py:2705} INFO - Sync 1 DAGs
[2023-04-10T14:33:07.425+0000] {logging_mixin.py:137} INFO - [2023-04-10T14:33:07.424+0000] {dag.py:3456} INFO - Setting next_dagrun for example_task_group_decorator to 2023-04-09T14:33:07.424717+00:00, run_after=2023-04-10T14:33:07.424717+00:00
[2023-04-10T14:33:07.441+0000] {processor.py:175} INFO - Processing /home/airflow/.local/lib/python3.7/site-packages/airflow/example_dags/example_task_group_decorator.py took 0.107 seconds
[2023-04-10T14:33:37.519+0000] {processor.py:153} INFO - Started process (PID=466) to work on /home/airflow/.local/lib/python3.7/site-packages/airflow/example_dags/example_task_group_decorator.py
[2023-04-10T14:33:37.520+0000] {processor.py:743} INFO - Processing file /home/airflow/.local/lib/python3.7/site-packages/airflow/example_dags/example_task_group_decorator.py for tasks to queue
[2023-04-10T14:33:37.520+0000] {logging_mixin.py:137} INFO - [2023-04-10T14:33:37.520+0000] {dagbag.py:532} INFO - Filling up the DagBag from /home/airflow/.local/lib/python3.7/site-packages/airflow/example_dags/example_task_group_decorator.py
[2023-04-10T14:33:37.549+0000] {processor.py:753} INFO - DAG(s) dict_keys(['example_task_group_decorator']) retrieved from /home/airflow/.local/lib/python3.7/site-packages/airflow/example_dags/example_task_group_decorator.py
[2023-04-10T14:33:37.578+0000] {logging_mixin.py:137} INFO - [2023-04-10T14:33:37.578+0000] {dag.py:2705} INFO - Sync 1 DAGs
[2023-04-10T14:33:37.609+0000] {logging_mixin.py:137} INFO - [2023-04-10T14:33:37.609+0000] {dag.py:3456} INFO - Setting next_dagrun for example_task_group_decorator to 2023-04-09T14:33:37.609470+00:00, run_after=2023-04-10T14:33:37.609470+00:00
[2023-04-10T14:33:37.625+0000] {processor.py:175} INFO - Processing /home/airflow/.local/lib/python3.7/site-packages/airflow/example_dags/example_task_group_decorator.py took 0.109 seconds
[2023-04-10T14:34:08.068+0000] {processor.py:153} INFO - Started process (PID=689) to work on /home/airflow/.local/lib/python3.7/site-packages/airflow/example_dags/example_task_group_decorator.py
[2023-04-10T14:34:08.068+0000] {processor.py:743} INFO - Processing file /home/airflow/.local/lib/python3.7/site-packages/airflow/example_dags/example_task_group_decorator.py for tasks to queue
[2023-04-10T14:34:08.069+0000] {logging_mixin.py:137} INFO - [2023-04-10T14:34:08.069+0000] {dagbag.py:532} INFO - Filling up the DagBag from /home/airflow/.local/lib/python3.7/site-packages/airflow/example_dags/example_task_group_decorator.py
[2023-04-10T14:34:08.098+0000] {processor.py:753} INFO - DAG(s) dict_keys(['example_task_group_decorator']) retrieved from /home/airflow/.local/lib/python3.7/site-packages/airflow/example_dags/example_task_group_decorator.py
[2023-04-10T14:34:08.130+0000] {logging_mixin.py:137} INFO - [2023-04-10T14:34:08.130+0000] {dag.py:2705} INFO - Sync 1 DAGs
[2023-04-10T14:34:08.161+0000] {logging_mixin.py:137} INFO - [2023-04-10T14:34:08.161+0000] {dag.py:3456} INFO - Setting next_dagrun for example_task_group_decorator to 2023-04-09T14:34:08.161070+00:00, run_after=2023-04-10T14:34:08.161070+00:00
[2023-04-10T14:34:08.177+0000] {processor.py:175} INFO - Processing /home/airflow/.local/lib/python3.7/site-packages/airflow/example_dags/example_task_group_decorator.py took 0.111 seconds
[2023-04-10T14:34:38.742+0000] {processor.py:153} INFO - Started process (PID=913) to work on /home/airflow/.local/lib/python3.7/site-packages/airflow/example_dags/example_task_group_decorator.py
[2023-04-10T14:34:38.743+0000] {processor.py:743} INFO - Processing file /home/airflow/.local/lib/python3.7/site-packages/airflow/example_dags/example_task_group_decorator.py for tasks to queue
[2023-04-10T14:34:38.743+0000] {logging_mixin.py:137} INFO - [2023-04-10T14:34:38.743+0000] {dagbag.py:532} INFO - Filling up the DagBag from /home/airflow/.local/lib/python3.7/site-packages/airflow/example_dags/example_task_group_decorator.py
[2023-04-10T14:34:38.774+0000] {processor.py:753} INFO - DAG(s) dict_keys(['example_task_group_decorator']) retrieved from /home/airflow/.local/lib/python3.7/site-packages/airflow/example_dags/example_task_group_decorator.py
[2023-04-10T14:34:38.805+0000] {logging_mixin.py:137} INFO - [2023-04-10T14:34:38.805+0000] {dag.py:2705} INFO - Sync 1 DAGs
[2023-04-10T14:34:38.837+0000] {logging_mixin.py:137} INFO - [2023-04-10T14:34:38.837+0000] {dag.py:3456} INFO - Setting next_dagrun for example_task_group_decorator to 2023-04-09T14:34:38.837387+00:00, run_after=2023-04-10T14:34:38.837387+00:00
[2023-04-10T14:34:38.855+0000] {processor.py:175} INFO - Processing /home/airflow/.local/lib/python3.7/site-packages/airflow/example_dags/example_task_group_decorator.py took 0.115 seconds
[2023-04-10T14:35:09.530+0000] {processor.py:153} INFO - Started process (PID=1135) to work on /home/airflow/.local/lib/python3.7/site-packages/airflow/example_dags/example_task_group_decorator.py
[2023-04-10T14:35:09.533+0000] {processor.py:743} INFO - Processing file /home/airflow/.local/lib/python3.7/site-packages/airflow/example_dags/example_task_group_decorator.py for tasks to queue
[2023-04-10T14:35:09.533+0000] {logging_mixin.py:137} INFO - [2023-04-10T14:35:09.533+0000] {dagbag.py:532} INFO - Filling up the DagBag from /home/airflow/.local/lib/python3.7/site-packages/airflow/example_dags/example_task_group_decorator.py
[2023-04-10T14:35:09.565+0000] {processor.py:753} INFO - DAG(s) dict_keys(['example_task_group_decorator']) retrieved from /home/airflow/.local/lib/python3.7/site-packages/airflow/example_dags/example_task_group_decorator.py
[2023-04-10T14:35:09.596+0000] {logging_mixin.py:137} INFO - [2023-04-10T14:35:09.596+0000] {dag.py:2705} INFO - Sync 1 DAGs
[2023-04-10T14:35:09.635+0000] {logging_mixin.py:137} INFO - [2023-04-10T14:35:09.635+0000] {dag.py:3456} INFO - Setting next_dagrun for example_task_group_decorator to 2023-04-09T14:35:09.635115+00:00, run_after=2023-04-10T14:35:09.635115+00:00
[2023-04-10T14:35:09.655+0000] {processor.py:175} INFO - Processing /home/airflow/.local/lib/python3.7/site-packages/airflow/example_dags/example_task_group_decorator.py took 0.127 seconds
[2023-04-10T14:35:40.345+0000] {processor.py:153} INFO - Started process (PID=1359) to work on /home/airflow/.local/lib/python3.7/site-packages/airflow/example_dags/example_task_group_decorator.py
[2023-04-10T14:35:40.345+0000] {processor.py:743} INFO - Processing file /home/airflow/.local/lib/python3.7/site-packages/airflow/example_dags/example_task_group_decorator.py for tasks to queue
[2023-04-10T14:35:40.346+0000] {logging_mixin.py:137} INFO - [2023-04-10T14:35:40.346+0000] {dagbag.py:532} INFO - Filling up the DagBag from /home/airflow/.local/lib/python3.7/site-packages/airflow/example_dags/example_task_group_decorator.py
[2023-04-10T14:35:40.380+0000] {processor.py:753} INFO - DAG(s) dict_keys(['example_task_group_decorator']) retrieved from /home/airflow/.local/lib/python3.7/site-packages/airflow/example_dags/example_task_group_decorator.py
[2023-04-10T14:35:40.413+0000] {logging_mixin.py:137} INFO - [2023-04-10T14:35:40.413+0000] {dag.py:2705} INFO - Sync 1 DAGs
[2023-04-10T14:35:40.450+0000] {logging_mixin.py:137} INFO - [2023-04-10T14:35:40.450+0000] {dag.py:3456} INFO - Setting next_dagrun for example_task_group_decorator to 2023-04-09T14:35:40.450526+00:00, run_after=2023-04-10T14:35:40.450526+00:00
[2023-04-10T14:35:40.469+0000] {processor.py:175} INFO - Processing /home/airflow/.local/lib/python3.7/site-packages/airflow/example_dags/example_task_group_decorator.py took 0.126 seconds
