[2023-04-10T14:33:06.887+0000] {processor.py:153} INFO - Started process (PID=181) to work on /home/airflow/.local/lib/python3.7/site-packages/airflow/example_dags/example_branch_python_dop_operator_3.py
[2023-04-10T14:33:06.888+0000] {processor.py:743} INFO - Processing file /home/airflow/.local/lib/python3.7/site-packages/airflow/example_dags/example_branch_python_dop_operator_3.py for tasks to queue
[2023-04-10T14:33:06.888+0000] {logging_mixin.py:137} INFO - [2023-04-10T14:33:06.888+0000] {dagbag.py:532} INFO - Filling up the DagBag from /home/airflow/.local/lib/python3.7/site-packages/airflow/example_dags/example_branch_python_dop_operator_3.py
[2023-04-10T14:33:06.913+0000] {processor.py:753} INFO - DAG(s) dict_keys(['example_branch_dop_operator_v3']) retrieved from /home/airflow/.local/lib/python3.7/site-packages/airflow/example_dags/example_branch_python_dop_operator_3.py
[2023-04-10T14:33:06.935+0000] {logging_mixin.py:137} INFO - [2023-04-10T14:33:06.934+0000] {dag.py:2705} INFO - Sync 1 DAGs
[2023-04-10T14:33:06.974+0000] {logging_mixin.py:137} INFO - [2023-04-10T14:33:06.973+0000] {dag.py:3456} INFO - Setting next_dagrun for example_branch_dop_operator_v3 to 2023-04-10T14:32:00+00:00, run_after=2023-04-10T14:33:00+00:00
[2023-04-10T14:33:06.991+0000] {processor.py:175} INFO - Processing /home/airflow/.local/lib/python3.7/site-packages/airflow/example_dags/example_branch_python_dop_operator_3.py took 0.106 seconds
[2023-04-10T14:33:37.185+0000] {processor.py:153} INFO - Started process (PID=433) to work on /home/airflow/.local/lib/python3.7/site-packages/airflow/example_dags/example_branch_python_dop_operator_3.py
[2023-04-10T14:33:37.186+0000] {processor.py:743} INFO - Processing file /home/airflow/.local/lib/python3.7/site-packages/airflow/example_dags/example_branch_python_dop_operator_3.py for tasks to queue
[2023-04-10T14:33:37.186+0000] {logging_mixin.py:137} INFO - [2023-04-10T14:33:37.186+0000] {dagbag.py:532} INFO - Filling up the DagBag from /home/airflow/.local/lib/python3.7/site-packages/airflow/example_dags/example_branch_python_dop_operator_3.py
[2023-04-10T14:33:37.208+0000] {processor.py:753} INFO - DAG(s) dict_keys(['example_branch_dop_operator_v3']) retrieved from /home/airflow/.local/lib/python3.7/site-packages/airflow/example_dags/example_branch_python_dop_operator_3.py
[2023-04-10T14:33:37.230+0000] {logging_mixin.py:137} INFO - [2023-04-10T14:33:37.229+0000] {dag.py:2705} INFO - Sync 1 DAGs
[2023-04-10T14:33:37.268+0000] {logging_mixin.py:137} INFO - [2023-04-10T14:33:37.268+0000] {dag.py:3456} INFO - Setting next_dagrun for example_branch_dop_operator_v3 to 2023-04-10T14:32:00+00:00, run_after=2023-04-10T14:33:00+00:00
[2023-04-10T14:33:37.282+0000] {processor.py:175} INFO - Processing /home/airflow/.local/lib/python3.7/site-packages/airflow/example_dags/example_branch_python_dop_operator_3.py took 0.100 seconds
[2023-04-10T14:34:07.705+0000] {processor.py:153} INFO - Started process (PID=654) to work on /home/airflow/.local/lib/python3.7/site-packages/airflow/example_dags/example_branch_python_dop_operator_3.py
[2023-04-10T14:34:07.705+0000] {processor.py:743} INFO - Processing file /home/airflow/.local/lib/python3.7/site-packages/airflow/example_dags/example_branch_python_dop_operator_3.py for tasks to queue
[2023-04-10T14:34:07.706+0000] {logging_mixin.py:137} INFO - [2023-04-10T14:34:07.706+0000] {dagbag.py:532} INFO - Filling up the DagBag from /home/airflow/.local/lib/python3.7/site-packages/airflow/example_dags/example_branch_python_dop_operator_3.py
[2023-04-10T14:34:07.729+0000] {processor.py:753} INFO - DAG(s) dict_keys(['example_branch_dop_operator_v3']) retrieved from /home/airflow/.local/lib/python3.7/site-packages/airflow/example_dags/example_branch_python_dop_operator_3.py
[2023-04-10T14:34:07.751+0000] {logging_mixin.py:137} INFO - [2023-04-10T14:34:07.751+0000] {dag.py:2705} INFO - Sync 1 DAGs
[2023-04-10T14:34:07.790+0000] {logging_mixin.py:137} INFO - [2023-04-10T14:34:07.790+0000] {dag.py:3456} INFO - Setting next_dagrun for example_branch_dop_operator_v3 to 2023-04-10T14:33:00+00:00, run_after=2023-04-10T14:34:00+00:00
[2023-04-10T14:34:07.809+0000] {processor.py:175} INFO - Processing /home/airflow/.local/lib/python3.7/site-packages/airflow/example_dags/example_branch_python_dop_operator_3.py took 0.106 seconds
[2023-04-10T14:34:38.310+0000] {processor.py:153} INFO - Started process (PID=878) to work on /home/airflow/.local/lib/python3.7/site-packages/airflow/example_dags/example_branch_python_dop_operator_3.py
[2023-04-10T14:34:38.310+0000] {processor.py:743} INFO - Processing file /home/airflow/.local/lib/python3.7/site-packages/airflow/example_dags/example_branch_python_dop_operator_3.py for tasks to queue
[2023-04-10T14:34:38.311+0000] {logging_mixin.py:137} INFO - [2023-04-10T14:34:38.311+0000] {dagbag.py:532} INFO - Filling up the DagBag from /home/airflow/.local/lib/python3.7/site-packages/airflow/example_dags/example_branch_python_dop_operator_3.py
[2023-04-10T14:34:38.336+0000] {processor.py:753} INFO - DAG(s) dict_keys(['example_branch_dop_operator_v3']) retrieved from /home/airflow/.local/lib/python3.7/site-packages/airflow/example_dags/example_branch_python_dop_operator_3.py
[2023-04-10T14:34:38.360+0000] {logging_mixin.py:137} INFO - [2023-04-10T14:34:38.360+0000] {dag.py:2705} INFO - Sync 1 DAGs
[2023-04-10T14:34:38.402+0000] {logging_mixin.py:137} INFO - [2023-04-10T14:34:38.402+0000] {dag.py:3456} INFO - Setting next_dagrun for example_branch_dop_operator_v3 to 2023-04-10T14:33:00+00:00, run_after=2023-04-10T14:34:00+00:00
[2023-04-10T14:34:38.421+0000] {processor.py:175} INFO - Processing /home/airflow/.local/lib/python3.7/site-packages/airflow/example_dags/example_branch_python_dop_operator_3.py took 0.114 seconds
[2023-04-10T14:35:08.992+0000] {processor.py:153} INFO - Started process (PID=1101) to work on /home/airflow/.local/lib/python3.7/site-packages/airflow/example_dags/example_branch_python_dop_operator_3.py
[2023-04-10T14:35:08.993+0000] {processor.py:743} INFO - Processing file /home/airflow/.local/lib/python3.7/site-packages/airflow/example_dags/example_branch_python_dop_operator_3.py for tasks to queue
[2023-04-10T14:35:08.993+0000] {logging_mixin.py:137} INFO - [2023-04-10T14:35:08.993+0000] {dagbag.py:532} INFO - Filling up the DagBag from /home/airflow/.local/lib/python3.7/site-packages/airflow/example_dags/example_branch_python_dop_operator_3.py
[2023-04-10T14:35:09.021+0000] {processor.py:753} INFO - DAG(s) dict_keys(['example_branch_dop_operator_v3']) retrieved from /home/airflow/.local/lib/python3.7/site-packages/airflow/example_dags/example_branch_python_dop_operator_3.py
[2023-04-10T14:35:09.048+0000] {logging_mixin.py:137} INFO - [2023-04-10T14:35:09.048+0000] {dag.py:2705} INFO - Sync 1 DAGs
[2023-04-10T14:35:09.092+0000] {logging_mixin.py:137} INFO - [2023-04-10T14:35:09.092+0000] {dag.py:3456} INFO - Setting next_dagrun for example_branch_dop_operator_v3 to 2023-04-10T14:34:00+00:00, run_after=2023-04-10T14:35:00+00:00
[2023-04-10T14:35:09.111+0000] {processor.py:175} INFO - Processing /home/airflow/.local/lib/python3.7/site-packages/airflow/example_dags/example_branch_python_dop_operator_3.py took 0.121 seconds
[2023-04-10T14:35:39.890+0000] {processor.py:153} INFO - Started process (PID=1324) to work on /home/airflow/.local/lib/python3.7/site-packages/airflow/example_dags/example_branch_python_dop_operator_3.py
[2023-04-10T14:35:39.891+0000] {processor.py:743} INFO - Processing file /home/airflow/.local/lib/python3.7/site-packages/airflow/example_dags/example_branch_python_dop_operator_3.py for tasks to queue
[2023-04-10T14:35:39.891+0000] {logging_mixin.py:137} INFO - [2023-04-10T14:35:39.891+0000] {dagbag.py:532} INFO - Filling up the DagBag from /home/airflow/.local/lib/python3.7/site-packages/airflow/example_dags/example_branch_python_dop_operator_3.py
[2023-04-10T14:35:39.919+0000] {processor.py:753} INFO - DAG(s) dict_keys(['example_branch_dop_operator_v3']) retrieved from /home/airflow/.local/lib/python3.7/site-packages/airflow/example_dags/example_branch_python_dop_operator_3.py
[2023-04-10T14:35:39.941+0000] {logging_mixin.py:137} INFO - [2023-04-10T14:35:39.941+0000] {dag.py:2705} INFO - Sync 1 DAGs
[2023-04-10T14:35:39.986+0000] {logging_mixin.py:137} INFO - [2023-04-10T14:35:39.985+0000] {dag.py:3456} INFO - Setting next_dagrun for example_branch_dop_operator_v3 to 2023-04-10T14:34:00+00:00, run_after=2023-04-10T14:35:00+00:00
[2023-04-10T14:35:40.006+0000] {processor.py:175} INFO - Processing /home/airflow/.local/lib/python3.7/site-packages/airflow/example_dags/example_branch_python_dop_operator_3.py took 0.118 seconds
