[2023-04-10T14:33:07.792+0000] {processor.py:153} INFO - Started process (PID=256) to work on /home/airflow/.local/lib/python3.7/site-packages/airflow/example_dags/example_latest_only.py
[2023-04-10T14:33:07.793+0000] {processor.py:743} INFO - Processing file /home/airflow/.local/lib/python3.7/site-packages/airflow/example_dags/example_latest_only.py for tasks to queue
[2023-04-10T14:33:07.793+0000] {logging_mixin.py:137} INFO - [2023-04-10T14:33:07.793+0000] {dagbag.py:532} INFO - Filling up the DagBag from /home/airflow/.local/lib/python3.7/site-packages/airflow/example_dags/example_latest_only.py
[2023-04-10T14:33:07.806+0000] {processor.py:753} INFO - DAG(s) dict_keys(['latest_only']) retrieved from /home/airflow/.local/lib/python3.7/site-packages/airflow/example_dags/example_latest_only.py
[2023-04-10T14:33:07.826+0000] {logging_mixin.py:137} INFO - [2023-04-10T14:33:07.826+0000] {dag.py:2705} INFO - Sync 1 DAGs
[2023-04-10T14:33:07.857+0000] {logging_mixin.py:137} INFO - [2023-04-10T14:33:07.856+0000] {dag.py:3456} INFO - Setting next_dagrun for latest_only to 2023-04-10T10:33:07.856773+00:00, run_after=2023-04-10T14:33:07.856773+00:00
[2023-04-10T14:33:07.873+0000] {processor.py:175} INFO - Processing /home/airflow/.local/lib/python3.7/site-packages/airflow/example_dags/example_latest_only.py took 0.083 seconds
[2023-04-10T14:33:38.047+0000] {processor.py:153} INFO - Started process (PID=506) to work on /home/airflow/.local/lib/python3.7/site-packages/airflow/example_dags/example_latest_only.py
[2023-04-10T14:33:38.048+0000] {processor.py:743} INFO - Processing file /home/airflow/.local/lib/python3.7/site-packages/airflow/example_dags/example_latest_only.py for tasks to queue
[2023-04-10T14:33:38.048+0000] {logging_mixin.py:137} INFO - [2023-04-10T14:33:38.048+0000] {dagbag.py:532} INFO - Filling up the DagBag from /home/airflow/.local/lib/python3.7/site-packages/airflow/example_dags/example_latest_only.py
[2023-04-10T14:33:38.058+0000] {processor.py:753} INFO - DAG(s) dict_keys(['latest_only']) retrieved from /home/airflow/.local/lib/python3.7/site-packages/airflow/example_dags/example_latest_only.py
[2023-04-10T14:33:38.078+0000] {logging_mixin.py:137} INFO - [2023-04-10T14:33:38.078+0000] {dag.py:2705} INFO - Sync 1 DAGs
[2023-04-10T14:33:38.110+0000] {logging_mixin.py:137} INFO - [2023-04-10T14:33:38.109+0000] {dag.py:3456} INFO - Setting next_dagrun for latest_only to 2023-04-10T10:33:38.109794+00:00, run_after=2023-04-10T14:33:38.109794+00:00
[2023-04-10T14:33:38.126+0000] {processor.py:175} INFO - Processing /home/airflow/.local/lib/python3.7/site-packages/airflow/example_dags/example_latest_only.py took 0.081 seconds
[2023-04-10T14:34:08.600+0000] {processor.py:153} INFO - Started process (PID=729) to work on /home/airflow/.local/lib/python3.7/site-packages/airflow/example_dags/example_latest_only.py
[2023-04-10T14:34:08.600+0000] {processor.py:743} INFO - Processing file /home/airflow/.local/lib/python3.7/site-packages/airflow/example_dags/example_latest_only.py for tasks to queue
[2023-04-10T14:34:08.600+0000] {logging_mixin.py:137} INFO - [2023-04-10T14:34:08.600+0000] {dagbag.py:532} INFO - Filling up the DagBag from /home/airflow/.local/lib/python3.7/site-packages/airflow/example_dags/example_latest_only.py
[2023-04-10T14:34:08.611+0000] {processor.py:753} INFO - DAG(s) dict_keys(['latest_only']) retrieved from /home/airflow/.local/lib/python3.7/site-packages/airflow/example_dags/example_latest_only.py
[2023-04-10T14:34:08.632+0000] {logging_mixin.py:137} INFO - [2023-04-10T14:34:08.632+0000] {dag.py:2705} INFO - Sync 1 DAGs
[2023-04-10T14:34:08.663+0000] {logging_mixin.py:137} INFO - [2023-04-10T14:34:08.663+0000] {dag.py:3456} INFO - Setting next_dagrun for latest_only to 2023-04-10T10:34:08.663256+00:00, run_after=2023-04-10T14:34:08.663256+00:00
[2023-04-10T14:34:08.680+0000] {processor.py:175} INFO - Processing /home/airflow/.local/lib/python3.7/site-packages/airflow/example_dags/example_latest_only.py took 0.082 seconds
[2023-04-10T14:34:39.222+0000] {processor.py:153} INFO - Started process (PID=948) to work on /home/airflow/.local/lib/python3.7/site-packages/airflow/example_dags/example_latest_only.py
[2023-04-10T14:34:39.223+0000] {processor.py:743} INFO - Processing file /home/airflow/.local/lib/python3.7/site-packages/airflow/example_dags/example_latest_only.py for tasks to queue
[2023-04-10T14:34:39.223+0000] {logging_mixin.py:137} INFO - [2023-04-10T14:34:39.223+0000] {dagbag.py:532} INFO - Filling up the DagBag from /home/airflow/.local/lib/python3.7/site-packages/airflow/example_dags/example_latest_only.py
[2023-04-10T14:34:39.234+0000] {processor.py:753} INFO - DAG(s) dict_keys(['latest_only']) retrieved from /home/airflow/.local/lib/python3.7/site-packages/airflow/example_dags/example_latest_only.py
[2023-04-10T14:34:39.257+0000] {logging_mixin.py:137} INFO - [2023-04-10T14:34:39.257+0000] {dag.py:2705} INFO - Sync 1 DAGs
[2023-04-10T14:34:39.291+0000] {logging_mixin.py:137} INFO - [2023-04-10T14:34:39.290+0000] {dag.py:3456} INFO - Setting next_dagrun for latest_only to 2023-04-10T10:34:39.290805+00:00, run_after=2023-04-10T14:34:39.290805+00:00
[2023-04-10T14:34:39.309+0000] {processor.py:175} INFO - Processing /home/airflow/.local/lib/python3.7/site-packages/airflow/example_dags/example_latest_only.py took 0.090 seconds
[2023-04-10T14:35:10.170+0000] {processor.py:153} INFO - Started process (PID=1176) to work on /home/airflow/.local/lib/python3.7/site-packages/airflow/example_dags/example_latest_only.py
[2023-04-10T14:35:10.170+0000] {processor.py:743} INFO - Processing file /home/airflow/.local/lib/python3.7/site-packages/airflow/example_dags/example_latest_only.py for tasks to queue
[2023-04-10T14:35:10.171+0000] {logging_mixin.py:137} INFO - [2023-04-10T14:35:10.171+0000] {dagbag.py:532} INFO - Filling up the DagBag from /home/airflow/.local/lib/python3.7/site-packages/airflow/example_dags/example_latest_only.py
[2023-04-10T14:35:10.184+0000] {processor.py:753} INFO - DAG(s) dict_keys(['latest_only']) retrieved from /home/airflow/.local/lib/python3.7/site-packages/airflow/example_dags/example_latest_only.py
[2023-04-10T14:35:10.211+0000] {logging_mixin.py:137} INFO - [2023-04-10T14:35:10.211+0000] {dag.py:2705} INFO - Sync 1 DAGs
[2023-04-10T14:35:10.246+0000] {logging_mixin.py:137} INFO - [2023-04-10T14:35:10.246+0000] {dag.py:3456} INFO - Setting next_dagrun for latest_only to 2023-04-10T10:35:10.246336+00:00, run_after=2023-04-10T14:35:10.246336+00:00
[2023-04-10T14:35:10.271+0000] {processor.py:175} INFO - Processing /home/airflow/.local/lib/python3.7/site-packages/airflow/example_dags/example_latest_only.py took 0.104 seconds
[2023-04-10T14:35:40.894+0000] {processor.py:153} INFO - Started process (PID=1401) to work on /home/airflow/.local/lib/python3.7/site-packages/airflow/example_dags/example_latest_only.py
[2023-04-10T14:35:40.895+0000] {processor.py:743} INFO - Processing file /home/airflow/.local/lib/python3.7/site-packages/airflow/example_dags/example_latest_only.py for tasks to queue
[2023-04-10T14:35:40.896+0000] {logging_mixin.py:137} INFO - [2023-04-10T14:35:40.895+0000] {dagbag.py:532} INFO - Filling up the DagBag from /home/airflow/.local/lib/python3.7/site-packages/airflow/example_dags/example_latest_only.py
[2023-04-10T14:35:40.908+0000] {processor.py:753} INFO - DAG(s) dict_keys(['latest_only']) retrieved from /home/airflow/.local/lib/python3.7/site-packages/airflow/example_dags/example_latest_only.py
[2023-04-10T14:35:40.932+0000] {logging_mixin.py:137} INFO - [2023-04-10T14:35:40.932+0000] {dag.py:2705} INFO - Sync 1 DAGs
[2023-04-10T14:35:40.966+0000] {logging_mixin.py:137} INFO - [2023-04-10T14:35:40.966+0000] {dag.py:3456} INFO - Setting next_dagrun for latest_only to 2023-04-10T10:35:40.966169+00:00, run_after=2023-04-10T14:35:40.966169+00:00
[2023-04-10T14:35:40.983+0000] {processor.py:175} INFO - Processing /home/airflow/.local/lib/python3.7/site-packages/airflow/example_dags/example_latest_only.py took 0.091 seconds
