[2023-04-10T14:33:07.665+0000] {processor.py:153} INFO - Started process (PID=246) to work on /home/airflow/.local/lib/python3.7/site-packages/airflow/example_dags/example_complex.py
[2023-04-10T14:33:07.666+0000] {processor.py:743} INFO - Processing file /home/airflow/.local/lib/python3.7/site-packages/airflow/example_dags/example_complex.py for tasks to queue
[2023-04-10T14:33:07.666+0000] {logging_mixin.py:137} INFO - [2023-04-10T14:33:07.666+0000] {dagbag.py:532} INFO - Filling up the DagBag from /home/airflow/.local/lib/python3.7/site-packages/airflow/example_dags/example_complex.py
[2023-04-10T14:33:07.683+0000] {logging_mixin.py:137} INFO - [2023-04-10T14:33:07.683+0000] {taskmixin.py:211} WARNING - Dependency <Task(BashOperator): create_entry_group>, delete_entry_group already registered for DAG: example_complex
[2023-04-10T14:33:07.684+0000] {logging_mixin.py:137} INFO - [2023-04-10T14:33:07.683+0000] {taskmixin.py:211} WARNING - Dependency <Task(BashOperator): delete_entry_group>, create_entry_group already registered for DAG: example_complex
[2023-04-10T14:33:07.684+0000] {logging_mixin.py:137} INFO - [2023-04-10T14:33:07.684+0000] {taskmixin.py:211} WARNING - Dependency <Task(BashOperator): create_entry_gcs>, delete_entry already registered for DAG: example_complex
[2023-04-10T14:33:07.684+0000] {logging_mixin.py:137} INFO - [2023-04-10T14:33:07.684+0000] {taskmixin.py:211} WARNING - Dependency <Task(BashOperator): delete_entry>, create_entry_gcs already registered for DAG: example_complex
[2023-04-10T14:33:07.685+0000] {logging_mixin.py:137} INFO - [2023-04-10T14:33:07.684+0000] {taskmixin.py:211} WARNING - Dependency <Task(BashOperator): create_tag>, delete_tag already registered for DAG: example_complex
[2023-04-10T14:33:07.685+0000] {logging_mixin.py:137} INFO - [2023-04-10T14:33:07.685+0000] {taskmixin.py:211} WARNING - Dependency <Task(BashOperator): delete_tag>, create_tag already registered for DAG: example_complex
[2023-04-10T14:33:07.693+0000] {processor.py:753} INFO - DAG(s) dict_keys(['example_complex']) retrieved from /home/airflow/.local/lib/python3.7/site-packages/airflow/example_dags/example_complex.py
[2023-04-10T14:33:07.731+0000] {logging_mixin.py:137} INFO - [2023-04-10T14:33:07.731+0000] {dag.py:2705} INFO - Sync 1 DAGs
[2023-04-10T14:33:07.763+0000] {logging_mixin.py:137} INFO - [2023-04-10T14:33:07.763+0000] {dag.py:3456} INFO - Setting next_dagrun for example_complex to None, run_after=None
[2023-04-10T14:33:07.779+0000] {processor.py:175} INFO - Processing /home/airflow/.local/lib/python3.7/site-packages/airflow/example_dags/example_complex.py took 0.116 seconds
[2023-04-10T14:33:37.926+0000] {processor.py:153} INFO - Started process (PID=498) to work on /home/airflow/.local/lib/python3.7/site-packages/airflow/example_dags/example_complex.py
[2023-04-10T14:33:37.927+0000] {processor.py:743} INFO - Processing file /home/airflow/.local/lib/python3.7/site-packages/airflow/example_dags/example_complex.py for tasks to queue
[2023-04-10T14:33:37.927+0000] {logging_mixin.py:137} INFO - [2023-04-10T14:33:37.927+0000] {dagbag.py:532} INFO - Filling up the DagBag from /home/airflow/.local/lib/python3.7/site-packages/airflow/example_dags/example_complex.py
[2023-04-10T14:33:37.939+0000] {logging_mixin.py:137} INFO - [2023-04-10T14:33:37.939+0000] {taskmixin.py:211} WARNING - Dependency <Task(BashOperator): create_entry_group>, delete_entry_group already registered for DAG: example_complex
[2023-04-10T14:33:37.940+0000] {logging_mixin.py:137} INFO - [2023-04-10T14:33:37.939+0000] {taskmixin.py:211} WARNING - Dependency <Task(BashOperator): delete_entry_group>, create_entry_group already registered for DAG: example_complex
[2023-04-10T14:33:37.940+0000] {logging_mixin.py:137} INFO - [2023-04-10T14:33:37.940+0000] {taskmixin.py:211} WARNING - Dependency <Task(BashOperator): create_entry_gcs>, delete_entry already registered for DAG: example_complex
[2023-04-10T14:33:37.940+0000] {logging_mixin.py:137} INFO - [2023-04-10T14:33:37.940+0000] {taskmixin.py:211} WARNING - Dependency <Task(BashOperator): delete_entry>, create_entry_gcs already registered for DAG: example_complex
[2023-04-10T14:33:37.941+0000] {logging_mixin.py:137} INFO - [2023-04-10T14:33:37.940+0000] {taskmixin.py:211} WARNING - Dependency <Task(BashOperator): create_tag>, delete_tag already registered for DAG: example_complex
[2023-04-10T14:33:37.941+0000] {logging_mixin.py:137} INFO - [2023-04-10T14:33:37.941+0000] {taskmixin.py:211} WARNING - Dependency <Task(BashOperator): delete_tag>, create_tag already registered for DAG: example_complex
[2023-04-10T14:33:37.948+0000] {processor.py:753} INFO - DAG(s) dict_keys(['example_complex']) retrieved from /home/airflow/.local/lib/python3.7/site-packages/airflow/example_dags/example_complex.py
[2023-04-10T14:33:37.986+0000] {logging_mixin.py:137} INFO - [2023-04-10T14:33:37.986+0000] {dag.py:2705} INFO - Sync 1 DAGs
[2023-04-10T14:33:38.017+0000] {logging_mixin.py:137} INFO - [2023-04-10T14:33:38.017+0000] {dag.py:3456} INFO - Setting next_dagrun for example_complex to None, run_after=None
[2023-04-10T14:33:38.033+0000] {processor.py:175} INFO - Processing /home/airflow/.local/lib/python3.7/site-packages/airflow/example_dags/example_complex.py took 0.109 seconds
[2023-04-10T14:34:08.477+0000] {processor.py:153} INFO - Started process (PID=721) to work on /home/airflow/.local/lib/python3.7/site-packages/airflow/example_dags/example_complex.py
[2023-04-10T14:34:08.478+0000] {processor.py:743} INFO - Processing file /home/airflow/.local/lib/python3.7/site-packages/airflow/example_dags/example_complex.py for tasks to queue
[2023-04-10T14:34:08.478+0000] {logging_mixin.py:137} INFO - [2023-04-10T14:34:08.478+0000] {dagbag.py:532} INFO - Filling up the DagBag from /home/airflow/.local/lib/python3.7/site-packages/airflow/example_dags/example_complex.py
[2023-04-10T14:34:08.491+0000] {logging_mixin.py:137} INFO - [2023-04-10T14:34:08.491+0000] {taskmixin.py:211} WARNING - Dependency <Task(BashOperator): create_entry_group>, delete_entry_group already registered for DAG: example_complex
[2023-04-10T14:34:08.491+0000] {logging_mixin.py:137} INFO - [2023-04-10T14:34:08.491+0000] {taskmixin.py:211} WARNING - Dependency <Task(BashOperator): delete_entry_group>, create_entry_group already registered for DAG: example_complex
[2023-04-10T14:34:08.492+0000] {logging_mixin.py:137} INFO - [2023-04-10T14:34:08.491+0000] {taskmixin.py:211} WARNING - Dependency <Task(BashOperator): create_entry_gcs>, delete_entry already registered for DAG: example_complex
[2023-04-10T14:34:08.492+0000] {logging_mixin.py:137} INFO - [2023-04-10T14:34:08.492+0000] {taskmixin.py:211} WARNING - Dependency <Task(BashOperator): delete_entry>, create_entry_gcs already registered for DAG: example_complex
[2023-04-10T14:34:08.492+0000] {logging_mixin.py:137} INFO - [2023-04-10T14:34:08.492+0000] {taskmixin.py:211} WARNING - Dependency <Task(BashOperator): create_tag>, delete_tag already registered for DAG: example_complex
[2023-04-10T14:34:08.492+0000] {logging_mixin.py:137} INFO - [2023-04-10T14:34:08.492+0000] {taskmixin.py:211} WARNING - Dependency <Task(BashOperator): delete_tag>, create_tag already registered for DAG: example_complex
[2023-04-10T14:34:08.500+0000] {processor.py:753} INFO - DAG(s) dict_keys(['example_complex']) retrieved from /home/airflow/.local/lib/python3.7/site-packages/airflow/example_dags/example_complex.py
[2023-04-10T14:34:08.539+0000] {logging_mixin.py:137} INFO - [2023-04-10T14:34:08.539+0000] {dag.py:2705} INFO - Sync 1 DAGs
[2023-04-10T14:34:08.568+0000] {logging_mixin.py:137} INFO - [2023-04-10T14:34:08.568+0000] {dag.py:3456} INFO - Setting next_dagrun for example_complex to None, run_after=None
[2023-04-10T14:34:08.584+0000] {processor.py:175} INFO - Processing /home/airflow/.local/lib/python3.7/site-packages/airflow/example_dags/example_complex.py took 0.109 seconds
[2023-04-10T14:34:39.185+0000] {processor.py:153} INFO - Started process (PID=943) to work on /home/airflow/.local/lib/python3.7/site-packages/airflow/example_dags/example_complex.py
[2023-04-10T14:34:39.186+0000] {processor.py:743} INFO - Processing file /home/airflow/.local/lib/python3.7/site-packages/airflow/example_dags/example_complex.py for tasks to queue
[2023-04-10T14:34:39.187+0000] {logging_mixin.py:137} INFO - [2023-04-10T14:34:39.187+0000] {dagbag.py:532} INFO - Filling up the DagBag from /home/airflow/.local/lib/python3.7/site-packages/airflow/example_dags/example_complex.py
[2023-04-10T14:34:39.204+0000] {logging_mixin.py:137} INFO - [2023-04-10T14:34:39.203+0000] {taskmixin.py:211} WARNING - Dependency <Task(BashOperator): create_entry_group>, delete_entry_group already registered for DAG: example_complex
[2023-04-10T14:34:39.204+0000] {logging_mixin.py:137} INFO - [2023-04-10T14:34:39.204+0000] {taskmixin.py:211} WARNING - Dependency <Task(BashOperator): delete_entry_group>, create_entry_group already registered for DAG: example_complex
[2023-04-10T14:34:39.204+0000] {logging_mixin.py:137} INFO - [2023-04-10T14:34:39.204+0000] {taskmixin.py:211} WARNING - Dependency <Task(BashOperator): create_entry_gcs>, delete_entry already registered for DAG: example_complex
[2023-04-10T14:34:39.205+0000] {logging_mixin.py:137} INFO - [2023-04-10T14:34:39.204+0000] {taskmixin.py:211} WARNING - Dependency <Task(BashOperator): delete_entry>, create_entry_gcs already registered for DAG: example_complex
[2023-04-10T14:34:39.205+0000] {logging_mixin.py:137} INFO - [2023-04-10T14:34:39.205+0000] {taskmixin.py:211} WARNING - Dependency <Task(BashOperator): create_tag>, delete_tag already registered for DAG: example_complex
[2023-04-10T14:34:39.206+0000] {logging_mixin.py:137} INFO - [2023-04-10T14:34:39.205+0000] {taskmixin.py:211} WARNING - Dependency <Task(BashOperator): delete_tag>, create_tag already registered for DAG: example_complex
[2023-04-10T14:34:39.217+0000] {processor.py:753} INFO - DAG(s) dict_keys(['example_complex']) retrieved from /home/airflow/.local/lib/python3.7/site-packages/airflow/example_dags/example_complex.py
[2023-04-10T14:34:39.259+0000] {logging_mixin.py:137} INFO - [2023-04-10T14:34:39.258+0000] {dag.py:2705} INFO - Sync 1 DAGs
[2023-04-10T14:34:39.291+0000] {logging_mixin.py:137} INFO - [2023-04-10T14:34:39.291+0000] {dag.py:3456} INFO - Setting next_dagrun for example_complex to None, run_after=None
[2023-04-10T14:34:39.308+0000] {processor.py:175} INFO - Processing /home/airflow/.local/lib/python3.7/site-packages/airflow/example_dags/example_complex.py took 0.125 seconds
[2023-04-10T14:35:10.030+0000] {processor.py:153} INFO - Started process (PID=1166) to work on /home/airflow/.local/lib/python3.7/site-packages/airflow/example_dags/example_complex.py
[2023-04-10T14:35:10.030+0000] {processor.py:743} INFO - Processing file /home/airflow/.local/lib/python3.7/site-packages/airflow/example_dags/example_complex.py for tasks to queue
[2023-04-10T14:35:10.031+0000] {logging_mixin.py:137} INFO - [2023-04-10T14:35:10.031+0000] {dagbag.py:532} INFO - Filling up the DagBag from /home/airflow/.local/lib/python3.7/site-packages/airflow/example_dags/example_complex.py
[2023-04-10T14:35:10.044+0000] {logging_mixin.py:137} INFO - [2023-04-10T14:35:10.044+0000] {taskmixin.py:211} WARNING - Dependency <Task(BashOperator): create_entry_group>, delete_entry_group already registered for DAG: example_complex
[2023-04-10T14:35:10.044+0000] {logging_mixin.py:137} INFO - [2023-04-10T14:35:10.044+0000] {taskmixin.py:211} WARNING - Dependency <Task(BashOperator): delete_entry_group>, create_entry_group already registered for DAG: example_complex
[2023-04-10T14:35:10.044+0000] {logging_mixin.py:137} INFO - [2023-04-10T14:35:10.044+0000] {taskmixin.py:211} WARNING - Dependency <Task(BashOperator): create_entry_gcs>, delete_entry already registered for DAG: example_complex
[2023-04-10T14:35:10.044+0000] {logging_mixin.py:137} INFO - [2023-04-10T14:35:10.044+0000] {taskmixin.py:211} WARNING - Dependency <Task(BashOperator): delete_entry>, create_entry_gcs already registered for DAG: example_complex
[2023-04-10T14:35:10.045+0000] {logging_mixin.py:137} INFO - [2023-04-10T14:35:10.045+0000] {taskmixin.py:211} WARNING - Dependency <Task(BashOperator): create_tag>, delete_tag already registered for DAG: example_complex
[2023-04-10T14:35:10.045+0000] {logging_mixin.py:137} INFO - [2023-04-10T14:35:10.045+0000] {taskmixin.py:211} WARNING - Dependency <Task(BashOperator): delete_tag>, create_tag already registered for DAG: example_complex
[2023-04-10T14:35:10.053+0000] {processor.py:753} INFO - DAG(s) dict_keys(['example_complex']) retrieved from /home/airflow/.local/lib/python3.7/site-packages/airflow/example_dags/example_complex.py
[2023-04-10T14:35:10.093+0000] {logging_mixin.py:137} INFO - [2023-04-10T14:35:10.093+0000] {dag.py:2705} INFO - Sync 1 DAGs
[2023-04-10T14:35:10.130+0000] {logging_mixin.py:137} INFO - [2023-04-10T14:35:10.130+0000] {dag.py:3456} INFO - Setting next_dagrun for example_complex to None, run_after=None
[2023-04-10T14:35:10.152+0000] {processor.py:175} INFO - Processing /home/airflow/.local/lib/python3.7/site-packages/airflow/example_dags/example_complex.py took 0.125 seconds
[2023-04-10T14:35:40.761+0000] {processor.py:153} INFO - Started process (PID=1389) to work on /home/airflow/.local/lib/python3.7/site-packages/airflow/example_dags/example_complex.py
[2023-04-10T14:35:40.762+0000] {processor.py:743} INFO - Processing file /home/airflow/.local/lib/python3.7/site-packages/airflow/example_dags/example_complex.py for tasks to queue
[2023-04-10T14:35:40.762+0000] {logging_mixin.py:137} INFO - [2023-04-10T14:35:40.762+0000] {dagbag.py:532} INFO - Filling up the DagBag from /home/airflow/.local/lib/python3.7/site-packages/airflow/example_dags/example_complex.py
[2023-04-10T14:35:40.776+0000] {logging_mixin.py:137} INFO - [2023-04-10T14:35:40.776+0000] {taskmixin.py:211} WARNING - Dependency <Task(BashOperator): create_entry_group>, delete_entry_group already registered for DAG: example_complex
[2023-04-10T14:35:40.776+0000] {logging_mixin.py:137} INFO - [2023-04-10T14:35:40.776+0000] {taskmixin.py:211} WARNING - Dependency <Task(BashOperator): delete_entry_group>, create_entry_group already registered for DAG: example_complex
[2023-04-10T14:35:40.776+0000] {logging_mixin.py:137} INFO - [2023-04-10T14:35:40.776+0000] {taskmixin.py:211} WARNING - Dependency <Task(BashOperator): create_entry_gcs>, delete_entry already registered for DAG: example_complex
[2023-04-10T14:35:40.777+0000] {logging_mixin.py:137} INFO - [2023-04-10T14:35:40.777+0000] {taskmixin.py:211} WARNING - Dependency <Task(BashOperator): delete_entry>, create_entry_gcs already registered for DAG: example_complex
[2023-04-10T14:35:40.777+0000] {logging_mixin.py:137} INFO - [2023-04-10T14:35:40.777+0000] {taskmixin.py:211} WARNING - Dependency <Task(BashOperator): create_tag>, delete_tag already registered for DAG: example_complex
[2023-04-10T14:35:40.777+0000] {logging_mixin.py:137} INFO - [2023-04-10T14:35:40.777+0000] {taskmixin.py:211} WARNING - Dependency <Task(BashOperator): delete_tag>, create_tag already registered for DAG: example_complex
[2023-04-10T14:35:40.786+0000] {processor.py:753} INFO - DAG(s) dict_keys(['example_complex']) retrieved from /home/airflow/.local/lib/python3.7/site-packages/airflow/example_dags/example_complex.py
[2023-04-10T14:35:40.827+0000] {logging_mixin.py:137} INFO - [2023-04-10T14:35:40.827+0000] {dag.py:2705} INFO - Sync 1 DAGs
[2023-04-10T14:35:40.862+0000] {logging_mixin.py:137} INFO - [2023-04-10T14:35:40.862+0000] {dag.py:3456} INFO - Setting next_dagrun for example_complex to None, run_after=None
[2023-04-10T14:35:40.880+0000] {processor.py:175} INFO - Processing /home/airflow/.local/lib/python3.7/site-packages/airflow/example_dags/example_complex.py took 0.122 seconds
[2023-04-10T14:40:51.089+0000] {processor.py:153} INFO - Started process (PID=247) to work on /home/airflow/.local/lib/python3.7/site-packages/airflow/example_dags/example_complex.py
[2023-04-10T14:40:51.090+0000] {processor.py:743} INFO - Processing file /home/airflow/.local/lib/python3.7/site-packages/airflow/example_dags/example_complex.py for tasks to queue
[2023-04-10T14:40:51.090+0000] {logging_mixin.py:137} INFO - [2023-04-10T14:40:51.090+0000] {dagbag.py:532} INFO - Filling up the DagBag from /home/airflow/.local/lib/python3.7/site-packages/airflow/example_dags/example_complex.py
[2023-04-10T14:40:51.107+0000] {logging_mixin.py:137} INFO - [2023-04-10T14:40:51.106+0000] {taskmixin.py:211} WARNING - Dependency <Task(BashOperator): create_entry_group>, delete_entry_group already registered for DAG: example_complex
[2023-04-10T14:40:51.107+0000] {logging_mixin.py:137} INFO - [2023-04-10T14:40:51.107+0000] {taskmixin.py:211} WARNING - Dependency <Task(BashOperator): delete_entry_group>, create_entry_group already registered for DAG: example_complex
[2023-04-10T14:40:51.107+0000] {logging_mixin.py:137} INFO - [2023-04-10T14:40:51.107+0000] {taskmixin.py:211} WARNING - Dependency <Task(BashOperator): create_entry_gcs>, delete_entry already registered for DAG: example_complex
[2023-04-10T14:40:51.107+0000] {logging_mixin.py:137} INFO - [2023-04-10T14:40:51.107+0000] {taskmixin.py:211} WARNING - Dependency <Task(BashOperator): delete_entry>, create_entry_gcs already registered for DAG: example_complex
[2023-04-10T14:40:51.108+0000] {logging_mixin.py:137} INFO - [2023-04-10T14:40:51.108+0000] {taskmixin.py:211} WARNING - Dependency <Task(BashOperator): create_tag>, delete_tag already registered for DAG: example_complex
[2023-04-10T14:40:51.108+0000] {logging_mixin.py:137} INFO - [2023-04-10T14:40:51.108+0000] {taskmixin.py:211} WARNING - Dependency <Task(BashOperator): delete_tag>, create_tag already registered for DAG: example_complex
[2023-04-10T14:40:51.122+0000] {processor.py:753} INFO - DAG(s) dict_keys(['example_complex']) retrieved from /home/airflow/.local/lib/python3.7/site-packages/airflow/example_dags/example_complex.py
[2023-04-10T14:40:51.134+0000] {logging_mixin.py:137} INFO - [2023-04-10T14:40:51.134+0000] {dag.py:2705} INFO - Sync 1 DAGs
[2023-04-10T14:40:51.178+0000] {logging_mixin.py:137} INFO - [2023-04-10T14:40:51.177+0000] {dag.py:3456} INFO - Setting next_dagrun for example_complex to None, run_after=None
[2023-04-10T14:40:51.198+0000] {processor.py:175} INFO - Processing /home/airflow/.local/lib/python3.7/site-packages/airflow/example_dags/example_complex.py took 0.111 seconds
[2023-04-10T14:42:04.379+0000] {processor.py:153} INFO - Started process (PID=246) to work on /home/airflow/.local/lib/python3.7/site-packages/airflow/example_dags/example_complex.py
[2023-04-10T14:42:04.380+0000] {processor.py:743} INFO - Processing file /home/airflow/.local/lib/python3.7/site-packages/airflow/example_dags/example_complex.py for tasks to queue
[2023-04-10T14:42:04.380+0000] {logging_mixin.py:137} INFO - [2023-04-10T14:42:04.380+0000] {dagbag.py:532} INFO - Filling up the DagBag from /home/airflow/.local/lib/python3.7/site-packages/airflow/example_dags/example_complex.py
[2023-04-10T14:42:04.396+0000] {logging_mixin.py:137} INFO - [2023-04-10T14:42:04.396+0000] {taskmixin.py:211} WARNING - Dependency <Task(BashOperator): create_entry_group>, delete_entry_group already registered for DAG: example_complex
[2023-04-10T14:42:04.396+0000] {logging_mixin.py:137} INFO - [2023-04-10T14:42:04.396+0000] {taskmixin.py:211} WARNING - Dependency <Task(BashOperator): delete_entry_group>, create_entry_group already registered for DAG: example_complex
[2023-04-10T14:42:04.396+0000] {logging_mixin.py:137} INFO - [2023-04-10T14:42:04.396+0000] {taskmixin.py:211} WARNING - Dependency <Task(BashOperator): create_entry_gcs>, delete_entry already registered for DAG: example_complex
[2023-04-10T14:42:04.396+0000] {logging_mixin.py:137} INFO - [2023-04-10T14:42:04.396+0000] {taskmixin.py:211} WARNING - Dependency <Task(BashOperator): delete_entry>, create_entry_gcs already registered for DAG: example_complex
[2023-04-10T14:42:04.397+0000] {logging_mixin.py:137} INFO - [2023-04-10T14:42:04.397+0000] {taskmixin.py:211} WARNING - Dependency <Task(BashOperator): create_tag>, delete_tag already registered for DAG: example_complex
[2023-04-10T14:42:04.397+0000] {logging_mixin.py:137} INFO - [2023-04-10T14:42:04.397+0000] {taskmixin.py:211} WARNING - Dependency <Task(BashOperator): delete_tag>, create_tag already registered for DAG: example_complex
[2023-04-10T14:42:04.405+0000] {processor.py:753} INFO - DAG(s) dict_keys(['example_complex']) retrieved from /home/airflow/.local/lib/python3.7/site-packages/airflow/example_dags/example_complex.py
[2023-04-10T14:42:04.414+0000] {logging_mixin.py:137} INFO - [2023-04-10T14:42:04.414+0000] {dag.py:2705} INFO - Sync 1 DAGs
[2023-04-10T14:42:04.447+0000] {logging_mixin.py:137} INFO - [2023-04-10T14:42:04.447+0000] {dag.py:3456} INFO - Setting next_dagrun for example_complex to None, run_after=None
[2023-04-10T14:42:04.466+0000] {processor.py:175} INFO - Processing /home/airflow/.local/lib/python3.7/site-packages/airflow/example_dags/example_complex.py took 0.090 seconds
[2023-04-10T14:42:34.835+0000] {processor.py:153} INFO - Started process (PID=496) to work on /home/airflow/.local/lib/python3.7/site-packages/airflow/example_dags/example_complex.py
[2023-04-10T14:42:34.837+0000] {processor.py:743} INFO - Processing file /home/airflow/.local/lib/python3.7/site-packages/airflow/example_dags/example_complex.py for tasks to queue
[2023-04-10T14:42:34.837+0000] {logging_mixin.py:137} INFO - [2023-04-10T14:42:34.837+0000] {dagbag.py:532} INFO - Filling up the DagBag from /home/airflow/.local/lib/python3.7/site-packages/airflow/example_dags/example_complex.py
[2023-04-10T14:42:34.854+0000] {logging_mixin.py:137} INFO - [2023-04-10T14:42:34.853+0000] {taskmixin.py:211} WARNING - Dependency <Task(BashOperator): create_entry_group>, delete_entry_group already registered for DAG: example_complex
[2023-04-10T14:42:34.854+0000] {logging_mixin.py:137} INFO - [2023-04-10T14:42:34.854+0000] {taskmixin.py:211} WARNING - Dependency <Task(BashOperator): delete_entry_group>, create_entry_group already registered for DAG: example_complex
[2023-04-10T14:42:34.854+0000] {logging_mixin.py:137} INFO - [2023-04-10T14:42:34.854+0000] {taskmixin.py:211} WARNING - Dependency <Task(BashOperator): create_entry_gcs>, delete_entry already registered for DAG: example_complex
[2023-04-10T14:42:34.855+0000] {logging_mixin.py:137} INFO - [2023-04-10T14:42:34.855+0000] {taskmixin.py:211} WARNING - Dependency <Task(BashOperator): delete_entry>, create_entry_gcs already registered for DAG: example_complex
[2023-04-10T14:42:34.855+0000] {logging_mixin.py:137} INFO - [2023-04-10T14:42:34.855+0000] {taskmixin.py:211} WARNING - Dependency <Task(BashOperator): create_tag>, delete_tag already registered for DAG: example_complex
[2023-04-10T14:42:34.856+0000] {logging_mixin.py:137} INFO - [2023-04-10T14:42:34.856+0000] {taskmixin.py:211} WARNING - Dependency <Task(BashOperator): delete_tag>, create_tag already registered for DAG: example_complex
[2023-04-10T14:42:34.866+0000] {processor.py:753} INFO - DAG(s) dict_keys(['example_complex']) retrieved from /home/airflow/.local/lib/python3.7/site-packages/airflow/example_dags/example_complex.py
[2023-04-10T14:42:34.915+0000] {logging_mixin.py:137} INFO - [2023-04-10T14:42:34.915+0000] {dag.py:2705} INFO - Sync 1 DAGs
[2023-04-10T14:42:34.954+0000] {logging_mixin.py:137} INFO - [2023-04-10T14:42:34.954+0000] {dag.py:3456} INFO - Setting next_dagrun for example_complex to None, run_after=None
[2023-04-10T14:42:34.974+0000] {processor.py:175} INFO - Processing /home/airflow/.local/lib/python3.7/site-packages/airflow/example_dags/example_complex.py took 0.143 seconds
[2023-04-10T14:43:05.359+0000] {processor.py:153} INFO - Started process (PID=719) to work on /home/airflow/.local/lib/python3.7/site-packages/airflow/example_dags/example_complex.py
[2023-04-10T14:43:05.360+0000] {processor.py:743} INFO - Processing file /home/airflow/.local/lib/python3.7/site-packages/airflow/example_dags/example_complex.py for tasks to queue
[2023-04-10T14:43:05.361+0000] {logging_mixin.py:137} INFO - [2023-04-10T14:43:05.361+0000] {dagbag.py:532} INFO - Filling up the DagBag from /home/airflow/.local/lib/python3.7/site-packages/airflow/example_dags/example_complex.py
[2023-04-10T14:43:05.376+0000] {logging_mixin.py:137} INFO - [2023-04-10T14:43:05.376+0000] {taskmixin.py:211} WARNING - Dependency <Task(BashOperator): create_entry_group>, delete_entry_group already registered for DAG: example_complex
[2023-04-10T14:43:05.377+0000] {logging_mixin.py:137} INFO - [2023-04-10T14:43:05.376+0000] {taskmixin.py:211} WARNING - Dependency <Task(BashOperator): delete_entry_group>, create_entry_group already registered for DAG: example_complex
[2023-04-10T14:43:05.377+0000] {logging_mixin.py:137} INFO - [2023-04-10T14:43:05.377+0000] {taskmixin.py:211} WARNING - Dependency <Task(BashOperator): create_entry_gcs>, delete_entry already registered for DAG: example_complex
[2023-04-10T14:43:05.377+0000] {logging_mixin.py:137} INFO - [2023-04-10T14:43:05.377+0000] {taskmixin.py:211} WARNING - Dependency <Task(BashOperator): delete_entry>, create_entry_gcs already registered for DAG: example_complex
[2023-04-10T14:43:05.378+0000] {logging_mixin.py:137} INFO - [2023-04-10T14:43:05.378+0000] {taskmixin.py:211} WARNING - Dependency <Task(BashOperator): create_tag>, delete_tag already registered for DAG: example_complex
[2023-04-10T14:43:05.378+0000] {logging_mixin.py:137} INFO - [2023-04-10T14:43:05.378+0000] {taskmixin.py:211} WARNING - Dependency <Task(BashOperator): delete_tag>, create_tag already registered for DAG: example_complex
[2023-04-10T14:43:05.387+0000] {processor.py:753} INFO - DAG(s) dict_keys(['example_complex']) retrieved from /home/airflow/.local/lib/python3.7/site-packages/airflow/example_dags/example_complex.py
[2023-04-10T14:43:05.441+0000] {logging_mixin.py:137} INFO - [2023-04-10T14:43:05.441+0000] {dag.py:2705} INFO - Sync 1 DAGs
[2023-04-10T14:43:05.480+0000] {logging_mixin.py:137} INFO - [2023-04-10T14:43:05.480+0000] {dag.py:3456} INFO - Setting next_dagrun for example_complex to None, run_after=None
[2023-04-10T14:43:05.508+0000] {processor.py:175} INFO - Processing /home/airflow/.local/lib/python3.7/site-packages/airflow/example_dags/example_complex.py took 0.151 seconds
[2023-04-10T14:43:35.935+0000] {processor.py:153} INFO - Started process (PID=943) to work on /home/airflow/.local/lib/python3.7/site-packages/airflow/example_dags/example_complex.py
[2023-04-10T14:43:35.935+0000] {processor.py:743} INFO - Processing file /home/airflow/.local/lib/python3.7/site-packages/airflow/example_dags/example_complex.py for tasks to queue
[2023-04-10T14:43:35.936+0000] {logging_mixin.py:137} INFO - [2023-04-10T14:43:35.936+0000] {dagbag.py:532} INFO - Filling up the DagBag from /home/airflow/.local/lib/python3.7/site-packages/airflow/example_dags/example_complex.py
[2023-04-10T14:43:35.954+0000] {logging_mixin.py:137} INFO - [2023-04-10T14:43:35.954+0000] {taskmixin.py:211} WARNING - Dependency <Task(BashOperator): create_entry_group>, delete_entry_group already registered for DAG: example_complex
[2023-04-10T14:43:35.954+0000] {logging_mixin.py:137} INFO - [2023-04-10T14:43:35.954+0000] {taskmixin.py:211} WARNING - Dependency <Task(BashOperator): delete_entry_group>, create_entry_group already registered for DAG: example_complex
[2023-04-10T14:43:35.955+0000] {logging_mixin.py:137} INFO - [2023-04-10T14:43:35.955+0000] {taskmixin.py:211} WARNING - Dependency <Task(BashOperator): create_entry_gcs>, delete_entry already registered for DAG: example_complex
[2023-04-10T14:43:35.955+0000] {logging_mixin.py:137} INFO - [2023-04-10T14:43:35.955+0000] {taskmixin.py:211} WARNING - Dependency <Task(BashOperator): delete_entry>, create_entry_gcs already registered for DAG: example_complex
[2023-04-10T14:43:35.956+0000] {logging_mixin.py:137} INFO - [2023-04-10T14:43:35.956+0000] {taskmixin.py:211} WARNING - Dependency <Task(BashOperator): create_tag>, delete_tag already registered for DAG: example_complex
[2023-04-10T14:43:35.956+0000] {logging_mixin.py:137} INFO - [2023-04-10T14:43:35.956+0000] {taskmixin.py:211} WARNING - Dependency <Task(BashOperator): delete_tag>, create_tag already registered for DAG: example_complex
[2023-04-10T14:43:35.967+0000] {processor.py:753} INFO - DAG(s) dict_keys(['example_complex']) retrieved from /home/airflow/.local/lib/python3.7/site-packages/airflow/example_dags/example_complex.py
[2023-04-10T14:43:36.014+0000] {logging_mixin.py:137} INFO - [2023-04-10T14:43:36.013+0000] {dag.py:2705} INFO - Sync 1 DAGs
[2023-04-10T14:43:36.055+0000] {logging_mixin.py:137} INFO - [2023-04-10T14:43:36.054+0000] {dag.py:3456} INFO - Setting next_dagrun for example_complex to None, run_after=None
[2023-04-10T14:43:36.077+0000] {processor.py:175} INFO - Processing /home/airflow/.local/lib/python3.7/site-packages/airflow/example_dags/example_complex.py took 0.145 seconds
[2023-04-10T14:44:06.400+0000] {processor.py:153} INFO - Started process (PID=1165) to work on /home/airflow/.local/lib/python3.7/site-packages/airflow/example_dags/example_complex.py
[2023-04-10T14:44:06.401+0000] {processor.py:743} INFO - Processing file /home/airflow/.local/lib/python3.7/site-packages/airflow/example_dags/example_complex.py for tasks to queue
[2023-04-10T14:44:06.402+0000] {logging_mixin.py:137} INFO - [2023-04-10T14:44:06.402+0000] {dagbag.py:532} INFO - Filling up the DagBag from /home/airflow/.local/lib/python3.7/site-packages/airflow/example_dags/example_complex.py
[2023-04-10T14:44:06.416+0000] {logging_mixin.py:137} INFO - [2023-04-10T14:44:06.415+0000] {taskmixin.py:211} WARNING - Dependency <Task(BashOperator): create_entry_group>, delete_entry_group already registered for DAG: example_complex
[2023-04-10T14:44:06.416+0000] {logging_mixin.py:137} INFO - [2023-04-10T14:44:06.416+0000] {taskmixin.py:211} WARNING - Dependency <Task(BashOperator): delete_entry_group>, create_entry_group already registered for DAG: example_complex
[2023-04-10T14:44:06.416+0000] {logging_mixin.py:137} INFO - [2023-04-10T14:44:06.416+0000] {taskmixin.py:211} WARNING - Dependency <Task(BashOperator): create_entry_gcs>, delete_entry already registered for DAG: example_complex
[2023-04-10T14:44:06.416+0000] {logging_mixin.py:137} INFO - [2023-04-10T14:44:06.416+0000] {taskmixin.py:211} WARNING - Dependency <Task(BashOperator): delete_entry>, create_entry_gcs already registered for DAG: example_complex
[2023-04-10T14:44:06.417+0000] {logging_mixin.py:137} INFO - [2023-04-10T14:44:06.417+0000] {taskmixin.py:211} WARNING - Dependency <Task(BashOperator): create_tag>, delete_tag already registered for DAG: example_complex
[2023-04-10T14:44:06.417+0000] {logging_mixin.py:137} INFO - [2023-04-10T14:44:06.417+0000] {taskmixin.py:211} WARNING - Dependency <Task(BashOperator): delete_tag>, create_tag already registered for DAG: example_complex
[2023-04-10T14:44:06.426+0000] {processor.py:753} INFO - DAG(s) dict_keys(['example_complex']) retrieved from /home/airflow/.local/lib/python3.7/site-packages/airflow/example_dags/example_complex.py
[2023-04-10T14:44:06.480+0000] {logging_mixin.py:137} INFO - [2023-04-10T14:44:06.480+0000] {dag.py:2705} INFO - Sync 1 DAGs
[2023-04-10T14:44:06.520+0000] {logging_mixin.py:137} INFO - [2023-04-10T14:44:06.520+0000] {dag.py:3456} INFO - Setting next_dagrun for example_complex to None, run_after=None
[2023-04-10T14:44:06.552+0000] {processor.py:175} INFO - Processing /home/airflow/.local/lib/python3.7/site-packages/airflow/example_dags/example_complex.py took 0.156 seconds
[2023-04-10T14:44:36.590+0000] {processor.py:153} INFO - Started process (PID=1388) to work on /home/airflow/.local/lib/python3.7/site-packages/airflow/example_dags/example_complex.py
[2023-04-10T14:44:36.591+0000] {processor.py:743} INFO - Processing file /home/airflow/.local/lib/python3.7/site-packages/airflow/example_dags/example_complex.py for tasks to queue
[2023-04-10T14:44:36.591+0000] {logging_mixin.py:137} INFO - [2023-04-10T14:44:36.591+0000] {dagbag.py:532} INFO - Filling up the DagBag from /home/airflow/.local/lib/python3.7/site-packages/airflow/example_dags/example_complex.py
[2023-04-10T14:44:36.607+0000] {logging_mixin.py:137} INFO - [2023-04-10T14:44:36.607+0000] {taskmixin.py:211} WARNING - Dependency <Task(BashOperator): create_entry_group>, delete_entry_group already registered for DAG: example_complex
[2023-04-10T14:44:36.607+0000] {logging_mixin.py:137} INFO - [2023-04-10T14:44:36.607+0000] {taskmixin.py:211} WARNING - Dependency <Task(BashOperator): delete_entry_group>, create_entry_group already registered for DAG: example_complex
[2023-04-10T14:44:36.608+0000] {logging_mixin.py:137} INFO - [2023-04-10T14:44:36.607+0000] {taskmixin.py:211} WARNING - Dependency <Task(BashOperator): create_entry_gcs>, delete_entry already registered for DAG: example_complex
[2023-04-10T14:44:36.608+0000] {logging_mixin.py:137} INFO - [2023-04-10T14:44:36.608+0000] {taskmixin.py:211} WARNING - Dependency <Task(BashOperator): delete_entry>, create_entry_gcs already registered for DAG: example_complex
[2023-04-10T14:44:36.608+0000] {logging_mixin.py:137} INFO - [2023-04-10T14:44:36.608+0000] {taskmixin.py:211} WARNING - Dependency <Task(BashOperator): create_tag>, delete_tag already registered for DAG: example_complex
[2023-04-10T14:44:36.609+0000] {logging_mixin.py:137} INFO - [2023-04-10T14:44:36.608+0000] {taskmixin.py:211} WARNING - Dependency <Task(BashOperator): delete_tag>, create_tag already registered for DAG: example_complex
[2023-04-10T14:44:36.618+0000] {processor.py:753} INFO - DAG(s) dict_keys(['example_complex']) retrieved from /home/airflow/.local/lib/python3.7/site-packages/airflow/example_dags/example_complex.py
[2023-04-10T14:44:36.680+0000] {logging_mixin.py:137} INFO - [2023-04-10T14:44:36.680+0000] {dag.py:2705} INFO - Sync 1 DAGs
[2023-04-10T14:44:36.732+0000] {logging_mixin.py:137} INFO - [2023-04-10T14:44:36.731+0000] {dag.py:3456} INFO - Setting next_dagrun for example_complex to None, run_after=None
[2023-04-10T14:44:36.758+0000] {processor.py:175} INFO - Processing /home/airflow/.local/lib/python3.7/site-packages/airflow/example_dags/example_complex.py took 0.171 seconds
[2023-04-10T14:45:06.868+0000] {processor.py:153} INFO - Started process (PID=1617) to work on /home/airflow/.local/lib/python3.7/site-packages/airflow/example_dags/example_complex.py
[2023-04-10T14:45:06.870+0000] {processor.py:743} INFO - Processing file /home/airflow/.local/lib/python3.7/site-packages/airflow/example_dags/example_complex.py for tasks to queue
[2023-04-10T14:45:06.871+0000] {logging_mixin.py:137} INFO - [2023-04-10T14:45:06.871+0000] {dagbag.py:532} INFO - Filling up the DagBag from /home/airflow/.local/lib/python3.7/site-packages/airflow/example_dags/example_complex.py
[2023-04-10T14:45:06.886+0000] {logging_mixin.py:137} INFO - [2023-04-10T14:45:06.886+0000] {taskmixin.py:211} WARNING - Dependency <Task(BashOperator): create_entry_group>, delete_entry_group already registered for DAG: example_complex
[2023-04-10T14:45:06.887+0000] {logging_mixin.py:137} INFO - [2023-04-10T14:45:06.887+0000] {taskmixin.py:211} WARNING - Dependency <Task(BashOperator): delete_entry_group>, create_entry_group already registered for DAG: example_complex
[2023-04-10T14:45:06.887+0000] {logging_mixin.py:137} INFO - [2023-04-10T14:45:06.887+0000] {taskmixin.py:211} WARNING - Dependency <Task(BashOperator): create_entry_gcs>, delete_entry already registered for DAG: example_complex
[2023-04-10T14:45:06.887+0000] {logging_mixin.py:137} INFO - [2023-04-10T14:45:06.887+0000] {taskmixin.py:211} WARNING - Dependency <Task(BashOperator): delete_entry>, create_entry_gcs already registered for DAG: example_complex
[2023-04-10T14:45:06.888+0000] {logging_mixin.py:137} INFO - [2023-04-10T14:45:06.888+0000] {taskmixin.py:211} WARNING - Dependency <Task(BashOperator): create_tag>, delete_tag already registered for DAG: example_complex
[2023-04-10T14:45:06.888+0000] {logging_mixin.py:137} INFO - [2023-04-10T14:45:06.888+0000] {taskmixin.py:211} WARNING - Dependency <Task(BashOperator): delete_tag>, create_tag already registered for DAG: example_complex
[2023-04-10T14:45:06.896+0000] {processor.py:753} INFO - DAG(s) dict_keys(['example_complex']) retrieved from /home/airflow/.local/lib/python3.7/site-packages/airflow/example_dags/example_complex.py
[2023-04-10T14:45:06.947+0000] {logging_mixin.py:137} INFO - [2023-04-10T14:45:06.946+0000] {dag.py:2705} INFO - Sync 1 DAGs
[2023-04-10T14:45:06.989+0000] {logging_mixin.py:137} INFO - [2023-04-10T14:45:06.988+0000] {dag.py:3456} INFO - Setting next_dagrun for example_complex to None, run_after=None
[2023-04-10T14:45:07.014+0000] {processor.py:175} INFO - Processing /home/airflow/.local/lib/python3.7/site-packages/airflow/example_dags/example_complex.py took 0.149 seconds
[2023-04-10T14:45:37.069+0000] {processor.py:153} INFO - Started process (PID=1835) to work on /home/airflow/.local/lib/python3.7/site-packages/airflow/example_dags/example_complex.py
[2023-04-10T14:45:37.070+0000] {processor.py:743} INFO - Processing file /home/airflow/.local/lib/python3.7/site-packages/airflow/example_dags/example_complex.py for tasks to queue
[2023-04-10T14:45:37.071+0000] {logging_mixin.py:137} INFO - [2023-04-10T14:45:37.070+0000] {dagbag.py:532} INFO - Filling up the DagBag from /home/airflow/.local/lib/python3.7/site-packages/airflow/example_dags/example_complex.py
[2023-04-10T14:45:37.086+0000] {logging_mixin.py:137} INFO - [2023-04-10T14:45:37.086+0000] {taskmixin.py:211} WARNING - Dependency <Task(BashOperator): create_entry_group>, delete_entry_group already registered for DAG: example_complex
[2023-04-10T14:45:37.086+0000] {logging_mixin.py:137} INFO - [2023-04-10T14:45:37.086+0000] {taskmixin.py:211} WARNING - Dependency <Task(BashOperator): delete_entry_group>, create_entry_group already registered for DAG: example_complex
[2023-04-10T14:45:37.087+0000] {logging_mixin.py:137} INFO - [2023-04-10T14:45:37.087+0000] {taskmixin.py:211} WARNING - Dependency <Task(BashOperator): create_entry_gcs>, delete_entry already registered for DAG: example_complex
[2023-04-10T14:45:37.087+0000] {logging_mixin.py:137} INFO - [2023-04-10T14:45:37.087+0000] {taskmixin.py:211} WARNING - Dependency <Task(BashOperator): delete_entry>, create_entry_gcs already registered for DAG: example_complex
[2023-04-10T14:45:37.088+0000] {logging_mixin.py:137} INFO - [2023-04-10T14:45:37.088+0000] {taskmixin.py:211} WARNING - Dependency <Task(BashOperator): create_tag>, delete_tag already registered for DAG: example_complex
[2023-04-10T14:45:37.088+0000] {logging_mixin.py:137} INFO - [2023-04-10T14:45:37.088+0000] {taskmixin.py:211} WARNING - Dependency <Task(BashOperator): delete_tag>, create_tag already registered for DAG: example_complex
[2023-04-10T14:45:37.096+0000] {processor.py:753} INFO - DAG(s) dict_keys(['example_complex']) retrieved from /home/airflow/.local/lib/python3.7/site-packages/airflow/example_dags/example_complex.py
[2023-04-10T14:45:37.143+0000] {logging_mixin.py:137} INFO - [2023-04-10T14:45:37.143+0000] {dag.py:2705} INFO - Sync 1 DAGs
[2023-04-10T14:45:37.176+0000] {logging_mixin.py:137} INFO - [2023-04-10T14:45:37.176+0000] {dag.py:3456} INFO - Setting next_dagrun for example_complex to None, run_after=None
[2023-04-10T14:45:37.195+0000] {processor.py:175} INFO - Processing /home/airflow/.local/lib/python3.7/site-packages/airflow/example_dags/example_complex.py took 0.128 seconds
[2023-04-10T14:46:07.234+0000] {processor.py:153} INFO - Started process (PID=2060) to work on /home/airflow/.local/lib/python3.7/site-packages/airflow/example_dags/example_complex.py
[2023-04-10T14:46:07.234+0000] {processor.py:743} INFO - Processing file /home/airflow/.local/lib/python3.7/site-packages/airflow/example_dags/example_complex.py for tasks to queue
[2023-04-10T14:46:07.235+0000] {logging_mixin.py:137} INFO - [2023-04-10T14:46:07.235+0000] {dagbag.py:532} INFO - Filling up the DagBag from /home/airflow/.local/lib/python3.7/site-packages/airflow/example_dags/example_complex.py
[2023-04-10T14:46:07.248+0000] {logging_mixin.py:137} INFO - [2023-04-10T14:46:07.248+0000] {taskmixin.py:211} WARNING - Dependency <Task(BashOperator): create_entry_group>, delete_entry_group already registered for DAG: example_complex
[2023-04-10T14:46:07.248+0000] {logging_mixin.py:137} INFO - [2023-04-10T14:46:07.248+0000] {taskmixin.py:211} WARNING - Dependency <Task(BashOperator): delete_entry_group>, create_entry_group already registered for DAG: example_complex
[2023-04-10T14:46:07.249+0000] {logging_mixin.py:137} INFO - [2023-04-10T14:46:07.249+0000] {taskmixin.py:211} WARNING - Dependency <Task(BashOperator): create_entry_gcs>, delete_entry already registered for DAG: example_complex
[2023-04-10T14:46:07.249+0000] {logging_mixin.py:137} INFO - [2023-04-10T14:46:07.249+0000] {taskmixin.py:211} WARNING - Dependency <Task(BashOperator): delete_entry>, create_entry_gcs already registered for DAG: example_complex
[2023-04-10T14:46:07.250+0000] {logging_mixin.py:137} INFO - [2023-04-10T14:46:07.249+0000] {taskmixin.py:211} WARNING - Dependency <Task(BashOperator): create_tag>, delete_tag already registered for DAG: example_complex
[2023-04-10T14:46:07.250+0000] {logging_mixin.py:137} INFO - [2023-04-10T14:46:07.250+0000] {taskmixin.py:211} WARNING - Dependency <Task(BashOperator): delete_tag>, create_tag already registered for DAG: example_complex
[2023-04-10T14:46:07.257+0000] {processor.py:753} INFO - DAG(s) dict_keys(['example_complex']) retrieved from /home/airflow/.local/lib/python3.7/site-packages/airflow/example_dags/example_complex.py
[2023-04-10T14:46:07.298+0000] {logging_mixin.py:137} INFO - [2023-04-10T14:46:07.298+0000] {dag.py:2705} INFO - Sync 1 DAGs
[2023-04-10T14:46:07.330+0000] {logging_mixin.py:137} INFO - [2023-04-10T14:46:07.329+0000] {dag.py:3456} INFO - Setting next_dagrun for example_complex to None, run_after=None
[2023-04-10T14:46:07.349+0000] {processor.py:175} INFO - Processing /home/airflow/.local/lib/python3.7/site-packages/airflow/example_dags/example_complex.py took 0.117 seconds
[2023-04-10T14:46:37.607+0000] {processor.py:153} INFO - Started process (PID=2286) to work on /home/airflow/.local/lib/python3.7/site-packages/airflow/example_dags/example_complex.py
[2023-04-10T14:46:37.607+0000] {processor.py:743} INFO - Processing file /home/airflow/.local/lib/python3.7/site-packages/airflow/example_dags/example_complex.py for tasks to queue
[2023-04-10T14:46:37.608+0000] {logging_mixin.py:137} INFO - [2023-04-10T14:46:37.608+0000] {dagbag.py:532} INFO - Filling up the DagBag from /home/airflow/.local/lib/python3.7/site-packages/airflow/example_dags/example_complex.py
[2023-04-10T14:46:37.622+0000] {logging_mixin.py:137} INFO - [2023-04-10T14:46:37.622+0000] {taskmixin.py:211} WARNING - Dependency <Task(BashOperator): create_entry_group>, delete_entry_group already registered for DAG: example_complex
[2023-04-10T14:46:37.622+0000] {logging_mixin.py:137} INFO - [2023-04-10T14:46:37.622+0000] {taskmixin.py:211} WARNING - Dependency <Task(BashOperator): delete_entry_group>, create_entry_group already registered for DAG: example_complex
[2023-04-10T14:46:37.623+0000] {logging_mixin.py:137} INFO - [2023-04-10T14:46:37.622+0000] {taskmixin.py:211} WARNING - Dependency <Task(BashOperator): create_entry_gcs>, delete_entry already registered for DAG: example_complex
[2023-04-10T14:46:37.623+0000] {logging_mixin.py:137} INFO - [2023-04-10T14:46:37.623+0000] {taskmixin.py:211} WARNING - Dependency <Task(BashOperator): delete_entry>, create_entry_gcs already registered for DAG: example_complex
[2023-04-10T14:46:37.623+0000] {logging_mixin.py:137} INFO - [2023-04-10T14:46:37.623+0000] {taskmixin.py:211} WARNING - Dependency <Task(BashOperator): create_tag>, delete_tag already registered for DAG: example_complex
[2023-04-10T14:46:37.623+0000] {logging_mixin.py:137} INFO - [2023-04-10T14:46:37.623+0000] {taskmixin.py:211} WARNING - Dependency <Task(BashOperator): delete_tag>, create_tag already registered for DAG: example_complex
[2023-04-10T14:46:37.631+0000] {processor.py:753} INFO - DAG(s) dict_keys(['example_complex']) retrieved from /home/airflow/.local/lib/python3.7/site-packages/airflow/example_dags/example_complex.py
[2023-04-10T14:46:37.673+0000] {logging_mixin.py:137} INFO - [2023-04-10T14:46:37.672+0000] {dag.py:2705} INFO - Sync 1 DAGs
[2023-04-10T14:46:37.707+0000] {logging_mixin.py:137} INFO - [2023-04-10T14:46:37.707+0000] {dag.py:3456} INFO - Setting next_dagrun for example_complex to None, run_after=None
[2023-04-10T14:46:37.726+0000] {processor.py:175} INFO - Processing /home/airflow/.local/lib/python3.7/site-packages/airflow/example_dags/example_complex.py took 0.122 seconds
[2023-04-10T14:47:08.482+0000] {processor.py:153} INFO - Started process (PID=2509) to work on /home/airflow/.local/lib/python3.7/site-packages/airflow/example_dags/example_complex.py
[2023-04-10T14:47:08.482+0000] {processor.py:743} INFO - Processing file /home/airflow/.local/lib/python3.7/site-packages/airflow/example_dags/example_complex.py for tasks to queue
[2023-04-10T14:47:08.483+0000] {logging_mixin.py:137} INFO - [2023-04-10T14:47:08.483+0000] {dagbag.py:532} INFO - Filling up the DagBag from /home/airflow/.local/lib/python3.7/site-packages/airflow/example_dags/example_complex.py
[2023-04-10T14:47:08.496+0000] {logging_mixin.py:137} INFO - [2023-04-10T14:47:08.496+0000] {taskmixin.py:211} WARNING - Dependency <Task(BashOperator): create_entry_group>, delete_entry_group already registered for DAG: example_complex
[2023-04-10T14:47:08.496+0000] {logging_mixin.py:137} INFO - [2023-04-10T14:47:08.496+0000] {taskmixin.py:211} WARNING - Dependency <Task(BashOperator): delete_entry_group>, create_entry_group already registered for DAG: example_complex
[2023-04-10T14:47:08.497+0000] {logging_mixin.py:137} INFO - [2023-04-10T14:47:08.496+0000] {taskmixin.py:211} WARNING - Dependency <Task(BashOperator): create_entry_gcs>, delete_entry already registered for DAG: example_complex
[2023-04-10T14:47:08.497+0000] {logging_mixin.py:137} INFO - [2023-04-10T14:47:08.497+0000] {taskmixin.py:211} WARNING - Dependency <Task(BashOperator): delete_entry>, create_entry_gcs already registered for DAG: example_complex
[2023-04-10T14:47:08.497+0000] {logging_mixin.py:137} INFO - [2023-04-10T14:47:08.497+0000] {taskmixin.py:211} WARNING - Dependency <Task(BashOperator): create_tag>, delete_tag already registered for DAG: example_complex
[2023-04-10T14:47:08.498+0000] {logging_mixin.py:137} INFO - [2023-04-10T14:47:08.497+0000] {taskmixin.py:211} WARNING - Dependency <Task(BashOperator): delete_tag>, create_tag already registered for DAG: example_complex
[2023-04-10T14:47:08.505+0000] {processor.py:753} INFO - DAG(s) dict_keys(['example_complex']) retrieved from /home/airflow/.local/lib/python3.7/site-packages/airflow/example_dags/example_complex.py
[2023-04-10T14:47:08.545+0000] {logging_mixin.py:137} INFO - [2023-04-10T14:47:08.545+0000] {dag.py:2705} INFO - Sync 1 DAGs
[2023-04-10T14:47:08.576+0000] {logging_mixin.py:137} INFO - [2023-04-10T14:47:08.576+0000] {dag.py:3456} INFO - Setting next_dagrun for example_complex to None, run_after=None
[2023-04-10T14:47:08.593+0000] {processor.py:175} INFO - Processing /home/airflow/.local/lib/python3.7/site-packages/airflow/example_dags/example_complex.py took 0.114 seconds
[2023-04-10T14:47:39.391+0000] {processor.py:153} INFO - Started process (PID=2756) to work on /home/airflow/.local/lib/python3.7/site-packages/airflow/example_dags/example_complex.py
[2023-04-10T14:47:39.392+0000] {processor.py:743} INFO - Processing file /home/airflow/.local/lib/python3.7/site-packages/airflow/example_dags/example_complex.py for tasks to queue
[2023-04-10T14:47:39.392+0000] {logging_mixin.py:137} INFO - [2023-04-10T14:47:39.392+0000] {dagbag.py:532} INFO - Filling up the DagBag from /home/airflow/.local/lib/python3.7/site-packages/airflow/example_dags/example_complex.py
[2023-04-10T14:47:39.406+0000] {logging_mixin.py:137} INFO - [2023-04-10T14:47:39.406+0000] {taskmixin.py:211} WARNING - Dependency <Task(BashOperator): create_entry_group>, delete_entry_group already registered for DAG: example_complex
[2023-04-10T14:47:39.406+0000] {logging_mixin.py:137} INFO - [2023-04-10T14:47:39.406+0000] {taskmixin.py:211} WARNING - Dependency <Task(BashOperator): delete_entry_group>, create_entry_group already registered for DAG: example_complex
[2023-04-10T14:47:39.406+0000] {logging_mixin.py:137} INFO - [2023-04-10T14:47:39.406+0000] {taskmixin.py:211} WARNING - Dependency <Task(BashOperator): create_entry_gcs>, delete_entry already registered for DAG: example_complex
[2023-04-10T14:47:39.407+0000] {logging_mixin.py:137} INFO - [2023-04-10T14:47:39.406+0000] {taskmixin.py:211} WARNING - Dependency <Task(BashOperator): delete_entry>, create_entry_gcs already registered for DAG: example_complex
[2023-04-10T14:47:39.407+0000] {logging_mixin.py:137} INFO - [2023-04-10T14:47:39.407+0000] {taskmixin.py:211} WARNING - Dependency <Task(BashOperator): create_tag>, delete_tag already registered for DAG: example_complex
[2023-04-10T14:47:39.407+0000] {logging_mixin.py:137} INFO - [2023-04-10T14:47:39.407+0000] {taskmixin.py:211} WARNING - Dependency <Task(BashOperator): delete_tag>, create_tag already registered for DAG: example_complex
[2023-04-10T14:47:39.415+0000] {processor.py:753} INFO - DAG(s) dict_keys(['example_complex']) retrieved from /home/airflow/.local/lib/python3.7/site-packages/airflow/example_dags/example_complex.py
[2023-04-10T14:47:39.456+0000] {logging_mixin.py:137} INFO - [2023-04-10T14:47:39.456+0000] {dag.py:2705} INFO - Sync 1 DAGs
[2023-04-10T14:47:39.489+0000] {logging_mixin.py:137} INFO - [2023-04-10T14:47:39.489+0000] {dag.py:3456} INFO - Setting next_dagrun for example_complex to None, run_after=None
[2023-04-10T14:47:39.507+0000] {processor.py:175} INFO - Processing /home/airflow/.local/lib/python3.7/site-packages/airflow/example_dags/example_complex.py took 0.119 seconds
