[2023-04-10T14:33:06.636+0000] {processor.py:153} INFO - Started process (PID=170) to work on /home/airflow/.local/lib/python3.7/site-packages/airflow/example_dags/example_short_circuit_decorator.py
[2023-04-10T14:33:06.637+0000] {processor.py:743} INFO - Processing file /home/airflow/.local/lib/python3.7/site-packages/airflow/example_dags/example_short_circuit_decorator.py for tasks to queue
[2023-04-10T14:33:06.637+0000] {logging_mixin.py:137} INFO - [2023-04-10T14:33:06.637+0000] {dagbag.py:532} INFO - Filling up the DagBag from /home/airflow/.local/lib/python3.7/site-packages/airflow/example_dags/example_short_circuit_decorator.py
[2023-04-10T14:33:06.669+0000] {processor.py:753} INFO - DAG(s) dict_keys(['example_short_circuit_decorator']) retrieved from /home/airflow/.local/lib/python3.7/site-packages/airflow/example_dags/example_short_circuit_decorator.py
[2023-04-10T14:33:06.713+0000] {logging_mixin.py:137} INFO - [2023-04-10T14:33:06.713+0000] {dag.py:2705} INFO - Sync 1 DAGs
[2023-04-10T14:33:06.745+0000] {logging_mixin.py:137} INFO - [2023-04-10T14:33:06.745+0000] {dag.py:3456} INFO - Setting next_dagrun for example_short_circuit_decorator to 2023-04-09T14:33:06.745525+00:00, run_after=2023-04-10T14:33:06.745525+00:00
[2023-04-10T14:33:06.761+0000] {processor.py:175} INFO - Processing /home/airflow/.local/lib/python3.7/site-packages/airflow/example_dags/example_short_circuit_decorator.py took 0.127 seconds
[2023-04-10T14:33:36.782+0000] {processor.py:153} INFO - Started process (PID=418) to work on /home/airflow/.local/lib/python3.7/site-packages/airflow/example_dags/example_short_circuit_decorator.py
[2023-04-10T14:33:36.783+0000] {processor.py:743} INFO - Processing file /home/airflow/.local/lib/python3.7/site-packages/airflow/example_dags/example_short_circuit_decorator.py for tasks to queue
[2023-04-10T14:33:36.783+0000] {logging_mixin.py:137} INFO - [2023-04-10T14:33:36.783+0000] {dagbag.py:532} INFO - Filling up the DagBag from /home/airflow/.local/lib/python3.7/site-packages/airflow/example_dags/example_short_circuit_decorator.py
[2023-04-10T14:33:36.807+0000] {processor.py:753} INFO - DAG(s) dict_keys(['example_short_circuit_decorator']) retrieved from /home/airflow/.local/lib/python3.7/site-packages/airflow/example_dags/example_short_circuit_decorator.py
[2023-04-10T14:33:36.831+0000] {logging_mixin.py:137} INFO - [2023-04-10T14:33:36.831+0000] {dag.py:2705} INFO - Sync 1 DAGs
[2023-04-10T14:33:36.861+0000] {logging_mixin.py:137} INFO - [2023-04-10T14:33:36.861+0000] {dag.py:3456} INFO - Setting next_dagrun for example_short_circuit_decorator to 2023-04-09T14:33:36.860937+00:00, run_after=2023-04-10T14:33:36.860937+00:00
[2023-04-10T14:33:36.876+0000] {processor.py:175} INFO - Processing /home/airflow/.local/lib/python3.7/site-packages/airflow/example_dags/example_short_circuit_decorator.py took 0.096 seconds
[2023-04-10T14:34:07.520+0000] {processor.py:153} INFO - Started process (PID=644) to work on /home/airflow/.local/lib/python3.7/site-packages/airflow/example_dags/example_short_circuit_decorator.py
[2023-04-10T14:34:07.521+0000] {processor.py:743} INFO - Processing file /home/airflow/.local/lib/python3.7/site-packages/airflow/example_dags/example_short_circuit_decorator.py for tasks to queue
[2023-04-10T14:34:07.521+0000] {logging_mixin.py:137} INFO - [2023-04-10T14:34:07.521+0000] {dagbag.py:532} INFO - Filling up the DagBag from /home/airflow/.local/lib/python3.7/site-packages/airflow/example_dags/example_short_circuit_decorator.py
[2023-04-10T14:34:07.545+0000] {processor.py:753} INFO - DAG(s) dict_keys(['example_short_circuit_decorator']) retrieved from /home/airflow/.local/lib/python3.7/site-packages/airflow/example_dags/example_short_circuit_decorator.py
[2023-04-10T14:34:07.572+0000] {logging_mixin.py:137} INFO - [2023-04-10T14:34:07.571+0000] {dag.py:2705} INFO - Sync 1 DAGs
[2023-04-10T14:34:07.602+0000] {logging_mixin.py:137} INFO - [2023-04-10T14:34:07.602+0000] {dag.py:3456} INFO - Setting next_dagrun for example_short_circuit_decorator to 2023-04-09T14:34:07.602031+00:00, run_after=2023-04-10T14:34:07.602031+00:00
[2023-04-10T14:34:07.617+0000] {processor.py:175} INFO - Processing /home/airflow/.local/lib/python3.7/site-packages/airflow/example_dags/example_short_circuit_decorator.py took 0.099 seconds
[2023-04-10T14:34:38.115+0000] {processor.py:153} INFO - Started process (PID=868) to work on /home/airflow/.local/lib/python3.7/site-packages/airflow/example_dags/example_short_circuit_decorator.py
[2023-04-10T14:34:38.116+0000] {processor.py:743} INFO - Processing file /home/airflow/.local/lib/python3.7/site-packages/airflow/example_dags/example_short_circuit_decorator.py for tasks to queue
[2023-04-10T14:34:38.116+0000] {logging_mixin.py:137} INFO - [2023-04-10T14:34:38.116+0000] {dagbag.py:532} INFO - Filling up the DagBag from /home/airflow/.local/lib/python3.7/site-packages/airflow/example_dags/example_short_circuit_decorator.py
[2023-04-10T14:34:38.141+0000] {processor.py:753} INFO - DAG(s) dict_keys(['example_short_circuit_decorator']) retrieved from /home/airflow/.local/lib/python3.7/site-packages/airflow/example_dags/example_short_circuit_decorator.py
[2023-04-10T14:34:38.167+0000] {logging_mixin.py:137} INFO - [2023-04-10T14:34:38.166+0000] {dag.py:2705} INFO - Sync 1 DAGs
[2023-04-10T14:34:38.197+0000] {logging_mixin.py:137} INFO - [2023-04-10T14:34:38.197+0000] {dag.py:3456} INFO - Setting next_dagrun for example_short_circuit_decorator to 2023-04-09T14:34:38.197082+00:00, run_after=2023-04-10T14:34:38.197082+00:00
[2023-04-10T14:34:38.213+0000] {processor.py:175} INFO - Processing /home/airflow/.local/lib/python3.7/site-packages/airflow/example_dags/example_short_circuit_decorator.py took 0.100 seconds
[2023-04-10T14:35:08.788+0000] {processor.py:153} INFO - Started process (PID=1091) to work on /home/airflow/.local/lib/python3.7/site-packages/airflow/example_dags/example_short_circuit_decorator.py
[2023-04-10T14:35:08.789+0000] {processor.py:743} INFO - Processing file /home/airflow/.local/lib/python3.7/site-packages/airflow/example_dags/example_short_circuit_decorator.py for tasks to queue
[2023-04-10T14:35:08.789+0000] {logging_mixin.py:137} INFO - [2023-04-10T14:35:08.789+0000] {dagbag.py:532} INFO - Filling up the DagBag from /home/airflow/.local/lib/python3.7/site-packages/airflow/example_dags/example_short_circuit_decorator.py
[2023-04-10T14:35:08.813+0000] {processor.py:753} INFO - DAG(s) dict_keys(['example_short_circuit_decorator']) retrieved from /home/airflow/.local/lib/python3.7/site-packages/airflow/example_dags/example_short_circuit_decorator.py
[2023-04-10T14:35:08.843+0000] {logging_mixin.py:137} INFO - [2023-04-10T14:35:08.843+0000] {dag.py:2705} INFO - Sync 1 DAGs
[2023-04-10T14:35:08.878+0000] {logging_mixin.py:137} INFO - [2023-04-10T14:35:08.878+0000] {dag.py:3456} INFO - Setting next_dagrun for example_short_circuit_decorator to 2023-04-09T14:35:08.877843+00:00, run_after=2023-04-10T14:35:08.877843+00:00
[2023-04-10T14:35:08.899+0000] {processor.py:175} INFO - Processing /home/airflow/.local/lib/python3.7/site-packages/airflow/example_dags/example_short_circuit_decorator.py took 0.114 seconds
[2023-04-10T14:35:39.629+0000] {processor.py:153} INFO - Started process (PID=1314) to work on /home/airflow/.local/lib/python3.7/site-packages/airflow/example_dags/example_short_circuit_decorator.py
[2023-04-10T14:35:39.629+0000] {processor.py:743} INFO - Processing file /home/airflow/.local/lib/python3.7/site-packages/airflow/example_dags/example_short_circuit_decorator.py for tasks to queue
[2023-04-10T14:35:39.630+0000] {logging_mixin.py:137} INFO - [2023-04-10T14:35:39.630+0000] {dagbag.py:532} INFO - Filling up the DagBag from /home/airflow/.local/lib/python3.7/site-packages/airflow/example_dags/example_short_circuit_decorator.py
[2023-04-10T14:35:39.654+0000] {processor.py:753} INFO - DAG(s) dict_keys(['example_short_circuit_decorator']) retrieved from /home/airflow/.local/lib/python3.7/site-packages/airflow/example_dags/example_short_circuit_decorator.py
[2023-04-10T14:35:39.686+0000] {logging_mixin.py:137} INFO - [2023-04-10T14:35:39.685+0000] {dag.py:2705} INFO - Sync 1 DAGs
[2023-04-10T14:35:39.727+0000] {logging_mixin.py:137} INFO - [2023-04-10T14:35:39.727+0000] {dag.py:3456} INFO - Setting next_dagrun for example_short_circuit_decorator to 2023-04-09T14:35:39.727618+00:00, run_after=2023-04-10T14:35:39.727618+00:00
[2023-04-10T14:35:39.768+0000] {processor.py:175} INFO - Processing /home/airflow/.local/lib/python3.7/site-packages/airflow/example_dags/example_short_circuit_decorator.py took 0.141 seconds
[2023-04-10T14:40:50.234+0000] {processor.py:153} INFO - Started process (PID=169) to work on /home/airflow/.local/lib/python3.7/site-packages/airflow/example_dags/example_short_circuit_decorator.py
[2023-04-10T14:40:50.237+0000] {processor.py:743} INFO - Processing file /home/airflow/.local/lib/python3.7/site-packages/airflow/example_dags/example_short_circuit_decorator.py for tasks to queue
[2023-04-10T14:40:50.237+0000] {logging_mixin.py:137} INFO - [2023-04-10T14:40:50.237+0000] {dagbag.py:532} INFO - Filling up the DagBag from /home/airflow/.local/lib/python3.7/site-packages/airflow/example_dags/example_short_circuit_decorator.py
[2023-04-10T14:40:50.275+0000] {processor.py:753} INFO - DAG(s) dict_keys(['example_short_circuit_decorator']) retrieved from /home/airflow/.local/lib/python3.7/site-packages/airflow/example_dags/example_short_circuit_decorator.py
[2023-04-10T14:40:50.311+0000] {logging_mixin.py:137} INFO - [2023-04-10T14:40:50.311+0000] {dag.py:2705} INFO - Sync 1 DAGs
[2023-04-10T14:40:50.357+0000] {logging_mixin.py:137} INFO - [2023-04-10T14:40:50.357+0000] {dag.py:3456} INFO - Setting next_dagrun for example_short_circuit_decorator to 2023-04-09T14:40:50.357182+00:00, run_after=2023-04-10T14:40:50.357182+00:00
[2023-04-10T14:40:50.382+0000] {processor.py:175} INFO - Processing /home/airflow/.local/lib/python3.7/site-packages/airflow/example_dags/example_short_circuit_decorator.py took 0.158 seconds
[2023-04-10T14:41:20.753+0000] {processor.py:153} INFO - Started process (PID=472) to work on /home/airflow/.local/lib/python3.7/site-packages/airflow/example_dags/example_short_circuit_decorator.py
[2023-04-10T14:41:20.753+0000] {processor.py:743} INFO - Processing file /home/airflow/.local/lib/python3.7/site-packages/airflow/example_dags/example_short_circuit_decorator.py for tasks to queue
[2023-04-10T14:41:20.756+0000] {logging_mixin.py:137} INFO - [2023-04-10T14:41:20.754+0000] {dagbag.py:532} INFO - Filling up the DagBag from /home/airflow/.local/lib/python3.7/site-packages/airflow/example_dags/example_short_circuit_decorator.py
[2023-04-10T14:41:20.788+0000] {processor.py:753} INFO - DAG(s) dict_keys(['example_short_circuit_decorator']) retrieved from /home/airflow/.local/lib/python3.7/site-packages/airflow/example_dags/example_short_circuit_decorator.py
[2023-04-10T14:41:20.841+0000] {logging_mixin.py:137} INFO - [2023-04-10T14:41:20.841+0000] {dag.py:2705} INFO - Sync 1 DAGs
[2023-04-10T14:41:20.885+0000] {logging_mixin.py:137} INFO - [2023-04-10T14:41:20.885+0000] {dag.py:3456} INFO - Setting next_dagrun for example_short_circuit_decorator to 2023-04-09T14:41:20.885197+00:00, run_after=2023-04-10T14:41:20.885197+00:00
[2023-04-10T14:41:20.906+0000] {processor.py:175} INFO - Processing /home/airflow/.local/lib/python3.7/site-packages/airflow/example_dags/example_short_circuit_decorator.py took 0.156 seconds
[2023-04-10T14:42:03.466+0000] {processor.py:153} INFO - Started process (PID=168) to work on /home/airflow/.local/lib/python3.7/site-packages/airflow/example_dags/example_short_circuit_decorator.py
[2023-04-10T14:42:03.467+0000] {processor.py:743} INFO - Processing file /home/airflow/.local/lib/python3.7/site-packages/airflow/example_dags/example_short_circuit_decorator.py for tasks to queue
[2023-04-10T14:42:03.468+0000] {logging_mixin.py:137} INFO - [2023-04-10T14:42:03.467+0000] {dagbag.py:532} INFO - Filling up the DagBag from /home/airflow/.local/lib/python3.7/site-packages/airflow/example_dags/example_short_circuit_decorator.py
[2023-04-10T14:42:03.499+0000] {processor.py:753} INFO - DAG(s) dict_keys(['example_short_circuit_decorator']) retrieved from /home/airflow/.local/lib/python3.7/site-packages/airflow/example_dags/example_short_circuit_decorator.py
[2023-04-10T14:42:03.540+0000] {logging_mixin.py:137} INFO - [2023-04-10T14:42:03.540+0000] {dag.py:2705} INFO - Sync 1 DAGs
[2023-04-10T14:42:03.575+0000] {logging_mixin.py:137} INFO - [2023-04-10T14:42:03.575+0000] {dag.py:3456} INFO - Setting next_dagrun for example_short_circuit_decorator to 2023-04-09T14:42:03.575054+00:00, run_after=2023-04-10T14:42:03.575054+00:00
[2023-04-10T14:42:03.592+0000] {processor.py:175} INFO - Processing /home/airflow/.local/lib/python3.7/site-packages/airflow/example_dags/example_short_circuit_decorator.py took 0.128 seconds
[2023-04-10T14:42:33.698+0000] {processor.py:153} INFO - Started process (PID=418) to work on /home/airflow/.local/lib/python3.7/site-packages/airflow/example_dags/example_short_circuit_decorator.py
[2023-04-10T14:42:33.698+0000] {processor.py:743} INFO - Processing file /home/airflow/.local/lib/python3.7/site-packages/airflow/example_dags/example_short_circuit_decorator.py for tasks to queue
[2023-04-10T14:42:33.699+0000] {logging_mixin.py:137} INFO - [2023-04-10T14:42:33.699+0000] {dagbag.py:532} INFO - Filling up the DagBag from /home/airflow/.local/lib/python3.7/site-packages/airflow/example_dags/example_short_circuit_decorator.py
[2023-04-10T14:42:33.723+0000] {processor.py:753} INFO - DAG(s) dict_keys(['example_short_circuit_decorator']) retrieved from /home/airflow/.local/lib/python3.7/site-packages/airflow/example_dags/example_short_circuit_decorator.py
[2023-04-10T14:42:33.750+0000] {logging_mixin.py:137} INFO - [2023-04-10T14:42:33.750+0000] {dag.py:2705} INFO - Sync 1 DAGs
[2023-04-10T14:42:33.782+0000] {logging_mixin.py:137} INFO - [2023-04-10T14:42:33.782+0000] {dag.py:3456} INFO - Setting next_dagrun for example_short_circuit_decorator to 2023-04-09T14:42:33.782153+00:00, run_after=2023-04-10T14:42:33.782153+00:00
[2023-04-10T14:42:33.801+0000] {processor.py:175} INFO - Processing /home/airflow/.local/lib/python3.7/site-packages/airflow/example_dags/example_short_circuit_decorator.py took 0.105 seconds
[2023-04-10T14:43:03.964+0000] {processor.py:153} INFO - Started process (PID=641) to work on /home/airflow/.local/lib/python3.7/site-packages/airflow/example_dags/example_short_circuit_decorator.py
[2023-04-10T14:43:03.965+0000] {processor.py:743} INFO - Processing file /home/airflow/.local/lib/python3.7/site-packages/airflow/example_dags/example_short_circuit_decorator.py for tasks to queue
[2023-04-10T14:43:03.966+0000] {logging_mixin.py:137} INFO - [2023-04-10T14:43:03.965+0000] {dagbag.py:532} INFO - Filling up the DagBag from /home/airflow/.local/lib/python3.7/site-packages/airflow/example_dags/example_short_circuit_decorator.py
[2023-04-10T14:43:03.994+0000] {processor.py:753} INFO - DAG(s) dict_keys(['example_short_circuit_decorator']) retrieved from /home/airflow/.local/lib/python3.7/site-packages/airflow/example_dags/example_short_circuit_decorator.py
[2023-04-10T14:43:04.029+0000] {logging_mixin.py:137} INFO - [2023-04-10T14:43:04.028+0000] {dag.py:2705} INFO - Sync 1 DAGs
[2023-04-10T14:43:04.070+0000] {logging_mixin.py:137} INFO - [2023-04-10T14:43:04.070+0000] {dag.py:3456} INFO - Setting next_dagrun for example_short_circuit_decorator to 2023-04-09T14:43:04.069855+00:00, run_after=2023-04-10T14:43:04.069855+00:00
[2023-04-10T14:43:04.094+0000] {processor.py:175} INFO - Processing /home/airflow/.local/lib/python3.7/site-packages/airflow/example_dags/example_short_circuit_decorator.py took 0.132 seconds
[2023-04-10T14:43:34.511+0000] {processor.py:153} INFO - Started process (PID=867) to work on /home/airflow/.local/lib/python3.7/site-packages/airflow/example_dags/example_short_circuit_decorator.py
[2023-04-10T14:43:34.511+0000] {processor.py:743} INFO - Processing file /home/airflow/.local/lib/python3.7/site-packages/airflow/example_dags/example_short_circuit_decorator.py for tasks to queue
[2023-04-10T14:43:34.512+0000] {logging_mixin.py:137} INFO - [2023-04-10T14:43:34.512+0000] {dagbag.py:532} INFO - Filling up the DagBag from /home/airflow/.local/lib/python3.7/site-packages/airflow/example_dags/example_short_circuit_decorator.py
[2023-04-10T14:43:34.547+0000] {processor.py:753} INFO - DAG(s) dict_keys(['example_short_circuit_decorator']) retrieved from /home/airflow/.local/lib/python3.7/site-packages/airflow/example_dags/example_short_circuit_decorator.py
[2023-04-10T14:43:34.583+0000] {logging_mixin.py:137} INFO - [2023-04-10T14:43:34.583+0000] {dag.py:2705} INFO - Sync 1 DAGs
[2023-04-10T14:43:34.621+0000] {logging_mixin.py:137} INFO - [2023-04-10T14:43:34.621+0000] {dag.py:3456} INFO - Setting next_dagrun for example_short_circuit_decorator to 2023-04-09T14:43:34.620920+00:00, run_after=2023-04-10T14:43:34.620920+00:00
[2023-04-10T14:43:34.652+0000] {processor.py:175} INFO - Processing /home/airflow/.local/lib/python3.7/site-packages/airflow/example_dags/example_short_circuit_decorator.py took 0.144 seconds
[2023-04-10T14:44:05.125+0000] {processor.py:153} INFO - Started process (PID=1090) to work on /home/airflow/.local/lib/python3.7/site-packages/airflow/example_dags/example_short_circuit_decorator.py
[2023-04-10T14:44:05.126+0000] {processor.py:743} INFO - Processing file /home/airflow/.local/lib/python3.7/site-packages/airflow/example_dags/example_short_circuit_decorator.py for tasks to queue
[2023-04-10T14:44:05.127+0000] {logging_mixin.py:137} INFO - [2023-04-10T14:44:05.127+0000] {dagbag.py:532} INFO - Filling up the DagBag from /home/airflow/.local/lib/python3.7/site-packages/airflow/example_dags/example_short_circuit_decorator.py
[2023-04-10T14:44:05.155+0000] {processor.py:753} INFO - DAG(s) dict_keys(['example_short_circuit_decorator']) retrieved from /home/airflow/.local/lib/python3.7/site-packages/airflow/example_dags/example_short_circuit_decorator.py
[2023-04-10T14:44:05.189+0000] {logging_mixin.py:137} INFO - [2023-04-10T14:44:05.189+0000] {dag.py:2705} INFO - Sync 1 DAGs
[2023-04-10T14:44:05.226+0000] {logging_mixin.py:137} INFO - [2023-04-10T14:44:05.226+0000] {dag.py:3456} INFO - Setting next_dagrun for example_short_circuit_decorator to 2023-04-09T14:44:05.226452+00:00, run_after=2023-04-10T14:44:05.226452+00:00
[2023-04-10T14:44:05.253+0000] {processor.py:175} INFO - Processing /home/airflow/.local/lib/python3.7/site-packages/airflow/example_dags/example_short_circuit_decorator.py took 0.132 seconds
[2023-04-10T14:44:35.522+0000] {processor.py:153} INFO - Started process (PID=1313) to work on /home/airflow/.local/lib/python3.7/site-packages/airflow/example_dags/example_short_circuit_decorator.py
[2023-04-10T14:44:35.522+0000] {processor.py:743} INFO - Processing file /home/airflow/.local/lib/python3.7/site-packages/airflow/example_dags/example_short_circuit_decorator.py for tasks to queue
[2023-04-10T14:44:35.523+0000] {logging_mixin.py:137} INFO - [2023-04-10T14:44:35.523+0000] {dagbag.py:532} INFO - Filling up the DagBag from /home/airflow/.local/lib/python3.7/site-packages/airflow/example_dags/example_short_circuit_decorator.py
[2023-04-10T14:44:35.551+0000] {processor.py:753} INFO - DAG(s) dict_keys(['example_short_circuit_decorator']) retrieved from /home/airflow/.local/lib/python3.7/site-packages/airflow/example_dags/example_short_circuit_decorator.py
[2023-04-10T14:44:35.584+0000] {logging_mixin.py:137} INFO - [2023-04-10T14:44:35.583+0000] {dag.py:2705} INFO - Sync 1 DAGs
[2023-04-10T14:44:35.620+0000] {logging_mixin.py:137} INFO - [2023-04-10T14:44:35.619+0000] {dag.py:3456} INFO - Setting next_dagrun for example_short_circuit_decorator to 2023-04-09T14:44:35.619678+00:00, run_after=2023-04-10T14:44:35.619678+00:00
[2023-04-10T14:44:35.640+0000] {processor.py:175} INFO - Processing /home/airflow/.local/lib/python3.7/site-packages/airflow/example_dags/example_short_circuit_decorator.py took 0.121 seconds
[2023-04-10T14:45:05.759+0000] {processor.py:153} INFO - Started process (PID=1542) to work on /home/airflow/.local/lib/python3.7/site-packages/airflow/example_dags/example_short_circuit_decorator.py
[2023-04-10T14:45:05.760+0000] {processor.py:743} INFO - Processing file /home/airflow/.local/lib/python3.7/site-packages/airflow/example_dags/example_short_circuit_decorator.py for tasks to queue
[2023-04-10T14:45:05.765+0000] {logging_mixin.py:137} INFO - [2023-04-10T14:45:05.764+0000] {dagbag.py:532} INFO - Filling up the DagBag from /home/airflow/.local/lib/python3.7/site-packages/airflow/example_dags/example_short_circuit_decorator.py
[2023-04-10T14:45:05.792+0000] {processor.py:753} INFO - DAG(s) dict_keys(['example_short_circuit_decorator']) retrieved from /home/airflow/.local/lib/python3.7/site-packages/airflow/example_dags/example_short_circuit_decorator.py
[2023-04-10T14:45:05.825+0000] {logging_mixin.py:137} INFO - [2023-04-10T14:45:05.825+0000] {dag.py:2705} INFO - Sync 1 DAGs
[2023-04-10T14:45:05.858+0000] {logging_mixin.py:137} INFO - [2023-04-10T14:45:05.857+0000] {dag.py:3456} INFO - Setting next_dagrun for example_short_circuit_decorator to 2023-04-09T14:45:05.857671+00:00, run_after=2023-04-10T14:45:05.857671+00:00
[2023-04-10T14:45:05.878+0000] {processor.py:175} INFO - Processing /home/airflow/.local/lib/python3.7/site-packages/airflow/example_dags/example_short_circuit_decorator.py took 0.122 seconds
[2023-04-10T14:45:36.053+0000] {processor.py:153} INFO - Started process (PID=1765) to work on /home/airflow/.local/lib/python3.7/site-packages/airflow/example_dags/example_short_circuit_decorator.py
[2023-04-10T14:45:36.053+0000] {processor.py:743} INFO - Processing file /home/airflow/.local/lib/python3.7/site-packages/airflow/example_dags/example_short_circuit_decorator.py for tasks to queue
[2023-04-10T14:45:36.054+0000] {logging_mixin.py:137} INFO - [2023-04-10T14:45:36.054+0000] {dagbag.py:532} INFO - Filling up the DagBag from /home/airflow/.local/lib/python3.7/site-packages/airflow/example_dags/example_short_circuit_decorator.py
[2023-04-10T14:45:36.082+0000] {processor.py:753} INFO - DAG(s) dict_keys(['example_short_circuit_decorator']) retrieved from /home/airflow/.local/lib/python3.7/site-packages/airflow/example_dags/example_short_circuit_decorator.py
[2023-04-10T14:45:36.112+0000] {logging_mixin.py:137} INFO - [2023-04-10T14:45:36.112+0000] {dag.py:2705} INFO - Sync 1 DAGs
[2023-04-10T14:45:36.149+0000] {logging_mixin.py:137} INFO - [2023-04-10T14:45:36.149+0000] {dag.py:3456} INFO - Setting next_dagrun for example_short_circuit_decorator to 2023-04-09T14:45:36.149413+00:00, run_after=2023-04-10T14:45:36.149413+00:00
[2023-04-10T14:45:36.170+0000] {processor.py:175} INFO - Processing /home/airflow/.local/lib/python3.7/site-packages/airflow/example_dags/example_short_circuit_decorator.py took 0.120 seconds
