[2023-04-10T14:33:07.568+0000] {processor.py:153} INFO - Started process (PID=241) to work on /home/airflow/.local/lib/python3.7/site-packages/airflow/example_dags/example_branch_labels.py
[2023-04-10T14:33:07.568+0000] {processor.py:743} INFO - Processing file /home/airflow/.local/lib/python3.7/site-packages/airflow/example_dags/example_branch_labels.py for tasks to queue
[2023-04-10T14:33:07.569+0000] {logging_mixin.py:137} INFO - [2023-04-10T14:33:07.569+0000] {dagbag.py:532} INFO - Filling up the DagBag from /home/airflow/.local/lib/python3.7/site-packages/airflow/example_dags/example_branch_labels.py
[2023-04-10T14:33:07.584+0000] {processor.py:753} INFO - DAG(s) dict_keys(['example_branch_labels']) retrieved from /home/airflow/.local/lib/python3.7/site-packages/airflow/example_dags/example_branch_labels.py
[2023-04-10T14:33:07.605+0000] {logging_mixin.py:137} INFO - [2023-04-10T14:33:07.605+0000] {dag.py:2705} INFO - Sync 1 DAGs
[2023-04-10T14:33:07.637+0000] {logging_mixin.py:137} INFO - [2023-04-10T14:33:07.637+0000] {dag.py:3456} INFO - Setting next_dagrun for example_branch_labels to 2023-04-09T00:00:00+00:00, run_after=2023-04-10T00:00:00+00:00
[2023-04-10T14:33:07.652+0000] {processor.py:175} INFO - Processing /home/airflow/.local/lib/python3.7/site-packages/airflow/example_dags/example_branch_labels.py took 0.087 seconds
[2023-04-10T14:33:37.826+0000] {processor.py:153} INFO - Started process (PID=491) to work on /home/airflow/.local/lib/python3.7/site-packages/airflow/example_dags/example_branch_labels.py
[2023-04-10T14:33:37.827+0000] {processor.py:743} INFO - Processing file /home/airflow/.local/lib/python3.7/site-packages/airflow/example_dags/example_branch_labels.py for tasks to queue
[2023-04-10T14:33:37.827+0000] {logging_mixin.py:137} INFO - [2023-04-10T14:33:37.827+0000] {dagbag.py:532} INFO - Filling up the DagBag from /home/airflow/.local/lib/python3.7/site-packages/airflow/example_dags/example_branch_labels.py
[2023-04-10T14:33:37.842+0000] {processor.py:753} INFO - DAG(s) dict_keys(['example_branch_labels']) retrieved from /home/airflow/.local/lib/python3.7/site-packages/airflow/example_dags/example_branch_labels.py
[2023-04-10T14:33:37.866+0000] {logging_mixin.py:137} INFO - [2023-04-10T14:33:37.866+0000] {dag.py:2705} INFO - Sync 1 DAGs
[2023-04-10T14:33:37.898+0000] {logging_mixin.py:137} INFO - [2023-04-10T14:33:37.898+0000] {dag.py:3456} INFO - Setting next_dagrun for example_branch_labels to 2023-04-09T00:00:00+00:00, run_after=2023-04-10T00:00:00+00:00
[2023-04-10T14:33:37.912+0000] {processor.py:175} INFO - Processing /home/airflow/.local/lib/python3.7/site-packages/airflow/example_dags/example_branch_labels.py took 0.090 seconds
[2023-04-10T14:34:08.381+0000] {processor.py:153} INFO - Started process (PID=714) to work on /home/airflow/.local/lib/python3.7/site-packages/airflow/example_dags/example_branch_labels.py
[2023-04-10T14:34:08.381+0000] {processor.py:743} INFO - Processing file /home/airflow/.local/lib/python3.7/site-packages/airflow/example_dags/example_branch_labels.py for tasks to queue
[2023-04-10T14:34:08.382+0000] {logging_mixin.py:137} INFO - [2023-04-10T14:34:08.382+0000] {dagbag.py:532} INFO - Filling up the DagBag from /home/airflow/.local/lib/python3.7/site-packages/airflow/example_dags/example_branch_labels.py
[2023-04-10T14:34:08.395+0000] {processor.py:753} INFO - DAG(s) dict_keys(['example_branch_labels']) retrieved from /home/airflow/.local/lib/python3.7/site-packages/airflow/example_dags/example_branch_labels.py
[2023-04-10T14:34:08.419+0000] {logging_mixin.py:137} INFO - [2023-04-10T14:34:08.419+0000] {dag.py:2705} INFO - Sync 1 DAGs
[2023-04-10T14:34:08.451+0000] {logging_mixin.py:137} INFO - [2023-04-10T14:34:08.451+0000] {dag.py:3456} INFO - Setting next_dagrun for example_branch_labels to 2023-04-09T00:00:00+00:00, run_after=2023-04-10T00:00:00+00:00
[2023-04-10T14:34:08.465+0000] {processor.py:175} INFO - Processing /home/airflow/.local/lib/python3.7/site-packages/airflow/example_dags/example_branch_labels.py took 0.087 seconds
[2023-04-10T14:34:39.052+0000] {processor.py:153} INFO - Started process (PID=938) to work on /home/airflow/.local/lib/python3.7/site-packages/airflow/example_dags/example_branch_labels.py
[2023-04-10T14:34:39.052+0000] {processor.py:743} INFO - Processing file /home/airflow/.local/lib/python3.7/site-packages/airflow/example_dags/example_branch_labels.py for tasks to queue
[2023-04-10T14:34:39.053+0000] {logging_mixin.py:137} INFO - [2023-04-10T14:34:39.053+0000] {dagbag.py:532} INFO - Filling up the DagBag from /home/airflow/.local/lib/python3.7/site-packages/airflow/example_dags/example_branch_labels.py
[2023-04-10T14:34:39.069+0000] {processor.py:753} INFO - DAG(s) dict_keys(['example_branch_labels']) retrieved from /home/airflow/.local/lib/python3.7/site-packages/airflow/example_dags/example_branch_labels.py
[2023-04-10T14:34:39.094+0000] {logging_mixin.py:137} INFO - [2023-04-10T14:34:39.094+0000] {dag.py:2705} INFO - Sync 1 DAGs
[2023-04-10T14:34:39.135+0000] {logging_mixin.py:137} INFO - [2023-04-10T14:34:39.135+0000] {dag.py:3456} INFO - Setting next_dagrun for example_branch_labels to 2023-04-09T00:00:00+00:00, run_after=2023-04-10T00:00:00+00:00
[2023-04-10T14:34:39.165+0000] {processor.py:175} INFO - Processing /home/airflow/.local/lib/python3.7/site-packages/airflow/example_dags/example_branch_labels.py took 0.116 seconds
[2023-04-10T14:35:09.925+0000] {processor.py:153} INFO - Started process (PID=1160) to work on /home/airflow/.local/lib/python3.7/site-packages/airflow/example_dags/example_branch_labels.py
[2023-04-10T14:35:09.925+0000] {processor.py:743} INFO - Processing file /home/airflow/.local/lib/python3.7/site-packages/airflow/example_dags/example_branch_labels.py for tasks to queue
[2023-04-10T14:35:09.926+0000] {logging_mixin.py:137} INFO - [2023-04-10T14:35:09.926+0000] {dagbag.py:532} INFO - Filling up the DagBag from /home/airflow/.local/lib/python3.7/site-packages/airflow/example_dags/example_branch_labels.py
[2023-04-10T14:35:09.939+0000] {processor.py:753} INFO - DAG(s) dict_keys(['example_branch_labels']) retrieved from /home/airflow/.local/lib/python3.7/site-packages/airflow/example_dags/example_branch_labels.py
[2023-04-10T14:35:09.963+0000] {logging_mixin.py:137} INFO - [2023-04-10T14:35:09.963+0000] {dag.py:2705} INFO - Sync 1 DAGs
[2023-04-10T14:35:09.997+0000] {logging_mixin.py:137} INFO - [2023-04-10T14:35:09.996+0000] {dag.py:3456} INFO - Setting next_dagrun for example_branch_labels to 2023-04-09T00:00:00+00:00, run_after=2023-04-10T00:00:00+00:00
[2023-04-10T14:35:10.014+0000] {processor.py:175} INFO - Processing /home/airflow/.local/lib/python3.7/site-packages/airflow/example_dags/example_branch_labels.py took 0.091 seconds
[2023-04-10T14:35:40.656+0000] {processor.py:153} INFO - Started process (PID=1384) to work on /home/airflow/.local/lib/python3.7/site-packages/airflow/example_dags/example_branch_labels.py
[2023-04-10T14:35:40.656+0000] {processor.py:743} INFO - Processing file /home/airflow/.local/lib/python3.7/site-packages/airflow/example_dags/example_branch_labels.py for tasks to queue
[2023-04-10T14:35:40.657+0000] {logging_mixin.py:137} INFO - [2023-04-10T14:35:40.657+0000] {dagbag.py:532} INFO - Filling up the DagBag from /home/airflow/.local/lib/python3.7/site-packages/airflow/example_dags/example_branch_labels.py
[2023-04-10T14:35:40.670+0000] {processor.py:753} INFO - DAG(s) dict_keys(['example_branch_labels']) retrieved from /home/airflow/.local/lib/python3.7/site-packages/airflow/example_dags/example_branch_labels.py
[2023-04-10T14:35:40.694+0000] {logging_mixin.py:137} INFO - [2023-04-10T14:35:40.694+0000] {dag.py:2705} INFO - Sync 1 DAGs
[2023-04-10T14:35:40.731+0000] {logging_mixin.py:137} INFO - [2023-04-10T14:35:40.730+0000] {dag.py:3456} INFO - Setting next_dagrun for example_branch_labels to 2023-04-09T00:00:00+00:00, run_after=2023-04-10T00:00:00+00:00
[2023-04-10T14:35:40.746+0000] {processor.py:175} INFO - Processing /home/airflow/.local/lib/python3.7/site-packages/airflow/example_dags/example_branch_labels.py took 0.092 seconds
