[2023-04-10T14:33:07.551+0000] {processor.py:153} INFO - Started process (PID=236) to work on /home/airflow/.local/lib/python3.7/site-packages/airflow/example_dags/example_dag_decorator.py
[2023-04-10T14:33:07.552+0000] {processor.py:743} INFO - Processing file /home/airflow/.local/lib/python3.7/site-packages/airflow/example_dags/example_dag_decorator.py for tasks to queue
[2023-04-10T14:33:07.552+0000] {logging_mixin.py:137} INFO - [2023-04-10T14:33:07.552+0000] {dagbag.py:532} INFO - Filling up the DagBag from /home/airflow/.local/lib/python3.7/site-packages/airflow/example_dags/example_dag_decorator.py
[2023-04-10T14:33:07.571+0000] {logging_mixin.py:137} INFO - [2023-04-10T14:33:07.571+0000] {taskmixin.py:211} WARNING - Dependency <Task(_PythonDecoratedOperator): prepare_email>, send_email already registered for DAG: example_dag_decorator
[2023-04-10T14:33:07.571+0000] {logging_mixin.py:137} INFO - [2023-04-10T14:33:07.571+0000] {taskmixin.py:211} WARNING - Dependency <Task(EmailOperator): send_email>, prepare_email already registered for DAG: example_dag_decorator
[2023-04-10T14:33:07.581+0000] {processor.py:753} INFO - DAG(s) dict_keys(['example_dag_decorator']) retrieved from /home/airflow/.local/lib/python3.7/site-packages/airflow/example_dags/example_dag_decorator.py
[2023-04-10T14:33:07.663+0000] {logging_mixin.py:137} INFO - [2023-04-10T14:33:07.663+0000] {dag.py:2705} INFO - Sync 1 DAGs
[2023-04-10T14:33:07.697+0000] {logging_mixin.py:137} INFO - [2023-04-10T14:33:07.697+0000] {dag.py:3456} INFO - Setting next_dagrun for example_dag_decorator to None, run_after=None
[2023-04-10T14:33:07.714+0000] {processor.py:175} INFO - Processing /home/airflow/.local/lib/python3.7/site-packages/airflow/example_dags/example_dag_decorator.py took 0.166 seconds
[2023-04-10T14:33:37.747+0000] {processor.py:153} INFO - Started process (PID=486) to work on /home/airflow/.local/lib/python3.7/site-packages/airflow/example_dags/example_dag_decorator.py
[2023-04-10T14:33:37.748+0000] {processor.py:743} INFO - Processing file /home/airflow/.local/lib/python3.7/site-packages/airflow/example_dags/example_dag_decorator.py for tasks to queue
[2023-04-10T14:33:37.748+0000] {logging_mixin.py:137} INFO - [2023-04-10T14:33:37.748+0000] {dagbag.py:532} INFO - Filling up the DagBag from /home/airflow/.local/lib/python3.7/site-packages/airflow/example_dags/example_dag_decorator.py
[2023-04-10T14:33:37.764+0000] {logging_mixin.py:137} INFO - [2023-04-10T14:33:37.764+0000] {taskmixin.py:211} WARNING - Dependency <Task(_PythonDecoratedOperator): prepare_email>, send_email already registered for DAG: example_dag_decorator
[2023-04-10T14:33:37.764+0000] {logging_mixin.py:137} INFO - [2023-04-10T14:33:37.764+0000] {taskmixin.py:211} WARNING - Dependency <Task(EmailOperator): send_email>, prepare_email already registered for DAG: example_dag_decorator
[2023-04-10T14:33:37.774+0000] {processor.py:753} INFO - DAG(s) dict_keys(['example_dag_decorator']) retrieved from /home/airflow/.local/lib/python3.7/site-packages/airflow/example_dags/example_dag_decorator.py
[2023-04-10T14:33:37.865+0000] {logging_mixin.py:137} INFO - [2023-04-10T14:33:37.865+0000] {dag.py:2705} INFO - Sync 1 DAGs
[2023-04-10T14:33:37.894+0000] {logging_mixin.py:137} INFO - [2023-04-10T14:33:37.893+0000] {dag.py:3456} INFO - Setting next_dagrun for example_dag_decorator to None, run_after=None
[2023-04-10T14:33:37.911+0000] {processor.py:175} INFO - Processing /home/airflow/.local/lib/python3.7/site-packages/airflow/example_dags/example_dag_decorator.py took 0.166 seconds
[2023-04-10T14:34:08.299+0000] {processor.py:153} INFO - Started process (PID=709) to work on /home/airflow/.local/lib/python3.7/site-packages/airflow/example_dags/example_dag_decorator.py
[2023-04-10T14:34:08.300+0000] {processor.py:743} INFO - Processing file /home/airflow/.local/lib/python3.7/site-packages/airflow/example_dags/example_dag_decorator.py for tasks to queue
[2023-04-10T14:34:08.300+0000] {logging_mixin.py:137} INFO - [2023-04-10T14:34:08.300+0000] {dagbag.py:532} INFO - Filling up the DagBag from /home/airflow/.local/lib/python3.7/site-packages/airflow/example_dags/example_dag_decorator.py
[2023-04-10T14:34:08.316+0000] {logging_mixin.py:137} INFO - [2023-04-10T14:34:08.316+0000] {taskmixin.py:211} WARNING - Dependency <Task(_PythonDecoratedOperator): prepare_email>, send_email already registered for DAG: example_dag_decorator
[2023-04-10T14:34:08.317+0000] {logging_mixin.py:137} INFO - [2023-04-10T14:34:08.317+0000] {taskmixin.py:211} WARNING - Dependency <Task(EmailOperator): send_email>, prepare_email already registered for DAG: example_dag_decorator
[2023-04-10T14:34:08.328+0000] {processor.py:753} INFO - DAG(s) dict_keys(['example_dag_decorator']) retrieved from /home/airflow/.local/lib/python3.7/site-packages/airflow/example_dags/example_dag_decorator.py
[2023-04-10T14:34:08.415+0000] {logging_mixin.py:137} INFO - [2023-04-10T14:34:08.415+0000] {dag.py:2705} INFO - Sync 1 DAGs
[2023-04-10T14:34:08.446+0000] {logging_mixin.py:137} INFO - [2023-04-10T14:34:08.446+0000] {dag.py:3456} INFO - Setting next_dagrun for example_dag_decorator to None, run_after=None
[2023-04-10T14:34:08.464+0000] {processor.py:175} INFO - Processing /home/airflow/.local/lib/python3.7/site-packages/airflow/example_dags/example_dag_decorator.py took 0.167 seconds
[2023-04-10T14:34:38.965+0000] {processor.py:153} INFO - Started process (PID=933) to work on /home/airflow/.local/lib/python3.7/site-packages/airflow/example_dags/example_dag_decorator.py
[2023-04-10T14:34:38.966+0000] {processor.py:743} INFO - Processing file /home/airflow/.local/lib/python3.7/site-packages/airflow/example_dags/example_dag_decorator.py for tasks to queue
[2023-04-10T14:34:38.967+0000] {logging_mixin.py:137} INFO - [2023-04-10T14:34:38.967+0000] {dagbag.py:532} INFO - Filling up the DagBag from /home/airflow/.local/lib/python3.7/site-packages/airflow/example_dags/example_dag_decorator.py
[2023-04-10T14:34:38.983+0000] {logging_mixin.py:137} INFO - [2023-04-10T14:34:38.983+0000] {taskmixin.py:211} WARNING - Dependency <Task(_PythonDecoratedOperator): prepare_email>, send_email already registered for DAG: example_dag_decorator
[2023-04-10T14:34:38.983+0000] {logging_mixin.py:137} INFO - [2023-04-10T14:34:38.983+0000] {taskmixin.py:211} WARNING - Dependency <Task(EmailOperator): send_email>, prepare_email already registered for DAG: example_dag_decorator
[2023-04-10T14:34:38.994+0000] {processor.py:753} INFO - DAG(s) dict_keys(['example_dag_decorator']) retrieved from /home/airflow/.local/lib/python3.7/site-packages/airflow/example_dags/example_dag_decorator.py
[2023-04-10T14:34:39.093+0000] {logging_mixin.py:137} INFO - [2023-04-10T14:34:39.093+0000] {dag.py:2705} INFO - Sync 1 DAGs
[2023-04-10T14:34:39.125+0000] {logging_mixin.py:137} INFO - [2023-04-10T14:34:39.125+0000] {dag.py:3456} INFO - Setting next_dagrun for example_dag_decorator to None, run_after=None
[2023-04-10T14:34:39.200+0000] {processor.py:175} INFO - Processing /home/airflow/.local/lib/python3.7/site-packages/airflow/example_dags/example_dag_decorator.py took 0.236 seconds
[2023-04-10T14:35:09.925+0000] {processor.py:153} INFO - Started process (PID=1158) to work on /home/airflow/.local/lib/python3.7/site-packages/airflow/example_dags/example_dag_decorator.py
[2023-04-10T14:35:09.925+0000] {processor.py:743} INFO - Processing file /home/airflow/.local/lib/python3.7/site-packages/airflow/example_dags/example_dag_decorator.py for tasks to queue
[2023-04-10T14:35:09.926+0000] {logging_mixin.py:137} INFO - [2023-04-10T14:35:09.926+0000] {dagbag.py:532} INFO - Filling up the DagBag from /home/airflow/.local/lib/python3.7/site-packages/airflow/example_dags/example_dag_decorator.py
[2023-04-10T14:35:09.942+0000] {logging_mixin.py:137} INFO - [2023-04-10T14:35:09.941+0000] {taskmixin.py:211} WARNING - Dependency <Task(_PythonDecoratedOperator): prepare_email>, send_email already registered for DAG: example_dag_decorator
[2023-04-10T14:35:09.942+0000] {logging_mixin.py:137} INFO - [2023-04-10T14:35:09.942+0000] {taskmixin.py:211} WARNING - Dependency <Task(EmailOperator): send_email>, prepare_email already registered for DAG: example_dag_decorator
[2023-04-10T14:35:09.953+0000] {processor.py:753} INFO - DAG(s) dict_keys(['example_dag_decorator']) retrieved from /home/airflow/.local/lib/python3.7/site-packages/airflow/example_dags/example_dag_decorator.py
[2023-04-10T14:35:10.043+0000] {logging_mixin.py:137} INFO - [2023-04-10T14:35:10.043+0000] {dag.py:2705} INFO - Sync 1 DAGs
[2023-04-10T14:35:10.081+0000] {logging_mixin.py:137} INFO - [2023-04-10T14:35:10.081+0000] {dag.py:3456} INFO - Setting next_dagrun for example_dag_decorator to None, run_after=None
[2023-04-10T14:35:10.103+0000] {processor.py:175} INFO - Processing /home/airflow/.local/lib/python3.7/site-packages/airflow/example_dags/example_dag_decorator.py took 0.181 seconds
[2023-04-10T14:35:40.589+0000] {processor.py:153} INFO - Started process (PID=1379) to work on /home/airflow/.local/lib/python3.7/site-packages/airflow/example_dags/example_dag_decorator.py
[2023-04-10T14:35:40.590+0000] {processor.py:743} INFO - Processing file /home/airflow/.local/lib/python3.7/site-packages/airflow/example_dags/example_dag_decorator.py for tasks to queue
[2023-04-10T14:35:40.590+0000] {logging_mixin.py:137} INFO - [2023-04-10T14:35:40.590+0000] {dagbag.py:532} INFO - Filling up the DagBag from /home/airflow/.local/lib/python3.7/site-packages/airflow/example_dags/example_dag_decorator.py
[2023-04-10T14:35:40.608+0000] {logging_mixin.py:137} INFO - [2023-04-10T14:35:40.607+0000] {taskmixin.py:211} WARNING - Dependency <Task(_PythonDecoratedOperator): prepare_email>, send_email already registered for DAG: example_dag_decorator
[2023-04-10T14:35:40.608+0000] {logging_mixin.py:137} INFO - [2023-04-10T14:35:40.608+0000] {taskmixin.py:211} WARNING - Dependency <Task(EmailOperator): send_email>, prepare_email already registered for DAG: example_dag_decorator
[2023-04-10T14:35:40.620+0000] {processor.py:753} INFO - DAG(s) dict_keys(['example_dag_decorator']) retrieved from /home/airflow/.local/lib/python3.7/site-packages/airflow/example_dags/example_dag_decorator.py
[2023-04-10T14:35:40.718+0000] {logging_mixin.py:137} INFO - [2023-04-10T14:35:40.718+0000] {dag.py:2705} INFO - Sync 1 DAGs
[2023-04-10T14:35:40.750+0000] {logging_mixin.py:137} INFO - [2023-04-10T14:35:40.750+0000] {dag.py:3456} INFO - Setting next_dagrun for example_dag_decorator to None, run_after=None
[2023-04-10T14:35:40.767+0000] {processor.py:175} INFO - Processing /home/airflow/.local/lib/python3.7/site-packages/airflow/example_dags/example_dag_decorator.py took 0.180 seconds
