[2023-04-10T14:33:10.449+0000] {processor.py:153} INFO - Started process (PID=332) to work on /home/airflow/.local/lib/python3.7/site-packages/airflow/example_dags/example_short_circuit_operator.py
[2023-04-10T14:33:10.450+0000] {processor.py:743} INFO - Processing file /home/airflow/.local/lib/python3.7/site-packages/airflow/example_dags/example_short_circuit_operator.py for tasks to queue
[2023-04-10T14:33:10.450+0000] {logging_mixin.py:137} INFO - [2023-04-10T14:33:10.450+0000] {dagbag.py:532} INFO - Filling up the DagBag from /home/airflow/.local/lib/python3.7/site-packages/airflow/example_dags/example_short_circuit_operator.py
[2023-04-10T14:33:10.470+0000] {processor.py:753} INFO - DAG(s) dict_keys(['example_short_circuit_operator']) retrieved from /home/airflow/.local/lib/python3.7/site-packages/airflow/example_dags/example_short_circuit_operator.py
[2023-04-10T14:33:10.500+0000] {logging_mixin.py:137} INFO - [2023-04-10T14:33:10.500+0000] {dag.py:2705} INFO - Sync 1 DAGs
[2023-04-10T14:33:10.535+0000] {logging_mixin.py:137} INFO - [2023-04-10T14:33:10.535+0000] {dag.py:3456} INFO - Setting next_dagrun for example_short_circuit_operator to 2023-04-09T14:33:10.534904+00:00, run_after=2023-04-10T14:33:10.534904+00:00
[2023-04-10T14:33:10.555+0000] {processor.py:175} INFO - Processing /home/airflow/.local/lib/python3.7/site-packages/airflow/example_dags/example_short_circuit_operator.py took 0.108 seconds
[2023-04-10T14:33:40.607+0000] {processor.py:153} INFO - Started process (PID=561) to work on /home/airflow/.local/lib/python3.7/site-packages/airflow/example_dags/example_short_circuit_operator.py
[2023-04-10T14:33:40.607+0000] {processor.py:743} INFO - Processing file /home/airflow/.local/lib/python3.7/site-packages/airflow/example_dags/example_short_circuit_operator.py for tasks to queue
[2023-04-10T14:33:40.608+0000] {logging_mixin.py:137} INFO - [2023-04-10T14:33:40.608+0000] {dagbag.py:532} INFO - Filling up the DagBag from /home/airflow/.local/lib/python3.7/site-packages/airflow/example_dags/example_short_circuit_operator.py
[2023-04-10T14:33:40.624+0000] {processor.py:753} INFO - DAG(s) dict_keys(['example_short_circuit_operator']) retrieved from /home/airflow/.local/lib/python3.7/site-packages/airflow/example_dags/example_short_circuit_operator.py
[2023-04-10T14:33:40.650+0000] {logging_mixin.py:137} INFO - [2023-04-10T14:33:40.650+0000] {dag.py:2705} INFO - Sync 1 DAGs
[2023-04-10T14:33:40.682+0000] {logging_mixin.py:137} INFO - [2023-04-10T14:33:40.682+0000] {dag.py:3456} INFO - Setting next_dagrun for example_short_circuit_operator to 2023-04-09T14:33:40.681947+00:00, run_after=2023-04-10T14:33:40.681947+00:00
[2023-04-10T14:33:40.697+0000] {processor.py:175} INFO - Processing /home/airflow/.local/lib/python3.7/site-packages/airflow/example_dags/example_short_circuit_operator.py took 0.092 seconds
[2023-04-10T14:34:11.168+0000] {processor.py:153} INFO - Started process (PID=784) to work on /home/airflow/.local/lib/python3.7/site-packages/airflow/example_dags/example_short_circuit_operator.py
[2023-04-10T14:34:11.169+0000] {processor.py:743} INFO - Processing file /home/airflow/.local/lib/python3.7/site-packages/airflow/example_dags/example_short_circuit_operator.py for tasks to queue
[2023-04-10T14:34:11.170+0000] {logging_mixin.py:137} INFO - [2023-04-10T14:34:11.170+0000] {dagbag.py:532} INFO - Filling up the DagBag from /home/airflow/.local/lib/python3.7/site-packages/airflow/example_dags/example_short_circuit_operator.py
[2023-04-10T14:34:11.184+0000] {processor.py:753} INFO - DAG(s) dict_keys(['example_short_circuit_operator']) retrieved from /home/airflow/.local/lib/python3.7/site-packages/airflow/example_dags/example_short_circuit_operator.py
[2023-04-10T14:34:11.213+0000] {logging_mixin.py:137} INFO - [2023-04-10T14:34:11.212+0000] {dag.py:2705} INFO - Sync 1 DAGs
[2023-04-10T14:34:11.247+0000] {logging_mixin.py:137} INFO - [2023-04-10T14:34:11.247+0000] {dag.py:3456} INFO - Setting next_dagrun for example_short_circuit_operator to 2023-04-09T14:34:11.247067+00:00, run_after=2023-04-10T14:34:11.247067+00:00
[2023-04-10T14:34:11.263+0000] {processor.py:175} INFO - Processing /home/airflow/.local/lib/python3.7/site-packages/airflow/example_dags/example_short_circuit_operator.py took 0.097 seconds
[2023-04-10T14:34:41.987+0000] {processor.py:153} INFO - Started process (PID=1010) to work on /home/airflow/.local/lib/python3.7/site-packages/airflow/example_dags/example_short_circuit_operator.py
[2023-04-10T14:34:41.988+0000] {processor.py:743} INFO - Processing file /home/airflow/.local/lib/python3.7/site-packages/airflow/example_dags/example_short_circuit_operator.py for tasks to queue
[2023-04-10T14:34:41.988+0000] {logging_mixin.py:137} INFO - [2023-04-10T14:34:41.988+0000] {dagbag.py:532} INFO - Filling up the DagBag from /home/airflow/.local/lib/python3.7/site-packages/airflow/example_dags/example_short_circuit_operator.py
[2023-04-10T14:34:42.003+0000] {processor.py:753} INFO - DAG(s) dict_keys(['example_short_circuit_operator']) retrieved from /home/airflow/.local/lib/python3.7/site-packages/airflow/example_dags/example_short_circuit_operator.py
[2023-04-10T14:34:42.028+0000] {logging_mixin.py:137} INFO - [2023-04-10T14:34:42.028+0000] {dag.py:2705} INFO - Sync 1 DAGs
[2023-04-10T14:34:42.058+0000] {logging_mixin.py:137} INFO - [2023-04-10T14:34:42.058+0000] {dag.py:3456} INFO - Setting next_dagrun for example_short_circuit_operator to 2023-04-09T14:34:42.058355+00:00, run_after=2023-04-10T14:34:42.058355+00:00
[2023-04-10T14:34:42.073+0000] {processor.py:175} INFO - Processing /home/airflow/.local/lib/python3.7/site-packages/airflow/example_dags/example_short_circuit_operator.py took 0.088 seconds
[2023-04-10T14:35:12.734+0000] {processor.py:153} INFO - Started process (PID=1231) to work on /home/airflow/.local/lib/python3.7/site-packages/airflow/example_dags/example_short_circuit_operator.py
[2023-04-10T14:35:12.735+0000] {processor.py:743} INFO - Processing file /home/airflow/.local/lib/python3.7/site-packages/airflow/example_dags/example_short_circuit_operator.py for tasks to queue
[2023-04-10T14:35:12.735+0000] {logging_mixin.py:137} INFO - [2023-04-10T14:35:12.735+0000] {dagbag.py:532} INFO - Filling up the DagBag from /home/airflow/.local/lib/python3.7/site-packages/airflow/example_dags/example_short_circuit_operator.py
[2023-04-10T14:35:12.749+0000] {processor.py:753} INFO - DAG(s) dict_keys(['example_short_circuit_operator']) retrieved from /home/airflow/.local/lib/python3.7/site-packages/airflow/example_dags/example_short_circuit_operator.py
[2023-04-10T14:35:12.774+0000] {logging_mixin.py:137} INFO - [2023-04-10T14:35:12.774+0000] {dag.py:2705} INFO - Sync 1 DAGs
[2023-04-10T14:35:12.804+0000] {logging_mixin.py:137} INFO - [2023-04-10T14:35:12.804+0000] {dag.py:3456} INFO - Setting next_dagrun for example_short_circuit_operator to 2023-04-09T14:35:12.804673+00:00, run_after=2023-04-10T14:35:12.804673+00:00
[2023-04-10T14:35:12.822+0000] {processor.py:175} INFO - Processing /home/airflow/.local/lib/python3.7/site-packages/airflow/example_dags/example_short_circuit_operator.py took 0.090 seconds
[2023-04-10T14:35:43.477+0000] {processor.py:153} INFO - Started process (PID=1454) to work on /home/airflow/.local/lib/python3.7/site-packages/airflow/example_dags/example_short_circuit_operator.py
[2023-04-10T14:35:43.477+0000] {processor.py:743} INFO - Processing file /home/airflow/.local/lib/python3.7/site-packages/airflow/example_dags/example_short_circuit_operator.py for tasks to queue
[2023-04-10T14:35:43.478+0000] {logging_mixin.py:137} INFO - [2023-04-10T14:35:43.478+0000] {dagbag.py:532} INFO - Filling up the DagBag from /home/airflow/.local/lib/python3.7/site-packages/airflow/example_dags/example_short_circuit_operator.py
[2023-04-10T14:35:43.493+0000] {processor.py:753} INFO - DAG(s) dict_keys(['example_short_circuit_operator']) retrieved from /home/airflow/.local/lib/python3.7/site-packages/airflow/example_dags/example_short_circuit_operator.py
[2023-04-10T14:35:43.520+0000] {logging_mixin.py:137} INFO - [2023-04-10T14:35:43.520+0000] {dag.py:2705} INFO - Sync 1 DAGs
[2023-04-10T14:35:43.554+0000] {logging_mixin.py:137} INFO - [2023-04-10T14:35:43.554+0000] {dag.py:3456} INFO - Setting next_dagrun for example_short_circuit_operator to 2023-04-09T14:35:43.553862+00:00, run_after=2023-04-10T14:35:43.553862+00:00
[2023-04-10T14:35:43.570+0000] {processor.py:175} INFO - Processing /home/airflow/.local/lib/python3.7/site-packages/airflow/example_dags/example_short_circuit_operator.py took 0.096 seconds
