[2023-04-10T14:33:08.207+0000] {processor.py:153} INFO - Started process (PID=283) to work on /home/airflow/.local/lib/python3.7/site-packages/airflow/example_dags/example_skip_dag.py
[2023-04-10T14:33:08.208+0000] {processor.py:743} INFO - Processing file /home/airflow/.local/lib/python3.7/site-packages/airflow/example_dags/example_skip_dag.py for tasks to queue
[2023-04-10T14:33:08.208+0000] {logging_mixin.py:137} INFO - [2023-04-10T14:33:08.208+0000] {dagbag.py:532} INFO - Filling up the DagBag from /home/airflow/.local/lib/python3.7/site-packages/airflow/example_dags/example_skip_dag.py
[2023-04-10T14:33:08.281+0000] {processor.py:753} INFO - DAG(s) dict_keys(['example_skip_dag']) retrieved from /home/airflow/.local/lib/python3.7/site-packages/airflow/example_dags/example_skip_dag.py
[2023-04-10T14:33:08.422+0000] {logging_mixin.py:137} INFO - [2023-04-10T14:33:08.422+0000] {dag.py:2705} INFO - Sync 1 DAGs
[2023-04-10T14:33:08.521+0000] {logging_mixin.py:137} INFO - [2023-04-10T14:33:08.521+0000] {dag.py:3456} INFO - Setting next_dagrun for example_skip_dag to 2023-04-09T14:33:08.521392+00:00, run_after=2023-04-10T14:33:08.521392+00:00
[2023-04-10T14:33:08.626+0000] {processor.py:175} INFO - Processing /home/airflow/.local/lib/python3.7/site-packages/airflow/example_dags/example_skip_dag.py took 0.422 seconds
[2023-04-10T14:33:39.245+0000] {processor.py:153} INFO - Started process (PID=526) to work on /home/airflow/.local/lib/python3.7/site-packages/airflow/example_dags/example_skip_dag.py
[2023-04-10T14:33:39.246+0000] {processor.py:743} INFO - Processing file /home/airflow/.local/lib/python3.7/site-packages/airflow/example_dags/example_skip_dag.py for tasks to queue
[2023-04-10T14:33:39.247+0000] {logging_mixin.py:137} INFO - [2023-04-10T14:33:39.246+0000] {dagbag.py:532} INFO - Filling up the DagBag from /home/airflow/.local/lib/python3.7/site-packages/airflow/example_dags/example_skip_dag.py
[2023-04-10T14:33:39.258+0000] {processor.py:753} INFO - DAG(s) dict_keys(['example_skip_dag']) retrieved from /home/airflow/.local/lib/python3.7/site-packages/airflow/example_dags/example_skip_dag.py
[2023-04-10T14:33:39.282+0000] {logging_mixin.py:137} INFO - [2023-04-10T14:33:39.281+0000] {dag.py:2705} INFO - Sync 1 DAGs
[2023-04-10T14:33:39.313+0000] {logging_mixin.py:137} INFO - [2023-04-10T14:33:39.313+0000] {dag.py:3456} INFO - Setting next_dagrun for example_skip_dag to 2023-04-09T14:33:39.313499+00:00, run_after=2023-04-10T14:33:39.313499+00:00
[2023-04-10T14:33:39.329+0000] {processor.py:175} INFO - Processing /home/airflow/.local/lib/python3.7/site-packages/airflow/example_dags/example_skip_dag.py took 0.086 seconds
[2023-04-10T14:34:09.808+0000] {processor.py:153} INFO - Started process (PID=749) to work on /home/airflow/.local/lib/python3.7/site-packages/airflow/example_dags/example_skip_dag.py
[2023-04-10T14:34:09.808+0000] {processor.py:743} INFO - Processing file /home/airflow/.local/lib/python3.7/site-packages/airflow/example_dags/example_skip_dag.py for tasks to queue
[2023-04-10T14:34:09.809+0000] {logging_mixin.py:137} INFO - [2023-04-10T14:34:09.809+0000] {dagbag.py:532} INFO - Filling up the DagBag from /home/airflow/.local/lib/python3.7/site-packages/airflow/example_dags/example_skip_dag.py
[2023-04-10T14:34:09.821+0000] {processor.py:753} INFO - DAG(s) dict_keys(['example_skip_dag']) retrieved from /home/airflow/.local/lib/python3.7/site-packages/airflow/example_dags/example_skip_dag.py
[2023-04-10T14:34:09.844+0000] {logging_mixin.py:137} INFO - [2023-04-10T14:34:09.844+0000] {dag.py:2705} INFO - Sync 1 DAGs
[2023-04-10T14:34:09.877+0000] {logging_mixin.py:137} INFO - [2023-04-10T14:34:09.876+0000] {dag.py:3456} INFO - Setting next_dagrun for example_skip_dag to 2023-04-09T14:34:09.876812+00:00, run_after=2023-04-10T14:34:09.876812+00:00
[2023-04-10T14:34:09.894+0000] {processor.py:175} INFO - Processing /home/airflow/.local/lib/python3.7/site-packages/airflow/example_dags/example_skip_dag.py took 0.088 seconds
[2023-04-10T14:34:40.556+0000] {processor.py:153} INFO - Started process (PID=973) to work on /home/airflow/.local/lib/python3.7/site-packages/airflow/example_dags/example_skip_dag.py
[2023-04-10T14:34:40.557+0000] {processor.py:743} INFO - Processing file /home/airflow/.local/lib/python3.7/site-packages/airflow/example_dags/example_skip_dag.py for tasks to queue
[2023-04-10T14:34:40.557+0000] {logging_mixin.py:137} INFO - [2023-04-10T14:34:40.557+0000] {dagbag.py:532} INFO - Filling up the DagBag from /home/airflow/.local/lib/python3.7/site-packages/airflow/example_dags/example_skip_dag.py
[2023-04-10T14:34:40.570+0000] {processor.py:753} INFO - DAG(s) dict_keys(['example_skip_dag']) retrieved from /home/airflow/.local/lib/python3.7/site-packages/airflow/example_dags/example_skip_dag.py
[2023-04-10T14:34:40.592+0000] {logging_mixin.py:137} INFO - [2023-04-10T14:34:40.592+0000] {dag.py:2705} INFO - Sync 1 DAGs
[2023-04-10T14:34:40.623+0000] {logging_mixin.py:137} INFO - [2023-04-10T14:34:40.623+0000] {dag.py:3456} INFO - Setting next_dagrun for example_skip_dag to 2023-04-09T14:34:40.622890+00:00, run_after=2023-04-10T14:34:40.622890+00:00
[2023-04-10T14:34:40.641+0000] {processor.py:175} INFO - Processing /home/airflow/.local/lib/python3.7/site-packages/airflow/example_dags/example_skip_dag.py took 0.087 seconds
[2023-04-10T14:35:11.405+0000] {processor.py:153} INFO - Started process (PID=1196) to work on /home/airflow/.local/lib/python3.7/site-packages/airflow/example_dags/example_skip_dag.py
[2023-04-10T14:35:11.405+0000] {processor.py:743} INFO - Processing file /home/airflow/.local/lib/python3.7/site-packages/airflow/example_dags/example_skip_dag.py for tasks to queue
[2023-04-10T14:35:11.405+0000] {logging_mixin.py:137} INFO - [2023-04-10T14:35:11.405+0000] {dagbag.py:532} INFO - Filling up the DagBag from /home/airflow/.local/lib/python3.7/site-packages/airflow/example_dags/example_skip_dag.py
[2023-04-10T14:35:11.417+0000] {processor.py:753} INFO - DAG(s) dict_keys(['example_skip_dag']) retrieved from /home/airflow/.local/lib/python3.7/site-packages/airflow/example_dags/example_skip_dag.py
[2023-04-10T14:35:11.439+0000] {logging_mixin.py:137} INFO - [2023-04-10T14:35:11.439+0000] {dag.py:2705} INFO - Sync 1 DAGs
[2023-04-10T14:35:11.469+0000] {logging_mixin.py:137} INFO - [2023-04-10T14:35:11.469+0000] {dag.py:3456} INFO - Setting next_dagrun for example_skip_dag to 2023-04-09T14:35:11.469355+00:00, run_after=2023-04-10T14:35:11.469355+00:00
[2023-04-10T14:35:11.487+0000] {processor.py:175} INFO - Processing /home/airflow/.local/lib/python3.7/site-packages/airflow/example_dags/example_skip_dag.py took 0.084 seconds
[2023-04-10T14:35:42.103+0000] {processor.py:153} INFO - Started process (PID=1419) to work on /home/airflow/.local/lib/python3.7/site-packages/airflow/example_dags/example_skip_dag.py
[2023-04-10T14:35:42.104+0000] {processor.py:743} INFO - Processing file /home/airflow/.local/lib/python3.7/site-packages/airflow/example_dags/example_skip_dag.py for tasks to queue
[2023-04-10T14:35:42.104+0000] {logging_mixin.py:137} INFO - [2023-04-10T14:35:42.104+0000] {dagbag.py:532} INFO - Filling up the DagBag from /home/airflow/.local/lib/python3.7/site-packages/airflow/example_dags/example_skip_dag.py
[2023-04-10T14:35:42.117+0000] {processor.py:753} INFO - DAG(s) dict_keys(['example_skip_dag']) retrieved from /home/airflow/.local/lib/python3.7/site-packages/airflow/example_dags/example_skip_dag.py
[2023-04-10T14:35:42.141+0000] {logging_mixin.py:137} INFO - [2023-04-10T14:35:42.141+0000] {dag.py:2705} INFO - Sync 1 DAGs
[2023-04-10T14:35:42.180+0000] {logging_mixin.py:137} INFO - [2023-04-10T14:35:42.180+0000] {dag.py:3456} INFO - Setting next_dagrun for example_skip_dag to 2023-04-09T14:35:42.180044+00:00, run_after=2023-04-10T14:35:42.180044+00:00
[2023-04-10T14:35:42.201+0000] {processor.py:175} INFO - Processing /home/airflow/.local/lib/python3.7/site-packages/airflow/example_dags/example_skip_dag.py took 0.100 seconds
