[2023-04-10T14:33:09.197+0000] {processor.py:153} INFO - Started process (PID=299) to work on /home/airflow/.local/lib/python3.7/site-packages/airflow/example_dags/example_latest_only_with_trigger.py
[2023-04-10T14:33:09.224+0000] {processor.py:743} INFO - Processing file /home/airflow/.local/lib/python3.7/site-packages/airflow/example_dags/example_latest_only_with_trigger.py for tasks to queue
[2023-04-10T14:33:09.224+0000] {logging_mixin.py:137} INFO - [2023-04-10T14:33:09.224+0000] {dagbag.py:532} INFO - Filling up the DagBag from /home/airflow/.local/lib/python3.7/site-packages/airflow/example_dags/example_latest_only_with_trigger.py
[2023-04-10T14:33:09.332+0000] {processor.py:753} INFO - DAG(s) dict_keys(['latest_only_with_trigger']) retrieved from /home/airflow/.local/lib/python3.7/site-packages/airflow/example_dags/example_latest_only_with_trigger.py
[2023-04-10T14:33:09.525+0000] {logging_mixin.py:137} INFO - [2023-04-10T14:33:09.524+0000] {dag.py:2705} INFO - Sync 1 DAGs
[2023-04-10T14:33:09.593+0000] {logging_mixin.py:137} INFO - [2023-04-10T14:33:09.593+0000] {dag.py:3456} INFO - Setting next_dagrun for latest_only_with_trigger to 2023-04-10T10:33:09.593465+00:00, run_after=2023-04-10T14:33:09.593465+00:00
[2023-04-10T14:33:09.643+0000] {processor.py:175} INFO - Processing /home/airflow/.local/lib/python3.7/site-packages/airflow/example_dags/example_latest_only_with_trigger.py took 0.448 seconds
[2023-04-10T14:33:40.352+0000] {processor.py:153} INFO - Started process (PID=541) to work on /home/airflow/.local/lib/python3.7/site-packages/airflow/example_dags/example_latest_only_with_trigger.py
[2023-04-10T14:33:40.353+0000] {processor.py:743} INFO - Processing file /home/airflow/.local/lib/python3.7/site-packages/airflow/example_dags/example_latest_only_with_trigger.py for tasks to queue
[2023-04-10T14:33:40.353+0000] {logging_mixin.py:137} INFO - [2023-04-10T14:33:40.353+0000] {dagbag.py:532} INFO - Filling up the DagBag from /home/airflow/.local/lib/python3.7/site-packages/airflow/example_dags/example_latest_only_with_trigger.py
[2023-04-10T14:33:40.366+0000] {processor.py:753} INFO - DAG(s) dict_keys(['latest_only_with_trigger']) retrieved from /home/airflow/.local/lib/python3.7/site-packages/airflow/example_dags/example_latest_only_with_trigger.py
[2023-04-10T14:33:40.391+0000] {logging_mixin.py:137} INFO - [2023-04-10T14:33:40.391+0000] {dag.py:2705} INFO - Sync 1 DAGs
[2023-04-10T14:33:40.427+0000] {logging_mixin.py:137} INFO - [2023-04-10T14:33:40.426+0000] {dag.py:3456} INFO - Setting next_dagrun for latest_only_with_trigger to 2023-04-10T10:33:40.426805+00:00, run_after=2023-04-10T14:33:40.426805+00:00
[2023-04-10T14:33:40.446+0000] {processor.py:175} INFO - Processing /home/airflow/.local/lib/python3.7/site-packages/airflow/example_dags/example_latest_only_with_trigger.py took 0.096 seconds
[2023-04-10T14:34:10.917+0000] {processor.py:153} INFO - Started process (PID=764) to work on /home/airflow/.local/lib/python3.7/site-packages/airflow/example_dags/example_latest_only_with_trigger.py
[2023-04-10T14:34:10.918+0000] {processor.py:743} INFO - Processing file /home/airflow/.local/lib/python3.7/site-packages/airflow/example_dags/example_latest_only_with_trigger.py for tasks to queue
[2023-04-10T14:34:10.918+0000] {logging_mixin.py:137} INFO - [2023-04-10T14:34:10.918+0000] {dagbag.py:532} INFO - Filling up the DagBag from /home/airflow/.local/lib/python3.7/site-packages/airflow/example_dags/example_latest_only_with_trigger.py
[2023-04-10T14:34:10.930+0000] {processor.py:753} INFO - DAG(s) dict_keys(['latest_only_with_trigger']) retrieved from /home/airflow/.local/lib/python3.7/site-packages/airflow/example_dags/example_latest_only_with_trigger.py
[2023-04-10T14:34:10.957+0000] {logging_mixin.py:137} INFO - [2023-04-10T14:34:10.957+0000] {dag.py:2705} INFO - Sync 1 DAGs
[2023-04-10T14:34:10.992+0000] {logging_mixin.py:137} INFO - [2023-04-10T14:34:10.992+0000] {dag.py:3456} INFO - Setting next_dagrun for latest_only_with_trigger to 2023-04-10T10:34:10.992012+00:00, run_after=2023-04-10T14:34:10.992012+00:00
[2023-04-10T14:34:11.013+0000] {processor.py:175} INFO - Processing /home/airflow/.local/lib/python3.7/site-packages/airflow/example_dags/example_latest_only_with_trigger.py took 0.098 seconds
[2023-04-10T14:34:41.671+0000] {processor.py:153} INFO - Started process (PID=988) to work on /home/airflow/.local/lib/python3.7/site-packages/airflow/example_dags/example_latest_only_with_trigger.py
[2023-04-10T14:34:41.671+0000] {processor.py:743} INFO - Processing file /home/airflow/.local/lib/python3.7/site-packages/airflow/example_dags/example_latest_only_with_trigger.py for tasks to queue
[2023-04-10T14:34:41.672+0000] {logging_mixin.py:137} INFO - [2023-04-10T14:34:41.671+0000] {dagbag.py:532} INFO - Filling up the DagBag from /home/airflow/.local/lib/python3.7/site-packages/airflow/example_dags/example_latest_only_with_trigger.py
[2023-04-10T14:34:41.683+0000] {processor.py:753} INFO - DAG(s) dict_keys(['latest_only_with_trigger']) retrieved from /home/airflow/.local/lib/python3.7/site-packages/airflow/example_dags/example_latest_only_with_trigger.py
[2023-04-10T14:34:41.705+0000] {logging_mixin.py:137} INFO - [2023-04-10T14:34:41.704+0000] {dag.py:2705} INFO - Sync 1 DAGs
[2023-04-10T14:34:41.735+0000] {logging_mixin.py:137} INFO - [2023-04-10T14:34:41.735+0000] {dag.py:3456} INFO - Setting next_dagrun for latest_only_with_trigger to 2023-04-10T10:34:41.735291+00:00, run_after=2023-04-10T14:34:41.735291+00:00
[2023-04-10T14:34:41.751+0000] {processor.py:175} INFO - Processing /home/airflow/.local/lib/python3.7/site-packages/airflow/example_dags/example_latest_only_with_trigger.py took 0.083 seconds
[2023-04-10T14:35:12.513+0000] {processor.py:153} INFO - Started process (PID=1211) to work on /home/airflow/.local/lib/python3.7/site-packages/airflow/example_dags/example_latest_only_with_trigger.py
[2023-04-10T14:35:12.513+0000] {processor.py:743} INFO - Processing file /home/airflow/.local/lib/python3.7/site-packages/airflow/example_dags/example_latest_only_with_trigger.py for tasks to queue
[2023-04-10T14:35:12.514+0000] {logging_mixin.py:137} INFO - [2023-04-10T14:35:12.514+0000] {dagbag.py:532} INFO - Filling up the DagBag from /home/airflow/.local/lib/python3.7/site-packages/airflow/example_dags/example_latest_only_with_trigger.py
[2023-04-10T14:35:12.525+0000] {processor.py:753} INFO - DAG(s) dict_keys(['latest_only_with_trigger']) retrieved from /home/airflow/.local/lib/python3.7/site-packages/airflow/example_dags/example_latest_only_with_trigger.py
[2023-04-10T14:35:12.546+0000] {logging_mixin.py:137} INFO - [2023-04-10T14:35:12.546+0000] {dag.py:2705} INFO - Sync 1 DAGs
[2023-04-10T14:35:12.575+0000] {logging_mixin.py:137} INFO - [2023-04-10T14:35:12.575+0000] {dag.py:3456} INFO - Setting next_dagrun for latest_only_with_trigger to 2023-04-10T10:35:12.575500+00:00, run_after=2023-04-10T14:35:12.575500+00:00
[2023-04-10T14:35:12.595+0000] {processor.py:175} INFO - Processing /home/airflow/.local/lib/python3.7/site-packages/airflow/example_dags/example_latest_only_with_trigger.py took 0.084 seconds
[2023-04-10T14:35:43.226+0000] {processor.py:153} INFO - Started process (PID=1434) to work on /home/airflow/.local/lib/python3.7/site-packages/airflow/example_dags/example_latest_only_with_trigger.py
[2023-04-10T14:35:43.226+0000] {processor.py:743} INFO - Processing file /home/airflow/.local/lib/python3.7/site-packages/airflow/example_dags/example_latest_only_with_trigger.py for tasks to queue
[2023-04-10T14:35:43.227+0000] {logging_mixin.py:137} INFO - [2023-04-10T14:35:43.227+0000] {dagbag.py:532} INFO - Filling up the DagBag from /home/airflow/.local/lib/python3.7/site-packages/airflow/example_dags/example_latest_only_with_trigger.py
[2023-04-10T14:35:43.238+0000] {processor.py:753} INFO - DAG(s) dict_keys(['latest_only_with_trigger']) retrieved from /home/airflow/.local/lib/python3.7/site-packages/airflow/example_dags/example_latest_only_with_trigger.py
[2023-04-10T14:35:43.260+0000] {logging_mixin.py:137} INFO - [2023-04-10T14:35:43.260+0000] {dag.py:2705} INFO - Sync 1 DAGs
[2023-04-10T14:35:43.295+0000] {logging_mixin.py:137} INFO - [2023-04-10T14:35:43.295+0000] {dag.py:3456} INFO - Setting next_dagrun for latest_only_with_trigger to 2023-04-10T10:35:43.295237+00:00, run_after=2023-04-10T14:35:43.295237+00:00
[2023-04-10T14:35:43.312+0000] {processor.py:175} INFO - Processing /home/airflow/.local/lib/python3.7/site-packages/airflow/example_dags/example_latest_only_with_trigger.py took 0.089 seconds
