[2023-04-10T14:33:07.048+0000] {processor.py:153} INFO - Started process (PID=196) to work on /home/airflow/.local/lib/python3.7/site-packages/airflow/example_dags/example_python_operator.py
[2023-04-10T14:33:07.048+0000] {processor.py:743} INFO - Processing file /home/airflow/.local/lib/python3.7/site-packages/airflow/example_dags/example_python_operator.py for tasks to queue
[2023-04-10T14:33:07.049+0000] {logging_mixin.py:137} INFO - [2023-04-10T14:33:07.048+0000] {dagbag.py:532} INFO - Filling up the DagBag from /home/airflow/.local/lib/python3.7/site-packages/airflow/example_dags/example_python_operator.py
[2023-04-10T14:33:07.069+0000] {logging_mixin.py:137} INFO - [2023-04-10T14:33:07.069+0000] {taskmixin.py:211} WARNING - Dependency <Task(_PythonDecoratedOperator): print_the_context>, log_sql_query already registered for DAG: example_python_operator
[2023-04-10T14:33:07.069+0000] {logging_mixin.py:137} INFO - [2023-04-10T14:33:07.069+0000] {taskmixin.py:211} WARNING - Dependency <Task(_PythonDecoratedOperator): log_sql_query>, print_the_context already registered for DAG: example_python_operator
[2023-04-10T14:33:07.071+0000] {logging_mixin.py:137} INFO - [2023-04-10T14:33:07.071+0000] {taskmixin.py:211} WARNING - Dependency <Task(_PythonDecoratedOperator): print_the_context>, log_sql_query already registered for DAG: example_python_operator
[2023-04-10T14:33:07.071+0000] {logging_mixin.py:137} INFO - [2023-04-10T14:33:07.071+0000] {taskmixin.py:211} WARNING - Dependency <Task(_PythonDecoratedOperator): log_sql_query>, print_the_context already registered for DAG: example_python_operator
[2023-04-10T14:33:07.072+0000] {logging_mixin.py:137} INFO - [2023-04-10T14:33:07.072+0000] {taskmixin.py:211} WARNING - Dependency <Task(_PythonDecoratedOperator): print_the_context>, log_sql_query already registered for DAG: example_python_operator
[2023-04-10T14:33:07.072+0000] {logging_mixin.py:137} INFO - [2023-04-10T14:33:07.072+0000] {taskmixin.py:211} WARNING - Dependency <Task(_PythonDecoratedOperator): log_sql_query>, print_the_context already registered for DAG: example_python_operator
[2023-04-10T14:33:07.073+0000] {logging_mixin.py:137} INFO - [2023-04-10T14:33:07.073+0000] {taskmixin.py:211} WARNING - Dependency <Task(_PythonDecoratedOperator): print_the_context>, log_sql_query already registered for DAG: example_python_operator
[2023-04-10T14:33:07.074+0000] {logging_mixin.py:137} INFO - [2023-04-10T14:33:07.074+0000] {taskmixin.py:211} WARNING - Dependency <Task(_PythonDecoratedOperator): log_sql_query>, print_the_context already registered for DAG: example_python_operator
[2023-04-10T14:33:07.082+0000] {processor.py:753} INFO - DAG(s) dict_keys(['example_python_operator']) retrieved from /home/airflow/.local/lib/python3.7/site-packages/airflow/example_dags/example_python_operator.py
[2023-04-10T14:33:07.164+0000] {logging_mixin.py:137} INFO - [2023-04-10T14:33:07.164+0000] {dag.py:2705} INFO - Sync 1 DAGs
[2023-04-10T14:33:07.195+0000] {logging_mixin.py:137} INFO - [2023-04-10T14:33:07.195+0000] {dag.py:3456} INFO - Setting next_dagrun for example_python_operator to None, run_after=None
[2023-04-10T14:33:07.214+0000] {processor.py:175} INFO - Processing /home/airflow/.local/lib/python3.7/site-packages/airflow/example_dags/example_python_operator.py took 0.169 seconds
[2023-04-10T14:33:37.297+0000] {processor.py:153} INFO - Started process (PID=446) to work on /home/airflow/.local/lib/python3.7/site-packages/airflow/example_dags/example_python_operator.py
[2023-04-10T14:33:37.297+0000] {processor.py:743} INFO - Processing file /home/airflow/.local/lib/python3.7/site-packages/airflow/example_dags/example_python_operator.py for tasks to queue
[2023-04-10T14:33:37.298+0000] {logging_mixin.py:137} INFO - [2023-04-10T14:33:37.298+0000] {dagbag.py:532} INFO - Filling up the DagBag from /home/airflow/.local/lib/python3.7/site-packages/airflow/example_dags/example_python_operator.py
[2023-04-10T14:33:37.314+0000] {logging_mixin.py:137} INFO - [2023-04-10T14:33:37.314+0000] {taskmixin.py:211} WARNING - Dependency <Task(_PythonDecoratedOperator): print_the_context>, log_sql_query already registered for DAG: example_python_operator
[2023-04-10T14:33:37.314+0000] {logging_mixin.py:137} INFO - [2023-04-10T14:33:37.314+0000] {taskmixin.py:211} WARNING - Dependency <Task(_PythonDecoratedOperator): log_sql_query>, print_the_context already registered for DAG: example_python_operator
[2023-04-10T14:33:37.315+0000] {logging_mixin.py:137} INFO - [2023-04-10T14:33:37.315+0000] {taskmixin.py:211} WARNING - Dependency <Task(_PythonDecoratedOperator): print_the_context>, log_sql_query already registered for DAG: example_python_operator
[2023-04-10T14:33:37.315+0000] {logging_mixin.py:137} INFO - [2023-04-10T14:33:37.315+0000] {taskmixin.py:211} WARNING - Dependency <Task(_PythonDecoratedOperator): log_sql_query>, print_the_context already registered for DAG: example_python_operator
[2023-04-10T14:33:37.316+0000] {logging_mixin.py:137} INFO - [2023-04-10T14:33:37.316+0000] {taskmixin.py:211} WARNING - Dependency <Task(_PythonDecoratedOperator): print_the_context>, log_sql_query already registered for DAG: example_python_operator
[2023-04-10T14:33:37.316+0000] {logging_mixin.py:137} INFO - [2023-04-10T14:33:37.316+0000] {taskmixin.py:211} WARNING - Dependency <Task(_PythonDecoratedOperator): log_sql_query>, print_the_context already registered for DAG: example_python_operator
[2023-04-10T14:33:37.317+0000] {logging_mixin.py:137} INFO - [2023-04-10T14:33:37.317+0000] {taskmixin.py:211} WARNING - Dependency <Task(_PythonDecoratedOperator): print_the_context>, log_sql_query already registered for DAG: example_python_operator
[2023-04-10T14:33:37.317+0000] {logging_mixin.py:137} INFO - [2023-04-10T14:33:37.317+0000] {taskmixin.py:211} WARNING - Dependency <Task(_PythonDecoratedOperator): log_sql_query>, print_the_context already registered for DAG: example_python_operator
[2023-04-10T14:33:37.324+0000] {processor.py:753} INFO - DAG(s) dict_keys(['example_python_operator']) retrieved from /home/airflow/.local/lib/python3.7/site-packages/airflow/example_dags/example_python_operator.py
[2023-04-10T14:33:37.351+0000] {logging_mixin.py:137} INFO - [2023-04-10T14:33:37.351+0000] {dag.py:2705} INFO - Sync 1 DAGs
[2023-04-10T14:33:37.383+0000] {logging_mixin.py:137} INFO - [2023-04-10T14:33:37.383+0000] {dag.py:3456} INFO - Setting next_dagrun for example_python_operator to None, run_after=None
[2023-04-10T14:33:37.399+0000] {processor.py:175} INFO - Processing /home/airflow/.local/lib/python3.7/site-packages/airflow/example_dags/example_python_operator.py took 0.104 seconds
[2023-04-10T14:34:07.849+0000] {processor.py:153} INFO - Started process (PID=669) to work on /home/airflow/.local/lib/python3.7/site-packages/airflow/example_dags/example_python_operator.py
[2023-04-10T14:34:07.849+0000] {processor.py:743} INFO - Processing file /home/airflow/.local/lib/python3.7/site-packages/airflow/example_dags/example_python_operator.py for tasks to queue
[2023-04-10T14:34:07.850+0000] {logging_mixin.py:137} INFO - [2023-04-10T14:34:07.850+0000] {dagbag.py:532} INFO - Filling up the DagBag from /home/airflow/.local/lib/python3.7/site-packages/airflow/example_dags/example_python_operator.py
[2023-04-10T14:34:07.867+0000] {logging_mixin.py:137} INFO - [2023-04-10T14:34:07.866+0000] {taskmixin.py:211} WARNING - Dependency <Task(_PythonDecoratedOperator): print_the_context>, log_sql_query already registered for DAG: example_python_operator
[2023-04-10T14:34:07.867+0000] {logging_mixin.py:137} INFO - [2023-04-10T14:34:07.867+0000] {taskmixin.py:211} WARNING - Dependency <Task(_PythonDecoratedOperator): log_sql_query>, print_the_context already registered for DAG: example_python_operator
[2023-04-10T14:34:07.868+0000] {logging_mixin.py:137} INFO - [2023-04-10T14:34:07.867+0000] {taskmixin.py:211} WARNING - Dependency <Task(_PythonDecoratedOperator): print_the_context>, log_sql_query already registered for DAG: example_python_operator
[2023-04-10T14:34:07.868+0000] {logging_mixin.py:137} INFO - [2023-04-10T14:34:07.868+0000] {taskmixin.py:211} WARNING - Dependency <Task(_PythonDecoratedOperator): log_sql_query>, print_the_context already registered for DAG: example_python_operator
[2023-04-10T14:34:07.869+0000] {logging_mixin.py:137} INFO - [2023-04-10T14:34:07.868+0000] {taskmixin.py:211} WARNING - Dependency <Task(_PythonDecoratedOperator): print_the_context>, log_sql_query already registered for DAG: example_python_operator
[2023-04-10T14:34:07.869+0000] {logging_mixin.py:137} INFO - [2023-04-10T14:34:07.869+0000] {taskmixin.py:211} WARNING - Dependency <Task(_PythonDecoratedOperator): log_sql_query>, print_the_context already registered for DAG: example_python_operator
[2023-04-10T14:34:07.870+0000] {logging_mixin.py:137} INFO - [2023-04-10T14:34:07.869+0000] {taskmixin.py:211} WARNING - Dependency <Task(_PythonDecoratedOperator): print_the_context>, log_sql_query already registered for DAG: example_python_operator
[2023-04-10T14:34:07.870+0000] {logging_mixin.py:137} INFO - [2023-04-10T14:34:07.870+0000] {taskmixin.py:211} WARNING - Dependency <Task(_PythonDecoratedOperator): log_sql_query>, print_the_context already registered for DAG: example_python_operator
[2023-04-10T14:34:07.877+0000] {processor.py:753} INFO - DAG(s) dict_keys(['example_python_operator']) retrieved from /home/airflow/.local/lib/python3.7/site-packages/airflow/example_dags/example_python_operator.py
[2023-04-10T14:34:07.905+0000] {logging_mixin.py:137} INFO - [2023-04-10T14:34:07.905+0000] {dag.py:2705} INFO - Sync 1 DAGs
[2023-04-10T14:34:07.935+0000] {logging_mixin.py:137} INFO - [2023-04-10T14:34:07.935+0000] {dag.py:3456} INFO - Setting next_dagrun for example_python_operator to None, run_after=None
[2023-04-10T14:34:07.950+0000] {processor.py:175} INFO - Processing /home/airflow/.local/lib/python3.7/site-packages/airflow/example_dags/example_python_operator.py took 0.103 seconds
[2023-04-10T14:34:38.484+0000] {processor.py:153} INFO - Started process (PID=893) to work on /home/airflow/.local/lib/python3.7/site-packages/airflow/example_dags/example_python_operator.py
[2023-04-10T14:34:38.485+0000] {processor.py:743} INFO - Processing file /home/airflow/.local/lib/python3.7/site-packages/airflow/example_dags/example_python_operator.py for tasks to queue
[2023-04-10T14:34:38.485+0000] {logging_mixin.py:137} INFO - [2023-04-10T14:34:38.485+0000] {dagbag.py:532} INFO - Filling up the DagBag from /home/airflow/.local/lib/python3.7/site-packages/airflow/example_dags/example_python_operator.py
[2023-04-10T14:34:38.503+0000] {logging_mixin.py:137} INFO - [2023-04-10T14:34:38.503+0000] {taskmixin.py:211} WARNING - Dependency <Task(_PythonDecoratedOperator): print_the_context>, log_sql_query already registered for DAG: example_python_operator
[2023-04-10T14:34:38.503+0000] {logging_mixin.py:137} INFO - [2023-04-10T14:34:38.503+0000] {taskmixin.py:211} WARNING - Dependency <Task(_PythonDecoratedOperator): log_sql_query>, print_the_context already registered for DAG: example_python_operator
[2023-04-10T14:34:38.504+0000] {logging_mixin.py:137} INFO - [2023-04-10T14:34:38.504+0000] {taskmixin.py:211} WARNING - Dependency <Task(_PythonDecoratedOperator): print_the_context>, log_sql_query already registered for DAG: example_python_operator
[2023-04-10T14:34:38.504+0000] {logging_mixin.py:137} INFO - [2023-04-10T14:34:38.504+0000] {taskmixin.py:211} WARNING - Dependency <Task(_PythonDecoratedOperator): log_sql_query>, print_the_context already registered for DAG: example_python_operator
[2023-04-10T14:34:38.505+0000] {logging_mixin.py:137} INFO - [2023-04-10T14:34:38.505+0000] {taskmixin.py:211} WARNING - Dependency <Task(_PythonDecoratedOperator): print_the_context>, log_sql_query already registered for DAG: example_python_operator
[2023-04-10T14:34:38.505+0000] {logging_mixin.py:137} INFO - [2023-04-10T14:34:38.505+0000] {taskmixin.py:211} WARNING - Dependency <Task(_PythonDecoratedOperator): log_sql_query>, print_the_context already registered for DAG: example_python_operator
[2023-04-10T14:34:38.506+0000] {logging_mixin.py:137} INFO - [2023-04-10T14:34:38.506+0000] {taskmixin.py:211} WARNING - Dependency <Task(_PythonDecoratedOperator): print_the_context>, log_sql_query already registered for DAG: example_python_operator
[2023-04-10T14:34:38.506+0000] {logging_mixin.py:137} INFO - [2023-04-10T14:34:38.506+0000] {taskmixin.py:211} WARNING - Dependency <Task(_PythonDecoratedOperator): log_sql_query>, print_the_context already registered for DAG: example_python_operator
[2023-04-10T14:34:38.513+0000] {processor.py:753} INFO - DAG(s) dict_keys(['example_python_operator']) retrieved from /home/airflow/.local/lib/python3.7/site-packages/airflow/example_dags/example_python_operator.py
[2023-04-10T14:34:38.542+0000] {logging_mixin.py:137} INFO - [2023-04-10T14:34:38.542+0000] {dag.py:2705} INFO - Sync 1 DAGs
[2023-04-10T14:34:38.582+0000] {logging_mixin.py:137} INFO - [2023-04-10T14:34:38.581+0000] {dag.py:3456} INFO - Setting next_dagrun for example_python_operator to None, run_after=None
[2023-04-10T14:34:38.600+0000] {processor.py:175} INFO - Processing /home/airflow/.local/lib/python3.7/site-packages/airflow/example_dags/example_python_operator.py took 0.118 seconds
[2023-04-10T14:35:09.191+0000] {processor.py:153} INFO - Started process (PID=1116) to work on /home/airflow/.local/lib/python3.7/site-packages/airflow/example_dags/example_python_operator.py
[2023-04-10T14:35:09.194+0000] {processor.py:743} INFO - Processing file /home/airflow/.local/lib/python3.7/site-packages/airflow/example_dags/example_python_operator.py for tasks to queue
[2023-04-10T14:35:09.194+0000] {logging_mixin.py:137} INFO - [2023-04-10T14:35:09.194+0000] {dagbag.py:532} INFO - Filling up the DagBag from /home/airflow/.local/lib/python3.7/site-packages/airflow/example_dags/example_python_operator.py
[2023-04-10T14:35:09.225+0000] {logging_mixin.py:137} INFO - [2023-04-10T14:35:09.225+0000] {taskmixin.py:211} WARNING - Dependency <Task(_PythonDecoratedOperator): print_the_context>, log_sql_query already registered for DAG: example_python_operator
[2023-04-10T14:35:09.225+0000] {logging_mixin.py:137} INFO - [2023-04-10T14:35:09.225+0000] {taskmixin.py:211} WARNING - Dependency <Task(_PythonDecoratedOperator): log_sql_query>, print_the_context already registered for DAG: example_python_operator
[2023-04-10T14:35:09.226+0000] {logging_mixin.py:137} INFO - [2023-04-10T14:35:09.226+0000] {taskmixin.py:211} WARNING - Dependency <Task(_PythonDecoratedOperator): print_the_context>, log_sql_query already registered for DAG: example_python_operator
[2023-04-10T14:35:09.226+0000] {logging_mixin.py:137} INFO - [2023-04-10T14:35:09.226+0000] {taskmixin.py:211} WARNING - Dependency <Task(_PythonDecoratedOperator): log_sql_query>, print_the_context already registered for DAG: example_python_operator
[2023-04-10T14:35:09.227+0000] {logging_mixin.py:137} INFO - [2023-04-10T14:35:09.227+0000] {taskmixin.py:211} WARNING - Dependency <Task(_PythonDecoratedOperator): print_the_context>, log_sql_query already registered for DAG: example_python_operator
[2023-04-10T14:35:09.227+0000] {logging_mixin.py:137} INFO - [2023-04-10T14:35:09.227+0000] {taskmixin.py:211} WARNING - Dependency <Task(_PythonDecoratedOperator): log_sql_query>, print_the_context already registered for DAG: example_python_operator
[2023-04-10T14:35:09.228+0000] {logging_mixin.py:137} INFO - [2023-04-10T14:35:09.228+0000] {taskmixin.py:211} WARNING - Dependency <Task(_PythonDecoratedOperator): print_the_context>, log_sql_query already registered for DAG: example_python_operator
[2023-04-10T14:35:09.228+0000] {logging_mixin.py:137} INFO - [2023-04-10T14:35:09.228+0000] {taskmixin.py:211} WARNING - Dependency <Task(_PythonDecoratedOperator): log_sql_query>, print_the_context already registered for DAG: example_python_operator
[2023-04-10T14:35:09.238+0000] {processor.py:753} INFO - DAG(s) dict_keys(['example_python_operator']) retrieved from /home/airflow/.local/lib/python3.7/site-packages/airflow/example_dags/example_python_operator.py
[2023-04-10T14:35:09.272+0000] {logging_mixin.py:137} INFO - [2023-04-10T14:35:09.272+0000] {dag.py:2705} INFO - Sync 1 DAGs
[2023-04-10T14:35:09.308+0000] {logging_mixin.py:137} INFO - [2023-04-10T14:35:09.308+0000] {dag.py:3456} INFO - Setting next_dagrun for example_python_operator to None, run_after=None
[2023-04-10T14:35:09.328+0000] {processor.py:175} INFO - Processing /home/airflow/.local/lib/python3.7/site-packages/airflow/example_dags/example_python_operator.py took 0.139 seconds
[2023-04-10T14:35:40.098+0000] {processor.py:153} INFO - Started process (PID=1339) to work on /home/airflow/.local/lib/python3.7/site-packages/airflow/example_dags/example_python_operator.py
[2023-04-10T14:35:40.099+0000] {processor.py:743} INFO - Processing file /home/airflow/.local/lib/python3.7/site-packages/airflow/example_dags/example_python_operator.py for tasks to queue
[2023-04-10T14:35:40.099+0000] {logging_mixin.py:137} INFO - [2023-04-10T14:35:40.099+0000] {dagbag.py:532} INFO - Filling up the DagBag from /home/airflow/.local/lib/python3.7/site-packages/airflow/example_dags/example_python_operator.py
[2023-04-10T14:35:40.117+0000] {logging_mixin.py:137} INFO - [2023-04-10T14:35:40.117+0000] {taskmixin.py:211} WARNING - Dependency <Task(_PythonDecoratedOperator): print_the_context>, log_sql_query already registered for DAG: example_python_operator
[2023-04-10T14:35:40.118+0000] {logging_mixin.py:137} INFO - [2023-04-10T14:35:40.118+0000] {taskmixin.py:211} WARNING - Dependency <Task(_PythonDecoratedOperator): log_sql_query>, print_the_context already registered for DAG: example_python_operator
[2023-04-10T14:35:40.119+0000] {logging_mixin.py:137} INFO - [2023-04-10T14:35:40.118+0000] {taskmixin.py:211} WARNING - Dependency <Task(_PythonDecoratedOperator): print_the_context>, log_sql_query already registered for DAG: example_python_operator
[2023-04-10T14:35:40.119+0000] {logging_mixin.py:137} INFO - [2023-04-10T14:35:40.119+0000] {taskmixin.py:211} WARNING - Dependency <Task(_PythonDecoratedOperator): log_sql_query>, print_the_context already registered for DAG: example_python_operator
[2023-04-10T14:35:40.120+0000] {logging_mixin.py:137} INFO - [2023-04-10T14:35:40.119+0000] {taskmixin.py:211} WARNING - Dependency <Task(_PythonDecoratedOperator): print_the_context>, log_sql_query already registered for DAG: example_python_operator
[2023-04-10T14:35:40.120+0000] {logging_mixin.py:137} INFO - [2023-04-10T14:35:40.120+0000] {taskmixin.py:211} WARNING - Dependency <Task(_PythonDecoratedOperator): log_sql_query>, print_the_context already registered for DAG: example_python_operator
[2023-04-10T14:35:40.120+0000] {logging_mixin.py:137} INFO - [2023-04-10T14:35:40.120+0000] {taskmixin.py:211} WARNING - Dependency <Task(_PythonDecoratedOperator): print_the_context>, log_sql_query already registered for DAG: example_python_operator
[2023-04-10T14:35:40.121+0000] {logging_mixin.py:137} INFO - [2023-04-10T14:35:40.121+0000] {taskmixin.py:211} WARNING - Dependency <Task(_PythonDecoratedOperator): log_sql_query>, print_the_context already registered for DAG: example_python_operator
[2023-04-10T14:35:40.128+0000] {processor.py:753} INFO - DAG(s) dict_keys(['example_python_operator']) retrieved from /home/airflow/.local/lib/python3.7/site-packages/airflow/example_dags/example_python_operator.py
[2023-04-10T14:35:40.157+0000] {logging_mixin.py:137} INFO - [2023-04-10T14:35:40.157+0000] {dag.py:2705} INFO - Sync 1 DAGs
[2023-04-10T14:35:40.190+0000] {logging_mixin.py:137} INFO - [2023-04-10T14:35:40.190+0000] {dag.py:3456} INFO - Setting next_dagrun for example_python_operator to None, run_after=None
[2023-04-10T14:35:40.205+0000] {processor.py:175} INFO - Processing /home/airflow/.local/lib/python3.7/site-packages/airflow/example_dags/example_python_operator.py took 0.110 seconds
[2023-04-10T14:40:50.554+0000] {processor.py:153} INFO - Started process (PID=197) to work on /home/airflow/.local/lib/python3.7/site-packages/airflow/example_dags/example_python_operator.py
[2023-04-10T14:40:50.554+0000] {processor.py:743} INFO - Processing file /home/airflow/.local/lib/python3.7/site-packages/airflow/example_dags/example_python_operator.py for tasks to queue
[2023-04-10T14:40:50.555+0000] {logging_mixin.py:137} INFO - [2023-04-10T14:40:50.555+0000] {dagbag.py:532} INFO - Filling up the DagBag from /home/airflow/.local/lib/python3.7/site-packages/airflow/example_dags/example_python_operator.py
[2023-04-10T14:40:50.574+0000] {logging_mixin.py:137} INFO - [2023-04-10T14:40:50.574+0000] {taskmixin.py:211} WARNING - Dependency <Task(_PythonDecoratedOperator): print_the_context>, log_sql_query already registered for DAG: example_python_operator
[2023-04-10T14:40:50.575+0000] {logging_mixin.py:137} INFO - [2023-04-10T14:40:50.575+0000] {taskmixin.py:211} WARNING - Dependency <Task(_PythonDecoratedOperator): log_sql_query>, print_the_context already registered for DAG: example_python_operator
[2023-04-10T14:40:50.576+0000] {logging_mixin.py:137} INFO - [2023-04-10T14:40:50.575+0000] {taskmixin.py:211} WARNING - Dependency <Task(_PythonDecoratedOperator): print_the_context>, log_sql_query already registered for DAG: example_python_operator
[2023-04-10T14:40:50.576+0000] {logging_mixin.py:137} INFO - [2023-04-10T14:40:50.576+0000] {taskmixin.py:211} WARNING - Dependency <Task(_PythonDecoratedOperator): log_sql_query>, print_the_context already registered for DAG: example_python_operator
[2023-04-10T14:40:50.577+0000] {logging_mixin.py:137} INFO - [2023-04-10T14:40:50.576+0000] {taskmixin.py:211} WARNING - Dependency <Task(_PythonDecoratedOperator): print_the_context>, log_sql_query already registered for DAG: example_python_operator
[2023-04-10T14:40:50.577+0000] {logging_mixin.py:137} INFO - [2023-04-10T14:40:50.577+0000] {taskmixin.py:211} WARNING - Dependency <Task(_PythonDecoratedOperator): log_sql_query>, print_the_context already registered for DAG: example_python_operator
[2023-04-10T14:40:50.578+0000] {logging_mixin.py:137} INFO - [2023-04-10T14:40:50.578+0000] {taskmixin.py:211} WARNING - Dependency <Task(_PythonDecoratedOperator): print_the_context>, log_sql_query already registered for DAG: example_python_operator
[2023-04-10T14:40:50.578+0000] {logging_mixin.py:137} INFO - [2023-04-10T14:40:50.578+0000] {taskmixin.py:211} WARNING - Dependency <Task(_PythonDecoratedOperator): log_sql_query>, print_the_context already registered for DAG: example_python_operator
[2023-04-10T14:40:50.585+0000] {processor.py:753} INFO - DAG(s) dict_keys(['example_python_operator']) retrieved from /home/airflow/.local/lib/python3.7/site-packages/airflow/example_dags/example_python_operator.py
[2023-04-10T14:40:50.593+0000] {logging_mixin.py:137} INFO - [2023-04-10T14:40:50.593+0000] {dag.py:2705} INFO - Sync 1 DAGs
[2023-04-10T14:40:50.626+0000] {logging_mixin.py:137} INFO - [2023-04-10T14:40:50.626+0000] {dag.py:3456} INFO - Setting next_dagrun for example_python_operator to None, run_after=None
[2023-04-10T14:40:50.643+0000] {processor.py:175} INFO - Processing /home/airflow/.local/lib/python3.7/site-packages/airflow/example_dags/example_python_operator.py took 0.092 seconds
[2023-04-10T14:42:03.866+0000] {processor.py:153} INFO - Started process (PID=196) to work on /home/airflow/.local/lib/python3.7/site-packages/airflow/example_dags/example_python_operator.py
[2023-04-10T14:42:03.867+0000] {processor.py:743} INFO - Processing file /home/airflow/.local/lib/python3.7/site-packages/airflow/example_dags/example_python_operator.py for tasks to queue
[2023-04-10T14:42:03.868+0000] {logging_mixin.py:137} INFO - [2023-04-10T14:42:03.868+0000] {dagbag.py:532} INFO - Filling up the DagBag from /home/airflow/.local/lib/python3.7/site-packages/airflow/example_dags/example_python_operator.py
[2023-04-10T14:42:03.896+0000] {logging_mixin.py:137} INFO - [2023-04-10T14:42:03.896+0000] {taskmixin.py:211} WARNING - Dependency <Task(_PythonDecoratedOperator): print_the_context>, log_sql_query already registered for DAG: example_python_operator
[2023-04-10T14:42:03.898+0000] {logging_mixin.py:137} INFO - [2023-04-10T14:42:03.897+0000] {taskmixin.py:211} WARNING - Dependency <Task(_PythonDecoratedOperator): log_sql_query>, print_the_context already registered for DAG: example_python_operator
[2023-04-10T14:42:03.899+0000] {logging_mixin.py:137} INFO - [2023-04-10T14:42:03.899+0000] {taskmixin.py:211} WARNING - Dependency <Task(_PythonDecoratedOperator): print_the_context>, log_sql_query already registered for DAG: example_python_operator
[2023-04-10T14:42:03.900+0000] {logging_mixin.py:137} INFO - [2023-04-10T14:42:03.900+0000] {taskmixin.py:211} WARNING - Dependency <Task(_PythonDecoratedOperator): log_sql_query>, print_the_context already registered for DAG: example_python_operator
[2023-04-10T14:42:03.901+0000] {logging_mixin.py:137} INFO - [2023-04-10T14:42:03.901+0000] {taskmixin.py:211} WARNING - Dependency <Task(_PythonDecoratedOperator): print_the_context>, log_sql_query already registered for DAG: example_python_operator
[2023-04-10T14:42:03.902+0000] {logging_mixin.py:137} INFO - [2023-04-10T14:42:03.901+0000] {taskmixin.py:211} WARNING - Dependency <Task(_PythonDecoratedOperator): log_sql_query>, print_the_context already registered for DAG: example_python_operator
[2023-04-10T14:42:03.902+0000] {logging_mixin.py:137} INFO - [2023-04-10T14:42:03.902+0000] {taskmixin.py:211} WARNING - Dependency <Task(_PythonDecoratedOperator): print_the_context>, log_sql_query already registered for DAG: example_python_operator
[2023-04-10T14:42:03.903+0000] {logging_mixin.py:137} INFO - [2023-04-10T14:42:03.903+0000] {taskmixin.py:211} WARNING - Dependency <Task(_PythonDecoratedOperator): log_sql_query>, print_the_context already registered for DAG: example_python_operator
[2023-04-10T14:42:03.914+0000] {processor.py:753} INFO - DAG(s) dict_keys(['example_python_operator']) retrieved from /home/airflow/.local/lib/python3.7/site-packages/airflow/example_dags/example_python_operator.py
[2023-04-10T14:42:03.924+0000] {logging_mixin.py:137} INFO - [2023-04-10T14:42:03.924+0000] {dag.py:2705} INFO - Sync 1 DAGs
[2023-04-10T14:42:03.957+0000] {logging_mixin.py:137} INFO - [2023-04-10T14:42:03.957+0000] {dag.py:3456} INFO - Setting next_dagrun for example_python_operator to None, run_after=None
[2023-04-10T14:42:03.975+0000] {processor.py:175} INFO - Processing /home/airflow/.local/lib/python3.7/site-packages/airflow/example_dags/example_python_operator.py took 0.111 seconds
[2023-04-10T14:42:34.141+0000] {processor.py:153} INFO - Started process (PID=446) to work on /home/airflow/.local/lib/python3.7/site-packages/airflow/example_dags/example_python_operator.py
[2023-04-10T14:42:34.141+0000] {processor.py:743} INFO - Processing file /home/airflow/.local/lib/python3.7/site-packages/airflow/example_dags/example_python_operator.py for tasks to queue
[2023-04-10T14:42:34.142+0000] {logging_mixin.py:137} INFO - [2023-04-10T14:42:34.141+0000] {dagbag.py:532} INFO - Filling up the DagBag from /home/airflow/.local/lib/python3.7/site-packages/airflow/example_dags/example_python_operator.py
[2023-04-10T14:42:34.159+0000] {logging_mixin.py:137} INFO - [2023-04-10T14:42:34.159+0000] {taskmixin.py:211} WARNING - Dependency <Task(_PythonDecoratedOperator): print_the_context>, log_sql_query already registered for DAG: example_python_operator
[2023-04-10T14:42:34.159+0000] {logging_mixin.py:137} INFO - [2023-04-10T14:42:34.159+0000] {taskmixin.py:211} WARNING - Dependency <Task(_PythonDecoratedOperator): log_sql_query>, print_the_context already registered for DAG: example_python_operator
[2023-04-10T14:42:34.160+0000] {logging_mixin.py:137} INFO - [2023-04-10T14:42:34.160+0000] {taskmixin.py:211} WARNING - Dependency <Task(_PythonDecoratedOperator): print_the_context>, log_sql_query already registered for DAG: example_python_operator
[2023-04-10T14:42:34.160+0000] {logging_mixin.py:137} INFO - [2023-04-10T14:42:34.160+0000] {taskmixin.py:211} WARNING - Dependency <Task(_PythonDecoratedOperator): log_sql_query>, print_the_context already registered for DAG: example_python_operator
[2023-04-10T14:42:34.161+0000] {logging_mixin.py:137} INFO - [2023-04-10T14:42:34.161+0000] {taskmixin.py:211} WARNING - Dependency <Task(_PythonDecoratedOperator): print_the_context>, log_sql_query already registered for DAG: example_python_operator
[2023-04-10T14:42:34.162+0000] {logging_mixin.py:137} INFO - [2023-04-10T14:42:34.161+0000] {taskmixin.py:211} WARNING - Dependency <Task(_PythonDecoratedOperator): log_sql_query>, print_the_context already registered for DAG: example_python_operator
[2023-04-10T14:42:34.162+0000] {logging_mixin.py:137} INFO - [2023-04-10T14:42:34.162+0000] {taskmixin.py:211} WARNING - Dependency <Task(_PythonDecoratedOperator): print_the_context>, log_sql_query already registered for DAG: example_python_operator
[2023-04-10T14:42:34.163+0000] {logging_mixin.py:137} INFO - [2023-04-10T14:42:34.162+0000] {taskmixin.py:211} WARNING - Dependency <Task(_PythonDecoratedOperator): log_sql_query>, print_the_context already registered for DAG: example_python_operator
[2023-04-10T14:42:34.170+0000] {processor.py:753} INFO - DAG(s) dict_keys(['example_python_operator']) retrieved from /home/airflow/.local/lib/python3.7/site-packages/airflow/example_dags/example_python_operator.py
[2023-04-10T14:42:34.258+0000] {logging_mixin.py:137} INFO - [2023-04-10T14:42:34.257+0000] {dag.py:2705} INFO - Sync 1 DAGs
[2023-04-10T14:42:34.289+0000] {logging_mixin.py:137} INFO - [2023-04-10T14:42:34.289+0000] {dag.py:3456} INFO - Setting next_dagrun for example_python_operator to None, run_after=None
[2023-04-10T14:42:34.309+0000] {processor.py:175} INFO - Processing /home/airflow/.local/lib/python3.7/site-packages/airflow/example_dags/example_python_operator.py took 0.171 seconds
[2023-04-10T14:43:04.541+0000] {processor.py:153} INFO - Started process (PID=674) to work on /home/airflow/.local/lib/python3.7/site-packages/airflow/example_dags/example_python_operator.py
[2023-04-10T14:43:04.541+0000] {processor.py:743} INFO - Processing file /home/airflow/.local/lib/python3.7/site-packages/airflow/example_dags/example_python_operator.py for tasks to queue
[2023-04-10T14:43:04.542+0000] {logging_mixin.py:137} INFO - [2023-04-10T14:43:04.542+0000] {dagbag.py:532} INFO - Filling up the DagBag from /home/airflow/.local/lib/python3.7/site-packages/airflow/example_dags/example_python_operator.py
[2023-04-10T14:43:04.564+0000] {logging_mixin.py:137} INFO - [2023-04-10T14:43:04.564+0000] {taskmixin.py:211} WARNING - Dependency <Task(_PythonDecoratedOperator): print_the_context>, log_sql_query already registered for DAG: example_python_operator
[2023-04-10T14:43:04.564+0000] {logging_mixin.py:137} INFO - [2023-04-10T14:43:04.564+0000] {taskmixin.py:211} WARNING - Dependency <Task(_PythonDecoratedOperator): log_sql_query>, print_the_context already registered for DAG: example_python_operator
[2023-04-10T14:43:04.565+0000] {logging_mixin.py:137} INFO - [2023-04-10T14:43:04.565+0000] {taskmixin.py:211} WARNING - Dependency <Task(_PythonDecoratedOperator): print_the_context>, log_sql_query already registered for DAG: example_python_operator
[2023-04-10T14:43:04.565+0000] {logging_mixin.py:137} INFO - [2023-04-10T14:43:04.565+0000] {taskmixin.py:211} WARNING - Dependency <Task(_PythonDecoratedOperator): log_sql_query>, print_the_context already registered for DAG: example_python_operator
[2023-04-10T14:43:04.567+0000] {logging_mixin.py:137} INFO - [2023-04-10T14:43:04.566+0000] {taskmixin.py:211} WARNING - Dependency <Task(_PythonDecoratedOperator): print_the_context>, log_sql_query already registered for DAG: example_python_operator
[2023-04-10T14:43:04.567+0000] {logging_mixin.py:137} INFO - [2023-04-10T14:43:04.567+0000] {taskmixin.py:211} WARNING - Dependency <Task(_PythonDecoratedOperator): log_sql_query>, print_the_context already registered for DAG: example_python_operator
[2023-04-10T14:43:04.568+0000] {logging_mixin.py:137} INFO - [2023-04-10T14:43:04.567+0000] {taskmixin.py:211} WARNING - Dependency <Task(_PythonDecoratedOperator): print_the_context>, log_sql_query already registered for DAG: example_python_operator
[2023-04-10T14:43:04.568+0000] {logging_mixin.py:137} INFO - [2023-04-10T14:43:04.568+0000] {taskmixin.py:211} WARNING - Dependency <Task(_PythonDecoratedOperator): log_sql_query>, print_the_context already registered for DAG: example_python_operator
[2023-04-10T14:43:04.576+0000] {processor.py:753} INFO - DAG(s) dict_keys(['example_python_operator']) retrieved from /home/airflow/.local/lib/python3.7/site-packages/airflow/example_dags/example_python_operator.py
[2023-04-10T14:43:04.612+0000] {logging_mixin.py:137} INFO - [2023-04-10T14:43:04.612+0000] {dag.py:2705} INFO - Sync 1 DAGs
[2023-04-10T14:43:04.653+0000] {logging_mixin.py:137} INFO - [2023-04-10T14:43:04.653+0000] {dag.py:3456} INFO - Setting next_dagrun for example_python_operator to None, run_after=None
[2023-04-10T14:43:04.677+0000] {processor.py:175} INFO - Processing /home/airflow/.local/lib/python3.7/site-packages/airflow/example_dags/example_python_operator.py took 0.140 seconds
[2023-04-10T14:43:35.000+0000] {processor.py:153} INFO - Started process (PID=892) to work on /home/airflow/.local/lib/python3.7/site-packages/airflow/example_dags/example_python_operator.py
[2023-04-10T14:43:35.001+0000] {processor.py:743} INFO - Processing file /home/airflow/.local/lib/python3.7/site-packages/airflow/example_dags/example_python_operator.py for tasks to queue
[2023-04-10T14:43:35.001+0000] {logging_mixin.py:137} INFO - [2023-04-10T14:43:35.001+0000] {dagbag.py:532} INFO - Filling up the DagBag from /home/airflow/.local/lib/python3.7/site-packages/airflow/example_dags/example_python_operator.py
[2023-04-10T14:43:35.024+0000] {logging_mixin.py:137} INFO - [2023-04-10T14:43:35.024+0000] {taskmixin.py:211} WARNING - Dependency <Task(_PythonDecoratedOperator): print_the_context>, log_sql_query already registered for DAG: example_python_operator
[2023-04-10T14:43:35.024+0000] {logging_mixin.py:137} INFO - [2023-04-10T14:43:35.024+0000] {taskmixin.py:211} WARNING - Dependency <Task(_PythonDecoratedOperator): log_sql_query>, print_the_context already registered for DAG: example_python_operator
[2023-04-10T14:43:35.027+0000] {logging_mixin.py:137} INFO - [2023-04-10T14:43:35.027+0000] {taskmixin.py:211} WARNING - Dependency <Task(_PythonDecoratedOperator): print_the_context>, log_sql_query already registered for DAG: example_python_operator
[2023-04-10T14:43:35.027+0000] {logging_mixin.py:137} INFO - [2023-04-10T14:43:35.027+0000] {taskmixin.py:211} WARNING - Dependency <Task(_PythonDecoratedOperator): log_sql_query>, print_the_context already registered for DAG: example_python_operator
[2023-04-10T14:43:35.028+0000] {logging_mixin.py:137} INFO - [2023-04-10T14:43:35.028+0000] {taskmixin.py:211} WARNING - Dependency <Task(_PythonDecoratedOperator): print_the_context>, log_sql_query already registered for DAG: example_python_operator
[2023-04-10T14:43:35.028+0000] {logging_mixin.py:137} INFO - [2023-04-10T14:43:35.028+0000] {taskmixin.py:211} WARNING - Dependency <Task(_PythonDecoratedOperator): log_sql_query>, print_the_context already registered for DAG: example_python_operator
[2023-04-10T14:43:35.029+0000] {logging_mixin.py:137} INFO - [2023-04-10T14:43:35.029+0000] {taskmixin.py:211} WARNING - Dependency <Task(_PythonDecoratedOperator): print_the_context>, log_sql_query already registered for DAG: example_python_operator
[2023-04-10T14:43:35.030+0000] {logging_mixin.py:137} INFO - [2023-04-10T14:43:35.029+0000] {taskmixin.py:211} WARNING - Dependency <Task(_PythonDecoratedOperator): log_sql_query>, print_the_context already registered for DAG: example_python_operator
[2023-04-10T14:43:35.040+0000] {processor.py:753} INFO - DAG(s) dict_keys(['example_python_operator']) retrieved from /home/airflow/.local/lib/python3.7/site-packages/airflow/example_dags/example_python_operator.py
[2023-04-10T14:43:35.077+0000] {logging_mixin.py:137} INFO - [2023-04-10T14:43:35.076+0000] {dag.py:2705} INFO - Sync 1 DAGs
[2023-04-10T14:43:35.120+0000] {logging_mixin.py:137} INFO - [2023-04-10T14:43:35.119+0000] {dag.py:3456} INFO - Setting next_dagrun for example_python_operator to None, run_after=None
[2023-04-10T14:43:35.147+0000] {processor.py:175} INFO - Processing /home/airflow/.local/lib/python3.7/site-packages/airflow/example_dags/example_python_operator.py took 0.151 seconds
[2023-04-10T14:44:05.562+0000] {processor.py:153} INFO - Started process (PID=1115) to work on /home/airflow/.local/lib/python3.7/site-packages/airflow/example_dags/example_python_operator.py
[2023-04-10T14:44:05.562+0000] {processor.py:743} INFO - Processing file /home/airflow/.local/lib/python3.7/site-packages/airflow/example_dags/example_python_operator.py for tasks to queue
[2023-04-10T14:44:05.563+0000] {logging_mixin.py:137} INFO - [2023-04-10T14:44:05.563+0000] {dagbag.py:532} INFO - Filling up the DagBag from /home/airflow/.local/lib/python3.7/site-packages/airflow/example_dags/example_python_operator.py
[2023-04-10T14:44:05.582+0000] {logging_mixin.py:137} INFO - [2023-04-10T14:44:05.581+0000] {taskmixin.py:211} WARNING - Dependency <Task(_PythonDecoratedOperator): print_the_context>, log_sql_query already registered for DAG: example_python_operator
[2023-04-10T14:44:05.582+0000] {logging_mixin.py:137} INFO - [2023-04-10T14:44:05.582+0000] {taskmixin.py:211} WARNING - Dependency <Task(_PythonDecoratedOperator): log_sql_query>, print_the_context already registered for DAG: example_python_operator
[2023-04-10T14:44:05.583+0000] {logging_mixin.py:137} INFO - [2023-04-10T14:44:05.583+0000] {taskmixin.py:211} WARNING - Dependency <Task(_PythonDecoratedOperator): print_the_context>, log_sql_query already registered for DAG: example_python_operator
[2023-04-10T14:44:05.583+0000] {logging_mixin.py:137} INFO - [2023-04-10T14:44:05.583+0000] {taskmixin.py:211} WARNING - Dependency <Task(_PythonDecoratedOperator): log_sql_query>, print_the_context already registered for DAG: example_python_operator
[2023-04-10T14:44:05.585+0000] {logging_mixin.py:137} INFO - [2023-04-10T14:44:05.584+0000] {taskmixin.py:211} WARNING - Dependency <Task(_PythonDecoratedOperator): print_the_context>, log_sql_query already registered for DAG: example_python_operator
[2023-04-10T14:44:05.585+0000] {logging_mixin.py:137} INFO - [2023-04-10T14:44:05.585+0000] {taskmixin.py:211} WARNING - Dependency <Task(_PythonDecoratedOperator): log_sql_query>, print_the_context already registered for DAG: example_python_operator
[2023-04-10T14:44:05.586+0000] {logging_mixin.py:137} INFO - [2023-04-10T14:44:05.586+0000] {taskmixin.py:211} WARNING - Dependency <Task(_PythonDecoratedOperator): print_the_context>, log_sql_query already registered for DAG: example_python_operator
[2023-04-10T14:44:05.586+0000] {logging_mixin.py:137} INFO - [2023-04-10T14:44:05.586+0000] {taskmixin.py:211} WARNING - Dependency <Task(_PythonDecoratedOperator): log_sql_query>, print_the_context already registered for DAG: example_python_operator
[2023-04-10T14:44:05.596+0000] {processor.py:753} INFO - DAG(s) dict_keys(['example_python_operator']) retrieved from /home/airflow/.local/lib/python3.7/site-packages/airflow/example_dags/example_python_operator.py
[2023-04-10T14:44:05.638+0000] {logging_mixin.py:137} INFO - [2023-04-10T14:44:05.638+0000] {dag.py:2705} INFO - Sync 1 DAGs
[2023-04-10T14:44:05.676+0000] {logging_mixin.py:137} INFO - [2023-04-10T14:44:05.676+0000] {dag.py:3456} INFO - Setting next_dagrun for example_python_operator to None, run_after=None
[2023-04-10T14:44:05.706+0000] {processor.py:175} INFO - Processing /home/airflow/.local/lib/python3.7/site-packages/airflow/example_dags/example_python_operator.py took 0.147 seconds
[2023-04-10T14:44:35.921+0000] {processor.py:153} INFO - Started process (PID=1338) to work on /home/airflow/.local/lib/python3.7/site-packages/airflow/example_dags/example_python_operator.py
[2023-04-10T14:44:35.922+0000] {processor.py:743} INFO - Processing file /home/airflow/.local/lib/python3.7/site-packages/airflow/example_dags/example_python_operator.py for tasks to queue
[2023-04-10T14:44:35.923+0000] {logging_mixin.py:137} INFO - [2023-04-10T14:44:35.923+0000] {dagbag.py:532} INFO - Filling up the DagBag from /home/airflow/.local/lib/python3.7/site-packages/airflow/example_dags/example_python_operator.py
[2023-04-10T14:44:35.943+0000] {logging_mixin.py:137} INFO - [2023-04-10T14:44:35.943+0000] {taskmixin.py:211} WARNING - Dependency <Task(_PythonDecoratedOperator): print_the_context>, log_sql_query already registered for DAG: example_python_operator
[2023-04-10T14:44:35.943+0000] {logging_mixin.py:137} INFO - [2023-04-10T14:44:35.943+0000] {taskmixin.py:211} WARNING - Dependency <Task(_PythonDecoratedOperator): log_sql_query>, print_the_context already registered for DAG: example_python_operator
[2023-04-10T14:44:35.944+0000] {logging_mixin.py:137} INFO - [2023-04-10T14:44:35.944+0000] {taskmixin.py:211} WARNING - Dependency <Task(_PythonDecoratedOperator): print_the_context>, log_sql_query already registered for DAG: example_python_operator
[2023-04-10T14:44:35.944+0000] {logging_mixin.py:137} INFO - [2023-04-10T14:44:35.944+0000] {taskmixin.py:211} WARNING - Dependency <Task(_PythonDecoratedOperator): log_sql_query>, print_the_context already registered for DAG: example_python_operator
[2023-04-10T14:44:35.945+0000] {logging_mixin.py:137} INFO - [2023-04-10T14:44:35.945+0000] {taskmixin.py:211} WARNING - Dependency <Task(_PythonDecoratedOperator): print_the_context>, log_sql_query already registered for DAG: example_python_operator
[2023-04-10T14:44:35.945+0000] {logging_mixin.py:137} INFO - [2023-04-10T14:44:35.945+0000] {taskmixin.py:211} WARNING - Dependency <Task(_PythonDecoratedOperator): log_sql_query>, print_the_context already registered for DAG: example_python_operator
[2023-04-10T14:44:35.946+0000] {logging_mixin.py:137} INFO - [2023-04-10T14:44:35.946+0000] {taskmixin.py:211} WARNING - Dependency <Task(_PythonDecoratedOperator): print_the_context>, log_sql_query already registered for DAG: example_python_operator
[2023-04-10T14:44:35.946+0000] {logging_mixin.py:137} INFO - [2023-04-10T14:44:35.946+0000] {taskmixin.py:211} WARNING - Dependency <Task(_PythonDecoratedOperator): log_sql_query>, print_the_context already registered for DAG: example_python_operator
[2023-04-10T14:44:35.954+0000] {processor.py:753} INFO - DAG(s) dict_keys(['example_python_operator']) retrieved from /home/airflow/.local/lib/python3.7/site-packages/airflow/example_dags/example_python_operator.py
[2023-04-10T14:44:35.986+0000] {logging_mixin.py:137} INFO - [2023-04-10T14:44:35.985+0000] {dag.py:2705} INFO - Sync 1 DAGs
[2023-04-10T14:44:36.024+0000] {logging_mixin.py:137} INFO - [2023-04-10T14:44:36.024+0000] {dag.py:3456} INFO - Setting next_dagrun for example_python_operator to None, run_after=None
[2023-04-10T14:44:36.045+0000] {processor.py:175} INFO - Processing /home/airflow/.local/lib/python3.7/site-packages/airflow/example_dags/example_python_operator.py took 0.127 seconds
[2023-04-10T14:45:06.155+0000] {processor.py:153} INFO - Started process (PID=1567) to work on /home/airflow/.local/lib/python3.7/site-packages/airflow/example_dags/example_python_operator.py
[2023-04-10T14:45:06.155+0000] {processor.py:743} INFO - Processing file /home/airflow/.local/lib/python3.7/site-packages/airflow/example_dags/example_python_operator.py for tasks to queue
[2023-04-10T14:45:06.156+0000] {logging_mixin.py:137} INFO - [2023-04-10T14:45:06.156+0000] {dagbag.py:532} INFO - Filling up the DagBag from /home/airflow/.local/lib/python3.7/site-packages/airflow/example_dags/example_python_operator.py
[2023-04-10T14:45:06.175+0000] {logging_mixin.py:137} INFO - [2023-04-10T14:45:06.175+0000] {taskmixin.py:211} WARNING - Dependency <Task(_PythonDecoratedOperator): print_the_context>, log_sql_query already registered for DAG: example_python_operator
[2023-04-10T14:45:06.176+0000] {logging_mixin.py:137} INFO - [2023-04-10T14:45:06.176+0000] {taskmixin.py:211} WARNING - Dependency <Task(_PythonDecoratedOperator): log_sql_query>, print_the_context already registered for DAG: example_python_operator
[2023-04-10T14:45:06.177+0000] {logging_mixin.py:137} INFO - [2023-04-10T14:45:06.177+0000] {taskmixin.py:211} WARNING - Dependency <Task(_PythonDecoratedOperator): print_the_context>, log_sql_query already registered for DAG: example_python_operator
[2023-04-10T14:45:06.177+0000] {logging_mixin.py:137} INFO - [2023-04-10T14:45:06.177+0000] {taskmixin.py:211} WARNING - Dependency <Task(_PythonDecoratedOperator): log_sql_query>, print_the_context already registered for DAG: example_python_operator
[2023-04-10T14:45:06.178+0000] {logging_mixin.py:137} INFO - [2023-04-10T14:45:06.178+0000] {taskmixin.py:211} WARNING - Dependency <Task(_PythonDecoratedOperator): print_the_context>, log_sql_query already registered for DAG: example_python_operator
[2023-04-10T14:45:06.178+0000] {logging_mixin.py:137} INFO - [2023-04-10T14:45:06.178+0000] {taskmixin.py:211} WARNING - Dependency <Task(_PythonDecoratedOperator): log_sql_query>, print_the_context already registered for DAG: example_python_operator
[2023-04-10T14:45:06.179+0000] {logging_mixin.py:137} INFO - [2023-04-10T14:45:06.179+0000] {taskmixin.py:211} WARNING - Dependency <Task(_PythonDecoratedOperator): print_the_context>, log_sql_query already registered for DAG: example_python_operator
[2023-04-10T14:45:06.180+0000] {logging_mixin.py:137} INFO - [2023-04-10T14:45:06.179+0000] {taskmixin.py:211} WARNING - Dependency <Task(_PythonDecoratedOperator): log_sql_query>, print_the_context already registered for DAG: example_python_operator
[2023-04-10T14:45:06.188+0000] {processor.py:753} INFO - DAG(s) dict_keys(['example_python_operator']) retrieved from /home/airflow/.local/lib/python3.7/site-packages/airflow/example_dags/example_python_operator.py
[2023-04-10T14:45:06.223+0000] {logging_mixin.py:137} INFO - [2023-04-10T14:45:06.223+0000] {dag.py:2705} INFO - Sync 1 DAGs
[2023-04-10T14:45:06.260+0000] {logging_mixin.py:137} INFO - [2023-04-10T14:45:06.260+0000] {dag.py:3456} INFO - Setting next_dagrun for example_python_operator to None, run_after=None
[2023-04-10T14:45:06.287+0000] {processor.py:175} INFO - Processing /home/airflow/.local/lib/python3.7/site-packages/airflow/example_dags/example_python_operator.py took 0.134 seconds
[2023-04-10T14:45:36.445+0000] {processor.py:153} INFO - Started process (PID=1790) to work on /home/airflow/.local/lib/python3.7/site-packages/airflow/example_dags/example_python_operator.py
[2023-04-10T14:45:36.445+0000] {processor.py:743} INFO - Processing file /home/airflow/.local/lib/python3.7/site-packages/airflow/example_dags/example_python_operator.py for tasks to queue
[2023-04-10T14:45:36.446+0000] {logging_mixin.py:137} INFO - [2023-04-10T14:45:36.446+0000] {dagbag.py:532} INFO - Filling up the DagBag from /home/airflow/.local/lib/python3.7/site-packages/airflow/example_dags/example_python_operator.py
[2023-04-10T14:45:36.466+0000] {logging_mixin.py:137} INFO - [2023-04-10T14:45:36.465+0000] {taskmixin.py:211} WARNING - Dependency <Task(_PythonDecoratedOperator): print_the_context>, log_sql_query already registered for DAG: example_python_operator
[2023-04-10T14:45:36.466+0000] {logging_mixin.py:137} INFO - [2023-04-10T14:45:36.466+0000] {taskmixin.py:211} WARNING - Dependency <Task(_PythonDecoratedOperator): log_sql_query>, print_the_context already registered for DAG: example_python_operator
[2023-04-10T14:45:36.467+0000] {logging_mixin.py:137} INFO - [2023-04-10T14:45:36.467+0000] {taskmixin.py:211} WARNING - Dependency <Task(_PythonDecoratedOperator): print_the_context>, log_sql_query already registered for DAG: example_python_operator
[2023-04-10T14:45:36.467+0000] {logging_mixin.py:137} INFO - [2023-04-10T14:45:36.467+0000] {taskmixin.py:211} WARNING - Dependency <Task(_PythonDecoratedOperator): log_sql_query>, print_the_context already registered for DAG: example_python_operator
[2023-04-10T14:45:36.468+0000] {logging_mixin.py:137} INFO - [2023-04-10T14:45:36.468+0000] {taskmixin.py:211} WARNING - Dependency <Task(_PythonDecoratedOperator): print_the_context>, log_sql_query already registered for DAG: example_python_operator
[2023-04-10T14:45:36.468+0000] {logging_mixin.py:137} INFO - [2023-04-10T14:45:36.468+0000] {taskmixin.py:211} WARNING - Dependency <Task(_PythonDecoratedOperator): log_sql_query>, print_the_context already registered for DAG: example_python_operator
[2023-04-10T14:45:36.469+0000] {logging_mixin.py:137} INFO - [2023-04-10T14:45:36.469+0000] {taskmixin.py:211} WARNING - Dependency <Task(_PythonDecoratedOperator): print_the_context>, log_sql_query already registered for DAG: example_python_operator
[2023-04-10T14:45:36.469+0000] {logging_mixin.py:137} INFO - [2023-04-10T14:45:36.469+0000] {taskmixin.py:211} WARNING - Dependency <Task(_PythonDecoratedOperator): log_sql_query>, print_the_context already registered for DAG: example_python_operator
[2023-04-10T14:45:36.477+0000] {processor.py:753} INFO - DAG(s) dict_keys(['example_python_operator']) retrieved from /home/airflow/.local/lib/python3.7/site-packages/airflow/example_dags/example_python_operator.py
[2023-04-10T14:45:36.508+0000] {logging_mixin.py:137} INFO - [2023-04-10T14:45:36.508+0000] {dag.py:2705} INFO - Sync 1 DAGs
[2023-04-10T14:45:36.544+0000] {logging_mixin.py:137} INFO - [2023-04-10T14:45:36.544+0000] {dag.py:3456} INFO - Setting next_dagrun for example_python_operator to None, run_after=None
[2023-04-10T14:45:36.565+0000] {processor.py:175} INFO - Processing /home/airflow/.local/lib/python3.7/site-packages/airflow/example_dags/example_python_operator.py took 0.123 seconds
