[2023-04-10T14:33:10.625+0000] {processor.py:153} INFO - Started process (PID=339) to work on /home/airflow/.local/lib/python3.7/site-packages/airflow/example_dags/example_task_group.py
[2023-04-10T14:33:10.625+0000] {processor.py:743} INFO - Processing file /home/airflow/.local/lib/python3.7/site-packages/airflow/example_dags/example_task_group.py for tasks to queue
[2023-04-10T14:33:10.626+0000] {logging_mixin.py:137} INFO - [2023-04-10T14:33:10.626+0000] {dagbag.py:532} INFO - Filling up the DagBag from /home/airflow/.local/lib/python3.7/site-packages/airflow/example_dags/example_task_group.py
[2023-04-10T14:33:10.662+0000] {processor.py:753} INFO - DAG(s) dict_keys(['example_task_group']) retrieved from /home/airflow/.local/lib/python3.7/site-packages/airflow/example_dags/example_task_group.py
[2023-04-10T14:33:10.717+0000] {logging_mixin.py:137} INFO - [2023-04-10T14:33:10.717+0000] {dag.py:2705} INFO - Sync 1 DAGs
[2023-04-10T14:33:10.787+0000] {logging_mixin.py:137} INFO - [2023-04-10T14:33:10.786+0000] {dag.py:3456} INFO - Setting next_dagrun for example_task_group to 2023-04-09T14:33:10.786736+00:00, run_after=2023-04-10T14:33:10.786736+00:00
[2023-04-10T14:33:10.842+0000] {processor.py:175} INFO - Processing /home/airflow/.local/lib/python3.7/site-packages/airflow/example_dags/example_task_group.py took 0.220 seconds
[2023-04-10T14:33:41.695+0000] {processor.py:153} INFO - Started process (PID=571) to work on /home/airflow/.local/lib/python3.7/site-packages/airflow/example_dags/example_task_group.py
[2023-04-10T14:33:41.695+0000] {processor.py:743} INFO - Processing file /home/airflow/.local/lib/python3.7/site-packages/airflow/example_dags/example_task_group.py for tasks to queue
[2023-04-10T14:33:41.696+0000] {logging_mixin.py:137} INFO - [2023-04-10T14:33:41.696+0000] {dagbag.py:532} INFO - Filling up the DagBag from /home/airflow/.local/lib/python3.7/site-packages/airflow/example_dags/example_task_group.py
[2023-04-10T14:33:41.711+0000] {processor.py:753} INFO - DAG(s) dict_keys(['example_task_group']) retrieved from /home/airflow/.local/lib/python3.7/site-packages/airflow/example_dags/example_task_group.py
[2023-04-10T14:33:41.735+0000] {logging_mixin.py:137} INFO - [2023-04-10T14:33:41.735+0000] {dag.py:2705} INFO - Sync 1 DAGs
[2023-04-10T14:33:41.767+0000] {logging_mixin.py:137} INFO - [2023-04-10T14:33:41.767+0000] {dag.py:3456} INFO - Setting next_dagrun for example_task_group to 2023-04-09T14:33:41.767343+00:00, run_after=2023-04-10T14:33:41.767343+00:00
[2023-04-10T14:33:41.785+0000] {processor.py:175} INFO - Processing /home/airflow/.local/lib/python3.7/site-packages/airflow/example_dags/example_task_group.py took 0.093 seconds
[2023-04-10T14:34:12.261+0000] {processor.py:153} INFO - Started process (PID=794) to work on /home/airflow/.local/lib/python3.7/site-packages/airflow/example_dags/example_task_group.py
[2023-04-10T14:34:12.261+0000] {processor.py:743} INFO - Processing file /home/airflow/.local/lib/python3.7/site-packages/airflow/example_dags/example_task_group.py for tasks to queue
[2023-04-10T14:34:12.262+0000] {logging_mixin.py:137} INFO - [2023-04-10T14:34:12.262+0000] {dagbag.py:532} INFO - Filling up the DagBag from /home/airflow/.local/lib/python3.7/site-packages/airflow/example_dags/example_task_group.py
[2023-04-10T14:34:12.275+0000] {processor.py:753} INFO - DAG(s) dict_keys(['example_task_group']) retrieved from /home/airflow/.local/lib/python3.7/site-packages/airflow/example_dags/example_task_group.py
[2023-04-10T14:34:12.300+0000] {logging_mixin.py:137} INFO - [2023-04-10T14:34:12.299+0000] {dag.py:2705} INFO - Sync 1 DAGs
[2023-04-10T14:34:12.329+0000] {logging_mixin.py:137} INFO - [2023-04-10T14:34:12.329+0000] {dag.py:3456} INFO - Setting next_dagrun for example_task_group to 2023-04-09T14:34:12.329379+00:00, run_after=2023-04-10T14:34:12.329379+00:00
[2023-04-10T14:34:12.344+0000] {processor.py:175} INFO - Processing /home/airflow/.local/lib/python3.7/site-packages/airflow/example_dags/example_task_group.py took 0.086 seconds
[2023-04-10T14:34:42.997+0000] {processor.py:153} INFO - Started process (PID=1018) to work on /home/airflow/.local/lib/python3.7/site-packages/airflow/example_dags/example_task_group.py
[2023-04-10T14:34:42.998+0000] {processor.py:743} INFO - Processing file /home/airflow/.local/lib/python3.7/site-packages/airflow/example_dags/example_task_group.py for tasks to queue
[2023-04-10T14:34:42.998+0000] {logging_mixin.py:137} INFO - [2023-04-10T14:34:42.998+0000] {dagbag.py:532} INFO - Filling up the DagBag from /home/airflow/.local/lib/python3.7/site-packages/airflow/example_dags/example_task_group.py
[2023-04-10T14:34:43.012+0000] {processor.py:753} INFO - DAG(s) dict_keys(['example_task_group']) retrieved from /home/airflow/.local/lib/python3.7/site-packages/airflow/example_dags/example_task_group.py
[2023-04-10T14:34:43.038+0000] {logging_mixin.py:137} INFO - [2023-04-10T14:34:43.038+0000] {dag.py:2705} INFO - Sync 1 DAGs
[2023-04-10T14:34:43.069+0000] {logging_mixin.py:137} INFO - [2023-04-10T14:34:43.069+0000] {dag.py:3456} INFO - Setting next_dagrun for example_task_group to 2023-04-09T14:34:43.069289+00:00, run_after=2023-04-10T14:34:43.069289+00:00
[2023-04-10T14:34:43.087+0000] {processor.py:175} INFO - Processing /home/airflow/.local/lib/python3.7/site-packages/airflow/example_dags/example_task_group.py took 0.092 seconds
[2023-04-10T14:35:13.823+0000] {processor.py:153} INFO - Started process (PID=1241) to work on /home/airflow/.local/lib/python3.7/site-packages/airflow/example_dags/example_task_group.py
[2023-04-10T14:35:13.823+0000] {processor.py:743} INFO - Processing file /home/airflow/.local/lib/python3.7/site-packages/airflow/example_dags/example_task_group.py for tasks to queue
[2023-04-10T14:35:13.824+0000] {logging_mixin.py:137} INFO - [2023-04-10T14:35:13.824+0000] {dagbag.py:532} INFO - Filling up the DagBag from /home/airflow/.local/lib/python3.7/site-packages/airflow/example_dags/example_task_group.py
[2023-04-10T14:35:13.839+0000] {processor.py:753} INFO - DAG(s) dict_keys(['example_task_group']) retrieved from /home/airflow/.local/lib/python3.7/site-packages/airflow/example_dags/example_task_group.py
[2023-04-10T14:35:13.864+0000] {logging_mixin.py:137} INFO - [2023-04-10T14:35:13.864+0000] {dag.py:2705} INFO - Sync 1 DAGs
[2023-04-10T14:35:13.899+0000] {logging_mixin.py:137} INFO - [2023-04-10T14:35:13.899+0000] {dag.py:3456} INFO - Setting next_dagrun for example_task_group to 2023-04-09T14:35:13.898936+00:00, run_after=2023-04-10T14:35:13.898936+00:00
[2023-04-10T14:35:13.922+0000] {processor.py:175} INFO - Processing /home/airflow/.local/lib/python3.7/site-packages/airflow/example_dags/example_task_group.py took 0.101 seconds
[2023-04-10T14:35:44.579+0000] {processor.py:153} INFO - Started process (PID=1464) to work on /home/airflow/.local/lib/python3.7/site-packages/airflow/example_dags/example_task_group.py
[2023-04-10T14:35:44.579+0000] {processor.py:743} INFO - Processing file /home/airflow/.local/lib/python3.7/site-packages/airflow/example_dags/example_task_group.py for tasks to queue
[2023-04-10T14:35:44.580+0000] {logging_mixin.py:137} INFO - [2023-04-10T14:35:44.580+0000] {dagbag.py:532} INFO - Filling up the DagBag from /home/airflow/.local/lib/python3.7/site-packages/airflow/example_dags/example_task_group.py
[2023-04-10T14:35:44.593+0000] {processor.py:753} INFO - DAG(s) dict_keys(['example_task_group']) retrieved from /home/airflow/.local/lib/python3.7/site-packages/airflow/example_dags/example_task_group.py
[2023-04-10T14:35:44.619+0000] {logging_mixin.py:137} INFO - [2023-04-10T14:35:44.618+0000] {dag.py:2705} INFO - Sync 1 DAGs
[2023-04-10T14:35:44.651+0000] {logging_mixin.py:137} INFO - [2023-04-10T14:35:44.651+0000] {dag.py:3456} INFO - Setting next_dagrun for example_task_group to 2023-04-09T14:35:44.651546+00:00, run_after=2023-04-10T14:35:44.651546+00:00
[2023-04-10T14:35:44.668+0000] {processor.py:175} INFO - Processing /home/airflow/.local/lib/python3.7/site-packages/airflow/example_dags/example_task_group.py took 0.091 seconds
[2023-04-10T14:40:52.052+0000] {processor.py:153} INFO - Started process (PID=324) to work on /home/airflow/.local/lib/python3.7/site-packages/airflow/example_dags/example_task_group.py
[2023-04-10T14:40:52.053+0000] {processor.py:743} INFO - Processing file /home/airflow/.local/lib/python3.7/site-packages/airflow/example_dags/example_task_group.py for tasks to queue
[2023-04-10T14:40:52.053+0000] {logging_mixin.py:137} INFO - [2023-04-10T14:40:52.053+0000] {dagbag.py:532} INFO - Filling up the DagBag from /home/airflow/.local/lib/python3.7/site-packages/airflow/example_dags/example_task_group.py
[2023-04-10T14:40:52.068+0000] {processor.py:753} INFO - DAG(s) dict_keys(['example_task_group']) retrieved from /home/airflow/.local/lib/python3.7/site-packages/airflow/example_dags/example_task_group.py
[2023-04-10T14:40:52.076+0000] {logging_mixin.py:137} INFO - [2023-04-10T14:40:52.076+0000] {dag.py:2705} INFO - Sync 1 DAGs
[2023-04-10T14:40:52.108+0000] {logging_mixin.py:137} INFO - [2023-04-10T14:40:52.108+0000] {dag.py:3456} INFO - Setting next_dagrun for example_task_group to 2023-04-09T14:40:52.107875+00:00, run_after=2023-04-10T14:40:52.107875+00:00
[2023-04-10T14:40:52.125+0000] {processor.py:175} INFO - Processing /home/airflow/.local/lib/python3.7/site-packages/airflow/example_dags/example_task_group.py took 0.075 seconds
[2023-04-10T14:42:06.428+0000] {processor.py:153} INFO - Started process (PID=334) to work on /home/airflow/.local/lib/python3.7/site-packages/airflow/example_dags/example_task_group.py
[2023-04-10T14:42:06.429+0000] {processor.py:743} INFO - Processing file /home/airflow/.local/lib/python3.7/site-packages/airflow/example_dags/example_task_group.py for tasks to queue
[2023-04-10T14:42:06.430+0000] {logging_mixin.py:137} INFO - [2023-04-10T14:42:06.430+0000] {dagbag.py:532} INFO - Filling up the DagBag from /home/airflow/.local/lib/python3.7/site-packages/airflow/example_dags/example_task_group.py
[2023-04-10T14:42:06.461+0000] {processor.py:753} INFO - DAG(s) dict_keys(['example_task_group']) retrieved from /home/airflow/.local/lib/python3.7/site-packages/airflow/example_dags/example_task_group.py
[2023-04-10T14:42:06.494+0000] {logging_mixin.py:137} INFO - [2023-04-10T14:42:06.494+0000] {dag.py:2705} INFO - Sync 1 DAGs
[2023-04-10T14:42:06.626+0000] {logging_mixin.py:137} INFO - [2023-04-10T14:42:06.626+0000] {dag.py:3456} INFO - Setting next_dagrun for example_task_group to 2023-04-09T14:42:06.626108+00:00, run_after=2023-04-10T14:42:06.626108+00:00
[2023-04-10T14:42:06.686+0000] {processor.py:175} INFO - Processing /home/airflow/.local/lib/python3.7/site-packages/airflow/example_dags/example_task_group.py took 0.261 seconds
[2023-04-10T14:42:37.164+0000] {processor.py:153} INFO - Started process (PID=573) to work on /home/airflow/.local/lib/python3.7/site-packages/airflow/example_dags/example_task_group.py
[2023-04-10T14:42:37.164+0000] {processor.py:743} INFO - Processing file /home/airflow/.local/lib/python3.7/site-packages/airflow/example_dags/example_task_group.py for tasks to queue
[2023-04-10T14:42:37.165+0000] {logging_mixin.py:137} INFO - [2023-04-10T14:42:37.165+0000] {dagbag.py:532} INFO - Filling up the DagBag from /home/airflow/.local/lib/python3.7/site-packages/airflow/example_dags/example_task_group.py
[2023-04-10T14:42:37.181+0000] {processor.py:753} INFO - DAG(s) dict_keys(['example_task_group']) retrieved from /home/airflow/.local/lib/python3.7/site-packages/airflow/example_dags/example_task_group.py
[2023-04-10T14:42:37.213+0000] {logging_mixin.py:137} INFO - [2023-04-10T14:42:37.212+0000] {dag.py:2705} INFO - Sync 1 DAGs
[2023-04-10T14:42:37.256+0000] {logging_mixin.py:137} INFO - [2023-04-10T14:42:37.256+0000] {dag.py:3456} INFO - Setting next_dagrun for example_task_group to 2023-04-09T14:42:37.255596+00:00, run_after=2023-04-10T14:42:37.255596+00:00
[2023-04-10T14:42:37.279+0000] {processor.py:175} INFO - Processing /home/airflow/.local/lib/python3.7/site-packages/airflow/example_dags/example_task_group.py took 0.117 seconds
[2023-04-10T14:43:07.515+0000] {processor.py:153} INFO - Started process (PID=794) to work on /home/airflow/.local/lib/python3.7/site-packages/airflow/example_dags/example_task_group.py
[2023-04-10T14:43:07.516+0000] {processor.py:743} INFO - Processing file /home/airflow/.local/lib/python3.7/site-packages/airflow/example_dags/example_task_group.py for tasks to queue
[2023-04-10T14:43:07.517+0000] {logging_mixin.py:137} INFO - [2023-04-10T14:43:07.517+0000] {dagbag.py:532} INFO - Filling up the DagBag from /home/airflow/.local/lib/python3.7/site-packages/airflow/example_dags/example_task_group.py
[2023-04-10T14:43:07.541+0000] {processor.py:753} INFO - DAG(s) dict_keys(['example_task_group']) retrieved from /home/airflow/.local/lib/python3.7/site-packages/airflow/example_dags/example_task_group.py
[2023-04-10T14:43:07.579+0000] {logging_mixin.py:137} INFO - [2023-04-10T14:43:07.579+0000] {dag.py:2705} INFO - Sync 1 DAGs
[2023-04-10T14:43:07.624+0000] {logging_mixin.py:137} INFO - [2023-04-10T14:43:07.624+0000] {dag.py:3456} INFO - Setting next_dagrun for example_task_group to 2023-04-09T14:43:07.623813+00:00, run_after=2023-04-10T14:43:07.623813+00:00
[2023-04-10T14:43:07.649+0000] {processor.py:175} INFO - Processing /home/airflow/.local/lib/python3.7/site-packages/airflow/example_dags/example_task_group.py took 0.138 seconds
[2023-04-10T14:43:38.251+0000] {processor.py:153} INFO - Started process (PID=1017) to work on /home/airflow/.local/lib/python3.7/site-packages/airflow/example_dags/example_task_group.py
[2023-04-10T14:43:38.251+0000] {processor.py:743} INFO - Processing file /home/airflow/.local/lib/python3.7/site-packages/airflow/example_dags/example_task_group.py for tasks to queue
[2023-04-10T14:43:38.252+0000] {logging_mixin.py:137} INFO - [2023-04-10T14:43:38.252+0000] {dagbag.py:532} INFO - Filling up the DagBag from /home/airflow/.local/lib/python3.7/site-packages/airflow/example_dags/example_task_group.py
[2023-04-10T14:43:38.272+0000] {processor.py:753} INFO - DAG(s) dict_keys(['example_task_group']) retrieved from /home/airflow/.local/lib/python3.7/site-packages/airflow/example_dags/example_task_group.py
[2023-04-10T14:43:38.302+0000] {logging_mixin.py:137} INFO - [2023-04-10T14:43:38.302+0000] {dag.py:2705} INFO - Sync 1 DAGs
[2023-04-10T14:43:38.341+0000] {logging_mixin.py:137} INFO - [2023-04-10T14:43:38.341+0000] {dag.py:3456} INFO - Setting next_dagrun for example_task_group to 2023-04-09T14:43:38.340863+00:00, run_after=2023-04-10T14:43:38.340863+00:00
[2023-04-10T14:43:38.365+0000] {processor.py:175} INFO - Processing /home/airflow/.local/lib/python3.7/site-packages/airflow/example_dags/example_task_group.py took 0.118 seconds
[2023-04-10T14:44:08.613+0000] {processor.py:153} INFO - Started process (PID=1240) to work on /home/airflow/.local/lib/python3.7/site-packages/airflow/example_dags/example_task_group.py
[2023-04-10T14:44:08.614+0000] {processor.py:743} INFO - Processing file /home/airflow/.local/lib/python3.7/site-packages/airflow/example_dags/example_task_group.py for tasks to queue
[2023-04-10T14:44:08.614+0000] {logging_mixin.py:137} INFO - [2023-04-10T14:44:08.614+0000] {dagbag.py:532} INFO - Filling up the DagBag from /home/airflow/.local/lib/python3.7/site-packages/airflow/example_dags/example_task_group.py
[2023-04-10T14:44:08.635+0000] {processor.py:753} INFO - DAG(s) dict_keys(['example_task_group']) retrieved from /home/airflow/.local/lib/python3.7/site-packages/airflow/example_dags/example_task_group.py
[2023-04-10T14:44:08.667+0000] {logging_mixin.py:137} INFO - [2023-04-10T14:44:08.667+0000] {dag.py:2705} INFO - Sync 1 DAGs
[2023-04-10T14:44:08.704+0000] {logging_mixin.py:137} INFO - [2023-04-10T14:44:08.704+0000] {dag.py:3456} INFO - Setting next_dagrun for example_task_group to 2023-04-09T14:44:08.704227+00:00, run_after=2023-04-10T14:44:08.704227+00:00
[2023-04-10T14:44:08.729+0000] {processor.py:175} INFO - Processing /home/airflow/.local/lib/python3.7/site-packages/airflow/example_dags/example_task_group.py took 0.119 seconds
[2023-04-10T14:44:38.846+0000] {processor.py:153} INFO - Started process (PID=1463) to work on /home/airflow/.local/lib/python3.7/site-packages/airflow/example_dags/example_task_group.py
[2023-04-10T14:44:38.846+0000] {processor.py:743} INFO - Processing file /home/airflow/.local/lib/python3.7/site-packages/airflow/example_dags/example_task_group.py for tasks to queue
[2023-04-10T14:44:38.847+0000] {logging_mixin.py:137} INFO - [2023-04-10T14:44:38.847+0000] {dagbag.py:532} INFO - Filling up the DagBag from /home/airflow/.local/lib/python3.7/site-packages/airflow/example_dags/example_task_group.py
[2023-04-10T14:44:38.862+0000] {processor.py:753} INFO - DAG(s) dict_keys(['example_task_group']) retrieved from /home/airflow/.local/lib/python3.7/site-packages/airflow/example_dags/example_task_group.py
[2023-04-10T14:44:38.891+0000] {logging_mixin.py:137} INFO - [2023-04-10T14:44:38.891+0000] {dag.py:2705} INFO - Sync 1 DAGs
[2023-04-10T14:44:38.926+0000] {logging_mixin.py:137} INFO - [2023-04-10T14:44:38.926+0000] {dag.py:3456} INFO - Setting next_dagrun for example_task_group to 2023-04-09T14:44:38.926035+00:00, run_after=2023-04-10T14:44:38.926035+00:00
[2023-04-10T14:44:38.950+0000] {processor.py:175} INFO - Processing /home/airflow/.local/lib/python3.7/site-packages/airflow/example_dags/example_task_group.py took 0.109 seconds
[2023-04-10T14:45:09.019+0000] {processor.py:153} INFO - Started process (PID=1689) to work on /home/airflow/.local/lib/python3.7/site-packages/airflow/example_dags/example_task_group.py
[2023-04-10T14:45:09.019+0000] {processor.py:743} INFO - Processing file /home/airflow/.local/lib/python3.7/site-packages/airflow/example_dags/example_task_group.py for tasks to queue
[2023-04-10T14:45:09.020+0000] {logging_mixin.py:137} INFO - [2023-04-10T14:45:09.020+0000] {dagbag.py:532} INFO - Filling up the DagBag from /home/airflow/.local/lib/python3.7/site-packages/airflow/example_dags/example_task_group.py
[2023-04-10T14:45:09.038+0000] {processor.py:753} INFO - DAG(s) dict_keys(['example_task_group']) retrieved from /home/airflow/.local/lib/python3.7/site-packages/airflow/example_dags/example_task_group.py
[2023-04-10T14:45:09.067+0000] {logging_mixin.py:137} INFO - [2023-04-10T14:45:09.067+0000] {dag.py:2705} INFO - Sync 1 DAGs
[2023-04-10T14:45:09.106+0000] {logging_mixin.py:137} INFO - [2023-04-10T14:45:09.106+0000] {dag.py:3456} INFO - Setting next_dagrun for example_task_group to 2023-04-09T14:45:09.106390+00:00, run_after=2023-04-10T14:45:09.106390+00:00
[2023-04-10T14:45:09.129+0000] {processor.py:175} INFO - Processing /home/airflow/.local/lib/python3.7/site-packages/airflow/example_dags/example_task_group.py took 0.113 seconds
[2023-04-10T14:45:39.277+0000] {processor.py:153} INFO - Started process (PID=1910) to work on /home/airflow/.local/lib/python3.7/site-packages/airflow/example_dags/example_task_group.py
[2023-04-10T14:45:39.278+0000] {processor.py:743} INFO - Processing file /home/airflow/.local/lib/python3.7/site-packages/airflow/example_dags/example_task_group.py for tasks to queue
[2023-04-10T14:45:39.278+0000] {logging_mixin.py:137} INFO - [2023-04-10T14:45:39.278+0000] {dagbag.py:532} INFO - Filling up the DagBag from /home/airflow/.local/lib/python3.7/site-packages/airflow/example_dags/example_task_group.py
[2023-04-10T14:45:39.294+0000] {processor.py:753} INFO - DAG(s) dict_keys(['example_task_group']) retrieved from /home/airflow/.local/lib/python3.7/site-packages/airflow/example_dags/example_task_group.py
[2023-04-10T14:45:39.322+0000] {logging_mixin.py:137} INFO - [2023-04-10T14:45:39.322+0000] {dag.py:2705} INFO - Sync 1 DAGs
[2023-04-10T14:45:39.357+0000] {logging_mixin.py:137} INFO - [2023-04-10T14:45:39.357+0000] {dag.py:3456} INFO - Setting next_dagrun for example_task_group to 2023-04-09T14:45:39.356942+00:00, run_after=2023-04-10T14:45:39.356942+00:00
[2023-04-10T14:45:39.377+0000] {processor.py:175} INFO - Processing /home/airflow/.local/lib/python3.7/site-packages/airflow/example_dags/example_task_group.py took 0.102 seconds
[2023-04-10T14:46:10.370+0000] {processor.py:153} INFO - Started process (PID=2138) to work on /home/airflow/.local/lib/python3.7/site-packages/airflow/example_dags/example_task_group.py
[2023-04-10T14:46:10.371+0000] {processor.py:743} INFO - Processing file /home/airflow/.local/lib/python3.7/site-packages/airflow/example_dags/example_task_group.py for tasks to queue
[2023-04-10T14:46:10.372+0000] {logging_mixin.py:137} INFO - [2023-04-10T14:46:10.372+0000] {dagbag.py:532} INFO - Filling up the DagBag from /home/airflow/.local/lib/python3.7/site-packages/airflow/example_dags/example_task_group.py
[2023-04-10T14:46:10.388+0000] {processor.py:753} INFO - DAG(s) dict_keys(['example_task_group']) retrieved from /home/airflow/.local/lib/python3.7/site-packages/airflow/example_dags/example_task_group.py
[2023-04-10T14:46:10.417+0000] {logging_mixin.py:137} INFO - [2023-04-10T14:46:10.417+0000] {dag.py:2705} INFO - Sync 1 DAGs
[2023-04-10T14:46:10.453+0000] {logging_mixin.py:137} INFO - [2023-04-10T14:46:10.453+0000] {dag.py:3456} INFO - Setting next_dagrun for example_task_group to 2023-04-09T14:46:10.452734+00:00, run_after=2023-04-10T14:46:10.452734+00:00
[2023-04-10T14:46:10.477+0000] {processor.py:175} INFO - Processing /home/airflow/.local/lib/python3.7/site-packages/airflow/example_dags/example_task_group.py took 0.110 seconds
[2023-04-10T14:46:40.555+0000] {processor.py:153} INFO - Started process (PID=2361) to work on /home/airflow/.local/lib/python3.7/site-packages/airflow/example_dags/example_task_group.py
[2023-04-10T14:46:40.556+0000] {processor.py:743} INFO - Processing file /home/airflow/.local/lib/python3.7/site-packages/airflow/example_dags/example_task_group.py for tasks to queue
[2023-04-10T14:46:40.557+0000] {logging_mixin.py:137} INFO - [2023-04-10T14:46:40.556+0000] {dagbag.py:532} INFO - Filling up the DagBag from /home/airflow/.local/lib/python3.7/site-packages/airflow/example_dags/example_task_group.py
[2023-04-10T14:46:40.571+0000] {processor.py:753} INFO - DAG(s) dict_keys(['example_task_group']) retrieved from /home/airflow/.local/lib/python3.7/site-packages/airflow/example_dags/example_task_group.py
[2023-04-10T14:46:40.596+0000] {logging_mixin.py:137} INFO - [2023-04-10T14:46:40.596+0000] {dag.py:2705} INFO - Sync 1 DAGs
[2023-04-10T14:46:40.630+0000] {logging_mixin.py:137} INFO - [2023-04-10T14:46:40.629+0000] {dag.py:3456} INFO - Setting next_dagrun for example_task_group to 2023-04-09T14:46:40.629757+00:00, run_after=2023-04-10T14:46:40.629757+00:00
[2023-04-10T14:46:40.649+0000] {processor.py:175} INFO - Processing /home/airflow/.local/lib/python3.7/site-packages/airflow/example_dags/example_task_group.py took 0.096 seconds
[2023-04-10T14:47:11.761+0000] {processor.py:153} INFO - Started process (PID=2596) to work on /home/airflow/.local/lib/python3.7/site-packages/airflow/example_dags/example_task_group.py
[2023-04-10T14:47:11.762+0000] {processor.py:743} INFO - Processing file /home/airflow/.local/lib/python3.7/site-packages/airflow/example_dags/example_task_group.py for tasks to queue
[2023-04-10T14:47:11.762+0000] {logging_mixin.py:137} INFO - [2023-04-10T14:47:11.762+0000] {dagbag.py:532} INFO - Filling up the DagBag from /home/airflow/.local/lib/python3.7/site-packages/airflow/example_dags/example_task_group.py
[2023-04-10T14:47:11.798+0000] {processor.py:753} INFO - DAG(s) dict_keys(['example_task_group']) retrieved from /home/airflow/.local/lib/python3.7/site-packages/airflow/example_dags/example_task_group.py
[2023-04-10T14:47:11.872+0000] {logging_mixin.py:137} INFO - [2023-04-10T14:47:11.871+0000] {dag.py:2705} INFO - Sync 1 DAGs
[2023-04-10T14:47:11.949+0000] {logging_mixin.py:137} INFO - [2023-04-10T14:47:11.949+0000] {dag.py:3456} INFO - Setting next_dagrun for example_task_group to 2023-04-09T14:47:11.948911+00:00, run_after=2023-04-10T14:47:11.948911+00:00
[2023-04-10T14:47:11.995+0000] {processor.py:175} INFO - Processing /home/airflow/.local/lib/python3.7/site-packages/airflow/example_dags/example_task_group.py took 0.238 seconds
[2023-04-10T14:47:42.295+0000] {processor.py:153} INFO - Started process (PID=2833) to work on /home/airflow/.local/lib/python3.7/site-packages/airflow/example_dags/example_task_group.py
[2023-04-10T14:47:42.295+0000] {processor.py:743} INFO - Processing file /home/airflow/.local/lib/python3.7/site-packages/airflow/example_dags/example_task_group.py for tasks to queue
[2023-04-10T14:47:42.296+0000] {logging_mixin.py:137} INFO - [2023-04-10T14:47:42.296+0000] {dagbag.py:532} INFO - Filling up the DagBag from /home/airflow/.local/lib/python3.7/site-packages/airflow/example_dags/example_task_group.py
[2023-04-10T14:47:42.311+0000] {processor.py:753} INFO - DAG(s) dict_keys(['example_task_group']) retrieved from /home/airflow/.local/lib/python3.7/site-packages/airflow/example_dags/example_task_group.py
[2023-04-10T14:47:42.335+0000] {logging_mixin.py:137} INFO - [2023-04-10T14:47:42.335+0000] {dag.py:2705} INFO - Sync 1 DAGs
[2023-04-10T14:47:42.367+0000] {logging_mixin.py:137} INFO - [2023-04-10T14:47:42.366+0000] {dag.py:3456} INFO - Setting next_dagrun for example_task_group to 2023-04-09T14:47:42.366785+00:00, run_after=2023-04-10T14:47:42.366785+00:00
[2023-04-10T14:47:42.385+0000] {processor.py:175} INFO - Processing /home/airflow/.local/lib/python3.7/site-packages/airflow/example_dags/example_task_group.py took 0.092 seconds
