[2023-04-10T14:33:11.275+0000] {processor.py:153} INFO - Started process (PID=357) to work on /home/airflow/.local/lib/python3.7/site-packages/airflow/example_dags/example_external_task_marker_dag.py
[2023-04-10T14:33:11.276+0000] {processor.py:743} INFO - Processing file /home/airflow/.local/lib/python3.7/site-packages/airflow/example_dags/example_external_task_marker_dag.py for tasks to queue
[2023-04-10T14:33:11.276+0000] {logging_mixin.py:137} INFO - [2023-04-10T14:33:11.276+0000] {dagbag.py:532} INFO - Filling up the DagBag from /home/airflow/.local/lib/python3.7/site-packages/airflow/example_dags/example_external_task_marker_dag.py
[2023-04-10T14:33:11.301+0000] {processor.py:753} INFO - DAG(s) dict_keys(['example_external_task_marker_child', 'example_external_task_marker_parent']) retrieved from /home/airflow/.local/lib/python3.7/site-packages/airflow/example_dags/example_external_task_marker_dag.py
[2023-04-10T14:33:11.510+0000] {logging_mixin.py:137} INFO - [2023-04-10T14:33:11.510+0000] {dag.py:2705} INFO - Sync 2 DAGs
[2023-04-10T14:33:11.566+0000] {logging_mixin.py:137} INFO - [2023-04-10T14:33:11.565+0000] {dag.py:3456} INFO - Setting next_dagrun for example_external_task_marker_child to None, run_after=None
[2023-04-10T14:33:11.569+0000] {logging_mixin.py:137} INFO - [2023-04-10T14:33:11.569+0000] {dag.py:3456} INFO - Setting next_dagrun for example_external_task_marker_parent to None, run_after=None
[2023-04-10T14:33:11.652+0000] {processor.py:175} INFO - Processing /home/airflow/.local/lib/python3.7/site-packages/airflow/example_dags/example_external_task_marker_dag.py took 0.380 seconds
[2023-04-10T14:33:41.917+0000] {processor.py:153} INFO - Started process (PID=586) to work on /home/airflow/.local/lib/python3.7/site-packages/airflow/example_dags/example_external_task_marker_dag.py
[2023-04-10T14:33:41.917+0000] {processor.py:743} INFO - Processing file /home/airflow/.local/lib/python3.7/site-packages/airflow/example_dags/example_external_task_marker_dag.py for tasks to queue
[2023-04-10T14:33:41.918+0000] {logging_mixin.py:137} INFO - [2023-04-10T14:33:41.918+0000] {dagbag.py:532} INFO - Filling up the DagBag from /home/airflow/.local/lib/python3.7/site-packages/airflow/example_dags/example_external_task_marker_dag.py
[2023-04-10T14:33:41.930+0000] {processor.py:753} INFO - DAG(s) dict_keys(['example_external_task_marker_parent', 'example_external_task_marker_child']) retrieved from /home/airflow/.local/lib/python3.7/site-packages/airflow/example_dags/example_external_task_marker_dag.py
[2023-04-10T14:33:41.953+0000] {logging_mixin.py:137} INFO - [2023-04-10T14:33:41.953+0000] {dag.py:2705} INFO - Sync 2 DAGs
[2023-04-10T14:33:41.986+0000] {logging_mixin.py:137} INFO - [2023-04-10T14:33:41.986+0000] {dag.py:3456} INFO - Setting next_dagrun for example_external_task_marker_child to None, run_after=None
[2023-04-10T14:33:41.989+0000] {logging_mixin.py:137} INFO - [2023-04-10T14:33:41.989+0000] {dag.py:3456} INFO - Setting next_dagrun for example_external_task_marker_parent to None, run_after=None
[2023-04-10T14:33:42.004+0000] {processor.py:175} INFO - Processing /home/airflow/.local/lib/python3.7/site-packages/airflow/example_dags/example_external_task_marker_dag.py took 0.089 seconds
[2023-04-10T14:34:12.471+0000] {processor.py:153} INFO - Started process (PID=809) to work on /home/airflow/.local/lib/python3.7/site-packages/airflow/example_dags/example_external_task_marker_dag.py
[2023-04-10T14:34:12.471+0000] {processor.py:743} INFO - Processing file /home/airflow/.local/lib/python3.7/site-packages/airflow/example_dags/example_external_task_marker_dag.py for tasks to queue
[2023-04-10T14:34:12.472+0000] {logging_mixin.py:137} INFO - [2023-04-10T14:34:12.471+0000] {dagbag.py:532} INFO - Filling up the DagBag from /home/airflow/.local/lib/python3.7/site-packages/airflow/example_dags/example_external_task_marker_dag.py
[2023-04-10T14:34:12.483+0000] {processor.py:753} INFO - DAG(s) dict_keys(['example_external_task_marker_child', 'example_external_task_marker_parent']) retrieved from /home/airflow/.local/lib/python3.7/site-packages/airflow/example_dags/example_external_task_marker_dag.py
[2023-04-10T14:34:12.507+0000] {logging_mixin.py:137} INFO - [2023-04-10T14:34:12.507+0000] {dag.py:2705} INFO - Sync 2 DAGs
[2023-04-10T14:34:12.537+0000] {logging_mixin.py:137} INFO - [2023-04-10T14:34:12.537+0000] {dag.py:3456} INFO - Setting next_dagrun for example_external_task_marker_child to None, run_after=None
[2023-04-10T14:34:12.540+0000] {logging_mixin.py:137} INFO - [2023-04-10T14:34:12.540+0000] {dag.py:3456} INFO - Setting next_dagrun for example_external_task_marker_parent to None, run_after=None
[2023-04-10T14:34:12.554+0000] {processor.py:175} INFO - Processing /home/airflow/.local/lib/python3.7/site-packages/airflow/example_dags/example_external_task_marker_dag.py took 0.086 seconds
[2023-04-10T14:34:43.227+0000] {processor.py:153} INFO - Started process (PID=1033) to work on /home/airflow/.local/lib/python3.7/site-packages/airflow/example_dags/example_external_task_marker_dag.py
[2023-04-10T14:34:43.228+0000] {processor.py:743} INFO - Processing file /home/airflow/.local/lib/python3.7/site-packages/airflow/example_dags/example_external_task_marker_dag.py for tasks to queue
[2023-04-10T14:34:43.228+0000] {logging_mixin.py:137} INFO - [2023-04-10T14:34:43.228+0000] {dagbag.py:532} INFO - Filling up the DagBag from /home/airflow/.local/lib/python3.7/site-packages/airflow/example_dags/example_external_task_marker_dag.py
[2023-04-10T14:34:43.241+0000] {processor.py:753} INFO - DAG(s) dict_keys(['example_external_task_marker_child', 'example_external_task_marker_parent']) retrieved from /home/airflow/.local/lib/python3.7/site-packages/airflow/example_dags/example_external_task_marker_dag.py
[2023-04-10T14:34:43.265+0000] {logging_mixin.py:137} INFO - [2023-04-10T14:34:43.265+0000] {dag.py:2705} INFO - Sync 2 DAGs
[2023-04-10T14:34:43.297+0000] {logging_mixin.py:137} INFO - [2023-04-10T14:34:43.297+0000] {dag.py:3456} INFO - Setting next_dagrun for example_external_task_marker_child to None, run_after=None
[2023-04-10T14:34:43.301+0000] {logging_mixin.py:137} INFO - [2023-04-10T14:34:43.301+0000] {dag.py:3456} INFO - Setting next_dagrun for example_external_task_marker_parent to None, run_after=None
[2023-04-10T14:34:43.316+0000] {processor.py:175} INFO - Processing /home/airflow/.local/lib/python3.7/site-packages/airflow/example_dags/example_external_task_marker_dag.py took 0.091 seconds
[2023-04-10T14:35:14.072+0000] {processor.py:153} INFO - Started process (PID=1256) to work on /home/airflow/.local/lib/python3.7/site-packages/airflow/example_dags/example_external_task_marker_dag.py
[2023-04-10T14:35:14.072+0000] {processor.py:743} INFO - Processing file /home/airflow/.local/lib/python3.7/site-packages/airflow/example_dags/example_external_task_marker_dag.py for tasks to queue
[2023-04-10T14:35:14.073+0000] {logging_mixin.py:137} INFO - [2023-04-10T14:35:14.072+0000] {dagbag.py:532} INFO - Filling up the DagBag from /home/airflow/.local/lib/python3.7/site-packages/airflow/example_dags/example_external_task_marker_dag.py
[2023-04-10T14:35:14.084+0000] {processor.py:753} INFO - DAG(s) dict_keys(['example_external_task_marker_parent', 'example_external_task_marker_child']) retrieved from /home/airflow/.local/lib/python3.7/site-packages/airflow/example_dags/example_external_task_marker_dag.py
[2023-04-10T14:35:14.109+0000] {logging_mixin.py:137} INFO - [2023-04-10T14:35:14.109+0000] {dag.py:2705} INFO - Sync 2 DAGs
[2023-04-10T14:35:14.147+0000] {logging_mixin.py:137} INFO - [2023-04-10T14:35:14.147+0000] {dag.py:3456} INFO - Setting next_dagrun for example_external_task_marker_child to None, run_after=None
[2023-04-10T14:35:14.151+0000] {logging_mixin.py:137} INFO - [2023-04-10T14:35:14.150+0000] {dag.py:3456} INFO - Setting next_dagrun for example_external_task_marker_parent to None, run_after=None
[2023-04-10T14:35:14.165+0000] {processor.py:175} INFO - Processing /home/airflow/.local/lib/python3.7/site-packages/airflow/example_dags/example_external_task_marker_dag.py took 0.097 seconds
[2023-04-10T14:35:44.820+0000] {processor.py:153} INFO - Started process (PID=1479) to work on /home/airflow/.local/lib/python3.7/site-packages/airflow/example_dags/example_external_task_marker_dag.py
[2023-04-10T14:35:44.820+0000] {processor.py:743} INFO - Processing file /home/airflow/.local/lib/python3.7/site-packages/airflow/example_dags/example_external_task_marker_dag.py for tasks to queue
[2023-04-10T14:35:44.821+0000] {logging_mixin.py:137} INFO - [2023-04-10T14:35:44.821+0000] {dagbag.py:532} INFO - Filling up the DagBag from /home/airflow/.local/lib/python3.7/site-packages/airflow/example_dags/example_external_task_marker_dag.py
[2023-04-10T14:35:44.833+0000] {processor.py:753} INFO - DAG(s) dict_keys(['example_external_task_marker_child', 'example_external_task_marker_parent']) retrieved from /home/airflow/.local/lib/python3.7/site-packages/airflow/example_dags/example_external_task_marker_dag.py
[2023-04-10T14:35:44.857+0000] {logging_mixin.py:137} INFO - [2023-04-10T14:35:44.857+0000] {dag.py:2705} INFO - Sync 2 DAGs
[2023-04-10T14:35:44.899+0000] {logging_mixin.py:137} INFO - [2023-04-10T14:35:44.898+0000] {dag.py:3456} INFO - Setting next_dagrun for example_external_task_marker_child to None, run_after=None
[2023-04-10T14:35:44.903+0000] {logging_mixin.py:137} INFO - [2023-04-10T14:35:44.903+0000] {dag.py:3456} INFO - Setting next_dagrun for example_external_task_marker_parent to None, run_after=None
[2023-04-10T14:35:44.921+0000] {processor.py:175} INFO - Processing /home/airflow/.local/lib/python3.7/site-packages/airflow/example_dags/example_external_task_marker_dag.py took 0.103 seconds
[2023-04-10T14:40:52.162+0000] {processor.py:153} INFO - Started process (PID=337) to work on /home/airflow/.local/lib/python3.7/site-packages/airflow/example_dags/example_external_task_marker_dag.py
[2023-04-10T14:40:52.163+0000] {processor.py:743} INFO - Processing file /home/airflow/.local/lib/python3.7/site-packages/airflow/example_dags/example_external_task_marker_dag.py for tasks to queue
[2023-04-10T14:40:52.164+0000] {logging_mixin.py:137} INFO - [2023-04-10T14:40:52.164+0000] {dagbag.py:532} INFO - Filling up the DagBag from /home/airflow/.local/lib/python3.7/site-packages/airflow/example_dags/example_external_task_marker_dag.py
[2023-04-10T14:40:52.176+0000] {processor.py:753} INFO - DAG(s) dict_keys(['example_external_task_marker_child', 'example_external_task_marker_parent']) retrieved from /home/airflow/.local/lib/python3.7/site-packages/airflow/example_dags/example_external_task_marker_dag.py
[2023-04-10T14:40:52.186+0000] {logging_mixin.py:137} INFO - [2023-04-10T14:40:52.186+0000] {dag.py:2705} INFO - Sync 2 DAGs
[2023-04-10T14:40:52.218+0000] {logging_mixin.py:137} INFO - [2023-04-10T14:40:52.218+0000] {dag.py:3456} INFO - Setting next_dagrun for example_external_task_marker_child to None, run_after=None
[2023-04-10T14:40:52.222+0000] {logging_mixin.py:137} INFO - [2023-04-10T14:40:52.222+0000] {dag.py:3456} INFO - Setting next_dagrun for example_external_task_marker_parent to None, run_after=None
[2023-04-10T14:40:52.237+0000] {processor.py:175} INFO - Processing /home/airflow/.local/lib/python3.7/site-packages/airflow/example_dags/example_external_task_marker_dag.py took 0.077 seconds
[2023-04-10T14:42:06.966+0000] {processor.py:153} INFO - Started process (PID=354) to work on /home/airflow/.local/lib/python3.7/site-packages/airflow/example_dags/example_external_task_marker_dag.py
[2023-04-10T14:42:06.968+0000] {processor.py:743} INFO - Processing file /home/airflow/.local/lib/python3.7/site-packages/airflow/example_dags/example_external_task_marker_dag.py for tasks to queue
[2023-04-10T14:42:06.968+0000] {logging_mixin.py:137} INFO - [2023-04-10T14:42:06.968+0000] {dagbag.py:532} INFO - Filling up the DagBag from /home/airflow/.local/lib/python3.7/site-packages/airflow/example_dags/example_external_task_marker_dag.py
[2023-04-10T14:42:06.991+0000] {processor.py:753} INFO - DAG(s) dict_keys(['example_external_task_marker_child', 'example_external_task_marker_parent']) retrieved from /home/airflow/.local/lib/python3.7/site-packages/airflow/example_dags/example_external_task_marker_dag.py
[2023-04-10T14:42:07.030+0000] {logging_mixin.py:137} INFO - [2023-04-10T14:42:07.029+0000] {dag.py:2705} INFO - Sync 2 DAGs
[2023-04-10T14:42:07.113+0000] {logging_mixin.py:137} INFO - [2023-04-10T14:42:07.113+0000] {dag.py:3456} INFO - Setting next_dagrun for example_external_task_marker_child to None, run_after=None
[2023-04-10T14:42:07.129+0000] {logging_mixin.py:137} INFO - [2023-04-10T14:42:07.129+0000] {dag.py:3456} INFO - Setting next_dagrun for example_external_task_marker_parent to None, run_after=None
[2023-04-10T14:42:07.178+0000] {processor.py:175} INFO - Processing /home/airflow/.local/lib/python3.7/site-packages/airflow/example_dags/example_external_task_marker_dag.py took 0.215 seconds
[2023-04-10T14:42:37.435+0000] {processor.py:153} INFO - Started process (PID=586) to work on /home/airflow/.local/lib/python3.7/site-packages/airflow/example_dags/example_external_task_marker_dag.py
[2023-04-10T14:42:37.435+0000] {processor.py:743} INFO - Processing file /home/airflow/.local/lib/python3.7/site-packages/airflow/example_dags/example_external_task_marker_dag.py for tasks to queue
[2023-04-10T14:42:37.436+0000] {logging_mixin.py:137} INFO - [2023-04-10T14:42:37.436+0000] {dagbag.py:532} INFO - Filling up the DagBag from /home/airflow/.local/lib/python3.7/site-packages/airflow/example_dags/example_external_task_marker_dag.py
[2023-04-10T14:42:37.447+0000] {processor.py:753} INFO - DAG(s) dict_keys(['example_external_task_marker_child', 'example_external_task_marker_parent']) retrieved from /home/airflow/.local/lib/python3.7/site-packages/airflow/example_dags/example_external_task_marker_dag.py
[2023-04-10T14:42:37.472+0000] {logging_mixin.py:137} INFO - [2023-04-10T14:42:37.472+0000] {dag.py:2705} INFO - Sync 2 DAGs
[2023-04-10T14:42:37.506+0000] {logging_mixin.py:137} INFO - [2023-04-10T14:42:37.506+0000] {dag.py:3456} INFO - Setting next_dagrun for example_external_task_marker_child to None, run_after=None
[2023-04-10T14:42:37.510+0000] {logging_mixin.py:137} INFO - [2023-04-10T14:42:37.510+0000] {dag.py:3456} INFO - Setting next_dagrun for example_external_task_marker_parent to None, run_after=None
[2023-04-10T14:42:37.529+0000] {processor.py:175} INFO - Processing /home/airflow/.local/lib/python3.7/site-packages/airflow/example_dags/example_external_task_marker_dag.py took 0.097 seconds
[2023-04-10T14:43:07.863+0000] {processor.py:153} INFO - Started process (PID=809) to work on /home/airflow/.local/lib/python3.7/site-packages/airflow/example_dags/example_external_task_marker_dag.py
[2023-04-10T14:43:07.864+0000] {processor.py:743} INFO - Processing file /home/airflow/.local/lib/python3.7/site-packages/airflow/example_dags/example_external_task_marker_dag.py for tasks to queue
[2023-04-10T14:43:07.865+0000] {logging_mixin.py:137} INFO - [2023-04-10T14:43:07.865+0000] {dagbag.py:532} INFO - Filling up the DagBag from /home/airflow/.local/lib/python3.7/site-packages/airflow/example_dags/example_external_task_marker_dag.py
[2023-04-10T14:43:07.881+0000] {processor.py:753} INFO - DAG(s) dict_keys(['example_external_task_marker_child', 'example_external_task_marker_parent']) retrieved from /home/airflow/.local/lib/python3.7/site-packages/airflow/example_dags/example_external_task_marker_dag.py
[2023-04-10T14:43:07.922+0000] {logging_mixin.py:137} INFO - [2023-04-10T14:43:07.922+0000] {dag.py:2705} INFO - Sync 2 DAGs
[2023-04-10T14:43:07.962+0000] {logging_mixin.py:137} INFO - [2023-04-10T14:43:07.961+0000] {dag.py:3456} INFO - Setting next_dagrun for example_external_task_marker_child to None, run_after=None
[2023-04-10T14:43:07.968+0000] {logging_mixin.py:137} INFO - [2023-04-10T14:43:07.968+0000] {dag.py:3456} INFO - Setting next_dagrun for example_external_task_marker_parent to None, run_after=None
[2023-04-10T14:43:07.995+0000] {processor.py:175} INFO - Processing /home/airflow/.local/lib/python3.7/site-packages/airflow/example_dags/example_external_task_marker_dag.py took 0.135 seconds
[2023-04-10T14:43:38.441+0000] {processor.py:153} INFO - Started process (PID=1032) to work on /home/airflow/.local/lib/python3.7/site-packages/airflow/example_dags/example_external_task_marker_dag.py
[2023-04-10T14:43:38.441+0000] {processor.py:743} INFO - Processing file /home/airflow/.local/lib/python3.7/site-packages/airflow/example_dags/example_external_task_marker_dag.py for tasks to queue
[2023-04-10T14:43:38.442+0000] {logging_mixin.py:137} INFO - [2023-04-10T14:43:38.442+0000] {dagbag.py:532} INFO - Filling up the DagBag from /home/airflow/.local/lib/python3.7/site-packages/airflow/example_dags/example_external_task_marker_dag.py
[2023-04-10T14:43:38.457+0000] {processor.py:753} INFO - DAG(s) dict_keys(['example_external_task_marker_child', 'example_external_task_marker_parent']) retrieved from /home/airflow/.local/lib/python3.7/site-packages/airflow/example_dags/example_external_task_marker_dag.py
[2023-04-10T14:43:38.492+0000] {logging_mixin.py:137} INFO - [2023-04-10T14:43:38.492+0000] {dag.py:2705} INFO - Sync 2 DAGs
[2023-04-10T14:43:38.535+0000] {logging_mixin.py:137} INFO - [2023-04-10T14:43:38.534+0000] {dag.py:3456} INFO - Setting next_dagrun for example_external_task_marker_child to None, run_after=None
[2023-04-10T14:43:38.540+0000] {logging_mixin.py:137} INFO - [2023-04-10T14:43:38.540+0000] {dag.py:3456} INFO - Setting next_dagrun for example_external_task_marker_parent to None, run_after=None
[2023-04-10T14:43:38.563+0000] {processor.py:175} INFO - Processing /home/airflow/.local/lib/python3.7/site-packages/airflow/example_dags/example_external_task_marker_dag.py took 0.125 seconds
[2023-04-10T14:44:08.902+0000] {processor.py:153} INFO - Started process (PID=1255) to work on /home/airflow/.local/lib/python3.7/site-packages/airflow/example_dags/example_external_task_marker_dag.py
[2023-04-10T14:44:08.903+0000] {processor.py:743} INFO - Processing file /home/airflow/.local/lib/python3.7/site-packages/airflow/example_dags/example_external_task_marker_dag.py for tasks to queue
[2023-04-10T14:44:08.903+0000] {logging_mixin.py:137} INFO - [2023-04-10T14:44:08.903+0000] {dagbag.py:532} INFO - Filling up the DagBag from /home/airflow/.local/lib/python3.7/site-packages/airflow/example_dags/example_external_task_marker_dag.py
[2023-04-10T14:44:08.919+0000] {processor.py:753} INFO - DAG(s) dict_keys(['example_external_task_marker_child', 'example_external_task_marker_parent']) retrieved from /home/airflow/.local/lib/python3.7/site-packages/airflow/example_dags/example_external_task_marker_dag.py
[2023-04-10T14:44:08.948+0000] {logging_mixin.py:137} INFO - [2023-04-10T14:44:08.948+0000] {dag.py:2705} INFO - Sync 2 DAGs
[2023-04-10T14:44:08.986+0000] {logging_mixin.py:137} INFO - [2023-04-10T14:44:08.985+0000] {dag.py:3456} INFO - Setting next_dagrun for example_external_task_marker_child to None, run_after=None
[2023-04-10T14:44:08.991+0000] {logging_mixin.py:137} INFO - [2023-04-10T14:44:08.991+0000] {dag.py:3456} INFO - Setting next_dagrun for example_external_task_marker_parent to None, run_after=None
[2023-04-10T14:44:09.018+0000] {processor.py:175} INFO - Processing /home/airflow/.local/lib/python3.7/site-packages/airflow/example_dags/example_external_task_marker_dag.py took 0.118 seconds
[2023-04-10T14:44:39.110+0000] {processor.py:153} INFO - Started process (PID=1478) to work on /home/airflow/.local/lib/python3.7/site-packages/airflow/example_dags/example_external_task_marker_dag.py
[2023-04-10T14:44:39.110+0000] {processor.py:743} INFO - Processing file /home/airflow/.local/lib/python3.7/site-packages/airflow/example_dags/example_external_task_marker_dag.py for tasks to queue
[2023-04-10T14:44:39.111+0000] {logging_mixin.py:137} INFO - [2023-04-10T14:44:39.111+0000] {dagbag.py:532} INFO - Filling up the DagBag from /home/airflow/.local/lib/python3.7/site-packages/airflow/example_dags/example_external_task_marker_dag.py
[2023-04-10T14:44:39.123+0000] {processor.py:753} INFO - DAG(s) dict_keys(['example_external_task_marker_parent', 'example_external_task_marker_child']) retrieved from /home/airflow/.local/lib/python3.7/site-packages/airflow/example_dags/example_external_task_marker_dag.py
[2023-04-10T14:44:39.151+0000] {logging_mixin.py:137} INFO - [2023-04-10T14:44:39.150+0000] {dag.py:2705} INFO - Sync 2 DAGs
[2023-04-10T14:44:39.187+0000] {logging_mixin.py:137} INFO - [2023-04-10T14:44:39.187+0000] {dag.py:3456} INFO - Setting next_dagrun for example_external_task_marker_child to None, run_after=None
[2023-04-10T14:44:39.191+0000] {logging_mixin.py:137} INFO - [2023-04-10T14:44:39.191+0000] {dag.py:3456} INFO - Setting next_dagrun for example_external_task_marker_parent to None, run_after=None
[2023-04-10T14:44:39.206+0000] {processor.py:175} INFO - Processing /home/airflow/.local/lib/python3.7/site-packages/airflow/example_dags/example_external_task_marker_dag.py took 0.099 seconds
[2023-04-10T14:45:09.410+0000] {processor.py:153} INFO - Started process (PID=1707) to work on /home/airflow/.local/lib/python3.7/site-packages/airflow/example_dags/example_external_task_marker_dag.py
[2023-04-10T14:45:09.411+0000] {processor.py:743} INFO - Processing file /home/airflow/.local/lib/python3.7/site-packages/airflow/example_dags/example_external_task_marker_dag.py for tasks to queue
[2023-04-10T14:45:09.412+0000] {logging_mixin.py:137} INFO - [2023-04-10T14:45:09.411+0000] {dagbag.py:532} INFO - Filling up the DagBag from /home/airflow/.local/lib/python3.7/site-packages/airflow/example_dags/example_external_task_marker_dag.py
[2023-04-10T14:45:09.424+0000] {processor.py:753} INFO - DAG(s) dict_keys(['example_external_task_marker_parent', 'example_external_task_marker_child']) retrieved from /home/airflow/.local/lib/python3.7/site-packages/airflow/example_dags/example_external_task_marker_dag.py
[2023-04-10T14:45:09.457+0000] {logging_mixin.py:137} INFO - [2023-04-10T14:45:09.457+0000] {dag.py:2705} INFO - Sync 2 DAGs
[2023-04-10T14:45:09.496+0000] {logging_mixin.py:137} INFO - [2023-04-10T14:45:09.495+0000] {dag.py:3456} INFO - Setting next_dagrun for example_external_task_marker_child to None, run_after=None
[2023-04-10T14:45:09.501+0000] {logging_mixin.py:137} INFO - [2023-04-10T14:45:09.501+0000] {dag.py:3456} INFO - Setting next_dagrun for example_external_task_marker_parent to None, run_after=None
[2023-04-10T14:45:09.519+0000] {processor.py:175} INFO - Processing /home/airflow/.local/lib/python3.7/site-packages/airflow/example_dags/example_external_task_marker_dag.py took 0.112 seconds
[2023-04-10T14:45:39.713+0000] {processor.py:153} INFO - Started process (PID=1930) to work on /home/airflow/.local/lib/python3.7/site-packages/airflow/example_dags/example_external_task_marker_dag.py
[2023-04-10T14:45:39.713+0000] {processor.py:743} INFO - Processing file /home/airflow/.local/lib/python3.7/site-packages/airflow/example_dags/example_external_task_marker_dag.py for tasks to queue
[2023-04-10T14:45:39.714+0000] {logging_mixin.py:137} INFO - [2023-04-10T14:45:39.714+0000] {dagbag.py:532} INFO - Filling up the DagBag from /home/airflow/.local/lib/python3.7/site-packages/airflow/example_dags/example_external_task_marker_dag.py
[2023-04-10T14:45:39.728+0000] {processor.py:753} INFO - DAG(s) dict_keys(['example_external_task_marker_parent', 'example_external_task_marker_child']) retrieved from /home/airflow/.local/lib/python3.7/site-packages/airflow/example_dags/example_external_task_marker_dag.py
[2023-04-10T14:45:39.757+0000] {logging_mixin.py:137} INFO - [2023-04-10T14:45:39.757+0000] {dag.py:2705} INFO - Sync 2 DAGs
[2023-04-10T14:45:39.794+0000] {logging_mixin.py:137} INFO - [2023-04-10T14:45:39.794+0000] {dag.py:3456} INFO - Setting next_dagrun for example_external_task_marker_child to None, run_after=None
[2023-04-10T14:45:39.798+0000] {logging_mixin.py:137} INFO - [2023-04-10T14:45:39.798+0000] {dag.py:3456} INFO - Setting next_dagrun for example_external_task_marker_parent to None, run_after=None
[2023-04-10T14:45:39.815+0000] {processor.py:175} INFO - Processing /home/airflow/.local/lib/python3.7/site-packages/airflow/example_dags/example_external_task_marker_dag.py took 0.105 seconds
[2023-04-10T14:46:10.617+0000] {processor.py:153} INFO - Started process (PID=2153) to work on /home/airflow/.local/lib/python3.7/site-packages/airflow/example_dags/example_external_task_marker_dag.py
[2023-04-10T14:46:10.618+0000] {processor.py:743} INFO - Processing file /home/airflow/.local/lib/python3.7/site-packages/airflow/example_dags/example_external_task_marker_dag.py for tasks to queue
[2023-04-10T14:46:10.619+0000] {logging_mixin.py:137} INFO - [2023-04-10T14:46:10.618+0000] {dagbag.py:532} INFO - Filling up the DagBag from /home/airflow/.local/lib/python3.7/site-packages/airflow/example_dags/example_external_task_marker_dag.py
[2023-04-10T14:46:10.630+0000] {processor.py:753} INFO - DAG(s) dict_keys(['example_external_task_marker_child', 'example_external_task_marker_parent']) retrieved from /home/airflow/.local/lib/python3.7/site-packages/airflow/example_dags/example_external_task_marker_dag.py
[2023-04-10T14:46:10.655+0000] {logging_mixin.py:137} INFO - [2023-04-10T14:46:10.655+0000] {dag.py:2705} INFO - Sync 2 DAGs
[2023-04-10T14:46:10.688+0000] {logging_mixin.py:137} INFO - [2023-04-10T14:46:10.688+0000] {dag.py:3456} INFO - Setting next_dagrun for example_external_task_marker_child to None, run_after=None
[2023-04-10T14:46:10.692+0000] {logging_mixin.py:137} INFO - [2023-04-10T14:46:10.692+0000] {dag.py:3456} INFO - Setting next_dagrun for example_external_task_marker_parent to None, run_after=None
[2023-04-10T14:46:10.707+0000] {processor.py:175} INFO - Processing /home/airflow/.local/lib/python3.7/site-packages/airflow/example_dags/example_external_task_marker_dag.py took 0.093 seconds
[2023-04-10T14:46:40.799+0000] {processor.py:153} INFO - Started process (PID=2376) to work on /home/airflow/.local/lib/python3.7/site-packages/airflow/example_dags/example_external_task_marker_dag.py
[2023-04-10T14:46:40.799+0000] {processor.py:743} INFO - Processing file /home/airflow/.local/lib/python3.7/site-packages/airflow/example_dags/example_external_task_marker_dag.py for tasks to queue
[2023-04-10T14:46:40.800+0000] {logging_mixin.py:137} INFO - [2023-04-10T14:46:40.800+0000] {dagbag.py:532} INFO - Filling up the DagBag from /home/airflow/.local/lib/python3.7/site-packages/airflow/example_dags/example_external_task_marker_dag.py
[2023-04-10T14:46:40.812+0000] {processor.py:753} INFO - DAG(s) dict_keys(['example_external_task_marker_child', 'example_external_task_marker_parent']) retrieved from /home/airflow/.local/lib/python3.7/site-packages/airflow/example_dags/example_external_task_marker_dag.py
[2023-04-10T14:46:40.836+0000] {logging_mixin.py:137} INFO - [2023-04-10T14:46:40.836+0000] {dag.py:2705} INFO - Sync 2 DAGs
[2023-04-10T14:46:40.869+0000] {logging_mixin.py:137} INFO - [2023-04-10T14:46:40.869+0000] {dag.py:3456} INFO - Setting next_dagrun for example_external_task_marker_child to None, run_after=None
[2023-04-10T14:46:40.873+0000] {logging_mixin.py:137} INFO - [2023-04-10T14:46:40.873+0000] {dag.py:3456} INFO - Setting next_dagrun for example_external_task_marker_parent to None, run_after=None
[2023-04-10T14:46:40.888+0000] {processor.py:175} INFO - Processing /home/airflow/.local/lib/python3.7/site-packages/airflow/example_dags/example_external_task_marker_dag.py took 0.092 seconds
[2023-04-10T14:47:12.189+0000] {processor.py:153} INFO - Started process (PID=2612) to work on /home/airflow/.local/lib/python3.7/site-packages/airflow/example_dags/example_external_task_marker_dag.py
[2023-04-10T14:47:12.190+0000] {processor.py:743} INFO - Processing file /home/airflow/.local/lib/python3.7/site-packages/airflow/example_dags/example_external_task_marker_dag.py for tasks to queue
[2023-04-10T14:47:12.191+0000] {logging_mixin.py:137} INFO - [2023-04-10T14:47:12.191+0000] {dagbag.py:532} INFO - Filling up the DagBag from /home/airflow/.local/lib/python3.7/site-packages/airflow/example_dags/example_external_task_marker_dag.py
[2023-04-10T14:47:12.209+0000] {processor.py:753} INFO - DAG(s) dict_keys(['example_external_task_marker_child', 'example_external_task_marker_parent']) retrieved from /home/airflow/.local/lib/python3.7/site-packages/airflow/example_dags/example_external_task_marker_dag.py
[2023-04-10T14:47:12.302+0000] {logging_mixin.py:137} INFO - [2023-04-10T14:47:12.302+0000] {dag.py:2705} INFO - Sync 2 DAGs
[2023-04-10T14:47:12.380+0000] {logging_mixin.py:137} INFO - [2023-04-10T14:47:12.380+0000] {dag.py:3456} INFO - Setting next_dagrun for example_external_task_marker_child to None, run_after=None
[2023-04-10T14:47:12.386+0000] {logging_mixin.py:137} INFO - [2023-04-10T14:47:12.386+0000] {dag.py:3456} INFO - Setting next_dagrun for example_external_task_marker_parent to None, run_after=None
[2023-04-10T14:47:12.430+0000] {processor.py:175} INFO - Processing /home/airflow/.local/lib/python3.7/site-packages/airflow/example_dags/example_external_task_marker_dag.py took 0.243 seconds
[2023-04-10T14:47:42.525+0000] {processor.py:153} INFO - Started process (PID=2846) to work on /home/airflow/.local/lib/python3.7/site-packages/airflow/example_dags/example_external_task_marker_dag.py
[2023-04-10T14:47:42.526+0000] {processor.py:743} INFO - Processing file /home/airflow/.local/lib/python3.7/site-packages/airflow/example_dags/example_external_task_marker_dag.py for tasks to queue
[2023-04-10T14:47:42.526+0000] {logging_mixin.py:137} INFO - [2023-04-10T14:47:42.526+0000] {dagbag.py:532} INFO - Filling up the DagBag from /home/airflow/.local/lib/python3.7/site-packages/airflow/example_dags/example_external_task_marker_dag.py
[2023-04-10T14:47:42.538+0000] {processor.py:753} INFO - DAG(s) dict_keys(['example_external_task_marker_parent', 'example_external_task_marker_child']) retrieved from /home/airflow/.local/lib/python3.7/site-packages/airflow/example_dags/example_external_task_marker_dag.py
[2023-04-10T14:47:42.563+0000] {logging_mixin.py:137} INFO - [2023-04-10T14:47:42.563+0000] {dag.py:2705} INFO - Sync 2 DAGs
[2023-04-10T14:47:42.594+0000] {logging_mixin.py:137} INFO - [2023-04-10T14:47:42.594+0000] {dag.py:3456} INFO - Setting next_dagrun for example_external_task_marker_child to None, run_after=None
[2023-04-10T14:47:42.598+0000] {logging_mixin.py:137} INFO - [2023-04-10T14:47:42.598+0000] {dag.py:3456} INFO - Setting next_dagrun for example_external_task_marker_parent to None, run_after=None
[2023-04-10T14:47:42.613+0000] {processor.py:175} INFO - Processing /home/airflow/.local/lib/python3.7/site-packages/airflow/example_dags/example_external_task_marker_dag.py took 0.091 seconds
