[2023-04-10T14:33:07.887+0000] {processor.py:153} INFO - Started process (PID=266) to work on /home/airflow/.local/lib/python3.7/site-packages/airflow/example_dags/tutorial_dag.py
[2023-04-10T14:33:07.887+0000] {processor.py:743} INFO - Processing file /home/airflow/.local/lib/python3.7/site-packages/airflow/example_dags/tutorial_dag.py for tasks to queue
[2023-04-10T14:33:07.888+0000] {logging_mixin.py:137} INFO - [2023-04-10T14:33:07.888+0000] {dagbag.py:532} INFO - Filling up the DagBag from /home/airflow/.local/lib/python3.7/site-packages/airflow/example_dags/tutorial_dag.py
[2023-04-10T14:33:07.908+0000] {processor.py:753} INFO - DAG(s) dict_keys(['tutorial_dag']) retrieved from /home/airflow/.local/lib/python3.7/site-packages/airflow/example_dags/tutorial_dag.py
[2023-04-10T14:33:07.976+0000] {logging_mixin.py:137} INFO - [2023-04-10T14:33:07.975+0000] {dag.py:2705} INFO - Sync 1 DAGs
[2023-04-10T14:33:08.055+0000] {logging_mixin.py:137} INFO - [2023-04-10T14:33:08.055+0000] {dag.py:3456} INFO - Setting next_dagrun for tutorial_dag to None, run_after=None
[2023-04-10T14:33:08.119+0000] {processor.py:175} INFO - Processing /home/airflow/.local/lib/python3.7/site-packages/airflow/example_dags/tutorial_dag.py took 0.235 seconds
[2023-04-10T14:33:38.147+0000] {processor.py:153} INFO - Started process (PID=516) to work on /home/airflow/.local/lib/python3.7/site-packages/airflow/example_dags/tutorial_dag.py
[2023-04-10T14:33:38.147+0000] {processor.py:743} INFO - Processing file /home/airflow/.local/lib/python3.7/site-packages/airflow/example_dags/tutorial_dag.py for tasks to queue
[2023-04-10T14:33:38.148+0000] {logging_mixin.py:137} INFO - [2023-04-10T14:33:38.148+0000] {dagbag.py:532} INFO - Filling up the DagBag from /home/airflow/.local/lib/python3.7/site-packages/airflow/example_dags/tutorial_dag.py
[2023-04-10T14:33:38.158+0000] {processor.py:753} INFO - DAG(s) dict_keys(['tutorial_dag']) retrieved from /home/airflow/.local/lib/python3.7/site-packages/airflow/example_dags/tutorial_dag.py
[2023-04-10T14:33:38.178+0000] {logging_mixin.py:137} INFO - [2023-04-10T14:33:38.178+0000] {dag.py:2705} INFO - Sync 1 DAGs
[2023-04-10T14:33:38.209+0000] {logging_mixin.py:137} INFO - [2023-04-10T14:33:38.209+0000] {dag.py:3456} INFO - Setting next_dagrun for tutorial_dag to None, run_after=None
[2023-04-10T14:33:38.224+0000] {processor.py:175} INFO - Processing /home/airflow/.local/lib/python3.7/site-packages/airflow/example_dags/tutorial_dag.py took 0.079 seconds
[2023-04-10T14:34:08.703+0000] {processor.py:153} INFO - Started process (PID=739) to work on /home/airflow/.local/lib/python3.7/site-packages/airflow/example_dags/tutorial_dag.py
[2023-04-10T14:34:08.703+0000] {processor.py:743} INFO - Processing file /home/airflow/.local/lib/python3.7/site-packages/airflow/example_dags/tutorial_dag.py for tasks to queue
[2023-04-10T14:34:08.704+0000] {logging_mixin.py:137} INFO - [2023-04-10T14:34:08.704+0000] {dagbag.py:532} INFO - Filling up the DagBag from /home/airflow/.local/lib/python3.7/site-packages/airflow/example_dags/tutorial_dag.py
[2023-04-10T14:34:08.714+0000] {processor.py:753} INFO - DAG(s) dict_keys(['tutorial_dag']) retrieved from /home/airflow/.local/lib/python3.7/site-packages/airflow/example_dags/tutorial_dag.py
[2023-04-10T14:34:08.737+0000] {logging_mixin.py:137} INFO - [2023-04-10T14:34:08.737+0000] {dag.py:2705} INFO - Sync 1 DAGs
[2023-04-10T14:34:08.768+0000] {logging_mixin.py:137} INFO - [2023-04-10T14:34:08.767+0000] {dag.py:3456} INFO - Setting next_dagrun for tutorial_dag to None, run_after=None
[2023-04-10T14:34:08.782+0000] {processor.py:175} INFO - Processing /home/airflow/.local/lib/python3.7/site-packages/airflow/example_dags/tutorial_dag.py took 0.082 seconds
[2023-04-10T14:34:39.446+0000] {processor.py:153} INFO - Started process (PID=963) to work on /home/airflow/.local/lib/python3.7/site-packages/airflow/example_dags/tutorial_dag.py
[2023-04-10T14:34:39.446+0000] {processor.py:743} INFO - Processing file /home/airflow/.local/lib/python3.7/site-packages/airflow/example_dags/tutorial_dag.py for tasks to queue
[2023-04-10T14:34:39.447+0000] {logging_mixin.py:137} INFO - [2023-04-10T14:34:39.447+0000] {dagbag.py:532} INFO - Filling up the DagBag from /home/airflow/.local/lib/python3.7/site-packages/airflow/example_dags/tutorial_dag.py
[2023-04-10T14:34:39.458+0000] {processor.py:753} INFO - DAG(s) dict_keys(['tutorial_dag']) retrieved from /home/airflow/.local/lib/python3.7/site-packages/airflow/example_dags/tutorial_dag.py
[2023-04-10T14:34:39.481+0000] {logging_mixin.py:137} INFO - [2023-04-10T14:34:39.481+0000] {dag.py:2705} INFO - Sync 1 DAGs
[2023-04-10T14:34:39.515+0000] {logging_mixin.py:137} INFO - [2023-04-10T14:34:39.515+0000] {dag.py:3456} INFO - Setting next_dagrun for tutorial_dag to None, run_after=None
[2023-04-10T14:34:39.532+0000] {processor.py:175} INFO - Processing /home/airflow/.local/lib/python3.7/site-packages/airflow/example_dags/tutorial_dag.py took 0.089 seconds
[2023-04-10T14:35:10.288+0000] {processor.py:153} INFO - Started process (PID=1186) to work on /home/airflow/.local/lib/python3.7/site-packages/airflow/example_dags/tutorial_dag.py
[2023-04-10T14:35:10.289+0000] {processor.py:743} INFO - Processing file /home/airflow/.local/lib/python3.7/site-packages/airflow/example_dags/tutorial_dag.py for tasks to queue
[2023-04-10T14:35:10.289+0000] {logging_mixin.py:137} INFO - [2023-04-10T14:35:10.289+0000] {dagbag.py:532} INFO - Filling up the DagBag from /home/airflow/.local/lib/python3.7/site-packages/airflow/example_dags/tutorial_dag.py
[2023-04-10T14:35:10.302+0000] {processor.py:753} INFO - DAG(s) dict_keys(['tutorial_dag']) retrieved from /home/airflow/.local/lib/python3.7/site-packages/airflow/example_dags/tutorial_dag.py
[2023-04-10T14:35:10.329+0000] {logging_mixin.py:137} INFO - [2023-04-10T14:35:10.329+0000] {dag.py:2705} INFO - Sync 1 DAGs
[2023-04-10T14:35:10.366+0000] {logging_mixin.py:137} INFO - [2023-04-10T14:35:10.365+0000] {dag.py:3456} INFO - Setting next_dagrun for tutorial_dag to None, run_after=None
[2023-04-10T14:35:10.391+0000] {processor.py:175} INFO - Processing /home/airflow/.local/lib/python3.7/site-packages/airflow/example_dags/tutorial_dag.py took 0.106 seconds
[2023-04-10T14:35:40.999+0000] {processor.py:153} INFO - Started process (PID=1409) to work on /home/airflow/.local/lib/python3.7/site-packages/airflow/example_dags/tutorial_dag.py
[2023-04-10T14:35:40.999+0000] {processor.py:743} INFO - Processing file /home/airflow/.local/lib/python3.7/site-packages/airflow/example_dags/tutorial_dag.py for tasks to queue
[2023-04-10T14:35:41.000+0000] {logging_mixin.py:137} INFO - [2023-04-10T14:35:41.000+0000] {dagbag.py:532} INFO - Filling up the DagBag from /home/airflow/.local/lib/python3.7/site-packages/airflow/example_dags/tutorial_dag.py
[2023-04-10T14:35:41.010+0000] {processor.py:753} INFO - DAG(s) dict_keys(['tutorial_dag']) retrieved from /home/airflow/.local/lib/python3.7/site-packages/airflow/example_dags/tutorial_dag.py
[2023-04-10T14:35:41.033+0000] {logging_mixin.py:137} INFO - [2023-04-10T14:35:41.033+0000] {dag.py:2705} INFO - Sync 1 DAGs
[2023-04-10T14:35:41.064+0000] {logging_mixin.py:137} INFO - [2023-04-10T14:35:41.064+0000] {dag.py:3456} INFO - Setting next_dagrun for tutorial_dag to None, run_after=None
[2023-04-10T14:35:41.080+0000] {processor.py:175} INFO - Processing /home/airflow/.local/lib/python3.7/site-packages/airflow/example_dags/tutorial_dag.py took 0.084 seconds
