[2023-04-06T14:06:35.866+0000] {taskinstance.py:1090} INFO - Dependencies all met for dep_context=non-requeueable deps ti=<TaskInstance: dag_with_taskflow_api_v02.greet scheduled__2023-03-17T00:00:00+00:00 [queued]>
[2023-04-06T14:06:35.945+0000] {taskinstance.py:1090} INFO - Dependencies all met for dep_context=requeueable deps ti=<TaskInstance: dag_with_taskflow_api_v02.greet scheduled__2023-03-17T00:00:00+00:00 [queued]>
[2023-04-06T14:06:35.946+0000] {taskinstance.py:1288} INFO - 
--------------------------------------------------------------------------------
[2023-04-06T14:06:35.946+0000] {taskinstance.py:1289} INFO - Starting attempt 1 of 6
[2023-04-06T14:06:35.946+0000] {taskinstance.py:1290} INFO - 
--------------------------------------------------------------------------------
[2023-04-06T14:06:36.091+0000] {taskinstance.py:1309} INFO - Executing <Task(_PythonDecoratedOperator): greet> on 2023-03-17 00:00:00+00:00
[2023-04-06T14:06:36.132+0000] {standard_task_runner.py:55} INFO - Started process 15018 to run task
[2023-04-06T14:06:36.142+0000] {standard_task_runner.py:82} INFO - Running: ['***', 'tasks', 'run', 'dag_with_taskflow_api_v02', 'greet', 'scheduled__2023-03-17T00:00:00+00:00', '--job-id', '6588', '--raw', '--subdir', 'DAGS_FOLDER/dag_with_task_api.py', '--cfg-path', '/tmp/tmpzgpwrg3k']
[2023-04-06T14:06:36.150+0000] {standard_task_runner.py:83} INFO - Job 6588: Subtask greet
[2023-04-06T14:06:36.420+0000] {task_command.py:389} INFO - Running <TaskInstance: dag_with_taskflow_api_v02.greet scheduled__2023-03-17T00:00:00+00:00 [running]> on host f91656cee95b
[2023-04-06T14:06:36.962+0000] {taskinstance.py:1518} INFO - Exporting the following env vars:
AIRFLOW_CTX_DAG_OWNER=dejan
AIRFLOW_CTX_DAG_ID=dag_with_taskflow_api_v02
AIRFLOW_CTX_TASK_ID=greet
AIRFLOW_CTX_EXECUTION_DATE=2023-03-17T00:00:00+00:00
AIRFLOW_CTX_TRY_NUMBER=1
AIRFLOW_CTX_DAG_RUN_ID=scheduled__2023-03-17T00:00:00+00:00
[2023-04-06T14:06:36.964+0000] {logging_mixin.py:137} INFO - Hello World! My name is Dejan Zivanov and I am 19 years old.
[2023-04-06T14:06:36.964+0000] {python.py:177} INFO - Done. Returned value was: None
[2023-04-06T14:06:36.999+0000] {taskinstance.py:1332} INFO - Marking task as SUCCESS. dag_id=dag_with_taskflow_api_v02, task_id=greet, execution_date=20230317T000000, start_date=20230406T140635, end_date=20230406T140636
[2023-04-06T14:06:37.053+0000] {local_task_job.py:212} INFO - Task exited with return code 0
[2023-04-06T14:06:37.164+0000] {taskinstance.py:2596} INFO - 0 downstream tasks scheduled from follow-on schedule check
