[2023-04-06T14:02:25.498+0000] {taskinstance.py:1090} INFO - Dependencies all met for dep_context=non-requeueable deps ti=<TaskInstance: dag_with_taskflow_api_v02.greet scheduled__2022-09-22T00:00:00+00:00 [queued]>
[2023-04-06T14:02:25.526+0000] {taskinstance.py:1090} INFO - Dependencies all met for dep_context=requeueable deps ti=<TaskInstance: dag_with_taskflow_api_v02.greet scheduled__2022-09-22T00:00:00+00:00 [queued]>
[2023-04-06T14:02:25.527+0000] {taskinstance.py:1288} INFO - 
--------------------------------------------------------------------------------
[2023-04-06T14:02:25.539+0000] {taskinstance.py:1289} INFO - Starting attempt 1 of 6
[2023-04-06T14:02:25.539+0000] {taskinstance.py:1290} INFO - 
--------------------------------------------------------------------------------
[2023-04-06T14:02:26.541+0000] {taskinstance.py:1309} INFO - Executing <Task(_PythonDecoratedOperator): greet> on 2022-09-22 00:00:00+00:00
[2023-04-06T14:02:26.566+0000] {standard_task_runner.py:82} INFO - Running: ['***', 'tasks', 'run', 'dag_with_taskflow_api_v02', 'greet', 'scheduled__2022-09-22T00:00:00+00:00', '--job-id', '6060', '--raw', '--subdir', 'DAGS_FOLDER/dag_with_task_api.py', '--cfg-path', '/tmp/tmpstkgtj2z']
[2023-04-06T14:02:26.568+0000] {standard_task_runner.py:83} INFO - Job 6060: Subtask greet
[2023-04-06T14:02:26.595+0000] {standard_task_runner.py:55} INFO - Started process 11611 to run task
[2023-04-06T14:02:26.932+0000] {task_command.py:389} INFO - Running <TaskInstance: dag_with_taskflow_api_v02.greet scheduled__2022-09-22T00:00:00+00:00 [running]> on host f91656cee95b
[2023-04-06T14:02:27.723+0000] {taskinstance.py:1518} INFO - Exporting the following env vars:
AIRFLOW_CTX_DAG_OWNER=dejan
AIRFLOW_CTX_DAG_ID=dag_with_taskflow_api_v02
AIRFLOW_CTX_TASK_ID=greet
AIRFLOW_CTX_EXECUTION_DATE=2022-09-22T00:00:00+00:00
AIRFLOW_CTX_TRY_NUMBER=1
AIRFLOW_CTX_DAG_RUN_ID=scheduled__2022-09-22T00:00:00+00:00
[2023-04-06T14:02:27.725+0000] {logging_mixin.py:137} INFO - Hello World! My name is Dejan Zivanov and I am 19 years old.
[2023-04-06T14:02:27.725+0000] {python.py:177} INFO - Done. Returned value was: None
[2023-04-06T14:02:27.798+0000] {taskinstance.py:1332} INFO - Marking task as SUCCESS. dag_id=dag_with_taskflow_api_v02, task_id=greet, execution_date=20220922T000000, start_date=20230406T140225, end_date=20230406T140227
[2023-04-06T14:02:28.444+0000] {local_task_job.py:212} INFO - Task exited with return code 0
[2023-04-06T14:02:28.606+0000] {taskinstance.py:2596} INFO - 0 downstream tasks scheduled from follow-on schedule check
