[2023-04-06T13:47:20.733+0000] {taskinstance.py:1090} INFO - Dependencies all met for dep_context=non-requeueable deps ti=<TaskInstance: create_dag_with_python_operator_v06.greet scheduled__2022-06-17T00:00:00+00:00 [queued]>
[2023-04-06T13:47:20.752+0000] {taskinstance.py:1090} INFO - Dependencies all met for dep_context=requeueable deps ti=<TaskInstance: create_dag_with_python_operator_v06.greet scheduled__2022-06-17T00:00:00+00:00 [queued]>
[2023-04-06T13:47:20.752+0000] {taskinstance.py:1288} INFO - 
--------------------------------------------------------------------------------
[2023-04-06T13:47:20.752+0000] {taskinstance.py:1289} INFO - Starting attempt 1 of 6
[2023-04-06T13:47:20.753+0000] {taskinstance.py:1290} INFO - 
--------------------------------------------------------------------------------
[2023-04-06T13:47:20.774+0000] {taskinstance.py:1309} INFO - Executing <Task(PythonOperator): greet> on 2022-06-17 00:00:00+00:00
[2023-04-06T13:47:20.781+0000] {standard_task_runner.py:55} INFO - Started process 751 to run task
[2023-04-06T13:47:20.788+0000] {standard_task_runner.py:82} INFO - Running: ['***', 'tasks', 'run', 'create_dag_with_python_operator_v06', 'greet', 'scheduled__2022-06-17T00:00:00+00:00', '--job-id', '4731', '--raw', '--subdir', 'DAGS_FOLDER/create_dag_with_python_operator.py', '--cfg-path', '/tmp/tmp_nsxbflu']
[2023-04-06T13:47:20.789+0000] {standard_task_runner.py:83} INFO - Job 4731: Subtask greet
[2023-04-06T13:47:20.937+0000] {task_command.py:389} INFO - Running <TaskInstance: create_dag_with_python_operator_v06.greet scheduled__2022-06-17T00:00:00+00:00 [running]> on host f91656cee95b
[2023-04-06T13:47:21.102+0000] {taskinstance.py:1518} INFO - Exporting the following env vars:
AIRFLOW_CTX_DAG_OWNER=dejan
AIRFLOW_CTX_DAG_ID=create_dag_with_python_operator_v06
AIRFLOW_CTX_TASK_ID=greet
AIRFLOW_CTX_EXECUTION_DATE=2022-06-17T00:00:00+00:00
AIRFLOW_CTX_TRY_NUMBER=1
AIRFLOW_CTX_DAG_RUN_ID=scheduled__2022-06-17T00:00:00+00:00
[2023-04-06T13:47:21.139+0000] {logging_mixin.py:137} INFO - Hello World! Myname is Dejan Zivanov,   and I am 31 years old.
[2023-04-06T13:47:21.139+0000] {python.py:177} INFO - Done. Returned value was: None
[2023-04-06T13:47:21.176+0000] {taskinstance.py:1332} INFO - Marking task as SUCCESS. dag_id=create_dag_with_python_operator_v06, task_id=greet, execution_date=20220617T000000, start_date=20230406T134720, end_date=20230406T134721
[2023-04-06T13:47:21.249+0000] {local_task_job.py:212} INFO - Task exited with return code 0
[2023-04-06T13:47:21.585+0000] {taskinstance.py:2596} INFO - 0 downstream tasks scheduled from follow-on schedule check
