[2023-04-05T12:48:20.595+0000] {taskinstance.py:1090} INFO - Dependencies all met for dep_context=non-requeueable deps ti=<TaskInstance: our_first_dag.first_task scheduled__2021-09-07T00:00:00+00:00 [queued]>
[2023-04-05T12:48:20.616+0000] {taskinstance.py:1090} INFO - Dependencies all met for dep_context=requeueable deps ti=<TaskInstance: our_first_dag.first_task scheduled__2021-09-07T00:00:00+00:00 [queued]>
[2023-04-05T12:48:20.616+0000] {taskinstance.py:1288} INFO - 
--------------------------------------------------------------------------------
[2023-04-05T12:48:20.616+0000] {taskinstance.py:1289} INFO - Starting attempt 1 of 6
[2023-04-05T12:48:20.616+0000] {taskinstance.py:1290} INFO - 
--------------------------------------------------------------------------------
[2023-04-05T12:48:20.668+0000] {taskinstance.py:1309} INFO - Executing <Task(BashOperator): first_task> on 2021-09-07 00:00:00+00:00
[2023-04-05T12:48:20.677+0000] {standard_task_runner.py:55} INFO - Started process 1112 to run task
[2023-04-05T12:48:20.681+0000] {standard_task_runner.py:82} INFO - Running: ['***', 'tasks', 'run', 'our_first_dag', 'first_task', 'scheduled__2021-09-07T00:00:00+00:00', '--job-id', '42', '--raw', '--subdir', 'DAGS_FOLDER/our_first_dag.py', '--cfg-path', '/tmp/tmpdy99aw1w']
[2023-04-05T12:48:20.682+0000] {standard_task_runner.py:83} INFO - Job 42: Subtask first_task
[2023-04-05T12:48:20.827+0000] {task_command.py:389} INFO - Running <TaskInstance: our_first_dag.first_task scheduled__2021-09-07T00:00:00+00:00 [running]> on host e3ca158aac6b
[2023-04-05T12:48:21.085+0000] {taskinstance.py:1518} INFO - Exporting the following env vars:
AIRFLOW_CTX_DAG_OWNER=dejan
AIRFLOW_CTX_DAG_ID=our_first_dag
AIRFLOW_CTX_TASK_ID=first_task
AIRFLOW_CTX_EXECUTION_DATE=2021-09-07T00:00:00+00:00
AIRFLOW_CTX_TRY_NUMBER=1
AIRFLOW_CTX_DAG_RUN_ID=scheduled__2021-09-07T00:00:00+00:00
[2023-04-05T12:48:21.101+0000] {subprocess.py:63} INFO - Tmp dir root location: 
 /tmp
[2023-04-05T12:48:21.102+0000] {subprocess.py:75} INFO - Running command: ['/bin/bash', '-c', 'echo Hello World, this is the first task']
[2023-04-05T12:48:21.121+0000] {subprocess.py:86} INFO - Output:
[2023-04-05T12:48:21.123+0000] {subprocess.py:93} INFO - Hello World, this is the first task
[2023-04-05T12:48:21.124+0000] {subprocess.py:97} INFO - Command exited with return code 0
[2023-04-05T12:48:21.198+0000] {taskinstance.py:1332} INFO - Marking task as SUCCESS. dag_id=our_first_dag, task_id=first_task, execution_date=20210907T000000, start_date=20230405T124820, end_date=20230405T124821
[2023-04-05T12:48:21.265+0000] {local_task_job.py:212} INFO - Task exited with return code 0
[2023-04-05T12:48:21.339+0000] {taskinstance.py:2596} INFO - 0 downstream tasks scheduled from follow-on schedule check
