[2023-04-06T13:48:32.206+0000] {taskinstance.py:1090} INFO - Dependencies all met for dep_context=non-requeueable deps ti=<TaskInstance: dag_with_taskflow_api_v01.greet scheduled__2021-11-03T00:00:00+00:00 [queued]>
[2023-04-06T13:48:32.234+0000] {taskinstance.py:1090} INFO - Dependencies all met for dep_context=requeueable deps ti=<TaskInstance: dag_with_taskflow_api_v01.greet scheduled__2021-11-03T00:00:00+00:00 [queued]>
[2023-04-06T13:48:32.235+0000] {taskinstance.py:1288} INFO - 
--------------------------------------------------------------------------------
[2023-04-06T13:48:32.235+0000] {taskinstance.py:1289} INFO - Starting attempt 1 of 6
[2023-04-06T13:48:32.235+0000] {taskinstance.py:1290} INFO - 
--------------------------------------------------------------------------------
[2023-04-06T13:48:32.307+0000] {taskinstance.py:1309} INFO - Executing <Task(_PythonDecoratedOperator): greet> on 2021-11-03 00:00:00+00:00
[2023-04-06T13:48:32.321+0000] {standard_task_runner.py:55} INFO - Started process 1615 to run task
[2023-04-06T13:48:32.329+0000] {standard_task_runner.py:82} INFO - Running: ['***', 'tasks', 'run', 'dag_with_taskflow_api_v01', 'greet', 'scheduled__2021-11-03T00:00:00+00:00', '--job-id', '4824', '--raw', '--subdir', 'DAGS_FOLDER/dag_with_task_api.py', '--cfg-path', '/tmp/tmpbn9mmvnf']
[2023-04-06T13:48:32.331+0000] {standard_task_runner.py:83} INFO - Job 4824: Subtask greet
[2023-04-06T13:48:32.698+0000] {task_command.py:389} INFO - Running <TaskInstance: dag_with_taskflow_api_v01.greet scheduled__2021-11-03T00:00:00+00:00 [running]> on host f91656cee95b
[2023-04-06T13:48:33.195+0000] {taskinstance.py:1518} INFO - Exporting the following env vars:
AIRFLOW_CTX_DAG_OWNER=dejan
AIRFLOW_CTX_DAG_ID=dag_with_taskflow_api_v01
AIRFLOW_CTX_TASK_ID=greet
AIRFLOW_CTX_EXECUTION_DATE=2021-11-03T00:00:00+00:00
AIRFLOW_CTX_TRY_NUMBER=1
AIRFLOW_CTX_DAG_RUN_ID=scheduled__2021-11-03T00:00:00+00:00
[2023-04-06T13:48:33.200+0000] {logging_mixin.py:137} INFO - Hello World! My name is Dejanand I am 19 years old.
[2023-04-06T13:48:33.200+0000] {python.py:177} INFO - Done. Returned value was: None
[2023-04-06T13:48:33.251+0000] {taskinstance.py:1332} INFO - Marking task as SUCCESS. dag_id=dag_with_taskflow_api_v01, task_id=greet, execution_date=20211103T000000, start_date=20230406T134832, end_date=20230406T134833
[2023-04-06T13:48:33.330+0000] {local_task_job.py:212} INFO - Task exited with return code 0
[2023-04-06T13:48:33.357+0000] {taskinstance.py:2596} INFO - 0 downstream tasks scheduled from follow-on schedule check
