[2023-04-06T16:40:44.819+0000] {taskinstance.py:1090} INFO - Dependencies all met for dep_context=non-requeueable deps ti=<TaskInstance: dag_with_catchup_and_backfill_v01.task1 scheduled__2021-11-12T00:00:00+00:00 [queued]>
[2023-04-06T16:40:44.829+0000] {taskinstance.py:1090} INFO - Dependencies all met for dep_context=requeueable deps ti=<TaskInstance: dag_with_catchup_and_backfill_v01.task1 scheduled__2021-11-12T00:00:00+00:00 [queued]>
[2023-04-06T16:40:44.830+0000] {taskinstance.py:1288} INFO - 
--------------------------------------------------------------------------------
[2023-04-06T16:40:44.830+0000] {taskinstance.py:1289} INFO - Starting attempt 1 of 1
[2023-04-06T16:40:44.830+0000] {taskinstance.py:1290} INFO - 
--------------------------------------------------------------------------------
[2023-04-06T16:40:44.849+0000] {taskinstance.py:1309} INFO - Executing <Task(BashOperator): task1> on 2021-11-12 00:00:00+00:00
[2023-04-06T16:40:44.853+0000] {standard_task_runner.py:55} INFO - Started process 232 to run task
[2023-04-06T16:40:44.855+0000] {standard_task_runner.py:82} INFO - Running: ['***', 'tasks', 'run', 'dag_with_catchup_and_backfill_v01', 'task1', 'scheduled__2021-11-12T00:00:00+00:00', '--job-id', '6641', '--raw', '--subdir', 'DAGS_FOLDER/dag_with_catchup_and_backfill.py', '--cfg-path', '/tmp/tmpycg6otle']
[2023-04-06T16:40:44.856+0000] {standard_task_runner.py:83} INFO - Job 6641: Subtask task1
[2023-04-06T16:40:44.915+0000] {task_command.py:389} INFO - Running <TaskInstance: dag_with_catchup_and_backfill_v01.task1 scheduled__2021-11-12T00:00:00+00:00 [running]> on host 8b7f5eb43087
[2023-04-06T16:40:45.011+0000] {taskinstance.py:1518} INFO - Exporting the following env vars:
AIRFLOW_CTX_DAG_OWNER=dejan
AIRFLOW_CTX_DAG_ID=dag_with_catchup_and_backfill_v01
AIRFLOW_CTX_TASK_ID=task1
AIRFLOW_CTX_EXECUTION_DATE=2021-11-12T00:00:00+00:00
AIRFLOW_CTX_TRY_NUMBER=1
AIRFLOW_CTX_DAG_RUN_ID=scheduled__2021-11-12T00:00:00+00:00
[2023-04-06T16:40:45.012+0000] {subprocess.py:63} INFO - Tmp dir root location: 
 /tmp
[2023-04-06T16:40:45.012+0000] {subprocess.py:75} INFO - Running command: ['/bin/bash', '-c', 'echo This is simple bash command!']
[2023-04-06T16:40:45.020+0000] {subprocess.py:86} INFO - Output:
[2023-04-06T16:40:45.021+0000] {subprocess.py:93} INFO - This is simple bash command!
[2023-04-06T16:40:45.022+0000] {subprocess.py:97} INFO - Command exited with return code 0
[2023-04-06T16:40:45.047+0000] {taskinstance.py:1332} INFO - Marking task as SUCCESS. dag_id=dag_with_catchup_and_backfill_v01, task_id=task1, execution_date=20211112T000000, start_date=20230406T164044, end_date=20230406T164045
[2023-04-06T16:40:45.074+0000] {local_task_job.py:212} INFO - Task exited with return code 0
[2023-04-06T16:40:45.097+0000] {taskinstance.py:2596} INFO - 0 downstream tasks scheduled from follow-on schedule check
