[2023-04-07T13:48:14.272+0000] {taskinstance.py:1090} INFO - Dependencies all met for dep_context=non-requeueable deps ti=<TaskInstance: dag_with_posgres_operator_v099.delete_data_from_table manual__2023-04-07T13:44:33.707330+00:00 [queued]>
[2023-04-07T13:48:14.283+0000] {taskinstance.py:1090} INFO - Dependencies all met for dep_context=requeueable deps ti=<TaskInstance: dag_with_posgres_operator_v099.delete_data_from_table manual__2023-04-07T13:44:33.707330+00:00 [queued]>
[2023-04-07T13:48:14.283+0000] {taskinstance.py:1288} INFO - 
--------------------------------------------------------------------------------
[2023-04-07T13:48:14.283+0000] {taskinstance.py:1289} INFO - Starting attempt 1 of 6
[2023-04-07T13:48:14.283+0000] {taskinstance.py:1290} INFO - 
--------------------------------------------------------------------------------
[2023-04-07T13:48:14.302+0000] {taskinstance.py:1309} INFO - Executing <Task(PostgresOperator): delete_data_from_table> on 2023-04-07 13:44:33.707330+00:00
[2023-04-07T13:48:14.305+0000] {standard_task_runner.py:55} INFO - Started process 1964 to run task
[2023-04-07T13:48:14.307+0000] {standard_task_runner.py:82} INFO - Running: ['***', 'tasks', 'run', 'dag_with_posgres_operator_v099', 'delete_data_from_table', 'manual__2023-04-07T13:44:33.707330+00:00', '--job-id', '6855', '--raw', '--subdir', 'DAGS_FOLDER/dag_with_postgres_operator.py', '--cfg-path', '/tmp/tmpo66xxpxa']
[2023-04-07T13:48:14.308+0000] {standard_task_runner.py:83} INFO - Job 6855: Subtask delete_data_from_table
[2023-04-07T13:48:14.363+0000] {task_command.py:389} INFO - Running <TaskInstance: dag_with_posgres_operator_v099.delete_data_from_table manual__2023-04-07T13:44:33.707330+00:00 [running]> on host ce9c8327347b
[2023-04-07T13:48:14.447+0000] {taskinstance.py:1518} INFO - Exporting the following env vars:
AIRFLOW_CTX_DAG_OWNER=dejan
AIRFLOW_CTX_DAG_ID=dag_with_posgres_operator_v099
AIRFLOW_CTX_TASK_ID=delete_data_from_table
AIRFLOW_CTX_EXECUTION_DATE=2023-04-07T13:44:33.707330+00:00
AIRFLOW_CTX_TRY_NUMBER=1
AIRFLOW_CTX_DAG_RUN_ID=manual__2023-04-07T13:44:33.707330+00:00
[2023-04-07T13:48:14.448+0000] {sql.py:254} INFO - Executing: 
            delete from dag_runs where dt= ('2023-04-07', 'dag_with_posgres_operator_v099')
        
[2023-04-07T13:48:14.454+0000] {base.py:73} INFO - Using connection ID 'postgres_localhost' for task execution.
[2023-04-07T13:48:14.784+0000] {base.py:73} INFO - Using connection ID 'postgres_localhost' for task execution.
[2023-04-07T13:48:14.786+0000] {sql.py:375} INFO - Running statement: 
            delete from dag_runs where dt= ('2023-04-07', 'dag_with_posgres_operator_v099')
        , parameters: None
[2023-04-07T13:48:14.787+0000] {taskinstance.py:1776} ERROR - Task failed with exception
Traceback (most recent call last):
  File "/home/airflow/.local/lib/python3.7/site-packages/airflow/providers/common/sql/operators/sql.py", line 266, in execute
    **extra_kwargs,
  File "/home/airflow/.local/lib/python3.7/site-packages/airflow/providers/common/sql/hooks/sql.py", line 349, in run
    self._run_command(cur, sql_statement, parameters)
  File "/home/airflow/.local/lib/python3.7/site-packages/airflow/providers/common/sql/hooks/sql.py", line 380, in _run_command
    cur.execute(sql_statement)
psycopg2.errors.UndefinedFunction: operator does not exist: date = record
LINE 2:             delete from dag_runs where dt= ('2023-04-07', 'd...
                                                 ^
HINT:  No operator matches the given name and argument types. You might need to add explicit type casts.

[2023-04-07T13:48:14.794+0000] {taskinstance.py:1332} INFO - Marking task as UP_FOR_RETRY. dag_id=dag_with_posgres_operator_v099, task_id=delete_data_from_table, execution_date=20230407T134433, start_date=20230407T134814, end_date=20230407T134814
[2023-04-07T13:48:14.805+0000] {standard_task_runner.py:105} ERROR - Failed to execute job 6855 for task delete_data_from_table (operator does not exist: date = record
LINE 2:             delete from dag_runs where dt= ('2023-04-07', 'd...
                                                 ^
HINT:  No operator matches the given name and argument types. You might need to add explicit type casts.
; 1964)
[2023-04-07T13:48:14.846+0000] {local_task_job.py:212} INFO - Task exited with return code 1
[2023-04-07T13:48:14.865+0000] {taskinstance.py:2596} INFO - 0 downstream tasks scheduled from follow-on schedule check
