[2023-04-05T12:48:57.902+0000] {taskinstance.py:1090} INFO - Dependencies all met for dep_context=non-requeueable deps ti=<TaskInstance: our_first_dag.first_task scheduled__2021-11-23T00:00:00+00:00 [queued]>
[2023-04-05T12:48:57.920+0000] {taskinstance.py:1090} INFO - Dependencies all met for dep_context=requeueable deps ti=<TaskInstance: our_first_dag.first_task scheduled__2021-11-23T00:00:00+00:00 [queued]>
[2023-04-05T12:48:57.920+0000] {taskinstance.py:1288} INFO - 
--------------------------------------------------------------------------------
[2023-04-05T12:48:57.920+0000] {taskinstance.py:1289} INFO - Starting attempt 1 of 6
[2023-04-05T12:48:57.921+0000] {taskinstance.py:1290} INFO - 
--------------------------------------------------------------------------------
[2023-04-05T12:48:57.979+0000] {taskinstance.py:1309} INFO - Executing <Task(BashOperator): first_task> on 2021-11-23 00:00:00+00:00
[2023-04-05T12:48:57.985+0000] {standard_task_runner.py:55} INFO - Started process 1354 to run task
[2023-04-05T12:48:57.991+0000] {standard_task_runner.py:82} INFO - Running: ['***', 'tasks', 'run', 'our_first_dag', 'first_task', 'scheduled__2021-11-23T00:00:00+00:00', '--job-id', '119', '--raw', '--subdir', 'DAGS_FOLDER/our_first_dag.py', '--cfg-path', '/tmp/tmpny83q5iu']
[2023-04-05T12:48:57.993+0000] {standard_task_runner.py:83} INFO - Job 119: Subtask first_task
[2023-04-05T12:48:58.148+0000] {task_command.py:389} INFO - Running <TaskInstance: our_first_dag.first_task scheduled__2021-11-23T00:00:00+00:00 [running]> on host e3ca158aac6b
[2023-04-05T12:48:58.366+0000] {taskinstance.py:1518} INFO - Exporting the following env vars:
AIRFLOW_CTX_DAG_OWNER=dejan
AIRFLOW_CTX_DAG_ID=our_first_dag
AIRFLOW_CTX_TASK_ID=first_task
AIRFLOW_CTX_EXECUTION_DATE=2021-11-23T00:00:00+00:00
AIRFLOW_CTX_TRY_NUMBER=1
AIRFLOW_CTX_DAG_RUN_ID=scheduled__2021-11-23T00:00:00+00:00
[2023-04-05T12:48:58.367+0000] {subprocess.py:63} INFO - Tmp dir root location: 
 /tmp
[2023-04-05T12:48:58.368+0000] {subprocess.py:75} INFO - Running command: ['/bin/bash', '-c', 'echo Hello World, this is the first task']
[2023-04-05T12:48:58.383+0000] {subprocess.py:86} INFO - Output:
[2023-04-05T12:48:58.387+0000] {subprocess.py:93} INFO - Hello World, this is the first task
[2023-04-05T12:48:58.387+0000] {subprocess.py:97} INFO - Command exited with return code 0
[2023-04-05T12:48:58.435+0000] {taskinstance.py:1332} INFO - Marking task as SUCCESS. dag_id=our_first_dag, task_id=first_task, execution_date=20211123T000000, start_date=20230405T124857, end_date=20230405T124858
[2023-04-05T12:48:58.491+0000] {local_task_job.py:212} INFO - Task exited with return code 0
[2023-04-05T12:48:58.522+0000] {taskinstance.py:2596} INFO - 0 downstream tasks scheduled from follow-on schedule check
