[2023-04-07T15:09:12.701+0000] {taskinstance.py:1090} INFO - Dependencies all met for dep_context=non-requeueable deps ti=<TaskInstance: dag_with_python_dependancies_v02.get_sklearn manual__2023-04-07T15:09:11.428781+00:00 [queued]>
[2023-04-07T15:09:12.713+0000] {taskinstance.py:1090} INFO - Dependencies all met for dep_context=requeueable deps ti=<TaskInstance: dag_with_python_dependancies_v02.get_sklearn manual__2023-04-07T15:09:11.428781+00:00 [queued]>
[2023-04-07T15:09:12.713+0000] {taskinstance.py:1288} INFO - 
--------------------------------------------------------------------------------
[2023-04-07T15:09:12.713+0000] {taskinstance.py:1289} INFO - Starting attempt 1 of 1
[2023-04-07T15:09:12.713+0000] {taskinstance.py:1290} INFO - 
--------------------------------------------------------------------------------
[2023-04-07T15:09:12.740+0000] {taskinstance.py:1309} INFO - Executing <Task(PythonOperator): get_sklearn> on 2023-04-07 15:09:11.428781+00:00
[2023-04-07T15:09:12.746+0000] {standard_task_runner.py:55} INFO - Started process 1058 to run task
[2023-04-07T15:09:12.749+0000] {standard_task_runner.py:82} INFO - Running: ['***', 'tasks', 'run', 'dag_with_python_dependancies_v02', 'get_sklearn', 'manual__2023-04-07T15:09:11.428781+00:00', '--job-id', '6900', '--raw', '--subdir', 'DAGS_FOLDER/dag_with_python_dependancies.py', '--cfg-path', '/tmp/tmp7l2d7473']
[2023-04-07T15:09:12.751+0000] {standard_task_runner.py:83} INFO - Job 6900: Subtask get_sklearn
[2023-04-07T15:09:12.833+0000] {task_command.py:389} INFO - Running <TaskInstance: dag_with_python_dependancies_v02.get_sklearn manual__2023-04-07T15:09:11.428781+00:00 [running]> on host 8be76219b2ce
[2023-04-07T15:09:12.937+0000] {taskinstance.py:1518} INFO - Exporting the following env vars:
AIRFLOW_CTX_DAG_OWNER=dejan
AIRFLOW_CTX_DAG_ID=dag_with_python_dependancies_v02
AIRFLOW_CTX_TASK_ID=get_sklearn
AIRFLOW_CTX_EXECUTION_DATE=2023-04-07T15:09:11.428781+00:00
AIRFLOW_CTX_TRY_NUMBER=1
AIRFLOW_CTX_DAG_RUN_ID=manual__2023-04-07T15:09:11.428781+00:00
[2023-04-07T15:09:13.264+0000] {logging_mixin.py:137} INFO - scikit-learn with version: 0.24.2
[2023-04-07T15:09:13.265+0000] {python.py:177} INFO - Done. Returned value was: None
[2023-04-07T15:09:13.280+0000] {taskinstance.py:1332} INFO - Marking task as SUCCESS. dag_id=dag_with_python_dependancies_v02, task_id=get_sklearn, execution_date=20230407T150911, start_date=20230407T150912, end_date=20230407T150913
[2023-04-07T15:09:13.330+0000] {local_task_job.py:212} INFO - Task exited with return code 0
[2023-04-07T15:09:13.362+0000] {taskinstance.py:2596} INFO - 1 downstream tasks scheduled from follow-on schedule check
