[2023-04-05T13:01:20.773+0000] {taskinstance.py:1090} INFO - Dependencies all met for dep_context=non-requeueable deps ti=<TaskInstance: our_first_dag_v3.second_task manual__2023-04-05T13:01:18.645135+00:00 [queued]>
[2023-04-05T13:01:20.832+0000] {taskinstance.py:1090} INFO - Dependencies all met for dep_context=requeueable deps ti=<TaskInstance: our_first_dag_v3.second_task manual__2023-04-05T13:01:18.645135+00:00 [queued]>
[2023-04-05T13:01:20.832+0000] {taskinstance.py:1288} INFO - 
--------------------------------------------------------------------------------
[2023-04-05T13:01:20.832+0000] {taskinstance.py:1289} INFO - Starting attempt 1 of 6
[2023-04-05T13:01:20.832+0000] {taskinstance.py:1290} INFO - 
--------------------------------------------------------------------------------
[2023-04-05T13:01:20.891+0000] {taskinstance.py:1309} INFO - Executing <Task(BashOperator): second_task> on 2023-04-05 13:01:18.645135+00:00
[2023-04-05T13:01:20.909+0000] {standard_task_runner.py:55} INFO - Started process 5347 to run task
[2023-04-05T13:01:20.912+0000] {standard_task_runner.py:82} INFO - Running: ['***', 'tasks', 'run', 'our_first_dag_v3', 'second_task', 'manual__2023-04-05T13:01:18.645135+00:00', '--job-id', '1311', '--raw', '--subdir', 'DAGS_FOLDER/our_first_dag.py', '--cfg-path', '/tmp/tmpfq25odr3']
[2023-04-05T13:01:20.916+0000] {standard_task_runner.py:83} INFO - Job 1311: Subtask second_task
[2023-04-05T13:01:21.073+0000] {task_command.py:389} INFO - Running <TaskInstance: our_first_dag_v3.second_task manual__2023-04-05T13:01:18.645135+00:00 [running]> on host e3ca158aac6b
[2023-04-05T13:01:21.407+0000] {taskinstance.py:1518} INFO - Exporting the following env vars:
AIRFLOW_CTX_DAG_OWNER=dejan
AIRFLOW_CTX_DAG_ID=our_first_dag_v3
AIRFLOW_CTX_TASK_ID=second_task
AIRFLOW_CTX_EXECUTION_DATE=2023-04-05T13:01:18.645135+00:00
AIRFLOW_CTX_TRY_NUMBER=1
AIRFLOW_CTX_DAG_RUN_ID=manual__2023-04-05T13:01:18.645135+00:00
[2023-04-05T13:01:21.408+0000] {subprocess.py:63} INFO - Tmp dir root location: 
 /tmp
[2023-04-05T13:01:21.409+0000] {subprocess.py:75} INFO - Running command: ['/bin/bash', '-c', 'echo Hey I am task2 and will be running after task1']
[2023-04-05T13:01:21.476+0000] {subprocess.py:86} INFO - Output:
[2023-04-05T13:01:21.487+0000] {subprocess.py:93} INFO - Hey I am task2 and will be running after task1
[2023-04-05T13:01:21.489+0000] {subprocess.py:97} INFO - Command exited with return code 0
[2023-04-05T13:01:21.594+0000] {taskinstance.py:1332} INFO - Marking task as SUCCESS. dag_id=our_first_dag_v3, task_id=second_task, execution_date=20230405T130118, start_date=20230405T130120, end_date=20230405T130121
[2023-04-05T13:01:21.674+0000] {local_task_job.py:212} INFO - Task exited with return code 0
[2023-04-05T13:01:21.904+0000] {taskinstance.py:2596} INFO - 0 downstream tasks scheduled from follow-on schedule check
