[2023-04-10T15:36:21.092+0000] {taskinstance.py:1090} INFO - Dependencies all met for dep_context=non-requeueable deps ti=<TaskInstance: dag_with_postgress_hooks_v01.postgres_to_s3 scheduled__2023-04-07T00:00:00+00:00 [queued]>
[2023-04-10T15:36:21.129+0000] {taskinstance.py:1090} INFO - Dependencies all met for dep_context=requeueable deps ti=<TaskInstance: dag_with_postgress_hooks_v01.postgres_to_s3 scheduled__2023-04-07T00:00:00+00:00 [queued]>
[2023-04-10T15:36:21.130+0000] {taskinstance.py:1288} INFO - 
--------------------------------------------------------------------------------
[2023-04-10T15:36:21.130+0000] {taskinstance.py:1289} INFO - Starting attempt 2 of 6
[2023-04-10T15:36:21.130+0000] {taskinstance.py:1290} INFO - 
--------------------------------------------------------------------------------
[2023-04-10T15:36:21.245+0000] {taskinstance.py:1309} INFO - Executing <Task(PythonOperator): postgres_to_s3> on 2023-04-07 00:00:00+00:00
[2023-04-10T15:36:21.254+0000] {standard_task_runner.py:55} INFO - Started process 1512 to run task
[2023-04-10T15:36:21.265+0000] {standard_task_runner.py:82} INFO - Running: ['***', 'tasks', 'run', 'dag_with_postgress_hooks_v01', 'postgres_to_s3', 'scheduled__2023-04-07T00:00:00+00:00', '--job-id', '7075', '--raw', '--subdir', 'DAGS_FOLDER/dag_with_postgress_hooks.py', '--cfg-path', '/tmp/tmplzstgqep']
[2023-04-10T15:36:21.267+0000] {standard_task_runner.py:83} INFO - Job 7075: Subtask postgres_to_s3
[2023-04-10T15:36:21.392+0000] {task_command.py:389} INFO - Running <TaskInstance: dag_with_postgress_hooks_v01.postgres_to_s3 scheduled__2023-04-07T00:00:00+00:00 [running]> on host d034b084d02f
[2023-04-10T15:36:21.512+0000] {taskinstance.py:1518} INFO - Exporting the following env vars:
AIRFLOW_CTX_DAG_OWNER=dejan
AIRFLOW_CTX_DAG_ID=dag_with_postgress_hooks_v01
AIRFLOW_CTX_TASK_ID=postgres_to_s3
AIRFLOW_CTX_EXECUTION_DATE=2023-04-07T00:00:00+00:00
AIRFLOW_CTX_TRY_NUMBER=2
AIRFLOW_CTX_DAG_RUN_ID=scheduled__2023-04-07T00:00:00+00:00
[2023-04-10T15:36:21.522+0000] {base.py:73} INFO - Using connection ID 'postgres_localhost' for task execution.
[2023-04-10T15:36:21.527+0000] {dag_with_postgress_hooks.py:28} INFO - Saved orders data in text file get_orders.txt
[2023-04-10T15:36:21.527+0000] {python.py:177} INFO - Done. Returned value was: None
[2023-04-10T15:36:21.541+0000] {taskinstance.py:1332} INFO - Marking task as SUCCESS. dag_id=dag_with_postgress_hooks_v01, task_id=postgres_to_s3, execution_date=20230407T000000, start_date=20230410T153621, end_date=20230410T153621
[2023-04-10T15:36:21.559+0000] {local_task_job.py:212} INFO - Task exited with return code 0
[2023-04-10T15:36:21.580+0000] {taskinstance.py:2596} INFO - 0 downstream tasks scheduled from follow-on schedule check
