[2023-04-05T16:39:54.250+0000] {taskinstance.py:1090} INFO - Dependencies all met for dep_context=non-requeueable deps ti=<TaskInstance: create_dag_with_python_operator_v02.greet scheduled__2022-07-21T00:00:00+00:00 [queued]>
[2023-04-05T16:39:54.266+0000] {taskinstance.py:1090} INFO - Dependencies all met for dep_context=requeueable deps ti=<TaskInstance: create_dag_with_python_operator_v02.greet scheduled__2022-07-21T00:00:00+00:00 [queued]>
[2023-04-05T16:39:54.266+0000] {taskinstance.py:1288} INFO - 
--------------------------------------------------------------------------------
[2023-04-05T16:39:54.266+0000] {taskinstance.py:1289} INFO - Starting attempt 1 of 6
[2023-04-05T16:39:54.267+0000] {taskinstance.py:1290} INFO - 
--------------------------------------------------------------------------------
[2023-04-05T16:39:54.301+0000] {taskinstance.py:1309} INFO - Executing <Task(PythonOperator): greet> on 2022-07-21 00:00:00+00:00
[2023-04-05T16:39:54.307+0000] {standard_task_runner.py:55} INFO - Started process 1444 to run task
[2023-04-05T16:39:54.311+0000] {standard_task_runner.py:82} INFO - Running: ['***', 'tasks', 'run', 'create_dag_with_python_operator_v02', 'greet', 'scheduled__2022-07-21T00:00:00+00:00', '--job-id', '2643', '--raw', '--subdir', 'DAGS_FOLDER/create_dag_with_python_operator.py', '--cfg-path', '/tmp/tmpzc7ee_0n']
[2023-04-05T16:39:54.313+0000] {standard_task_runner.py:83} INFO - Job 2643: Subtask greet
[2023-04-05T16:39:54.427+0000] {task_command.py:389} INFO - Running <TaskInstance: create_dag_with_python_operator_v02.greet scheduled__2022-07-21T00:00:00+00:00 [running]> on host 5c67bb0a0ff3
[2023-04-05T16:39:54.586+0000] {taskinstance.py:1518} INFO - Exporting the following env vars:
AIRFLOW_CTX_DAG_OWNER=dejan
AIRFLOW_CTX_DAG_ID=create_dag_with_python_operator_v02
AIRFLOW_CTX_TASK_ID=greet
AIRFLOW_CTX_EXECUTION_DATE=2022-07-21T00:00:00+00:00
AIRFLOW_CTX_TRY_NUMBER=1
AIRFLOW_CTX_DAG_RUN_ID=scheduled__2022-07-21T00:00:00+00:00
[2023-04-05T16:39:54.587+0000] {logging_mixin.py:137} INFO - Hello World! Myname is Dejan,   and I am 30 years old.
[2023-04-05T16:39:54.587+0000] {python.py:177} INFO - Done. Returned value was: None
[2023-04-05T16:39:54.603+0000] {taskinstance.py:1332} INFO - Marking task as SUCCESS. dag_id=create_dag_with_python_operator_v02, task_id=greet, execution_date=20220721T000000, start_date=20230405T163954, end_date=20230405T163954
[2023-04-05T16:39:54.647+0000] {local_task_job.py:212} INFO - Task exited with return code 0
[2023-04-05T16:39:54.677+0000] {taskinstance.py:2596} INFO - 0 downstream tasks scheduled from follow-on schedule check
