[2023-04-06T13:30:27.816+0000] {taskinstance.py:1090} INFO - Dependencies all met for dep_context=non-requeueable deps ti=<TaskInstance: create_dag_with_python_operator_v06.greet scheduled__2022-01-21T00:00:00+00:00 [queued]>
[2023-04-06T13:30:27.832+0000] {taskinstance.py:1090} INFO - Dependencies all met for dep_context=requeueable deps ti=<TaskInstance: create_dag_with_python_operator_v06.greet scheduled__2022-01-21T00:00:00+00:00 [queued]>
[2023-04-06T13:30:27.832+0000] {taskinstance.py:1288} INFO - 
--------------------------------------------------------------------------------
[2023-04-06T13:30:27.833+0000] {taskinstance.py:1289} INFO - Starting attempt 1 of 6
[2023-04-06T13:30:27.833+0000] {taskinstance.py:1290} INFO - 
--------------------------------------------------------------------------------
[2023-04-06T13:30:27.931+0000] {taskinstance.py:1309} INFO - Executing <Task(PythonOperator): greet> on 2022-01-21 00:00:00+00:00
[2023-04-06T13:30:27.937+0000] {standard_task_runner.py:55} INFO - Started process 3908 to run task
[2023-04-06T13:30:27.941+0000] {standard_task_runner.py:82} INFO - Running: ['***', 'tasks', 'run', 'create_dag_with_python_operator_v06', 'greet', 'scheduled__2022-01-21T00:00:00+00:00', '--job-id', '4276', '--raw', '--subdir', 'DAGS_FOLDER/create_dag_with_python_operator.py', '--cfg-path', '/tmp/tmplewq04l9']
[2023-04-06T13:30:27.943+0000] {standard_task_runner.py:83} INFO - Job 4276: Subtask greet
[2023-04-06T13:30:28.073+0000] {task_command.py:389} INFO - Running <TaskInstance: create_dag_with_python_operator_v06.greet scheduled__2022-01-21T00:00:00+00:00 [running]> on host 971eab773426
[2023-04-06T13:30:28.218+0000] {taskinstance.py:1518} INFO - Exporting the following env vars:
AIRFLOW_CTX_DAG_OWNER=dejan
AIRFLOW_CTX_DAG_ID=create_dag_with_python_operator_v06
AIRFLOW_CTX_TASK_ID=greet
AIRFLOW_CTX_EXECUTION_DATE=2022-01-21T00:00:00+00:00
AIRFLOW_CTX_TRY_NUMBER=1
AIRFLOW_CTX_DAG_RUN_ID=scheduled__2022-01-21T00:00:00+00:00
[2023-04-06T13:30:28.260+0000] {logging_mixin.py:137} INFO - Hello World! Myname is Dejan Zivanov,   and I am 31 years old.
[2023-04-06T13:30:28.261+0000] {python.py:177} INFO - Done. Returned value was: None
[2023-04-06T13:30:28.274+0000] {taskinstance.py:1332} INFO - Marking task as SUCCESS. dag_id=create_dag_with_python_operator_v06, task_id=greet, execution_date=20220121T000000, start_date=20230406T133027, end_date=20230406T133028
[2023-04-06T13:30:28.299+0000] {local_task_job.py:212} INFO - Task exited with return code 0
[2023-04-06T13:30:28.326+0000] {taskinstance.py:2596} INFO - 0 downstream tasks scheduled from follow-on schedule check
