[2023-04-05T13:03:09.141+0000] {taskinstance.py:1090} INFO - Dependencies all met for dep_context=non-requeueable deps ti=<TaskInstance: our_first_dag_v3.third_task scheduled__2021-12-10T00:00:00+00:00 [queued]>
[2023-04-05T13:03:09.157+0000] {taskinstance.py:1090} INFO - Dependencies all met for dep_context=requeueable deps ti=<TaskInstance: our_first_dag_v3.third_task scheduled__2021-12-10T00:00:00+00:00 [queued]>
[2023-04-05T13:03:09.158+0000] {taskinstance.py:1288} INFO - 
--------------------------------------------------------------------------------
[2023-04-05T13:03:09.158+0000] {taskinstance.py:1289} INFO - Starting attempt 1 of 6
[2023-04-05T13:03:09.158+0000] {taskinstance.py:1290} INFO - 
--------------------------------------------------------------------------------
[2023-04-05T13:03:09.186+0000] {taskinstance.py:1309} INFO - Executing <Task(BashOperator): third_task> on 2021-12-10 00:00:00+00:00
[2023-04-05T13:03:09.193+0000] {standard_task_runner.py:55} INFO - Started process 6576 to run task
[2023-04-05T13:03:09.197+0000] {standard_task_runner.py:82} INFO - Running: ['***', 'tasks', 'run', 'our_first_dag_v3', 'third_task', 'scheduled__2021-12-10T00:00:00+00:00', '--job-id', '1706', '--raw', '--subdir', 'DAGS_FOLDER/our_first_dag.py', '--cfg-path', '/tmp/tmp1xolgdho']
[2023-04-05T13:03:09.199+0000] {standard_task_runner.py:83} INFO - Job 1706: Subtask third_task
[2023-04-05T13:03:09.340+0000] {task_command.py:389} INFO - Running <TaskInstance: our_first_dag_v3.third_task scheduled__2021-12-10T00:00:00+00:00 [running]> on host e3ca158aac6b
[2023-04-05T13:03:09.534+0000] {taskinstance.py:1518} INFO - Exporting the following env vars:
AIRFLOW_CTX_DAG_OWNER=dejan
AIRFLOW_CTX_DAG_ID=our_first_dag_v3
AIRFLOW_CTX_TASK_ID=third_task
AIRFLOW_CTX_EXECUTION_DATE=2021-12-10T00:00:00+00:00
AIRFLOW_CTX_TRY_NUMBER=1
AIRFLOW_CTX_DAG_RUN_ID=scheduled__2021-12-10T00:00:00+00:00
[2023-04-05T13:03:09.536+0000] {subprocess.py:63} INFO - Tmp dir root location: 
 /tmp
[2023-04-05T13:03:09.537+0000] {subprocess.py:75} INFO - Running command: ['/bin/bash', '-c', 'echo Hey I am task3 and will be running after task1 at the same time as task2']
[2023-04-05T13:03:09.560+0000] {subprocess.py:86} INFO - Output:
[2023-04-05T13:03:09.562+0000] {subprocess.py:93} INFO - Hey I am task3 and will be running after task1 at the same time as task2
[2023-04-05T13:03:09.566+0000] {subprocess.py:97} INFO - Command exited with return code 0
[2023-04-05T13:03:09.627+0000] {taskinstance.py:1332} INFO - Marking task as SUCCESS. dag_id=our_first_dag_v3, task_id=third_task, execution_date=20211210T000000, start_date=20230405T130309, end_date=20230405T130309
[2023-04-05T13:03:09.670+0000] {local_task_job.py:212} INFO - Task exited with return code 0
[2023-04-05T13:03:09.702+0000] {taskinstance.py:2596} INFO - 0 downstream tasks scheduled from follow-on schedule check
