[2023-04-06T14:03:10.934+0000] {taskinstance.py:1090} INFO - Dependencies all met for dep_context=non-requeueable deps ti=<TaskInstance: dag_with_taskflow_api_v02.get_name scheduled__2022-11-04T00:00:00+00:00 [queued]>
[2023-04-06T14:03:10.975+0000] {taskinstance.py:1090} INFO - Dependencies all met for dep_context=requeueable deps ti=<TaskInstance: dag_with_taskflow_api_v02.get_name scheduled__2022-11-04T00:00:00+00:00 [queued]>
[2023-04-06T14:03:10.975+0000] {taskinstance.py:1288} INFO - 
--------------------------------------------------------------------------------
[2023-04-06T14:03:10.975+0000] {taskinstance.py:1289} INFO - Starting attempt 1 of 6
[2023-04-06T14:03:10.975+0000] {taskinstance.py:1290} INFO - 
--------------------------------------------------------------------------------
[2023-04-06T14:03:11.043+0000] {taskinstance.py:1309} INFO - Executing <Task(_PythonDecoratedOperator): get_name> on 2022-11-04 00:00:00+00:00
[2023-04-06T14:03:11.056+0000] {standard_task_runner.py:55} INFO - Started process 12165 to run task
[2023-04-06T14:03:11.070+0000] {standard_task_runner.py:82} INFO - Running: ['***', 'tasks', 'run', 'dag_with_taskflow_api_v02', 'get_name', 'scheduled__2022-11-04T00:00:00+00:00', '--job-id', '6157', '--raw', '--subdir', 'DAGS_FOLDER/dag_with_task_api.py', '--cfg-path', '/tmp/tmpvsg2rbwc']
[2023-04-06T14:03:11.072+0000] {standard_task_runner.py:83} INFO - Job 6157: Subtask get_name
[2023-04-06T14:03:11.415+0000] {task_command.py:389} INFO - Running <TaskInstance: dag_with_taskflow_api_v02.get_name scheduled__2022-11-04T00:00:00+00:00 [running]> on host f91656cee95b
[2023-04-06T14:03:11.851+0000] {taskinstance.py:1518} INFO - Exporting the following env vars:
AIRFLOW_CTX_DAG_OWNER=dejan
AIRFLOW_CTX_DAG_ID=dag_with_taskflow_api_v02
AIRFLOW_CTX_TASK_ID=get_name
AIRFLOW_CTX_EXECUTION_DATE=2022-11-04T00:00:00+00:00
AIRFLOW_CTX_TRY_NUMBER=1
AIRFLOW_CTX_DAG_RUN_ID=scheduled__2022-11-04T00:00:00+00:00
[2023-04-06T14:03:11.855+0000] {python.py:177} INFO - Done. Returned value was: {'first_name': 'Dejan', 'last_name': 'Zivanov'}
[2023-04-06T14:03:12.056+0000] {taskinstance.py:1332} INFO - Marking task as SUCCESS. dag_id=dag_with_taskflow_api_v02, task_id=get_name, execution_date=20221104T000000, start_date=20230406T140310, end_date=20230406T140312
[2023-04-06T14:03:12.172+0000] {local_task_job.py:212} INFO - Task exited with return code 0
[2023-04-06T14:03:12.522+0000] {taskinstance.py:2596} INFO - 0 downstream tasks scheduled from follow-on schedule check
