[2023-04-06T13:58:41.521+0000] {taskinstance.py:1090} INFO - Dependencies all met for dep_context=non-requeueable deps ti=<TaskInstance: dag_with_taskflow_api_v02.greet scheduled__2022-04-27T00:00:00+00:00 [queued]>
[2023-04-06T13:58:41.583+0000] {taskinstance.py:1090} INFO - Dependencies all met for dep_context=requeueable deps ti=<TaskInstance: dag_with_taskflow_api_v02.greet scheduled__2022-04-27T00:00:00+00:00 [queued]>
[2023-04-06T13:58:41.584+0000] {taskinstance.py:1288} INFO - 
--------------------------------------------------------------------------------
[2023-04-06T13:58:41.586+0000] {taskinstance.py:1289} INFO - Starting attempt 1 of 6
[2023-04-06T13:58:41.587+0000] {taskinstance.py:1290} INFO - 
--------------------------------------------------------------------------------
[2023-04-06T13:58:41.654+0000] {taskinstance.py:1309} INFO - Executing <Task(_PythonDecoratedOperator): greet> on 2022-04-27 00:00:00+00:00
[2023-04-06T13:58:41.687+0000] {standard_task_runner.py:82} INFO - Running: ['***', 'tasks', 'run', 'dag_with_taskflow_api_v02', 'greet', 'scheduled__2022-04-27T00:00:00+00:00', '--job-id', '5606', '--raw', '--subdir', 'DAGS_FOLDER/dag_with_task_api.py', '--cfg-path', '/tmp/tmp313pd3te']
[2023-04-06T13:58:41.689+0000] {standard_task_runner.py:83} INFO - Job 5606: Subtask greet
[2023-04-06T13:58:41.684+0000] {standard_task_runner.py:55} INFO - Started process 8556 to run task
[2023-04-06T13:58:41.913+0000] {task_command.py:389} INFO - Running <TaskInstance: dag_with_taskflow_api_v02.greet scheduled__2022-04-27T00:00:00+00:00 [running]> on host f91656cee95b
[2023-04-06T13:58:42.212+0000] {taskinstance.py:1518} INFO - Exporting the following env vars:
AIRFLOW_CTX_DAG_OWNER=dejan
AIRFLOW_CTX_DAG_ID=dag_with_taskflow_api_v02
AIRFLOW_CTX_TASK_ID=greet
AIRFLOW_CTX_EXECUTION_DATE=2022-04-27T00:00:00+00:00
AIRFLOW_CTX_TRY_NUMBER=1
AIRFLOW_CTX_DAG_RUN_ID=scheduled__2022-04-27T00:00:00+00:00
[2023-04-06T13:58:42.214+0000] {logging_mixin.py:137} INFO - Hello World! My name is Dejan Zivanov and I am 19 years old.
[2023-04-06T13:58:42.214+0000] {python.py:177} INFO - Done. Returned value was: None
[2023-04-06T13:58:42.241+0000] {taskinstance.py:1332} INFO - Marking task as SUCCESS. dag_id=dag_with_taskflow_api_v02, task_id=greet, execution_date=20220427T000000, start_date=20230406T135841, end_date=20230406T135842
[2023-04-06T13:58:42.285+0000] {local_task_job.py:212} INFO - Task exited with return code 0
[2023-04-06T13:58:42.325+0000] {taskinstance.py:2596} INFO - 0 downstream tasks scheduled from follow-on schedule check
