[2023-04-06T13:20:08.941+0000] {taskinstance.py:1090} INFO - Dependencies all met for dep_context=non-requeueable deps ti=<TaskInstance: create_dag_with_python_operator_v04.greet scheduled__2022-03-11T00:00:00+00:00 [queued]>
[2023-04-06T13:20:08.956+0000] {taskinstance.py:1090} INFO - Dependencies all met for dep_context=requeueable deps ti=<TaskInstance: create_dag_with_python_operator_v04.greet scheduled__2022-03-11T00:00:00+00:00 [queued]>
[2023-04-06T13:20:08.956+0000] {taskinstance.py:1288} INFO - 
--------------------------------------------------------------------------------
[2023-04-06T13:20:08.956+0000] {taskinstance.py:1289} INFO - Starting attempt 1 of 6
[2023-04-06T13:20:08.956+0000] {taskinstance.py:1290} INFO - 
--------------------------------------------------------------------------------
[2023-04-06T13:20:08.983+0000] {taskinstance.py:1309} INFO - Executing <Task(PythonOperator): greet> on 2022-03-11 00:00:00+00:00
[2023-04-06T13:20:08.989+0000] {standard_task_runner.py:55} INFO - Started process 1757 to run task
[2023-04-06T13:20:08.999+0000] {standard_task_runner.py:82} INFO - Running: ['***', 'tasks', 'run', 'create_dag_with_python_operator_v04', 'greet', 'scheduled__2022-03-11T00:00:00+00:00', '--job-id', '3372', '--raw', '--subdir', 'DAGS_FOLDER/create_dag_with_python_operator.py', '--cfg-path', '/tmp/tmp7i8biwqb']
[2023-04-06T13:20:09.000+0000] {standard_task_runner.py:83} INFO - Job 3372: Subtask greet
[2023-04-06T13:20:09.098+0000] {task_command.py:389} INFO - Running <TaskInstance: create_dag_with_python_operator_v04.greet scheduled__2022-03-11T00:00:00+00:00 [running]> on host 971eab773426
[2023-04-06T13:20:09.316+0000] {taskinstance.py:1518} INFO - Exporting the following env vars:
AIRFLOW_CTX_DAG_OWNER=dejan
AIRFLOW_CTX_DAG_ID=create_dag_with_python_operator_v04
AIRFLOW_CTX_TASK_ID=greet
AIRFLOW_CTX_EXECUTION_DATE=2022-03-11T00:00:00+00:00
AIRFLOW_CTX_TRY_NUMBER=1
AIRFLOW_CTX_DAG_RUN_ID=scheduled__2022-03-11T00:00:00+00:00
[2023-04-06T13:20:09.361+0000] {logging_mixin.py:137} INFO - Hello World! Myname is Dejan Zivanov,   and I am 30 years old.
[2023-04-06T13:20:09.362+0000] {python.py:177} INFO - Done. Returned value was: None
[2023-04-06T13:20:09.381+0000] {taskinstance.py:1332} INFO - Marking task as SUCCESS. dag_id=create_dag_with_python_operator_v04, task_id=greet, execution_date=20220311T000000, start_date=20230406T132008, end_date=20230406T132009
[2023-04-06T13:20:09.422+0000] {local_task_job.py:212} INFO - Task exited with return code 0
[2023-04-06T13:20:09.477+0000] {taskinstance.py:2596} INFO - 0 downstream tasks scheduled from follow-on schedule check
