[2023-04-06T13:56:18.402+0000] {taskinstance.py:1090} INFO - Dependencies all met for dep_context=non-requeueable deps ti=<TaskInstance: dag_with_taskflow_api_v02.greet scheduled__2022-01-11T00:00:00+00:00 [queued]>
[2023-04-06T13:56:18.424+0000] {taskinstance.py:1090} INFO - Dependencies all met for dep_context=requeueable deps ti=<TaskInstance: dag_with_taskflow_api_v02.greet scheduled__2022-01-11T00:00:00+00:00 [queued]>
[2023-04-06T13:56:18.425+0000] {taskinstance.py:1288} INFO - 
--------------------------------------------------------------------------------
[2023-04-06T13:56:18.425+0000] {taskinstance.py:1289} INFO - Starting attempt 1 of 6
[2023-04-06T13:56:18.426+0000] {taskinstance.py:1290} INFO - 
--------------------------------------------------------------------------------
[2023-04-06T13:56:18.568+0000] {taskinstance.py:1309} INFO - Executing <Task(_PythonDecoratedOperator): greet> on 2022-01-11 00:00:00+00:00
[2023-04-06T13:56:18.578+0000] {standard_task_runner.py:55} INFO - Started process 6556 to run task
[2023-04-06T13:56:18.584+0000] {standard_task_runner.py:82} INFO - Running: ['***', 'tasks', 'run', 'dag_with_taskflow_api_v02', 'greet', 'scheduled__2022-01-11T00:00:00+00:00', '--job-id', '5287', '--raw', '--subdir', 'DAGS_FOLDER/dag_with_task_api.py', '--cfg-path', '/tmp/tmp4gx61cfe']
[2023-04-06T13:56:18.585+0000] {standard_task_runner.py:83} INFO - Job 5287: Subtask greet
[2023-04-06T13:56:18.699+0000] {task_command.py:389} INFO - Running <TaskInstance: dag_with_taskflow_api_v02.greet scheduled__2022-01-11T00:00:00+00:00 [running]> on host f91656cee95b
[2023-04-06T13:56:18.869+0000] {taskinstance.py:1518} INFO - Exporting the following env vars:
AIRFLOW_CTX_DAG_OWNER=dejan
AIRFLOW_CTX_DAG_ID=dag_with_taskflow_api_v02
AIRFLOW_CTX_TASK_ID=greet
AIRFLOW_CTX_EXECUTION_DATE=2022-01-11T00:00:00+00:00
AIRFLOW_CTX_TRY_NUMBER=1
AIRFLOW_CTX_DAG_RUN_ID=scheduled__2022-01-11T00:00:00+00:00
[2023-04-06T13:56:18.870+0000] {logging_mixin.py:137} INFO - Hello World! My name is Dejan Zivanov and I am 19 years old.
[2023-04-06T13:56:18.870+0000] {python.py:177} INFO - Done. Returned value was: None
[2023-04-06T13:56:18.885+0000] {taskinstance.py:1332} INFO - Marking task as SUCCESS. dag_id=dag_with_taskflow_api_v02, task_id=greet, execution_date=20220111T000000, start_date=20230406T135618, end_date=20230406T135618
[2023-04-06T13:56:18.920+0000] {local_task_job.py:212} INFO - Task exited with return code 0
[2023-04-06T13:56:18.951+0000] {taskinstance.py:2596} INFO - 0 downstream tasks scheduled from follow-on schedule check
