[2023-04-05T12:52:26.217+0000] {taskinstance.py:1090} INFO - Dependencies all met for dep_context=non-requeueable deps ti=<TaskInstance: our_first_dag.second_task scheduled__2022-11-11T00:00:00+00:00 [queued]>
[2023-04-05T12:52:26.240+0000] {taskinstance.py:1090} INFO - Dependencies all met for dep_context=requeueable deps ti=<TaskInstance: our_first_dag.second_task scheduled__2022-11-11T00:00:00+00:00 [queued]>
[2023-04-05T12:52:26.240+0000] {taskinstance.py:1288} INFO - 
--------------------------------------------------------------------------------
[2023-04-05T12:52:26.240+0000] {taskinstance.py:1289} INFO - Starting attempt 1 of 6
[2023-04-05T12:52:26.240+0000] {taskinstance.py:1290} INFO - 
--------------------------------------------------------------------------------
[2023-04-05T12:52:26.316+0000] {taskinstance.py:1309} INFO - Executing <Task(BashOperator): second_task> on 2022-11-11 00:00:00+00:00
[2023-04-05T12:52:26.331+0000] {standard_task_runner.py:55} INFO - Started process 2559 to run task
[2023-04-05T12:52:26.336+0000] {standard_task_runner.py:82} INFO - Running: ['***', 'tasks', 'run', 'our_first_dag', 'second_task', 'scheduled__2022-11-11T00:00:00+00:00', '--job-id', '477', '--raw', '--subdir', 'DAGS_FOLDER/our_first_dag.py', '--cfg-path', '/tmp/tmp_su2442j']
[2023-04-05T12:52:26.346+0000] {standard_task_runner.py:83} INFO - Job 477: Subtask second_task
[2023-04-05T12:52:26.498+0000] {task_command.py:389} INFO - Running <TaskInstance: our_first_dag.second_task scheduled__2022-11-11T00:00:00+00:00 [running]> on host e3ca158aac6b
[2023-04-05T12:52:26.708+0000] {taskinstance.py:1518} INFO - Exporting the following env vars:
AIRFLOW_CTX_DAG_OWNER=dejan
AIRFLOW_CTX_DAG_ID=our_first_dag
AIRFLOW_CTX_TASK_ID=second_task
AIRFLOW_CTX_EXECUTION_DATE=2022-11-11T00:00:00+00:00
AIRFLOW_CTX_TRY_NUMBER=1
AIRFLOW_CTX_DAG_RUN_ID=scheduled__2022-11-11T00:00:00+00:00
[2023-04-05T12:52:26.709+0000] {subprocess.py:63} INFO - Tmp dir root location: 
 /tmp
[2023-04-05T12:52:26.709+0000] {subprocess.py:75} INFO - Running command: ['/bin/bash', '-c', 'echo Hello World, this is the ']
[2023-04-05T12:52:26.729+0000] {subprocess.py:86} INFO - Output:
[2023-04-05T12:52:26.732+0000] {subprocess.py:93} INFO - Hello World, this is the
[2023-04-05T12:52:26.732+0000] {subprocess.py:97} INFO - Command exited with return code 0
[2023-04-05T12:52:26.784+0000] {taskinstance.py:1332} INFO - Marking task as SUCCESS. dag_id=our_first_dag, task_id=second_task, execution_date=20221111T000000, start_date=20230405T125226, end_date=20230405T125226
[2023-04-05T12:52:26.829+0000] {local_task_job.py:212} INFO - Task exited with return code 0
[2023-04-05T12:52:26.871+0000] {taskinstance.py:2596} INFO - 0 downstream tasks scheduled from follow-on schedule check
