[2023-04-05T12:58:45.932+0000] {taskinstance.py:1090} INFO - Dependencies all met for dep_context=non-requeueable deps ti=<TaskInstance: our_first_dag_v2.third_task scheduled__2022-06-10T00:00:00+00:00 [queued]>
[2023-04-05T12:58:45.950+0000] {taskinstance.py:1090} INFO - Dependencies all met for dep_context=requeueable deps ti=<TaskInstance: our_first_dag_v2.third_task scheduled__2022-06-10T00:00:00+00:00 [queued]>
[2023-04-05T12:58:45.951+0000] {taskinstance.py:1288} INFO - 
--------------------------------------------------------------------------------
[2023-04-05T12:58:45.951+0000] {taskinstance.py:1289} INFO - Starting attempt 1 of 6
[2023-04-05T12:58:45.951+0000] {taskinstance.py:1290} INFO - 
--------------------------------------------------------------------------------
[2023-04-05T12:58:46.023+0000] {taskinstance.py:1309} INFO - Executing <Task(BashOperator): third_task> on 2022-06-10 00:00:00+00:00
[2023-04-05T12:58:46.032+0000] {standard_task_runner.py:55} INFO - Started process 5114 to run task
[2023-04-05T12:58:46.063+0000] {standard_task_runner.py:82} INFO - Running: ['***', 'tasks', 'run', 'our_first_dag_v2', 'third_task', 'scheduled__2022-06-10T00:00:00+00:00', '--job-id', '1254', '--raw', '--subdir', 'DAGS_FOLDER/our_first_dag.py', '--cfg-path', '/tmp/tmpig23eb1n']
[2023-04-05T12:58:46.065+0000] {standard_task_runner.py:83} INFO - Job 1254: Subtask third_task
[2023-04-05T12:58:46.285+0000] {task_command.py:389} INFO - Running <TaskInstance: our_first_dag_v2.third_task scheduled__2022-06-10T00:00:00+00:00 [running]> on host e3ca158aac6b
[2023-04-05T12:58:46.589+0000] {taskinstance.py:1518} INFO - Exporting the following env vars:
AIRFLOW_CTX_DAG_OWNER=dejan
AIRFLOW_CTX_DAG_ID=our_first_dag_v2
AIRFLOW_CTX_TASK_ID=third_task
AIRFLOW_CTX_EXECUTION_DATE=2022-06-10T00:00:00+00:00
AIRFLOW_CTX_TRY_NUMBER=1
AIRFLOW_CTX_DAG_RUN_ID=scheduled__2022-06-10T00:00:00+00:00
[2023-04-05T12:58:46.592+0000] {subprocess.py:63} INFO - Tmp dir root location: 
 /tmp
[2023-04-05T12:58:46.593+0000] {subprocess.py:75} INFO - Running command: ['/bin/bash', '-c', 'echo Hey I am task3 and will be running after task1 at the same time as task2']
[2023-04-05T12:58:46.613+0000] {subprocess.py:86} INFO - Output:
[2023-04-05T12:58:46.615+0000] {subprocess.py:93} INFO - Hey I am task3 and will be running after task1 at the same time as task2
[2023-04-05T12:58:46.616+0000] {subprocess.py:97} INFO - Command exited with return code 0
[2023-04-05T12:58:46.697+0000] {taskinstance.py:1332} INFO - Marking task as SUCCESS. dag_id=our_first_dag_v2, task_id=third_task, execution_date=20220610T000000, start_date=20230405T125845, end_date=20230405T125846
[2023-04-05T12:58:46.762+0000] {local_task_job.py:212} INFO - Task exited with return code 0
[2023-04-05T12:58:46.959+0000] {taskinstance.py:2596} INFO - 0 downstream tasks scheduled from follow-on schedule check
