[2023-04-06T13:57:25.970+0000] {taskinstance.py:1090} INFO - Dependencies all met for dep_context=non-requeueable deps ti=<TaskInstance: dag_with_taskflow_api_v02.get_name scheduled__2022-03-07T00:00:00+00:00 [queued]>
[2023-04-06T13:57:25.983+0000] {taskinstance.py:1090} INFO - Dependencies all met for dep_context=requeueable deps ti=<TaskInstance: dag_with_taskflow_api_v02.get_name scheduled__2022-03-07T00:00:00+00:00 [queued]>
[2023-04-06T13:57:25.984+0000] {taskinstance.py:1288} INFO - 
--------------------------------------------------------------------------------
[2023-04-06T13:57:25.984+0000] {taskinstance.py:1289} INFO - Starting attempt 1 of 6
[2023-04-06T13:57:25.985+0000] {taskinstance.py:1290} INFO - 
--------------------------------------------------------------------------------
[2023-04-06T13:57:26.010+0000] {taskinstance.py:1309} INFO - Executing <Task(_PythonDecoratedOperator): get_name> on 2022-03-07 00:00:00+00:00
[2023-04-06T13:57:26.016+0000] {standard_task_runner.py:55} INFO - Started process 7473 to run task
[2023-04-06T13:57:26.019+0000] {standard_task_runner.py:82} INFO - Running: ['***', 'tasks', 'run', 'dag_with_taskflow_api_v02', 'get_name', 'scheduled__2022-03-07T00:00:00+00:00', '--job-id', '5439', '--raw', '--subdir', 'DAGS_FOLDER/dag_with_task_api.py', '--cfg-path', '/tmp/tmp81bx85ee']
[2023-04-06T13:57:26.021+0000] {standard_task_runner.py:83} INFO - Job 5439: Subtask get_name
[2023-04-06T13:57:26.119+0000] {task_command.py:389} INFO - Running <TaskInstance: dag_with_taskflow_api_v02.get_name scheduled__2022-03-07T00:00:00+00:00 [running]> on host f91656cee95b
[2023-04-06T13:57:26.232+0000] {taskinstance.py:1518} INFO - Exporting the following env vars:
AIRFLOW_CTX_DAG_OWNER=dejan
AIRFLOW_CTX_DAG_ID=dag_with_taskflow_api_v02
AIRFLOW_CTX_TASK_ID=get_name
AIRFLOW_CTX_EXECUTION_DATE=2022-03-07T00:00:00+00:00
AIRFLOW_CTX_TRY_NUMBER=1
AIRFLOW_CTX_DAG_RUN_ID=scheduled__2022-03-07T00:00:00+00:00
[2023-04-06T13:57:26.234+0000] {python.py:177} INFO - Done. Returned value was: {'first_name': 'Dejan', 'last_name': 'Zivanov'}
[2023-04-06T13:57:26.283+0000] {taskinstance.py:1332} INFO - Marking task as SUCCESS. dag_id=dag_with_taskflow_api_v02, task_id=get_name, execution_date=20220307T000000, start_date=20230406T135725, end_date=20230406T135726
[2023-04-06T13:57:26.322+0000] {local_task_job.py:212} INFO - Task exited with return code 0
[2023-04-06T13:57:26.354+0000] {taskinstance.py:2596} INFO - 1 downstream tasks scheduled from follow-on schedule check
