[2023-04-06T13:30:32.080+0000] {taskinstance.py:1090} INFO - Dependencies all met for dep_context=non-requeueable deps ti=<TaskInstance: create_dag_with_python_operator_v06.get_name scheduled__2022-01-29T00:00:00+00:00 [queued]>
[2023-04-06T13:30:32.121+0000] {taskinstance.py:1090} INFO - Dependencies all met for dep_context=requeueable deps ti=<TaskInstance: create_dag_with_python_operator_v06.get_name scheduled__2022-01-29T00:00:00+00:00 [queued]>
[2023-04-06T13:30:32.122+0000] {taskinstance.py:1288} INFO - 
--------------------------------------------------------------------------------
[2023-04-06T13:30:32.122+0000] {taskinstance.py:1289} INFO - Starting attempt 1 of 6
[2023-04-06T13:30:32.122+0000] {taskinstance.py:1290} INFO - 
--------------------------------------------------------------------------------
[2023-04-06T13:30:32.205+0000] {taskinstance.py:1309} INFO - Executing <Task(PythonOperator): get_name> on 2022-01-29 00:00:00+00:00
[2023-04-06T13:30:32.211+0000] {standard_task_runner.py:55} INFO - Started process 3939 to run task
[2023-04-06T13:30:32.224+0000] {standard_task_runner.py:82} INFO - Running: ['***', 'tasks', 'run', 'create_dag_with_python_operator_v06', 'get_name', 'scheduled__2022-01-29T00:00:00+00:00', '--job-id', '4289', '--raw', '--subdir', 'DAGS_FOLDER/create_dag_with_python_operator.py', '--cfg-path', '/tmp/tmpvnsh6l7a']
[2023-04-06T13:30:32.228+0000] {standard_task_runner.py:83} INFO - Job 4289: Subtask get_name
[2023-04-06T13:30:32.473+0000] {task_command.py:389} INFO - Running <TaskInstance: create_dag_with_python_operator_v06.get_name scheduled__2022-01-29T00:00:00+00:00 [running]> on host 971eab773426
[2023-04-06T13:30:32.853+0000] {taskinstance.py:1518} INFO - Exporting the following env vars:
AIRFLOW_CTX_DAG_OWNER=dejan
AIRFLOW_CTX_DAG_ID=create_dag_with_python_operator_v06
AIRFLOW_CTX_TASK_ID=get_name
AIRFLOW_CTX_EXECUTION_DATE=2022-01-29T00:00:00+00:00
AIRFLOW_CTX_TRY_NUMBER=1
AIRFLOW_CTX_DAG_RUN_ID=scheduled__2022-01-29T00:00:00+00:00
[2023-04-06T13:30:32.948+0000] {python.py:177} INFO - Done. Returned value was: None
[2023-04-06T13:30:32.971+0000] {taskinstance.py:1332} INFO - Marking task as SUCCESS. dag_id=create_dag_with_python_operator_v06, task_id=get_name, execution_date=20220129T000000, start_date=20230406T133032, end_date=20230406T133032
[2023-04-06T13:30:33.019+0000] {local_task_job.py:212} INFO - Task exited with return code 0
[2023-04-06T13:30:33.144+0000] {taskinstance.py:2596} INFO - 0 downstream tasks scheduled from follow-on schedule check
