[2023-04-05T16:32:51.137+0000] {taskinstance.py:1090} INFO - Dependencies all met for dep_context=non-requeueable deps ti=<TaskInstance: create_dag_with_python_operator_v01.greet scheduled__2021-10-12T00:00:00+00:00 [queued]>
[2023-04-05T16:32:51.160+0000] {taskinstance.py:1090} INFO - Dependencies all met for dep_context=requeueable deps ti=<TaskInstance: create_dag_with_python_operator_v01.greet scheduled__2021-10-12T00:00:00+00:00 [queued]>
[2023-04-05T16:32:51.160+0000] {taskinstance.py:1288} INFO - 
--------------------------------------------------------------------------------
[2023-04-05T16:32:51.161+0000] {taskinstance.py:1289} INFO - Starting attempt 1 of 6
[2023-04-05T16:32:51.161+0000] {taskinstance.py:1290} INFO - 
--------------------------------------------------------------------------------
[2023-04-05T16:32:51.198+0000] {taskinstance.py:1309} INFO - Executing <Task(PythonOperator): greet> on 2021-10-12 00:00:00+00:00
[2023-04-05T16:32:51.202+0000] {standard_task_runner.py:55} INFO - Started process 319 to run task
[2023-04-05T16:32:51.205+0000] {standard_task_runner.py:82} INFO - Running: ['***', 'tasks', 'run', 'create_dag_with_python_operator_v01', 'greet', 'scheduled__2021-10-12T00:00:00+00:00', '--job-id', '2209', '--raw', '--subdir', 'DAGS_FOLDER/create_dag_with_python_operator.py', '--cfg-path', '/tmp/tmpknsmy72k']
[2023-04-05T16:32:51.207+0000] {standard_task_runner.py:83} INFO - Job 2209: Subtask greet
[2023-04-05T16:32:51.278+0000] {task_command.py:389} INFO - Running <TaskInstance: create_dag_with_python_operator_v01.greet scheduled__2021-10-12T00:00:00+00:00 [running]> on host 5c67bb0a0ff3
[2023-04-05T16:32:51.382+0000] {taskinstance.py:1518} INFO - Exporting the following env vars:
AIRFLOW_CTX_DAG_OWNER=dejan
AIRFLOW_CTX_DAG_ID=create_dag_with_python_operator_v01
AIRFLOW_CTX_TASK_ID=greet
AIRFLOW_CTX_EXECUTION_DATE=2021-10-12T00:00:00+00:00
AIRFLOW_CTX_TRY_NUMBER=1
AIRFLOW_CTX_DAG_RUN_ID=scheduled__2021-10-12T00:00:00+00:00
[2023-04-05T16:32:51.383+0000] {logging_mixin.py:137} INFO - Hello World!
[2023-04-05T16:32:51.383+0000] {python.py:177} INFO - Done. Returned value was: None
[2023-04-05T16:32:51.395+0000] {taskinstance.py:1332} INFO - Marking task as SUCCESS. dag_id=create_dag_with_python_operator_v01, task_id=greet, execution_date=20211012T000000, start_date=20230405T163251, end_date=20230405T163251
[2023-04-05T16:32:51.422+0000] {local_task_job.py:212} INFO - Task exited with return code 0
[2023-04-05T16:32:51.444+0000] {taskinstance.py:2596} INFO - 0 downstream tasks scheduled from follow-on schedule check
