[2023-04-05T10:21:16.670+0000] {taskinstance.py:1090} INFO - Dependencies all met for dep_context=non-requeueable deps ti=<TaskInstance: example_bash_operator.runme_2 manual__2023-04-05T10:21:14.552867+00:00 [queued]>
[2023-04-05T10:21:16.681+0000] {taskinstance.py:1090} INFO - Dependencies all met for dep_context=requeueable deps ti=<TaskInstance: example_bash_operator.runme_2 manual__2023-04-05T10:21:14.552867+00:00 [queued]>
[2023-04-05T10:21:16.682+0000] {taskinstance.py:1288} INFO - 
--------------------------------------------------------------------------------
[2023-04-05T10:21:16.682+0000] {taskinstance.py:1289} INFO - Starting attempt 1 of 1
[2023-04-05T10:21:16.682+0000] {taskinstance.py:1290} INFO - 
--------------------------------------------------------------------------------
[2023-04-05T10:21:16.701+0000] {taskinstance.py:1309} INFO - Executing <Task(BashOperator): runme_2> on 2023-04-05 10:21:14.552867+00:00
[2023-04-05T10:21:16.705+0000] {standard_task_runner.py:55} INFO - Started process 1508 to run task
[2023-04-05T10:21:16.708+0000] {standard_task_runner.py:82} INFO - Running: ['***', 'tasks', 'run', 'example_bash_operator', 'runme_2', 'manual__2023-04-05T10:21:14.552867+00:00', '--job-id', '11', '--raw', '--subdir', '/home/***/.local/lib/python3.7/site-packages/***/example_dags/example_bash_operator.py', '--cfg-path', '/tmp/tmpq1s6zlu3']
[2023-04-05T10:21:16.709+0000] {standard_task_runner.py:83} INFO - Job 11: Subtask runme_2
[2023-04-05T10:21:16.778+0000] {task_command.py:389} INFO - Running <TaskInstance: example_bash_operator.runme_2 manual__2023-04-05T10:21:14.552867+00:00 [running]> on host 4ab0cfa718db
[2023-04-05T10:21:16.877+0000] {taskinstance.py:1518} INFO - Exporting the following env vars:
AIRFLOW_CTX_DAG_OWNER=***
AIRFLOW_CTX_DAG_ID=example_bash_operator
AIRFLOW_CTX_TASK_ID=runme_2
AIRFLOW_CTX_EXECUTION_DATE=2023-04-05T10:21:14.552867+00:00
AIRFLOW_CTX_TRY_NUMBER=1
AIRFLOW_CTX_DAG_RUN_ID=manual__2023-04-05T10:21:14.552867+00:00
[2023-04-05T10:21:16.880+0000] {subprocess.py:63} INFO - Tmp dir root location: 
 /tmp
[2023-04-05T10:21:16.881+0000] {subprocess.py:75} INFO - Running command: ['/bin/bash', '-c', 'echo "example_bash_operator__runme_2__20230405" && sleep 1']
[2023-04-05T10:21:16.889+0000] {subprocess.py:86} INFO - Output:
[2023-04-05T10:21:16.891+0000] {subprocess.py:93} INFO - example_bash_operator__runme_2__20230405
[2023-04-05T10:21:17.892+0000] {subprocess.py:97} INFO - Command exited with return code 0
[2023-04-05T10:21:17.918+0000] {taskinstance.py:1332} INFO - Marking task as SUCCESS. dag_id=example_bash_operator, task_id=runme_2, execution_date=20230405T102114, start_date=20230405T102116, end_date=20230405T102117
[2023-04-05T10:21:17.966+0000] {local_task_job.py:212} INFO - Task exited with return code 0
[2023-04-05T10:21:18.024+0000] {taskinstance.py:2596} INFO - 0 downstream tasks scheduled from follow-on schedule check
