[2023-04-05T13:01:22.458+0000] {taskinstance.py:1090} INFO - Dependencies all met for dep_context=non-requeueable deps ti=<TaskInstance: our_first_dag_v3.second_task scheduled__2021-08-03T00:00:00+00:00 [queued]>
[2023-04-05T13:01:22.547+0000] {taskinstance.py:1090} INFO - Dependencies all met for dep_context=requeueable deps ti=<TaskInstance: our_first_dag_v3.second_task scheduled__2021-08-03T00:00:00+00:00 [queued]>
[2023-04-05T13:01:22.548+0000] {taskinstance.py:1288} INFO - 
--------------------------------------------------------------------------------
[2023-04-05T13:01:22.548+0000] {taskinstance.py:1289} INFO - Starting attempt 1 of 6
[2023-04-05T13:01:22.548+0000] {taskinstance.py:1290} INFO - 
--------------------------------------------------------------------------------
[2023-04-05T13:01:22.660+0000] {taskinstance.py:1309} INFO - Executing <Task(BashOperator): second_task> on 2021-08-03 00:00:00+00:00
[2023-04-05T13:01:22.666+0000] {standard_task_runner.py:55} INFO - Started process 5382 to run task
[2023-04-05T13:01:22.690+0000] {standard_task_runner.py:82} INFO - Running: ['***', 'tasks', 'run', 'our_first_dag_v3', 'second_task', 'scheduled__2021-08-03T00:00:00+00:00', '--job-id', '1320', '--raw', '--subdir', 'DAGS_FOLDER/our_first_dag.py', '--cfg-path', '/tmp/tmpsircw9v0']
[2023-04-05T13:01:22.699+0000] {standard_task_runner.py:83} INFO - Job 1320: Subtask second_task
[2023-04-05T13:01:23.028+0000] {task_command.py:389} INFO - Running <TaskInstance: our_first_dag_v3.second_task scheduled__2021-08-03T00:00:00+00:00 [running]> on host e3ca158aac6b
[2023-04-05T13:01:23.349+0000] {taskinstance.py:1518} INFO - Exporting the following env vars:
AIRFLOW_CTX_DAG_OWNER=dejan
AIRFLOW_CTX_DAG_ID=our_first_dag_v3
AIRFLOW_CTX_TASK_ID=second_task
AIRFLOW_CTX_EXECUTION_DATE=2021-08-03T00:00:00+00:00
AIRFLOW_CTX_TRY_NUMBER=1
AIRFLOW_CTX_DAG_RUN_ID=scheduled__2021-08-03T00:00:00+00:00
[2023-04-05T13:01:23.354+0000] {subprocess.py:63} INFO - Tmp dir root location: 
 /tmp
[2023-04-05T13:01:23.355+0000] {subprocess.py:75} INFO - Running command: ['/bin/bash', '-c', 'echo Hey I am task2 and will be running after task1']
[2023-04-05T13:01:23.375+0000] {subprocess.py:86} INFO - Output:
[2023-04-05T13:01:23.377+0000] {subprocess.py:93} INFO - Hey I am task2 and will be running after task1
[2023-04-05T13:01:23.378+0000] {subprocess.py:97} INFO - Command exited with return code 0
[2023-04-05T13:01:23.440+0000] {taskinstance.py:1332} INFO - Marking task as SUCCESS. dag_id=our_first_dag_v3, task_id=second_task, execution_date=20210803T000000, start_date=20230405T130122, end_date=20230405T130123
[2023-04-05T13:01:23.515+0000] {local_task_job.py:212} INFO - Task exited with return code 0
[2023-04-05T13:01:23.551+0000] {taskinstance.py:2596} INFO - 0 downstream tasks scheduled from follow-on schedule check
