[2023-04-06T13:30:33.923+0000] {taskinstance.py:1090} INFO - Dependencies all met for dep_context=non-requeueable deps ti=<TaskInstance: create_dag_with_python_operator_v06.get_name scheduled__2022-02-01T00:00:00+00:00 [queued]>
[2023-04-06T13:30:33.955+0000] {taskinstance.py:1090} INFO - Dependencies all met for dep_context=requeueable deps ti=<TaskInstance: create_dag_with_python_operator_v06.get_name scheduled__2022-02-01T00:00:00+00:00 [queued]>
[2023-04-06T13:30:33.955+0000] {taskinstance.py:1288} INFO - 
--------------------------------------------------------------------------------
[2023-04-06T13:30:33.956+0000] {taskinstance.py:1289} INFO - Starting attempt 1 of 6
[2023-04-06T13:30:33.956+0000] {taskinstance.py:1290} INFO - 
--------------------------------------------------------------------------------
[2023-04-06T13:30:34.050+0000] {taskinstance.py:1309} INFO - Executing <Task(PythonOperator): get_name> on 2022-02-01 00:00:00+00:00
[2023-04-06T13:30:34.100+0000] {standard_task_runner.py:55} INFO - Started process 3961 to run task
[2023-04-06T13:30:34.108+0000] {standard_task_runner.py:82} INFO - Running: ['***', 'tasks', 'run', 'create_dag_with_python_operator_v06', 'get_name', 'scheduled__2022-02-01T00:00:00+00:00', '--job-id', '4301', '--raw', '--subdir', 'DAGS_FOLDER/create_dag_with_python_operator.py', '--cfg-path', '/tmp/tmpxhqh7qyt']
[2023-04-06T13:30:34.109+0000] {standard_task_runner.py:83} INFO - Job 4301: Subtask get_name
[2023-04-06T13:30:34.197+0000] {task_command.py:389} INFO - Running <TaskInstance: create_dag_with_python_operator_v06.get_name scheduled__2022-02-01T00:00:00+00:00 [running]> on host 971eab773426
[2023-04-06T13:30:34.354+0000] {taskinstance.py:1518} INFO - Exporting the following env vars:
AIRFLOW_CTX_DAG_OWNER=dejan
AIRFLOW_CTX_DAG_ID=create_dag_with_python_operator_v06
AIRFLOW_CTX_TASK_ID=get_name
AIRFLOW_CTX_EXECUTION_DATE=2022-02-01T00:00:00+00:00
AIRFLOW_CTX_TRY_NUMBER=1
AIRFLOW_CTX_DAG_RUN_ID=scheduled__2022-02-01T00:00:00+00:00
[2023-04-06T13:30:34.435+0000] {python.py:177} INFO - Done. Returned value was: None
[2023-04-06T13:30:34.476+0000] {taskinstance.py:1332} INFO - Marking task as SUCCESS. dag_id=create_dag_with_python_operator_v06, task_id=get_name, execution_date=20220201T000000, start_date=20230406T133033, end_date=20230406T133034
[2023-04-06T13:30:34.527+0000] {local_task_job.py:212} INFO - Task exited with return code 0
[2023-04-06T13:30:34.694+0000] {taskinstance.py:2596} INFO - 0 downstream tasks scheduled from follow-on schedule check
