[2023-04-06T13:48:33.231+0000] {taskinstance.py:1090} INFO - Dependencies all met for dep_context=non-requeueable deps ti=<TaskInstance: dag_with_taskflow_api_v01.get_name manual__2023-04-06T13:48:21.731298+00:00 [queued]>
[2023-04-06T13:48:33.330+0000] {taskinstance.py:1090} INFO - Dependencies all met for dep_context=requeueable deps ti=<TaskInstance: dag_with_taskflow_api_v01.get_name manual__2023-04-06T13:48:21.731298+00:00 [queued]>
[2023-04-06T13:48:33.330+0000] {taskinstance.py:1288} INFO - 
--------------------------------------------------------------------------------
[2023-04-06T13:48:33.330+0000] {taskinstance.py:1289} INFO - Starting attempt 1 of 6
[2023-04-06T13:48:33.330+0000] {taskinstance.py:1290} INFO - 
--------------------------------------------------------------------------------
[2023-04-06T13:48:33.382+0000] {taskinstance.py:1309} INFO - Executing <Task(_PythonDecoratedOperator): get_name> on 2023-04-06 13:48:21.731298+00:00
[2023-04-06T13:48:33.390+0000] {standard_task_runner.py:55} INFO - Started process 1621 to run task
[2023-04-06T13:48:33.399+0000] {standard_task_runner.py:82} INFO - Running: ['***', 'tasks', 'run', 'dag_with_taskflow_api_v01', 'get_name', 'manual__2023-04-06T13:48:21.731298+00:00', '--job-id', '4828', '--raw', '--subdir', 'DAGS_FOLDER/dag_with_task_api.py', '--cfg-path', '/tmp/tmp6sir3jl1']
[2023-04-06T13:48:33.400+0000] {standard_task_runner.py:83} INFO - Job 4828: Subtask get_name
[2023-04-06T13:48:33.527+0000] {task_command.py:389} INFO - Running <TaskInstance: dag_with_taskflow_api_v01.get_name manual__2023-04-06T13:48:21.731298+00:00 [running]> on host f91656cee95b
[2023-04-06T13:48:33.716+0000] {taskinstance.py:1518} INFO - Exporting the following env vars:
AIRFLOW_CTX_DAG_OWNER=dejan
AIRFLOW_CTX_DAG_ID=dag_with_taskflow_api_v01
AIRFLOW_CTX_TASK_ID=get_name
AIRFLOW_CTX_EXECUTION_DATE=2023-04-06T13:48:21.731298+00:00
AIRFLOW_CTX_TRY_NUMBER=1
AIRFLOW_CTX_DAG_RUN_ID=manual__2023-04-06T13:48:21.731298+00:00
[2023-04-06T13:48:33.718+0000] {python.py:177} INFO - Done. Returned value was: Dejan
[2023-04-06T13:48:33.772+0000] {taskinstance.py:1332} INFO - Marking task as SUCCESS. dag_id=dag_with_taskflow_api_v01, task_id=get_name, execution_date=20230406T134821, start_date=20230406T134833, end_date=20230406T134833
[2023-04-06T13:48:33.813+0000] {local_task_job.py:212} INFO - Task exited with return code 0
[2023-04-06T13:48:33.873+0000] {taskinstance.py:2596} INFO - 0 downstream tasks scheduled from follow-on schedule check
