[2023-04-05T13:09:42.691+0000] {taskinstance.py:1090} INFO - Dependencies all met for dep_context=non-requeueable deps ti=<TaskInstance: our_first_dag_v5.second_task scheduled__2021-11-12T00:00:00+00:00 [queued]>
[2023-04-05T13:09:42.710+0000] {taskinstance.py:1090} INFO - Dependencies all met for dep_context=requeueable deps ti=<TaskInstance: our_first_dag_v5.second_task scheduled__2021-11-12T00:00:00+00:00 [queued]>
[2023-04-05T13:09:42.711+0000] {taskinstance.py:1288} INFO - 
--------------------------------------------------------------------------------
[2023-04-05T13:09:42.711+0000] {taskinstance.py:1289} INFO - Starting attempt 1 of 6
[2023-04-05T13:09:42.711+0000] {taskinstance.py:1290} INFO - 
--------------------------------------------------------------------------------
[2023-04-05T13:09:42.747+0000] {taskinstance.py:1309} INFO - Executing <Task(BashOperator): second_task> on 2021-11-12 00:00:00+00:00
[2023-04-05T13:09:42.775+0000] {standard_task_runner.py:55} INFO - Started process 8167 to run task
[2023-04-05T13:09:42.797+0000] {standard_task_runner.py:82} INFO - Running: ['***', 'tasks', 'run', 'our_first_dag_v5', 'second_task', 'scheduled__2021-11-12T00:00:00+00:00', '--job-id', '2183', '--raw', '--subdir', 'DAGS_FOLDER/our_first_dag.py', '--cfg-path', '/tmp/tmp92bv9vrx']
[2023-04-05T13:09:42.806+0000] {standard_task_runner.py:83} INFO - Job 2183: Subtask second_task
[2023-04-05T13:09:43.210+0000] {task_command.py:389} INFO - Running <TaskInstance: our_first_dag_v5.second_task scheduled__2021-11-12T00:00:00+00:00 [running]> on host e3ca158aac6b
[2023-04-05T13:09:43.505+0000] {taskinstance.py:1518} INFO - Exporting the following env vars:
AIRFLOW_CTX_DAG_OWNER=dejan
AIRFLOW_CTX_DAG_ID=our_first_dag_v5
AIRFLOW_CTX_TASK_ID=second_task
AIRFLOW_CTX_EXECUTION_DATE=2021-11-12T00:00:00+00:00
AIRFLOW_CTX_TRY_NUMBER=1
AIRFLOW_CTX_DAG_RUN_ID=scheduled__2021-11-12T00:00:00+00:00
[2023-04-05T13:09:43.516+0000] {subprocess.py:63} INFO - Tmp dir root location: 
 /tmp
[2023-04-05T13:09:43.517+0000] {subprocess.py:75} INFO - Running command: ['/bin/bash', '-c', 'echo Hey I am task2 and will be running after task1']
[2023-04-05T13:09:43.571+0000] {subprocess.py:86} INFO - Output:
[2023-04-05T13:09:43.574+0000] {subprocess.py:93} INFO - Hey I am task2 and will be running after task1
[2023-04-05T13:09:43.574+0000] {subprocess.py:97} INFO - Command exited with return code 0
[2023-04-05T13:09:43.674+0000] {taskinstance.py:1332} INFO - Marking task as SUCCESS. dag_id=our_first_dag_v5, task_id=second_task, execution_date=20211112T000000, start_date=20230405T130942, end_date=20230405T130943
[2023-04-05T13:09:43.955+0000] {local_task_job.py:212} INFO - Task exited with return code 0
[2023-04-05T13:09:44.029+0000] {taskinstance.py:2596} INFO - 0 downstream tasks scheduled from follow-on schedule check
