[2023-04-05T16:32:56.401+0000] {taskinstance.py:1090} INFO - Dependencies all met for dep_context=non-requeueable deps ti=<TaskInstance: create_dag_with_python_operator_v01.greet scheduled__2021-10-21T00:00:00+00:00 [queued]>
[2023-04-05T16:32:56.423+0000] {taskinstance.py:1090} INFO - Dependencies all met for dep_context=requeueable deps ti=<TaskInstance: create_dag_with_python_operator_v01.greet scheduled__2021-10-21T00:00:00+00:00 [queued]>
[2023-04-05T16:32:56.424+0000] {taskinstance.py:1288} INFO - 
--------------------------------------------------------------------------------
[2023-04-05T16:32:56.425+0000] {taskinstance.py:1289} INFO - Starting attempt 1 of 6
[2023-04-05T16:32:56.425+0000] {taskinstance.py:1290} INFO - 
--------------------------------------------------------------------------------
[2023-04-05T16:32:56.491+0000] {taskinstance.py:1309} INFO - Executing <Task(PythonOperator): greet> on 2021-10-21 00:00:00+00:00
[2023-04-05T16:32:56.503+0000] {standard_task_runner.py:55} INFO - Started process 339 to run task
[2023-04-05T16:32:56.514+0000] {standard_task_runner.py:82} INFO - Running: ['***', 'tasks', 'run', 'create_dag_with_python_operator_v01', 'greet', 'scheduled__2021-10-21T00:00:00+00:00', '--job-id', '2218', '--raw', '--subdir', 'DAGS_FOLDER/create_dag_with_python_operator.py', '--cfg-path', '/tmp/tmpqw_uk9j0']
[2023-04-05T16:32:56.518+0000] {standard_task_runner.py:83} INFO - Job 2218: Subtask greet
[2023-04-05T16:32:56.664+0000] {task_command.py:389} INFO - Running <TaskInstance: create_dag_with_python_operator_v01.greet scheduled__2021-10-21T00:00:00+00:00 [running]> on host 5c67bb0a0ff3
[2023-04-05T16:32:57.061+0000] {taskinstance.py:1518} INFO - Exporting the following env vars:
AIRFLOW_CTX_DAG_OWNER=dejan
AIRFLOW_CTX_DAG_ID=create_dag_with_python_operator_v01
AIRFLOW_CTX_TASK_ID=greet
AIRFLOW_CTX_EXECUTION_DATE=2021-10-21T00:00:00+00:00
AIRFLOW_CTX_TRY_NUMBER=1
AIRFLOW_CTX_DAG_RUN_ID=scheduled__2021-10-21T00:00:00+00:00
[2023-04-05T16:32:57.062+0000] {logging_mixin.py:137} INFO - Hello World!
[2023-04-05T16:32:57.062+0000] {python.py:177} INFO - Done. Returned value was: None
[2023-04-05T16:32:57.077+0000] {taskinstance.py:1332} INFO - Marking task as SUCCESS. dag_id=create_dag_with_python_operator_v01, task_id=greet, execution_date=20211021T000000, start_date=20230405T163256, end_date=20230405T163257
[2023-04-05T16:32:57.145+0000] {local_task_job.py:212} INFO - Task exited with return code 0
[2023-04-05T16:32:57.187+0000] {taskinstance.py:2596} INFO - 0 downstream tasks scheduled from follow-on schedule check
