[2023-04-06T13:58:36.921+0000] {taskinstance.py:1090} INFO - Dependencies all met for dep_context=non-requeueable deps ti=<TaskInstance: dag_with_taskflow_api_v02.get_name scheduled__2022-04-30T00:00:00+00:00 [queued]>
[2023-04-06T13:58:36.981+0000] {taskinstance.py:1090} INFO - Dependencies all met for dep_context=requeueable deps ti=<TaskInstance: dag_with_taskflow_api_v02.get_name scheduled__2022-04-30T00:00:00+00:00 [queued]>
[2023-04-06T13:58:36.981+0000] {taskinstance.py:1288} INFO - 
--------------------------------------------------------------------------------
[2023-04-06T13:58:36.982+0000] {taskinstance.py:1289} INFO - Starting attempt 1 of 6
[2023-04-06T13:58:36.982+0000] {taskinstance.py:1290} INFO - 
--------------------------------------------------------------------------------
[2023-04-06T13:58:37.108+0000] {taskinstance.py:1309} INFO - Executing <Task(_PythonDecoratedOperator): get_name> on 2022-04-30 00:00:00+00:00
[2023-04-06T13:58:37.117+0000] {standard_task_runner.py:55} INFO - Started process 8470 to run task
[2023-04-06T13:58:37.123+0000] {standard_task_runner.py:82} INFO - Running: ['***', 'tasks', 'run', 'dag_with_taskflow_api_v02', 'get_name', 'scheduled__2022-04-30T00:00:00+00:00', '--job-id', '5594', '--raw', '--subdir', 'DAGS_FOLDER/dag_with_task_api.py', '--cfg-path', '/tmp/tmp5sp1yqhy']
[2023-04-06T13:58:37.131+0000] {standard_task_runner.py:83} INFO - Job 5594: Subtask get_name
[2023-04-06T13:58:37.497+0000] {task_command.py:389} INFO - Running <TaskInstance: dag_with_taskflow_api_v02.get_name scheduled__2022-04-30T00:00:00+00:00 [running]> on host f91656cee95b
[2023-04-06T13:58:38.601+0000] {taskinstance.py:1518} INFO - Exporting the following env vars:
AIRFLOW_CTX_DAG_OWNER=dejan
AIRFLOW_CTX_DAG_ID=dag_with_taskflow_api_v02
AIRFLOW_CTX_TASK_ID=get_name
AIRFLOW_CTX_EXECUTION_DATE=2022-04-30T00:00:00+00:00
AIRFLOW_CTX_TRY_NUMBER=1
AIRFLOW_CTX_DAG_RUN_ID=scheduled__2022-04-30T00:00:00+00:00
[2023-04-06T13:58:38.603+0000] {python.py:177} INFO - Done. Returned value was: {'first_name': 'Dejan', 'last_name': 'Zivanov'}
[2023-04-06T13:58:38.822+0000] {taskinstance.py:1332} INFO - Marking task as SUCCESS. dag_id=dag_with_taskflow_api_v02, task_id=get_name, execution_date=20220430T000000, start_date=20230406T135836, end_date=20230406T135838
[2023-04-06T13:58:39.424+0000] {local_task_job.py:212} INFO - Task exited with return code 0
[2023-04-06T13:58:39.546+0000] {taskinstance.py:2596} INFO - 1 downstream tasks scheduled from follow-on schedule check
