[2023-04-06T14:05:09.782+0000] {taskinstance.py:1090} INFO - Dependencies all met for dep_context=non-requeueable deps ti=<TaskInstance: dag_with_taskflow_api_v02.greet scheduled__2023-01-20T00:00:00+00:00 [queued]>
[2023-04-06T14:05:09.825+0000] {taskinstance.py:1090} INFO - Dependencies all met for dep_context=requeueable deps ti=<TaskInstance: dag_with_taskflow_api_v02.greet scheduled__2023-01-20T00:00:00+00:00 [queued]>
[2023-04-06T14:05:09.826+0000] {taskinstance.py:1288} INFO - 
--------------------------------------------------------------------------------
[2023-04-06T14:05:09.826+0000] {taskinstance.py:1289} INFO - Starting attempt 1 of 6
[2023-04-06T14:05:09.826+0000] {taskinstance.py:1290} INFO - 
--------------------------------------------------------------------------------
[2023-04-06T14:05:09.935+0000] {taskinstance.py:1309} INFO - Executing <Task(_PythonDecoratedOperator): greet> on 2023-01-20 00:00:00+00:00
[2023-04-06T14:05:09.963+0000] {standard_task_runner.py:82} INFO - Running: ['***', 'tasks', 'run', 'dag_with_taskflow_api_v02', 'greet', 'scheduled__2023-01-20T00:00:00+00:00', '--job-id', '6410', '--raw', '--subdir', 'DAGS_FOLDER/dag_with_task_api.py', '--cfg-path', '/tmp/tmppt50u7h7']
[2023-04-06T14:05:09.965+0000] {standard_task_runner.py:83} INFO - Job 6410: Subtask greet
[2023-04-06T14:05:09.945+0000] {standard_task_runner.py:55} INFO - Started process 13819 to run task
[2023-04-06T14:05:10.262+0000] {task_command.py:389} INFO - Running <TaskInstance: dag_with_taskflow_api_v02.greet scheduled__2023-01-20T00:00:00+00:00 [running]> on host f91656cee95b
[2023-04-06T14:05:10.746+0000] {taskinstance.py:1518} INFO - Exporting the following env vars:
AIRFLOW_CTX_DAG_OWNER=dejan
AIRFLOW_CTX_DAG_ID=dag_with_taskflow_api_v02
AIRFLOW_CTX_TASK_ID=greet
AIRFLOW_CTX_EXECUTION_DATE=2023-01-20T00:00:00+00:00
AIRFLOW_CTX_TRY_NUMBER=1
AIRFLOW_CTX_DAG_RUN_ID=scheduled__2023-01-20T00:00:00+00:00
[2023-04-06T14:05:10.748+0000] {logging_mixin.py:137} INFO - Hello World! My name is Dejan Zivanov and I am 19 years old.
[2023-04-06T14:05:10.748+0000] {python.py:177} INFO - Done. Returned value was: None
[2023-04-06T14:05:10.806+0000] {taskinstance.py:1332} INFO - Marking task as SUCCESS. dag_id=dag_with_taskflow_api_v02, task_id=greet, execution_date=20230120T000000, start_date=20230406T140509, end_date=20230406T140510
[2023-04-06T14:05:10.925+0000] {local_task_job.py:212} INFO - Task exited with return code 0
[2023-04-06T14:05:11.148+0000] {taskinstance.py:2596} INFO - 0 downstream tasks scheduled from follow-on schedule check
