[2023-04-06T14:05:47.539+0000] {taskinstance.py:1090} INFO - Dependencies all met for dep_context=non-requeueable deps ti=<TaskInstance: dag_with_taskflow_api_v02.greet scheduled__2023-02-15T00:00:00+00:00 [queued]>
[2023-04-06T14:05:47.615+0000] {taskinstance.py:1090} INFO - Dependencies all met for dep_context=requeueable deps ti=<TaskInstance: dag_with_taskflow_api_v02.greet scheduled__2023-02-15T00:00:00+00:00 [queued]>
[2023-04-06T14:05:47.619+0000] {taskinstance.py:1288} INFO - 
--------------------------------------------------------------------------------
[2023-04-06T14:05:47.620+0000] {taskinstance.py:1289} INFO - Starting attempt 1 of 6
[2023-04-06T14:05:47.621+0000] {taskinstance.py:1290} INFO - 
--------------------------------------------------------------------------------
[2023-04-06T14:05:47.725+0000] {taskinstance.py:1309} INFO - Executing <Task(_PythonDecoratedOperator): greet> on 2023-02-15 00:00:00+00:00
[2023-04-06T14:05:47.748+0000] {standard_task_runner.py:55} INFO - Started process 14311 to run task
[2023-04-06T14:05:47.766+0000] {standard_task_runner.py:82} INFO - Running: ['***', 'tasks', 'run', 'dag_with_taskflow_api_v02', 'greet', 'scheduled__2023-02-15T00:00:00+00:00', '--job-id', '6487', '--raw', '--subdir', 'DAGS_FOLDER/dag_with_task_api.py', '--cfg-path', '/tmp/tmpoma_yktt']
[2023-04-06T14:05:47.768+0000] {standard_task_runner.py:83} INFO - Job 6487: Subtask greet
[2023-04-06T14:05:48.094+0000] {task_command.py:389} INFO - Running <TaskInstance: dag_with_taskflow_api_v02.greet scheduled__2023-02-15T00:00:00+00:00 [running]> on host f91656cee95b
[2023-04-06T14:05:48.701+0000] {taskinstance.py:1518} INFO - Exporting the following env vars:
AIRFLOW_CTX_DAG_OWNER=dejan
AIRFLOW_CTX_DAG_ID=dag_with_taskflow_api_v02
AIRFLOW_CTX_TASK_ID=greet
AIRFLOW_CTX_EXECUTION_DATE=2023-02-15T00:00:00+00:00
AIRFLOW_CTX_TRY_NUMBER=1
AIRFLOW_CTX_DAG_RUN_ID=scheduled__2023-02-15T00:00:00+00:00
[2023-04-06T14:05:48.703+0000] {logging_mixin.py:137} INFO - Hello World! My name is Dejan Zivanov and I am 19 years old.
[2023-04-06T14:05:48.703+0000] {python.py:177} INFO - Done. Returned value was: None
[2023-04-06T14:05:48.731+0000] {taskinstance.py:1332} INFO - Marking task as SUCCESS. dag_id=dag_with_taskflow_api_v02, task_id=greet, execution_date=20230215T000000, start_date=20230406T140547, end_date=20230406T140548
[2023-04-06T14:05:48.777+0000] {local_task_job.py:212} INFO - Task exited with return code 0
[2023-04-06T14:05:48.899+0000] {taskinstance.py:2596} INFO - 0 downstream tasks scheduled from follow-on schedule check
