[2023-04-06T17:01:44.812+0000] {processor.py:153} INFO - Started process (PID=168) to work on /opt/airflow/dags/dag_with_cron_expression.py
[2023-04-06T17:01:44.812+0000] {processor.py:743} INFO - Processing file /opt/airflow/dags/dag_with_cron_expression.py for tasks to queue
[2023-04-06T17:01:44.814+0000] {logging_mixin.py:137} INFO - [2023-04-06T17:01:44.813+0000] {dagbag.py:532} INFO - Filling up the DagBag from /opt/airflow/dags/dag_with_cron_expression.py
[2023-04-06T17:01:44.854+0000] {processor.py:753} INFO - DAG(s) dict_keys(['dag_with_cron_expression_v01']) retrieved from /opt/airflow/dags/dag_with_cron_expression.py
[2023-04-06T17:01:45.085+0000] {logging_mixin.py:137} INFO - [2023-04-06T17:01:45.085+0000] {manager.py:504} INFO - Created Permission View: can delete on DAG:dag_with_cron_expression_v01
[2023-04-06T17:01:45.094+0000] {logging_mixin.py:137} INFO - [2023-04-06T17:01:45.094+0000] {manager.py:504} INFO - Created Permission View: can read on DAG:dag_with_cron_expression_v01
[2023-04-06T17:01:45.100+0000] {logging_mixin.py:137} INFO - [2023-04-06T17:01:45.100+0000] {manager.py:504} INFO - Created Permission View: can edit on DAG:dag_with_cron_expression_v01
[2023-04-06T17:01:45.100+0000] {logging_mixin.py:137} INFO - [2023-04-06T17:01:45.100+0000] {dag.py:2705} INFO - Sync 1 DAGs
[2023-04-06T17:01:45.120+0000] {logging_mixin.py:137} INFO - [2023-04-06T17:01:45.120+0000] {dag.py:2726} INFO - Creating ORM DAG for dag_with_cron_expression_v01
[2023-04-06T17:01:45.136+0000] {logging_mixin.py:137} INFO - [2023-04-06T17:01:45.136+0000] {dag.py:3456} INFO - Setting next_dagrun for dag_with_cron_expression_v01 to 2023-04-01T00:00:00+00:00, run_after=2023-04-02T00:00:00+00:00
[2023-04-06T17:01:45.153+0000] {processor.py:175} INFO - Processing /opt/airflow/dags/dag_with_cron_expression.py took 0.346 seconds
[2023-04-06T17:02:04.856+0000] {processor.py:153} INFO - Started process (PID=392) to work on /opt/airflow/dags/dag_with_cron_expression.py
[2023-04-06T17:02:04.856+0000] {processor.py:743} INFO - Processing file /opt/airflow/dags/dag_with_cron_expression.py for tasks to queue
[2023-04-06T17:02:04.857+0000] {logging_mixin.py:137} INFO - [2023-04-06T17:02:04.857+0000] {dagbag.py:532} INFO - Filling up the DagBag from /opt/airflow/dags/dag_with_cron_expression.py
[2023-04-06T17:02:04.859+0000] {logging_mixin.py:137} INFO - [2023-04-06T17:02:04.858+0000] {dagbag.py:341} ERROR - Failed to import: /opt/airflow/dags/dag_with_cron_expression.py
Traceback (most recent call last):
  File "/home/airflow/.local/lib/python3.7/site-packages/airflow/models/dagbag.py", line 337, in parse
    loader.exec_module(new_module)
  File "<frozen importlib._bootstrap_external>", line 724, in exec_module
  File "<frozen importlib._bootstrap_external>", line 860, in get_code
  File "<frozen importlib._bootstrap_external>", line 791, in source_to_code
  File "<frozen importlib._bootstrap>", line 219, in _call_with_frames_removed
  File "/opt/airflow/dags/dag_with_cron_expression.py", line 3
    from airflow.operators. import BashOperator
                                 ^
SyntaxError: invalid syntax
[2023-04-06T17:02:04.859+0000] {processor.py:755} WARNING - No viable dags retrieved from /opt/airflow/dags/dag_with_cron_expression.py
[2023-04-06T17:02:04.879+0000] {processor.py:175} INFO - Processing /opt/airflow/dags/dag_with_cron_expression.py took 0.026 seconds
[2023-04-06T17:02:07.873+0000] {processor.py:153} INFO - Started process (PID=397) to work on /opt/airflow/dags/dag_with_cron_expression.py
[2023-04-06T17:02:07.874+0000] {processor.py:743} INFO - Processing file /opt/airflow/dags/dag_with_cron_expression.py for tasks to queue
[2023-04-06T17:02:07.874+0000] {logging_mixin.py:137} INFO - [2023-04-06T17:02:07.874+0000] {dagbag.py:532} INFO - Filling up the DagBag from /opt/airflow/dags/dag_with_cron_expression.py
[2023-04-06T17:02:07.889+0000] {processor.py:753} INFO - DAG(s) dict_keys(['dag_with_cron_expression_v01']) retrieved from /opt/airflow/dags/dag_with_cron_expression.py
[2023-04-06T17:02:07.899+0000] {logging_mixin.py:137} INFO - [2023-04-06T17:02:07.898+0000] {dag.py:2705} INFO - Sync 1 DAGs
[2023-04-06T17:02:07.933+0000] {logging_mixin.py:137} INFO - [2023-04-06T17:02:07.933+0000] {dag.py:3456} INFO - Setting next_dagrun for dag_with_cron_expression_v01 to 2023-04-01T00:00:00+00:00, run_after=2023-04-02T00:00:00+00:00
[2023-04-06T17:02:07.954+0000] {processor.py:175} INFO - Processing /opt/airflow/dags/dag_with_cron_expression.py took 0.083 seconds
[2023-04-06T17:02:38.651+0000] {processor.py:153} INFO - Started process (PID=620) to work on /opt/airflow/dags/dag_with_cron_expression.py
[2023-04-06T17:02:38.652+0000] {processor.py:743} INFO - Processing file /opt/airflow/dags/dag_with_cron_expression.py for tasks to queue
[2023-04-06T17:02:38.652+0000] {logging_mixin.py:137} INFO - [2023-04-06T17:02:38.652+0000] {dagbag.py:532} INFO - Filling up the DagBag from /opt/airflow/dags/dag_with_cron_expression.py
[2023-04-06T17:02:38.669+0000] {processor.py:753} INFO - DAG(s) dict_keys(['dag_with_cron_expression_v01']) retrieved from /opt/airflow/dags/dag_with_cron_expression.py
[2023-04-06T17:02:38.696+0000] {logging_mixin.py:137} INFO - [2023-04-06T17:02:38.696+0000] {dag.py:2705} INFO - Sync 1 DAGs
[2023-04-06T17:02:38.734+0000] {logging_mixin.py:137} INFO - [2023-04-06T17:02:38.734+0000] {dag.py:3456} INFO - Setting next_dagrun for dag_with_cron_expression_v01 to 2023-04-01T00:00:00+00:00, run_after=2023-04-02T00:00:00+00:00
[2023-04-06T17:02:38.753+0000] {processor.py:175} INFO - Processing /opt/airflow/dags/dag_with_cron_expression.py took 0.105 seconds
[2023-04-06T17:03:08.948+0000] {processor.py:153} INFO - Started process (PID=843) to work on /opt/airflow/dags/dag_with_cron_expression.py
[2023-04-06T17:03:08.948+0000] {processor.py:743} INFO - Processing file /opt/airflow/dags/dag_with_cron_expression.py for tasks to queue
[2023-04-06T17:03:08.949+0000] {logging_mixin.py:137} INFO - [2023-04-06T17:03:08.949+0000] {dagbag.py:532} INFO - Filling up the DagBag from /opt/airflow/dags/dag_with_cron_expression.py
[2023-04-06T17:03:08.964+0000] {processor.py:753} INFO - DAG(s) dict_keys(['dag_with_cron_expression_v01']) retrieved from /opt/airflow/dags/dag_with_cron_expression.py
[2023-04-06T17:03:08.989+0000] {logging_mixin.py:137} INFO - [2023-04-06T17:03:08.989+0000] {dag.py:2705} INFO - Sync 1 DAGs
[2023-04-06T17:03:09.031+0000] {logging_mixin.py:137} INFO - [2023-04-06T17:03:09.031+0000] {dag.py:3456} INFO - Setting next_dagrun for dag_with_cron_expression_v01 to 2023-04-01T00:00:00+00:00, run_after=2023-04-02T00:00:00+00:00
[2023-04-06T17:03:09.049+0000] {processor.py:175} INFO - Processing /opt/airflow/dags/dag_with_cron_expression.py took 0.104 seconds
[2023-04-06T17:03:39.127+0000] {processor.py:153} INFO - Started process (PID=1066) to work on /opt/airflow/dags/dag_with_cron_expression.py
[2023-04-06T17:03:39.127+0000] {processor.py:743} INFO - Processing file /opt/airflow/dags/dag_with_cron_expression.py for tasks to queue
[2023-04-06T17:03:39.128+0000] {logging_mixin.py:137} INFO - [2023-04-06T17:03:39.128+0000] {dagbag.py:532} INFO - Filling up the DagBag from /opt/airflow/dags/dag_with_cron_expression.py
[2023-04-06T17:03:39.147+0000] {processor.py:753} INFO - DAG(s) dict_keys(['dag_with_cron_expression_v01']) retrieved from /opt/airflow/dags/dag_with_cron_expression.py
[2023-04-06T17:03:39.170+0000] {logging_mixin.py:137} INFO - [2023-04-06T17:03:39.170+0000] {dag.py:2705} INFO - Sync 1 DAGs
[2023-04-06T17:03:39.206+0000] {logging_mixin.py:137} INFO - [2023-04-06T17:03:39.206+0000] {dag.py:3456} INFO - Setting next_dagrun for dag_with_cron_expression_v01 to 2023-04-01T00:00:00+00:00, run_after=2023-04-02T00:00:00+00:00
[2023-04-06T17:03:39.228+0000] {processor.py:175} INFO - Processing /opt/airflow/dags/dag_with_cron_expression.py took 0.104 seconds
[2023-04-06T17:04:09.588+0000] {processor.py:153} INFO - Started process (PID=1289) to work on /opt/airflow/dags/dag_with_cron_expression.py
[2023-04-06T17:04:09.588+0000] {processor.py:743} INFO - Processing file /opt/airflow/dags/dag_with_cron_expression.py for tasks to queue
[2023-04-06T17:04:09.589+0000] {logging_mixin.py:137} INFO - [2023-04-06T17:04:09.589+0000] {dagbag.py:532} INFO - Filling up the DagBag from /opt/airflow/dags/dag_with_cron_expression.py
[2023-04-06T17:04:09.604+0000] {processor.py:753} INFO - DAG(s) dict_keys(['dag_with_cron_expression_v01']) retrieved from /opt/airflow/dags/dag_with_cron_expression.py
[2023-04-06T17:04:09.627+0000] {logging_mixin.py:137} INFO - [2023-04-06T17:04:09.627+0000] {dag.py:2705} INFO - Sync 1 DAGs
[2023-04-06T17:04:09.667+0000] {logging_mixin.py:137} INFO - [2023-04-06T17:04:09.667+0000] {dag.py:3456} INFO - Setting next_dagrun for dag_with_cron_expression_v01 to 2023-04-01T00:00:00+00:00, run_after=2023-04-02T00:00:00+00:00
[2023-04-06T17:04:09.687+0000] {processor.py:175} INFO - Processing /opt/airflow/dags/dag_with_cron_expression.py took 0.101 seconds
[2023-04-06T17:04:39.967+0000] {processor.py:153} INFO - Started process (PID=1513) to work on /opt/airflow/dags/dag_with_cron_expression.py
[2023-04-06T17:04:39.968+0000] {processor.py:743} INFO - Processing file /opt/airflow/dags/dag_with_cron_expression.py for tasks to queue
[2023-04-06T17:04:39.969+0000] {logging_mixin.py:137} INFO - [2023-04-06T17:04:39.968+0000] {dagbag.py:532} INFO - Filling up the DagBag from /opt/airflow/dags/dag_with_cron_expression.py
[2023-04-06T17:04:39.983+0000] {processor.py:753} INFO - DAG(s) dict_keys(['dag_with_cron_expression_v01']) retrieved from /opt/airflow/dags/dag_with_cron_expression.py
[2023-04-06T17:04:40.007+0000] {logging_mixin.py:137} INFO - [2023-04-06T17:04:40.007+0000] {dag.py:2705} INFO - Sync 1 DAGs
[2023-04-06T17:04:40.042+0000] {logging_mixin.py:137} INFO - [2023-04-06T17:04:40.041+0000] {dag.py:3456} INFO - Setting next_dagrun for dag_with_cron_expression_v01 to 2023-04-01T00:00:00+00:00, run_after=2023-04-02T00:00:00+00:00
[2023-04-06T17:04:40.059+0000] {processor.py:175} INFO - Processing /opt/airflow/dags/dag_with_cron_expression.py took 0.095 seconds
[2023-04-06T17:05:10.134+0000] {processor.py:153} INFO - Started process (PID=1735) to work on /opt/airflow/dags/dag_with_cron_expression.py
[2023-04-06T17:05:10.134+0000] {processor.py:743} INFO - Processing file /opt/airflow/dags/dag_with_cron_expression.py for tasks to queue
[2023-04-06T17:05:10.135+0000] {logging_mixin.py:137} INFO - [2023-04-06T17:05:10.135+0000] {dagbag.py:532} INFO - Filling up the DagBag from /opt/airflow/dags/dag_with_cron_expression.py
[2023-04-06T17:05:10.156+0000] {processor.py:753} INFO - DAG(s) dict_keys(['dag_with_cron_expression_v01']) retrieved from /opt/airflow/dags/dag_with_cron_expression.py
[2023-04-06T17:05:10.191+0000] {logging_mixin.py:137} INFO - [2023-04-06T17:05:10.190+0000] {dag.py:2705} INFO - Sync 1 DAGs
[2023-04-06T17:05:10.239+0000] {logging_mixin.py:137} INFO - [2023-04-06T17:05:10.239+0000] {dag.py:3456} INFO - Setting next_dagrun for dag_with_cron_expression_v01 to 2023-04-01T00:00:00+00:00, run_after=2023-04-02T00:00:00+00:00
[2023-04-06T17:05:10.265+0000] {processor.py:175} INFO - Processing /opt/airflow/dags/dag_with_cron_expression.py took 0.134 seconds
[2023-04-06T17:05:40.859+0000] {processor.py:153} INFO - Started process (PID=1982) to work on /opt/airflow/dags/dag_with_cron_expression.py
[2023-04-06T17:05:40.860+0000] {processor.py:743} INFO - Processing file /opt/airflow/dags/dag_with_cron_expression.py for tasks to queue
[2023-04-06T17:05:40.861+0000] {logging_mixin.py:137} INFO - [2023-04-06T17:05:40.861+0000] {dagbag.py:532} INFO - Filling up the DagBag from /opt/airflow/dags/dag_with_cron_expression.py
[2023-04-06T17:05:40.875+0000] {processor.py:753} INFO - DAG(s) dict_keys(['dag_with_cron_expression_v01']) retrieved from /opt/airflow/dags/dag_with_cron_expression.py
[2023-04-06T17:05:40.898+0000] {logging_mixin.py:137} INFO - [2023-04-06T17:05:40.898+0000] {dag.py:2705} INFO - Sync 1 DAGs
[2023-04-06T17:05:40.934+0000] {logging_mixin.py:137} INFO - [2023-04-06T17:05:40.934+0000] {dag.py:3456} INFO - Setting next_dagrun for dag_with_cron_expression_v01 to 2023-04-06T00:00:00+00:00, run_after=2023-04-07T00:00:00+00:00
[2023-04-06T17:05:40.955+0000] {processor.py:175} INFO - Processing /opt/airflow/dags/dag_with_cron_expression.py took 0.099 seconds
[2023-04-06T17:05:44.996+0000] {processor.py:153} INFO - Started process (PID=1987) to work on /opt/airflow/dags/dag_with_cron_expression.py
[2023-04-06T17:05:44.997+0000] {processor.py:743} INFO - Processing file /opt/airflow/dags/dag_with_cron_expression.py for tasks to queue
[2023-04-06T17:05:44.997+0000] {logging_mixin.py:137} INFO - [2023-04-06T17:05:44.997+0000] {dagbag.py:532} INFO - Filling up the DagBag from /opt/airflow/dags/dag_with_cron_expression.py
[2023-04-06T17:05:44.999+0000] {logging_mixin.py:137} INFO - [2023-04-06T17:05:44.998+0000] {dagbag.py:341} ERROR - Failed to import: /opt/airflow/dags/dag_with_cron_expression.py
Traceback (most recent call last):
  File "/home/airflow/.local/lib/python3.7/site-packages/airflow/models/dagbag.py", line 337, in parse
    loader.exec_module(new_module)
  File "<frozen importlib._bootstrap_external>", line 724, in exec_module
  File "<frozen importlib._bootstrap_external>", line 860, in get_code
  File "<frozen importlib._bootstrap_external>", line 791, in source_to_code
  File "<frozen importlib._bootstrap>", line 219, in _call_with_frames_removed
  File "/opt/airflow/dags/dag_with_cron_expression.py", line 15
    schedule_interval=',
                       ^
SyntaxError: EOL while scanning string literal
[2023-04-06T17:05:44.999+0000] {processor.py:755} WARNING - No viable dags retrieved from /opt/airflow/dags/dag_with_cron_expression.py
[2023-04-06T17:05:45.016+0000] {processor.py:175} INFO - Processing /opt/airflow/dags/dag_with_cron_expression.py took 0.022 seconds
[2023-04-06T17:05:47.014+0000] {processor.py:153} INFO - Started process (PID=1992) to work on /opt/airflow/dags/dag_with_cron_expression.py
[2023-04-06T17:05:47.015+0000] {processor.py:743} INFO - Processing file /opt/airflow/dags/dag_with_cron_expression.py for tasks to queue
[2023-04-06T17:05:47.015+0000] {logging_mixin.py:137} INFO - [2023-04-06T17:05:47.015+0000] {dagbag.py:532} INFO - Filling up the DagBag from /opt/airflow/dags/dag_with_cron_expression.py
[2023-04-06T17:05:47.032+0000] {processor.py:753} INFO - DAG(s) dict_keys(['dag_with_cron_expression_v01']) retrieved from /opt/airflow/dags/dag_with_cron_expression.py
[2023-04-06T17:05:47.117+0000] {logging_mixin.py:137} INFO - [2023-04-06T17:05:47.117+0000] {dag.py:2705} INFO - Sync 1 DAGs
[2023-04-06T17:05:47.152+0000] {logging_mixin.py:137} INFO - [2023-04-06T17:05:47.151+0000] {dag.py:3456} INFO - Setting next_dagrun for dag_with_cron_expression_v01 to 2023-04-06T00:00:00+00:00, run_after=2023-04-07T00:00:00+00:00
[2023-04-06T17:05:47.173+0000] {processor.py:175} INFO - Processing /opt/airflow/dags/dag_with_cron_expression.py took 0.162 seconds
[2023-04-06T17:05:54.038+0000] {processor.py:153} INFO - Started process (PID=2202) to work on /opt/airflow/dags/dag_with_cron_expression.py
[2023-04-06T17:05:54.039+0000] {processor.py:743} INFO - Processing file /opt/airflow/dags/dag_with_cron_expression.py for tasks to queue
[2023-04-06T17:05:54.039+0000] {logging_mixin.py:137} INFO - [2023-04-06T17:05:54.039+0000] {dagbag.py:532} INFO - Filling up the DagBag from /opt/airflow/dags/dag_with_cron_expression.py
[2023-04-06T17:05:54.055+0000] {processor.py:753} INFO - DAG(s) dict_keys(['dag_with_cron_expression_v02']) retrieved from /opt/airflow/dags/dag_with_cron_expression.py
[2023-04-06T17:05:54.202+0000] {logging_mixin.py:137} INFO - [2023-04-06T17:05:54.202+0000] {manager.py:504} INFO - Created Permission View: can delete on DAG:dag_with_cron_expression_v02
[2023-04-06T17:05:54.213+0000] {logging_mixin.py:137} INFO - [2023-04-06T17:05:54.213+0000] {manager.py:504} INFO - Created Permission View: can read on DAG:dag_with_cron_expression_v02
[2023-04-06T17:05:54.219+0000] {logging_mixin.py:137} INFO - [2023-04-06T17:05:54.219+0000] {manager.py:504} INFO - Created Permission View: can edit on DAG:dag_with_cron_expression_v02
[2023-04-06T17:05:54.220+0000] {logging_mixin.py:137} INFO - [2023-04-06T17:05:54.220+0000] {dag.py:2705} INFO - Sync 1 DAGs
[2023-04-06T17:05:54.244+0000] {logging_mixin.py:137} INFO - [2023-04-06T17:05:54.244+0000] {dag.py:2726} INFO - Creating ORM DAG for dag_with_cron_expression_v02
[2023-04-06T17:05:54.264+0000] {logging_mixin.py:137} INFO - [2023-04-06T17:05:54.264+0000] {dag.py:3456} INFO - Setting next_dagrun for dag_with_cron_expression_v02 to 2023-04-01T00:00:00+00:00, run_after=2023-04-02T00:00:00+00:00
[2023-04-06T17:05:54.283+0000] {processor.py:175} INFO - Processing /opt/airflow/dags/dag_with_cron_expression.py took 0.247 seconds
[2023-04-06T17:06:24.711+0000] {processor.py:153} INFO - Started process (PID=2448) to work on /opt/airflow/dags/dag_with_cron_expression.py
[2023-04-06T17:06:24.712+0000] {processor.py:743} INFO - Processing file /opt/airflow/dags/dag_with_cron_expression.py for tasks to queue
[2023-04-06T17:06:24.713+0000] {logging_mixin.py:137} INFO - [2023-04-06T17:06:24.713+0000] {dagbag.py:532} INFO - Filling up the DagBag from /opt/airflow/dags/dag_with_cron_expression.py
[2023-04-06T17:06:24.729+0000] {processor.py:753} INFO - DAG(s) dict_keys(['dag_with_cron_expression_v02']) retrieved from /opt/airflow/dags/dag_with_cron_expression.py
[2023-04-06T17:06:24.766+0000] {logging_mixin.py:137} INFO - [2023-04-06T17:06:24.765+0000] {dag.py:2705} INFO - Sync 1 DAGs
[2023-04-06T17:06:24.809+0000] {logging_mixin.py:137} INFO - [2023-04-06T17:06:24.809+0000] {dag.py:3456} INFO - Setting next_dagrun for dag_with_cron_expression_v02 to 2023-04-06T00:00:00+00:00, run_after=2023-04-07T00:00:00+00:00
[2023-04-06T17:06:24.834+0000] {processor.py:175} INFO - Processing /opt/airflow/dags/dag_with_cron_expression.py took 0.127 seconds
[2023-04-06T17:06:55.609+0000] {processor.py:153} INFO - Started process (PID=2671) to work on /opt/airflow/dags/dag_with_cron_expression.py
[2023-04-06T17:06:55.609+0000] {processor.py:743} INFO - Processing file /opt/airflow/dags/dag_with_cron_expression.py for tasks to queue
[2023-04-06T17:06:55.612+0000] {logging_mixin.py:137} INFO - [2023-04-06T17:06:55.612+0000] {dagbag.py:532} INFO - Filling up the DagBag from /opt/airflow/dags/dag_with_cron_expression.py
[2023-04-06T17:06:55.630+0000] {processor.py:753} INFO - DAG(s) dict_keys(['dag_with_cron_expression_v02']) retrieved from /opt/airflow/dags/dag_with_cron_expression.py
[2023-04-06T17:06:55.659+0000] {logging_mixin.py:137} INFO - [2023-04-06T17:06:55.659+0000] {dag.py:2705} INFO - Sync 1 DAGs
[2023-04-06T17:06:55.705+0000] {logging_mixin.py:137} INFO - [2023-04-06T17:06:55.704+0000] {dag.py:3456} INFO - Setting next_dagrun for dag_with_cron_expression_v02 to 2023-04-06T00:00:00+00:00, run_after=2023-04-07T00:00:00+00:00
[2023-04-06T17:06:55.731+0000] {processor.py:175} INFO - Processing /opt/airflow/dags/dag_with_cron_expression.py took 0.126 seconds
[2023-04-06T17:07:25.878+0000] {processor.py:153} INFO - Started process (PID=2894) to work on /opt/airflow/dags/dag_with_cron_expression.py
[2023-04-06T17:07:25.878+0000] {processor.py:743} INFO - Processing file /opt/airflow/dags/dag_with_cron_expression.py for tasks to queue
[2023-04-06T17:07:25.879+0000] {logging_mixin.py:137} INFO - [2023-04-06T17:07:25.879+0000] {dagbag.py:532} INFO - Filling up the DagBag from /opt/airflow/dags/dag_with_cron_expression.py
[2023-04-06T17:07:25.895+0000] {processor.py:753} INFO - DAG(s) dict_keys(['dag_with_cron_expression_v02']) retrieved from /opt/airflow/dags/dag_with_cron_expression.py
[2023-04-06T17:07:25.922+0000] {logging_mixin.py:137} INFO - [2023-04-06T17:07:25.922+0000] {dag.py:2705} INFO - Sync 1 DAGs
[2023-04-06T17:07:25.966+0000] {logging_mixin.py:137} INFO - [2023-04-06T17:07:25.965+0000] {dag.py:3456} INFO - Setting next_dagrun for dag_with_cron_expression_v02 to 2023-04-06T00:00:00+00:00, run_after=2023-04-07T00:00:00+00:00
[2023-04-06T17:07:25.989+0000] {processor.py:175} INFO - Processing /opt/airflow/dags/dag_with_cron_expression.py took 0.114 seconds
[2023-04-06T17:07:35.307+0000] {processor.py:153} INFO - Started process (PID=2912) to work on /opt/airflow/dags/dag_with_cron_expression.py
[2023-04-06T17:07:35.308+0000] {processor.py:743} INFO - Processing file /opt/airflow/dags/dag_with_cron_expression.py for tasks to queue
[2023-04-06T17:07:35.308+0000] {logging_mixin.py:137} INFO - [2023-04-06T17:07:35.308+0000] {dagbag.py:532} INFO - Filling up the DagBag from /opt/airflow/dags/dag_with_cron_expression.py
[2023-04-06T17:07:35.318+0000] {logging_mixin.py:137} INFO - [2023-04-06T17:07:35.316+0000] {dagbag.py:438} ERROR - Failed to bag_dag: /opt/airflow/dags/dag_with_cron_expression.py
Traceback (most recent call last):
  File "/home/airflow/.local/lib/python3.7/site-packages/airflow/timetables/_cron.py", line 88, in validate
    croniter(self._expression)
  File "/home/airflow/.local/lib/python3.7/site-packages/croniter/croniter.py", line 166, in __init__
    self.expanded, self.nth_weekday_of_month = self.expand(expr_format, hash_id=hash_id)
  File "/home/airflow/.local/lib/python3.7/site-packages/croniter/croniter.py", line 778, in expand
    return cls._expand(expr_format, hash_id=hash_id)
  File "/home/airflow/.local/lib/python3.7/site-packages/croniter/croniter.py", line 624, in _expand
    raise CroniterBadCronError(cls.bad_length)
croniter.croniter.CroniterBadCronError: Exactly 5 or 6 columns has to be specified for iterator expression.

During handling of the above exception, another exception occurred:

Traceback (most recent call last):
  File "/home/airflow/.local/lib/python3.7/site-packages/airflow/models/dagbag.py", line 435, in _process_modules
    dag.validate()
  File "/home/airflow/.local/lib/python3.7/site-packages/airflow/models/dag.py", line 669, in validate
    self.timetable.validate()
  File "/home/airflow/.local/lib/python3.7/site-packages/airflow/timetables/_cron.py", line 90, in validate
    raise AirflowTimetableInvalid(str(e))
airflow.exceptions.AirflowTimetableInvalid: Exactly 5 or 6 columns has to be specified for iterator expression.
[2023-04-06T17:07:35.319+0000] {processor.py:755} WARNING - No viable dags retrieved from /opt/airflow/dags/dag_with_cron_expression.py
[2023-04-06T17:07:35.334+0000] {processor.py:175} INFO - Processing /opt/airflow/dags/dag_with_cron_expression.py took 0.031 seconds
[2023-04-06T17:07:40.369+0000] {processor.py:153} INFO - Started process (PID=2917) to work on /opt/airflow/dags/dag_with_cron_expression.py
[2023-04-06T17:07:40.370+0000] {processor.py:743} INFO - Processing file /opt/airflow/dags/dag_with_cron_expression.py for tasks to queue
[2023-04-06T17:07:40.370+0000] {logging_mixin.py:137} INFO - [2023-04-06T17:07:40.370+0000] {dagbag.py:532} INFO - Filling up the DagBag from /opt/airflow/dags/dag_with_cron_expression.py
[2023-04-06T17:07:40.385+0000] {processor.py:753} INFO - DAG(s) dict_keys(['dag_with_cron_expression_v02']) retrieved from /opt/airflow/dags/dag_with_cron_expression.py
[2023-04-06T17:07:40.475+0000] {logging_mixin.py:137} INFO - [2023-04-06T17:07:40.475+0000] {dag.py:2705} INFO - Sync 1 DAGs
[2023-04-06T17:07:40.514+0000] {logging_mixin.py:137} INFO - [2023-04-06T17:07:40.514+0000] {dag.py:3456} INFO - Setting next_dagrun for dag_with_cron_expression_v02 to 2023-04-04T03:00:00+00:00, run_after=2023-04-11T03:00:00+00:00
[2023-04-06T17:07:40.536+0000] {processor.py:175} INFO - Processing /opt/airflow/dags/dag_with_cron_expression.py took 0.170 seconds
[2023-04-06T17:07:46.596+0000] {processor.py:153} INFO - Started process (PID=2922) to work on /opt/airflow/dags/dag_with_cron_expression.py
[2023-04-06T17:07:46.597+0000] {processor.py:743} INFO - Processing file /opt/airflow/dags/dag_with_cron_expression.py for tasks to queue
[2023-04-06T17:07:46.597+0000] {logging_mixin.py:137} INFO - [2023-04-06T17:07:46.597+0000] {dagbag.py:532} INFO - Filling up the DagBag from /opt/airflow/dags/dag_with_cron_expression.py
[2023-04-06T17:07:46.612+0000] {processor.py:753} INFO - DAG(s) dict_keys(['dag_with_cron_expression_v03']) retrieved from /opt/airflow/dags/dag_with_cron_expression.py
[2023-04-06T17:07:46.762+0000] {logging_mixin.py:137} INFO - [2023-04-06T17:07:46.762+0000] {manager.py:504} INFO - Created Permission View: can delete on DAG:dag_with_cron_expression_v03
[2023-04-06T17:07:46.772+0000] {logging_mixin.py:137} INFO - [2023-04-06T17:07:46.772+0000] {manager.py:504} INFO - Created Permission View: can read on DAG:dag_with_cron_expression_v03
[2023-04-06T17:07:46.779+0000] {logging_mixin.py:137} INFO - [2023-04-06T17:07:46.779+0000] {manager.py:504} INFO - Created Permission View: can edit on DAG:dag_with_cron_expression_v03
[2023-04-06T17:07:46.779+0000] {logging_mixin.py:137} INFO - [2023-04-06T17:07:46.779+0000] {dag.py:2705} INFO - Sync 1 DAGs
[2023-04-06T17:07:46.801+0000] {logging_mixin.py:137} INFO - [2023-04-06T17:07:46.801+0000] {dag.py:2726} INFO - Creating ORM DAG for dag_with_cron_expression_v03
[2023-04-06T17:07:46.829+0000] {logging_mixin.py:137} INFO - [2023-04-06T17:07:46.828+0000] {dag.py:3456} INFO - Setting next_dagrun for dag_with_cron_expression_v03 to 2023-04-04T03:00:00+00:00, run_after=2023-04-11T03:00:00+00:00
[2023-04-06T17:07:46.851+0000] {processor.py:175} INFO - Processing /opt/airflow/dags/dag_with_cron_expression.py took 0.257 seconds
[2023-04-06T17:08:17.317+0000] {processor.py:153} INFO - Started process (PID=3144) to work on /opt/airflow/dags/dag_with_cron_expression.py
[2023-04-06T17:08:17.318+0000] {processor.py:743} INFO - Processing file /opt/airflow/dags/dag_with_cron_expression.py for tasks to queue
[2023-04-06T17:08:17.318+0000] {logging_mixin.py:137} INFO - [2023-04-06T17:08:17.318+0000] {dagbag.py:532} INFO - Filling up the DagBag from /opt/airflow/dags/dag_with_cron_expression.py
[2023-04-06T17:08:17.336+0000] {processor.py:753} INFO - DAG(s) dict_keys(['dag_with_cron_expression_v03']) retrieved from /opt/airflow/dags/dag_with_cron_expression.py
[2023-04-06T17:08:17.368+0000] {logging_mixin.py:137} INFO - [2023-04-06T17:08:17.368+0000] {dag.py:2705} INFO - Sync 1 DAGs
[2023-04-06T17:08:17.412+0000] {logging_mixin.py:137} INFO - [2023-04-06T17:08:17.411+0000] {dag.py:3456} INFO - Setting next_dagrun for dag_with_cron_expression_v03 to 2023-04-04T03:00:00+00:00, run_after=2023-04-11T03:00:00+00:00
[2023-04-06T17:08:17.433+0000] {processor.py:175} INFO - Processing /opt/airflow/dags/dag_with_cron_expression.py took 0.120 seconds
[2023-04-06T17:08:47.898+0000] {processor.py:153} INFO - Started process (PID=3371) to work on /opt/airflow/dags/dag_with_cron_expression.py
[2023-04-06T17:08:47.899+0000] {processor.py:743} INFO - Processing file /opt/airflow/dags/dag_with_cron_expression.py for tasks to queue
[2023-04-06T17:08:47.900+0000] {logging_mixin.py:137} INFO - [2023-04-06T17:08:47.900+0000] {dagbag.py:532} INFO - Filling up the DagBag from /opt/airflow/dags/dag_with_cron_expression.py
[2023-04-06T17:08:47.919+0000] {processor.py:753} INFO - DAG(s) dict_keys(['dag_with_cron_expression_v03']) retrieved from /opt/airflow/dags/dag_with_cron_expression.py
[2023-04-06T17:08:47.952+0000] {logging_mixin.py:137} INFO - [2023-04-06T17:08:47.952+0000] {dag.py:2705} INFO - Sync 1 DAGs
[2023-04-06T17:08:48.000+0000] {logging_mixin.py:137} INFO - [2023-04-06T17:08:48.000+0000] {dag.py:3456} INFO - Setting next_dagrun for dag_with_cron_expression_v03 to 2023-04-04T03:00:00+00:00, run_after=2023-04-11T03:00:00+00:00
[2023-04-06T17:08:48.027+0000] {processor.py:175} INFO - Processing /opt/airflow/dags/dag_with_cron_expression.py took 0.132 seconds
[2023-04-06T17:09:18.452+0000] {processor.py:153} INFO - Started process (PID=3593) to work on /opt/airflow/dags/dag_with_cron_expression.py
[2023-04-06T17:09:18.453+0000] {processor.py:743} INFO - Processing file /opt/airflow/dags/dag_with_cron_expression.py for tasks to queue
[2023-04-06T17:09:18.453+0000] {logging_mixin.py:137} INFO - [2023-04-06T17:09:18.453+0000] {dagbag.py:532} INFO - Filling up the DagBag from /opt/airflow/dags/dag_with_cron_expression.py
[2023-04-06T17:09:18.471+0000] {processor.py:753} INFO - DAG(s) dict_keys(['dag_with_cron_expression_v03']) retrieved from /opt/airflow/dags/dag_with_cron_expression.py
[2023-04-06T17:09:18.501+0000] {logging_mixin.py:137} INFO - [2023-04-06T17:09:18.500+0000] {dag.py:2705} INFO - Sync 1 DAGs
[2023-04-06T17:09:18.548+0000] {logging_mixin.py:137} INFO - [2023-04-06T17:09:18.548+0000] {dag.py:3456} INFO - Setting next_dagrun for dag_with_cron_expression_v03 to 2023-04-04T03:00:00+00:00, run_after=2023-04-11T03:00:00+00:00
[2023-04-06T17:09:18.569+0000] {processor.py:175} INFO - Processing /opt/airflow/dags/dag_with_cron_expression.py took 0.121 seconds
[2023-04-06T17:09:48.676+0000] {processor.py:153} INFO - Started process (PID=3816) to work on /opt/airflow/dags/dag_with_cron_expression.py
[2023-04-06T17:09:48.678+0000] {processor.py:743} INFO - Processing file /opt/airflow/dags/dag_with_cron_expression.py for tasks to queue
[2023-04-06T17:09:48.679+0000] {logging_mixin.py:137} INFO - [2023-04-06T17:09:48.679+0000] {dagbag.py:532} INFO - Filling up the DagBag from /opt/airflow/dags/dag_with_cron_expression.py
[2023-04-06T17:09:48.697+0000] {processor.py:753} INFO - DAG(s) dict_keys(['dag_with_cron_expression_v03']) retrieved from /opt/airflow/dags/dag_with_cron_expression.py
[2023-04-06T17:09:48.732+0000] {logging_mixin.py:137} INFO - [2023-04-06T17:09:48.732+0000] {dag.py:2705} INFO - Sync 1 DAGs
[2023-04-06T17:09:48.781+0000] {logging_mixin.py:137} INFO - [2023-04-06T17:09:48.781+0000] {dag.py:3456} INFO - Setting next_dagrun for dag_with_cron_expression_v03 to 2023-04-04T03:00:00+00:00, run_after=2023-04-11T03:00:00+00:00
[2023-04-06T17:09:48.812+0000] {processor.py:175} INFO - Processing /opt/airflow/dags/dag_with_cron_expression.py took 0.140 seconds
[2023-04-06T17:10:19.330+0000] {processor.py:153} INFO - Started process (PID=4039) to work on /opt/airflow/dags/dag_with_cron_expression.py
[2023-04-06T17:10:19.332+0000] {processor.py:743} INFO - Processing file /opt/airflow/dags/dag_with_cron_expression.py for tasks to queue
[2023-04-06T17:10:19.332+0000] {logging_mixin.py:137} INFO - [2023-04-06T17:10:19.332+0000] {dagbag.py:532} INFO - Filling up the DagBag from /opt/airflow/dags/dag_with_cron_expression.py
[2023-04-06T17:10:19.356+0000] {processor.py:753} INFO - DAG(s) dict_keys(['dag_with_cron_expression_v03']) retrieved from /opt/airflow/dags/dag_with_cron_expression.py
[2023-04-06T17:10:19.391+0000] {logging_mixin.py:137} INFO - [2023-04-06T17:10:19.390+0000] {dag.py:2705} INFO - Sync 1 DAGs
[2023-04-06T17:10:19.447+0000] {logging_mixin.py:137} INFO - [2023-04-06T17:10:19.446+0000] {dag.py:3456} INFO - Setting next_dagrun for dag_with_cron_expression_v03 to 2023-04-04T03:00:00+00:00, run_after=2023-04-11T03:00:00+00:00
[2023-04-06T17:10:19.481+0000] {processor.py:175} INFO - Processing /opt/airflow/dags/dag_with_cron_expression.py took 0.154 seconds
[2023-04-06T17:10:49.809+0000] {processor.py:153} INFO - Started process (PID=4262) to work on /opt/airflow/dags/dag_with_cron_expression.py
[2023-04-06T17:10:49.810+0000] {processor.py:743} INFO - Processing file /opt/airflow/dags/dag_with_cron_expression.py for tasks to queue
[2023-04-06T17:10:49.811+0000] {logging_mixin.py:137} INFO - [2023-04-06T17:10:49.811+0000] {dagbag.py:532} INFO - Filling up the DagBag from /opt/airflow/dags/dag_with_cron_expression.py
[2023-04-06T17:10:49.833+0000] {processor.py:753} INFO - DAG(s) dict_keys(['dag_with_cron_expression_v03']) retrieved from /opt/airflow/dags/dag_with_cron_expression.py
[2023-04-06T17:10:49.872+0000] {logging_mixin.py:137} INFO - [2023-04-06T17:10:49.871+0000] {dag.py:2705} INFO - Sync 1 DAGs
[2023-04-06T17:10:49.918+0000] {logging_mixin.py:137} INFO - [2023-04-06T17:10:49.918+0000] {dag.py:3456} INFO - Setting next_dagrun for dag_with_cron_expression_v03 to 2023-04-04T03:00:00+00:00, run_after=2023-04-11T03:00:00+00:00
[2023-04-06T17:10:49.944+0000] {processor.py:175} INFO - Processing /opt/airflow/dags/dag_with_cron_expression.py took 0.139 seconds
[2023-04-06T17:11:20.041+0000] {processor.py:153} INFO - Started process (PID=4485) to work on /opt/airflow/dags/dag_with_cron_expression.py
[2023-04-06T17:11:20.041+0000] {processor.py:743} INFO - Processing file /opt/airflow/dags/dag_with_cron_expression.py for tasks to queue
[2023-04-06T17:11:20.042+0000] {logging_mixin.py:137} INFO - [2023-04-06T17:11:20.042+0000] {dagbag.py:532} INFO - Filling up the DagBag from /opt/airflow/dags/dag_with_cron_expression.py
[2023-04-06T17:11:20.064+0000] {processor.py:753} INFO - DAG(s) dict_keys(['dag_with_cron_expression_v03']) retrieved from /opt/airflow/dags/dag_with_cron_expression.py
[2023-04-06T17:11:20.098+0000] {logging_mixin.py:137} INFO - [2023-04-06T17:11:20.097+0000] {dag.py:2705} INFO - Sync 1 DAGs
[2023-04-06T17:11:20.151+0000] {logging_mixin.py:137} INFO - [2023-04-06T17:11:20.151+0000] {dag.py:3456} INFO - Setting next_dagrun for dag_with_cron_expression_v03 to 2023-04-04T03:00:00+00:00, run_after=2023-04-11T03:00:00+00:00
[2023-04-06T17:11:20.180+0000] {processor.py:175} INFO - Processing /opt/airflow/dags/dag_with_cron_expression.py took 0.147 seconds
[2023-04-06T17:11:50.663+0000] {processor.py:153} INFO - Started process (PID=4708) to work on /opt/airflow/dags/dag_with_cron_expression.py
[2023-04-06T17:11:50.664+0000] {processor.py:743} INFO - Processing file /opt/airflow/dags/dag_with_cron_expression.py for tasks to queue
[2023-04-06T17:11:50.664+0000] {logging_mixin.py:137} INFO - [2023-04-06T17:11:50.664+0000] {dagbag.py:532} INFO - Filling up the DagBag from /opt/airflow/dags/dag_with_cron_expression.py
[2023-04-06T17:11:50.682+0000] {processor.py:753} INFO - DAG(s) dict_keys(['dag_with_cron_expression_v03']) retrieved from /opt/airflow/dags/dag_with_cron_expression.py
[2023-04-06T17:11:50.721+0000] {logging_mixin.py:137} INFO - [2023-04-06T17:11:50.721+0000] {dag.py:2705} INFO - Sync 1 DAGs
[2023-04-06T17:11:50.774+0000] {logging_mixin.py:137} INFO - [2023-04-06T17:11:50.774+0000] {dag.py:3456} INFO - Setting next_dagrun for dag_with_cron_expression_v03 to 2023-04-04T03:00:00+00:00, run_after=2023-04-11T03:00:00+00:00
[2023-04-06T17:11:50.804+0000] {processor.py:175} INFO - Processing /opt/airflow/dags/dag_with_cron_expression.py took 0.143 seconds
[2023-04-06T17:12:21.026+0000] {processor.py:153} INFO - Started process (PID=4930) to work on /opt/airflow/dags/dag_with_cron_expression.py
[2023-04-06T17:12:21.027+0000] {processor.py:743} INFO - Processing file /opt/airflow/dags/dag_with_cron_expression.py for tasks to queue
[2023-04-06T17:12:21.028+0000] {logging_mixin.py:137} INFO - [2023-04-06T17:12:21.027+0000] {dagbag.py:532} INFO - Filling up the DagBag from /opt/airflow/dags/dag_with_cron_expression.py
[2023-04-06T17:12:21.050+0000] {processor.py:753} INFO - DAG(s) dict_keys(['dag_with_cron_expression_v03']) retrieved from /opt/airflow/dags/dag_with_cron_expression.py
[2023-04-06T17:12:21.084+0000] {logging_mixin.py:137} INFO - [2023-04-06T17:12:21.083+0000] {dag.py:2705} INFO - Sync 1 DAGs
[2023-04-06T17:12:21.139+0000] {logging_mixin.py:137} INFO - [2023-04-06T17:12:21.139+0000] {dag.py:3456} INFO - Setting next_dagrun for dag_with_cron_expression_v03 to 2023-04-04T03:00:00+00:00, run_after=2023-04-11T03:00:00+00:00
[2023-04-06T17:12:21.175+0000] {processor.py:175} INFO - Processing /opt/airflow/dags/dag_with_cron_expression.py took 0.154 seconds
[2023-04-06T17:12:51.634+0000] {processor.py:153} INFO - Started process (PID=5153) to work on /opt/airflow/dags/dag_with_cron_expression.py
[2023-04-06T17:12:51.635+0000] {processor.py:743} INFO - Processing file /opt/airflow/dags/dag_with_cron_expression.py for tasks to queue
[2023-04-06T17:12:51.635+0000] {logging_mixin.py:137} INFO - [2023-04-06T17:12:51.635+0000] {dagbag.py:532} INFO - Filling up the DagBag from /opt/airflow/dags/dag_with_cron_expression.py
[2023-04-06T17:12:51.658+0000] {processor.py:753} INFO - DAG(s) dict_keys(['dag_with_cron_expression_v03']) retrieved from /opt/airflow/dags/dag_with_cron_expression.py
[2023-04-06T17:12:51.696+0000] {logging_mixin.py:137} INFO - [2023-04-06T17:12:51.696+0000] {dag.py:2705} INFO - Sync 1 DAGs
[2023-04-06T17:12:51.751+0000] {logging_mixin.py:137} INFO - [2023-04-06T17:12:51.751+0000] {dag.py:3456} INFO - Setting next_dagrun for dag_with_cron_expression_v03 to 2023-04-04T03:00:00+00:00, run_after=2023-04-11T03:00:00+00:00
[2023-04-06T17:12:51.799+0000] {processor.py:175} INFO - Processing /opt/airflow/dags/dag_with_cron_expression.py took 0.169 seconds
[2023-04-06T17:13:21.999+0000] {processor.py:153} INFO - Started process (PID=5375) to work on /opt/airflow/dags/dag_with_cron_expression.py
[2023-04-06T17:13:22.001+0000] {processor.py:743} INFO - Processing file /opt/airflow/dags/dag_with_cron_expression.py for tasks to queue
[2023-04-06T17:13:22.003+0000] {logging_mixin.py:137} INFO - [2023-04-06T17:13:22.003+0000] {dagbag.py:532} INFO - Filling up the DagBag from /opt/airflow/dags/dag_with_cron_expression.py
[2023-04-06T17:13:22.024+0000] {processor.py:753} INFO - DAG(s) dict_keys(['dag_with_cron_expression_v03']) retrieved from /opt/airflow/dags/dag_with_cron_expression.py
[2023-04-06T17:13:22.054+0000] {logging_mixin.py:137} INFO - [2023-04-06T17:13:22.053+0000] {dag.py:2705} INFO - Sync 1 DAGs
[2023-04-06T17:13:22.105+0000] {logging_mixin.py:137} INFO - [2023-04-06T17:13:22.105+0000] {dag.py:3456} INFO - Setting next_dagrun for dag_with_cron_expression_v03 to 2023-04-04T03:00:00+00:00, run_after=2023-04-11T03:00:00+00:00
[2023-04-06T17:13:22.134+0000] {processor.py:175} INFO - Processing /opt/airflow/dags/dag_with_cron_expression.py took 0.140 seconds
[2023-04-06T17:13:52.423+0000] {processor.py:153} INFO - Started process (PID=5598) to work on /opt/airflow/dags/dag_with_cron_expression.py
[2023-04-06T17:13:52.424+0000] {processor.py:743} INFO - Processing file /opt/airflow/dags/dag_with_cron_expression.py for tasks to queue
[2023-04-06T17:13:52.425+0000] {logging_mixin.py:137} INFO - [2023-04-06T17:13:52.425+0000] {dagbag.py:532} INFO - Filling up the DagBag from /opt/airflow/dags/dag_with_cron_expression.py
[2023-04-06T17:13:52.448+0000] {processor.py:753} INFO - DAG(s) dict_keys(['dag_with_cron_expression_v03']) retrieved from /opt/airflow/dags/dag_with_cron_expression.py
[2023-04-06T17:13:52.482+0000] {logging_mixin.py:137} INFO - [2023-04-06T17:13:52.481+0000] {dag.py:2705} INFO - Sync 1 DAGs
[2023-04-06T17:13:52.536+0000] {logging_mixin.py:137} INFO - [2023-04-06T17:13:52.536+0000] {dag.py:3456} INFO - Setting next_dagrun for dag_with_cron_expression_v03 to 2023-04-04T03:00:00+00:00, run_after=2023-04-11T03:00:00+00:00
[2023-04-06T17:13:52.567+0000] {processor.py:175} INFO - Processing /opt/airflow/dags/dag_with_cron_expression.py took 0.148 seconds
[2023-04-06T17:14:23.196+0000] {processor.py:153} INFO - Started process (PID=5822) to work on /opt/airflow/dags/dag_with_cron_expression.py
[2023-04-06T17:14:23.197+0000] {processor.py:743} INFO - Processing file /opt/airflow/dags/dag_with_cron_expression.py for tasks to queue
[2023-04-06T17:14:23.198+0000] {logging_mixin.py:137} INFO - [2023-04-06T17:14:23.197+0000] {dagbag.py:532} INFO - Filling up the DagBag from /opt/airflow/dags/dag_with_cron_expression.py
[2023-04-06T17:14:23.218+0000] {processor.py:753} INFO - DAG(s) dict_keys(['dag_with_cron_expression_v03']) retrieved from /opt/airflow/dags/dag_with_cron_expression.py
[2023-04-06T17:14:23.254+0000] {logging_mixin.py:137} INFO - [2023-04-06T17:14:23.254+0000] {dag.py:2705} INFO - Sync 1 DAGs
[2023-04-06T17:14:23.309+0000] {logging_mixin.py:137} INFO - [2023-04-06T17:14:23.308+0000] {dag.py:3456} INFO - Setting next_dagrun for dag_with_cron_expression_v03 to 2023-04-04T03:00:00+00:00, run_after=2023-04-11T03:00:00+00:00
[2023-04-06T17:14:23.339+0000] {processor.py:175} INFO - Processing /opt/airflow/dags/dag_with_cron_expression.py took 0.146 seconds
[2023-04-06T17:14:53.748+0000] {processor.py:153} INFO - Started process (PID=6045) to work on /opt/airflow/dags/dag_with_cron_expression.py
[2023-04-06T17:14:53.749+0000] {processor.py:743} INFO - Processing file /opt/airflow/dags/dag_with_cron_expression.py for tasks to queue
[2023-04-06T17:14:53.750+0000] {logging_mixin.py:137} INFO - [2023-04-06T17:14:53.750+0000] {dagbag.py:532} INFO - Filling up the DagBag from /opt/airflow/dags/dag_with_cron_expression.py
[2023-04-06T17:14:53.773+0000] {processor.py:753} INFO - DAG(s) dict_keys(['dag_with_cron_expression_v03']) retrieved from /opt/airflow/dags/dag_with_cron_expression.py
[2023-04-06T17:14:53.811+0000] {logging_mixin.py:137} INFO - [2023-04-06T17:14:53.810+0000] {dag.py:2705} INFO - Sync 1 DAGs
[2023-04-06T17:14:53.864+0000] {logging_mixin.py:137} INFO - [2023-04-06T17:14:53.864+0000] {dag.py:3456} INFO - Setting next_dagrun for dag_with_cron_expression_v03 to 2023-04-04T03:00:00+00:00, run_after=2023-04-11T03:00:00+00:00
[2023-04-06T17:14:53.901+0000] {processor.py:175} INFO - Processing /opt/airflow/dags/dag_with_cron_expression.py took 0.160 seconds
[2023-04-06T17:15:24.366+0000] {processor.py:153} INFO - Started process (PID=6267) to work on /opt/airflow/dags/dag_with_cron_expression.py
[2023-04-06T17:15:24.367+0000] {processor.py:743} INFO - Processing file /opt/airflow/dags/dag_with_cron_expression.py for tasks to queue
[2023-04-06T17:15:24.368+0000] {logging_mixin.py:137} INFO - [2023-04-06T17:15:24.368+0000] {dagbag.py:532} INFO - Filling up the DagBag from /opt/airflow/dags/dag_with_cron_expression.py
[2023-04-06T17:15:24.386+0000] {processor.py:753} INFO - DAG(s) dict_keys(['dag_with_cron_expression_v03']) retrieved from /opt/airflow/dags/dag_with_cron_expression.py
[2023-04-06T17:15:24.421+0000] {logging_mixin.py:137} INFO - [2023-04-06T17:15:24.421+0000] {dag.py:2705} INFO - Sync 1 DAGs
[2023-04-06T17:15:24.472+0000] {logging_mixin.py:137} INFO - [2023-04-06T17:15:24.472+0000] {dag.py:3456} INFO - Setting next_dagrun for dag_with_cron_expression_v03 to 2023-04-04T03:00:00+00:00, run_after=2023-04-11T03:00:00+00:00
[2023-04-06T17:15:24.503+0000] {processor.py:175} INFO - Processing /opt/airflow/dags/dag_with_cron_expression.py took 0.141 seconds
[2023-04-06T17:15:54.629+0000] {processor.py:153} INFO - Started process (PID=6490) to work on /opt/airflow/dags/dag_with_cron_expression.py
[2023-04-06T17:15:54.630+0000] {processor.py:743} INFO - Processing file /opt/airflow/dags/dag_with_cron_expression.py for tasks to queue
[2023-04-06T17:15:54.631+0000] {logging_mixin.py:137} INFO - [2023-04-06T17:15:54.631+0000] {dagbag.py:532} INFO - Filling up the DagBag from /opt/airflow/dags/dag_with_cron_expression.py
[2023-04-06T17:15:54.649+0000] {processor.py:753} INFO - DAG(s) dict_keys(['dag_with_cron_expression_v03']) retrieved from /opt/airflow/dags/dag_with_cron_expression.py
[2023-04-06T17:15:54.680+0000] {logging_mixin.py:137} INFO - [2023-04-06T17:15:54.680+0000] {dag.py:2705} INFO - Sync 1 DAGs
[2023-04-06T17:15:54.722+0000] {logging_mixin.py:137} INFO - [2023-04-06T17:15:54.722+0000] {dag.py:3456} INFO - Setting next_dagrun for dag_with_cron_expression_v03 to 2023-04-04T03:00:00+00:00, run_after=2023-04-11T03:00:00+00:00
[2023-04-06T17:15:54.746+0000] {processor.py:175} INFO - Processing /opt/airflow/dags/dag_with_cron_expression.py took 0.122 seconds
