[2023-04-05T16:42:10.100+0000] {taskinstance.py:1090} INFO - Dependencies all met for dep_context=non-requeueable deps ti=<TaskInstance: create_dag_with_python_operator_v02.greet scheduled__2023-03-24T00:00:00+00:00 [queued]>
[2023-04-05T16:42:10.116+0000] {taskinstance.py:1090} INFO - Dependencies all met for dep_context=requeueable deps ti=<TaskInstance: create_dag_with_python_operator_v02.greet scheduled__2023-03-24T00:00:00+00:00 [queued]>
[2023-04-05T16:42:10.117+0000] {taskinstance.py:1288} INFO - 
--------------------------------------------------------------------------------
[2023-04-05T16:42:10.117+0000] {taskinstance.py:1289} INFO - Starting attempt 1 of 6
[2023-04-05T16:42:10.117+0000] {taskinstance.py:1290} INFO - 
--------------------------------------------------------------------------------
[2023-04-05T16:42:10.149+0000] {taskinstance.py:1309} INFO - Executing <Task(PythonOperator): greet> on 2023-03-24 00:00:00+00:00
[2023-04-05T16:42:10.155+0000] {standard_task_runner.py:55} INFO - Started process 1983 to run task
[2023-04-05T16:42:10.161+0000] {standard_task_runner.py:82} INFO - Running: ['***', 'tasks', 'run', 'create_dag_with_python_operator_v02', 'greet', 'scheduled__2023-03-24T00:00:00+00:00', '--job-id', '2889', '--raw', '--subdir', 'DAGS_FOLDER/create_dag_with_python_operator.py', '--cfg-path', '/tmp/tmpo9lm1ptv']
[2023-04-05T16:42:10.163+0000] {standard_task_runner.py:83} INFO - Job 2889: Subtask greet
[2023-04-05T16:42:10.304+0000] {task_command.py:389} INFO - Running <TaskInstance: create_dag_with_python_operator_v02.greet scheduled__2023-03-24T00:00:00+00:00 [running]> on host 5c67bb0a0ff3
[2023-04-05T16:42:10.458+0000] {taskinstance.py:1518} INFO - Exporting the following env vars:
AIRFLOW_CTX_DAG_OWNER=dejan
AIRFLOW_CTX_DAG_ID=create_dag_with_python_operator_v02
AIRFLOW_CTX_TASK_ID=greet
AIRFLOW_CTX_EXECUTION_DATE=2023-03-24T00:00:00+00:00
AIRFLOW_CTX_TRY_NUMBER=1
AIRFLOW_CTX_DAG_RUN_ID=scheduled__2023-03-24T00:00:00+00:00
[2023-04-05T16:42:10.459+0000] {logging_mixin.py:137} INFO - Hello World! Myname is Dejan,   and I am 30 years old.
[2023-04-05T16:42:10.459+0000] {python.py:177} INFO - Done. Returned value was: None
[2023-04-05T16:42:10.483+0000] {taskinstance.py:1332} INFO - Marking task as SUCCESS. dag_id=create_dag_with_python_operator_v02, task_id=greet, execution_date=20230324T000000, start_date=20230405T164210, end_date=20230405T164210
[2023-04-05T16:42:10.513+0000] {local_task_job.py:212} INFO - Task exited with return code 0
[2023-04-05T16:42:10.559+0000] {taskinstance.py:2596} INFO - 0 downstream tasks scheduled from follow-on schedule check
