[2023-04-06T17:05:21.079+0000] {taskinstance.py:1090} INFO - Dependencies all met for dep_context=non-requeueable deps ti=<TaskInstance: dag_with_cron_expression_v01.task1 scheduled__2023-04-03T00:00:00+00:00 [queued]>
[2023-04-06T17:05:21.106+0000] {taskinstance.py:1090} INFO - Dependencies all met for dep_context=requeueable deps ti=<TaskInstance: dag_with_cron_expression_v01.task1 scheduled__2023-04-03T00:00:00+00:00 [queued]>
[2023-04-06T17:05:21.115+0000] {taskinstance.py:1288} INFO - 
--------------------------------------------------------------------------------
[2023-04-06T17:05:21.115+0000] {taskinstance.py:1289} INFO - Starting attempt 1 of 6
[2023-04-06T17:05:21.115+0000] {taskinstance.py:1290} INFO - 
--------------------------------------------------------------------------------
[2023-04-06T17:05:21.145+0000] {taskinstance.py:1309} INFO - Executing <Task(BashOperator): task1> on 2023-04-03 00:00:00+00:00
[2023-04-06T17:05:21.150+0000] {standard_task_runner.py:55} INFO - Started process 1922 to run task
[2023-04-06T17:05:21.165+0000] {standard_task_runner.py:82} INFO - Running: ['***', 'tasks', 'run', 'dag_with_cron_expression_v01', 'task1', 'scheduled__2023-04-03T00:00:00+00:00', '--job-id', '6766', '--raw', '--subdir', 'DAGS_FOLDER/dag_with_cron_expression.py', '--cfg-path', '/tmp/tmp50jnv3tz']
[2023-04-06T17:05:21.166+0000] {standard_task_runner.py:83} INFO - Job 6766: Subtask task1
[2023-04-06T17:05:21.285+0000] {task_command.py:389} INFO - Running <TaskInstance: dag_with_cron_expression_v01.task1 scheduled__2023-04-03T00:00:00+00:00 [running]> on host 022b800e57ca
[2023-04-06T17:05:21.440+0000] {taskinstance.py:1518} INFO - Exporting the following env vars:
AIRFLOW_CTX_DAG_OWNER=dejan
AIRFLOW_CTX_DAG_ID=dag_with_cron_expression_v01
AIRFLOW_CTX_TASK_ID=task1
AIRFLOW_CTX_EXECUTION_DATE=2023-04-03T00:00:00+00:00
AIRFLOW_CTX_TRY_NUMBER=1
AIRFLOW_CTX_DAG_RUN_ID=scheduled__2023-04-03T00:00:00+00:00
[2023-04-06T17:05:21.443+0000] {subprocess.py:63} INFO - Tmp dir root location: 
 /tmp
[2023-04-06T17:05:21.443+0000] {subprocess.py:75} INFO - Running command: ['/bin/bash', '-c', 'echo "Dag with cron expression!"']
[2023-04-06T17:05:21.454+0000] {subprocess.py:86} INFO - Output:
[2023-04-06T17:05:21.456+0000] {subprocess.py:93} INFO - Dag with cron expression!
[2023-04-06T17:05:21.456+0000] {subprocess.py:97} INFO - Command exited with return code 0
[2023-04-06T17:05:21.494+0000] {taskinstance.py:1332} INFO - Marking task as SUCCESS. dag_id=dag_with_cron_expression_v01, task_id=task1, execution_date=20230403T000000, start_date=20230406T170521, end_date=20230406T170521
[2023-04-06T17:05:21.540+0000] {local_task_job.py:212} INFO - Task exited with return code 0
[2023-04-06T17:05:21.567+0000] {taskinstance.py:2596} INFO - 0 downstream tasks scheduled from follow-on schedule check
