[2023-04-06T13:28:59.981+0000] {taskinstance.py:1090} INFO - Dependencies all met for dep_context=non-requeueable deps ti=<TaskInstance: create_dag_with_python_operator_v06.greet scheduled__2021-10-07T00:00:00+00:00 [queued]>
[2023-04-06T13:29:00.045+0000] {taskinstance.py:1090} INFO - Dependencies all met for dep_context=requeueable deps ti=<TaskInstance: create_dag_with_python_operator_v06.greet scheduled__2021-10-07T00:00:00+00:00 [queued]>
[2023-04-06T13:29:00.045+0000] {taskinstance.py:1288} INFO - 
--------------------------------------------------------------------------------
[2023-04-06T13:29:00.045+0000] {taskinstance.py:1289} INFO - Starting attempt 1 of 6
[2023-04-06T13:29:00.045+0000] {taskinstance.py:1290} INFO - 
--------------------------------------------------------------------------------
[2023-04-06T13:29:00.137+0000] {taskinstance.py:1309} INFO - Executing <Task(PythonOperator): greet> on 2021-10-07 00:00:00+00:00
[2023-04-06T13:29:00.144+0000] {standard_task_runner.py:55} INFO - Started process 3245 to run task
[2023-04-06T13:29:00.157+0000] {standard_task_runner.py:82} INFO - Running: ['***', 'tasks', 'run', 'create_dag_with_python_operator_v06', 'greet', 'scheduled__2021-10-07T00:00:00+00:00', '--job-id', '3961', '--raw', '--subdir', 'DAGS_FOLDER/create_dag_with_python_operator.py', '--cfg-path', '/tmp/tmp_49nnlag']
[2023-04-06T13:29:00.158+0000] {standard_task_runner.py:83} INFO - Job 3961: Subtask greet
[2023-04-06T13:29:00.478+0000] {task_command.py:389} INFO - Running <TaskInstance: create_dag_with_python_operator_v06.greet scheduled__2021-10-07T00:00:00+00:00 [running]> on host 971eab773426
[2023-04-06T13:29:01.183+0000] {taskinstance.py:1518} INFO - Exporting the following env vars:
AIRFLOW_CTX_DAG_OWNER=dejan
AIRFLOW_CTX_DAG_ID=create_dag_with_python_operator_v06
AIRFLOW_CTX_TASK_ID=greet
AIRFLOW_CTX_EXECUTION_DATE=2021-10-07T00:00:00+00:00
AIRFLOW_CTX_TRY_NUMBER=1
AIRFLOW_CTX_DAG_RUN_ID=scheduled__2021-10-07T00:00:00+00:00
[2023-04-06T13:29:01.387+0000] {logging_mixin.py:137} INFO - Hello World! Myname is Dejan Zivanov,   and I am 31 years old.
[2023-04-06T13:29:01.387+0000] {python.py:177} INFO - Done. Returned value was: None
[2023-04-06T13:29:01.415+0000] {taskinstance.py:1332} INFO - Marking task as SUCCESS. dag_id=create_dag_with_python_operator_v06, task_id=greet, execution_date=20211007T000000, start_date=20230406T132859, end_date=20230406T132901
[2023-04-06T13:29:01.532+0000] {local_task_job.py:212} INFO - Task exited with return code 0
[2023-04-06T13:29:02.411+0000] {taskinstance.py:2596} INFO - 0 downstream tasks scheduled from follow-on schedule check
