[2023-04-06T14:05:27.358+0000] {taskinstance.py:1090} INFO - Dependencies all met for dep_context=non-requeueable deps ti=<TaskInstance: dag_with_taskflow_api_v02.greet scheduled__2023-01-29T00:00:00+00:00 [queued]>
[2023-04-06T14:05:27.455+0000] {taskinstance.py:1090} INFO - Dependencies all met for dep_context=requeueable deps ti=<TaskInstance: dag_with_taskflow_api_v02.greet scheduled__2023-01-29T00:00:00+00:00 [queued]>
[2023-04-06T14:05:27.467+0000] {taskinstance.py:1288} INFO - 
--------------------------------------------------------------------------------
[2023-04-06T14:05:27.468+0000] {taskinstance.py:1289} INFO - Starting attempt 1 of 6
[2023-04-06T14:05:27.469+0000] {taskinstance.py:1290} INFO - 
--------------------------------------------------------------------------------
[2023-04-06T14:05:27.634+0000] {taskinstance.py:1309} INFO - Executing <Task(_PythonDecoratedOperator): greet> on 2023-01-29 00:00:00+00:00
[2023-04-06T14:05:27.659+0000] {standard_task_runner.py:55} INFO - Started process 14066 to run task
[2023-04-06T14:05:27.674+0000] {standard_task_runner.py:82} INFO - Running: ['***', 'tasks', 'run', 'dag_with_taskflow_api_v02', 'greet', 'scheduled__2023-01-29T00:00:00+00:00', '--job-id', '6448', '--raw', '--subdir', 'DAGS_FOLDER/dag_with_task_api.py', '--cfg-path', '/tmp/tmpwg1nn5im']
[2023-04-06T14:05:27.688+0000] {standard_task_runner.py:83} INFO - Job 6448: Subtask greet
[2023-04-06T14:05:27.989+0000] {task_command.py:389} INFO - Running <TaskInstance: dag_with_taskflow_api_v02.greet scheduled__2023-01-29T00:00:00+00:00 [running]> on host f91656cee95b
[2023-04-06T14:05:28.578+0000] {taskinstance.py:1518} INFO - Exporting the following env vars:
AIRFLOW_CTX_DAG_OWNER=dejan
AIRFLOW_CTX_DAG_ID=dag_with_taskflow_api_v02
AIRFLOW_CTX_TASK_ID=greet
AIRFLOW_CTX_EXECUTION_DATE=2023-01-29T00:00:00+00:00
AIRFLOW_CTX_TRY_NUMBER=1
AIRFLOW_CTX_DAG_RUN_ID=scheduled__2023-01-29T00:00:00+00:00
[2023-04-06T14:05:28.584+0000] {logging_mixin.py:137} INFO - Hello World! My name is Dejan Zivanov and I am 19 years old.
[2023-04-06T14:05:28.585+0000] {python.py:177} INFO - Done. Returned value was: None
[2023-04-06T14:05:28.654+0000] {taskinstance.py:1332} INFO - Marking task as SUCCESS. dag_id=dag_with_taskflow_api_v02, task_id=greet, execution_date=20230129T000000, start_date=20230406T140527, end_date=20230406T140528
[2023-04-06T14:05:28.891+0000] {local_task_job.py:212} INFO - Task exited with return code 0
[2023-04-06T14:05:29.873+0000] {taskinstance.py:2596} INFO - 0 downstream tasks scheduled from follow-on schedule check
