[2023-04-06T13:55:17.012+0000] {taskinstance.py:1090} INFO - Dependencies all met for dep_context=non-requeueable deps ti=<TaskInstance: dag_with_taskflow_api_v02.get_name scheduled__2021-12-01T00:00:00+00:00 [queued]>
[2023-04-06T13:55:17.063+0000] {taskinstance.py:1090} INFO - Dependencies all met for dep_context=requeueable deps ti=<TaskInstance: dag_with_taskflow_api_v02.get_name scheduled__2021-12-01T00:00:00+00:00 [queued]>
[2023-04-06T13:55:17.064+0000] {taskinstance.py:1288} INFO - 
--------------------------------------------------------------------------------
[2023-04-06T13:55:17.064+0000] {taskinstance.py:1289} INFO - Starting attempt 1 of 6
[2023-04-06T13:55:17.076+0000] {taskinstance.py:1290} INFO - 
--------------------------------------------------------------------------------
[2023-04-06T13:55:17.662+0000] {taskinstance.py:1309} INFO - Executing <Task(_PythonDecoratedOperator): get_name> on 2021-12-01 00:00:00+00:00
[2023-04-06T13:55:17.672+0000] {standard_task_runner.py:55} INFO - Started process 5704 to run task
[2023-04-06T13:55:17.685+0000] {standard_task_runner.py:82} INFO - Running: ['***', 'tasks', 'run', 'dag_with_taskflow_api_v02', 'get_name', 'scheduled__2021-12-01T00:00:00+00:00', '--job-id', '5149', '--raw', '--subdir', 'DAGS_FOLDER/dag_with_task_api.py', '--cfg-path', '/tmp/tmpc5sxipt1']
[2023-04-06T13:55:17.691+0000] {standard_task_runner.py:83} INFO - Job 5149: Subtask get_name
[2023-04-06T13:55:18.005+0000] {task_command.py:389} INFO - Running <TaskInstance: dag_with_taskflow_api_v02.get_name scheduled__2021-12-01T00:00:00+00:00 [running]> on host f91656cee95b
[2023-04-06T13:55:19.348+0000] {taskinstance.py:1518} INFO - Exporting the following env vars:
AIRFLOW_CTX_DAG_OWNER=dejan
AIRFLOW_CTX_DAG_ID=dag_with_taskflow_api_v02
AIRFLOW_CTX_TASK_ID=get_name
AIRFLOW_CTX_EXECUTION_DATE=2021-12-01T00:00:00+00:00
AIRFLOW_CTX_TRY_NUMBER=1
AIRFLOW_CTX_DAG_RUN_ID=scheduled__2021-12-01T00:00:00+00:00
[2023-04-06T13:55:19.350+0000] {python.py:177} INFO - Done. Returned value was: {'first_name': 'Dejan', 'last_name': 'Zivanov'}
[2023-04-06T13:55:19.554+0000] {taskinstance.py:1332} INFO - Marking task as SUCCESS. dag_id=dag_with_taskflow_api_v02, task_id=get_name, execution_date=20211201T000000, start_date=20230406T135517, end_date=20230406T135519
[2023-04-06T13:55:19.671+0000] {local_task_job.py:212} INFO - Task exited with return code 0
[2023-04-06T13:55:20.405+0000] {taskinstance.py:2596} INFO - 1 downstream tasks scheduled from follow-on schedule check
