[2023-04-06T13:55:20.820+0000] {taskinstance.py:1090} INFO - Dependencies all met for dep_context=non-requeueable deps ti=<TaskInstance: dag_with_taskflow_api_v02.greet scheduled__2021-11-29T00:00:00+00:00 [queued]>
[2023-04-06T13:55:20.866+0000] {taskinstance.py:1090} INFO - Dependencies all met for dep_context=requeueable deps ti=<TaskInstance: dag_with_taskflow_api_v02.greet scheduled__2021-11-29T00:00:00+00:00 [queued]>
[2023-04-06T13:55:20.876+0000] {taskinstance.py:1288} INFO - 
--------------------------------------------------------------------------------
[2023-04-06T13:55:20.876+0000] {taskinstance.py:1289} INFO - Starting attempt 1 of 6
[2023-04-06T13:55:20.877+0000] {taskinstance.py:1290} INFO - 
--------------------------------------------------------------------------------
[2023-04-06T13:55:20.945+0000] {taskinstance.py:1309} INFO - Executing <Task(_PythonDecoratedOperator): greet> on 2021-11-29 00:00:00+00:00
[2023-04-06T13:55:20.956+0000] {standard_task_runner.py:55} INFO - Started process 5731 to run task
[2023-04-06T13:55:20.976+0000] {standard_task_runner.py:82} INFO - Running: ['***', 'tasks', 'run', 'dag_with_taskflow_api_v02', 'greet', 'scheduled__2021-11-29T00:00:00+00:00', '--job-id', '5159', '--raw', '--subdir', 'DAGS_FOLDER/dag_with_task_api.py', '--cfg-path', '/tmp/tmpam845h_s']
[2023-04-06T13:55:20.977+0000] {standard_task_runner.py:83} INFO - Job 5159: Subtask greet
[2023-04-06T13:55:21.268+0000] {task_command.py:389} INFO - Running <TaskInstance: dag_with_taskflow_api_v02.greet scheduled__2021-11-29T00:00:00+00:00 [running]> on host f91656cee95b
[2023-04-06T13:55:21.749+0000] {taskinstance.py:1518} INFO - Exporting the following env vars:
AIRFLOW_CTX_DAG_OWNER=dejan
AIRFLOW_CTX_DAG_ID=dag_with_taskflow_api_v02
AIRFLOW_CTX_TASK_ID=greet
AIRFLOW_CTX_EXECUTION_DATE=2021-11-29T00:00:00+00:00
AIRFLOW_CTX_TRY_NUMBER=1
AIRFLOW_CTX_DAG_RUN_ID=scheduled__2021-11-29T00:00:00+00:00
[2023-04-06T13:55:21.752+0000] {logging_mixin.py:137} INFO - Hello World! My name is Dejan Zivanov and I am 19 years old.
[2023-04-06T13:55:21.753+0000] {python.py:177} INFO - Done. Returned value was: None
[2023-04-06T13:55:21.798+0000] {taskinstance.py:1332} INFO - Marking task as SUCCESS. dag_id=dag_with_taskflow_api_v02, task_id=greet, execution_date=20211129T000000, start_date=20230406T135520, end_date=20230406T135521
[2023-04-06T13:55:21.934+0000] {local_task_job.py:212} INFO - Task exited with return code 0
[2023-04-06T13:55:22.352+0000] {taskinstance.py:2596} INFO - 0 downstream tasks scheduled from follow-on schedule check
