[2023-04-06T13:29:27.556+0000] {taskinstance.py:1090} INFO - Dependencies all met for dep_context=non-requeueable deps ti=<TaskInstance: create_dag_with_python_operator_v06.greet scheduled__2021-11-07T00:00:00+00:00 [queued]>
[2023-04-06T13:29:27.597+0000] {taskinstance.py:1090} INFO - Dependencies all met for dep_context=requeueable deps ti=<TaskInstance: create_dag_with_python_operator_v06.greet scheduled__2021-11-07T00:00:00+00:00 [queued]>
[2023-04-06T13:29:27.600+0000] {taskinstance.py:1288} INFO - 
--------------------------------------------------------------------------------
[2023-04-06T13:29:27.607+0000] {taskinstance.py:1289} INFO - Starting attempt 1 of 6
[2023-04-06T13:29:27.608+0000] {taskinstance.py:1290} INFO - 
--------------------------------------------------------------------------------
[2023-04-06T13:29:27.656+0000] {taskinstance.py:1309} INFO - Executing <Task(PythonOperator): greet> on 2021-11-07 00:00:00+00:00
[2023-04-06T13:29:27.663+0000] {standard_task_runner.py:55} INFO - Started process 3449 to run task
[2023-04-06T13:29:27.673+0000] {standard_task_runner.py:82} INFO - Running: ['***', 'tasks', 'run', 'create_dag_with_python_operator_v06', 'greet', 'scheduled__2021-11-07T00:00:00+00:00', '--job-id', '4055', '--raw', '--subdir', 'DAGS_FOLDER/create_dag_with_python_operator.py', '--cfg-path', '/tmp/tmp59m9u2p5']
[2023-04-06T13:29:27.675+0000] {standard_task_runner.py:83} INFO - Job 4055: Subtask greet
[2023-04-06T13:29:27.946+0000] {task_command.py:389} INFO - Running <TaskInstance: create_dag_with_python_operator_v06.greet scheduled__2021-11-07T00:00:00+00:00 [running]> on host 971eab773426
[2023-04-06T13:29:28.330+0000] {taskinstance.py:1518} INFO - Exporting the following env vars:
AIRFLOW_CTX_DAG_OWNER=dejan
AIRFLOW_CTX_DAG_ID=create_dag_with_python_operator_v06
AIRFLOW_CTX_TASK_ID=greet
AIRFLOW_CTX_EXECUTION_DATE=2021-11-07T00:00:00+00:00
AIRFLOW_CTX_TRY_NUMBER=1
AIRFLOW_CTX_DAG_RUN_ID=scheduled__2021-11-07T00:00:00+00:00
[2023-04-06T13:29:28.401+0000] {logging_mixin.py:137} INFO - Hello World! Myname is Dejan Zivanov,   and I am 31 years old.
[2023-04-06T13:29:28.402+0000] {python.py:177} INFO - Done. Returned value was: None
[2023-04-06T13:29:28.436+0000] {taskinstance.py:1332} INFO - Marking task as SUCCESS. dag_id=create_dag_with_python_operator_v06, task_id=greet, execution_date=20211107T000000, start_date=20230406T132927, end_date=20230406T132928
[2023-04-06T13:29:28.611+0000] {local_task_job.py:212} INFO - Task exited with return code 0
[2023-04-06T13:29:28.701+0000] {taskinstance.py:2596} INFO - 0 downstream tasks scheduled from follow-on schedule check
