[2023-04-05T13:02:43.403+0000] {taskinstance.py:1090} INFO - Dependencies all met for dep_context=non-requeueable deps ti=<TaskInstance: our_first_dag_v3.second_task scheduled__2021-11-10T00:00:00+00:00 [queued]>
[2023-04-05T13:02:43.450+0000] {taskinstance.py:1090} INFO - Dependencies all met for dep_context=requeueable deps ti=<TaskInstance: our_first_dag_v3.second_task scheduled__2021-11-10T00:00:00+00:00 [queued]>
[2023-04-05T13:02:43.451+0000] {taskinstance.py:1288} INFO - 
--------------------------------------------------------------------------------
[2023-04-05T13:02:43.451+0000] {taskinstance.py:1289} INFO - Starting attempt 1 of 6
[2023-04-05T13:02:43.451+0000] {taskinstance.py:1290} INFO - 
--------------------------------------------------------------------------------
[2023-04-05T13:02:43.545+0000] {taskinstance.py:1309} INFO - Executing <Task(BashOperator): second_task> on 2021-11-10 00:00:00+00:00
[2023-04-05T13:02:43.556+0000] {standard_task_runner.py:55} INFO - Started process 6298 to run task
[2023-04-05T13:02:43.566+0000] {standard_task_runner.py:82} INFO - Running: ['***', 'tasks', 'run', 'our_first_dag_v3', 'second_task', 'scheduled__2021-11-10T00:00:00+00:00', '--job-id', '1616', '--raw', '--subdir', 'DAGS_FOLDER/our_first_dag.py', '--cfg-path', '/tmp/tmpv7n2h20g']
[2023-04-05T13:02:43.578+0000] {standard_task_runner.py:83} INFO - Job 1616: Subtask second_task
[2023-04-05T13:02:43.752+0000] {task_command.py:389} INFO - Running <TaskInstance: our_first_dag_v3.second_task scheduled__2021-11-10T00:00:00+00:00 [running]> on host e3ca158aac6b
[2023-04-05T13:02:44.028+0000] {taskinstance.py:1518} INFO - Exporting the following env vars:
AIRFLOW_CTX_DAG_OWNER=dejan
AIRFLOW_CTX_DAG_ID=our_first_dag_v3
AIRFLOW_CTX_TASK_ID=second_task
AIRFLOW_CTX_EXECUTION_DATE=2021-11-10T00:00:00+00:00
AIRFLOW_CTX_TRY_NUMBER=1
AIRFLOW_CTX_DAG_RUN_ID=scheduled__2021-11-10T00:00:00+00:00
[2023-04-05T13:02:44.029+0000] {subprocess.py:63} INFO - Tmp dir root location: 
 /tmp
[2023-04-05T13:02:44.030+0000] {subprocess.py:75} INFO - Running command: ['/bin/bash', '-c', 'echo Hey I am task2 and will be running after task1']
[2023-04-05T13:02:44.053+0000] {subprocess.py:86} INFO - Output:
[2023-04-05T13:02:44.055+0000] {subprocess.py:93} INFO - Hey I am task2 and will be running after task1
[2023-04-05T13:02:44.055+0000] {subprocess.py:97} INFO - Command exited with return code 0
[2023-04-05T13:02:44.110+0000] {taskinstance.py:1332} INFO - Marking task as SUCCESS. dag_id=our_first_dag_v3, task_id=second_task, execution_date=20211110T000000, start_date=20230405T130243, end_date=20230405T130244
[2023-04-05T13:02:44.176+0000] {local_task_job.py:212} INFO - Task exited with return code 0
[2023-04-05T13:02:44.211+0000] {taskinstance.py:2596} INFO - 0 downstream tasks scheduled from follow-on schedule check
