[2023-04-06T16:42:07.083+0000] {taskinstance.py:1090} INFO - Dependencies all met for dep_context=non-requeueable deps ti=<TaskInstance: dag_with_catchup_and_backfill_v02.task1 scheduled__2023-04-05T00:00:00+00:00 [queued]>
[2023-04-06T16:42:07.093+0000] {taskinstance.py:1090} INFO - Dependencies all met for dep_context=requeueable deps ti=<TaskInstance: dag_with_catchup_and_backfill_v02.task1 scheduled__2023-04-05T00:00:00+00:00 [queued]>
[2023-04-06T16:42:07.094+0000] {taskinstance.py:1288} INFO - 
--------------------------------------------------------------------------------
[2023-04-06T16:42:07.094+0000] {taskinstance.py:1289} INFO - Starting attempt 1 of 1
[2023-04-06T16:42:07.094+0000] {taskinstance.py:1290} INFO - 
--------------------------------------------------------------------------------
[2023-04-06T16:42:07.113+0000] {taskinstance.py:1309} INFO - Executing <Task(BashOperator): task1> on 2023-04-05 00:00:00+00:00
[2023-04-06T16:42:07.117+0000] {standard_task_runner.py:55} INFO - Started process 595 to run task
[2023-04-06T16:42:07.119+0000] {standard_task_runner.py:82} INFO - Running: ['***', 'tasks', 'run', 'dag_with_catchup_and_backfill_v02', 'task1', 'scheduled__2023-04-05T00:00:00+00:00', '--job-id', '6750', '--raw', '--subdir', 'DAGS_FOLDER/dag_with_catchup_and_backfill.py', '--cfg-path', '/tmp/tmp7fkz4h3t']
[2023-04-06T16:42:07.121+0000] {standard_task_runner.py:83} INFO - Job 6750: Subtask task1
[2023-04-06T16:42:07.182+0000] {task_command.py:389} INFO - Running <TaskInstance: dag_with_catchup_and_backfill_v02.task1 scheduled__2023-04-05T00:00:00+00:00 [running]> on host 8b7f5eb43087
[2023-04-06T16:42:07.278+0000] {taskinstance.py:1518} INFO - Exporting the following env vars:
AIRFLOW_CTX_DAG_OWNER=dejan
AIRFLOW_CTX_DAG_ID=dag_with_catchup_and_backfill_v02
AIRFLOW_CTX_TASK_ID=task1
AIRFLOW_CTX_EXECUTION_DATE=2023-04-05T00:00:00+00:00
AIRFLOW_CTX_TRY_NUMBER=1
AIRFLOW_CTX_DAG_RUN_ID=scheduled__2023-04-05T00:00:00+00:00
[2023-04-06T16:42:07.278+0000] {subprocess.py:63} INFO - Tmp dir root location: 
 /tmp
[2023-04-06T16:42:07.279+0000] {subprocess.py:75} INFO - Running command: ['/bin/bash', '-c', 'echo This is simple bash command!']
[2023-04-06T16:42:07.305+0000] {subprocess.py:86} INFO - Output:
[2023-04-06T16:42:07.307+0000] {subprocess.py:93} INFO - This is simple bash command!
[2023-04-06T16:42:07.307+0000] {subprocess.py:97} INFO - Command exited with return code 0
[2023-04-06T16:42:07.339+0000] {taskinstance.py:1332} INFO - Marking task as SUCCESS. dag_id=dag_with_catchup_and_backfill_v02, task_id=task1, execution_date=20230405T000000, start_date=20230406T164207, end_date=20230406T164207
[2023-04-06T16:42:07.376+0000] {local_task_job.py:212} INFO - Task exited with return code 0
[2023-04-06T16:42:07.399+0000] {taskinstance.py:2596} INFO - 0 downstream tasks scheduled from follow-on schedule check
