[2023-04-05T13:08:43.955+0000] {taskinstance.py:1090} INFO - Dependencies all met for dep_context=non-requeueable deps ti=<TaskInstance: our_first_dag_v5.third_task scheduled__2021-09-04T00:00:00+00:00 [queued]>
[2023-04-05T13:08:43.973+0000] {taskinstance.py:1090} INFO - Dependencies all met for dep_context=requeueable deps ti=<TaskInstance: our_first_dag_v5.third_task scheduled__2021-09-04T00:00:00+00:00 [queued]>
[2023-04-05T13:08:43.973+0000] {taskinstance.py:1288} INFO - 
--------------------------------------------------------------------------------
[2023-04-05T13:08:43.973+0000] {taskinstance.py:1289} INFO - Starting attempt 1 of 6
[2023-04-05T13:08:43.973+0000] {taskinstance.py:1290} INFO - 
--------------------------------------------------------------------------------
[2023-04-05T13:08:44.009+0000] {taskinstance.py:1309} INFO - Executing <Task(BashOperator): third_task> on 2021-09-04 00:00:00+00:00
[2023-04-05T13:08:44.016+0000] {standard_task_runner.py:55} INFO - Started process 7515 to run task
[2023-04-05T13:08:44.019+0000] {standard_task_runner.py:82} INFO - Running: ['***', 'tasks', 'run', 'our_first_dag_v5', 'third_task', 'scheduled__2021-09-04T00:00:00+00:00', '--job-id', '1974', '--raw', '--subdir', 'DAGS_FOLDER/our_first_dag.py', '--cfg-path', '/tmp/tmp5nfse1kq']
[2023-04-05T13:08:44.021+0000] {standard_task_runner.py:83} INFO - Job 1974: Subtask third_task
[2023-04-05T13:08:44.171+0000] {task_command.py:389} INFO - Running <TaskInstance: our_first_dag_v5.third_task scheduled__2021-09-04T00:00:00+00:00 [running]> on host e3ca158aac6b
[2023-04-05T13:08:44.340+0000] {taskinstance.py:1518} INFO - Exporting the following env vars:
AIRFLOW_CTX_DAG_OWNER=dejan
AIRFLOW_CTX_DAG_ID=our_first_dag_v5
AIRFLOW_CTX_TASK_ID=third_task
AIRFLOW_CTX_EXECUTION_DATE=2021-09-04T00:00:00+00:00
AIRFLOW_CTX_TRY_NUMBER=1
AIRFLOW_CTX_DAG_RUN_ID=scheduled__2021-09-04T00:00:00+00:00
[2023-04-05T13:08:44.341+0000] {subprocess.py:63} INFO - Tmp dir root location: 
 /tmp
[2023-04-05T13:08:44.341+0000] {subprocess.py:75} INFO - Running command: ['/bin/bash', '-c', 'echo Hey I am task3 and will be running after task1 at the same time as task2']
[2023-04-05T13:08:44.354+0000] {subprocess.py:86} INFO - Output:
[2023-04-05T13:08:44.357+0000] {subprocess.py:93} INFO - Hey I am task3 and will be running after task1 at the same time as task2
[2023-04-05T13:08:44.358+0000] {subprocess.py:97} INFO - Command exited with return code 0
[2023-04-05T13:08:44.412+0000] {taskinstance.py:1332} INFO - Marking task as SUCCESS. dag_id=our_first_dag_v5, task_id=third_task, execution_date=20210904T000000, start_date=20230405T130843, end_date=20230405T130844
[2023-04-05T13:08:44.457+0000] {local_task_job.py:212} INFO - Task exited with return code 0
[2023-04-05T13:08:44.491+0000] {taskinstance.py:2596} INFO - 0 downstream tasks scheduled from follow-on schedule check
