[2023-04-05T13:02:17.093+0000] {taskinstance.py:1090} INFO - Dependencies all met for dep_context=non-requeueable deps ti=<TaskInstance: our_first_dag_v3.third_task scheduled__2021-10-06T00:00:00+00:00 [queued]>
[2023-04-05T13:02:17.183+0000] {taskinstance.py:1090} INFO - Dependencies all met for dep_context=requeueable deps ti=<TaskInstance: our_first_dag_v3.third_task scheduled__2021-10-06T00:00:00+00:00 [queued]>
[2023-04-05T13:02:17.184+0000] {taskinstance.py:1288} INFO - 
--------------------------------------------------------------------------------
[2023-04-05T13:02:17.184+0000] {taskinstance.py:1289} INFO - Starting attempt 1 of 6
[2023-04-05T13:02:17.184+0000] {taskinstance.py:1290} INFO - 
--------------------------------------------------------------------------------
[2023-04-05T13:02:17.688+0000] {taskinstance.py:1309} INFO - Executing <Task(BashOperator): third_task> on 2021-10-06 00:00:00+00:00
[2023-04-05T13:02:17.714+0000] {standard_task_runner.py:55} INFO - Started process 5988 to run task
[2023-04-05T13:02:17.735+0000] {standard_task_runner.py:82} INFO - Running: ['***', 'tasks', 'run', 'our_first_dag_v3', 'third_task', 'scheduled__2021-10-06T00:00:00+00:00', '--job-id', '1514', '--raw', '--subdir', 'DAGS_FOLDER/our_first_dag.py', '--cfg-path', '/tmp/tmpq8qycq9c']
[2023-04-05T13:02:17.739+0000] {standard_task_runner.py:83} INFO - Job 1514: Subtask third_task
[2023-04-05T13:02:18.106+0000] {task_command.py:389} INFO - Running <TaskInstance: our_first_dag_v3.third_task scheduled__2021-10-06T00:00:00+00:00 [running]> on host e3ca158aac6b
[2023-04-05T13:02:18.452+0000] {taskinstance.py:1518} INFO - Exporting the following env vars:
AIRFLOW_CTX_DAG_OWNER=dejan
AIRFLOW_CTX_DAG_ID=our_first_dag_v3
AIRFLOW_CTX_TASK_ID=third_task
AIRFLOW_CTX_EXECUTION_DATE=2021-10-06T00:00:00+00:00
AIRFLOW_CTX_TRY_NUMBER=1
AIRFLOW_CTX_DAG_RUN_ID=scheduled__2021-10-06T00:00:00+00:00
[2023-04-05T13:02:18.453+0000] {subprocess.py:63} INFO - Tmp dir root location: 
 /tmp
[2023-04-05T13:02:18.453+0000] {subprocess.py:75} INFO - Running command: ['/bin/bash', '-c', 'echo Hey I am task3 and will be running after task1 at the same time as task2']
[2023-04-05T13:02:18.519+0000] {subprocess.py:86} INFO - Output:
[2023-04-05T13:02:18.521+0000] {subprocess.py:93} INFO - Hey I am task3 and will be running after task1 at the same time as task2
[2023-04-05T13:02:18.521+0000] {subprocess.py:97} INFO - Command exited with return code 0
[2023-04-05T13:02:18.660+0000] {taskinstance.py:1332} INFO - Marking task as SUCCESS. dag_id=our_first_dag_v3, task_id=third_task, execution_date=20211006T000000, start_date=20230405T130217, end_date=20230405T130218
[2023-04-05T13:02:18.844+0000] {local_task_job.py:212} INFO - Task exited with return code 0
[2023-04-05T13:02:18.985+0000] {taskinstance.py:2596} INFO - 0 downstream tasks scheduled from follow-on schedule check
