[2023-04-05T12:52:32.888+0000] {taskinstance.py:1090} INFO - Dependencies all met for dep_context=non-requeueable deps ti=<TaskInstance: our_first_dag.second_task scheduled__2022-11-21T00:00:00+00:00 [queued]>
[2023-04-05T12:52:32.905+0000] {taskinstance.py:1090} INFO - Dependencies all met for dep_context=requeueable deps ti=<TaskInstance: our_first_dag.second_task scheduled__2022-11-21T00:00:00+00:00 [queued]>
[2023-04-05T12:52:32.906+0000] {taskinstance.py:1288} INFO - 
--------------------------------------------------------------------------------
[2023-04-05T12:52:32.906+0000] {taskinstance.py:1289} INFO - Starting attempt 1 of 6
[2023-04-05T12:52:32.906+0000] {taskinstance.py:1290} INFO - 
--------------------------------------------------------------------------------
[2023-04-05T12:52:32.969+0000] {taskinstance.py:1309} INFO - Executing <Task(BashOperator): second_task> on 2022-11-21 00:00:00+00:00
[2023-04-05T12:52:32.986+0000] {standard_task_runner.py:55} INFO - Started process 2626 to run task
[2023-04-05T12:52:32.989+0000] {standard_task_runner.py:82} INFO - Running: ['***', 'tasks', 'run', 'our_first_dag', 'second_task', 'scheduled__2022-11-21T00:00:00+00:00', '--job-id', '498', '--raw', '--subdir', 'DAGS_FOLDER/our_first_dag.py', '--cfg-path', '/tmp/tmp4__d8sok']
[2023-04-05T12:52:32.993+0000] {standard_task_runner.py:83} INFO - Job 498: Subtask second_task
[2023-04-05T12:52:33.234+0000] {task_command.py:389} INFO - Running <TaskInstance: our_first_dag.second_task scheduled__2022-11-21T00:00:00+00:00 [running]> on host e3ca158aac6b
[2023-04-05T12:52:33.774+0000] {taskinstance.py:1518} INFO - Exporting the following env vars:
AIRFLOW_CTX_DAG_OWNER=dejan
AIRFLOW_CTX_DAG_ID=our_first_dag
AIRFLOW_CTX_TASK_ID=second_task
AIRFLOW_CTX_EXECUTION_DATE=2022-11-21T00:00:00+00:00
AIRFLOW_CTX_TRY_NUMBER=1
AIRFLOW_CTX_DAG_RUN_ID=scheduled__2022-11-21T00:00:00+00:00
[2023-04-05T12:52:33.776+0000] {subprocess.py:63} INFO - Tmp dir root location: 
 /tmp
[2023-04-05T12:52:33.776+0000] {subprocess.py:75} INFO - Running command: ['/bin/bash', '-c', 'echo Hey ']
[2023-04-05T12:52:33.826+0000] {subprocess.py:86} INFO - Output:
[2023-04-05T12:52:33.836+0000] {subprocess.py:93} INFO - Hey
[2023-04-05T12:52:33.843+0000] {subprocess.py:97} INFO - Command exited with return code 0
[2023-04-05T12:52:33.923+0000] {taskinstance.py:1332} INFO - Marking task as SUCCESS. dag_id=our_first_dag, task_id=second_task, execution_date=20221121T000000, start_date=20230405T125232, end_date=20230405T125233
[2023-04-05T12:52:33.997+0000] {local_task_job.py:212} INFO - Task exited with return code 0
[2023-04-05T12:52:34.066+0000] {taskinstance.py:2596} INFO - 0 downstream tasks scheduled from follow-on schedule check
