[2023-04-05T13:01:21.211+0000] {taskinstance.py:1090} INFO - Dependencies all met for dep_context=non-requeueable deps ti=<TaskInstance: our_first_dag_v3.third_task scheduled__2021-07-31T00:00:00+00:00 [queued]>
[2023-04-05T13:01:21.271+0000] {taskinstance.py:1090} INFO - Dependencies all met for dep_context=requeueable deps ti=<TaskInstance: our_first_dag_v3.third_task scheduled__2021-07-31T00:00:00+00:00 [queued]>
[2023-04-05T13:01:21.271+0000] {taskinstance.py:1288} INFO - 
--------------------------------------------------------------------------------
[2023-04-05T13:01:21.272+0000] {taskinstance.py:1289} INFO - Starting attempt 1 of 6
[2023-04-05T13:01:21.272+0000] {taskinstance.py:1290} INFO - 
--------------------------------------------------------------------------------
[2023-04-05T13:01:21.444+0000] {taskinstance.py:1309} INFO - Executing <Task(BashOperator): third_task> on 2021-07-31 00:00:00+00:00
[2023-04-05T13:01:21.478+0000] {standard_task_runner.py:55} INFO - Started process 5360 to run task
[2023-04-05T13:01:21.502+0000] {standard_task_runner.py:82} INFO - Running: ['***', 'tasks', 'run', 'our_first_dag_v3', 'third_task', 'scheduled__2021-07-31T00:00:00+00:00', '--job-id', '1313', '--raw', '--subdir', 'DAGS_FOLDER/our_first_dag.py', '--cfg-path', '/tmp/tmp356w_4y6']
[2023-04-05T13:01:21.504+0000] {standard_task_runner.py:83} INFO - Job 1313: Subtask third_task
[2023-04-05T13:01:21.796+0000] {task_command.py:389} INFO - Running <TaskInstance: our_first_dag_v3.third_task scheduled__2021-07-31T00:00:00+00:00 [running]> on host e3ca158aac6b
[2023-04-05T13:01:22.210+0000] {taskinstance.py:1518} INFO - Exporting the following env vars:
AIRFLOW_CTX_DAG_OWNER=dejan
AIRFLOW_CTX_DAG_ID=our_first_dag_v3
AIRFLOW_CTX_TASK_ID=third_task
AIRFLOW_CTX_EXECUTION_DATE=2021-07-31T00:00:00+00:00
AIRFLOW_CTX_TRY_NUMBER=1
AIRFLOW_CTX_DAG_RUN_ID=scheduled__2021-07-31T00:00:00+00:00
[2023-04-05T13:01:22.213+0000] {subprocess.py:63} INFO - Tmp dir root location: 
 /tmp
[2023-04-05T13:01:22.214+0000] {subprocess.py:75} INFO - Running command: ['/bin/bash', '-c', 'echo Hey I am task3 and will be running after task1 at the same time as task2']
[2023-04-05T13:01:22.261+0000] {subprocess.py:86} INFO - Output:
[2023-04-05T13:01:22.265+0000] {subprocess.py:93} INFO - Hey I am task3 and will be running after task1 at the same time as task2
[2023-04-05T13:01:22.267+0000] {subprocess.py:97} INFO - Command exited with return code 0
[2023-04-05T13:01:22.393+0000] {taskinstance.py:1332} INFO - Marking task as SUCCESS. dag_id=our_first_dag_v3, task_id=third_task, execution_date=20210731T000000, start_date=20230405T130121, end_date=20230405T130122
[2023-04-05T13:01:22.537+0000] {local_task_job.py:212} INFO - Task exited with return code 0
[2023-04-05T13:01:22.661+0000] {taskinstance.py:2596} INFO - 0 downstream tasks scheduled from follow-on schedule check
