[2023-04-06T13:46:57.119+0000] {taskinstance.py:1090} INFO - Dependencies all met for dep_context=non-requeueable deps ti=<TaskInstance: create_dag_with_python_operator_v06.get_name scheduled__2022-06-03T00:00:00+00:00 [queued]>
[2023-04-06T13:46:57.179+0000] {taskinstance.py:1090} INFO - Dependencies all met for dep_context=requeueable deps ti=<TaskInstance: create_dag_with_python_operator_v06.get_name scheduled__2022-06-03T00:00:00+00:00 [queued]>
[2023-04-06T13:46:57.179+0000] {taskinstance.py:1288} INFO - 
--------------------------------------------------------------------------------
[2023-04-06T13:46:57.179+0000] {taskinstance.py:1289} INFO - Starting attempt 1 of 6
[2023-04-06T13:46:57.179+0000] {taskinstance.py:1290} INFO - 
--------------------------------------------------------------------------------
[2023-04-06T13:46:57.378+0000] {taskinstance.py:1309} INFO - Executing <Task(PythonOperator): get_name> on 2022-06-03 00:00:00+00:00
[2023-04-06T13:46:57.418+0000] {standard_task_runner.py:55} INFO - Started process 475 to run task
[2023-04-06T13:46:57.422+0000] {standard_task_runner.py:82} INFO - Running: ['***', 'tasks', 'run', 'create_dag_with_python_operator_v06', 'get_name', 'scheduled__2022-06-03T00:00:00+00:00', '--job-id', '4673', '--raw', '--subdir', 'DAGS_FOLDER/create_dag_with_python_operator.py', '--cfg-path', '/tmp/tmpmbb00j_h']
[2023-04-06T13:46:57.459+0000] {standard_task_runner.py:83} INFO - Job 4673: Subtask get_name
[2023-04-06T13:46:57.948+0000] {task_command.py:389} INFO - Running <TaskInstance: create_dag_with_python_operator_v06.get_name scheduled__2022-06-03T00:00:00+00:00 [running]> on host f91656cee95b
[2023-04-06T13:46:58.175+0000] {taskinstance.py:1518} INFO - Exporting the following env vars:
AIRFLOW_CTX_DAG_OWNER=dejan
AIRFLOW_CTX_DAG_ID=create_dag_with_python_operator_v06
AIRFLOW_CTX_TASK_ID=get_name
AIRFLOW_CTX_EXECUTION_DATE=2022-06-03T00:00:00+00:00
AIRFLOW_CTX_TRY_NUMBER=1
AIRFLOW_CTX_DAG_RUN_ID=scheduled__2022-06-03T00:00:00+00:00
[2023-04-06T13:46:58.260+0000] {python.py:177} INFO - Done. Returned value was: None
[2023-04-06T13:46:58.289+0000] {taskinstance.py:1332} INFO - Marking task as SUCCESS. dag_id=create_dag_with_python_operator_v06, task_id=get_name, execution_date=20220603T000000, start_date=20230406T134657, end_date=20230406T134658
[2023-04-06T13:46:58.341+0000] {local_task_job.py:212} INFO - Task exited with return code 0
[2023-04-06T13:46:58.436+0000] {taskinstance.py:2596} INFO - 1 downstream tasks scheduled from follow-on schedule check
