[2023-04-05T13:08:41.539+0000] {taskinstance.py:1090} INFO - Dependencies all met for dep_context=non-requeueable deps ti=<TaskInstance: our_first_dag_v5.second_task scheduled__2021-08-29T00:00:00+00:00 [queued]>
[2023-04-05T13:08:41.617+0000] {taskinstance.py:1090} INFO - Dependencies all met for dep_context=requeueable deps ti=<TaskInstance: our_first_dag_v5.second_task scheduled__2021-08-29T00:00:00+00:00 [queued]>
[2023-04-05T13:08:41.627+0000] {taskinstance.py:1288} INFO - 
--------------------------------------------------------------------------------
[2023-04-05T13:08:41.628+0000] {taskinstance.py:1289} INFO - Starting attempt 1 of 6
[2023-04-05T13:08:41.629+0000] {taskinstance.py:1290} INFO - 
--------------------------------------------------------------------------------
[2023-04-05T13:08:41.771+0000] {taskinstance.py:1309} INFO - Executing <Task(BashOperator): second_task> on 2021-08-29 00:00:00+00:00
[2023-04-05T13:08:41.782+0000] {standard_task_runner.py:55} INFO - Started process 7485 to run task
[2023-04-05T13:08:41.793+0000] {standard_task_runner.py:82} INFO - Running: ['***', 'tasks', 'run', 'our_first_dag_v5', 'second_task', 'scheduled__2021-08-29T00:00:00+00:00', '--job-id', '1963', '--raw', '--subdir', 'DAGS_FOLDER/our_first_dag.py', '--cfg-path', '/tmp/tmpq2ljx30e']
[2023-04-05T13:08:41.808+0000] {standard_task_runner.py:83} INFO - Job 1963: Subtask second_task
[2023-04-05T13:08:42.092+0000] {task_command.py:389} INFO - Running <TaskInstance: our_first_dag_v5.second_task scheduled__2021-08-29T00:00:00+00:00 [running]> on host e3ca158aac6b
[2023-04-05T13:08:42.750+0000] {taskinstance.py:1518} INFO - Exporting the following env vars:
AIRFLOW_CTX_DAG_OWNER=dejan
AIRFLOW_CTX_DAG_ID=our_first_dag_v5
AIRFLOW_CTX_TASK_ID=second_task
AIRFLOW_CTX_EXECUTION_DATE=2021-08-29T00:00:00+00:00
AIRFLOW_CTX_TRY_NUMBER=1
AIRFLOW_CTX_DAG_RUN_ID=scheduled__2021-08-29T00:00:00+00:00
[2023-04-05T13:08:42.753+0000] {subprocess.py:63} INFO - Tmp dir root location: 
 /tmp
[2023-04-05T13:08:42.754+0000] {subprocess.py:75} INFO - Running command: ['/bin/bash', '-c', 'echo Hey I am task2 and will be running after task1']
[2023-04-05T13:08:42.831+0000] {subprocess.py:86} INFO - Output:
[2023-04-05T13:08:42.834+0000] {subprocess.py:93} INFO - Hey I am task2 and will be running after task1
[2023-04-05T13:08:42.835+0000] {subprocess.py:97} INFO - Command exited with return code 0
