[2023-04-05T13:02:20.311+0000] {taskinstance.py:1090} INFO - Dependencies all met for dep_context=non-requeueable deps ti=<TaskInstance: our_first_dag_v3.third_task scheduled__2021-10-11T00:00:00+00:00 [queued]>
[2023-04-05T13:02:20.361+0000] {taskinstance.py:1090} INFO - Dependencies all met for dep_context=requeueable deps ti=<TaskInstance: our_first_dag_v3.third_task scheduled__2021-10-11T00:00:00+00:00 [queued]>
[2023-04-05T13:02:20.362+0000] {taskinstance.py:1288} INFO - 
--------------------------------------------------------------------------------
[2023-04-05T13:02:20.362+0000] {taskinstance.py:1289} INFO - Starting attempt 1 of 6
[2023-04-05T13:02:20.362+0000] {taskinstance.py:1290} INFO - 
--------------------------------------------------------------------------------
[2023-04-05T13:02:20.406+0000] {taskinstance.py:1309} INFO - Executing <Task(BashOperator): third_task> on 2021-10-11 00:00:00+00:00
[2023-04-05T13:02:20.416+0000] {standard_task_runner.py:55} INFO - Started process 6025 to run task
[2023-04-05T13:02:20.429+0000] {standard_task_runner.py:82} INFO - Running: ['***', 'tasks', 'run', 'our_first_dag_v3', 'third_task', 'scheduled__2021-10-11T00:00:00+00:00', '--job-id', '1530', '--raw', '--subdir', 'DAGS_FOLDER/our_first_dag.py', '--cfg-path', '/tmp/tmpd2xxo38l']
[2023-04-05T13:02:20.431+0000] {standard_task_runner.py:83} INFO - Job 1530: Subtask third_task
[2023-04-05T13:02:20.749+0000] {task_command.py:389} INFO - Running <TaskInstance: our_first_dag_v3.third_task scheduled__2021-10-11T00:00:00+00:00 [running]> on host e3ca158aac6b
[2023-04-05T13:02:21.118+0000] {taskinstance.py:1518} INFO - Exporting the following env vars:
AIRFLOW_CTX_DAG_OWNER=dejan
AIRFLOW_CTX_DAG_ID=our_first_dag_v3
AIRFLOW_CTX_TASK_ID=third_task
AIRFLOW_CTX_EXECUTION_DATE=2021-10-11T00:00:00+00:00
AIRFLOW_CTX_TRY_NUMBER=1
AIRFLOW_CTX_DAG_RUN_ID=scheduled__2021-10-11T00:00:00+00:00
[2023-04-05T13:02:21.119+0000] {subprocess.py:63} INFO - Tmp dir root location: 
 /tmp
[2023-04-05T13:02:21.120+0000] {subprocess.py:75} INFO - Running command: ['/bin/bash', '-c', 'echo Hey I am task3 and will be running after task1 at the same time as task2']
[2023-04-05T13:02:21.136+0000] {subprocess.py:86} INFO - Output:
[2023-04-05T13:02:21.138+0000] {subprocess.py:93} INFO - Hey I am task3 and will be running after task1 at the same time as task2
[2023-04-05T13:02:21.139+0000] {subprocess.py:97} INFO - Command exited with return code 0
[2023-04-05T13:02:21.207+0000] {taskinstance.py:1332} INFO - Marking task as SUCCESS. dag_id=our_first_dag_v3, task_id=third_task, execution_date=20211011T000000, start_date=20230405T130220, end_date=20230405T130221
[2023-04-05T13:02:21.278+0000] {local_task_job.py:212} INFO - Task exited with return code 0
[2023-04-05T13:02:21.325+0000] {taskinstance.py:2596} INFO - 0 downstream tasks scheduled from follow-on schedule check
