[2023-04-05T12:56:47.017+0000] {taskinstance.py:1090} INFO - Dependencies all met for dep_context=non-requeueable deps ti=<TaskInstance: our_first_dag_v2.second_task scheduled__2022-02-08T00:00:00+00:00 [queued]>
[2023-04-05T12:56:47.045+0000] {taskinstance.py:1090} INFO - Dependencies all met for dep_context=requeueable deps ti=<TaskInstance: our_first_dag_v2.second_task scheduled__2022-02-08T00:00:00+00:00 [queued]>
[2023-04-05T12:56:47.045+0000] {taskinstance.py:1288} INFO - 
--------------------------------------------------------------------------------
[2023-04-05T12:56:47.045+0000] {taskinstance.py:1289} INFO - Starting attempt 1 of 6
[2023-04-05T12:56:47.045+0000] {taskinstance.py:1290} INFO - 
--------------------------------------------------------------------------------
[2023-04-05T12:56:47.107+0000] {taskinstance.py:1309} INFO - Executing <Task(BashOperator): second_task> on 2022-02-08 00:00:00+00:00
[2023-04-05T12:56:47.113+0000] {standard_task_runner.py:55} INFO - Started process 4317 to run task
[2023-04-05T12:56:47.115+0000] {standard_task_runner.py:82} INFO - Running: ['***', 'tasks', 'run', 'our_first_dag_v2', 'second_task', 'scheduled__2022-02-08T00:00:00+00:00', '--job-id', '1017', '--raw', '--subdir', 'DAGS_FOLDER/our_first_dag.py', '--cfg-path', '/tmp/tmpy0vvmyuz']
[2023-04-05T12:56:47.118+0000] {standard_task_runner.py:83} INFO - Job 1017: Subtask second_task
[2023-04-05T12:56:47.273+0000] {task_command.py:389} INFO - Running <TaskInstance: our_first_dag_v2.second_task scheduled__2022-02-08T00:00:00+00:00 [running]> on host e3ca158aac6b
[2023-04-05T12:56:47.511+0000] {taskinstance.py:1518} INFO - Exporting the following env vars:
AIRFLOW_CTX_DAG_OWNER=dejan
AIRFLOW_CTX_DAG_ID=our_first_dag_v2
AIRFLOW_CTX_TASK_ID=second_task
AIRFLOW_CTX_EXECUTION_DATE=2022-02-08T00:00:00+00:00
AIRFLOW_CTX_TRY_NUMBER=1
AIRFLOW_CTX_DAG_RUN_ID=scheduled__2022-02-08T00:00:00+00:00
[2023-04-05T12:56:47.511+0000] {subprocess.py:63} INFO - Tmp dir root location: 
 /tmp
[2023-04-05T12:56:47.512+0000] {subprocess.py:75} INFO - Running command: ['/bin/bash', '-c', 'echo Hey I am task2 and will be running after task1']
[2023-04-05T12:56:47.532+0000] {subprocess.py:86} INFO - Output:
[2023-04-05T12:56:47.534+0000] {subprocess.py:93} INFO - Hey I am task2 and will be running after task1
[2023-04-05T12:56:47.551+0000] {subprocess.py:97} INFO - Command exited with return code 0
[2023-04-05T12:56:47.629+0000] {taskinstance.py:1332} INFO - Marking task as SUCCESS. dag_id=our_first_dag_v2, task_id=second_task, execution_date=20220208T000000, start_date=20230405T125647, end_date=20230405T125647
[2023-04-05T12:56:47.723+0000] {local_task_job.py:212} INFO - Task exited with return code 0
[2023-04-05T12:56:47.773+0000] {taskinstance.py:2596} INFO - 0 downstream tasks scheduled from follow-on schedule check
