[2023-04-06T13:31:27.436+0000] {taskinstance.py:1090} INFO - Dependencies all met for dep_context=non-requeueable deps ti=<TaskInstance: create_dag_with_python_operator_v06.get_age scheduled__2022-04-09T00:00:00+00:00 [queued]>
[2023-04-06T13:31:27.458+0000] {taskinstance.py:1090} INFO - Dependencies all met for dep_context=requeueable deps ti=<TaskInstance: create_dag_with_python_operator_v06.get_age scheduled__2022-04-09T00:00:00+00:00 [queued]>
[2023-04-06T13:31:27.458+0000] {taskinstance.py:1288} INFO - 
--------------------------------------------------------------------------------
[2023-04-06T13:31:27.459+0000] {taskinstance.py:1289} INFO - Starting attempt 1 of 6
[2023-04-06T13:31:27.459+0000] {taskinstance.py:1290} INFO - 
--------------------------------------------------------------------------------
[2023-04-06T13:31:27.504+0000] {taskinstance.py:1309} INFO - Executing <Task(PythonOperator): get_age> on 2022-04-09 00:00:00+00:00
[2023-04-06T13:31:27.509+0000] {standard_task_runner.py:55} INFO - Started process 4381 to run task
[2023-04-06T13:31:27.537+0000] {standard_task_runner.py:82} INFO - Running: ['***', 'tasks', 'run', 'create_dag_with_python_operator_v06', 'get_age', 'scheduled__2022-04-09T00:00:00+00:00', '--job-id', '4500', '--raw', '--subdir', 'DAGS_FOLDER/create_dag_with_python_operator.py', '--cfg-path', '/tmp/tmp9t22vtgg']
[2023-04-06T13:31:27.539+0000] {standard_task_runner.py:83} INFO - Job 4500: Subtask get_age
[2023-04-06T13:31:27.837+0000] {task_command.py:389} INFO - Running <TaskInstance: create_dag_with_python_operator_v06.get_age scheduled__2022-04-09T00:00:00+00:00 [running]> on host 971eab773426
[2023-04-06T13:31:28.179+0000] {taskinstance.py:1518} INFO - Exporting the following env vars:
AIRFLOW_CTX_DAG_OWNER=dejan
AIRFLOW_CTX_DAG_ID=create_dag_with_python_operator_v06
AIRFLOW_CTX_TASK_ID=get_age
AIRFLOW_CTX_EXECUTION_DATE=2022-04-09T00:00:00+00:00
AIRFLOW_CTX_TRY_NUMBER=1
AIRFLOW_CTX_DAG_RUN_ID=scheduled__2022-04-09T00:00:00+00:00
[2023-04-06T13:31:28.278+0000] {python.py:177} INFO - Done. Returned value was: None
[2023-04-06T13:31:28.345+0000] {taskinstance.py:1332} INFO - Marking task as SUCCESS. dag_id=create_dag_with_python_operator_v06, task_id=get_age, execution_date=20220409T000000, start_date=20230406T133127, end_date=20230406T133128
[2023-04-06T13:31:28.467+0000] {local_task_job.py:212} INFO - Task exited with return code 0
[2023-04-06T13:31:28.813+0000] {taskinstance.py:2596} INFO - 1 downstream tasks scheduled from follow-on schedule check
