[2023-04-05T12:57:20.207+0000] {taskinstance.py:1090} INFO - Dependencies all met for dep_context=non-requeueable deps ti=<TaskInstance: our_first_dag_v2.second_task scheduled__2022-04-11T00:00:00+00:00 [queued]>
[2023-04-05T12:57:20.221+0000] {taskinstance.py:1090} INFO - Dependencies all met for dep_context=requeueable deps ti=<TaskInstance: our_first_dag_v2.second_task scheduled__2022-04-11T00:00:00+00:00 [queued]>
[2023-04-05T12:57:20.221+0000] {taskinstance.py:1288} INFO - 
--------------------------------------------------------------------------------
[2023-04-05T12:57:20.222+0000] {taskinstance.py:1289} INFO - Starting attempt 1 of 6
[2023-04-05T12:57:20.222+0000] {taskinstance.py:1290} INFO - 
--------------------------------------------------------------------------------
[2023-04-05T12:57:20.246+0000] {taskinstance.py:1309} INFO - Executing <Task(BashOperator): second_task> on 2022-04-11 00:00:00+00:00
[2023-04-05T12:57:20.250+0000] {standard_task_runner.py:55} INFO - Started process 4681 to run task
[2023-04-05T12:57:20.252+0000] {standard_task_runner.py:82} INFO - Running: ['***', 'tasks', 'run', 'our_first_dag_v2', 'second_task', 'scheduled__2022-04-11T00:00:00+00:00', '--job-id', '1136', '--raw', '--subdir', 'DAGS_FOLDER/our_first_dag.py', '--cfg-path', '/tmp/tmpehi33kw3']
[2023-04-05T12:57:20.253+0000] {standard_task_runner.py:83} INFO - Job 1136: Subtask second_task
[2023-04-05T12:57:20.325+0000] {task_command.py:389} INFO - Running <TaskInstance: our_first_dag_v2.second_task scheduled__2022-04-11T00:00:00+00:00 [running]> on host e3ca158aac6b
[2023-04-05T12:57:20.445+0000] {taskinstance.py:1518} INFO - Exporting the following env vars:
AIRFLOW_CTX_DAG_OWNER=dejan
AIRFLOW_CTX_DAG_ID=our_first_dag_v2
AIRFLOW_CTX_TASK_ID=second_task
AIRFLOW_CTX_EXECUTION_DATE=2022-04-11T00:00:00+00:00
AIRFLOW_CTX_TRY_NUMBER=1
AIRFLOW_CTX_DAG_RUN_ID=scheduled__2022-04-11T00:00:00+00:00
[2023-04-05T12:57:20.446+0000] {subprocess.py:63} INFO - Tmp dir root location: 
 /tmp
[2023-04-05T12:57:20.446+0000] {subprocess.py:75} INFO - Running command: ['/bin/bash', '-c', 'echo Hey I am task2 and will be running after task1']
[2023-04-05T12:57:20.453+0000] {subprocess.py:86} INFO - Output:
[2023-04-05T12:57:20.455+0000] {subprocess.py:93} INFO - Hey I am task2 and will be running after task1
[2023-04-05T12:57:20.455+0000] {subprocess.py:97} INFO - Command exited with return code 0
[2023-04-05T12:57:20.483+0000] {taskinstance.py:1332} INFO - Marking task as SUCCESS. dag_id=our_first_dag_v2, task_id=second_task, execution_date=20220411T000000, start_date=20230405T125720, end_date=20230405T125720
[2023-04-05T12:57:20.511+0000] {local_task_job.py:212} INFO - Task exited with return code 0
[2023-04-05T12:57:20.533+0000] {taskinstance.py:2596} INFO - 0 downstream tasks scheduled from follow-on schedule check
