[2023-04-06T14:05:24.856+0000] {taskinstance.py:1090} INFO - Dependencies all met for dep_context=non-requeueable deps ti=<TaskInstance: dag_with_taskflow_api_v02.get_name scheduled__2023-02-06T00:00:00+00:00 [queued]>
[2023-04-06T14:05:24.960+0000] {taskinstance.py:1090} INFO - Dependencies all met for dep_context=requeueable deps ti=<TaskInstance: dag_with_taskflow_api_v02.get_name scheduled__2023-02-06T00:00:00+00:00 [queued]>
[2023-04-06T14:05:24.960+0000] {taskinstance.py:1288} INFO - 
--------------------------------------------------------------------------------
[2023-04-06T14:05:24.966+0000] {taskinstance.py:1289} INFO - Starting attempt 1 of 6
[2023-04-06T14:05:24.966+0000] {taskinstance.py:1290} INFO - 
--------------------------------------------------------------------------------
[2023-04-06T14:05:25.123+0000] {taskinstance.py:1309} INFO - Executing <Task(_PythonDecoratedOperator): get_name> on 2023-02-06 00:00:00+00:00
[2023-04-06T14:05:25.133+0000] {standard_task_runner.py:55} INFO - Started process 14024 to run task
[2023-04-06T14:05:25.145+0000] {standard_task_runner.py:82} INFO - Running: ['***', 'tasks', 'run', 'dag_with_taskflow_api_v02', 'get_name', 'scheduled__2023-02-06T00:00:00+00:00', '--job-id', '6440', '--raw', '--subdir', 'DAGS_FOLDER/dag_with_task_api.py', '--cfg-path', '/tmp/tmpvxdsvojd']
[2023-04-06T14:05:25.159+0000] {standard_task_runner.py:83} INFO - Job 6440: Subtask get_name
[2023-04-06T14:05:25.499+0000] {task_command.py:389} INFO - Running <TaskInstance: dag_with_taskflow_api_v02.get_name scheduled__2023-02-06T00:00:00+00:00 [running]> on host f91656cee95b
[2023-04-06T14:05:25.893+0000] {taskinstance.py:1518} INFO - Exporting the following env vars:
AIRFLOW_CTX_DAG_OWNER=dejan
AIRFLOW_CTX_DAG_ID=dag_with_taskflow_api_v02
AIRFLOW_CTX_TASK_ID=get_name
AIRFLOW_CTX_EXECUTION_DATE=2023-02-06T00:00:00+00:00
AIRFLOW_CTX_TRY_NUMBER=1
AIRFLOW_CTX_DAG_RUN_ID=scheduled__2023-02-06T00:00:00+00:00
[2023-04-06T14:05:25.896+0000] {python.py:177} INFO - Done. Returned value was: {'first_name': 'Dejan', 'last_name': 'Zivanov'}
[2023-04-06T14:05:26.179+0000] {taskinstance.py:1332} INFO - Marking task as SUCCESS. dag_id=dag_with_taskflow_api_v02, task_id=get_name, execution_date=20230206T000000, start_date=20230406T140524, end_date=20230406T140526
[2023-04-06T14:05:26.334+0000] {local_task_job.py:212} INFO - Task exited with return code 0
[2023-04-06T14:05:27.392+0000] {taskinstance.py:2596} INFO - 0 downstream tasks scheduled from follow-on schedule check
