[2023-04-06T16:40:52.203+0000] {taskinstance.py:1090} INFO - Dependencies all met for dep_context=non-requeueable deps ti=<TaskInstance: dag_with_catchup_and_backfill_v01.task1 scheduled__2021-11-27T00:00:00+00:00 [queued]>
[2023-04-06T16:40:52.217+0000] {taskinstance.py:1090} INFO - Dependencies all met for dep_context=requeueable deps ti=<TaskInstance: dag_with_catchup_and_backfill_v01.task1 scheduled__2021-11-27T00:00:00+00:00 [queued]>
[2023-04-06T16:40:52.217+0000] {taskinstance.py:1288} INFO - 
--------------------------------------------------------------------------------
[2023-04-06T16:40:52.217+0000] {taskinstance.py:1289} INFO - Starting attempt 1 of 1
[2023-04-06T16:40:52.217+0000] {taskinstance.py:1290} INFO - 
--------------------------------------------------------------------------------
[2023-04-06T16:40:52.279+0000] {taskinstance.py:1309} INFO - Executing <Task(BashOperator): task1> on 2021-11-27 00:00:00+00:00
[2023-04-06T16:40:52.291+0000] {standard_task_runner.py:55} INFO - Started process 277 to run task
[2023-04-06T16:40:52.301+0000] {standard_task_runner.py:82} INFO - Running: ['***', 'tasks', 'run', 'dag_with_catchup_and_backfill_v01', 'task1', 'scheduled__2021-11-27T00:00:00+00:00', '--job-id', '6656', '--raw', '--subdir', 'DAGS_FOLDER/dag_with_catchup_and_backfill.py', '--cfg-path', '/tmp/tmpj8362q6z']
[2023-04-06T16:40:52.304+0000] {standard_task_runner.py:83} INFO - Job 6656: Subtask task1
[2023-04-06T16:40:52.464+0000] {task_command.py:389} INFO - Running <TaskInstance: dag_with_catchup_and_backfill_v01.task1 scheduled__2021-11-27T00:00:00+00:00 [running]> on host 8b7f5eb43087
[2023-04-06T16:40:52.615+0000] {taskinstance.py:1518} INFO - Exporting the following env vars:
AIRFLOW_CTX_DAG_OWNER=dejan
AIRFLOW_CTX_DAG_ID=dag_with_catchup_and_backfill_v01
AIRFLOW_CTX_TASK_ID=task1
AIRFLOW_CTX_EXECUTION_DATE=2021-11-27T00:00:00+00:00
AIRFLOW_CTX_TRY_NUMBER=1
AIRFLOW_CTX_DAG_RUN_ID=scheduled__2021-11-27T00:00:00+00:00
[2023-04-06T16:40:52.616+0000] {subprocess.py:63} INFO - Tmp dir root location: 
 /tmp
[2023-04-06T16:40:52.617+0000] {subprocess.py:75} INFO - Running command: ['/bin/bash', '-c', 'echo This is simple bash command!']
[2023-04-06T16:40:52.635+0000] {subprocess.py:86} INFO - Output:
[2023-04-06T16:40:52.636+0000] {subprocess.py:93} INFO - This is simple bash command!
[2023-04-06T16:40:52.637+0000] {subprocess.py:97} INFO - Command exited with return code 0
[2023-04-06T16:40:52.687+0000] {taskinstance.py:1332} INFO - Marking task as SUCCESS. dag_id=dag_with_catchup_and_backfill_v01, task_id=task1, execution_date=20211127T000000, start_date=20230406T164052, end_date=20230406T164052
[2023-04-06T16:40:52.726+0000] {local_task_job.py:212} INFO - Task exited with return code 0
[2023-04-06T16:40:52.762+0000] {taskinstance.py:2596} INFO - 0 downstream tasks scheduled from follow-on schedule check
