[2023-04-07T15:09:01.011+0000] {taskinstance.py:1090} INFO - Dependencies all met for dep_context=non-requeueable deps ti=<TaskInstance: dag_with_python_dependancies_v02.get_matplotlib manual__2023-04-07T15:03:57.939155+00:00 [queued]>
[2023-04-07T15:09:01.023+0000] {taskinstance.py:1090} INFO - Dependencies all met for dep_context=requeueable deps ti=<TaskInstance: dag_with_python_dependancies_v02.get_matplotlib manual__2023-04-07T15:03:57.939155+00:00 [queued]>
[2023-04-07T15:09:01.023+0000] {taskinstance.py:1288} INFO - 
--------------------------------------------------------------------------------
[2023-04-07T15:09:01.023+0000] {taskinstance.py:1289} INFO - Starting attempt 2 of 2
[2023-04-07T15:09:01.023+0000] {taskinstance.py:1290} INFO - 
--------------------------------------------------------------------------------
[2023-04-07T15:09:01.044+0000] {taskinstance.py:1309} INFO - Executing <Task(PythonOperator): get_matplotlib> on 2023-04-07 15:03:57.939155+00:00
[2023-04-07T15:09:01.049+0000] {standard_task_runner.py:55} INFO - Started process 839 to run task
[2023-04-07T15:09:01.051+0000] {standard_task_runner.py:82} INFO - Running: ['***', 'tasks', 'run', 'dag_with_python_dependancies_v02', 'get_matplotlib', 'manual__2023-04-07T15:03:57.939155+00:00', '--job-id', '6899', '--raw', '--subdir', 'DAGS_FOLDER/dag_with_python_dependancies.py', '--cfg-path', '/tmp/tmprn4_8dp2']
[2023-04-07T15:09:01.052+0000] {standard_task_runner.py:83} INFO - Job 6899: Subtask get_matplotlib
[2023-04-07T15:09:01.107+0000] {task_command.py:389} INFO - Running <TaskInstance: dag_with_python_dependancies_v02.get_matplotlib manual__2023-04-07T15:03:57.939155+00:00 [running]> on host 8be76219b2ce
[2023-04-07T15:09:01.199+0000] {taskinstance.py:1518} INFO - Exporting the following env vars:
AIRFLOW_CTX_DAG_OWNER=dejan
AIRFLOW_CTX_DAG_ID=dag_with_python_dependancies_v02
AIRFLOW_CTX_TASK_ID=get_matplotlib
AIRFLOW_CTX_EXECUTION_DATE=2023-04-07T15:03:57.939155+00:00
AIRFLOW_CTX_TRY_NUMBER=2
AIRFLOW_CTX_DAG_RUN_ID=manual__2023-04-07T15:03:57.939155+00:00
[2023-04-07T15:09:01.302+0000] {logging_mixin.py:137} INFO - matplotlib version is: 3.3.3
[2023-04-07T15:09:01.302+0000] {python.py:177} INFO - Done. Returned value was: None
[2023-04-07T15:09:01.314+0000] {taskinstance.py:1332} INFO - Marking task as SUCCESS. dag_id=dag_with_python_dependancies_v02, task_id=get_matplotlib, execution_date=20230407T150357, start_date=20230407T150901, end_date=20230407T150901
[2023-04-07T15:09:01.352+0000] {local_task_job.py:212} INFO - Task exited with return code 0
[2023-04-07T15:09:01.374+0000] {taskinstance.py:2596} INFO - 0 downstream tasks scheduled from follow-on schedule check
