[2023-04-06T13:05:05.491+0000] {taskinstance.py:1090} INFO - Dependencies all met for dep_context=non-requeueable deps ti=<TaskInstance: create_dag_with_python_operator_v04.greet scheduled__2021-10-15T00:00:00+00:00 [queued]>
[2023-04-06T13:05:05.517+0000] {taskinstance.py:1090} INFO - Dependencies all met for dep_context=requeueable deps ti=<TaskInstance: create_dag_with_python_operator_v04.greet scheduled__2021-10-15T00:00:00+00:00 [queued]>
[2023-04-06T13:05:05.518+0000] {taskinstance.py:1288} INFO - 
--------------------------------------------------------------------------------
[2023-04-06T13:05:05.518+0000] {taskinstance.py:1289} INFO - Starting attempt 1 of 6
[2023-04-06T13:05:05.518+0000] {taskinstance.py:1290} INFO - 
--------------------------------------------------------------------------------
[2023-04-06T13:05:05.598+0000] {taskinstance.py:1309} INFO - Executing <Task(PythonOperator): greet> on 2021-10-15 00:00:00+00:00
[2023-04-06T13:05:05.611+0000] {standard_task_runner.py:55} INFO - Started process 584 to run task
[2023-04-06T13:05:05.613+0000] {standard_task_runner.py:82} INFO - Running: ['***', 'tasks', 'run', 'create_dag_with_python_operator_v04', 'greet', 'scheduled__2021-10-15T00:00:00+00:00', '--job-id', '3020', '--raw', '--subdir', 'DAGS_FOLDER/create_dag_with_python_operator.py', '--cfg-path', '/tmp/tmpaa8ed170']
[2023-04-06T13:05:05.619+0000] {standard_task_runner.py:83} INFO - Job 3020: Subtask greet
[2023-04-06T13:05:05.744+0000] {task_command.py:389} INFO - Running <TaskInstance: create_dag_with_python_operator_v04.greet scheduled__2021-10-15T00:00:00+00:00 [running]> on host 971eab773426
[2023-04-06T13:05:05.974+0000] {taskinstance.py:1518} INFO - Exporting the following env vars:
AIRFLOW_CTX_DAG_OWNER=dejan
AIRFLOW_CTX_DAG_ID=create_dag_with_python_operator_v04
AIRFLOW_CTX_TASK_ID=greet
AIRFLOW_CTX_EXECUTION_DATE=2021-10-15T00:00:00+00:00
AIRFLOW_CTX_TRY_NUMBER=1
AIRFLOW_CTX_DAG_RUN_ID=scheduled__2021-10-15T00:00:00+00:00
[2023-04-06T13:05:05.975+0000] {taskinstance.py:1776} ERROR - Task failed with exception
Traceback (most recent call last):
  File "/home/airflow/.local/lib/python3.7/site-packages/airflow/operators/python.py", line 175, in execute
    return_value = self.execute_callable()
  File "/home/airflow/.local/lib/python3.7/site-packages/airflow/operators/python.py", line 192, in execute_callable
    return self.python_callable(*self.op_args, **self.op_kwargs)
  File "/opt/airflow/dags/create_dag_with_python_operator.py", line 13, in greet
    name = ti.xcoms_pull(task_ids = 'get_name')
AttributeError: 'TaskInstance' object has no attribute 'xcoms_pull'
[2023-04-06T13:05:06.010+0000] {taskinstance.py:1332} INFO - Marking task as UP_FOR_RETRY. dag_id=create_dag_with_python_operator_v04, task_id=greet, execution_date=20211015T000000, start_date=20230406T130505, end_date=20230406T130506
[2023-04-06T13:05:06.030+0000] {standard_task_runner.py:105} ERROR - Failed to execute job 3020 for task greet ('TaskInstance' object has no attribute 'xcoms_pull'; 584)
[2023-04-06T13:05:06.076+0000] {local_task_job.py:212} INFO - Task exited with return code 1
[2023-04-06T13:05:06.378+0000] {taskinstance.py:2596} INFO - 0 downstream tasks scheduled from follow-on schedule check
