[2023-04-05T13:08:28.101+0000] {taskinstance.py:1090} INFO - Dependencies all met for dep_context=non-requeueable deps ti=<TaskInstance: our_first_dag_v5.second_task scheduled__2021-08-17T00:00:00+00:00 [queued]>
[2023-04-05T13:08:28.124+0000] {taskinstance.py:1090} INFO - Dependencies all met for dep_context=requeueable deps ti=<TaskInstance: our_first_dag_v5.second_task scheduled__2021-08-17T00:00:00+00:00 [queued]>
[2023-04-05T13:08:28.125+0000] {taskinstance.py:1288} INFO - 
--------------------------------------------------------------------------------
[2023-04-05T13:08:28.125+0000] {taskinstance.py:1289} INFO - Starting attempt 1 of 6
[2023-04-05T13:08:28.125+0000] {taskinstance.py:1290} INFO - 
--------------------------------------------------------------------------------
[2023-04-05T13:08:28.188+0000] {taskinstance.py:1309} INFO - Executing <Task(BashOperator): second_task> on 2021-08-17 00:00:00+00:00
[2023-04-05T13:08:28.203+0000] {standard_task_runner.py:55} INFO - Started process 7355 to run task
[2023-04-05T13:08:28.207+0000] {standard_task_runner.py:82} INFO - Running: ['***', 'tasks', 'run', 'our_first_dag_v5', 'second_task', 'scheduled__2021-08-17T00:00:00+00:00', '--job-id', '1921', '--raw', '--subdir', 'DAGS_FOLDER/our_first_dag.py', '--cfg-path', '/tmp/tmp3wut9oum']
[2023-04-05T13:08:28.209+0000] {standard_task_runner.py:83} INFO - Job 1921: Subtask second_task
[2023-04-05T13:08:28.326+0000] {task_command.py:389} INFO - Running <TaskInstance: our_first_dag_v5.second_task scheduled__2021-08-17T00:00:00+00:00 [running]> on host e3ca158aac6b
[2023-04-05T13:08:28.520+0000] {taskinstance.py:1518} INFO - Exporting the following env vars:
AIRFLOW_CTX_DAG_OWNER=dejan
AIRFLOW_CTX_DAG_ID=our_first_dag_v5
AIRFLOW_CTX_TASK_ID=second_task
AIRFLOW_CTX_EXECUTION_DATE=2021-08-17T00:00:00+00:00
AIRFLOW_CTX_TRY_NUMBER=1
AIRFLOW_CTX_DAG_RUN_ID=scheduled__2021-08-17T00:00:00+00:00
[2023-04-05T13:08:28.521+0000] {subprocess.py:63} INFO - Tmp dir root location: 
 /tmp
[2023-04-05T13:08:28.523+0000] {subprocess.py:75} INFO - Running command: ['/bin/bash', '-c', 'echo Hey I am task2 and will be running after task1']
[2023-04-05T13:08:28.538+0000] {subprocess.py:86} INFO - Output:
[2023-04-05T13:08:28.541+0000] {subprocess.py:93} INFO - Hey I am task2 and will be running after task1
[2023-04-05T13:08:28.542+0000] {subprocess.py:97} INFO - Command exited with return code 0
[2023-04-05T13:08:28.598+0000] {taskinstance.py:1332} INFO - Marking task as SUCCESS. dag_id=our_first_dag_v5, task_id=second_task, execution_date=20210817T000000, start_date=20230405T130828, end_date=20230405T130828
[2023-04-05T13:08:28.631+0000] {local_task_job.py:212} INFO - Task exited with return code 0
[2023-04-05T13:08:28.663+0000] {taskinstance.py:2596} INFO - 0 downstream tasks scheduled from follow-on schedule check
