[2023-04-06T14:04:47.491+0000] {taskinstance.py:1090} INFO - Dependencies all met for dep_context=non-requeueable deps ti=<TaskInstance: dag_with_taskflow_api_v02.get_name scheduled__2023-01-11T00:00:00+00:00 [queued]>
[2023-04-06T14:04:47.529+0000] {taskinstance.py:1090} INFO - Dependencies all met for dep_context=requeueable deps ti=<TaskInstance: dag_with_taskflow_api_v02.get_name scheduled__2023-01-11T00:00:00+00:00 [queued]>
[2023-04-06T14:04:47.529+0000] {taskinstance.py:1288} INFO - 
--------------------------------------------------------------------------------
[2023-04-06T14:04:47.530+0000] {taskinstance.py:1289} INFO - Starting attempt 1 of 6
[2023-04-06T14:04:47.531+0000] {taskinstance.py:1290} INFO - 
--------------------------------------------------------------------------------
[2023-04-06T14:04:47.614+0000] {taskinstance.py:1309} INFO - Executing <Task(_PythonDecoratedOperator): get_name> on 2023-01-11 00:00:00+00:00
[2023-04-06T14:04:47.621+0000] {standard_task_runner.py:55} INFO - Started process 13499 to run task
[2023-04-06T14:04:47.647+0000] {standard_task_runner.py:82} INFO - Running: ['***', 'tasks', 'run', 'dag_with_taskflow_api_v02', 'get_name', 'scheduled__2023-01-11T00:00:00+00:00', '--job-id', '6368', '--raw', '--subdir', 'DAGS_FOLDER/dag_with_task_api.py', '--cfg-path', '/tmp/tmpxw2n8z39']
[2023-04-06T14:04:47.649+0000] {standard_task_runner.py:83} INFO - Job 6368: Subtask get_name
[2023-04-06T14:04:47.835+0000] {task_command.py:389} INFO - Running <TaskInstance: dag_with_taskflow_api_v02.get_name scheduled__2023-01-11T00:00:00+00:00 [running]> on host f91656cee95b
[2023-04-06T14:04:48.076+0000] {taskinstance.py:1518} INFO - Exporting the following env vars:
AIRFLOW_CTX_DAG_OWNER=dejan
AIRFLOW_CTX_DAG_ID=dag_with_taskflow_api_v02
AIRFLOW_CTX_TASK_ID=get_name
AIRFLOW_CTX_EXECUTION_DATE=2023-01-11T00:00:00+00:00
AIRFLOW_CTX_TRY_NUMBER=1
AIRFLOW_CTX_DAG_RUN_ID=scheduled__2023-01-11T00:00:00+00:00
[2023-04-06T14:04:48.078+0000] {python.py:177} INFO - Done. Returned value was: {'first_name': 'Dejan', 'last_name': 'Zivanov'}
[2023-04-06T14:04:48.161+0000] {taskinstance.py:1332} INFO - Marking task as SUCCESS. dag_id=dag_with_taskflow_api_v02, task_id=get_name, execution_date=20230111T000000, start_date=20230406T140447, end_date=20230406T140448
[2023-04-06T14:04:48.221+0000] {local_task_job.py:212} INFO - Task exited with return code 0
[2023-04-06T14:04:48.262+0000] {taskinstance.py:2596} INFO - 1 downstream tasks scheduled from follow-on schedule check
