[2023-04-06T13:48:14.973+0000] {taskinstance.py:1090} INFO - Dependencies all met for dep_context=non-requeueable deps ti=<TaskInstance: dag_with_taskflow_api_v01.get_name scheduled__2021-10-26T00:00:00+00:00 [queued]>
[2023-04-06T13:48:15.022+0000] {taskinstance.py:1090} INFO - Dependencies all met for dep_context=requeueable deps ti=<TaskInstance: dag_with_taskflow_api_v01.get_name scheduled__2021-10-26T00:00:00+00:00 [queued]>
[2023-04-06T13:48:15.022+0000] {taskinstance.py:1288} INFO - 
--------------------------------------------------------------------------------
[2023-04-06T13:48:15.022+0000] {taskinstance.py:1289} INFO - Starting attempt 1 of 6
[2023-04-06T13:48:15.022+0000] {taskinstance.py:1290} INFO - 
--------------------------------------------------------------------------------
[2023-04-06T13:48:15.167+0000] {taskinstance.py:1309} INFO - Executing <Task(_PythonDecoratedOperator): get_name> on 2021-10-26 00:00:00+00:00
[2023-04-06T13:48:15.181+0000] {standard_task_runner.py:82} INFO - Running: ['***', 'tasks', 'run', 'dag_with_taskflow_api_v01', 'get_name', 'scheduled__2021-10-26T00:00:00+00:00', '--job-id', '4783', '--raw', '--subdir', 'DAGS_FOLDER/dag_with_task_api.py', '--cfg-path', '/tmp/tmphv2prr47']
[2023-04-06T13:48:15.183+0000] {standard_task_runner.py:83} INFO - Job 4783: Subtask get_name
[2023-04-06T13:48:15.173+0000] {standard_task_runner.py:55} INFO - Started process 1270 to run task
[2023-04-06T13:48:15.451+0000] {task_command.py:389} INFO - Running <TaskInstance: dag_with_taskflow_api_v01.get_name scheduled__2021-10-26T00:00:00+00:00 [running]> on host f91656cee95b
[2023-04-06T13:48:15.834+0000] {taskinstance.py:1518} INFO - Exporting the following env vars:
AIRFLOW_CTX_DAG_OWNER=dejan
AIRFLOW_CTX_DAG_ID=dag_with_taskflow_api_v01
AIRFLOW_CTX_TASK_ID=get_name
AIRFLOW_CTX_EXECUTION_DATE=2021-10-26T00:00:00+00:00
AIRFLOW_CTX_TRY_NUMBER=1
AIRFLOW_CTX_DAG_RUN_ID=scheduled__2021-10-26T00:00:00+00:00
[2023-04-06T13:48:15.836+0000] {python.py:177} INFO - Done. Returned value was: Dejan
[2023-04-06T13:48:15.927+0000] {taskinstance.py:1332} INFO - Marking task as SUCCESS. dag_id=dag_with_taskflow_api_v01, task_id=get_name, execution_date=20211026T000000, start_date=20230406T134814, end_date=20230406T134815
[2023-04-06T13:48:16.007+0000] {local_task_job.py:212} INFO - Task exited with return code 0
[2023-04-06T13:48:16.306+0000] {taskinstance.py:2596} INFO - 0 downstream tasks scheduled from follow-on schedule check
