[2023-04-06T13:48:44.021+0000] {taskinstance.py:1090} INFO - Dependencies all met for dep_context=non-requeueable deps ti=<TaskInstance: dag_with_taskflow_api_v01.greet scheduled__2021-11-12T00:00:00+00:00 [queued]>
[2023-04-06T13:48:44.077+0000] {taskinstance.py:1090} INFO - Dependencies all met for dep_context=requeueable deps ti=<TaskInstance: dag_with_taskflow_api_v01.greet scheduled__2021-11-12T00:00:00+00:00 [queued]>
[2023-04-06T13:48:44.078+0000] {taskinstance.py:1288} INFO - 
--------------------------------------------------------------------------------
[2023-04-06T13:48:44.078+0000] {taskinstance.py:1289} INFO - Starting attempt 1 of 6
[2023-04-06T13:48:44.078+0000] {taskinstance.py:1290} INFO - 
--------------------------------------------------------------------------------
[2023-04-06T13:48:44.173+0000] {taskinstance.py:1309} INFO - Executing <Task(_PythonDecoratedOperator): greet> on 2021-11-12 00:00:00+00:00
[2023-04-06T13:48:44.181+0000] {standard_task_runner.py:55} INFO - Started process 1703 to run task
[2023-04-06T13:48:44.208+0000] {standard_task_runner.py:82} INFO - Running: ['***', 'tasks', 'run', 'dag_with_taskflow_api_v01', 'greet', 'scheduled__2021-11-12T00:00:00+00:00', '--job-id', '4855', '--raw', '--subdir', 'DAGS_FOLDER/dag_with_task_api.py', '--cfg-path', '/tmp/tmp1vbo0gwl']
[2023-04-06T13:48:44.215+0000] {standard_task_runner.py:83} INFO - Job 4855: Subtask greet
[2023-04-06T13:48:44.493+0000] {task_command.py:389} INFO - Running <TaskInstance: dag_with_taskflow_api_v01.greet scheduled__2021-11-12T00:00:00+00:00 [running]> on host f91656cee95b
[2023-04-06T13:48:44.890+0000] {taskinstance.py:1518} INFO - Exporting the following env vars:
AIRFLOW_CTX_DAG_OWNER=dejan
AIRFLOW_CTX_DAG_ID=dag_with_taskflow_api_v01
AIRFLOW_CTX_TASK_ID=greet
AIRFLOW_CTX_EXECUTION_DATE=2021-11-12T00:00:00+00:00
AIRFLOW_CTX_TRY_NUMBER=1
AIRFLOW_CTX_DAG_RUN_ID=scheduled__2021-11-12T00:00:00+00:00
[2023-04-06T13:48:44.892+0000] {logging_mixin.py:137} INFO - Hello World! My name is Dejanand I am 19 years old.
[2023-04-06T13:48:44.892+0000] {python.py:177} INFO - Done. Returned value was: None
[2023-04-06T13:48:44.914+0000] {taskinstance.py:1332} INFO - Marking task as SUCCESS. dag_id=dag_with_taskflow_api_v01, task_id=greet, execution_date=20211112T000000, start_date=20230406T134844, end_date=20230406T134844
[2023-04-06T13:48:45.015+0000] {local_task_job.py:212} INFO - Task exited with return code 0
[2023-04-06T13:48:45.081+0000] {taskinstance.py:2596} INFO - 0 downstream tasks scheduled from follow-on schedule check
