[2023-04-06T13:22:42.686+0000] {taskinstance.py:1090} INFO - Dependencies all met for dep_context=non-requeueable deps ti=<TaskInstance: create_dag_with_python_operator_v04.greet scheduled__2022-11-09T00:00:00+00:00 [queued]>
[2023-04-06T13:22:42.726+0000] {taskinstance.py:1090} INFO - Dependencies all met for dep_context=requeueable deps ti=<TaskInstance: create_dag_with_python_operator_v04.greet scheduled__2022-11-09T00:00:00+00:00 [queued]>
[2023-04-06T13:22:42.728+0000] {taskinstance.py:1288} INFO - 
--------------------------------------------------------------------------------
[2023-04-06T13:22:42.729+0000] {taskinstance.py:1289} INFO - Starting attempt 1 of 6
[2023-04-06T13:22:42.729+0000] {taskinstance.py:1290} INFO - 
--------------------------------------------------------------------------------
[2023-04-06T13:22:42.795+0000] {taskinstance.py:1309} INFO - Executing <Task(PythonOperator): greet> on 2022-11-09 00:00:00+00:00
[2023-04-06T13:22:42.803+0000] {standard_task_runner.py:55} INFO - Started process 2791 to run task
[2023-04-06T13:22:42.813+0000] {standard_task_runner.py:82} INFO - Running: ['***', 'tasks', 'run', 'create_dag_with_python_operator_v04', 'greet', 'scheduled__2022-11-09T00:00:00+00:00', '--job-id', '3859', '--raw', '--subdir', 'DAGS_FOLDER/create_dag_with_python_operator.py', '--cfg-path', '/tmp/tmpeyzn2fjv']
[2023-04-06T13:22:42.824+0000] {standard_task_runner.py:83} INFO - Job 3859: Subtask greet
[2023-04-06T13:22:42.977+0000] {task_command.py:389} INFO - Running <TaskInstance: create_dag_with_python_operator_v04.greet scheduled__2022-11-09T00:00:00+00:00 [running]> on host 971eab773426
[2023-04-06T13:22:43.255+0000] {taskinstance.py:1518} INFO - Exporting the following env vars:
AIRFLOW_CTX_DAG_OWNER=dejan
AIRFLOW_CTX_DAG_ID=create_dag_with_python_operator_v04
AIRFLOW_CTX_TASK_ID=greet
AIRFLOW_CTX_EXECUTION_DATE=2022-11-09T00:00:00+00:00
AIRFLOW_CTX_TRY_NUMBER=1
AIRFLOW_CTX_DAG_RUN_ID=scheduled__2022-11-09T00:00:00+00:00
[2023-04-06T13:22:43.308+0000] {logging_mixin.py:137} INFO - Hello World! Myname is Dejan Zivanov,   and I am 30 years old.
[2023-04-06T13:22:43.309+0000] {python.py:177} INFO - Done. Returned value was: None
[2023-04-06T13:22:43.372+0000] {taskinstance.py:1332} INFO - Marking task as SUCCESS. dag_id=create_dag_with_python_operator_v04, task_id=greet, execution_date=20221109T000000, start_date=20230406T132242, end_date=20230406T132243
[2023-04-06T13:22:43.490+0000] {local_task_job.py:212} INFO - Task exited with return code 0
[2023-04-06T13:22:43.541+0000] {taskinstance.py:2596} INFO - 0 downstream tasks scheduled from follow-on schedule check
