[2023-04-06T13:10:05.407+0000] {taskinstance.py:1090} INFO - Dependencies all met for dep_context=non-requeueable deps ti=<TaskInstance: create_dag_with_python_operator_v04.greet scheduled__2021-10-11T00:00:00+00:00 [queued]>
[2023-04-06T13:10:05.422+0000] {taskinstance.py:1090} INFO - Dependencies all met for dep_context=requeueable deps ti=<TaskInstance: create_dag_with_python_operator_v04.greet scheduled__2021-10-11T00:00:00+00:00 [queued]>
[2023-04-06T13:10:05.422+0000] {taskinstance.py:1288} INFO - 
--------------------------------------------------------------------------------
[2023-04-06T13:10:05.422+0000] {taskinstance.py:1289} INFO - Starting attempt 2 of 6
[2023-04-06T13:10:05.423+0000] {taskinstance.py:1290} INFO - 
--------------------------------------------------------------------------------
[2023-04-06T13:10:05.452+0000] {taskinstance.py:1309} INFO - Executing <Task(PythonOperator): greet> on 2021-10-11 00:00:00+00:00
[2023-04-06T13:10:05.464+0000] {standard_task_runner.py:55} INFO - Started process 737 to run task
[2023-04-06T13:10:05.468+0000] {standard_task_runner.py:82} INFO - Running: ['***', 'tasks', 'run', 'create_dag_with_python_operator_v04', 'greet', 'scheduled__2021-10-11T00:00:00+00:00', '--job-id', '3036', '--raw', '--subdir', 'DAGS_FOLDER/create_dag_with_python_operator.py', '--cfg-path', '/tmp/tmpuod7k2g8']
[2023-04-06T13:10:05.470+0000] {standard_task_runner.py:83} INFO - Job 3036: Subtask greet
[2023-04-06T13:10:05.637+0000] {task_command.py:389} INFO - Running <TaskInstance: create_dag_with_python_operator_v04.greet scheduled__2021-10-11T00:00:00+00:00 [running]> on host 971eab773426
[2023-04-06T13:10:05.842+0000] {taskinstance.py:1518} INFO - Exporting the following env vars:
AIRFLOW_CTX_DAG_OWNER=dejan
AIRFLOW_CTX_DAG_ID=create_dag_with_python_operator_v04
AIRFLOW_CTX_TASK_ID=greet
AIRFLOW_CTX_EXECUTION_DATE=2021-10-11T00:00:00+00:00
AIRFLOW_CTX_TRY_NUMBER=2
AIRFLOW_CTX_DAG_RUN_ID=scheduled__2021-10-11T00:00:00+00:00
[2023-04-06T13:10:05.858+0000] {logging_mixin.py:137} INFO - Hello World! Myname is Jery,   and I am 30 years old.
[2023-04-06T13:10:05.858+0000] {python.py:177} INFO - Done. Returned value was: None
[2023-04-06T13:10:05.873+0000] {taskinstance.py:1332} INFO - Marking task as SUCCESS. dag_id=create_dag_with_python_operator_v04, task_id=greet, execution_date=20211011T000000, start_date=20230406T131005, end_date=20230406T131005
[2023-04-06T13:10:05.943+0000] {local_task_job.py:212} INFO - Task exited with return code 0
[2023-04-06T13:10:05.984+0000] {taskinstance.py:2596} INFO - 0 downstream tasks scheduled from follow-on schedule check
