[2023-04-06T14:04:58.440+0000] {taskinstance.py:1090} INFO - Dependencies all met for dep_context=non-requeueable deps ti=<TaskInstance: dag_with_taskflow_api_v02.get_name scheduled__2023-01-16T00:00:00+00:00 [queued]>
[2023-04-06T14:04:58.568+0000] {taskinstance.py:1090} INFO - Dependencies all met for dep_context=requeueable deps ti=<TaskInstance: dag_with_taskflow_api_v02.get_name scheduled__2023-01-16T00:00:00+00:00 [queued]>
[2023-04-06T14:04:58.569+0000] {taskinstance.py:1288} INFO - 
--------------------------------------------------------------------------------
[2023-04-06T14:04:58.569+0000] {taskinstance.py:1289} INFO - Starting attempt 1 of 6
[2023-04-06T14:04:58.569+0000] {taskinstance.py:1290} INFO - 
--------------------------------------------------------------------------------
[2023-04-06T14:04:58.671+0000] {taskinstance.py:1309} INFO - Executing <Task(_PythonDecoratedOperator): get_name> on 2023-01-16 00:00:00+00:00
[2023-04-06T14:04:58.705+0000] {standard_task_runner.py:55} INFO - Started process 13668 to run task
[2023-04-06T14:04:58.708+0000] {standard_task_runner.py:82} INFO - Running: ['***', 'tasks', 'run', 'dag_with_taskflow_api_v02', 'get_name', 'scheduled__2023-01-16T00:00:00+00:00', '--job-id', '6384', '--raw', '--subdir', 'DAGS_FOLDER/dag_with_task_api.py', '--cfg-path', '/tmp/tmpupjlit8k']
[2023-04-06T14:04:58.710+0000] {standard_task_runner.py:83} INFO - Job 6384: Subtask get_name
[2023-04-06T14:04:59.083+0000] {task_command.py:389} INFO - Running <TaskInstance: dag_with_taskflow_api_v02.get_name scheduled__2023-01-16T00:00:00+00:00 [running]> on host f91656cee95b
[2023-04-06T14:04:59.571+0000] {taskinstance.py:1518} INFO - Exporting the following env vars:
AIRFLOW_CTX_DAG_OWNER=dejan
AIRFLOW_CTX_DAG_ID=dag_with_taskflow_api_v02
AIRFLOW_CTX_TASK_ID=get_name
AIRFLOW_CTX_EXECUTION_DATE=2023-01-16T00:00:00+00:00
AIRFLOW_CTX_TRY_NUMBER=1
AIRFLOW_CTX_DAG_RUN_ID=scheduled__2023-01-16T00:00:00+00:00
[2023-04-06T14:04:59.574+0000] {python.py:177} INFO - Done. Returned value was: {'first_name': 'Dejan', 'last_name': 'Zivanov'}
[2023-04-06T14:04:59.741+0000] {taskinstance.py:1332} INFO - Marking task as SUCCESS. dag_id=dag_with_taskflow_api_v02, task_id=get_name, execution_date=20230116T000000, start_date=20230406T140458, end_date=20230406T140459
[2023-04-06T14:05:00.297+0000] {local_task_job.py:212} INFO - Task exited with return code 0
[2023-04-06T14:05:00.463+0000] {taskinstance.py:2596} INFO - 1 downstream tasks scheduled from follow-on schedule check
