[2023-04-05T13:01:52.689+0000] {taskinstance.py:1090} INFO - Dependencies all met for dep_context=non-requeueable deps ti=<TaskInstance: our_first_dag_v3.second_task scheduled__2021-09-10T00:00:00+00:00 [queued]>
[2023-04-05T13:01:52.717+0000] {taskinstance.py:1090} INFO - Dependencies all met for dep_context=requeueable deps ti=<TaskInstance: our_first_dag_v3.second_task scheduled__2021-09-10T00:00:00+00:00 [queued]>
[2023-04-05T13:01:52.718+0000] {taskinstance.py:1288} INFO - 
--------------------------------------------------------------------------------
[2023-04-05T13:01:52.718+0000] {taskinstance.py:1289} INFO - Starting attempt 1 of 6
[2023-04-05T13:01:52.718+0000] {taskinstance.py:1290} INFO - 
--------------------------------------------------------------------------------
[2023-04-05T13:01:52.814+0000] {taskinstance.py:1309} INFO - Executing <Task(BashOperator): second_task> on 2021-09-10 00:00:00+00:00
[2023-04-05T13:01:52.823+0000] {standard_task_runner.py:55} INFO - Started process 5731 to run task
[2023-04-05T13:01:52.828+0000] {standard_task_runner.py:82} INFO - Running: ['***', 'tasks', 'run', 'our_first_dag_v3', 'second_task', 'scheduled__2021-09-10T00:00:00+00:00', '--job-id', '1432', '--raw', '--subdir', 'DAGS_FOLDER/our_first_dag.py', '--cfg-path', '/tmp/tmp_pwu1u0q']
[2023-04-05T13:01:52.832+0000] {standard_task_runner.py:83} INFO - Job 1432: Subtask second_task
[2023-04-05T13:01:53.000+0000] {task_command.py:389} INFO - Running <TaskInstance: our_first_dag_v3.second_task scheduled__2021-09-10T00:00:00+00:00 [running]> on host e3ca158aac6b
[2023-04-05T13:01:53.305+0000] {taskinstance.py:1518} INFO - Exporting the following env vars:
AIRFLOW_CTX_DAG_OWNER=dejan
AIRFLOW_CTX_DAG_ID=our_first_dag_v3
AIRFLOW_CTX_TASK_ID=second_task
AIRFLOW_CTX_EXECUTION_DATE=2021-09-10T00:00:00+00:00
AIRFLOW_CTX_TRY_NUMBER=1
AIRFLOW_CTX_DAG_RUN_ID=scheduled__2021-09-10T00:00:00+00:00
[2023-04-05T13:01:53.308+0000] {subprocess.py:63} INFO - Tmp dir root location: 
 /tmp
[2023-04-05T13:01:53.309+0000] {subprocess.py:75} INFO - Running command: ['/bin/bash', '-c', 'echo Hey I am task2 and will be running after task1']
[2023-04-05T13:01:53.360+0000] {subprocess.py:86} INFO - Output:
[2023-04-05T13:01:53.364+0000] {subprocess.py:93} INFO - Hey I am task2 and will be running after task1
[2023-04-05T13:01:53.371+0000] {subprocess.py:97} INFO - Command exited with return code 0
[2023-04-05T13:01:53.467+0000] {taskinstance.py:1332} INFO - Marking task as SUCCESS. dag_id=our_first_dag_v3, task_id=second_task, execution_date=20210910T000000, start_date=20230405T130152, end_date=20230405T130153
[2023-04-05T13:01:53.553+0000] {local_task_job.py:212} INFO - Task exited with return code 0
[2023-04-05T13:01:53.645+0000] {taskinstance.py:2596} INFO - 0 downstream tasks scheduled from follow-on schedule check
