[2023-04-05T13:09:19.044+0000] {taskinstance.py:1090} INFO - Dependencies all met for dep_context=non-requeueable deps ti=<TaskInstance: our_first_dag_v5.first_task scheduled__2021-10-16T00:00:00+00:00 [queued]>
[2023-04-05T13:09:19.078+0000] {taskinstance.py:1090} INFO - Dependencies all met for dep_context=requeueable deps ti=<TaskInstance: our_first_dag_v5.first_task scheduled__2021-10-16T00:00:00+00:00 [queued]>
[2023-04-05T13:09:19.079+0000] {taskinstance.py:1288} INFO - 
--------------------------------------------------------------------------------
[2023-04-05T13:09:19.079+0000] {taskinstance.py:1289} INFO - Starting attempt 1 of 6
[2023-04-05T13:09:19.082+0000] {taskinstance.py:1290} INFO - 
--------------------------------------------------------------------------------
[2023-04-05T13:09:19.200+0000] {taskinstance.py:1309} INFO - Executing <Task(BashOperator): first_task> on 2021-10-16 00:00:00+00:00
[2023-04-05T13:09:19.206+0000] {standard_task_runner.py:55} INFO - Started process 7889 to run task
[2023-04-05T13:09:19.212+0000] {standard_task_runner.py:82} INFO - Running: ['***', 'tasks', 'run', 'our_first_dag_v5', 'first_task', 'scheduled__2021-10-16T00:00:00+00:00', '--job-id', '2093', '--raw', '--subdir', 'DAGS_FOLDER/our_first_dag.py', '--cfg-path', '/tmp/tmplxpdmk_8']
[2023-04-05T13:09:19.214+0000] {standard_task_runner.py:83} INFO - Job 2093: Subtask first_task
[2023-04-05T13:09:19.385+0000] {task_command.py:389} INFO - Running <TaskInstance: our_first_dag_v5.first_task scheduled__2021-10-16T00:00:00+00:00 [running]> on host e3ca158aac6b
[2023-04-05T13:09:19.661+0000] {taskinstance.py:1518} INFO - Exporting the following env vars:
AIRFLOW_CTX_DAG_OWNER=dejan
AIRFLOW_CTX_DAG_ID=our_first_dag_v5
AIRFLOW_CTX_TASK_ID=first_task
AIRFLOW_CTX_EXECUTION_DATE=2021-10-16T00:00:00+00:00
AIRFLOW_CTX_TRY_NUMBER=1
AIRFLOW_CTX_DAG_RUN_ID=scheduled__2021-10-16T00:00:00+00:00
[2023-04-05T13:09:19.663+0000] {subprocess.py:63} INFO - Tmp dir root location: 
 /tmp
[2023-04-05T13:09:19.663+0000] {subprocess.py:75} INFO - Running command: ['/bin/bash', '-c', 'echo Hello World, this is the first task']
[2023-04-05T13:09:19.695+0000] {subprocess.py:86} INFO - Output:
[2023-04-05T13:09:19.697+0000] {subprocess.py:93} INFO - Hello World, this is the first task
[2023-04-05T13:09:19.700+0000] {subprocess.py:97} INFO - Command exited with return code 0
[2023-04-05T13:09:19.776+0000] {taskinstance.py:1332} INFO - Marking task as SUCCESS. dag_id=our_first_dag_v5, task_id=first_task, execution_date=20211016T000000, start_date=20230405T130919, end_date=20230405T130919
[2023-04-05T13:09:19.845+0000] {local_task_job.py:212} INFO - Task exited with return code 0
[2023-04-05T13:09:19.944+0000] {taskinstance.py:2596} INFO - 2 downstream tasks scheduled from follow-on schedule check
