[2023-04-05T13:03:19.702+0000] {taskinstance.py:1090} INFO - Dependencies all met for dep_context=non-requeueable deps ti=<TaskInstance: our_first_dag_v3.third_task scheduled__2021-12-21T00:00:00+00:00 [queued]>
[2023-04-05T13:03:19.761+0000] {taskinstance.py:1090} INFO - Dependencies all met for dep_context=requeueable deps ti=<TaskInstance: our_first_dag_v3.third_task scheduled__2021-12-21T00:00:00+00:00 [queued]>
[2023-04-05T13:03:19.761+0000] {taskinstance.py:1288} INFO - 
--------------------------------------------------------------------------------
[2023-04-05T13:03:19.761+0000] {taskinstance.py:1289} INFO - Starting attempt 1 of 6
[2023-04-05T13:03:19.761+0000] {taskinstance.py:1290} INFO - 
--------------------------------------------------------------------------------
[2023-04-05T13:03:19.827+0000] {taskinstance.py:1309} INFO - Executing <Task(BashOperator): third_task> on 2021-12-21 00:00:00+00:00
[2023-04-05T13:03:19.841+0000] {standard_task_runner.py:55} INFO - Started process 6690 to run task
[2023-04-05T13:03:19.843+0000] {standard_task_runner.py:82} INFO - Running: ['***', 'tasks', 'run', 'our_first_dag_v3', 'third_task', 'scheduled__2021-12-21T00:00:00+00:00', '--job-id', '1743', '--raw', '--subdir', 'DAGS_FOLDER/our_first_dag.py', '--cfg-path', '/tmp/tmpv3zxe4cj']
[2023-04-05T13:03:19.844+0000] {standard_task_runner.py:83} INFO - Job 1743: Subtask third_task
[2023-04-05T13:03:20.109+0000] {task_command.py:389} INFO - Running <TaskInstance: our_first_dag_v3.third_task scheduled__2021-12-21T00:00:00+00:00 [running]> on host e3ca158aac6b
[2023-04-05T13:03:20.413+0000] {taskinstance.py:1518} INFO - Exporting the following env vars:
AIRFLOW_CTX_DAG_OWNER=dejan
AIRFLOW_CTX_DAG_ID=our_first_dag_v3
AIRFLOW_CTX_TASK_ID=third_task
AIRFLOW_CTX_EXECUTION_DATE=2021-12-21T00:00:00+00:00
AIRFLOW_CTX_TRY_NUMBER=1
AIRFLOW_CTX_DAG_RUN_ID=scheduled__2021-12-21T00:00:00+00:00
[2023-04-05T13:03:20.414+0000] {subprocess.py:63} INFO - Tmp dir root location: 
 /tmp
[2023-04-05T13:03:20.415+0000] {subprocess.py:75} INFO - Running command: ['/bin/bash', '-c', 'echo Hey I am task3 and will be running after task1 at the same time as task2']
[2023-04-05T13:03:20.450+0000] {subprocess.py:86} INFO - Output:
[2023-04-05T13:03:20.452+0000] {subprocess.py:93} INFO - Hey I am task3 and will be running after task1 at the same time as task2
[2023-04-05T13:03:20.453+0000] {subprocess.py:97} INFO - Command exited with return code 0
[2023-04-05T13:03:20.572+0000] {taskinstance.py:1332} INFO - Marking task as SUCCESS. dag_id=our_first_dag_v3, task_id=third_task, execution_date=20211221T000000, start_date=20230405T130319, end_date=20230405T130320
[2023-04-05T13:03:20.648+0000] {local_task_job.py:212} INFO - Task exited with return code 0
[2023-04-05T13:03:20.803+0000] {taskinstance.py:2596} INFO - 0 downstream tasks scheduled from follow-on schedule check
