[2023-04-07T12:47:26.305+0000] {processor.py:153} INFO - Started process (PID=2626) to work on /home/airflow/.local/lib/python3.7/site-packages/airflow/example_dags/example_nested_branch_dag.py
[2023-04-07T12:47:26.305+0000] {processor.py:743} INFO - Processing file /home/airflow/.local/lib/python3.7/site-packages/airflow/example_dags/example_nested_branch_dag.py for tasks to queue
[2023-04-07T12:47:26.306+0000] {logging_mixin.py:137} INFO - [2023-04-07T12:47:26.306+0000] {dagbag.py:532} INFO - Filling up the DagBag from /home/airflow/.local/lib/python3.7/site-packages/airflow/example_dags/example_nested_branch_dag.py
[2023-04-07T12:47:26.335+0000] {processor.py:753} INFO - DAG(s) dict_keys(['example_nested_branch_dag']) retrieved from /home/airflow/.local/lib/python3.7/site-packages/airflow/example_dags/example_nested_branch_dag.py
[2023-04-07T12:47:26.367+0000] {logging_mixin.py:137} INFO - [2023-04-07T12:47:26.367+0000] {dag.py:2705} INFO - Sync 1 DAGs
[2023-04-07T12:47:26.408+0000] {logging_mixin.py:137} INFO - [2023-04-07T12:47:26.408+0000] {dag.py:3456} INFO - Setting next_dagrun for example_nested_branch_dag to 2023-04-06T00:00:00+00:00, run_after=2023-04-07T00:00:00+00:00
[2023-04-07T12:47:26.429+0000] {processor.py:175} INFO - Processing /home/airflow/.local/lib/python3.7/site-packages/airflow/example_dags/example_nested_branch_dag.py took 0.126 seconds
[2023-04-07T12:47:56.501+0000] {processor.py:153} INFO - Started process (PID=2844) to work on /home/airflow/.local/lib/python3.7/site-packages/airflow/example_dags/example_nested_branch_dag.py
[2023-04-07T12:47:56.502+0000] {processor.py:743} INFO - Processing file /home/airflow/.local/lib/python3.7/site-packages/airflow/example_dags/example_nested_branch_dag.py for tasks to queue
[2023-04-07T12:47:56.502+0000] {logging_mixin.py:137} INFO - [2023-04-07T12:47:56.502+0000] {dagbag.py:532} INFO - Filling up the DagBag from /home/airflow/.local/lib/python3.7/site-packages/airflow/example_dags/example_nested_branch_dag.py
[2023-04-07T12:47:56.529+0000] {processor.py:753} INFO - DAG(s) dict_keys(['example_nested_branch_dag']) retrieved from /home/airflow/.local/lib/python3.7/site-packages/airflow/example_dags/example_nested_branch_dag.py
[2023-04-07T12:47:56.559+0000] {logging_mixin.py:137} INFO - [2023-04-07T12:47:56.559+0000] {dag.py:2705} INFO - Sync 1 DAGs
[2023-04-07T12:47:56.597+0000] {logging_mixin.py:137} INFO - [2023-04-07T12:47:56.596+0000] {dag.py:3456} INFO - Setting next_dagrun for example_nested_branch_dag to 2023-04-06T00:00:00+00:00, run_after=2023-04-07T00:00:00+00:00
[2023-04-07T12:47:56.616+0000] {processor.py:175} INFO - Processing /home/airflow/.local/lib/python3.7/site-packages/airflow/example_dags/example_nested_branch_dag.py took 0.118 seconds
[2023-04-07T12:48:26.717+0000] {processor.py:153} INFO - Started process (PID=3062) to work on /home/airflow/.local/lib/python3.7/site-packages/airflow/example_dags/example_nested_branch_dag.py
[2023-04-07T12:48:26.718+0000] {processor.py:743} INFO - Processing file /home/airflow/.local/lib/python3.7/site-packages/airflow/example_dags/example_nested_branch_dag.py for tasks to queue
[2023-04-07T12:48:26.718+0000] {logging_mixin.py:137} INFO - [2023-04-07T12:48:26.718+0000] {dagbag.py:532} INFO - Filling up the DagBag from /home/airflow/.local/lib/python3.7/site-packages/airflow/example_dags/example_nested_branch_dag.py
[2023-04-07T12:48:26.747+0000] {processor.py:753} INFO - DAG(s) dict_keys(['example_nested_branch_dag']) retrieved from /home/airflow/.local/lib/python3.7/site-packages/airflow/example_dags/example_nested_branch_dag.py
[2023-04-07T12:48:26.778+0000] {logging_mixin.py:137} INFO - [2023-04-07T12:48:26.778+0000] {dag.py:2705} INFO - Sync 1 DAGs
[2023-04-07T12:48:26.814+0000] {logging_mixin.py:137} INFO - [2023-04-07T12:48:26.814+0000] {dag.py:3456} INFO - Setting next_dagrun for example_nested_branch_dag to 2023-04-06T00:00:00+00:00, run_after=2023-04-07T00:00:00+00:00
[2023-04-07T12:48:26.835+0000] {processor.py:175} INFO - Processing /home/airflow/.local/lib/python3.7/site-packages/airflow/example_dags/example_nested_branch_dag.py took 0.121 seconds
[2023-04-07T12:48:56.935+0000] {processor.py:153} INFO - Started process (PID=3280) to work on /home/airflow/.local/lib/python3.7/site-packages/airflow/example_dags/example_nested_branch_dag.py
[2023-04-07T12:48:56.936+0000] {processor.py:743} INFO - Processing file /home/airflow/.local/lib/python3.7/site-packages/airflow/example_dags/example_nested_branch_dag.py for tasks to queue
[2023-04-07T12:48:56.937+0000] {logging_mixin.py:137} INFO - [2023-04-07T12:48:56.936+0000] {dagbag.py:532} INFO - Filling up the DagBag from /home/airflow/.local/lib/python3.7/site-packages/airflow/example_dags/example_nested_branch_dag.py
[2023-04-07T12:48:56.968+0000] {processor.py:753} INFO - DAG(s) dict_keys(['example_nested_branch_dag']) retrieved from /home/airflow/.local/lib/python3.7/site-packages/airflow/example_dags/example_nested_branch_dag.py
[2023-04-07T12:48:56.997+0000] {logging_mixin.py:137} INFO - [2023-04-07T12:48:56.997+0000] {dag.py:2705} INFO - Sync 1 DAGs
[2023-04-07T12:48:57.039+0000] {logging_mixin.py:137} INFO - [2023-04-07T12:48:57.038+0000] {dag.py:3456} INFO - Setting next_dagrun for example_nested_branch_dag to 2023-04-06T00:00:00+00:00, run_after=2023-04-07T00:00:00+00:00
[2023-04-07T12:48:57.062+0000] {processor.py:175} INFO - Processing /home/airflow/.local/lib/python3.7/site-packages/airflow/example_dags/example_nested_branch_dag.py took 0.130 seconds
