[2023-04-07T12:47:28.754+0000] {processor.py:153} INFO - Started process (PID=2721) to work on /home/airflow/.local/lib/python3.7/site-packages/airflow/example_dags/example_sensor_decorator.py
[2023-04-07T12:47:28.754+0000] {processor.py:743} INFO - Processing file /home/airflow/.local/lib/python3.7/site-packages/airflow/example_dags/example_sensor_decorator.py for tasks to queue
[2023-04-07T12:47:28.755+0000] {logging_mixin.py:137} INFO - [2023-04-07T12:47:28.755+0000] {dagbag.py:532} INFO - Filling up the DagBag from /home/airflow/.local/lib/python3.7/site-packages/airflow/example_dags/example_sensor_decorator.py
[2023-04-07T12:47:28.781+0000] {processor.py:753} INFO - DAG(s) dict_keys(['example_sensor_decorator']) retrieved from /home/airflow/.local/lib/python3.7/site-packages/airflow/example_dags/example_sensor_decorator.py
[2023-04-07T12:47:28.807+0000] {logging_mixin.py:137} INFO - [2023-04-07T12:47:28.807+0000] {dag.py:2705} INFO - Sync 1 DAGs
[2023-04-07T12:47:28.849+0000] {logging_mixin.py:137} INFO - [2023-04-07T12:47:28.848+0000] {dag.py:3456} INFO - Setting next_dagrun for example_sensor_decorator to None, run_after=None
[2023-04-07T12:47:28.870+0000] {processor.py:175} INFO - Processing /home/airflow/.local/lib/python3.7/site-packages/airflow/example_dags/example_sensor_decorator.py took 0.119 seconds
[2023-04-07T12:47:59.024+0000] {processor.py:153} INFO - Started process (PID=2939) to work on /home/airflow/.local/lib/python3.7/site-packages/airflow/example_dags/example_sensor_decorator.py
[2023-04-07T12:47:59.024+0000] {processor.py:743} INFO - Processing file /home/airflow/.local/lib/python3.7/site-packages/airflow/example_dags/example_sensor_decorator.py for tasks to queue
[2023-04-07T12:47:59.025+0000] {logging_mixin.py:137} INFO - [2023-04-07T12:47:59.025+0000] {dagbag.py:532} INFO - Filling up the DagBag from /home/airflow/.local/lib/python3.7/site-packages/airflow/example_dags/example_sensor_decorator.py
[2023-04-07T12:47:59.051+0000] {processor.py:753} INFO - DAG(s) dict_keys(['example_sensor_decorator']) retrieved from /home/airflow/.local/lib/python3.7/site-packages/airflow/example_dags/example_sensor_decorator.py
[2023-04-07T12:47:59.081+0000] {logging_mixin.py:137} INFO - [2023-04-07T12:47:59.080+0000] {dag.py:2705} INFO - Sync 1 DAGs
[2023-04-07T12:47:59.124+0000] {logging_mixin.py:137} INFO - [2023-04-07T12:47:59.124+0000] {dag.py:3456} INFO - Setting next_dagrun for example_sensor_decorator to None, run_after=None
[2023-04-07T12:47:59.149+0000] {processor.py:175} INFO - Processing /home/airflow/.local/lib/python3.7/site-packages/airflow/example_dags/example_sensor_decorator.py took 0.128 seconds
[2023-04-07T12:48:29.329+0000] {processor.py:153} INFO - Started process (PID=3157) to work on /home/airflow/.local/lib/python3.7/site-packages/airflow/example_dags/example_sensor_decorator.py
[2023-04-07T12:48:29.330+0000] {processor.py:743} INFO - Processing file /home/airflow/.local/lib/python3.7/site-packages/airflow/example_dags/example_sensor_decorator.py for tasks to queue
[2023-04-07T12:48:29.331+0000] {logging_mixin.py:137} INFO - [2023-04-07T12:48:29.330+0000] {dagbag.py:532} INFO - Filling up the DagBag from /home/airflow/.local/lib/python3.7/site-packages/airflow/example_dags/example_sensor_decorator.py
[2023-04-07T12:48:29.355+0000] {processor.py:753} INFO - DAG(s) dict_keys(['example_sensor_decorator']) retrieved from /home/airflow/.local/lib/python3.7/site-packages/airflow/example_dags/example_sensor_decorator.py
[2023-04-07T12:48:29.380+0000] {logging_mixin.py:137} INFO - [2023-04-07T12:48:29.380+0000] {dag.py:2705} INFO - Sync 1 DAGs
[2023-04-07T12:48:29.416+0000] {logging_mixin.py:137} INFO - [2023-04-07T12:48:29.416+0000] {dag.py:3456} INFO - Setting next_dagrun for example_sensor_decorator to None, run_after=None
[2023-04-07T12:48:29.437+0000] {processor.py:175} INFO - Processing /home/airflow/.local/lib/python3.7/site-packages/airflow/example_dags/example_sensor_decorator.py took 0.114 seconds
[2023-04-07T12:49:00.460+0000] {processor.py:153} INFO - Started process (PID=3375) to work on /home/airflow/.local/lib/python3.7/site-packages/airflow/example_dags/example_sensor_decorator.py
[2023-04-07T12:49:00.461+0000] {processor.py:743} INFO - Processing file /home/airflow/.local/lib/python3.7/site-packages/airflow/example_dags/example_sensor_decorator.py for tasks to queue
[2023-04-07T12:49:00.461+0000] {logging_mixin.py:137} INFO - [2023-04-07T12:49:00.461+0000] {dagbag.py:532} INFO - Filling up the DagBag from /home/airflow/.local/lib/python3.7/site-packages/airflow/example_dags/example_sensor_decorator.py
[2023-04-07T12:49:00.488+0000] {processor.py:753} INFO - DAG(s) dict_keys(['example_sensor_decorator']) retrieved from /home/airflow/.local/lib/python3.7/site-packages/airflow/example_dags/example_sensor_decorator.py
[2023-04-07T12:49:00.516+0000] {logging_mixin.py:137} INFO - [2023-04-07T12:49:00.516+0000] {dag.py:2705} INFO - Sync 1 DAGs
[2023-04-07T12:49:00.557+0000] {logging_mixin.py:137} INFO - [2023-04-07T12:49:00.556+0000] {dag.py:3456} INFO - Setting next_dagrun for example_sensor_decorator to None, run_after=None
[2023-04-07T12:49:00.579+0000] {processor.py:175} INFO - Processing /home/airflow/.local/lib/python3.7/site-packages/airflow/example_dags/example_sensor_decorator.py took 0.123 seconds
