[2023-04-07T12:47:29.756+0000] {processor.py:153} INFO - Started process (PID=2781) to work on /home/airflow/.local/lib/python3.7/site-packages/airflow/example_dags/example_datasets.py
[2023-04-07T12:47:29.757+0000] {processor.py:743} INFO - Processing file /home/airflow/.local/lib/python3.7/site-packages/airflow/example_dags/example_datasets.py for tasks to queue
[2023-04-07T12:47:29.757+0000] {logging_mixin.py:137} INFO - [2023-04-07T12:47:29.757+0000] {dagbag.py:532} INFO - Filling up the DagBag from /home/airflow/.local/lib/python3.7/site-packages/airflow/example_dags/example_datasets.py
[2023-04-07T12:47:29.774+0000] {processor.py:753} INFO - DAG(s) dict_keys(['dataset_consumes_unknown_never_scheduled', 'dataset_produces_2', 'dataset_consumes_1', 'dataset_consumes_1_never_scheduled', 'dataset_consumes_1_and_2', 'dataset_produces_1']) retrieved from /home/airflow/.local/lib/python3.7/site-packages/airflow/example_dags/example_datasets.py
[2023-04-07T12:47:29.821+0000] {logging_mixin.py:137} INFO - [2023-04-07T12:47:29.821+0000] {dag.py:2705} INFO - Sync 6 DAGs
[2023-04-07T12:47:29.861+0000] {logging_mixin.py:137} INFO - [2023-04-07T12:47:29.861+0000] {dag.py:3456} INFO - Setting next_dagrun for dataset_consumes_1 to None, run_after=None
[2023-04-07T12:47:29.865+0000] {logging_mixin.py:137} INFO - [2023-04-07T12:47:29.865+0000] {dag.py:3456} INFO - Setting next_dagrun for dataset_consumes_1_and_2 to None, run_after=None
[2023-04-07T12:47:29.867+0000] {logging_mixin.py:137} INFO - [2023-04-07T12:47:29.867+0000] {dag.py:3456} INFO - Setting next_dagrun for dataset_consumes_1_never_scheduled to None, run_after=None
[2023-04-07T12:47:29.868+0000] {logging_mixin.py:137} INFO - [2023-04-07T12:47:29.868+0000] {dag.py:3456} INFO - Setting next_dagrun for dataset_consumes_unknown_never_scheduled to None, run_after=None
[2023-04-07T12:47:29.871+0000] {logging_mixin.py:137} INFO - [2023-04-07T12:47:29.871+0000] {dag.py:3456} INFO - Setting next_dagrun for dataset_produces_1 to 2023-04-06T00:00:00+00:00, run_after=2023-04-07T00:00:00+00:00
[2023-04-07T12:47:29.872+0000] {logging_mixin.py:137} INFO - [2023-04-07T12:47:29.872+0000] {dag.py:3456} INFO - Setting next_dagrun for dataset_produces_2 to None, run_after=None
[2023-04-07T12:47:29.909+0000] {processor.py:175} INFO - Processing /home/airflow/.local/lib/python3.7/site-packages/airflow/example_dags/example_datasets.py took 0.156 seconds
[2023-04-07T12:47:59.958+0000] {processor.py:153} INFO - Started process (PID=2999) to work on /home/airflow/.local/lib/python3.7/site-packages/airflow/example_dags/example_datasets.py
[2023-04-07T12:47:59.959+0000] {processor.py:743} INFO - Processing file /home/airflow/.local/lib/python3.7/site-packages/airflow/example_dags/example_datasets.py for tasks to queue
[2023-04-07T12:47:59.960+0000] {logging_mixin.py:137} INFO - [2023-04-07T12:47:59.960+0000] {dagbag.py:532} INFO - Filling up the DagBag from /home/airflow/.local/lib/python3.7/site-packages/airflow/example_dags/example_datasets.py
[2023-04-07T12:47:59.978+0000] {processor.py:753} INFO - DAG(s) dict_keys(['dataset_produces_2', 'dataset_consumes_1_never_scheduled', 'dataset_consumes_unknown_never_scheduled', 'dataset_produces_1', 'dataset_consumes_1_and_2', 'dataset_consumes_1']) retrieved from /home/airflow/.local/lib/python3.7/site-packages/airflow/example_dags/example_datasets.py
[2023-04-07T12:48:00.031+0000] {logging_mixin.py:137} INFO - [2023-04-07T12:48:00.031+0000] {dag.py:2705} INFO - Sync 6 DAGs
[2023-04-07T12:48:00.072+0000] {logging_mixin.py:137} INFO - [2023-04-07T12:48:00.072+0000] {dag.py:3456} INFO - Setting next_dagrun for dataset_consumes_1 to None, run_after=None
[2023-04-07T12:48:00.077+0000] {logging_mixin.py:137} INFO - [2023-04-07T12:48:00.077+0000] {dag.py:3456} INFO - Setting next_dagrun for dataset_consumes_1_and_2 to None, run_after=None
[2023-04-07T12:48:00.078+0000] {logging_mixin.py:137} INFO - [2023-04-07T12:48:00.078+0000] {dag.py:3456} INFO - Setting next_dagrun for dataset_consumes_1_never_scheduled to None, run_after=None
[2023-04-07T12:48:00.079+0000] {logging_mixin.py:137} INFO - [2023-04-07T12:48:00.079+0000] {dag.py:3456} INFO - Setting next_dagrun for dataset_consumes_unknown_never_scheduled to None, run_after=None
[2023-04-07T12:48:00.082+0000] {logging_mixin.py:137} INFO - [2023-04-07T12:48:00.082+0000] {dag.py:3456} INFO - Setting next_dagrun for dataset_produces_1 to 2023-04-06T00:00:00+00:00, run_after=2023-04-07T00:00:00+00:00
[2023-04-07T12:48:00.084+0000] {logging_mixin.py:137} INFO - [2023-04-07T12:48:00.084+0000] {dag.py:3456} INFO - Setting next_dagrun for dataset_produces_2 to None, run_after=None
[2023-04-07T12:48:00.122+0000] {processor.py:175} INFO - Processing /home/airflow/.local/lib/python3.7/site-packages/airflow/example_dags/example_datasets.py took 0.166 seconds
[2023-04-07T12:48:30.160+0000] {processor.py:153} INFO - Started process (PID=3217) to work on /home/airflow/.local/lib/python3.7/site-packages/airflow/example_dags/example_datasets.py
[2023-04-07T12:48:30.161+0000] {processor.py:743} INFO - Processing file /home/airflow/.local/lib/python3.7/site-packages/airflow/example_dags/example_datasets.py for tasks to queue
[2023-04-07T12:48:30.162+0000] {logging_mixin.py:137} INFO - [2023-04-07T12:48:30.162+0000] {dagbag.py:532} INFO - Filling up the DagBag from /home/airflow/.local/lib/python3.7/site-packages/airflow/example_dags/example_datasets.py
[2023-04-07T12:48:30.181+0000] {processor.py:753} INFO - DAG(s) dict_keys(['dataset_consumes_1_never_scheduled', 'dataset_produces_1', 'dataset_produces_2', 'dataset_consumes_unknown_never_scheduled', 'dataset_consumes_1_and_2', 'dataset_consumes_1']) retrieved from /home/airflow/.local/lib/python3.7/site-packages/airflow/example_dags/example_datasets.py
[2023-04-07T12:48:30.231+0000] {logging_mixin.py:137} INFO - [2023-04-07T12:48:30.230+0000] {dag.py:2705} INFO - Sync 6 DAGs
[2023-04-07T12:48:30.273+0000] {logging_mixin.py:137} INFO - [2023-04-07T12:48:30.272+0000] {dag.py:3456} INFO - Setting next_dagrun for dataset_consumes_1 to None, run_after=None
[2023-04-07T12:48:30.277+0000] {logging_mixin.py:137} INFO - [2023-04-07T12:48:30.276+0000] {dag.py:3456} INFO - Setting next_dagrun for dataset_consumes_1_and_2 to None, run_after=None
[2023-04-07T12:48:30.278+0000] {logging_mixin.py:137} INFO - [2023-04-07T12:48:30.278+0000] {dag.py:3456} INFO - Setting next_dagrun for dataset_consumes_1_never_scheduled to None, run_after=None
[2023-04-07T12:48:30.279+0000] {logging_mixin.py:137} INFO - [2023-04-07T12:48:30.279+0000] {dag.py:3456} INFO - Setting next_dagrun for dataset_consumes_unknown_never_scheduled to None, run_after=None
[2023-04-07T12:48:30.282+0000] {logging_mixin.py:137} INFO - [2023-04-07T12:48:30.282+0000] {dag.py:3456} INFO - Setting next_dagrun for dataset_produces_1 to 2023-04-06T00:00:00+00:00, run_after=2023-04-07T00:00:00+00:00
[2023-04-07T12:48:30.283+0000] {logging_mixin.py:137} INFO - [2023-04-07T12:48:30.283+0000] {dag.py:3456} INFO - Setting next_dagrun for dataset_produces_2 to None, run_after=None
[2023-04-07T12:48:30.320+0000] {processor.py:175} INFO - Processing /home/airflow/.local/lib/python3.7/site-packages/airflow/example_dags/example_datasets.py took 0.163 seconds
[2023-04-07T12:49:01.327+0000] {processor.py:153} INFO - Started process (PID=3435) to work on /home/airflow/.local/lib/python3.7/site-packages/airflow/example_dags/example_datasets.py
[2023-04-07T12:49:01.327+0000] {processor.py:743} INFO - Processing file /home/airflow/.local/lib/python3.7/site-packages/airflow/example_dags/example_datasets.py for tasks to queue
[2023-04-07T12:49:01.328+0000] {logging_mixin.py:137} INFO - [2023-04-07T12:49:01.328+0000] {dagbag.py:532} INFO - Filling up the DagBag from /home/airflow/.local/lib/python3.7/site-packages/airflow/example_dags/example_datasets.py
[2023-04-07T12:49:01.347+0000] {processor.py:753} INFO - DAG(s) dict_keys(['dataset_produces_2', 'dataset_consumes_1', 'dataset_consumes_unknown_never_scheduled', 'dataset_consumes_1_and_2', 'dataset_produces_1', 'dataset_consumes_1_never_scheduled']) retrieved from /home/airflow/.local/lib/python3.7/site-packages/airflow/example_dags/example_datasets.py
[2023-04-07T12:49:01.395+0000] {logging_mixin.py:137} INFO - [2023-04-07T12:49:01.395+0000] {dag.py:2705} INFO - Sync 6 DAGs
[2023-04-07T12:49:01.436+0000] {logging_mixin.py:137} INFO - [2023-04-07T12:49:01.436+0000] {dag.py:3456} INFO - Setting next_dagrun for dataset_consumes_1 to None, run_after=None
[2023-04-07T12:49:01.441+0000] {logging_mixin.py:137} INFO - [2023-04-07T12:49:01.441+0000] {dag.py:3456} INFO - Setting next_dagrun for dataset_consumes_1_and_2 to None, run_after=None
[2023-04-07T12:49:01.442+0000] {logging_mixin.py:137} INFO - [2023-04-07T12:49:01.442+0000] {dag.py:3456} INFO - Setting next_dagrun for dataset_consumes_1_never_scheduled to None, run_after=None
[2023-04-07T12:49:01.443+0000] {logging_mixin.py:137} INFO - [2023-04-07T12:49:01.443+0000] {dag.py:3456} INFO - Setting next_dagrun for dataset_consumes_unknown_never_scheduled to None, run_after=None
[2023-04-07T12:49:01.446+0000] {logging_mixin.py:137} INFO - [2023-04-07T12:49:01.446+0000] {dag.py:3456} INFO - Setting next_dagrun for dataset_produces_1 to 2023-04-06T00:00:00+00:00, run_after=2023-04-07T00:00:00+00:00
[2023-04-07T12:49:01.449+0000] {logging_mixin.py:137} INFO - [2023-04-07T12:49:01.449+0000] {dag.py:3456} INFO - Setting next_dagrun for dataset_produces_2 to None, run_after=None
[2023-04-07T12:49:01.488+0000] {processor.py:175} INFO - Processing /home/airflow/.local/lib/python3.7/site-packages/airflow/example_dags/example_datasets.py took 0.165 seconds
