[2023-04-07T14:59:09.879+0000] {processor.py:153} INFO - Started process (PID=265) to work on /home/airflow/.local/lib/python3.7/site-packages/airflow/example_dags/example_task_group_decorator.py
[2023-04-07T14:59:09.879+0000] {processor.py:743} INFO - Processing file /home/airflow/.local/lib/python3.7/site-packages/airflow/example_dags/example_task_group_decorator.py for tasks to queue
[2023-04-07T14:59:09.880+0000] {logging_mixin.py:137} INFO - [2023-04-07T14:59:09.880+0000] {dagbag.py:532} INFO - Filling up the DagBag from /home/airflow/.local/lib/python3.7/site-packages/airflow/example_dags/example_task_group_decorator.py
[2023-04-07T14:59:09.914+0000] {processor.py:753} INFO - DAG(s) dict_keys(['example_task_group_decorator']) retrieved from /home/airflow/.local/lib/python3.7/site-packages/airflow/example_dags/example_task_group_decorator.py
[2023-04-07T14:59:10.012+0000] {logging_mixin.py:137} INFO - [2023-04-07T14:59:10.011+0000] {dag.py:2705} INFO - Sync 1 DAGs
[2023-04-07T14:59:10.040+0000] {logging_mixin.py:137} INFO - [2023-04-07T14:59:10.039+0000] {dag.py:3456} INFO - Setting next_dagrun for example_task_group_decorator to 2023-04-06T14:59:10.039663+00:00, run_after=2023-04-07T14:59:10.039663+00:00
[2023-04-07T14:59:10.062+0000] {processor.py:175} INFO - Processing /home/airflow/.local/lib/python3.7/site-packages/airflow/example_dags/example_task_group_decorator.py took 0.186 seconds
[2023-04-07T14:59:40.580+0000] {processor.py:153} INFO - Started process (PID=488) to work on /home/airflow/.local/lib/python3.7/site-packages/airflow/example_dags/example_task_group_decorator.py
[2023-04-07T14:59:40.581+0000] {processor.py:743} INFO - Processing file /home/airflow/.local/lib/python3.7/site-packages/airflow/example_dags/example_task_group_decorator.py for tasks to queue
[2023-04-07T14:59:40.581+0000] {logging_mixin.py:137} INFO - [2023-04-07T14:59:40.581+0000] {dagbag.py:532} INFO - Filling up the DagBag from /home/airflow/.local/lib/python3.7/site-packages/airflow/example_dags/example_task_group_decorator.py
[2023-04-07T14:59:40.612+0000] {processor.py:753} INFO - DAG(s) dict_keys(['example_task_group_decorator']) retrieved from /home/airflow/.local/lib/python3.7/site-packages/airflow/example_dags/example_task_group_decorator.py
[2023-04-07T14:59:40.621+0000] {logging_mixin.py:137} INFO - [2023-04-07T14:59:40.621+0000] {dag.py:2705} INFO - Sync 1 DAGs
[2023-04-07T14:59:40.650+0000] {logging_mixin.py:137} INFO - [2023-04-07T14:59:40.650+0000] {dag.py:3456} INFO - Setting next_dagrun for example_task_group_decorator to 2023-04-06T14:59:40.650284+00:00, run_after=2023-04-07T14:59:40.650284+00:00
[2023-04-07T14:59:40.668+0000] {processor.py:175} INFO - Processing /home/airflow/.local/lib/python3.7/site-packages/airflow/example_dags/example_task_group_decorator.py took 0.090 seconds
[2023-04-07T15:00:11.118+0000] {processor.py:153} INFO - Started process (PID=711) to work on /home/airflow/.local/lib/python3.7/site-packages/airflow/example_dags/example_task_group_decorator.py
[2023-04-07T15:00:11.118+0000] {processor.py:743} INFO - Processing file /home/airflow/.local/lib/python3.7/site-packages/airflow/example_dags/example_task_group_decorator.py for tasks to queue
[2023-04-07T15:00:11.119+0000] {logging_mixin.py:137} INFO - [2023-04-07T15:00:11.119+0000] {dagbag.py:532} INFO - Filling up the DagBag from /home/airflow/.local/lib/python3.7/site-packages/airflow/example_dags/example_task_group_decorator.py
[2023-04-07T15:00:11.151+0000] {processor.py:753} INFO - DAG(s) dict_keys(['example_task_group_decorator']) retrieved from /home/airflow/.local/lib/python3.7/site-packages/airflow/example_dags/example_task_group_decorator.py
[2023-04-07T15:00:11.185+0000] {logging_mixin.py:137} INFO - [2023-04-07T15:00:11.185+0000] {dag.py:2705} INFO - Sync 1 DAGs
[2023-04-07T15:00:11.214+0000] {logging_mixin.py:137} INFO - [2023-04-07T15:00:11.214+0000] {dag.py:3456} INFO - Setting next_dagrun for example_task_group_decorator to 2023-04-06T15:00:11.214421+00:00, run_after=2023-04-07T15:00:11.214421+00:00
[2023-04-07T15:00:11.234+0000] {processor.py:175} INFO - Processing /home/airflow/.local/lib/python3.7/site-packages/airflow/example_dags/example_task_group_decorator.py took 0.118 seconds
[2023-04-07T15:00:41.487+0000] {processor.py:153} INFO - Started process (PID=952) to work on /home/airflow/.local/lib/python3.7/site-packages/airflow/example_dags/example_task_group_decorator.py
[2023-04-07T15:00:41.488+0000] {processor.py:743} INFO - Processing file /home/airflow/.local/lib/python3.7/site-packages/airflow/example_dags/example_task_group_decorator.py for tasks to queue
[2023-04-07T15:00:41.488+0000] {logging_mixin.py:137} INFO - [2023-04-07T15:00:41.488+0000] {dagbag.py:532} INFO - Filling up the DagBag from /home/airflow/.local/lib/python3.7/site-packages/airflow/example_dags/example_task_group_decorator.py
[2023-04-07T15:00:41.526+0000] {processor.py:753} INFO - DAG(s) dict_keys(['example_task_group_decorator']) retrieved from /home/airflow/.local/lib/python3.7/site-packages/airflow/example_dags/example_task_group_decorator.py
[2023-04-07T15:00:41.560+0000] {logging_mixin.py:137} INFO - [2023-04-07T15:00:41.560+0000] {dag.py:2705} INFO - Sync 1 DAGs
[2023-04-07T15:00:41.597+0000] {logging_mixin.py:137} INFO - [2023-04-07T15:00:41.597+0000] {dag.py:3456} INFO - Setting next_dagrun for example_task_group_decorator to 2023-04-06T15:00:41.596969+00:00, run_after=2023-04-07T15:00:41.596969+00:00
[2023-04-07T15:00:41.630+0000] {processor.py:175} INFO - Processing /home/airflow/.local/lib/python3.7/site-packages/airflow/example_dags/example_task_group_decorator.py took 0.146 seconds
[2023-04-07T15:01:11.734+0000] {processor.py:153} INFO - Started process (PID=1175) to work on /home/airflow/.local/lib/python3.7/site-packages/airflow/example_dags/example_task_group_decorator.py
[2023-04-07T15:01:11.735+0000] {processor.py:743} INFO - Processing file /home/airflow/.local/lib/python3.7/site-packages/airflow/example_dags/example_task_group_decorator.py for tasks to queue
[2023-04-07T15:01:11.736+0000] {logging_mixin.py:137} INFO - [2023-04-07T15:01:11.736+0000] {dagbag.py:532} INFO - Filling up the DagBag from /home/airflow/.local/lib/python3.7/site-packages/airflow/example_dags/example_task_group_decorator.py
[2023-04-07T15:01:11.773+0000] {processor.py:753} INFO - DAG(s) dict_keys(['example_task_group_decorator']) retrieved from /home/airflow/.local/lib/python3.7/site-packages/airflow/example_dags/example_task_group_decorator.py
[2023-04-07T15:01:11.811+0000] {logging_mixin.py:137} INFO - [2023-04-07T15:01:11.811+0000] {dag.py:2705} INFO - Sync 1 DAGs
[2023-04-07T15:01:11.843+0000] {logging_mixin.py:137} INFO - [2023-04-07T15:01:11.843+0000] {dag.py:3456} INFO - Setting next_dagrun for example_task_group_decorator to 2023-04-06T15:01:11.843556+00:00, run_after=2023-04-07T15:01:11.843556+00:00
[2023-04-07T15:01:11.873+0000] {processor.py:175} INFO - Processing /home/airflow/.local/lib/python3.7/site-packages/airflow/example_dags/example_task_group_decorator.py took 0.144 seconds
[2023-04-07T15:01:41.966+0000] {processor.py:153} INFO - Started process (PID=1400) to work on /home/airflow/.local/lib/python3.7/site-packages/airflow/example_dags/example_task_group_decorator.py
[2023-04-07T15:01:41.967+0000] {processor.py:743} INFO - Processing file /home/airflow/.local/lib/python3.7/site-packages/airflow/example_dags/example_task_group_decorator.py for tasks to queue
[2023-04-07T15:01:41.967+0000] {logging_mixin.py:137} INFO - [2023-04-07T15:01:41.967+0000] {dagbag.py:532} INFO - Filling up the DagBag from /home/airflow/.local/lib/python3.7/site-packages/airflow/example_dags/example_task_group_decorator.py
[2023-04-07T15:01:41.998+0000] {processor.py:753} INFO - DAG(s) dict_keys(['example_task_group_decorator']) retrieved from /home/airflow/.local/lib/python3.7/site-packages/airflow/example_dags/example_task_group_decorator.py
[2023-04-07T15:01:42.031+0000] {logging_mixin.py:137} INFO - [2023-04-07T15:01:42.031+0000] {dag.py:2705} INFO - Sync 1 DAGs
[2023-04-07T15:01:42.060+0000] {logging_mixin.py:137} INFO - [2023-04-07T15:01:42.060+0000] {dag.py:3456} INFO - Setting next_dagrun for example_task_group_decorator to 2023-04-06T15:01:42.059829+00:00, run_after=2023-04-07T15:01:42.059829+00:00
[2023-04-07T15:01:42.079+0000] {processor.py:175} INFO - Processing /home/airflow/.local/lib/python3.7/site-packages/airflow/example_dags/example_task_group_decorator.py took 0.115 seconds
[2023-04-07T15:02:12.112+0000] {processor.py:153} INFO - Started process (PID=1627) to work on /home/airflow/.local/lib/python3.7/site-packages/airflow/example_dags/example_task_group_decorator.py
[2023-04-07T15:02:12.112+0000] {processor.py:743} INFO - Processing file /home/airflow/.local/lib/python3.7/site-packages/airflow/example_dags/example_task_group_decorator.py for tasks to queue
[2023-04-07T15:02:12.113+0000] {logging_mixin.py:137} INFO - [2023-04-07T15:02:12.112+0000] {dagbag.py:532} INFO - Filling up the DagBag from /home/airflow/.local/lib/python3.7/site-packages/airflow/example_dags/example_task_group_decorator.py
[2023-04-07T15:02:12.143+0000] {processor.py:753} INFO - DAG(s) dict_keys(['example_task_group_decorator']) retrieved from /home/airflow/.local/lib/python3.7/site-packages/airflow/example_dags/example_task_group_decorator.py
[2023-04-07T15:02:12.174+0000] {logging_mixin.py:137} INFO - [2023-04-07T15:02:12.174+0000] {dag.py:2705} INFO - Sync 1 DAGs
[2023-04-07T15:02:12.202+0000] {logging_mixin.py:137} INFO - [2023-04-07T15:02:12.201+0000] {dag.py:3456} INFO - Setting next_dagrun for example_task_group_decorator to 2023-04-06T15:02:12.201639+00:00, run_after=2023-04-07T15:02:12.201639+00:00
[2023-04-07T15:02:12.221+0000] {processor.py:175} INFO - Processing /home/airflow/.local/lib/python3.7/site-packages/airflow/example_dags/example_task_group_decorator.py took 0.112 seconds
[2023-04-07T15:02:42.310+0000] {processor.py:153} INFO - Started process (PID=1870) to work on /home/airflow/.local/lib/python3.7/site-packages/airflow/example_dags/example_task_group_decorator.py
[2023-04-07T15:02:42.310+0000] {processor.py:743} INFO - Processing file /home/airflow/.local/lib/python3.7/site-packages/airflow/example_dags/example_task_group_decorator.py for tasks to queue
[2023-04-07T15:02:42.311+0000] {logging_mixin.py:137} INFO - [2023-04-07T15:02:42.311+0000] {dagbag.py:532} INFO - Filling up the DagBag from /home/airflow/.local/lib/python3.7/site-packages/airflow/example_dags/example_task_group_decorator.py
[2023-04-07T15:02:42.342+0000] {processor.py:753} INFO - DAG(s) dict_keys(['example_task_group_decorator']) retrieved from /home/airflow/.local/lib/python3.7/site-packages/airflow/example_dags/example_task_group_decorator.py
[2023-04-07T15:02:42.374+0000] {logging_mixin.py:137} INFO - [2023-04-07T15:02:42.374+0000] {dag.py:2705} INFO - Sync 1 DAGs
[2023-04-07T15:02:42.404+0000] {logging_mixin.py:137} INFO - [2023-04-07T15:02:42.404+0000] {dag.py:3456} INFO - Setting next_dagrun for example_task_group_decorator to 2023-04-06T15:02:42.404315+00:00, run_after=2023-04-07T15:02:42.404315+00:00
[2023-04-07T15:02:42.423+0000] {processor.py:175} INFO - Processing /home/airflow/.local/lib/python3.7/site-packages/airflow/example_dags/example_task_group_decorator.py took 0.115 seconds
[2023-04-07T15:03:12.585+0000] {processor.py:153} INFO - Started process (PID=2100) to work on /home/airflow/.local/lib/python3.7/site-packages/airflow/example_dags/example_task_group_decorator.py
[2023-04-07T15:03:12.585+0000] {processor.py:743} INFO - Processing file /home/airflow/.local/lib/python3.7/site-packages/airflow/example_dags/example_task_group_decorator.py for tasks to queue
[2023-04-07T15:03:12.586+0000] {logging_mixin.py:137} INFO - [2023-04-07T15:03:12.586+0000] {dagbag.py:532} INFO - Filling up the DagBag from /home/airflow/.local/lib/python3.7/site-packages/airflow/example_dags/example_task_group_decorator.py
[2023-04-07T15:03:12.619+0000] {processor.py:753} INFO - DAG(s) dict_keys(['example_task_group_decorator']) retrieved from /home/airflow/.local/lib/python3.7/site-packages/airflow/example_dags/example_task_group_decorator.py
[2023-04-07T15:03:12.653+0000] {logging_mixin.py:137} INFO - [2023-04-07T15:03:12.653+0000] {dag.py:2705} INFO - Sync 1 DAGs
[2023-04-07T15:03:12.683+0000] {logging_mixin.py:137} INFO - [2023-04-07T15:03:12.682+0000] {dag.py:3456} INFO - Setting next_dagrun for example_task_group_decorator to 2023-04-06T15:03:12.682631+00:00, run_after=2023-04-07T15:03:12.682631+00:00
[2023-04-07T15:03:12.710+0000] {processor.py:175} INFO - Processing /home/airflow/.local/lib/python3.7/site-packages/airflow/example_dags/example_task_group_decorator.py took 0.127 seconds
[2023-04-07T15:03:43.594+0000] {processor.py:153} INFO - Started process (PID=2347) to work on /home/airflow/.local/lib/python3.7/site-packages/airflow/example_dags/example_task_group_decorator.py
[2023-04-07T15:03:43.595+0000] {processor.py:743} INFO - Processing file /home/airflow/.local/lib/python3.7/site-packages/airflow/example_dags/example_task_group_decorator.py for tasks to queue
[2023-04-07T15:03:43.595+0000] {logging_mixin.py:137} INFO - [2023-04-07T15:03:43.595+0000] {dagbag.py:532} INFO - Filling up the DagBag from /home/airflow/.local/lib/python3.7/site-packages/airflow/example_dags/example_task_group_decorator.py
[2023-04-07T15:03:43.629+0000] {processor.py:753} INFO - DAG(s) dict_keys(['example_task_group_decorator']) retrieved from /home/airflow/.local/lib/python3.7/site-packages/airflow/example_dags/example_task_group_decorator.py
[2023-04-07T15:03:43.662+0000] {logging_mixin.py:137} INFO - [2023-04-07T15:03:43.661+0000] {dag.py:2705} INFO - Sync 1 DAGs
[2023-04-07T15:03:43.691+0000] {logging_mixin.py:137} INFO - [2023-04-07T15:03:43.690+0000] {dag.py:3456} INFO - Setting next_dagrun for example_task_group_decorator to 2023-04-06T15:03:43.690599+00:00, run_after=2023-04-07T15:03:43.690599+00:00
[2023-04-07T15:03:43.721+0000] {processor.py:175} INFO - Processing /home/airflow/.local/lib/python3.7/site-packages/airflow/example_dags/example_task_group_decorator.py took 0.130 seconds
[2023-04-07T15:04:13.968+0000] {processor.py:153} INFO - Started process (PID=2613) to work on /home/airflow/.local/lib/python3.7/site-packages/airflow/example_dags/example_task_group_decorator.py
[2023-04-07T15:04:13.969+0000] {processor.py:743} INFO - Processing file /home/airflow/.local/lib/python3.7/site-packages/airflow/example_dags/example_task_group_decorator.py for tasks to queue
[2023-04-07T15:04:13.969+0000] {logging_mixin.py:137} INFO - [2023-04-07T15:04:13.969+0000] {dagbag.py:532} INFO - Filling up the DagBag from /home/airflow/.local/lib/python3.7/site-packages/airflow/example_dags/example_task_group_decorator.py
[2023-04-07T15:04:14.006+0000] {processor.py:753} INFO - DAG(s) dict_keys(['example_task_group_decorator']) retrieved from /home/airflow/.local/lib/python3.7/site-packages/airflow/example_dags/example_task_group_decorator.py
[2023-04-07T15:04:14.042+0000] {logging_mixin.py:137} INFO - [2023-04-07T15:04:14.042+0000] {dag.py:2705} INFO - Sync 1 DAGs
[2023-04-07T15:04:14.073+0000] {logging_mixin.py:137} INFO - [2023-04-07T15:04:14.073+0000] {dag.py:3456} INFO - Setting next_dagrun for example_task_group_decorator to 2023-04-06T15:04:14.073009+00:00, run_after=2023-04-07T15:04:14.073009+00:00
[2023-04-07T15:04:14.102+0000] {processor.py:175} INFO - Processing /home/airflow/.local/lib/python3.7/site-packages/airflow/example_dags/example_task_group_decorator.py took 0.137 seconds
[2023-04-07T15:04:44.177+0000] {processor.py:153} INFO - Started process (PID=2836) to work on /home/airflow/.local/lib/python3.7/site-packages/airflow/example_dags/example_task_group_decorator.py
[2023-04-07T15:04:44.177+0000] {processor.py:743} INFO - Processing file /home/airflow/.local/lib/python3.7/site-packages/airflow/example_dags/example_task_group_decorator.py for tasks to queue
[2023-04-07T15:04:44.178+0000] {logging_mixin.py:137} INFO - [2023-04-07T15:04:44.178+0000] {dagbag.py:532} INFO - Filling up the DagBag from /home/airflow/.local/lib/python3.7/site-packages/airflow/example_dags/example_task_group_decorator.py
[2023-04-07T15:04:44.212+0000] {processor.py:753} INFO - DAG(s) dict_keys(['example_task_group_decorator']) retrieved from /home/airflow/.local/lib/python3.7/site-packages/airflow/example_dags/example_task_group_decorator.py
[2023-04-07T15:04:44.250+0000] {logging_mixin.py:137} INFO - [2023-04-07T15:04:44.250+0000] {dag.py:2705} INFO - Sync 1 DAGs
[2023-04-07T15:04:44.282+0000] {logging_mixin.py:137} INFO - [2023-04-07T15:04:44.281+0000] {dag.py:3456} INFO - Setting next_dagrun for example_task_group_decorator to 2023-04-06T15:04:44.281460+00:00, run_after=2023-04-07T15:04:44.281460+00:00
[2023-04-07T15:04:44.305+0000] {processor.py:175} INFO - Processing /home/airflow/.local/lib/python3.7/site-packages/airflow/example_dags/example_task_group_decorator.py took 0.131 seconds
[2023-04-07T15:07:31.920+0000] {processor.py:153} INFO - Started process (PID=216) to work on /home/airflow/.local/lib/python3.7/site-packages/airflow/example_dags/example_task_group_decorator.py
[2023-04-07T15:07:31.920+0000] {processor.py:743} INFO - Processing file /home/airflow/.local/lib/python3.7/site-packages/airflow/example_dags/example_task_group_decorator.py for tasks to queue
[2023-04-07T15:07:31.921+0000] {logging_mixin.py:137} INFO - [2023-04-07T15:07:31.921+0000] {dagbag.py:532} INFO - Filling up the DagBag from /home/airflow/.local/lib/python3.7/site-packages/airflow/example_dags/example_task_group_decorator.py
[2023-04-07T15:07:31.958+0000] {processor.py:753} INFO - DAG(s) dict_keys(['example_task_group_decorator']) retrieved from /home/airflow/.local/lib/python3.7/site-packages/airflow/example_dags/example_task_group_decorator.py
[2023-04-07T15:07:31.989+0000] {logging_mixin.py:137} INFO - [2023-04-07T15:07:31.989+0000] {dag.py:2705} INFO - Sync 1 DAGs
[2023-04-07T15:07:32.021+0000] {logging_mixin.py:137} INFO - [2023-04-07T15:07:32.021+0000] {dag.py:3456} INFO - Setting next_dagrun for example_task_group_decorator to 2023-04-06T15:07:32.021029+00:00, run_after=2023-04-07T15:07:32.021029+00:00
[2023-04-07T15:07:32.039+0000] {processor.py:175} INFO - Processing /home/airflow/.local/lib/python3.7/site-packages/airflow/example_dags/example_task_group_decorator.py took 0.121 seconds
[2023-04-07T15:08:02.727+0000] {processor.py:153} INFO - Started process (PID=439) to work on /home/airflow/.local/lib/python3.7/site-packages/airflow/example_dags/example_task_group_decorator.py
[2023-04-07T15:08:02.727+0000] {processor.py:743} INFO - Processing file /home/airflow/.local/lib/python3.7/site-packages/airflow/example_dags/example_task_group_decorator.py for tasks to queue
[2023-04-07T15:08:02.728+0000] {logging_mixin.py:137} INFO - [2023-04-07T15:08:02.728+0000] {dagbag.py:532} INFO - Filling up the DagBag from /home/airflow/.local/lib/python3.7/site-packages/airflow/example_dags/example_task_group_decorator.py
[2023-04-07T15:08:02.760+0000] {processor.py:753} INFO - DAG(s) dict_keys(['example_task_group_decorator']) retrieved from /home/airflow/.local/lib/python3.7/site-packages/airflow/example_dags/example_task_group_decorator.py
[2023-04-07T15:08:02.790+0000] {logging_mixin.py:137} INFO - [2023-04-07T15:08:02.790+0000] {dag.py:2705} INFO - Sync 1 DAGs
[2023-04-07T15:08:02.822+0000] {logging_mixin.py:137} INFO - [2023-04-07T15:08:02.822+0000] {dag.py:3456} INFO - Setting next_dagrun for example_task_group_decorator to 2023-04-06T15:08:02.822018+00:00, run_after=2023-04-07T15:08:02.822018+00:00
[2023-04-07T15:08:02.842+0000] {processor.py:175} INFO - Processing /home/airflow/.local/lib/python3.7/site-packages/airflow/example_dags/example_task_group_decorator.py took 0.117 seconds
[2023-04-07T15:08:33.566+0000] {processor.py:153} INFO - Started process (PID=662) to work on /home/airflow/.local/lib/python3.7/site-packages/airflow/example_dags/example_task_group_decorator.py
[2023-04-07T15:08:33.567+0000] {processor.py:743} INFO - Processing file /home/airflow/.local/lib/python3.7/site-packages/airflow/example_dags/example_task_group_decorator.py for tasks to queue
[2023-04-07T15:08:33.567+0000] {logging_mixin.py:137} INFO - [2023-04-07T15:08:33.567+0000] {dagbag.py:532} INFO - Filling up the DagBag from /home/airflow/.local/lib/python3.7/site-packages/airflow/example_dags/example_task_group_decorator.py
[2023-04-07T15:08:33.605+0000] {processor.py:753} INFO - DAG(s) dict_keys(['example_task_group_decorator']) retrieved from /home/airflow/.local/lib/python3.7/site-packages/airflow/example_dags/example_task_group_decorator.py
[2023-04-07T15:08:33.643+0000] {logging_mixin.py:137} INFO - [2023-04-07T15:08:33.642+0000] {dag.py:2705} INFO - Sync 1 DAGs
[2023-04-07T15:08:33.681+0000] {logging_mixin.py:137} INFO - [2023-04-07T15:08:33.681+0000] {dag.py:3456} INFO - Setting next_dagrun for example_task_group_decorator to 2023-04-06T15:08:33.680886+00:00, run_after=2023-04-07T15:08:33.680886+00:00
[2023-04-07T15:08:33.710+0000] {processor.py:175} INFO - Processing /home/airflow/.local/lib/python3.7/site-packages/airflow/example_dags/example_task_group_decorator.py took 0.147 seconds
[2023-04-07T15:09:04.253+0000] {processor.py:153} INFO - Started process (PID=889) to work on /home/airflow/.local/lib/python3.7/site-packages/airflow/example_dags/example_task_group_decorator.py
[2023-04-07T15:09:04.254+0000] {processor.py:743} INFO - Processing file /home/airflow/.local/lib/python3.7/site-packages/airflow/example_dags/example_task_group_decorator.py for tasks to queue
[2023-04-07T15:09:04.254+0000] {logging_mixin.py:137} INFO - [2023-04-07T15:09:04.254+0000] {dagbag.py:532} INFO - Filling up the DagBag from /home/airflow/.local/lib/python3.7/site-packages/airflow/example_dags/example_task_group_decorator.py
[2023-04-07T15:09:04.290+0000] {processor.py:753} INFO - DAG(s) dict_keys(['example_task_group_decorator']) retrieved from /home/airflow/.local/lib/python3.7/site-packages/airflow/example_dags/example_task_group_decorator.py
[2023-04-07T15:09:04.330+0000] {logging_mixin.py:137} INFO - [2023-04-07T15:09:04.329+0000] {dag.py:2705} INFO - Sync 1 DAGs
[2023-04-07T15:09:04.373+0000] {logging_mixin.py:137} INFO - [2023-04-07T15:09:04.372+0000] {dag.py:3456} INFO - Setting next_dagrun for example_task_group_decorator to 2023-04-06T15:09:04.372648+00:00, run_after=2023-04-07T15:09:04.372648+00:00
[2023-04-07T15:09:04.396+0000] {processor.py:175} INFO - Processing /home/airflow/.local/lib/python3.7/site-packages/airflow/example_dags/example_task_group_decorator.py took 0.147 seconds
[2023-04-07T15:09:34.750+0000] {processor.py:153} INFO - Started process (PID=1123) to work on /home/airflow/.local/lib/python3.7/site-packages/airflow/example_dags/example_task_group_decorator.py
[2023-04-07T15:09:34.751+0000] {processor.py:743} INFO - Processing file /home/airflow/.local/lib/python3.7/site-packages/airflow/example_dags/example_task_group_decorator.py for tasks to queue
[2023-04-07T15:09:34.751+0000] {logging_mixin.py:137} INFO - [2023-04-07T15:09:34.751+0000] {dagbag.py:532} INFO - Filling up the DagBag from /home/airflow/.local/lib/python3.7/site-packages/airflow/example_dags/example_task_group_decorator.py
[2023-04-07T15:09:34.785+0000] {processor.py:753} INFO - DAG(s) dict_keys(['example_task_group_decorator']) retrieved from /home/airflow/.local/lib/python3.7/site-packages/airflow/example_dags/example_task_group_decorator.py
[2023-04-07T15:09:34.821+0000] {logging_mixin.py:137} INFO - [2023-04-07T15:09:34.820+0000] {dag.py:2705} INFO - Sync 1 DAGs
[2023-04-07T15:09:34.859+0000] {logging_mixin.py:137} INFO - [2023-04-07T15:09:34.858+0000] {dag.py:3456} INFO - Setting next_dagrun for example_task_group_decorator to 2023-04-06T15:09:34.858682+00:00, run_after=2023-04-07T15:09:34.858682+00:00
[2023-04-07T15:09:34.883+0000] {processor.py:175} INFO - Processing /home/airflow/.local/lib/python3.7/site-packages/airflow/example_dags/example_task_group_decorator.py took 0.136 seconds
[2023-04-07T15:10:05.295+0000] {processor.py:153} INFO - Started process (PID=1348) to work on /home/airflow/.local/lib/python3.7/site-packages/airflow/example_dags/example_task_group_decorator.py
[2023-04-07T15:10:05.296+0000] {processor.py:743} INFO - Processing file /home/airflow/.local/lib/python3.7/site-packages/airflow/example_dags/example_task_group_decorator.py for tasks to queue
[2023-04-07T15:10:05.296+0000] {logging_mixin.py:137} INFO - [2023-04-07T15:10:05.296+0000] {dagbag.py:532} INFO - Filling up the DagBag from /home/airflow/.local/lib/python3.7/site-packages/airflow/example_dags/example_task_group_decorator.py
[2023-04-07T15:10:05.331+0000] {processor.py:753} INFO - DAG(s) dict_keys(['example_task_group_decorator']) retrieved from /home/airflow/.local/lib/python3.7/site-packages/airflow/example_dags/example_task_group_decorator.py
[2023-04-07T15:10:05.370+0000] {logging_mixin.py:137} INFO - [2023-04-07T15:10:05.369+0000] {dag.py:2705} INFO - Sync 1 DAGs
[2023-04-07T15:10:05.410+0000] {logging_mixin.py:137} INFO - [2023-04-07T15:10:05.410+0000] {dag.py:3456} INFO - Setting next_dagrun for example_task_group_decorator to 2023-04-06T15:10:05.410392+00:00, run_after=2023-04-07T15:10:05.410392+00:00
[2023-04-07T15:10:05.435+0000] {processor.py:175} INFO - Processing /home/airflow/.local/lib/python3.7/site-packages/airflow/example_dags/example_task_group_decorator.py took 0.142 seconds
[2023-04-07T15:10:36.350+0000] {processor.py:153} INFO - Started process (PID=1568) to work on /home/airflow/.local/lib/python3.7/site-packages/airflow/example_dags/example_task_group_decorator.py
[2023-04-07T15:10:36.351+0000] {processor.py:743} INFO - Processing file /home/airflow/.local/lib/python3.7/site-packages/airflow/example_dags/example_task_group_decorator.py for tasks to queue
[2023-04-07T15:10:36.351+0000] {logging_mixin.py:137} INFO - [2023-04-07T15:10:36.351+0000] {dagbag.py:532} INFO - Filling up the DagBag from /home/airflow/.local/lib/python3.7/site-packages/airflow/example_dags/example_task_group_decorator.py
[2023-04-07T15:10:36.386+0000] {processor.py:753} INFO - DAG(s) dict_keys(['example_task_group_decorator']) retrieved from /home/airflow/.local/lib/python3.7/site-packages/airflow/example_dags/example_task_group_decorator.py
[2023-04-07T15:10:36.420+0000] {logging_mixin.py:137} INFO - [2023-04-07T15:10:36.420+0000] {dag.py:2705} INFO - Sync 1 DAGs
[2023-04-07T15:10:36.458+0000] {logging_mixin.py:137} INFO - [2023-04-07T15:10:36.457+0000] {dag.py:3456} INFO - Setting next_dagrun for example_task_group_decorator to 2023-04-06T15:10:36.457621+00:00, run_after=2023-04-07T15:10:36.457621+00:00
[2023-04-07T15:10:36.478+0000] {processor.py:175} INFO - Processing /home/airflow/.local/lib/python3.7/site-packages/airflow/example_dags/example_task_group_decorator.py took 0.130 seconds
[2023-04-07T15:11:06.616+0000] {processor.py:153} INFO - Started process (PID=1791) to work on /home/airflow/.local/lib/python3.7/site-packages/airflow/example_dags/example_task_group_decorator.py
[2023-04-07T15:11:06.616+0000] {processor.py:743} INFO - Processing file /home/airflow/.local/lib/python3.7/site-packages/airflow/example_dags/example_task_group_decorator.py for tasks to queue
[2023-04-07T15:11:06.617+0000] {logging_mixin.py:137} INFO - [2023-04-07T15:11:06.617+0000] {dagbag.py:532} INFO - Filling up the DagBag from /home/airflow/.local/lib/python3.7/site-packages/airflow/example_dags/example_task_group_decorator.py
[2023-04-07T15:11:06.651+0000] {processor.py:753} INFO - DAG(s) dict_keys(['example_task_group_decorator']) retrieved from /home/airflow/.local/lib/python3.7/site-packages/airflow/example_dags/example_task_group_decorator.py
[2023-04-07T15:11:06.688+0000] {logging_mixin.py:137} INFO - [2023-04-07T15:11:06.688+0000] {dag.py:2705} INFO - Sync 1 DAGs
[2023-04-07T15:11:06.730+0000] {logging_mixin.py:137} INFO - [2023-04-07T15:11:06.730+0000] {dag.py:3456} INFO - Setting next_dagrun for example_task_group_decorator to 2023-04-06T15:11:06.729731+00:00, run_after=2023-04-07T15:11:06.729731+00:00
[2023-04-07T15:11:06.750+0000] {processor.py:175} INFO - Processing /home/airflow/.local/lib/python3.7/site-packages/airflow/example_dags/example_task_group_decorator.py took 0.137 seconds
[2023-04-07T15:11:37.001+0000] {processor.py:153} INFO - Started process (PID=2016) to work on /home/airflow/.local/lib/python3.7/site-packages/airflow/example_dags/example_task_group_decorator.py
[2023-04-07T15:11:37.002+0000] {processor.py:743} INFO - Processing file /home/airflow/.local/lib/python3.7/site-packages/airflow/example_dags/example_task_group_decorator.py for tasks to queue
[2023-04-07T15:11:37.003+0000] {logging_mixin.py:137} INFO - [2023-04-07T15:11:37.002+0000] {dagbag.py:532} INFO - Filling up the DagBag from /home/airflow/.local/lib/python3.7/site-packages/airflow/example_dags/example_task_group_decorator.py
[2023-04-07T15:11:37.036+0000] {processor.py:753} INFO - DAG(s) dict_keys(['example_task_group_decorator']) retrieved from /home/airflow/.local/lib/python3.7/site-packages/airflow/example_dags/example_task_group_decorator.py
[2023-04-07T15:11:37.079+0000] {logging_mixin.py:137} INFO - [2023-04-07T15:11:37.079+0000] {dag.py:2705} INFO - Sync 1 DAGs
[2023-04-07T15:11:37.115+0000] {logging_mixin.py:137} INFO - [2023-04-07T15:11:37.115+0000] {dag.py:3456} INFO - Setting next_dagrun for example_task_group_decorator to 2023-04-06T15:11:37.114886+00:00, run_after=2023-04-07T15:11:37.114886+00:00
[2023-04-07T15:11:37.138+0000] {processor.py:175} INFO - Processing /home/airflow/.local/lib/python3.7/site-packages/airflow/example_dags/example_task_group_decorator.py took 0.140 seconds
[2023-04-07T15:12:07.232+0000] {processor.py:153} INFO - Started process (PID=2237) to work on /home/airflow/.local/lib/python3.7/site-packages/airflow/example_dags/example_task_group_decorator.py
[2023-04-07T15:12:07.233+0000] {processor.py:743} INFO - Processing file /home/airflow/.local/lib/python3.7/site-packages/airflow/example_dags/example_task_group_decorator.py for tasks to queue
[2023-04-07T15:12:07.233+0000] {logging_mixin.py:137} INFO - [2023-04-07T15:12:07.233+0000] {dagbag.py:532} INFO - Filling up the DagBag from /home/airflow/.local/lib/python3.7/site-packages/airflow/example_dags/example_task_group_decorator.py
[2023-04-07T15:12:07.265+0000] {processor.py:753} INFO - DAG(s) dict_keys(['example_task_group_decorator']) retrieved from /home/airflow/.local/lib/python3.7/site-packages/airflow/example_dags/example_task_group_decorator.py
[2023-04-07T15:12:07.299+0000] {logging_mixin.py:137} INFO - [2023-04-07T15:12:07.299+0000] {dag.py:2705} INFO - Sync 1 DAGs
[2023-04-07T15:12:07.336+0000] {logging_mixin.py:137} INFO - [2023-04-07T15:12:07.336+0000] {dag.py:3456} INFO - Setting next_dagrun for example_task_group_decorator to 2023-04-06T15:12:07.336407+00:00, run_after=2023-04-07T15:12:07.336407+00:00
[2023-04-07T15:12:07.363+0000] {processor.py:175} INFO - Processing /home/airflow/.local/lib/python3.7/site-packages/airflow/example_dags/example_task_group_decorator.py took 0.133 seconds
[2023-04-07T15:12:37.683+0000] {processor.py:153} INFO - Started process (PID=2462) to work on /home/airflow/.local/lib/python3.7/site-packages/airflow/example_dags/example_task_group_decorator.py
[2023-04-07T15:12:37.684+0000] {processor.py:743} INFO - Processing file /home/airflow/.local/lib/python3.7/site-packages/airflow/example_dags/example_task_group_decorator.py for tasks to queue
[2023-04-07T15:12:37.684+0000] {logging_mixin.py:137} INFO - [2023-04-07T15:12:37.684+0000] {dagbag.py:532} INFO - Filling up the DagBag from /home/airflow/.local/lib/python3.7/site-packages/airflow/example_dags/example_task_group_decorator.py
[2023-04-07T15:12:37.732+0000] {processor.py:753} INFO - DAG(s) dict_keys(['example_task_group_decorator']) retrieved from /home/airflow/.local/lib/python3.7/site-packages/airflow/example_dags/example_task_group_decorator.py
[2023-04-07T15:12:37.786+0000] {logging_mixin.py:137} INFO - [2023-04-07T15:12:37.786+0000] {dag.py:2705} INFO - Sync 1 DAGs
[2023-04-07T15:12:37.825+0000] {logging_mixin.py:137} INFO - [2023-04-07T15:12:37.825+0000] {dag.py:3456} INFO - Setting next_dagrun for example_task_group_decorator to 2023-04-06T15:12:37.825021+00:00, run_after=2023-04-07T15:12:37.825021+00:00
[2023-04-07T15:12:37.848+0000] {processor.py:175} INFO - Processing /home/airflow/.local/lib/python3.7/site-packages/airflow/example_dags/example_task_group_decorator.py took 0.169 seconds
[2023-04-07T15:13:08.022+0000] {processor.py:153} INFO - Started process (PID=2683) to work on /home/airflow/.local/lib/python3.7/site-packages/airflow/example_dags/example_task_group_decorator.py
[2023-04-07T15:13:08.022+0000] {processor.py:743} INFO - Processing file /home/airflow/.local/lib/python3.7/site-packages/airflow/example_dags/example_task_group_decorator.py for tasks to queue
[2023-04-07T15:13:08.023+0000] {logging_mixin.py:137} INFO - [2023-04-07T15:13:08.023+0000] {dagbag.py:532} INFO - Filling up the DagBag from /home/airflow/.local/lib/python3.7/site-packages/airflow/example_dags/example_task_group_decorator.py
[2023-04-07T15:13:08.056+0000] {processor.py:753} INFO - DAG(s) dict_keys(['example_task_group_decorator']) retrieved from /home/airflow/.local/lib/python3.7/site-packages/airflow/example_dags/example_task_group_decorator.py
[2023-04-07T15:13:08.092+0000] {logging_mixin.py:137} INFO - [2023-04-07T15:13:08.092+0000] {dag.py:2705} INFO - Sync 1 DAGs
[2023-04-07T15:13:08.127+0000] {logging_mixin.py:137} INFO - [2023-04-07T15:13:08.127+0000] {dag.py:3456} INFO - Setting next_dagrun for example_task_group_decorator to 2023-04-06T15:13:08.127157+00:00, run_after=2023-04-07T15:13:08.127157+00:00
[2023-04-07T15:13:08.147+0000] {processor.py:175} INFO - Processing /home/airflow/.local/lib/python3.7/site-packages/airflow/example_dags/example_task_group_decorator.py took 0.128 seconds
[2023-04-07T15:13:38.339+0000] {processor.py:153} INFO - Started process (PID=2909) to work on /home/airflow/.local/lib/python3.7/site-packages/airflow/example_dags/example_task_group_decorator.py
[2023-04-07T15:13:38.342+0000] {processor.py:743} INFO - Processing file /home/airflow/.local/lib/python3.7/site-packages/airflow/example_dags/example_task_group_decorator.py for tasks to queue
[2023-04-07T15:13:38.342+0000] {logging_mixin.py:137} INFO - [2023-04-07T15:13:38.342+0000] {dagbag.py:532} INFO - Filling up the DagBag from /home/airflow/.local/lib/python3.7/site-packages/airflow/example_dags/example_task_group_decorator.py
[2023-04-07T15:13:38.377+0000] {processor.py:753} INFO - DAG(s) dict_keys(['example_task_group_decorator']) retrieved from /home/airflow/.local/lib/python3.7/site-packages/airflow/example_dags/example_task_group_decorator.py
[2023-04-07T15:13:38.414+0000] {logging_mixin.py:137} INFO - [2023-04-07T15:13:38.414+0000] {dag.py:2705} INFO - Sync 1 DAGs
[2023-04-07T15:13:38.451+0000] {logging_mixin.py:137} INFO - [2023-04-07T15:13:38.451+0000] {dag.py:3456} INFO - Setting next_dagrun for example_task_group_decorator to 2023-04-06T15:13:38.451521+00:00, run_after=2023-04-07T15:13:38.451521+00:00
[2023-04-07T15:13:38.482+0000] {processor.py:175} INFO - Processing /home/airflow/.local/lib/python3.7/site-packages/airflow/example_dags/example_task_group_decorator.py took 0.146 seconds
[2023-04-07T15:14:08.682+0000] {processor.py:153} INFO - Started process (PID=3135) to work on /home/airflow/.local/lib/python3.7/site-packages/airflow/example_dags/example_task_group_decorator.py
[2023-04-07T15:14:08.682+0000] {processor.py:743} INFO - Processing file /home/airflow/.local/lib/python3.7/site-packages/airflow/example_dags/example_task_group_decorator.py for tasks to queue
[2023-04-07T15:14:08.683+0000] {logging_mixin.py:137} INFO - [2023-04-07T15:14:08.683+0000] {dagbag.py:532} INFO - Filling up the DagBag from /home/airflow/.local/lib/python3.7/site-packages/airflow/example_dags/example_task_group_decorator.py
[2023-04-07T15:14:08.726+0000] {processor.py:753} INFO - DAG(s) dict_keys(['example_task_group_decorator']) retrieved from /home/airflow/.local/lib/python3.7/site-packages/airflow/example_dags/example_task_group_decorator.py
[2023-04-07T15:14:08.766+0000] {logging_mixin.py:137} INFO - [2023-04-07T15:14:08.766+0000] {dag.py:2705} INFO - Sync 1 DAGs
[2023-04-07T15:14:08.804+0000] {logging_mixin.py:137} INFO - [2023-04-07T15:14:08.804+0000] {dag.py:3456} INFO - Setting next_dagrun for example_task_group_decorator to 2023-04-06T15:14:08.804503+00:00, run_after=2023-04-07T15:14:08.804503+00:00
[2023-04-07T15:14:08.828+0000] {processor.py:175} INFO - Processing /home/airflow/.local/lib/python3.7/site-packages/airflow/example_dags/example_task_group_decorator.py took 0.150 seconds
[2023-04-07T15:14:38.947+0000] {processor.py:153} INFO - Started process (PID=3358) to work on /home/airflow/.local/lib/python3.7/site-packages/airflow/example_dags/example_task_group_decorator.py
[2023-04-07T15:14:38.947+0000] {processor.py:743} INFO - Processing file /home/airflow/.local/lib/python3.7/site-packages/airflow/example_dags/example_task_group_decorator.py for tasks to queue
[2023-04-07T15:14:38.948+0000] {logging_mixin.py:137} INFO - [2023-04-07T15:14:38.948+0000] {dagbag.py:532} INFO - Filling up the DagBag from /home/airflow/.local/lib/python3.7/site-packages/airflow/example_dags/example_task_group_decorator.py
[2023-04-07T15:14:38.981+0000] {processor.py:753} INFO - DAG(s) dict_keys(['example_task_group_decorator']) retrieved from /home/airflow/.local/lib/python3.7/site-packages/airflow/example_dags/example_task_group_decorator.py
[2023-04-07T15:14:39.012+0000] {logging_mixin.py:137} INFO - [2023-04-07T15:14:39.012+0000] {dag.py:2705} INFO - Sync 1 DAGs
[2023-04-07T15:14:39.045+0000] {logging_mixin.py:137} INFO - [2023-04-07T15:14:39.045+0000] {dag.py:3456} INFO - Setting next_dagrun for example_task_group_decorator to 2023-04-06T15:14:39.045169+00:00, run_after=2023-04-07T15:14:39.045169+00:00
[2023-04-07T15:14:39.067+0000] {processor.py:175} INFO - Processing /home/airflow/.local/lib/python3.7/site-packages/airflow/example_dags/example_task_group_decorator.py took 0.123 seconds
[2023-04-07T15:15:09.461+0000] {processor.py:153} INFO - Started process (PID=3580) to work on /home/airflow/.local/lib/python3.7/site-packages/airflow/example_dags/example_task_group_decorator.py
[2023-04-07T15:15:09.462+0000] {processor.py:743} INFO - Processing file /home/airflow/.local/lib/python3.7/site-packages/airflow/example_dags/example_task_group_decorator.py for tasks to queue
[2023-04-07T15:15:09.462+0000] {logging_mixin.py:137} INFO - [2023-04-07T15:15:09.462+0000] {dagbag.py:532} INFO - Filling up the DagBag from /home/airflow/.local/lib/python3.7/site-packages/airflow/example_dags/example_task_group_decorator.py
[2023-04-07T15:15:09.494+0000] {processor.py:753} INFO - DAG(s) dict_keys(['example_task_group_decorator']) retrieved from /home/airflow/.local/lib/python3.7/site-packages/airflow/example_dags/example_task_group_decorator.py
[2023-04-07T15:15:09.526+0000] {logging_mixin.py:137} INFO - [2023-04-07T15:15:09.526+0000] {dag.py:2705} INFO - Sync 1 DAGs
[2023-04-07T15:15:09.565+0000] {logging_mixin.py:137} INFO - [2023-04-07T15:15:09.564+0000] {dag.py:3456} INFO - Setting next_dagrun for example_task_group_decorator to 2023-04-06T15:15:09.564433+00:00, run_after=2023-04-07T15:15:09.564433+00:00
[2023-04-07T15:15:09.587+0000] {processor.py:175} INFO - Processing /home/airflow/.local/lib/python3.7/site-packages/airflow/example_dags/example_task_group_decorator.py took 0.128 seconds
[2023-04-07T15:15:40.181+0000] {processor.py:153} INFO - Started process (PID=3805) to work on /home/airflow/.local/lib/python3.7/site-packages/airflow/example_dags/example_task_group_decorator.py
[2023-04-07T15:15:40.181+0000] {processor.py:743} INFO - Processing file /home/airflow/.local/lib/python3.7/site-packages/airflow/example_dags/example_task_group_decorator.py for tasks to queue
[2023-04-07T15:15:40.182+0000] {logging_mixin.py:137} INFO - [2023-04-07T15:15:40.182+0000] {dagbag.py:532} INFO - Filling up the DagBag from /home/airflow/.local/lib/python3.7/site-packages/airflow/example_dags/example_task_group_decorator.py
[2023-04-07T15:15:40.213+0000] {processor.py:753} INFO - DAG(s) dict_keys(['example_task_group_decorator']) retrieved from /home/airflow/.local/lib/python3.7/site-packages/airflow/example_dags/example_task_group_decorator.py
[2023-04-07T15:15:40.245+0000] {logging_mixin.py:137} INFO - [2023-04-07T15:15:40.245+0000] {dag.py:2705} INFO - Sync 1 DAGs
[2023-04-07T15:15:40.281+0000] {logging_mixin.py:137} INFO - [2023-04-07T15:15:40.281+0000] {dag.py:3456} INFO - Setting next_dagrun for example_task_group_decorator to 2023-04-06T15:15:40.281193+00:00, run_after=2023-04-07T15:15:40.281193+00:00
[2023-04-07T15:15:40.303+0000] {processor.py:175} INFO - Processing /home/airflow/.local/lib/python3.7/site-packages/airflow/example_dags/example_task_group_decorator.py took 0.125 seconds
[2023-04-07T15:16:10.458+0000] {processor.py:153} INFO - Started process (PID=4026) to work on /home/airflow/.local/lib/python3.7/site-packages/airflow/example_dags/example_task_group_decorator.py
[2023-04-07T15:16:10.459+0000] {processor.py:743} INFO - Processing file /home/airflow/.local/lib/python3.7/site-packages/airflow/example_dags/example_task_group_decorator.py for tasks to queue
[2023-04-07T15:16:10.460+0000] {logging_mixin.py:137} INFO - [2023-04-07T15:16:10.460+0000] {dagbag.py:532} INFO - Filling up the DagBag from /home/airflow/.local/lib/python3.7/site-packages/airflow/example_dags/example_task_group_decorator.py
[2023-04-07T15:16:10.494+0000] {processor.py:753} INFO - DAG(s) dict_keys(['example_task_group_decorator']) retrieved from /home/airflow/.local/lib/python3.7/site-packages/airflow/example_dags/example_task_group_decorator.py
[2023-04-07T15:16:10.528+0000] {logging_mixin.py:137} INFO - [2023-04-07T15:16:10.528+0000] {dag.py:2705} INFO - Sync 1 DAGs
[2023-04-07T15:16:10.562+0000] {logging_mixin.py:137} INFO - [2023-04-07T15:16:10.562+0000] {dag.py:3456} INFO - Setting next_dagrun for example_task_group_decorator to 2023-04-06T15:16:10.562315+00:00, run_after=2023-04-07T15:16:10.562315+00:00
[2023-04-07T15:16:10.583+0000] {processor.py:175} INFO - Processing /home/airflow/.local/lib/python3.7/site-packages/airflow/example_dags/example_task_group_decorator.py took 0.128 seconds
[2023-04-07T15:16:40.802+0000] {processor.py:153} INFO - Started process (PID=4252) to work on /home/airflow/.local/lib/python3.7/site-packages/airflow/example_dags/example_task_group_decorator.py
[2023-04-07T15:16:40.803+0000] {processor.py:743} INFO - Processing file /home/airflow/.local/lib/python3.7/site-packages/airflow/example_dags/example_task_group_decorator.py for tasks to queue
[2023-04-07T15:16:40.803+0000] {logging_mixin.py:137} INFO - [2023-04-07T15:16:40.803+0000] {dagbag.py:532} INFO - Filling up the DagBag from /home/airflow/.local/lib/python3.7/site-packages/airflow/example_dags/example_task_group_decorator.py
[2023-04-07T15:16:40.837+0000] {processor.py:753} INFO - DAG(s) dict_keys(['example_task_group_decorator']) retrieved from /home/airflow/.local/lib/python3.7/site-packages/airflow/example_dags/example_task_group_decorator.py
[2023-04-07T15:16:40.870+0000] {logging_mixin.py:137} INFO - [2023-04-07T15:16:40.870+0000] {dag.py:2705} INFO - Sync 1 DAGs
[2023-04-07T15:16:40.904+0000] {logging_mixin.py:137} INFO - [2023-04-07T15:16:40.903+0000] {dag.py:3456} INFO - Setting next_dagrun for example_task_group_decorator to 2023-04-06T15:16:40.903680+00:00, run_after=2023-04-07T15:16:40.903680+00:00
[2023-04-07T15:16:40.921+0000] {processor.py:175} INFO - Processing /home/airflow/.local/lib/python3.7/site-packages/airflow/example_dags/example_task_group_decorator.py took 0.122 seconds
[2023-04-07T15:17:11.038+0000] {processor.py:153} INFO - Started process (PID=4476) to work on /home/airflow/.local/lib/python3.7/site-packages/airflow/example_dags/example_task_group_decorator.py
[2023-04-07T15:17:11.038+0000] {processor.py:743} INFO - Processing file /home/airflow/.local/lib/python3.7/site-packages/airflow/example_dags/example_task_group_decorator.py for tasks to queue
[2023-04-07T15:17:11.039+0000] {logging_mixin.py:137} INFO - [2023-04-07T15:17:11.039+0000] {dagbag.py:532} INFO - Filling up the DagBag from /home/airflow/.local/lib/python3.7/site-packages/airflow/example_dags/example_task_group_decorator.py
[2023-04-07T15:17:11.072+0000] {processor.py:753} INFO - DAG(s) dict_keys(['example_task_group_decorator']) retrieved from /home/airflow/.local/lib/python3.7/site-packages/airflow/example_dags/example_task_group_decorator.py
[2023-04-07T15:17:11.103+0000] {logging_mixin.py:137} INFO - [2023-04-07T15:17:11.103+0000] {dag.py:2705} INFO - Sync 1 DAGs
[2023-04-07T15:17:11.135+0000] {logging_mixin.py:137} INFO - [2023-04-07T15:17:11.135+0000] {dag.py:3456} INFO - Setting next_dagrun for example_task_group_decorator to 2023-04-06T15:17:11.135349+00:00, run_after=2023-04-07T15:17:11.135349+00:00
[2023-04-07T15:17:11.155+0000] {processor.py:175} INFO - Processing /home/airflow/.local/lib/python3.7/site-packages/airflow/example_dags/example_task_group_decorator.py took 0.120 seconds
[2023-04-07T15:17:41.287+0000] {processor.py:153} INFO - Started process (PID=4697) to work on /home/airflow/.local/lib/python3.7/site-packages/airflow/example_dags/example_task_group_decorator.py
[2023-04-07T15:17:41.287+0000] {processor.py:743} INFO - Processing file /home/airflow/.local/lib/python3.7/site-packages/airflow/example_dags/example_task_group_decorator.py for tasks to queue
[2023-04-07T15:17:41.287+0000] {logging_mixin.py:137} INFO - [2023-04-07T15:17:41.287+0000] {dagbag.py:532} INFO - Filling up the DagBag from /home/airflow/.local/lib/python3.7/site-packages/airflow/example_dags/example_task_group_decorator.py
[2023-04-07T15:17:41.318+0000] {processor.py:753} INFO - DAG(s) dict_keys(['example_task_group_decorator']) retrieved from /home/airflow/.local/lib/python3.7/site-packages/airflow/example_dags/example_task_group_decorator.py
[2023-04-07T15:17:41.349+0000] {logging_mixin.py:137} INFO - [2023-04-07T15:17:41.349+0000] {dag.py:2705} INFO - Sync 1 DAGs
[2023-04-07T15:17:41.384+0000] {logging_mixin.py:137} INFO - [2023-04-07T15:17:41.384+0000] {dag.py:3456} INFO - Setting next_dagrun for example_task_group_decorator to 2023-04-06T15:17:41.384343+00:00, run_after=2023-04-07T15:17:41.384343+00:00
[2023-04-07T15:17:41.408+0000] {processor.py:175} INFO - Processing /home/airflow/.local/lib/python3.7/site-packages/airflow/example_dags/example_task_group_decorator.py took 0.124 seconds
[2023-04-07T15:18:11.575+0000] {processor.py:153} INFO - Started process (PID=4922) to work on /home/airflow/.local/lib/python3.7/site-packages/airflow/example_dags/example_task_group_decorator.py
[2023-04-07T15:18:11.576+0000] {processor.py:743} INFO - Processing file /home/airflow/.local/lib/python3.7/site-packages/airflow/example_dags/example_task_group_decorator.py for tasks to queue
[2023-04-07T15:18:11.576+0000] {logging_mixin.py:137} INFO - [2023-04-07T15:18:11.576+0000] {dagbag.py:532} INFO - Filling up the DagBag from /home/airflow/.local/lib/python3.7/site-packages/airflow/example_dags/example_task_group_decorator.py
[2023-04-07T15:18:11.608+0000] {processor.py:753} INFO - DAG(s) dict_keys(['example_task_group_decorator']) retrieved from /home/airflow/.local/lib/python3.7/site-packages/airflow/example_dags/example_task_group_decorator.py
[2023-04-07T15:18:11.639+0000] {logging_mixin.py:137} INFO - [2023-04-07T15:18:11.639+0000] {dag.py:2705} INFO - Sync 1 DAGs
[2023-04-07T15:18:11.671+0000] {logging_mixin.py:137} INFO - [2023-04-07T15:18:11.670+0000] {dag.py:3456} INFO - Setting next_dagrun for example_task_group_decorator to 2023-04-06T15:18:11.670763+00:00, run_after=2023-04-07T15:18:11.670763+00:00
[2023-04-07T15:18:11.688+0000] {processor.py:175} INFO - Processing /home/airflow/.local/lib/python3.7/site-packages/airflow/example_dags/example_task_group_decorator.py took 0.115 seconds
[2023-04-07T15:18:42.387+0000] {processor.py:153} INFO - Started process (PID=5143) to work on /home/airflow/.local/lib/python3.7/site-packages/airflow/example_dags/example_task_group_decorator.py
[2023-04-07T15:18:42.387+0000] {processor.py:743} INFO - Processing file /home/airflow/.local/lib/python3.7/site-packages/airflow/example_dags/example_task_group_decorator.py for tasks to queue
[2023-04-07T15:18:42.388+0000] {logging_mixin.py:137} INFO - [2023-04-07T15:18:42.388+0000] {dagbag.py:532} INFO - Filling up the DagBag from /home/airflow/.local/lib/python3.7/site-packages/airflow/example_dags/example_task_group_decorator.py
[2023-04-07T15:18:42.418+0000] {processor.py:753} INFO - DAG(s) dict_keys(['example_task_group_decorator']) retrieved from /home/airflow/.local/lib/python3.7/site-packages/airflow/example_dags/example_task_group_decorator.py
[2023-04-07T15:18:42.449+0000] {logging_mixin.py:137} INFO - [2023-04-07T15:18:42.449+0000] {dag.py:2705} INFO - Sync 1 DAGs
[2023-04-07T15:18:42.480+0000] {logging_mixin.py:137} INFO - [2023-04-07T15:18:42.480+0000] {dag.py:3456} INFO - Setting next_dagrun for example_task_group_decorator to 2023-04-06T15:18:42.480555+00:00, run_after=2023-04-07T15:18:42.480555+00:00
[2023-04-07T15:18:42.500+0000] {processor.py:175} INFO - Processing /home/airflow/.local/lib/python3.7/site-packages/airflow/example_dags/example_task_group_decorator.py took 0.115 seconds
[2023-04-07T15:19:13.056+0000] {processor.py:153} INFO - Started process (PID=5365) to work on /home/airflow/.local/lib/python3.7/site-packages/airflow/example_dags/example_task_group_decorator.py
[2023-04-07T15:19:13.056+0000] {processor.py:743} INFO - Processing file /home/airflow/.local/lib/python3.7/site-packages/airflow/example_dags/example_task_group_decorator.py for tasks to queue
[2023-04-07T15:19:13.057+0000] {logging_mixin.py:137} INFO - [2023-04-07T15:19:13.057+0000] {dagbag.py:532} INFO - Filling up the DagBag from /home/airflow/.local/lib/python3.7/site-packages/airflow/example_dags/example_task_group_decorator.py
[2023-04-07T15:19:13.093+0000] {processor.py:753} INFO - DAG(s) dict_keys(['example_task_group_decorator']) retrieved from /home/airflow/.local/lib/python3.7/site-packages/airflow/example_dags/example_task_group_decorator.py
[2023-04-07T15:19:13.127+0000] {logging_mixin.py:137} INFO - [2023-04-07T15:19:13.127+0000] {dag.py:2705} INFO - Sync 1 DAGs
[2023-04-07T15:19:13.161+0000] {logging_mixin.py:137} INFO - [2023-04-07T15:19:13.161+0000] {dag.py:3456} INFO - Setting next_dagrun for example_task_group_decorator to 2023-04-06T15:19:13.161030+00:00, run_after=2023-04-07T15:19:13.161030+00:00
[2023-04-07T15:19:13.179+0000] {processor.py:175} INFO - Processing /home/airflow/.local/lib/python3.7/site-packages/airflow/example_dags/example_task_group_decorator.py took 0.127 seconds
[2023-04-07T15:19:43.628+0000] {processor.py:153} INFO - Started process (PID=5590) to work on /home/airflow/.local/lib/python3.7/site-packages/airflow/example_dags/example_task_group_decorator.py
[2023-04-07T15:19:43.630+0000] {processor.py:743} INFO - Processing file /home/airflow/.local/lib/python3.7/site-packages/airflow/example_dags/example_task_group_decorator.py for tasks to queue
[2023-04-07T15:19:43.631+0000] {logging_mixin.py:137} INFO - [2023-04-07T15:19:43.631+0000] {dagbag.py:532} INFO - Filling up the DagBag from /home/airflow/.local/lib/python3.7/site-packages/airflow/example_dags/example_task_group_decorator.py
[2023-04-07T15:19:43.666+0000] {processor.py:753} INFO - DAG(s) dict_keys(['example_task_group_decorator']) retrieved from /home/airflow/.local/lib/python3.7/site-packages/airflow/example_dags/example_task_group_decorator.py
[2023-04-07T15:19:43.703+0000] {logging_mixin.py:137} INFO - [2023-04-07T15:19:43.703+0000] {dag.py:2705} INFO - Sync 1 DAGs
[2023-04-07T15:19:43.759+0000] {logging_mixin.py:137} INFO - [2023-04-07T15:19:43.758+0000] {dag.py:3456} INFO - Setting next_dagrun for example_task_group_decorator to 2023-04-06T15:19:43.758723+00:00, run_after=2023-04-07T15:19:43.758723+00:00
[2023-04-07T15:19:43.786+0000] {processor.py:175} INFO - Processing /home/airflow/.local/lib/python3.7/site-packages/airflow/example_dags/example_task_group_decorator.py took 0.160 seconds
[2023-04-07T15:20:13.926+0000] {processor.py:153} INFO - Started process (PID=5813) to work on /home/airflow/.local/lib/python3.7/site-packages/airflow/example_dags/example_task_group_decorator.py
[2023-04-07T15:20:13.926+0000] {processor.py:743} INFO - Processing file /home/airflow/.local/lib/python3.7/site-packages/airflow/example_dags/example_task_group_decorator.py for tasks to queue
[2023-04-07T15:20:13.927+0000] {logging_mixin.py:137} INFO - [2023-04-07T15:20:13.926+0000] {dagbag.py:532} INFO - Filling up the DagBag from /home/airflow/.local/lib/python3.7/site-packages/airflow/example_dags/example_task_group_decorator.py
[2023-04-07T15:20:13.960+0000] {processor.py:753} INFO - DAG(s) dict_keys(['example_task_group_decorator']) retrieved from /home/airflow/.local/lib/python3.7/site-packages/airflow/example_dags/example_task_group_decorator.py
[2023-04-07T15:20:13.992+0000] {logging_mixin.py:137} INFO - [2023-04-07T15:20:13.992+0000] {dag.py:2705} INFO - Sync 1 DAGs
[2023-04-07T15:20:14.030+0000] {logging_mixin.py:137} INFO - [2023-04-07T15:20:14.030+0000] {dag.py:3456} INFO - Setting next_dagrun for example_task_group_decorator to 2023-04-06T15:20:14.030144+00:00, run_after=2023-04-07T15:20:14.030144+00:00
[2023-04-07T15:20:14.048+0000] {processor.py:175} INFO - Processing /home/airflow/.local/lib/python3.7/site-packages/airflow/example_dags/example_task_group_decorator.py took 0.125 seconds
[2023-04-07T15:20:44.064+0000] {processor.py:153} INFO - Started process (PID=6036) to work on /home/airflow/.local/lib/python3.7/site-packages/airflow/example_dags/example_task_group_decorator.py
[2023-04-07T15:20:44.064+0000] {processor.py:743} INFO - Processing file /home/airflow/.local/lib/python3.7/site-packages/airflow/example_dags/example_task_group_decorator.py for tasks to queue
[2023-04-07T15:20:44.065+0000] {logging_mixin.py:137} INFO - [2023-04-07T15:20:44.065+0000] {dagbag.py:532} INFO - Filling up the DagBag from /home/airflow/.local/lib/python3.7/site-packages/airflow/example_dags/example_task_group_decorator.py
[2023-04-07T15:20:44.097+0000] {processor.py:753} INFO - DAG(s) dict_keys(['example_task_group_decorator']) retrieved from /home/airflow/.local/lib/python3.7/site-packages/airflow/example_dags/example_task_group_decorator.py
[2023-04-07T15:20:44.129+0000] {logging_mixin.py:137} INFO - [2023-04-07T15:20:44.128+0000] {dag.py:2705} INFO - Sync 1 DAGs
[2023-04-07T15:20:44.162+0000] {logging_mixin.py:137} INFO - [2023-04-07T15:20:44.162+0000] {dag.py:3456} INFO - Setting next_dagrun for example_task_group_decorator to 2023-04-06T15:20:44.162090+00:00, run_after=2023-04-07T15:20:44.162090+00:00
[2023-04-07T15:20:44.180+0000] {processor.py:175} INFO - Processing /home/airflow/.local/lib/python3.7/site-packages/airflow/example_dags/example_task_group_decorator.py took 0.118 seconds
[2023-04-07T15:24:24.131+0000] {processor.py:153} INFO - Started process (PID=226) to work on /home/airflow/.local/lib/python3.7/site-packages/airflow/example_dags/example_task_group_decorator.py
[2023-04-07T15:24:24.134+0000] {processor.py:743} INFO - Processing file /home/airflow/.local/lib/python3.7/site-packages/airflow/example_dags/example_task_group_decorator.py for tasks to queue
[2023-04-07T15:24:24.135+0000] {logging_mixin.py:137} INFO - [2023-04-07T15:24:24.135+0000] {dagbag.py:532} INFO - Filling up the DagBag from /home/airflow/.local/lib/python3.7/site-packages/airflow/example_dags/example_task_group_decorator.py
[2023-04-07T15:24:24.184+0000] {processor.py:753} INFO - DAG(s) dict_keys(['example_task_group_decorator']) retrieved from /home/airflow/.local/lib/python3.7/site-packages/airflow/example_dags/example_task_group_decorator.py
[2023-04-07T15:24:24.222+0000] {logging_mixin.py:137} INFO - [2023-04-07T15:24:24.222+0000] {dag.py:2705} INFO - Sync 1 DAGs
[2023-04-07T15:24:24.259+0000] {logging_mixin.py:137} INFO - [2023-04-07T15:24:24.259+0000] {dag.py:3456} INFO - Setting next_dagrun for example_task_group_decorator to 2023-04-06T15:24:24.258821+00:00, run_after=2023-04-07T15:24:24.258821+00:00
[2023-04-07T15:24:24.283+0000] {processor.py:175} INFO - Processing /home/airflow/.local/lib/python3.7/site-packages/airflow/example_dags/example_task_group_decorator.py took 0.156 seconds
[2023-04-07T15:24:54.497+0000] {processor.py:153} INFO - Started process (PID=450) to work on /home/airflow/.local/lib/python3.7/site-packages/airflow/example_dags/example_task_group_decorator.py
[2023-04-07T15:24:54.498+0000] {processor.py:743} INFO - Processing file /home/airflow/.local/lib/python3.7/site-packages/airflow/example_dags/example_task_group_decorator.py for tasks to queue
[2023-04-07T15:24:54.498+0000] {logging_mixin.py:137} INFO - [2023-04-07T15:24:54.498+0000] {dagbag.py:532} INFO - Filling up the DagBag from /home/airflow/.local/lib/python3.7/site-packages/airflow/example_dags/example_task_group_decorator.py
[2023-04-07T15:24:54.545+0000] {processor.py:753} INFO - DAG(s) dict_keys(['example_task_group_decorator']) retrieved from /home/airflow/.local/lib/python3.7/site-packages/airflow/example_dags/example_task_group_decorator.py
[2023-04-07T15:24:54.556+0000] {logging_mixin.py:137} INFO - [2023-04-07T15:24:54.556+0000] {dag.py:2705} INFO - Sync 1 DAGs
[2023-04-07T15:24:54.595+0000] {logging_mixin.py:137} INFO - [2023-04-07T15:24:54.595+0000] {dag.py:3456} INFO - Setting next_dagrun for example_task_group_decorator to 2023-04-06T15:24:54.594752+00:00, run_after=2023-04-07T15:24:54.594752+00:00
[2023-04-07T15:24:54.615+0000] {processor.py:175} INFO - Processing /home/airflow/.local/lib/python3.7/site-packages/airflow/example_dags/example_task_group_decorator.py took 0.120 seconds
[2023-04-07T15:25:25.123+0000] {processor.py:153} INFO - Started process (PID=673) to work on /home/airflow/.local/lib/python3.7/site-packages/airflow/example_dags/example_task_group_decorator.py
[2023-04-07T15:25:25.124+0000] {processor.py:743} INFO - Processing file /home/airflow/.local/lib/python3.7/site-packages/airflow/example_dags/example_task_group_decorator.py for tasks to queue
[2023-04-07T15:25:25.124+0000] {logging_mixin.py:137} INFO - [2023-04-07T15:25:25.124+0000] {dagbag.py:532} INFO - Filling up the DagBag from /home/airflow/.local/lib/python3.7/site-packages/airflow/example_dags/example_task_group_decorator.py
[2023-04-07T15:25:25.157+0000] {processor.py:753} INFO - DAG(s) dict_keys(['example_task_group_decorator']) retrieved from /home/airflow/.local/lib/python3.7/site-packages/airflow/example_dags/example_task_group_decorator.py
[2023-04-07T15:25:25.189+0000] {logging_mixin.py:137} INFO - [2023-04-07T15:25:25.189+0000] {dag.py:2705} INFO - Sync 1 DAGs
[2023-04-07T15:25:25.230+0000] {logging_mixin.py:137} INFO - [2023-04-07T15:25:25.230+0000] {dag.py:3456} INFO - Setting next_dagrun for example_task_group_decorator to 2023-04-06T15:25:25.230420+00:00, run_after=2023-04-07T15:25:25.230420+00:00
[2023-04-07T15:25:25.251+0000] {processor.py:175} INFO - Processing /home/airflow/.local/lib/python3.7/site-packages/airflow/example_dags/example_task_group_decorator.py took 0.130 seconds
[2023-04-07T15:25:55.832+0000] {processor.py:153} INFO - Started process (PID=896) to work on /home/airflow/.local/lib/python3.7/site-packages/airflow/example_dags/example_task_group_decorator.py
[2023-04-07T15:25:55.833+0000] {processor.py:743} INFO - Processing file /home/airflow/.local/lib/python3.7/site-packages/airflow/example_dags/example_task_group_decorator.py for tasks to queue
[2023-04-07T15:25:55.835+0000] {logging_mixin.py:137} INFO - [2023-04-07T15:25:55.834+0000] {dagbag.py:532} INFO - Filling up the DagBag from /home/airflow/.local/lib/python3.7/site-packages/airflow/example_dags/example_task_group_decorator.py
[2023-04-07T15:25:55.889+0000] {processor.py:753} INFO - DAG(s) dict_keys(['example_task_group_decorator']) retrieved from /home/airflow/.local/lib/python3.7/site-packages/airflow/example_dags/example_task_group_decorator.py
[2023-04-07T15:25:55.947+0000] {logging_mixin.py:137} INFO - [2023-04-07T15:25:55.947+0000] {dag.py:2705} INFO - Sync 1 DAGs
[2023-04-07T15:25:55.996+0000] {logging_mixin.py:137} INFO - [2023-04-07T15:25:55.996+0000] {dag.py:3456} INFO - Setting next_dagrun for example_task_group_decorator to 2023-04-06T15:25:55.995771+00:00, run_after=2023-04-07T15:25:55.995771+00:00
[2023-04-07T15:25:56.043+0000] {processor.py:175} INFO - Processing /home/airflow/.local/lib/python3.7/site-packages/airflow/example_dags/example_task_group_decorator.py took 0.220 seconds
[2023-04-07T15:26:26.913+0000] {processor.py:153} INFO - Started process (PID=1137) to work on /home/airflow/.local/lib/python3.7/site-packages/airflow/example_dags/example_task_group_decorator.py
[2023-04-07T15:26:26.914+0000] {processor.py:743} INFO - Processing file /home/airflow/.local/lib/python3.7/site-packages/airflow/example_dags/example_task_group_decorator.py for tasks to queue
[2023-04-07T15:26:26.915+0000] {logging_mixin.py:137} INFO - [2023-04-07T15:26:26.915+0000] {dagbag.py:532} INFO - Filling up the DagBag from /home/airflow/.local/lib/python3.7/site-packages/airflow/example_dags/example_task_group_decorator.py
[2023-04-07T15:26:26.949+0000] {processor.py:753} INFO - DAG(s) dict_keys(['example_task_group_decorator']) retrieved from /home/airflow/.local/lib/python3.7/site-packages/airflow/example_dags/example_task_group_decorator.py
[2023-04-07T15:26:26.984+0000] {logging_mixin.py:137} INFO - [2023-04-07T15:26:26.984+0000] {dag.py:2705} INFO - Sync 1 DAGs
[2023-04-07T15:26:27.023+0000] {logging_mixin.py:137} INFO - [2023-04-07T15:26:27.022+0000] {dag.py:3456} INFO - Setting next_dagrun for example_task_group_decorator to 2023-04-06T15:26:27.022723+00:00, run_after=2023-04-07T15:26:27.022723+00:00
[2023-04-07T15:26:27.046+0000] {processor.py:175} INFO - Processing /home/airflow/.local/lib/python3.7/site-packages/airflow/example_dags/example_task_group_decorator.py took 0.137 seconds
[2023-04-07T15:26:57.210+0000] {processor.py:153} INFO - Started process (PID=1360) to work on /home/airflow/.local/lib/python3.7/site-packages/airflow/example_dags/example_task_group_decorator.py
[2023-04-07T15:26:57.211+0000] {processor.py:743} INFO - Processing file /home/airflow/.local/lib/python3.7/site-packages/airflow/example_dags/example_task_group_decorator.py for tasks to queue
[2023-04-07T15:26:57.211+0000] {logging_mixin.py:137} INFO - [2023-04-07T15:26:57.211+0000] {dagbag.py:532} INFO - Filling up the DagBag from /home/airflow/.local/lib/python3.7/site-packages/airflow/example_dags/example_task_group_decorator.py
[2023-04-07T15:26:57.245+0000] {processor.py:753} INFO - DAG(s) dict_keys(['example_task_group_decorator']) retrieved from /home/airflow/.local/lib/python3.7/site-packages/airflow/example_dags/example_task_group_decorator.py
[2023-04-07T15:26:57.279+0000] {logging_mixin.py:137} INFO - [2023-04-07T15:26:57.279+0000] {dag.py:2705} INFO - Sync 1 DAGs
[2023-04-07T15:26:57.318+0000] {logging_mixin.py:137} INFO - [2023-04-07T15:26:57.318+0000] {dag.py:3456} INFO - Setting next_dagrun for example_task_group_decorator to 2023-04-06T15:26:57.317806+00:00, run_after=2023-04-07T15:26:57.317806+00:00
[2023-04-07T15:26:57.346+0000] {processor.py:175} INFO - Processing /home/airflow/.local/lib/python3.7/site-packages/airflow/example_dags/example_task_group_decorator.py took 0.139 seconds
