[2023-04-07T14:59:09.261+0000] {processor.py:153} INFO - Started process (PID=222) to work on /home/airflow/.local/lib/python3.7/site-packages/airflow/example_dags/example_branch_python_dop_operator_3.py
[2023-04-07T14:59:09.262+0000] {processor.py:743} INFO - Processing file /home/airflow/.local/lib/python3.7/site-packages/airflow/example_dags/example_branch_python_dop_operator_3.py for tasks to queue
[2023-04-07T14:59:09.262+0000] {logging_mixin.py:137} INFO - [2023-04-07T14:59:09.262+0000] {dagbag.py:532} INFO - Filling up the DagBag from /home/airflow/.local/lib/python3.7/site-packages/airflow/example_dags/example_branch_python_dop_operator_3.py
[2023-04-07T14:59:09.286+0000] {processor.py:753} INFO - DAG(s) dict_keys(['example_branch_dop_operator_v3']) retrieved from /home/airflow/.local/lib/python3.7/site-packages/airflow/example_dags/example_branch_python_dop_operator_3.py
[2023-04-07T14:59:09.370+0000] {logging_mixin.py:137} INFO - [2023-04-07T14:59:09.370+0000] {dag.py:2705} INFO - Sync 1 DAGs
[2023-04-07T14:59:09.406+0000] {logging_mixin.py:137} INFO - [2023-04-07T14:59:09.406+0000] {dag.py:3456} INFO - Setting next_dagrun for example_branch_dop_operator_v3 to 2023-04-07T14:58:00+00:00, run_after=2023-04-07T14:59:00+00:00
[2023-04-07T14:59:09.428+0000] {processor.py:175} INFO - Processing /home/airflow/.local/lib/python3.7/site-packages/airflow/example_dags/example_branch_python_dop_operator_3.py took 0.169 seconds
[2023-04-07T14:59:40.210+0000] {processor.py:153} INFO - Started process (PID=453) to work on /home/airflow/.local/lib/python3.7/site-packages/airflow/example_dags/example_branch_python_dop_operator_3.py
[2023-04-07T14:59:40.211+0000] {processor.py:743} INFO - Processing file /home/airflow/.local/lib/python3.7/site-packages/airflow/example_dags/example_branch_python_dop_operator_3.py for tasks to queue
[2023-04-07T14:59:40.211+0000] {logging_mixin.py:137} INFO - [2023-04-07T14:59:40.211+0000] {dagbag.py:532} INFO - Filling up the DagBag from /home/airflow/.local/lib/python3.7/site-packages/airflow/example_dags/example_branch_python_dop_operator_3.py
[2023-04-07T14:59:40.235+0000] {processor.py:753} INFO - DAG(s) dict_keys(['example_branch_dop_operator_v3']) retrieved from /home/airflow/.local/lib/python3.7/site-packages/airflow/example_dags/example_branch_python_dop_operator_3.py
[2023-04-07T14:59:40.244+0000] {logging_mixin.py:137} INFO - [2023-04-07T14:59:40.244+0000] {dag.py:2705} INFO - Sync 1 DAGs
[2023-04-07T14:59:40.294+0000] {logging_mixin.py:137} INFO - [2023-04-07T14:59:40.293+0000] {dag.py:3456} INFO - Setting next_dagrun for example_branch_dop_operator_v3 to 2023-04-07T14:58:00+00:00, run_after=2023-04-07T14:59:00+00:00
[2023-04-07T14:59:40.317+0000] {processor.py:175} INFO - Processing /home/airflow/.local/lib/python3.7/site-packages/airflow/example_dags/example_branch_python_dop_operator_3.py took 0.109 seconds
[2023-04-07T15:00:10.648+0000] {processor.py:153} INFO - Started process (PID=676) to work on /home/airflow/.local/lib/python3.7/site-packages/airflow/example_dags/example_branch_python_dop_operator_3.py
[2023-04-07T15:00:10.648+0000] {processor.py:743} INFO - Processing file /home/airflow/.local/lib/python3.7/site-packages/airflow/example_dags/example_branch_python_dop_operator_3.py for tasks to queue
[2023-04-07T15:00:10.648+0000] {logging_mixin.py:137} INFO - [2023-04-07T15:00:10.648+0000] {dagbag.py:532} INFO - Filling up the DagBag from /home/airflow/.local/lib/python3.7/site-packages/airflow/example_dags/example_branch_python_dop_operator_3.py
[2023-04-07T15:00:10.672+0000] {processor.py:753} INFO - DAG(s) dict_keys(['example_branch_dop_operator_v3']) retrieved from /home/airflow/.local/lib/python3.7/site-packages/airflow/example_dags/example_branch_python_dop_operator_3.py
[2023-04-07T15:00:10.693+0000] {logging_mixin.py:137} INFO - [2023-04-07T15:00:10.693+0000] {dag.py:2705} INFO - Sync 1 DAGs
[2023-04-07T15:00:10.727+0000] {logging_mixin.py:137} INFO - [2023-04-07T15:00:10.726+0000] {dag.py:3456} INFO - Setting next_dagrun for example_branch_dop_operator_v3 to 2023-04-07T14:59:00+00:00, run_after=2023-04-07T15:00:00+00:00
[2023-04-07T15:00:10.743+0000] {processor.py:175} INFO - Processing /home/airflow/.local/lib/python3.7/site-packages/airflow/example_dags/example_branch_python_dop_operator_3.py took 0.098 seconds
[2023-04-07T15:00:40.908+0000] {processor.py:153} INFO - Started process (PID=917) to work on /home/airflow/.local/lib/python3.7/site-packages/airflow/example_dags/example_branch_python_dop_operator_3.py
[2023-04-07T15:00:40.908+0000] {processor.py:743} INFO - Processing file /home/airflow/.local/lib/python3.7/site-packages/airflow/example_dags/example_branch_python_dop_operator_3.py for tasks to queue
[2023-04-07T15:00:40.909+0000] {logging_mixin.py:137} INFO - [2023-04-07T15:00:40.909+0000] {dagbag.py:532} INFO - Filling up the DagBag from /home/airflow/.local/lib/python3.7/site-packages/airflow/example_dags/example_branch_python_dop_operator_3.py
[2023-04-07T15:00:40.936+0000] {processor.py:753} INFO - DAG(s) dict_keys(['example_branch_dop_operator_v3']) retrieved from /home/airflow/.local/lib/python3.7/site-packages/airflow/example_dags/example_branch_python_dop_operator_3.py
[2023-04-07T15:00:40.964+0000] {logging_mixin.py:137} INFO - [2023-04-07T15:00:40.964+0000] {dag.py:2705} INFO - Sync 1 DAGs
[2023-04-07T15:00:41.007+0000] {logging_mixin.py:137} INFO - [2023-04-07T15:00:41.006+0000] {dag.py:3456} INFO - Setting next_dagrun for example_branch_dop_operator_v3 to 2023-04-07T14:59:00+00:00, run_after=2023-04-07T15:00:00+00:00
[2023-04-07T15:00:41.027+0000] {processor.py:175} INFO - Processing /home/airflow/.local/lib/python3.7/site-packages/airflow/example_dags/example_branch_python_dop_operator_3.py took 0.122 seconds
[2023-04-07T15:01:11.189+0000] {processor.py:153} INFO - Started process (PID=1140) to work on /home/airflow/.local/lib/python3.7/site-packages/airflow/example_dags/example_branch_python_dop_operator_3.py
[2023-04-07T15:01:11.189+0000] {processor.py:743} INFO - Processing file /home/airflow/.local/lib/python3.7/site-packages/airflow/example_dags/example_branch_python_dop_operator_3.py for tasks to queue
[2023-04-07T15:01:11.190+0000] {logging_mixin.py:137} INFO - [2023-04-07T15:01:11.190+0000] {dagbag.py:532} INFO - Filling up the DagBag from /home/airflow/.local/lib/python3.7/site-packages/airflow/example_dags/example_branch_python_dop_operator_3.py
[2023-04-07T15:01:11.217+0000] {processor.py:753} INFO - DAG(s) dict_keys(['example_branch_dop_operator_v3']) retrieved from /home/airflow/.local/lib/python3.7/site-packages/airflow/example_dags/example_branch_python_dop_operator_3.py
[2023-04-07T15:01:11.243+0000] {logging_mixin.py:137} INFO - [2023-04-07T15:01:11.243+0000] {dag.py:2705} INFO - Sync 1 DAGs
[2023-04-07T15:01:11.283+0000] {logging_mixin.py:137} INFO - [2023-04-07T15:01:11.282+0000] {dag.py:3456} INFO - Setting next_dagrun for example_branch_dop_operator_v3 to 2023-04-07T15:00:00+00:00, run_after=2023-04-07T15:01:00+00:00
[2023-04-07T15:01:11.308+0000] {processor.py:175} INFO - Processing /home/airflow/.local/lib/python3.7/site-packages/airflow/example_dags/example_branch_python_dop_operator_3.py took 0.122 seconds
[2023-04-07T15:01:41.400+0000] {processor.py:153} INFO - Started process (PID=1363) to work on /home/airflow/.local/lib/python3.7/site-packages/airflow/example_dags/example_branch_python_dop_operator_3.py
[2023-04-07T15:01:41.400+0000] {processor.py:743} INFO - Processing file /home/airflow/.local/lib/python3.7/site-packages/airflow/example_dags/example_branch_python_dop_operator_3.py for tasks to queue
[2023-04-07T15:01:41.401+0000] {logging_mixin.py:137} INFO - [2023-04-07T15:01:41.401+0000] {dagbag.py:532} INFO - Filling up the DagBag from /home/airflow/.local/lib/python3.7/site-packages/airflow/example_dags/example_branch_python_dop_operator_3.py
[2023-04-07T15:01:41.425+0000] {processor.py:753} INFO - DAG(s) dict_keys(['example_branch_dop_operator_v3']) retrieved from /home/airflow/.local/lib/python3.7/site-packages/airflow/example_dags/example_branch_python_dop_operator_3.py
[2023-04-07T15:01:41.450+0000] {logging_mixin.py:137} INFO - [2023-04-07T15:01:41.450+0000] {dag.py:2705} INFO - Sync 1 DAGs
[2023-04-07T15:01:41.484+0000] {logging_mixin.py:137} INFO - [2023-04-07T15:01:41.484+0000] {dag.py:3456} INFO - Setting next_dagrun for example_branch_dop_operator_v3 to 2023-04-07T15:00:00+00:00, run_after=2023-04-07T15:01:00+00:00
[2023-04-07T15:01:41.501+0000] {processor.py:175} INFO - Processing /home/airflow/.local/lib/python3.7/site-packages/airflow/example_dags/example_branch_python_dop_operator_3.py took 0.104 seconds
[2023-04-07T15:02:11.535+0000] {processor.py:153} INFO - Started process (PID=1592) to work on /home/airflow/.local/lib/python3.7/site-packages/airflow/example_dags/example_branch_python_dop_operator_3.py
[2023-04-07T15:02:11.536+0000] {processor.py:743} INFO - Processing file /home/airflow/.local/lib/python3.7/site-packages/airflow/example_dags/example_branch_python_dop_operator_3.py for tasks to queue
[2023-04-07T15:02:11.536+0000] {logging_mixin.py:137} INFO - [2023-04-07T15:02:11.536+0000] {dagbag.py:532} INFO - Filling up the DagBag from /home/airflow/.local/lib/python3.7/site-packages/airflow/example_dags/example_branch_python_dop_operator_3.py
[2023-04-07T15:02:11.560+0000] {processor.py:753} INFO - DAG(s) dict_keys(['example_branch_dop_operator_v3']) retrieved from /home/airflow/.local/lib/python3.7/site-packages/airflow/example_dags/example_branch_python_dop_operator_3.py
[2023-04-07T15:02:11.582+0000] {logging_mixin.py:137} INFO - [2023-04-07T15:02:11.582+0000] {dag.py:2705} INFO - Sync 1 DAGs
[2023-04-07T15:02:11.617+0000] {logging_mixin.py:137} INFO - [2023-04-07T15:02:11.617+0000] {dag.py:3456} INFO - Setting next_dagrun for example_branch_dop_operator_v3 to 2023-04-07T15:01:00+00:00, run_after=2023-04-07T15:02:00+00:00
[2023-04-07T15:02:11.633+0000] {processor.py:175} INFO - Processing /home/airflow/.local/lib/python3.7/site-packages/airflow/example_dags/example_branch_python_dop_operator_3.py took 0.101 seconds
[2023-04-07T15:02:41.838+0000] {processor.py:153} INFO - Started process (PID=1837) to work on /home/airflow/.local/lib/python3.7/site-packages/airflow/example_dags/example_branch_python_dop_operator_3.py
[2023-04-07T15:02:41.839+0000] {processor.py:743} INFO - Processing file /home/airflow/.local/lib/python3.7/site-packages/airflow/example_dags/example_branch_python_dop_operator_3.py for tasks to queue
[2023-04-07T15:02:41.839+0000] {logging_mixin.py:137} INFO - [2023-04-07T15:02:41.839+0000] {dagbag.py:532} INFO - Filling up the DagBag from /home/airflow/.local/lib/python3.7/site-packages/airflow/example_dags/example_branch_python_dop_operator_3.py
[2023-04-07T15:02:41.863+0000] {processor.py:753} INFO - DAG(s) dict_keys(['example_branch_dop_operator_v3']) retrieved from /home/airflow/.local/lib/python3.7/site-packages/airflow/example_dags/example_branch_python_dop_operator_3.py
[2023-04-07T15:02:41.887+0000] {logging_mixin.py:137} INFO - [2023-04-07T15:02:41.887+0000] {dag.py:2705} INFO - Sync 1 DAGs
[2023-04-07T15:02:41.925+0000] {logging_mixin.py:137} INFO - [2023-04-07T15:02:41.925+0000] {dag.py:3456} INFO - Setting next_dagrun for example_branch_dop_operator_v3 to 2023-04-07T15:01:00+00:00, run_after=2023-04-07T15:02:00+00:00
[2023-04-07T15:02:41.946+0000] {processor.py:175} INFO - Processing /home/airflow/.local/lib/python3.7/site-packages/airflow/example_dags/example_branch_python_dop_operator_3.py took 0.111 seconds
[2023-04-07T15:03:12.118+0000] {processor.py:153} INFO - Started process (PID=2065) to work on /home/airflow/.local/lib/python3.7/site-packages/airflow/example_dags/example_branch_python_dop_operator_3.py
[2023-04-07T15:03:12.119+0000] {processor.py:743} INFO - Processing file /home/airflow/.local/lib/python3.7/site-packages/airflow/example_dags/example_branch_python_dop_operator_3.py for tasks to queue
[2023-04-07T15:03:12.119+0000] {logging_mixin.py:137} INFO - [2023-04-07T15:03:12.119+0000] {dagbag.py:532} INFO - Filling up the DagBag from /home/airflow/.local/lib/python3.7/site-packages/airflow/example_dags/example_branch_python_dop_operator_3.py
[2023-04-07T15:03:12.143+0000] {processor.py:753} INFO - DAG(s) dict_keys(['example_branch_dop_operator_v3']) retrieved from /home/airflow/.local/lib/python3.7/site-packages/airflow/example_dags/example_branch_python_dop_operator_3.py
[2023-04-07T15:03:12.166+0000] {logging_mixin.py:137} INFO - [2023-04-07T15:03:12.166+0000] {dag.py:2705} INFO - Sync 1 DAGs
[2023-04-07T15:03:12.201+0000] {logging_mixin.py:137} INFO - [2023-04-07T15:03:12.201+0000] {dag.py:3456} INFO - Setting next_dagrun for example_branch_dop_operator_v3 to 2023-04-07T15:02:00+00:00, run_after=2023-04-07T15:03:00+00:00
[2023-04-07T15:03:12.219+0000] {processor.py:175} INFO - Processing /home/airflow/.local/lib/python3.7/site-packages/airflow/example_dags/example_branch_python_dop_operator_3.py took 0.103 seconds
[2023-04-07T15:03:43.033+0000] {processor.py:153} INFO - Started process (PID=2314) to work on /home/airflow/.local/lib/python3.7/site-packages/airflow/example_dags/example_branch_python_dop_operator_3.py
[2023-04-07T15:03:43.033+0000] {processor.py:743} INFO - Processing file /home/airflow/.local/lib/python3.7/site-packages/airflow/example_dags/example_branch_python_dop_operator_3.py for tasks to queue
[2023-04-07T15:03:43.034+0000] {logging_mixin.py:137} INFO - [2023-04-07T15:03:43.034+0000] {dagbag.py:532} INFO - Filling up the DagBag from /home/airflow/.local/lib/python3.7/site-packages/airflow/example_dags/example_branch_python_dop_operator_3.py
[2023-04-07T15:03:43.059+0000] {processor.py:753} INFO - DAG(s) dict_keys(['example_branch_dop_operator_v3']) retrieved from /home/airflow/.local/lib/python3.7/site-packages/airflow/example_dags/example_branch_python_dop_operator_3.py
[2023-04-07T15:03:43.094+0000] {logging_mixin.py:137} INFO - [2023-04-07T15:03:43.094+0000] {dag.py:2705} INFO - Sync 1 DAGs
[2023-04-07T15:03:43.135+0000] {logging_mixin.py:137} INFO - [2023-04-07T15:03:43.134+0000] {dag.py:3456} INFO - Setting next_dagrun for example_branch_dop_operator_v3 to 2023-04-07T15:02:00+00:00, run_after=2023-04-07T15:03:00+00:00
[2023-04-07T15:03:43.163+0000] {processor.py:175} INFO - Processing /home/airflow/.local/lib/python3.7/site-packages/airflow/example_dags/example_branch_python_dop_operator_3.py took 0.133 seconds
[2023-04-07T15:04:13.390+0000] {processor.py:153} INFO - Started process (PID=2580) to work on /home/airflow/.local/lib/python3.7/site-packages/airflow/example_dags/example_branch_python_dop_operator_3.py
[2023-04-07T15:04:13.391+0000] {processor.py:743} INFO - Processing file /home/airflow/.local/lib/python3.7/site-packages/airflow/example_dags/example_branch_python_dop_operator_3.py for tasks to queue
[2023-04-07T15:04:13.392+0000] {logging_mixin.py:137} INFO - [2023-04-07T15:04:13.392+0000] {dagbag.py:532} INFO - Filling up the DagBag from /home/airflow/.local/lib/python3.7/site-packages/airflow/example_dags/example_branch_python_dop_operator_3.py
[2023-04-07T15:04:13.419+0000] {processor.py:753} INFO - DAG(s) dict_keys(['example_branch_dop_operator_v3']) retrieved from /home/airflow/.local/lib/python3.7/site-packages/airflow/example_dags/example_branch_python_dop_operator_3.py
[2023-04-07T15:04:13.447+0000] {logging_mixin.py:137} INFO - [2023-04-07T15:04:13.446+0000] {dag.py:2705} INFO - Sync 1 DAGs
[2023-04-07T15:04:13.485+0000] {logging_mixin.py:137} INFO - [2023-04-07T15:04:13.485+0000] {dag.py:3456} INFO - Setting next_dagrun for example_branch_dop_operator_v3 to 2023-04-07T15:03:00+00:00, run_after=2023-04-07T15:04:00+00:00
[2023-04-07T15:04:13.512+0000] {processor.py:175} INFO - Processing /home/airflow/.local/lib/python3.7/site-packages/airflow/example_dags/example_branch_python_dop_operator_3.py took 0.125 seconds
[2023-04-07T15:04:43.611+0000] {processor.py:153} INFO - Started process (PID=2803) to work on /home/airflow/.local/lib/python3.7/site-packages/airflow/example_dags/example_branch_python_dop_operator_3.py
[2023-04-07T15:04:43.612+0000] {processor.py:743} INFO - Processing file /home/airflow/.local/lib/python3.7/site-packages/airflow/example_dags/example_branch_python_dop_operator_3.py for tasks to queue
[2023-04-07T15:04:43.612+0000] {logging_mixin.py:137} INFO - [2023-04-07T15:04:43.612+0000] {dagbag.py:532} INFO - Filling up the DagBag from /home/airflow/.local/lib/python3.7/site-packages/airflow/example_dags/example_branch_python_dop_operator_3.py
[2023-04-07T15:04:43.638+0000] {processor.py:753} INFO - DAG(s) dict_keys(['example_branch_dop_operator_v3']) retrieved from /home/airflow/.local/lib/python3.7/site-packages/airflow/example_dags/example_branch_python_dop_operator_3.py
[2023-04-07T15:04:43.665+0000] {logging_mixin.py:137} INFO - [2023-04-07T15:04:43.665+0000] {dag.py:2705} INFO - Sync 1 DAGs
[2023-04-07T15:04:43.712+0000] {logging_mixin.py:137} INFO - [2023-04-07T15:04:43.712+0000] {dag.py:3456} INFO - Setting next_dagrun for example_branch_dop_operator_v3 to 2023-04-07T15:03:00+00:00, run_after=2023-04-07T15:04:00+00:00
[2023-04-07T15:04:43.739+0000] {processor.py:175} INFO - Processing /home/airflow/.local/lib/python3.7/site-packages/airflow/example_dags/example_branch_python_dop_operator_3.py took 0.131 seconds
[2023-04-07T15:07:31.432+0000] {processor.py:153} INFO - Started process (PID=181) to work on /home/airflow/.local/lib/python3.7/site-packages/airflow/example_dags/example_branch_python_dop_operator_3.py
[2023-04-07T15:07:31.432+0000] {processor.py:743} INFO - Processing file /home/airflow/.local/lib/python3.7/site-packages/airflow/example_dags/example_branch_python_dop_operator_3.py for tasks to queue
[2023-04-07T15:07:31.433+0000] {logging_mixin.py:137} INFO - [2023-04-07T15:07:31.433+0000] {dagbag.py:532} INFO - Filling up the DagBag from /home/airflow/.local/lib/python3.7/site-packages/airflow/example_dags/example_branch_python_dop_operator_3.py
[2023-04-07T15:07:31.464+0000] {processor.py:753} INFO - DAG(s) dict_keys(['example_branch_dop_operator_v3']) retrieved from /home/airflow/.local/lib/python3.7/site-packages/airflow/example_dags/example_branch_python_dop_operator_3.py
[2023-04-07T15:07:31.492+0000] {logging_mixin.py:137} INFO - [2023-04-07T15:07:31.492+0000] {dag.py:2705} INFO - Sync 1 DAGs
[2023-04-07T15:07:31.534+0000] {logging_mixin.py:137} INFO - [2023-04-07T15:07:31.534+0000] {dag.py:3456} INFO - Setting next_dagrun for example_branch_dop_operator_v3 to 2023-04-07T15:06:00+00:00, run_after=2023-04-07T15:07:00+00:00
[2023-04-07T15:07:31.553+0000] {processor.py:175} INFO - Processing /home/airflow/.local/lib/python3.7/site-packages/airflow/example_dags/example_branch_python_dop_operator_3.py took 0.123 seconds
[2023-04-07T15:08:02.273+0000] {processor.py:153} INFO - Started process (PID=404) to work on /home/airflow/.local/lib/python3.7/site-packages/airflow/example_dags/example_branch_python_dop_operator_3.py
[2023-04-07T15:08:02.274+0000] {processor.py:743} INFO - Processing file /home/airflow/.local/lib/python3.7/site-packages/airflow/example_dags/example_branch_python_dop_operator_3.py for tasks to queue
[2023-04-07T15:08:02.275+0000] {logging_mixin.py:137} INFO - [2023-04-07T15:08:02.274+0000] {dagbag.py:532} INFO - Filling up the DagBag from /home/airflow/.local/lib/python3.7/site-packages/airflow/example_dags/example_branch_python_dop_operator_3.py
[2023-04-07T15:08:02.301+0000] {processor.py:753} INFO - DAG(s) dict_keys(['example_branch_dop_operator_v3']) retrieved from /home/airflow/.local/lib/python3.7/site-packages/airflow/example_dags/example_branch_python_dop_operator_3.py
[2023-04-07T15:08:02.323+0000] {logging_mixin.py:137} INFO - [2023-04-07T15:08:02.322+0000] {dag.py:2705} INFO - Sync 1 DAGs
[2023-04-07T15:08:02.361+0000] {logging_mixin.py:137} INFO - [2023-04-07T15:08:02.361+0000] {dag.py:3456} INFO - Setting next_dagrun for example_branch_dop_operator_v3 to 2023-04-07T15:07:00+00:00, run_after=2023-04-07T15:08:00+00:00
[2023-04-07T15:08:02.380+0000] {processor.py:175} INFO - Processing /home/airflow/.local/lib/python3.7/site-packages/airflow/example_dags/example_branch_python_dop_operator_3.py took 0.108 seconds
[2023-04-07T15:08:33.000+0000] {processor.py:153} INFO - Started process (PID=627) to work on /home/airflow/.local/lib/python3.7/site-packages/airflow/example_dags/example_branch_python_dop_operator_3.py
[2023-04-07T15:08:33.001+0000] {processor.py:743} INFO - Processing file /home/airflow/.local/lib/python3.7/site-packages/airflow/example_dags/example_branch_python_dop_operator_3.py for tasks to queue
[2023-04-07T15:08:33.001+0000] {logging_mixin.py:137} INFO - [2023-04-07T15:08:33.001+0000] {dagbag.py:532} INFO - Filling up the DagBag from /home/airflow/.local/lib/python3.7/site-packages/airflow/example_dags/example_branch_python_dop_operator_3.py
[2023-04-07T15:08:33.028+0000] {processor.py:753} INFO - DAG(s) dict_keys(['example_branch_dop_operator_v3']) retrieved from /home/airflow/.local/lib/python3.7/site-packages/airflow/example_dags/example_branch_python_dop_operator_3.py
[2023-04-07T15:08:33.056+0000] {logging_mixin.py:137} INFO - [2023-04-07T15:08:33.055+0000] {dag.py:2705} INFO - Sync 1 DAGs
[2023-04-07T15:08:33.099+0000] {logging_mixin.py:137} INFO - [2023-04-07T15:08:33.099+0000] {dag.py:3456} INFO - Setting next_dagrun for example_branch_dop_operator_v3 to 2023-04-07T15:07:00+00:00, run_after=2023-04-07T15:08:00+00:00
[2023-04-07T15:08:33.126+0000] {processor.py:175} INFO - Processing /home/airflow/.local/lib/python3.7/site-packages/airflow/example_dags/example_branch_python_dop_operator_3.py took 0.130 seconds
[2023-04-07T15:09:03.465+0000] {processor.py:153} INFO - Started process (PID=853) to work on /home/airflow/.local/lib/python3.7/site-packages/airflow/example_dags/example_branch_python_dop_operator_3.py
[2023-04-07T15:09:03.466+0000] {processor.py:743} INFO - Processing file /home/airflow/.local/lib/python3.7/site-packages/airflow/example_dags/example_branch_python_dop_operator_3.py for tasks to queue
[2023-04-07T15:09:03.467+0000] {logging_mixin.py:137} INFO - [2023-04-07T15:09:03.466+0000] {dagbag.py:532} INFO - Filling up the DagBag from /home/airflow/.local/lib/python3.7/site-packages/airflow/example_dags/example_branch_python_dop_operator_3.py
[2023-04-07T15:09:03.499+0000] {processor.py:753} INFO - DAG(s) dict_keys(['example_branch_dop_operator_v3']) retrieved from /home/airflow/.local/lib/python3.7/site-packages/airflow/example_dags/example_branch_python_dop_operator_3.py
[2023-04-07T15:09:03.529+0000] {logging_mixin.py:137} INFO - [2023-04-07T15:09:03.529+0000] {dag.py:2705} INFO - Sync 1 DAGs
[2023-04-07T15:09:03.578+0000] {logging_mixin.py:137} INFO - [2023-04-07T15:09:03.578+0000] {dag.py:3456} INFO - Setting next_dagrun for example_branch_dop_operator_v3 to 2023-04-07T15:08:00+00:00, run_after=2023-04-07T15:09:00+00:00
[2023-04-07T15:09:03.607+0000] {processor.py:175} INFO - Processing /home/airflow/.local/lib/python3.7/site-packages/airflow/example_dags/example_branch_python_dop_operator_3.py took 0.145 seconds
[2023-04-07T15:09:34.231+0000] {processor.py:153} INFO - Started process (PID=1088) to work on /home/airflow/.local/lib/python3.7/site-packages/airflow/example_dags/example_branch_python_dop_operator_3.py
[2023-04-07T15:09:34.232+0000] {processor.py:743} INFO - Processing file /home/airflow/.local/lib/python3.7/site-packages/airflow/example_dags/example_branch_python_dop_operator_3.py for tasks to queue
[2023-04-07T15:09:34.233+0000] {logging_mixin.py:137} INFO - [2023-04-07T15:09:34.232+0000] {dagbag.py:532} INFO - Filling up the DagBag from /home/airflow/.local/lib/python3.7/site-packages/airflow/example_dags/example_branch_python_dop_operator_3.py
[2023-04-07T15:09:34.261+0000] {processor.py:753} INFO - DAG(s) dict_keys(['example_branch_dop_operator_v3']) retrieved from /home/airflow/.local/lib/python3.7/site-packages/airflow/example_dags/example_branch_python_dop_operator_3.py
[2023-04-07T15:09:34.286+0000] {logging_mixin.py:137} INFO - [2023-04-07T15:09:34.286+0000] {dag.py:2705} INFO - Sync 1 DAGs
[2023-04-07T15:09:34.330+0000] {logging_mixin.py:137} INFO - [2023-04-07T15:09:34.330+0000] {dag.py:3456} INFO - Setting next_dagrun for example_branch_dop_operator_v3 to 2023-04-07T15:08:00+00:00, run_after=2023-04-07T15:09:00+00:00
[2023-04-07T15:09:34.355+0000] {processor.py:175} INFO - Processing /home/airflow/.local/lib/python3.7/site-packages/airflow/example_dags/example_branch_python_dop_operator_3.py took 0.127 seconds
[2023-04-07T15:10:04.446+0000] {processor.py:153} INFO - Started process (PID=1311) to work on /home/airflow/.local/lib/python3.7/site-packages/airflow/example_dags/example_branch_python_dop_operator_3.py
[2023-04-07T15:10:04.447+0000] {processor.py:743} INFO - Processing file /home/airflow/.local/lib/python3.7/site-packages/airflow/example_dags/example_branch_python_dop_operator_3.py for tasks to queue
[2023-04-07T15:10:04.448+0000] {logging_mixin.py:137} INFO - [2023-04-07T15:10:04.448+0000] {dagbag.py:532} INFO - Filling up the DagBag from /home/airflow/.local/lib/python3.7/site-packages/airflow/example_dags/example_branch_python_dop_operator_3.py
[2023-04-07T15:10:04.476+0000] {processor.py:753} INFO - DAG(s) dict_keys(['example_branch_dop_operator_v3']) retrieved from /home/airflow/.local/lib/python3.7/site-packages/airflow/example_dags/example_branch_python_dop_operator_3.py
[2023-04-07T15:10:04.502+0000] {logging_mixin.py:137} INFO - [2023-04-07T15:10:04.501+0000] {dag.py:2705} INFO - Sync 1 DAGs
[2023-04-07T15:10:04.544+0000] {logging_mixin.py:137} INFO - [2023-04-07T15:10:04.544+0000] {dag.py:3456} INFO - Setting next_dagrun for example_branch_dop_operator_v3 to 2023-04-07T15:09:00+00:00, run_after=2023-04-07T15:10:00+00:00
[2023-04-07T15:10:04.566+0000] {processor.py:175} INFO - Processing /home/airflow/.local/lib/python3.7/site-packages/airflow/example_dags/example_branch_python_dop_operator_3.py took 0.122 seconds
[2023-04-07T15:10:34.781+0000] {processor.py:153} INFO - Started process (PID=1533) to work on /home/airflow/.local/lib/python3.7/site-packages/airflow/example_dags/example_branch_python_dop_operator_3.py
[2023-04-07T15:10:34.781+0000] {processor.py:743} INFO - Processing file /home/airflow/.local/lib/python3.7/site-packages/airflow/example_dags/example_branch_python_dop_operator_3.py for tasks to queue
[2023-04-07T15:10:34.782+0000] {logging_mixin.py:137} INFO - [2023-04-07T15:10:34.782+0000] {dagbag.py:532} INFO - Filling up the DagBag from /home/airflow/.local/lib/python3.7/site-packages/airflow/example_dags/example_branch_python_dop_operator_3.py
[2023-04-07T15:10:34.811+0000] {processor.py:753} INFO - DAG(s) dict_keys(['example_branch_dop_operator_v3']) retrieved from /home/airflow/.local/lib/python3.7/site-packages/airflow/example_dags/example_branch_python_dop_operator_3.py
[2023-04-07T15:10:34.842+0000] {logging_mixin.py:137} INFO - [2023-04-07T15:10:34.842+0000] {dag.py:2705} INFO - Sync 1 DAGs
[2023-04-07T15:10:34.888+0000] {logging_mixin.py:137} INFO - [2023-04-07T15:10:34.888+0000] {dag.py:3456} INFO - Setting next_dagrun for example_branch_dop_operator_v3 to 2023-04-07T15:09:00+00:00, run_after=2023-04-07T15:10:00+00:00
[2023-04-07T15:10:34.913+0000] {processor.py:175} INFO - Processing /home/airflow/.local/lib/python3.7/site-packages/airflow/example_dags/example_branch_python_dop_operator_3.py took 0.135 seconds
[2023-04-07T15:11:05.081+0000] {processor.py:153} INFO - Started process (PID=1756) to work on /home/airflow/.local/lib/python3.7/site-packages/airflow/example_dags/example_branch_python_dop_operator_3.py
[2023-04-07T15:11:05.082+0000] {processor.py:743} INFO - Processing file /home/airflow/.local/lib/python3.7/site-packages/airflow/example_dags/example_branch_python_dop_operator_3.py for tasks to queue
[2023-04-07T15:11:05.082+0000] {logging_mixin.py:137} INFO - [2023-04-07T15:11:05.082+0000] {dagbag.py:532} INFO - Filling up the DagBag from /home/airflow/.local/lib/python3.7/site-packages/airflow/example_dags/example_branch_python_dop_operator_3.py
[2023-04-07T15:11:05.110+0000] {processor.py:753} INFO - DAG(s) dict_keys(['example_branch_dop_operator_v3']) retrieved from /home/airflow/.local/lib/python3.7/site-packages/airflow/example_dags/example_branch_python_dop_operator_3.py
[2023-04-07T15:11:05.136+0000] {logging_mixin.py:137} INFO - [2023-04-07T15:11:05.136+0000] {dag.py:2705} INFO - Sync 1 DAGs
[2023-04-07T15:11:05.182+0000] {logging_mixin.py:137} INFO - [2023-04-07T15:11:05.182+0000] {dag.py:3456} INFO - Setting next_dagrun for example_branch_dop_operator_v3 to 2023-04-07T15:10:00+00:00, run_after=2023-04-07T15:11:00+00:00
[2023-04-07T15:11:05.201+0000] {processor.py:175} INFO - Processing /home/airflow/.local/lib/python3.7/site-packages/airflow/example_dags/example_branch_python_dop_operator_3.py took 0.123 seconds
[2023-04-07T15:11:35.449+0000] {processor.py:153} INFO - Started process (PID=1979) to work on /home/airflow/.local/lib/python3.7/site-packages/airflow/example_dags/example_branch_python_dop_operator_3.py
[2023-04-07T15:11:35.450+0000] {processor.py:743} INFO - Processing file /home/airflow/.local/lib/python3.7/site-packages/airflow/example_dags/example_branch_python_dop_operator_3.py for tasks to queue
[2023-04-07T15:11:35.451+0000] {logging_mixin.py:137} INFO - [2023-04-07T15:11:35.451+0000] {dagbag.py:532} INFO - Filling up the DagBag from /home/airflow/.local/lib/python3.7/site-packages/airflow/example_dags/example_branch_python_dop_operator_3.py
[2023-04-07T15:11:35.476+0000] {processor.py:753} INFO - DAG(s) dict_keys(['example_branch_dop_operator_v3']) retrieved from /home/airflow/.local/lib/python3.7/site-packages/airflow/example_dags/example_branch_python_dop_operator_3.py
[2023-04-07T15:11:35.504+0000] {logging_mixin.py:137} INFO - [2023-04-07T15:11:35.504+0000] {dag.py:2705} INFO - Sync 1 DAGs
[2023-04-07T15:11:35.546+0000] {logging_mixin.py:137} INFO - [2023-04-07T15:11:35.546+0000] {dag.py:3456} INFO - Setting next_dagrun for example_branch_dop_operator_v3 to 2023-04-07T15:10:00+00:00, run_after=2023-04-07T15:11:00+00:00
[2023-04-07T15:11:35.566+0000] {processor.py:175} INFO - Processing /home/airflow/.local/lib/python3.7/site-packages/airflow/example_dags/example_branch_python_dop_operator_3.py took 0.120 seconds
[2023-04-07T15:12:05.663+0000] {processor.py:153} INFO - Started process (PID=2202) to work on /home/airflow/.local/lib/python3.7/site-packages/airflow/example_dags/example_branch_python_dop_operator_3.py
[2023-04-07T15:12:05.664+0000] {processor.py:743} INFO - Processing file /home/airflow/.local/lib/python3.7/site-packages/airflow/example_dags/example_branch_python_dop_operator_3.py for tasks to queue
[2023-04-07T15:12:05.664+0000] {logging_mixin.py:137} INFO - [2023-04-07T15:12:05.664+0000] {dagbag.py:532} INFO - Filling up the DagBag from /home/airflow/.local/lib/python3.7/site-packages/airflow/example_dags/example_branch_python_dop_operator_3.py
[2023-04-07T15:12:05.691+0000] {processor.py:753} INFO - DAG(s) dict_keys(['example_branch_dop_operator_v3']) retrieved from /home/airflow/.local/lib/python3.7/site-packages/airflow/example_dags/example_branch_python_dop_operator_3.py
[2023-04-07T15:12:05.730+0000] {logging_mixin.py:137} INFO - [2023-04-07T15:12:05.730+0000] {dag.py:2705} INFO - Sync 1 DAGs
[2023-04-07T15:12:05.781+0000] {logging_mixin.py:137} INFO - [2023-04-07T15:12:05.781+0000] {dag.py:3456} INFO - Setting next_dagrun for example_branch_dop_operator_v3 to 2023-04-07T15:11:00+00:00, run_after=2023-04-07T15:12:00+00:00
[2023-04-07T15:12:05.801+0000] {processor.py:175} INFO - Processing /home/airflow/.local/lib/python3.7/site-packages/airflow/example_dags/example_branch_python_dop_operator_3.py took 0.140 seconds
[2023-04-07T15:12:35.918+0000] {processor.py:153} INFO - Started process (PID=2425) to work on /home/airflow/.local/lib/python3.7/site-packages/airflow/example_dags/example_branch_python_dop_operator_3.py
[2023-04-07T15:12:35.919+0000] {processor.py:743} INFO - Processing file /home/airflow/.local/lib/python3.7/site-packages/airflow/example_dags/example_branch_python_dop_operator_3.py for tasks to queue
[2023-04-07T15:12:35.919+0000] {logging_mixin.py:137} INFO - [2023-04-07T15:12:35.919+0000] {dagbag.py:532} INFO - Filling up the DagBag from /home/airflow/.local/lib/python3.7/site-packages/airflow/example_dags/example_branch_python_dop_operator_3.py
[2023-04-07T15:12:35.945+0000] {processor.py:753} INFO - DAG(s) dict_keys(['example_branch_dop_operator_v3']) retrieved from /home/airflow/.local/lib/python3.7/site-packages/airflow/example_dags/example_branch_python_dop_operator_3.py
[2023-04-07T15:12:35.979+0000] {logging_mixin.py:137} INFO - [2023-04-07T15:12:35.978+0000] {dag.py:2705} INFO - Sync 1 DAGs
[2023-04-07T15:12:36.025+0000] {logging_mixin.py:137} INFO - [2023-04-07T15:12:36.025+0000] {dag.py:3456} INFO - Setting next_dagrun for example_branch_dop_operator_v3 to 2023-04-07T15:11:00+00:00, run_after=2023-04-07T15:12:00+00:00
[2023-04-07T15:12:36.051+0000] {processor.py:175} INFO - Processing /home/airflow/.local/lib/python3.7/site-packages/airflow/example_dags/example_branch_python_dop_operator_3.py took 0.135 seconds
[2023-04-07T15:13:06.460+0000] {processor.py:153} INFO - Started process (PID=2648) to work on /home/airflow/.local/lib/python3.7/site-packages/airflow/example_dags/example_branch_python_dop_operator_3.py
[2023-04-07T15:13:06.465+0000] {processor.py:743} INFO - Processing file /home/airflow/.local/lib/python3.7/site-packages/airflow/example_dags/example_branch_python_dop_operator_3.py for tasks to queue
[2023-04-07T15:13:06.465+0000] {logging_mixin.py:137} INFO - [2023-04-07T15:13:06.465+0000] {dagbag.py:532} INFO - Filling up the DagBag from /home/airflow/.local/lib/python3.7/site-packages/airflow/example_dags/example_branch_python_dop_operator_3.py
[2023-04-07T15:13:06.496+0000] {processor.py:753} INFO - DAG(s) dict_keys(['example_branch_dop_operator_v3']) retrieved from /home/airflow/.local/lib/python3.7/site-packages/airflow/example_dags/example_branch_python_dop_operator_3.py
[2023-04-07T15:13:06.525+0000] {logging_mixin.py:137} INFO - [2023-04-07T15:13:06.525+0000] {dag.py:2705} INFO - Sync 1 DAGs
[2023-04-07T15:13:06.571+0000] {logging_mixin.py:137} INFO - [2023-04-07T15:13:06.571+0000] {dag.py:3456} INFO - Setting next_dagrun for example_branch_dop_operator_v3 to 2023-04-07T15:12:00+00:00, run_after=2023-04-07T15:13:00+00:00
[2023-04-07T15:13:06.598+0000] {processor.py:175} INFO - Processing /home/airflow/.local/lib/python3.7/site-packages/airflow/example_dags/example_branch_python_dop_operator_3.py took 0.141 seconds
[2023-04-07T15:13:36.782+0000] {processor.py:153} INFO - Started process (PID=2874) to work on /home/airflow/.local/lib/python3.7/site-packages/airflow/example_dags/example_branch_python_dop_operator_3.py
[2023-04-07T15:13:36.783+0000] {processor.py:743} INFO - Processing file /home/airflow/.local/lib/python3.7/site-packages/airflow/example_dags/example_branch_python_dop_operator_3.py for tasks to queue
[2023-04-07T15:13:36.783+0000] {logging_mixin.py:137} INFO - [2023-04-07T15:13:36.783+0000] {dagbag.py:532} INFO - Filling up the DagBag from /home/airflow/.local/lib/python3.7/site-packages/airflow/example_dags/example_branch_python_dop_operator_3.py
[2023-04-07T15:13:36.810+0000] {processor.py:753} INFO - DAG(s) dict_keys(['example_branch_dop_operator_v3']) retrieved from /home/airflow/.local/lib/python3.7/site-packages/airflow/example_dags/example_branch_python_dop_operator_3.py
[2023-04-07T15:13:36.841+0000] {logging_mixin.py:137} INFO - [2023-04-07T15:13:36.841+0000] {dag.py:2705} INFO - Sync 1 DAGs
[2023-04-07T15:13:36.885+0000] {logging_mixin.py:137} INFO - [2023-04-07T15:13:36.885+0000] {dag.py:3456} INFO - Setting next_dagrun for example_branch_dop_operator_v3 to 2023-04-07T15:12:00+00:00, run_after=2023-04-07T15:13:00+00:00
[2023-04-07T15:13:36.911+0000] {processor.py:175} INFO - Processing /home/airflow/.local/lib/python3.7/site-packages/airflow/example_dags/example_branch_python_dop_operator_3.py took 0.132 seconds
[2023-04-07T15:14:06.992+0000] {processor.py:153} INFO - Started process (PID=3098) to work on /home/airflow/.local/lib/python3.7/site-packages/airflow/example_dags/example_branch_python_dop_operator_3.py
[2023-04-07T15:14:06.993+0000] {processor.py:743} INFO - Processing file /home/airflow/.local/lib/python3.7/site-packages/airflow/example_dags/example_branch_python_dop_operator_3.py for tasks to queue
[2023-04-07T15:14:06.993+0000] {logging_mixin.py:137} INFO - [2023-04-07T15:14:06.993+0000] {dagbag.py:532} INFO - Filling up the DagBag from /home/airflow/.local/lib/python3.7/site-packages/airflow/example_dags/example_branch_python_dop_operator_3.py
[2023-04-07T15:14:07.021+0000] {processor.py:753} INFO - DAG(s) dict_keys(['example_branch_dop_operator_v3']) retrieved from /home/airflow/.local/lib/python3.7/site-packages/airflow/example_dags/example_branch_python_dop_operator_3.py
[2023-04-07T15:14:07.046+0000] {logging_mixin.py:137} INFO - [2023-04-07T15:14:07.046+0000] {dag.py:2705} INFO - Sync 1 DAGs
[2023-04-07T15:14:07.093+0000] {logging_mixin.py:137} INFO - [2023-04-07T15:14:07.092+0000] {dag.py:3456} INFO - Setting next_dagrun for example_branch_dop_operator_v3 to 2023-04-07T15:13:00+00:00, run_after=2023-04-07T15:14:00+00:00
[2023-04-07T15:14:07.116+0000] {processor.py:175} INFO - Processing /home/airflow/.local/lib/python3.7/site-packages/airflow/example_dags/example_branch_python_dop_operator_3.py took 0.127 seconds
[2023-04-07T15:14:37.303+0000] {processor.py:153} INFO - Started process (PID=3321) to work on /home/airflow/.local/lib/python3.7/site-packages/airflow/example_dags/example_branch_python_dop_operator_3.py
[2023-04-07T15:14:37.304+0000] {processor.py:743} INFO - Processing file /home/airflow/.local/lib/python3.7/site-packages/airflow/example_dags/example_branch_python_dop_operator_3.py for tasks to queue
[2023-04-07T15:14:37.304+0000] {logging_mixin.py:137} INFO - [2023-04-07T15:14:37.304+0000] {dagbag.py:532} INFO - Filling up the DagBag from /home/airflow/.local/lib/python3.7/site-packages/airflow/example_dags/example_branch_python_dop_operator_3.py
[2023-04-07T15:14:37.329+0000] {processor.py:753} INFO - DAG(s) dict_keys(['example_branch_dop_operator_v3']) retrieved from /home/airflow/.local/lib/python3.7/site-packages/airflow/example_dags/example_branch_python_dop_operator_3.py
[2023-04-07T15:14:37.354+0000] {logging_mixin.py:137} INFO - [2023-04-07T15:14:37.354+0000] {dag.py:2705} INFO - Sync 1 DAGs
[2023-04-07T15:14:37.396+0000] {logging_mixin.py:137} INFO - [2023-04-07T15:14:37.395+0000] {dag.py:3456} INFO - Setting next_dagrun for example_branch_dop_operator_v3 to 2023-04-07T15:13:00+00:00, run_after=2023-04-07T15:14:00+00:00
[2023-04-07T15:14:37.414+0000] {processor.py:175} INFO - Processing /home/airflow/.local/lib/python3.7/site-packages/airflow/example_dags/example_branch_python_dop_operator_3.py took 0.113 seconds
[2023-04-07T15:15:08.067+0000] {processor.py:153} INFO - Started process (PID=3545) to work on /home/airflow/.local/lib/python3.7/site-packages/airflow/example_dags/example_branch_python_dop_operator_3.py
[2023-04-07T15:15:08.068+0000] {processor.py:743} INFO - Processing file /home/airflow/.local/lib/python3.7/site-packages/airflow/example_dags/example_branch_python_dop_operator_3.py for tasks to queue
[2023-04-07T15:15:08.068+0000] {logging_mixin.py:137} INFO - [2023-04-07T15:15:08.068+0000] {dagbag.py:532} INFO - Filling up the DagBag from /home/airflow/.local/lib/python3.7/site-packages/airflow/example_dags/example_branch_python_dop_operator_3.py
[2023-04-07T15:15:08.096+0000] {processor.py:753} INFO - DAG(s) dict_keys(['example_branch_dop_operator_v3']) retrieved from /home/airflow/.local/lib/python3.7/site-packages/airflow/example_dags/example_branch_python_dop_operator_3.py
[2023-04-07T15:15:08.122+0000] {logging_mixin.py:137} INFO - [2023-04-07T15:15:08.122+0000] {dag.py:2705} INFO - Sync 1 DAGs
[2023-04-07T15:15:08.163+0000] {logging_mixin.py:137} INFO - [2023-04-07T15:15:08.163+0000] {dag.py:3456} INFO - Setting next_dagrun for example_branch_dop_operator_v3 to 2023-04-07T15:14:00+00:00, run_after=2023-04-07T15:15:00+00:00
[2023-04-07T15:15:08.183+0000] {processor.py:175} INFO - Processing /home/airflow/.local/lib/python3.7/site-packages/airflow/example_dags/example_branch_python_dop_operator_3.py took 0.118 seconds
[2023-04-07T15:15:38.653+0000] {processor.py:153} INFO - Started process (PID=3768) to work on /home/airflow/.local/lib/python3.7/site-packages/airflow/example_dags/example_branch_python_dop_operator_3.py
[2023-04-07T15:15:38.653+0000] {processor.py:743} INFO - Processing file /home/airflow/.local/lib/python3.7/site-packages/airflow/example_dags/example_branch_python_dop_operator_3.py for tasks to queue
[2023-04-07T15:15:38.653+0000] {logging_mixin.py:137} INFO - [2023-04-07T15:15:38.653+0000] {dagbag.py:532} INFO - Filling up the DagBag from /home/airflow/.local/lib/python3.7/site-packages/airflow/example_dags/example_branch_python_dop_operator_3.py
[2023-04-07T15:15:38.680+0000] {processor.py:753} INFO - DAG(s) dict_keys(['example_branch_dop_operator_v3']) retrieved from /home/airflow/.local/lib/python3.7/site-packages/airflow/example_dags/example_branch_python_dop_operator_3.py
[2023-04-07T15:15:38.707+0000] {logging_mixin.py:137} INFO - [2023-04-07T15:15:38.706+0000] {dag.py:2705} INFO - Sync 1 DAGs
[2023-04-07T15:15:38.746+0000] {logging_mixin.py:137} INFO - [2023-04-07T15:15:38.746+0000] {dag.py:3456} INFO - Setting next_dagrun for example_branch_dop_operator_v3 to 2023-04-07T15:14:00+00:00, run_after=2023-04-07T15:15:00+00:00
[2023-04-07T15:15:38.771+0000] {processor.py:175} INFO - Processing /home/airflow/.local/lib/python3.7/site-packages/airflow/example_dags/example_branch_python_dop_operator_3.py took 0.121 seconds
[2023-04-07T15:16:08.904+0000] {processor.py:153} INFO - Started process (PID=3991) to work on /home/airflow/.local/lib/python3.7/site-packages/airflow/example_dags/example_branch_python_dop_operator_3.py
[2023-04-07T15:16:08.905+0000] {processor.py:743} INFO - Processing file /home/airflow/.local/lib/python3.7/site-packages/airflow/example_dags/example_branch_python_dop_operator_3.py for tasks to queue
[2023-04-07T15:16:08.905+0000] {logging_mixin.py:137} INFO - [2023-04-07T15:16:08.905+0000] {dagbag.py:532} INFO - Filling up the DagBag from /home/airflow/.local/lib/python3.7/site-packages/airflow/example_dags/example_branch_python_dop_operator_3.py
[2023-04-07T15:16:08.937+0000] {processor.py:753} INFO - DAG(s) dict_keys(['example_branch_dop_operator_v3']) retrieved from /home/airflow/.local/lib/python3.7/site-packages/airflow/example_dags/example_branch_python_dop_operator_3.py
[2023-04-07T15:16:08.969+0000] {logging_mixin.py:137} INFO - [2023-04-07T15:16:08.969+0000] {dag.py:2705} INFO - Sync 1 DAGs
[2023-04-07T15:16:09.016+0000] {logging_mixin.py:137} INFO - [2023-04-07T15:16:09.016+0000] {dag.py:3456} INFO - Setting next_dagrun for example_branch_dop_operator_v3 to 2023-04-07T15:15:00+00:00, run_after=2023-04-07T15:16:00+00:00
[2023-04-07T15:16:09.040+0000] {processor.py:175} INFO - Processing /home/airflow/.local/lib/python3.7/site-packages/airflow/example_dags/example_branch_python_dop_operator_3.py took 0.140 seconds
[2023-04-07T15:16:39.295+0000] {processor.py:153} INFO - Started process (PID=4215) to work on /home/airflow/.local/lib/python3.7/site-packages/airflow/example_dags/example_branch_python_dop_operator_3.py
[2023-04-07T15:16:39.296+0000] {processor.py:743} INFO - Processing file /home/airflow/.local/lib/python3.7/site-packages/airflow/example_dags/example_branch_python_dop_operator_3.py for tasks to queue
[2023-04-07T15:16:39.297+0000] {logging_mixin.py:137} INFO - [2023-04-07T15:16:39.296+0000] {dagbag.py:532} INFO - Filling up the DagBag from /home/airflow/.local/lib/python3.7/site-packages/airflow/example_dags/example_branch_python_dop_operator_3.py
[2023-04-07T15:16:39.321+0000] {processor.py:753} INFO - DAG(s) dict_keys(['example_branch_dop_operator_v3']) retrieved from /home/airflow/.local/lib/python3.7/site-packages/airflow/example_dags/example_branch_python_dop_operator_3.py
[2023-04-07T15:16:39.344+0000] {logging_mixin.py:137} INFO - [2023-04-07T15:16:39.344+0000] {dag.py:2705} INFO - Sync 1 DAGs
[2023-04-07T15:16:39.382+0000] {logging_mixin.py:137} INFO - [2023-04-07T15:16:39.382+0000] {dag.py:3456} INFO - Setting next_dagrun for example_branch_dop_operator_v3 to 2023-04-07T15:15:00+00:00, run_after=2023-04-07T15:16:00+00:00
[2023-04-07T15:16:39.400+0000] {processor.py:175} INFO - Processing /home/airflow/.local/lib/python3.7/site-packages/airflow/example_dags/example_branch_python_dop_operator_3.py took 0.107 seconds
[2023-04-07T15:17:09.436+0000] {processor.py:153} INFO - Started process (PID=4439) to work on /home/airflow/.local/lib/python3.7/site-packages/airflow/example_dags/example_branch_python_dop_operator_3.py
[2023-04-07T15:17:09.436+0000] {processor.py:743} INFO - Processing file /home/airflow/.local/lib/python3.7/site-packages/airflow/example_dags/example_branch_python_dop_operator_3.py for tasks to queue
[2023-04-07T15:17:09.437+0000] {logging_mixin.py:137} INFO - [2023-04-07T15:17:09.437+0000] {dagbag.py:532} INFO - Filling up the DagBag from /home/airflow/.local/lib/python3.7/site-packages/airflow/example_dags/example_branch_python_dop_operator_3.py
[2023-04-07T15:17:09.462+0000] {processor.py:753} INFO - DAG(s) dict_keys(['example_branch_dop_operator_v3']) retrieved from /home/airflow/.local/lib/python3.7/site-packages/airflow/example_dags/example_branch_python_dop_operator_3.py
[2023-04-07T15:17:09.486+0000] {logging_mixin.py:137} INFO - [2023-04-07T15:17:09.486+0000] {dag.py:2705} INFO - Sync 1 DAGs
[2023-04-07T15:17:09.527+0000] {logging_mixin.py:137} INFO - [2023-04-07T15:17:09.526+0000] {dag.py:3456} INFO - Setting next_dagrun for example_branch_dop_operator_v3 to 2023-04-07T15:16:00+00:00, run_after=2023-04-07T15:17:00+00:00
[2023-04-07T15:17:09.548+0000] {processor.py:175} INFO - Processing /home/airflow/.local/lib/python3.7/site-packages/airflow/example_dags/example_branch_python_dop_operator_3.py took 0.115 seconds
[2023-04-07T15:17:39.777+0000] {processor.py:153} INFO - Started process (PID=4662) to work on /home/airflow/.local/lib/python3.7/site-packages/airflow/example_dags/example_branch_python_dop_operator_3.py
[2023-04-07T15:17:39.777+0000] {processor.py:743} INFO - Processing file /home/airflow/.local/lib/python3.7/site-packages/airflow/example_dags/example_branch_python_dop_operator_3.py for tasks to queue
[2023-04-07T15:17:39.778+0000] {logging_mixin.py:137} INFO - [2023-04-07T15:17:39.777+0000] {dagbag.py:532} INFO - Filling up the DagBag from /home/airflow/.local/lib/python3.7/site-packages/airflow/example_dags/example_branch_python_dop_operator_3.py
[2023-04-07T15:17:39.803+0000] {processor.py:753} INFO - DAG(s) dict_keys(['example_branch_dop_operator_v3']) retrieved from /home/airflow/.local/lib/python3.7/site-packages/airflow/example_dags/example_branch_python_dop_operator_3.py
[2023-04-07T15:17:39.830+0000] {logging_mixin.py:137} INFO - [2023-04-07T15:17:39.830+0000] {dag.py:2705} INFO - Sync 1 DAGs
[2023-04-07T15:17:39.873+0000] {logging_mixin.py:137} INFO - [2023-04-07T15:17:39.873+0000] {dag.py:3456} INFO - Setting next_dagrun for example_branch_dop_operator_v3 to 2023-04-07T15:16:00+00:00, run_after=2023-04-07T15:17:00+00:00
[2023-04-07T15:17:39.891+0000] {processor.py:175} INFO - Processing /home/airflow/.local/lib/python3.7/site-packages/airflow/example_dags/example_branch_python_dop_operator_3.py took 0.117 seconds
[2023-04-07T15:18:10.087+0000] {processor.py:153} INFO - Started process (PID=4885) to work on /home/airflow/.local/lib/python3.7/site-packages/airflow/example_dags/example_branch_python_dop_operator_3.py
[2023-04-07T15:18:10.088+0000] {processor.py:743} INFO - Processing file /home/airflow/.local/lib/python3.7/site-packages/airflow/example_dags/example_branch_python_dop_operator_3.py for tasks to queue
[2023-04-07T15:18:10.089+0000] {logging_mixin.py:137} INFO - [2023-04-07T15:18:10.089+0000] {dagbag.py:532} INFO - Filling up the DagBag from /home/airflow/.local/lib/python3.7/site-packages/airflow/example_dags/example_branch_python_dop_operator_3.py
[2023-04-07T15:18:10.116+0000] {processor.py:753} INFO - DAG(s) dict_keys(['example_branch_dop_operator_v3']) retrieved from /home/airflow/.local/lib/python3.7/site-packages/airflow/example_dags/example_branch_python_dop_operator_3.py
[2023-04-07T15:18:10.146+0000] {logging_mixin.py:137} INFO - [2023-04-07T15:18:10.146+0000] {dag.py:2705} INFO - Sync 1 DAGs
[2023-04-07T15:18:10.192+0000] {logging_mixin.py:137} INFO - [2023-04-07T15:18:10.191+0000] {dag.py:3456} INFO - Setting next_dagrun for example_branch_dop_operator_v3 to 2023-04-07T15:17:00+00:00, run_after=2023-04-07T15:18:00+00:00
[2023-04-07T15:18:10.211+0000] {processor.py:175} INFO - Processing /home/airflow/.local/lib/python3.7/site-packages/airflow/example_dags/example_branch_python_dop_operator_3.py took 0.127 seconds
[2023-04-07T15:18:40.922+0000] {processor.py:153} INFO - Started process (PID=5108) to work on /home/airflow/.local/lib/python3.7/site-packages/airflow/example_dags/example_branch_python_dop_operator_3.py
[2023-04-07T15:18:40.922+0000] {processor.py:743} INFO - Processing file /home/airflow/.local/lib/python3.7/site-packages/airflow/example_dags/example_branch_python_dop_operator_3.py for tasks to queue
[2023-04-07T15:18:40.922+0000] {logging_mixin.py:137} INFO - [2023-04-07T15:18:40.922+0000] {dagbag.py:532} INFO - Filling up the DagBag from /home/airflow/.local/lib/python3.7/site-packages/airflow/example_dags/example_branch_python_dop_operator_3.py
[2023-04-07T15:18:40.947+0000] {processor.py:753} INFO - DAG(s) dict_keys(['example_branch_dop_operator_v3']) retrieved from /home/airflow/.local/lib/python3.7/site-packages/airflow/example_dags/example_branch_python_dop_operator_3.py
[2023-04-07T15:18:40.968+0000] {logging_mixin.py:137} INFO - [2023-04-07T15:18:40.968+0000] {dag.py:2705} INFO - Sync 1 DAGs
[2023-04-07T15:18:41.007+0000] {logging_mixin.py:137} INFO - [2023-04-07T15:18:41.007+0000] {dag.py:3456} INFO - Setting next_dagrun for example_branch_dop_operator_v3 to 2023-04-07T15:17:00+00:00, run_after=2023-04-07T15:18:00+00:00
[2023-04-07T15:18:41.025+0000] {processor.py:175} INFO - Processing /home/airflow/.local/lib/python3.7/site-packages/airflow/example_dags/example_branch_python_dop_operator_3.py took 0.106 seconds
[2023-04-07T15:19:11.521+0000] {processor.py:153} INFO - Started process (PID=5330) to work on /home/airflow/.local/lib/python3.7/site-packages/airflow/example_dags/example_branch_python_dop_operator_3.py
[2023-04-07T15:19:11.522+0000] {processor.py:743} INFO - Processing file /home/airflow/.local/lib/python3.7/site-packages/airflow/example_dags/example_branch_python_dop_operator_3.py for tasks to queue
[2023-04-07T15:19:11.522+0000] {logging_mixin.py:137} INFO - [2023-04-07T15:19:11.522+0000] {dagbag.py:532} INFO - Filling up the DagBag from /home/airflow/.local/lib/python3.7/site-packages/airflow/example_dags/example_branch_python_dop_operator_3.py
[2023-04-07T15:19:11.549+0000] {processor.py:753} INFO - DAG(s) dict_keys(['example_branch_dop_operator_v3']) retrieved from /home/airflow/.local/lib/python3.7/site-packages/airflow/example_dags/example_branch_python_dop_operator_3.py
[2023-04-07T15:19:11.577+0000] {logging_mixin.py:137} INFO - [2023-04-07T15:19:11.577+0000] {dag.py:2705} INFO - Sync 1 DAGs
[2023-04-07T15:19:11.624+0000] {logging_mixin.py:137} INFO - [2023-04-07T15:19:11.623+0000] {dag.py:3456} INFO - Setting next_dagrun for example_branch_dop_operator_v3 to 2023-04-07T15:18:00+00:00, run_after=2023-04-07T15:19:00+00:00
[2023-04-07T15:19:11.648+0000] {processor.py:175} INFO - Processing /home/airflow/.local/lib/python3.7/site-packages/airflow/example_dags/example_branch_python_dop_operator_3.py took 0.129 seconds
[2023-04-07T15:19:42.096+0000] {processor.py:153} INFO - Started process (PID=5553) to work on /home/airflow/.local/lib/python3.7/site-packages/airflow/example_dags/example_branch_python_dop_operator_3.py
[2023-04-07T15:19:42.097+0000] {processor.py:743} INFO - Processing file /home/airflow/.local/lib/python3.7/site-packages/airflow/example_dags/example_branch_python_dop_operator_3.py for tasks to queue
[2023-04-07T15:19:42.098+0000] {logging_mixin.py:137} INFO - [2023-04-07T15:19:42.098+0000] {dagbag.py:532} INFO - Filling up the DagBag from /home/airflow/.local/lib/python3.7/site-packages/airflow/example_dags/example_branch_python_dop_operator_3.py
[2023-04-07T15:19:42.124+0000] {processor.py:753} INFO - DAG(s) dict_keys(['example_branch_dop_operator_v3']) retrieved from /home/airflow/.local/lib/python3.7/site-packages/airflow/example_dags/example_branch_python_dop_operator_3.py
[2023-04-07T15:19:42.150+0000] {logging_mixin.py:137} INFO - [2023-04-07T15:19:42.150+0000] {dag.py:2705} INFO - Sync 1 DAGs
[2023-04-07T15:19:42.191+0000] {logging_mixin.py:137} INFO - [2023-04-07T15:19:42.191+0000] {dag.py:3456} INFO - Setting next_dagrun for example_branch_dop_operator_v3 to 2023-04-07T15:18:00+00:00, run_after=2023-04-07T15:19:00+00:00
[2023-04-07T15:19:42.210+0000] {processor.py:175} INFO - Processing /home/airflow/.local/lib/python3.7/site-packages/airflow/example_dags/example_branch_python_dop_operator_3.py took 0.116 seconds
[2023-04-07T15:20:12.338+0000] {processor.py:153} INFO - Started process (PID=5776) to work on /home/airflow/.local/lib/python3.7/site-packages/airflow/example_dags/example_branch_python_dop_operator_3.py
[2023-04-07T15:20:12.339+0000] {processor.py:743} INFO - Processing file /home/airflow/.local/lib/python3.7/site-packages/airflow/example_dags/example_branch_python_dop_operator_3.py for tasks to queue
[2023-04-07T15:20:12.339+0000] {logging_mixin.py:137} INFO - [2023-04-07T15:20:12.339+0000] {dagbag.py:532} INFO - Filling up the DagBag from /home/airflow/.local/lib/python3.7/site-packages/airflow/example_dags/example_branch_python_dop_operator_3.py
[2023-04-07T15:20:12.364+0000] {processor.py:753} INFO - DAG(s) dict_keys(['example_branch_dop_operator_v3']) retrieved from /home/airflow/.local/lib/python3.7/site-packages/airflow/example_dags/example_branch_python_dop_operator_3.py
[2023-04-07T15:20:12.388+0000] {logging_mixin.py:137} INFO - [2023-04-07T15:20:12.388+0000] {dag.py:2705} INFO - Sync 1 DAGs
[2023-04-07T15:20:12.430+0000] {logging_mixin.py:137} INFO - [2023-04-07T15:20:12.430+0000] {dag.py:3456} INFO - Setting next_dagrun for example_branch_dop_operator_v3 to 2023-04-07T15:19:00+00:00, run_after=2023-04-07T15:20:00+00:00
[2023-04-07T15:20:12.454+0000] {processor.py:175} INFO - Processing /home/airflow/.local/lib/python3.7/site-packages/airflow/example_dags/example_branch_python_dop_operator_3.py took 0.119 seconds
[2023-04-07T15:20:42.665+0000] {processor.py:153} INFO - Started process (PID=5999) to work on /home/airflow/.local/lib/python3.7/site-packages/airflow/example_dags/example_branch_python_dop_operator_3.py
[2023-04-07T15:20:42.666+0000] {processor.py:743} INFO - Processing file /home/airflow/.local/lib/python3.7/site-packages/airflow/example_dags/example_branch_python_dop_operator_3.py for tasks to queue
[2023-04-07T15:20:42.666+0000] {logging_mixin.py:137} INFO - [2023-04-07T15:20:42.666+0000] {dagbag.py:532} INFO - Filling up the DagBag from /home/airflow/.local/lib/python3.7/site-packages/airflow/example_dags/example_branch_python_dop_operator_3.py
[2023-04-07T15:20:42.690+0000] {processor.py:753} INFO - DAG(s) dict_keys(['example_branch_dop_operator_v3']) retrieved from /home/airflow/.local/lib/python3.7/site-packages/airflow/example_dags/example_branch_python_dop_operator_3.py
[2023-04-07T15:20:42.714+0000] {logging_mixin.py:137} INFO - [2023-04-07T15:20:42.713+0000] {dag.py:2705} INFO - Sync 1 DAGs
[2023-04-07T15:20:42.757+0000] {logging_mixin.py:137} INFO - [2023-04-07T15:20:42.756+0000] {dag.py:3456} INFO - Setting next_dagrun for example_branch_dop_operator_v3 to 2023-04-07T15:19:00+00:00, run_after=2023-04-07T15:20:00+00:00
[2023-04-07T15:20:42.780+0000] {processor.py:175} INFO - Processing /home/airflow/.local/lib/python3.7/site-packages/airflow/example_dags/example_branch_python_dop_operator_3.py took 0.117 seconds
[2023-04-07T15:24:23.355+0000] {processor.py:153} INFO - Started process (PID=192) to work on /home/airflow/.local/lib/python3.7/site-packages/airflow/example_dags/example_branch_python_dop_operator_3.py
[2023-04-07T15:24:23.360+0000] {processor.py:743} INFO - Processing file /home/airflow/.local/lib/python3.7/site-packages/airflow/example_dags/example_branch_python_dop_operator_3.py for tasks to queue
[2023-04-07T15:24:23.361+0000] {logging_mixin.py:137} INFO - [2023-04-07T15:24:23.360+0000] {dagbag.py:532} INFO - Filling up the DagBag from /home/airflow/.local/lib/python3.7/site-packages/airflow/example_dags/example_branch_python_dop_operator_3.py
[2023-04-07T15:24:23.391+0000] {processor.py:753} INFO - DAG(s) dict_keys(['example_branch_dop_operator_v3']) retrieved from /home/airflow/.local/lib/python3.7/site-packages/airflow/example_dags/example_branch_python_dop_operator_3.py
[2023-04-07T15:24:23.420+0000] {logging_mixin.py:137} INFO - [2023-04-07T15:24:23.420+0000] {dag.py:2705} INFO - Sync 1 DAGs
[2023-04-07T15:24:23.467+0000] {logging_mixin.py:137} INFO - [2023-04-07T15:24:23.466+0000] {dag.py:3456} INFO - Setting next_dagrun for example_branch_dop_operator_v3 to 2023-04-07T15:23:00+00:00, run_after=2023-04-07T15:24:00+00:00
[2023-04-07T15:24:23.514+0000] {processor.py:175} INFO - Processing /home/airflow/.local/lib/python3.7/site-packages/airflow/example_dags/example_branch_python_dop_operator_3.py took 0.162 seconds
[2023-04-07T15:24:54.065+0000] {processor.py:153} INFO - Started process (PID=415) to work on /home/airflow/.local/lib/python3.7/site-packages/airflow/example_dags/example_branch_python_dop_operator_3.py
[2023-04-07T15:24:54.066+0000] {processor.py:743} INFO - Processing file /home/airflow/.local/lib/python3.7/site-packages/airflow/example_dags/example_branch_python_dop_operator_3.py for tasks to queue
[2023-04-07T15:24:54.067+0000] {logging_mixin.py:137} INFO - [2023-04-07T15:24:54.066+0000] {dagbag.py:532} INFO - Filling up the DagBag from /home/airflow/.local/lib/python3.7/site-packages/airflow/example_dags/example_branch_python_dop_operator_3.py
[2023-04-07T15:24:54.094+0000] {processor.py:753} INFO - DAG(s) dict_keys(['example_branch_dop_operator_v3']) retrieved from /home/airflow/.local/lib/python3.7/site-packages/airflow/example_dags/example_branch_python_dop_operator_3.py
[2023-04-07T15:24:54.106+0000] {logging_mixin.py:137} INFO - [2023-04-07T15:24:54.106+0000] {dag.py:2705} INFO - Sync 1 DAGs
[2023-04-07T15:24:54.152+0000] {logging_mixin.py:137} INFO - [2023-04-07T15:24:54.151+0000] {dag.py:3456} INFO - Setting next_dagrun for example_branch_dop_operator_v3 to 2023-04-07T15:23:00+00:00, run_after=2023-04-07T15:24:00+00:00
[2023-04-07T15:24:54.175+0000] {processor.py:175} INFO - Processing /home/airflow/.local/lib/python3.7/site-packages/airflow/example_dags/example_branch_python_dop_operator_3.py took 0.112 seconds
[2023-04-07T15:25:24.530+0000] {processor.py:153} INFO - Started process (PID=638) to work on /home/airflow/.local/lib/python3.7/site-packages/airflow/example_dags/example_branch_python_dop_operator_3.py
[2023-04-07T15:25:24.531+0000] {processor.py:743} INFO - Processing file /home/airflow/.local/lib/python3.7/site-packages/airflow/example_dags/example_branch_python_dop_operator_3.py for tasks to queue
[2023-04-07T15:25:24.531+0000] {logging_mixin.py:137} INFO - [2023-04-07T15:25:24.531+0000] {dagbag.py:532} INFO - Filling up the DagBag from /home/airflow/.local/lib/python3.7/site-packages/airflow/example_dags/example_branch_python_dop_operator_3.py
[2023-04-07T15:25:24.557+0000] {processor.py:753} INFO - DAG(s) dict_keys(['example_branch_dop_operator_v3']) retrieved from /home/airflow/.local/lib/python3.7/site-packages/airflow/example_dags/example_branch_python_dop_operator_3.py
[2023-04-07T15:25:24.581+0000] {logging_mixin.py:137} INFO - [2023-04-07T15:25:24.581+0000] {dag.py:2705} INFO - Sync 1 DAGs
[2023-04-07T15:25:24.621+0000] {logging_mixin.py:137} INFO - [2023-04-07T15:25:24.621+0000] {dag.py:3456} INFO - Setting next_dagrun for example_branch_dop_operator_v3 to 2023-04-07T15:24:00+00:00, run_after=2023-04-07T15:25:00+00:00
[2023-04-07T15:25:24.652+0000] {processor.py:175} INFO - Processing /home/airflow/.local/lib/python3.7/site-packages/airflow/example_dags/example_branch_python_dop_operator_3.py took 0.125 seconds
[2023-04-07T15:25:55.075+0000] {processor.py:153} INFO - Started process (PID=863) to work on /home/airflow/.local/lib/python3.7/site-packages/airflow/example_dags/example_branch_python_dop_operator_3.py
[2023-04-07T15:25:55.076+0000] {processor.py:743} INFO - Processing file /home/airflow/.local/lib/python3.7/site-packages/airflow/example_dags/example_branch_python_dop_operator_3.py for tasks to queue
[2023-04-07T15:25:55.076+0000] {logging_mixin.py:137} INFO - [2023-04-07T15:25:55.076+0000] {dagbag.py:532} INFO - Filling up the DagBag from /home/airflow/.local/lib/python3.7/site-packages/airflow/example_dags/example_branch_python_dop_operator_3.py
[2023-04-07T15:25:55.106+0000] {processor.py:753} INFO - DAG(s) dict_keys(['example_branch_dop_operator_v3']) retrieved from /home/airflow/.local/lib/python3.7/site-packages/airflow/example_dags/example_branch_python_dop_operator_3.py
[2023-04-07T15:25:55.139+0000] {logging_mixin.py:137} INFO - [2023-04-07T15:25:55.138+0000] {dag.py:2705} INFO - Sync 1 DAGs
[2023-04-07T15:25:55.188+0000] {logging_mixin.py:137} INFO - [2023-04-07T15:25:55.188+0000] {dag.py:3456} INFO - Setting next_dagrun for example_branch_dop_operator_v3 to 2023-04-07T15:24:00+00:00, run_after=2023-04-07T15:25:00+00:00
[2023-04-07T15:25:55.221+0000] {processor.py:175} INFO - Processing /home/airflow/.local/lib/python3.7/site-packages/airflow/example_dags/example_branch_python_dop_operator_3.py took 0.150 seconds
[2023-04-07T15:26:25.266+0000] {processor.py:153} INFO - Started process (PID=1099) to work on /home/airflow/.local/lib/python3.7/site-packages/airflow/example_dags/example_branch_python_dop_operator_3.py
[2023-04-07T15:26:25.267+0000] {processor.py:743} INFO - Processing file /home/airflow/.local/lib/python3.7/site-packages/airflow/example_dags/example_branch_python_dop_operator_3.py for tasks to queue
[2023-04-07T15:26:25.268+0000] {logging_mixin.py:137} INFO - [2023-04-07T15:26:25.267+0000] {dagbag.py:532} INFO - Filling up the DagBag from /home/airflow/.local/lib/python3.7/site-packages/airflow/example_dags/example_branch_python_dop_operator_3.py
[2023-04-07T15:26:25.299+0000] {processor.py:753} INFO - DAG(s) dict_keys(['example_branch_dop_operator_v3']) retrieved from /home/airflow/.local/lib/python3.7/site-packages/airflow/example_dags/example_branch_python_dop_operator_3.py
[2023-04-07T15:26:25.369+0000] {logging_mixin.py:137} INFO - [2023-04-07T15:26:25.368+0000] {dag.py:2705} INFO - Sync 1 DAGs
[2023-04-07T15:26:25.432+0000] {logging_mixin.py:137} INFO - [2023-04-07T15:26:25.432+0000] {dag.py:3456} INFO - Setting next_dagrun for example_branch_dop_operator_v3 to 2023-04-07T15:25:00+00:00, run_after=2023-04-07T15:26:00+00:00
[2023-04-07T15:26:25.460+0000] {processor.py:175} INFO - Processing /home/airflow/.local/lib/python3.7/site-packages/airflow/example_dags/example_branch_python_dop_operator_3.py took 0.197 seconds
[2023-04-07T15:26:55.641+0000] {processor.py:153} INFO - Started process (PID=1323) to work on /home/airflow/.local/lib/python3.7/site-packages/airflow/example_dags/example_branch_python_dop_operator_3.py
[2023-04-07T15:26:55.643+0000] {processor.py:743} INFO - Processing file /home/airflow/.local/lib/python3.7/site-packages/airflow/example_dags/example_branch_python_dop_operator_3.py for tasks to queue
[2023-04-07T15:26:55.644+0000] {logging_mixin.py:137} INFO - [2023-04-07T15:26:55.643+0000] {dagbag.py:532} INFO - Filling up the DagBag from /home/airflow/.local/lib/python3.7/site-packages/airflow/example_dags/example_branch_python_dop_operator_3.py
[2023-04-07T15:26:55.677+0000] {processor.py:753} INFO - DAG(s) dict_keys(['example_branch_dop_operator_v3']) retrieved from /home/airflow/.local/lib/python3.7/site-packages/airflow/example_dags/example_branch_python_dop_operator_3.py
[2023-04-07T15:26:55.714+0000] {logging_mixin.py:137} INFO - [2023-04-07T15:26:55.714+0000] {dag.py:2705} INFO - Sync 1 DAGs
[2023-04-07T15:26:55.772+0000] {logging_mixin.py:137} INFO - [2023-04-07T15:26:55.771+0000] {dag.py:3456} INFO - Setting next_dagrun for example_branch_dop_operator_v3 to 2023-04-07T15:25:00+00:00, run_after=2023-04-07T15:26:00+00:00
[2023-04-07T15:26:55.803+0000] {processor.py:175} INFO - Processing /home/airflow/.local/lib/python3.7/site-packages/airflow/example_dags/example_branch_python_dop_operator_3.py took 0.164 seconds
