[2023-04-07T14:59:08.885+0000] {processor.py:153} INFO - Started process (PID=212) to work on /home/airflow/.local/lib/python3.7/site-packages/airflow/example_dags/example_short_circuit_decorator.py
[2023-04-07T14:59:08.886+0000] {processor.py:743} INFO - Processing file /home/airflow/.local/lib/python3.7/site-packages/airflow/example_dags/example_short_circuit_decorator.py for tasks to queue
[2023-04-07T14:59:08.886+0000] {logging_mixin.py:137} INFO - [2023-04-07T14:59:08.886+0000] {dagbag.py:532} INFO - Filling up the DagBag from /home/airflow/.local/lib/python3.7/site-packages/airflow/example_dags/example_short_circuit_decorator.py
[2023-04-07T14:59:08.959+0000] {processor.py:753} INFO - DAG(s) dict_keys(['example_short_circuit_decorator']) retrieved from /home/airflow/.local/lib/python3.7/site-packages/airflow/example_dags/example_short_circuit_decorator.py
[2023-04-07T14:59:09.062+0000] {logging_mixin.py:137} INFO - [2023-04-07T14:59:09.061+0000] {dag.py:2705} INFO - Sync 1 DAGs
[2023-04-07T14:59:09.093+0000] {logging_mixin.py:137} INFO - [2023-04-07T14:59:09.093+0000] {dag.py:3456} INFO - Setting next_dagrun for example_short_circuit_decorator to 2023-04-06T14:59:09.093254+00:00, run_after=2023-04-07T14:59:09.093254+00:00
[2023-04-07T14:59:09.116+0000] {processor.py:175} INFO - Processing /home/airflow/.local/lib/python3.7/site-packages/airflow/example_dags/example_short_circuit_decorator.py took 0.233 seconds
[2023-04-07T14:59:40.051+0000] {processor.py:153} INFO - Started process (PID=443) to work on /home/airflow/.local/lib/python3.7/site-packages/airflow/example_dags/example_short_circuit_decorator.py
[2023-04-07T14:59:40.052+0000] {processor.py:743} INFO - Processing file /home/airflow/.local/lib/python3.7/site-packages/airflow/example_dags/example_short_circuit_decorator.py for tasks to queue
[2023-04-07T14:59:40.053+0000] {logging_mixin.py:137} INFO - [2023-04-07T14:59:40.053+0000] {dagbag.py:532} INFO - Filling up the DagBag from /home/airflow/.local/lib/python3.7/site-packages/airflow/example_dags/example_short_circuit_decorator.py
[2023-04-07T14:59:40.079+0000] {processor.py:753} INFO - DAG(s) dict_keys(['example_short_circuit_decorator']) retrieved from /home/airflow/.local/lib/python3.7/site-packages/airflow/example_dags/example_short_circuit_decorator.py
[2023-04-07T14:59:40.089+0000] {logging_mixin.py:137} INFO - [2023-04-07T14:59:40.089+0000] {dag.py:2705} INFO - Sync 1 DAGs
[2023-04-07T14:59:40.122+0000] {logging_mixin.py:137} INFO - [2023-04-07T14:59:40.122+0000] {dag.py:3456} INFO - Setting next_dagrun for example_short_circuit_decorator to 2023-04-06T14:59:40.122506+00:00, run_after=2023-04-07T14:59:40.122506+00:00
[2023-04-07T14:59:40.140+0000] {processor.py:175} INFO - Processing /home/airflow/.local/lib/python3.7/site-packages/airflow/example_dags/example_short_circuit_decorator.py took 0.092 seconds
[2023-04-07T15:00:10.536+0000] {processor.py:153} INFO - Started process (PID=666) to work on /home/airflow/.local/lib/python3.7/site-packages/airflow/example_dags/example_short_circuit_decorator.py
[2023-04-07T15:00:10.537+0000] {processor.py:743} INFO - Processing file /home/airflow/.local/lib/python3.7/site-packages/airflow/example_dags/example_short_circuit_decorator.py for tasks to queue
[2023-04-07T15:00:10.537+0000] {logging_mixin.py:137} INFO - [2023-04-07T15:00:10.537+0000] {dagbag.py:532} INFO - Filling up the DagBag from /home/airflow/.local/lib/python3.7/site-packages/airflow/example_dags/example_short_circuit_decorator.py
[2023-04-07T15:00:10.563+0000] {processor.py:753} INFO - DAG(s) dict_keys(['example_short_circuit_decorator']) retrieved from /home/airflow/.local/lib/python3.7/site-packages/airflow/example_dags/example_short_circuit_decorator.py
[2023-04-07T15:00:10.590+0000] {logging_mixin.py:137} INFO - [2023-04-07T15:00:10.590+0000] {dag.py:2705} INFO - Sync 1 DAGs
[2023-04-07T15:00:10.616+0000] {logging_mixin.py:137} INFO - [2023-04-07T15:00:10.616+0000] {dag.py:3456} INFO - Setting next_dagrun for example_short_circuit_decorator to 2023-04-06T15:00:10.616156+00:00, run_after=2023-04-07T15:00:10.616156+00:00
[2023-04-07T15:00:10.633+0000] {processor.py:175} INFO - Processing /home/airflow/.local/lib/python3.7/site-packages/airflow/example_dags/example_short_circuit_decorator.py took 0.100 seconds
[2023-04-07T15:00:40.751+0000] {processor.py:153} INFO - Started process (PID=907) to work on /home/airflow/.local/lib/python3.7/site-packages/airflow/example_dags/example_short_circuit_decorator.py
[2023-04-07T15:00:40.752+0000] {processor.py:743} INFO - Processing file /home/airflow/.local/lib/python3.7/site-packages/airflow/example_dags/example_short_circuit_decorator.py for tasks to queue
[2023-04-07T15:00:40.753+0000] {logging_mixin.py:137} INFO - [2023-04-07T15:00:40.753+0000] {dagbag.py:532} INFO - Filling up the DagBag from /home/airflow/.local/lib/python3.7/site-packages/airflow/example_dags/example_short_circuit_decorator.py
[2023-04-07T15:00:40.788+0000] {processor.py:753} INFO - DAG(s) dict_keys(['example_short_circuit_decorator']) retrieved from /home/airflow/.local/lib/python3.7/site-packages/airflow/example_dags/example_short_circuit_decorator.py
[2023-04-07T15:00:40.822+0000] {logging_mixin.py:137} INFO - [2023-04-07T15:00:40.821+0000] {dag.py:2705} INFO - Sync 1 DAGs
[2023-04-07T15:00:40.854+0000] {logging_mixin.py:137} INFO - [2023-04-07T15:00:40.854+0000] {dag.py:3456} INFO - Setting next_dagrun for example_short_circuit_decorator to 2023-04-06T15:00:40.853655+00:00, run_after=2023-04-07T15:00:40.853655+00:00
[2023-04-07T15:00:40.884+0000] {processor.py:175} INFO - Processing /home/airflow/.local/lib/python3.7/site-packages/airflow/example_dags/example_short_circuit_decorator.py took 0.135 seconds
[2023-04-07T15:01:11.052+0000] {processor.py:153} INFO - Started process (PID=1130) to work on /home/airflow/.local/lib/python3.7/site-packages/airflow/example_dags/example_short_circuit_decorator.py
[2023-04-07T15:01:11.052+0000] {processor.py:743} INFO - Processing file /home/airflow/.local/lib/python3.7/site-packages/airflow/example_dags/example_short_circuit_decorator.py for tasks to queue
[2023-04-07T15:01:11.053+0000] {logging_mixin.py:137} INFO - [2023-04-07T15:01:11.053+0000] {dagbag.py:532} INFO - Filling up the DagBag from /home/airflow/.local/lib/python3.7/site-packages/airflow/example_dags/example_short_circuit_decorator.py
[2023-04-07T15:01:11.081+0000] {processor.py:753} INFO - DAG(s) dict_keys(['example_short_circuit_decorator']) retrieved from /home/airflow/.local/lib/python3.7/site-packages/airflow/example_dags/example_short_circuit_decorator.py
[2023-04-07T15:01:11.111+0000] {logging_mixin.py:137} INFO - [2023-04-07T15:01:11.110+0000] {dag.py:2705} INFO - Sync 1 DAGs
[2023-04-07T15:01:11.146+0000] {logging_mixin.py:137} INFO - [2023-04-07T15:01:11.146+0000] {dag.py:3456} INFO - Setting next_dagrun for example_short_circuit_decorator to 2023-04-06T15:01:11.145768+00:00, run_after=2023-04-07T15:01:11.145768+00:00
[2023-04-07T15:01:11.167+0000] {processor.py:175} INFO - Processing /home/airflow/.local/lib/python3.7/site-packages/airflow/example_dags/example_short_circuit_decorator.py took 0.117 seconds
[2023-04-07T15:01:41.286+0000] {processor.py:153} INFO - Started process (PID=1353) to work on /home/airflow/.local/lib/python3.7/site-packages/airflow/example_dags/example_short_circuit_decorator.py
[2023-04-07T15:01:41.287+0000] {processor.py:743} INFO - Processing file /home/airflow/.local/lib/python3.7/site-packages/airflow/example_dags/example_short_circuit_decorator.py for tasks to queue
[2023-04-07T15:01:41.287+0000] {logging_mixin.py:137} INFO - [2023-04-07T15:01:41.287+0000] {dagbag.py:532} INFO - Filling up the DagBag from /home/airflow/.local/lib/python3.7/site-packages/airflow/example_dags/example_short_circuit_decorator.py
[2023-04-07T15:01:41.312+0000] {processor.py:753} INFO - DAG(s) dict_keys(['example_short_circuit_decorator']) retrieved from /home/airflow/.local/lib/python3.7/site-packages/airflow/example_dags/example_short_circuit_decorator.py
[2023-04-07T15:01:41.340+0000] {logging_mixin.py:137} INFO - [2023-04-07T15:01:41.340+0000] {dag.py:2705} INFO - Sync 1 DAGs
[2023-04-07T15:01:41.366+0000] {logging_mixin.py:137} INFO - [2023-04-07T15:01:41.366+0000] {dag.py:3456} INFO - Setting next_dagrun for example_short_circuit_decorator to 2023-04-06T15:01:41.366228+00:00, run_after=2023-04-07T15:01:41.366228+00:00
[2023-04-07T15:01:41.383+0000] {processor.py:175} INFO - Processing /home/airflow/.local/lib/python3.7/site-packages/airflow/example_dags/example_short_circuit_decorator.py took 0.100 seconds
[2023-04-07T15:02:11.414+0000] {processor.py:153} INFO - Started process (PID=1584) to work on /home/airflow/.local/lib/python3.7/site-packages/airflow/example_dags/example_short_circuit_decorator.py
[2023-04-07T15:02:11.414+0000] {processor.py:743} INFO - Processing file /home/airflow/.local/lib/python3.7/site-packages/airflow/example_dags/example_short_circuit_decorator.py for tasks to queue
[2023-04-07T15:02:11.415+0000] {logging_mixin.py:137} INFO - [2023-04-07T15:02:11.414+0000] {dagbag.py:532} INFO - Filling up the DagBag from /home/airflow/.local/lib/python3.7/site-packages/airflow/example_dags/example_short_circuit_decorator.py
[2023-04-07T15:02:11.440+0000] {processor.py:753} INFO - DAG(s) dict_keys(['example_short_circuit_decorator']) retrieved from /home/airflow/.local/lib/python3.7/site-packages/airflow/example_dags/example_short_circuit_decorator.py
[2023-04-07T15:02:11.468+0000] {logging_mixin.py:137} INFO - [2023-04-07T15:02:11.468+0000] {dag.py:2705} INFO - Sync 1 DAGs
[2023-04-07T15:02:11.497+0000] {logging_mixin.py:137} INFO - [2023-04-07T15:02:11.497+0000] {dag.py:3456} INFO - Setting next_dagrun for example_short_circuit_decorator to 2023-04-06T15:02:11.497181+00:00, run_after=2023-04-07T15:02:11.497181+00:00
[2023-04-07T15:02:11.518+0000] {processor.py:175} INFO - Processing /home/airflow/.local/lib/python3.7/site-packages/airflow/example_dags/example_short_circuit_decorator.py took 0.106 seconds
[2023-04-07T15:02:41.720+0000] {processor.py:153} INFO - Started process (PID=1827) to work on /home/airflow/.local/lib/python3.7/site-packages/airflow/example_dags/example_short_circuit_decorator.py
[2023-04-07T15:02:41.721+0000] {processor.py:743} INFO - Processing file /home/airflow/.local/lib/python3.7/site-packages/airflow/example_dags/example_short_circuit_decorator.py for tasks to queue
[2023-04-07T15:02:41.722+0000] {logging_mixin.py:137} INFO - [2023-04-07T15:02:41.722+0000] {dagbag.py:532} INFO - Filling up the DagBag from /home/airflow/.local/lib/python3.7/site-packages/airflow/example_dags/example_short_circuit_decorator.py
[2023-04-07T15:02:41.748+0000] {processor.py:753} INFO - DAG(s) dict_keys(['example_short_circuit_decorator']) retrieved from /home/airflow/.local/lib/python3.7/site-packages/airflow/example_dags/example_short_circuit_decorator.py
[2023-04-07T15:02:41.777+0000] {logging_mixin.py:137} INFO - [2023-04-07T15:02:41.776+0000] {dag.py:2705} INFO - Sync 1 DAGs
[2023-04-07T15:02:41.803+0000] {logging_mixin.py:137} INFO - [2023-04-07T15:02:41.803+0000] {dag.py:3456} INFO - Setting next_dagrun for example_short_circuit_decorator to 2023-04-06T15:02:41.803422+00:00, run_after=2023-04-07T15:02:41.803422+00:00
[2023-04-07T15:02:41.823+0000] {processor.py:175} INFO - Processing /home/airflow/.local/lib/python3.7/site-packages/airflow/example_dags/example_short_circuit_decorator.py took 0.106 seconds
[2023-04-07T15:03:12.002+0000] {processor.py:153} INFO - Started process (PID=2055) to work on /home/airflow/.local/lib/python3.7/site-packages/airflow/example_dags/example_short_circuit_decorator.py
[2023-04-07T15:03:12.002+0000] {processor.py:743} INFO - Processing file /home/airflow/.local/lib/python3.7/site-packages/airflow/example_dags/example_short_circuit_decorator.py for tasks to queue
[2023-04-07T15:03:12.003+0000] {logging_mixin.py:137} INFO - [2023-04-07T15:03:12.003+0000] {dagbag.py:532} INFO - Filling up the DagBag from /home/airflow/.local/lib/python3.7/site-packages/airflow/example_dags/example_short_circuit_decorator.py
[2023-04-07T15:03:12.029+0000] {processor.py:753} INFO - DAG(s) dict_keys(['example_short_circuit_decorator']) retrieved from /home/airflow/.local/lib/python3.7/site-packages/airflow/example_dags/example_short_circuit_decorator.py
[2023-04-07T15:03:12.057+0000] {logging_mixin.py:137} INFO - [2023-04-07T15:03:12.057+0000] {dag.py:2705} INFO - Sync 1 DAGs
[2023-04-07T15:03:12.086+0000] {logging_mixin.py:137} INFO - [2023-04-07T15:03:12.085+0000] {dag.py:3456} INFO - Setting next_dagrun for example_short_circuit_decorator to 2023-04-06T15:03:12.085716+00:00, run_after=2023-04-07T15:03:12.085716+00:00
[2023-04-07T15:03:12.103+0000] {processor.py:175} INFO - Processing /home/airflow/.local/lib/python3.7/site-packages/airflow/example_dags/example_short_circuit_decorator.py took 0.103 seconds
[2023-04-07T15:03:42.909+0000] {processor.py:153} INFO - Started process (PID=2304) to work on /home/airflow/.local/lib/python3.7/site-packages/airflow/example_dags/example_short_circuit_decorator.py
[2023-04-07T15:03:42.910+0000] {processor.py:743} INFO - Processing file /home/airflow/.local/lib/python3.7/site-packages/airflow/example_dags/example_short_circuit_decorator.py for tasks to queue
[2023-04-07T15:03:42.910+0000] {logging_mixin.py:137} INFO - [2023-04-07T15:03:42.910+0000] {dagbag.py:532} INFO - Filling up the DagBag from /home/airflow/.local/lib/python3.7/site-packages/airflow/example_dags/example_short_circuit_decorator.py
[2023-04-07T15:03:42.938+0000] {processor.py:753} INFO - DAG(s) dict_keys(['example_short_circuit_decorator']) retrieved from /home/airflow/.local/lib/python3.7/site-packages/airflow/example_dags/example_short_circuit_decorator.py
[2023-04-07T15:03:42.967+0000] {logging_mixin.py:137} INFO - [2023-04-07T15:03:42.967+0000] {dag.py:2705} INFO - Sync 1 DAGs
[2023-04-07T15:03:42.998+0000] {logging_mixin.py:137} INFO - [2023-04-07T15:03:42.998+0000] {dag.py:3456} INFO - Setting next_dagrun for example_short_circuit_decorator to 2023-04-06T15:03:42.998303+00:00, run_after=2023-04-07T15:03:42.998303+00:00
[2023-04-07T15:03:43.017+0000] {processor.py:175} INFO - Processing /home/airflow/.local/lib/python3.7/site-packages/airflow/example_dags/example_short_circuit_decorator.py took 0.110 seconds
[2023-04-07T15:04:13.262+0000] {processor.py:153} INFO - Started process (PID=2570) to work on /home/airflow/.local/lib/python3.7/site-packages/airflow/example_dags/example_short_circuit_decorator.py
[2023-04-07T15:04:13.262+0000] {processor.py:743} INFO - Processing file /home/airflow/.local/lib/python3.7/site-packages/airflow/example_dags/example_short_circuit_decorator.py for tasks to queue
[2023-04-07T15:04:13.263+0000] {logging_mixin.py:137} INFO - [2023-04-07T15:04:13.263+0000] {dagbag.py:532} INFO - Filling up the DagBag from /home/airflow/.local/lib/python3.7/site-packages/airflow/example_dags/example_short_circuit_decorator.py
[2023-04-07T15:04:13.292+0000] {processor.py:753} INFO - DAG(s) dict_keys(['example_short_circuit_decorator']) retrieved from /home/airflow/.local/lib/python3.7/site-packages/airflow/example_dags/example_short_circuit_decorator.py
[2023-04-07T15:04:13.320+0000] {logging_mixin.py:137} INFO - [2023-04-07T15:04:13.320+0000] {dag.py:2705} INFO - Sync 1 DAGs
[2023-04-07T15:04:13.350+0000] {logging_mixin.py:137} INFO - [2023-04-07T15:04:13.350+0000] {dag.py:3456} INFO - Setting next_dagrun for example_short_circuit_decorator to 2023-04-06T15:04:13.350139+00:00, run_after=2023-04-07T15:04:13.350139+00:00
[2023-04-07T15:04:13.373+0000] {processor.py:175} INFO - Processing /home/airflow/.local/lib/python3.7/site-packages/airflow/example_dags/example_short_circuit_decorator.py took 0.114 seconds
[2023-04-07T15:04:43.477+0000] {processor.py:153} INFO - Started process (PID=2793) to work on /home/airflow/.local/lib/python3.7/site-packages/airflow/example_dags/example_short_circuit_decorator.py
[2023-04-07T15:04:43.478+0000] {processor.py:743} INFO - Processing file /home/airflow/.local/lib/python3.7/site-packages/airflow/example_dags/example_short_circuit_decorator.py for tasks to queue
[2023-04-07T15:04:43.478+0000] {logging_mixin.py:137} INFO - [2023-04-07T15:04:43.478+0000] {dagbag.py:532} INFO - Filling up the DagBag from /home/airflow/.local/lib/python3.7/site-packages/airflow/example_dags/example_short_circuit_decorator.py
[2023-04-07T15:04:43.508+0000] {processor.py:753} INFO - DAG(s) dict_keys(['example_short_circuit_decorator']) retrieved from /home/airflow/.local/lib/python3.7/site-packages/airflow/example_dags/example_short_circuit_decorator.py
[2023-04-07T15:04:43.540+0000] {logging_mixin.py:137} INFO - [2023-04-07T15:04:43.540+0000] {dag.py:2705} INFO - Sync 1 DAGs
[2023-04-07T15:04:43.570+0000] {logging_mixin.py:137} INFO - [2023-04-07T15:04:43.570+0000] {dag.py:3456} INFO - Setting next_dagrun for example_short_circuit_decorator to 2023-04-06T15:04:43.569835+00:00, run_after=2023-04-07T15:04:43.569835+00:00
[2023-04-07T15:04:43.593+0000] {processor.py:175} INFO - Processing /home/airflow/.local/lib/python3.7/site-packages/airflow/example_dags/example_short_circuit_decorator.py took 0.118 seconds
[2023-04-07T15:07:31.229+0000] {processor.py:153} INFO - Started process (PID=170) to work on /home/airflow/.local/lib/python3.7/site-packages/airflow/example_dags/example_short_circuit_decorator.py
[2023-04-07T15:07:31.230+0000] {processor.py:743} INFO - Processing file /home/airflow/.local/lib/python3.7/site-packages/airflow/example_dags/example_short_circuit_decorator.py for tasks to queue
[2023-04-07T15:07:31.230+0000] {logging_mixin.py:137} INFO - [2023-04-07T15:07:31.230+0000] {dagbag.py:532} INFO - Filling up the DagBag from /home/airflow/.local/lib/python3.7/site-packages/airflow/example_dags/example_short_circuit_decorator.py
[2023-04-07T15:07:31.268+0000] {processor.py:753} INFO - DAG(s) dict_keys(['example_short_circuit_decorator']) retrieved from /home/airflow/.local/lib/python3.7/site-packages/airflow/example_dags/example_short_circuit_decorator.py
[2023-04-07T15:07:31.310+0000] {logging_mixin.py:137} INFO - [2023-04-07T15:07:31.310+0000] {dag.py:2705} INFO - Sync 1 DAGs
[2023-04-07T15:07:31.343+0000] {logging_mixin.py:137} INFO - [2023-04-07T15:07:31.343+0000] {dag.py:3456} INFO - Setting next_dagrun for example_short_circuit_decorator to 2023-04-06T15:07:31.342888+00:00, run_after=2023-04-07T15:07:31.342888+00:00
[2023-04-07T15:07:31.360+0000] {processor.py:175} INFO - Processing /home/airflow/.local/lib/python3.7/site-packages/airflow/example_dags/example_short_circuit_decorator.py took 0.133 seconds
[2023-04-07T15:08:02.149+0000] {processor.py:153} INFO - Started process (PID=394) to work on /home/airflow/.local/lib/python3.7/site-packages/airflow/example_dags/example_short_circuit_decorator.py
[2023-04-07T15:08:02.150+0000] {processor.py:743} INFO - Processing file /home/airflow/.local/lib/python3.7/site-packages/airflow/example_dags/example_short_circuit_decorator.py for tasks to queue
[2023-04-07T15:08:02.150+0000] {logging_mixin.py:137} INFO - [2023-04-07T15:08:02.150+0000] {dagbag.py:532} INFO - Filling up the DagBag from /home/airflow/.local/lib/python3.7/site-packages/airflow/example_dags/example_short_circuit_decorator.py
[2023-04-07T15:08:02.177+0000] {processor.py:753} INFO - DAG(s) dict_keys(['example_short_circuit_decorator']) retrieved from /home/airflow/.local/lib/python3.7/site-packages/airflow/example_dags/example_short_circuit_decorator.py
[2023-04-07T15:08:02.206+0000] {logging_mixin.py:137} INFO - [2023-04-07T15:08:02.205+0000] {dag.py:2705} INFO - Sync 1 DAGs
[2023-04-07T15:08:02.238+0000] {logging_mixin.py:137} INFO - [2023-04-07T15:08:02.238+0000] {dag.py:3456} INFO - Setting next_dagrun for example_short_circuit_decorator to 2023-04-06T15:08:02.237817+00:00, run_after=2023-04-07T15:08:02.237817+00:00
[2023-04-07T15:08:02.258+0000] {processor.py:175} INFO - Processing /home/airflow/.local/lib/python3.7/site-packages/airflow/example_dags/example_short_circuit_decorator.py took 0.111 seconds
[2023-04-07T15:08:32.835+0000] {processor.py:153} INFO - Started process (PID=617) to work on /home/airflow/.local/lib/python3.7/site-packages/airflow/example_dags/example_short_circuit_decorator.py
[2023-04-07T15:08:32.836+0000] {processor.py:743} INFO - Processing file /home/airflow/.local/lib/python3.7/site-packages/airflow/example_dags/example_short_circuit_decorator.py for tasks to queue
[2023-04-07T15:08:32.837+0000] {logging_mixin.py:137} INFO - [2023-04-07T15:08:32.837+0000] {dagbag.py:532} INFO - Filling up the DagBag from /home/airflow/.local/lib/python3.7/site-packages/airflow/example_dags/example_short_circuit_decorator.py
[2023-04-07T15:08:32.870+0000] {processor.py:753} INFO - DAG(s) dict_keys(['example_short_circuit_decorator']) retrieved from /home/airflow/.local/lib/python3.7/site-packages/airflow/example_dags/example_short_circuit_decorator.py
[2023-04-07T15:08:32.908+0000] {logging_mixin.py:137} INFO - [2023-04-07T15:08:32.907+0000] {dag.py:2705} INFO - Sync 1 DAGs
[2023-04-07T15:08:32.950+0000] {logging_mixin.py:137} INFO - [2023-04-07T15:08:32.949+0000] {dag.py:3456} INFO - Setting next_dagrun for example_short_circuit_decorator to 2023-04-06T15:08:32.949584+00:00, run_after=2023-04-07T15:08:32.949584+00:00
[2023-04-07T15:08:32.975+0000] {processor.py:175} INFO - Processing /home/airflow/.local/lib/python3.7/site-packages/airflow/example_dags/example_short_circuit_decorator.py took 0.145 seconds
[2023-04-07T15:09:03.305+0000] {processor.py:153} INFO - Started process (PID=843) to work on /home/airflow/.local/lib/python3.7/site-packages/airflow/example_dags/example_short_circuit_decorator.py
[2023-04-07T15:09:03.305+0000] {processor.py:743} INFO - Processing file /home/airflow/.local/lib/python3.7/site-packages/airflow/example_dags/example_short_circuit_decorator.py for tasks to queue
[2023-04-07T15:09:03.306+0000] {logging_mixin.py:137} INFO - [2023-04-07T15:09:03.306+0000] {dagbag.py:532} INFO - Filling up the DagBag from /home/airflow/.local/lib/python3.7/site-packages/airflow/example_dags/example_short_circuit_decorator.py
[2023-04-07T15:09:03.339+0000] {processor.py:753} INFO - DAG(s) dict_keys(['example_short_circuit_decorator']) retrieved from /home/airflow/.local/lib/python3.7/site-packages/airflow/example_dags/example_short_circuit_decorator.py
[2023-04-07T15:09:03.374+0000] {logging_mixin.py:137} INFO - [2023-04-07T15:09:03.374+0000] {dag.py:2705} INFO - Sync 1 DAGs
[2023-04-07T15:09:03.418+0000] {logging_mixin.py:137} INFO - [2023-04-07T15:09:03.418+0000] {dag.py:3456} INFO - Setting next_dagrun for example_short_circuit_decorator to 2023-04-06T15:09:03.418197+00:00, run_after=2023-04-07T15:09:03.418197+00:00
[2023-04-07T15:09:03.443+0000] {processor.py:175} INFO - Processing /home/airflow/.local/lib/python3.7/site-packages/airflow/example_dags/example_short_circuit_decorator.py took 0.141 seconds
[2023-04-07T15:09:34.074+0000] {processor.py:153} INFO - Started process (PID=1078) to work on /home/airflow/.local/lib/python3.7/site-packages/airflow/example_dags/example_short_circuit_decorator.py
[2023-04-07T15:09:34.077+0000] {processor.py:743} INFO - Processing file /home/airflow/.local/lib/python3.7/site-packages/airflow/example_dags/example_short_circuit_decorator.py for tasks to queue
[2023-04-07T15:09:34.078+0000] {logging_mixin.py:137} INFO - [2023-04-07T15:09:34.078+0000] {dagbag.py:532} INFO - Filling up the DagBag from /home/airflow/.local/lib/python3.7/site-packages/airflow/example_dags/example_short_circuit_decorator.py
[2023-04-07T15:09:34.107+0000] {processor.py:753} INFO - DAG(s) dict_keys(['example_short_circuit_decorator']) retrieved from /home/airflow/.local/lib/python3.7/site-packages/airflow/example_dags/example_short_circuit_decorator.py
[2023-04-07T15:09:34.143+0000] {logging_mixin.py:137} INFO - [2023-04-07T15:09:34.143+0000] {dag.py:2705} INFO - Sync 1 DAGs
[2023-04-07T15:09:34.180+0000] {logging_mixin.py:137} INFO - [2023-04-07T15:09:34.180+0000] {dag.py:3456} INFO - Setting next_dagrun for example_short_circuit_decorator to 2023-04-06T15:09:34.180248+00:00, run_after=2023-04-07T15:09:34.180248+00:00
[2023-04-07T15:09:34.207+0000] {processor.py:175} INFO - Processing /home/airflow/.local/lib/python3.7/site-packages/airflow/example_dags/example_short_circuit_decorator.py took 0.136 seconds
[2023-04-07T15:10:04.306+0000] {processor.py:153} INFO - Started process (PID=1301) to work on /home/airflow/.local/lib/python3.7/site-packages/airflow/example_dags/example_short_circuit_decorator.py
[2023-04-07T15:10:04.307+0000] {processor.py:743} INFO - Processing file /home/airflow/.local/lib/python3.7/site-packages/airflow/example_dags/example_short_circuit_decorator.py for tasks to queue
[2023-04-07T15:10:04.307+0000] {logging_mixin.py:137} INFO - [2023-04-07T15:10:04.307+0000] {dagbag.py:532} INFO - Filling up the DagBag from /home/airflow/.local/lib/python3.7/site-packages/airflow/example_dags/example_short_circuit_decorator.py
[2023-04-07T15:10:04.336+0000] {processor.py:753} INFO - DAG(s) dict_keys(['example_short_circuit_decorator']) retrieved from /home/airflow/.local/lib/python3.7/site-packages/airflow/example_dags/example_short_circuit_decorator.py
[2023-04-07T15:10:04.368+0000] {logging_mixin.py:137} INFO - [2023-04-07T15:10:04.368+0000] {dag.py:2705} INFO - Sync 1 DAGs
[2023-04-07T15:10:04.405+0000] {logging_mixin.py:137} INFO - [2023-04-07T15:10:04.404+0000] {dag.py:3456} INFO - Setting next_dagrun for example_short_circuit_decorator to 2023-04-06T15:10:04.404631+00:00, run_after=2023-04-07T15:10:04.404631+00:00
[2023-04-07T15:10:04.426+0000] {processor.py:175} INFO - Processing /home/airflow/.local/lib/python3.7/site-packages/airflow/example_dags/example_short_circuit_decorator.py took 0.123 seconds
[2023-04-07T15:10:34.623+0000] {processor.py:153} INFO - Started process (PID=1523) to work on /home/airflow/.local/lib/python3.7/site-packages/airflow/example_dags/example_short_circuit_decorator.py
[2023-04-07T15:10:34.623+0000] {processor.py:743} INFO - Processing file /home/airflow/.local/lib/python3.7/site-packages/airflow/example_dags/example_short_circuit_decorator.py for tasks to queue
[2023-04-07T15:10:34.624+0000] {logging_mixin.py:137} INFO - [2023-04-07T15:10:34.624+0000] {dagbag.py:532} INFO - Filling up the DagBag from /home/airflow/.local/lib/python3.7/site-packages/airflow/example_dags/example_short_circuit_decorator.py
[2023-04-07T15:10:34.654+0000] {processor.py:753} INFO - DAG(s) dict_keys(['example_short_circuit_decorator']) retrieved from /home/airflow/.local/lib/python3.7/site-packages/airflow/example_dags/example_short_circuit_decorator.py
[2023-04-07T15:10:34.685+0000] {logging_mixin.py:137} INFO - [2023-04-07T15:10:34.685+0000] {dag.py:2705} INFO - Sync 1 DAGs
[2023-04-07T15:10:34.726+0000] {logging_mixin.py:137} INFO - [2023-04-07T15:10:34.726+0000] {dag.py:3456} INFO - Setting next_dagrun for example_short_circuit_decorator to 2023-04-06T15:10:34.726172+00:00, run_after=2023-04-07T15:10:34.726172+00:00
[2023-04-07T15:10:34.755+0000] {processor.py:175} INFO - Processing /home/airflow/.local/lib/python3.7/site-packages/airflow/example_dags/example_short_circuit_decorator.py took 0.136 seconds
[2023-04-07T15:11:04.930+0000] {processor.py:153} INFO - Started process (PID=1746) to work on /home/airflow/.local/lib/python3.7/site-packages/airflow/example_dags/example_short_circuit_decorator.py
[2023-04-07T15:11:04.930+0000] {processor.py:743} INFO - Processing file /home/airflow/.local/lib/python3.7/site-packages/airflow/example_dags/example_short_circuit_decorator.py for tasks to queue
[2023-04-07T15:11:04.931+0000] {logging_mixin.py:137} INFO - [2023-04-07T15:11:04.931+0000] {dagbag.py:532} INFO - Filling up the DagBag from /home/airflow/.local/lib/python3.7/site-packages/airflow/example_dags/example_short_circuit_decorator.py
[2023-04-07T15:11:04.962+0000] {processor.py:753} INFO - DAG(s) dict_keys(['example_short_circuit_decorator']) retrieved from /home/airflow/.local/lib/python3.7/site-packages/airflow/example_dags/example_short_circuit_decorator.py
[2023-04-07T15:11:04.996+0000] {logging_mixin.py:137} INFO - [2023-04-07T15:11:04.996+0000] {dag.py:2705} INFO - Sync 1 DAGs
[2023-04-07T15:11:05.031+0000] {logging_mixin.py:137} INFO - [2023-04-07T15:11:05.031+0000] {dag.py:3456} INFO - Setting next_dagrun for example_short_circuit_decorator to 2023-04-06T15:11:05.030827+00:00, run_after=2023-04-07T15:11:05.030827+00:00
[2023-04-07T15:11:05.059+0000] {processor.py:175} INFO - Processing /home/airflow/.local/lib/python3.7/site-packages/airflow/example_dags/example_short_circuit_decorator.py took 0.132 seconds
[2023-04-07T15:11:35.301+0000] {processor.py:153} INFO - Started process (PID=1969) to work on /home/airflow/.local/lib/python3.7/site-packages/airflow/example_dags/example_short_circuit_decorator.py
[2023-04-07T15:11:35.302+0000] {processor.py:743} INFO - Processing file /home/airflow/.local/lib/python3.7/site-packages/airflow/example_dags/example_short_circuit_decorator.py for tasks to queue
[2023-04-07T15:11:35.303+0000] {logging_mixin.py:137} INFO - [2023-04-07T15:11:35.303+0000] {dagbag.py:532} INFO - Filling up the DagBag from /home/airflow/.local/lib/python3.7/site-packages/airflow/example_dags/example_short_circuit_decorator.py
[2023-04-07T15:11:35.332+0000] {processor.py:753} INFO - DAG(s) dict_keys(['example_short_circuit_decorator']) retrieved from /home/airflow/.local/lib/python3.7/site-packages/airflow/example_dags/example_short_circuit_decorator.py
[2023-04-07T15:11:35.363+0000] {logging_mixin.py:137} INFO - [2023-04-07T15:11:35.363+0000] {dag.py:2705} INFO - Sync 1 DAGs
[2023-04-07T15:11:35.403+0000] {logging_mixin.py:137} INFO - [2023-04-07T15:11:35.403+0000] {dag.py:3456} INFO - Setting next_dagrun for example_short_circuit_decorator to 2023-04-06T15:11:35.402818+00:00, run_after=2023-04-07T15:11:35.402818+00:00
[2023-04-07T15:11:35.430+0000] {processor.py:175} INFO - Processing /home/airflow/.local/lib/python3.7/site-packages/airflow/example_dags/example_short_circuit_decorator.py took 0.132 seconds
[2023-04-07T15:12:05.521+0000] {processor.py:153} INFO - Started process (PID=2192) to work on /home/airflow/.local/lib/python3.7/site-packages/airflow/example_dags/example_short_circuit_decorator.py
[2023-04-07T15:12:05.522+0000] {processor.py:743} INFO - Processing file /home/airflow/.local/lib/python3.7/site-packages/airflow/example_dags/example_short_circuit_decorator.py for tasks to queue
[2023-04-07T15:12:05.522+0000] {logging_mixin.py:137} INFO - [2023-04-07T15:12:05.522+0000] {dagbag.py:532} INFO - Filling up the DagBag from /home/airflow/.local/lib/python3.7/site-packages/airflow/example_dags/example_short_circuit_decorator.py
[2023-04-07T15:12:05.551+0000] {processor.py:753} INFO - DAG(s) dict_keys(['example_short_circuit_decorator']) retrieved from /home/airflow/.local/lib/python3.7/site-packages/airflow/example_dags/example_short_circuit_decorator.py
[2023-04-07T15:12:05.584+0000] {logging_mixin.py:137} INFO - [2023-04-07T15:12:05.583+0000] {dag.py:2705} INFO - Sync 1 DAGs
[2023-04-07T15:12:05.620+0000] {logging_mixin.py:137} INFO - [2023-04-07T15:12:05.619+0000] {dag.py:3456} INFO - Setting next_dagrun for example_short_circuit_decorator to 2023-04-06T15:12:05.619664+00:00, run_after=2023-04-07T15:12:05.619664+00:00
[2023-04-07T15:12:05.643+0000] {processor.py:175} INFO - Processing /home/airflow/.local/lib/python3.7/site-packages/airflow/example_dags/example_short_circuit_decorator.py took 0.124 seconds
[2023-04-07T15:12:35.770+0000] {processor.py:153} INFO - Started process (PID=2415) to work on /home/airflow/.local/lib/python3.7/site-packages/airflow/example_dags/example_short_circuit_decorator.py
[2023-04-07T15:12:35.771+0000] {processor.py:743} INFO - Processing file /home/airflow/.local/lib/python3.7/site-packages/airflow/example_dags/example_short_circuit_decorator.py for tasks to queue
[2023-04-07T15:12:35.771+0000] {logging_mixin.py:137} INFO - [2023-04-07T15:12:35.771+0000] {dagbag.py:532} INFO - Filling up the DagBag from /home/airflow/.local/lib/python3.7/site-packages/airflow/example_dags/example_short_circuit_decorator.py
[2023-04-07T15:12:35.801+0000] {processor.py:753} INFO - DAG(s) dict_keys(['example_short_circuit_decorator']) retrieved from /home/airflow/.local/lib/python3.7/site-packages/airflow/example_dags/example_short_circuit_decorator.py
[2023-04-07T15:12:35.835+0000] {logging_mixin.py:137} INFO - [2023-04-07T15:12:35.835+0000] {dag.py:2705} INFO - Sync 1 DAGs
[2023-04-07T15:12:35.871+0000] {logging_mixin.py:137} INFO - [2023-04-07T15:12:35.871+0000] {dag.py:3456} INFO - Setting next_dagrun for example_short_circuit_decorator to 2023-04-06T15:12:35.870888+00:00, run_after=2023-04-07T15:12:35.870888+00:00
[2023-04-07T15:12:35.899+0000] {processor.py:175} INFO - Processing /home/airflow/.local/lib/python3.7/site-packages/airflow/example_dags/example_short_circuit_decorator.py took 0.132 seconds
[2023-04-07T15:13:06.304+0000] {processor.py:153} INFO - Started process (PID=2638) to work on /home/airflow/.local/lib/python3.7/site-packages/airflow/example_dags/example_short_circuit_decorator.py
[2023-04-07T15:13:06.305+0000] {processor.py:743} INFO - Processing file /home/airflow/.local/lib/python3.7/site-packages/airflow/example_dags/example_short_circuit_decorator.py for tasks to queue
[2023-04-07T15:13:06.306+0000] {logging_mixin.py:137} INFO - [2023-04-07T15:13:06.306+0000] {dagbag.py:532} INFO - Filling up the DagBag from /home/airflow/.local/lib/python3.7/site-packages/airflow/example_dags/example_short_circuit_decorator.py
[2023-04-07T15:13:06.341+0000] {processor.py:753} INFO - DAG(s) dict_keys(['example_short_circuit_decorator']) retrieved from /home/airflow/.local/lib/python3.7/site-packages/airflow/example_dags/example_short_circuit_decorator.py
[2023-04-07T15:13:06.378+0000] {logging_mixin.py:137} INFO - [2023-04-07T15:13:06.378+0000] {dag.py:2705} INFO - Sync 1 DAGs
[2023-04-07T15:13:06.414+0000] {logging_mixin.py:137} INFO - [2023-04-07T15:13:06.414+0000] {dag.py:3456} INFO - Setting next_dagrun for example_short_circuit_decorator to 2023-04-06T15:13:06.414034+00:00, run_after=2023-04-07T15:13:06.414034+00:00
[2023-04-07T15:13:06.439+0000] {processor.py:175} INFO - Processing /home/airflow/.local/lib/python3.7/site-packages/airflow/example_dags/example_short_circuit_decorator.py took 0.140 seconds
[2023-04-07T15:13:36.611+0000] {processor.py:153} INFO - Started process (PID=2864) to work on /home/airflow/.local/lib/python3.7/site-packages/airflow/example_dags/example_short_circuit_decorator.py
[2023-04-07T15:13:36.616+0000] {processor.py:743} INFO - Processing file /home/airflow/.local/lib/python3.7/site-packages/airflow/example_dags/example_short_circuit_decorator.py for tasks to queue
[2023-04-07T15:13:36.617+0000] {logging_mixin.py:137} INFO - [2023-04-07T15:13:36.617+0000] {dagbag.py:532} INFO - Filling up the DagBag from /home/airflow/.local/lib/python3.7/site-packages/airflow/example_dags/example_short_circuit_decorator.py
[2023-04-07T15:13:36.646+0000] {processor.py:753} INFO - DAG(s) dict_keys(['example_short_circuit_decorator']) retrieved from /home/airflow/.local/lib/python3.7/site-packages/airflow/example_dags/example_short_circuit_decorator.py
[2023-04-07T15:13:36.680+0000] {logging_mixin.py:137} INFO - [2023-04-07T15:13:36.680+0000] {dag.py:2705} INFO - Sync 1 DAGs
[2023-04-07T15:13:36.724+0000] {logging_mixin.py:137} INFO - [2023-04-07T15:13:36.724+0000] {dag.py:3456} INFO - Setting next_dagrun for example_short_circuit_decorator to 2023-04-06T15:13:36.723766+00:00, run_after=2023-04-07T15:13:36.723766+00:00
[2023-04-07T15:13:36.757+0000] {processor.py:175} INFO - Processing /home/airflow/.local/lib/python3.7/site-packages/airflow/example_dags/example_short_circuit_decorator.py took 0.148 seconds
[2023-04-07T15:14:06.839+0000] {processor.py:153} INFO - Started process (PID=3088) to work on /home/airflow/.local/lib/python3.7/site-packages/airflow/example_dags/example_short_circuit_decorator.py
[2023-04-07T15:14:06.842+0000] {processor.py:743} INFO - Processing file /home/airflow/.local/lib/python3.7/site-packages/airflow/example_dags/example_short_circuit_decorator.py for tasks to queue
[2023-04-07T15:14:06.843+0000] {logging_mixin.py:137} INFO - [2023-04-07T15:14:06.843+0000] {dagbag.py:532} INFO - Filling up the DagBag from /home/airflow/.local/lib/python3.7/site-packages/airflow/example_dags/example_short_circuit_decorator.py
[2023-04-07T15:14:06.872+0000] {processor.py:753} INFO - DAG(s) dict_keys(['example_short_circuit_decorator']) retrieved from /home/airflow/.local/lib/python3.7/site-packages/airflow/example_dags/example_short_circuit_decorator.py
[2023-04-07T15:14:06.908+0000] {logging_mixin.py:137} INFO - [2023-04-07T15:14:06.908+0000] {dag.py:2705} INFO - Sync 1 DAGs
[2023-04-07T15:14:06.949+0000] {logging_mixin.py:137} INFO - [2023-04-07T15:14:06.949+0000] {dag.py:3456} INFO - Setting next_dagrun for example_short_circuit_decorator to 2023-04-06T15:14:06.948866+00:00, run_after=2023-04-07T15:14:06.948866+00:00
[2023-04-07T15:14:06.970+0000] {processor.py:175} INFO - Processing /home/airflow/.local/lib/python3.7/site-packages/airflow/example_dags/example_short_circuit_decorator.py took 0.133 seconds
[2023-04-07T15:14:37.181+0000] {processor.py:153} INFO - Started process (PID=3311) to work on /home/airflow/.local/lib/python3.7/site-packages/airflow/example_dags/example_short_circuit_decorator.py
[2023-04-07T15:14:37.182+0000] {processor.py:743} INFO - Processing file /home/airflow/.local/lib/python3.7/site-packages/airflow/example_dags/example_short_circuit_decorator.py for tasks to queue
[2023-04-07T15:14:37.182+0000] {logging_mixin.py:137} INFO - [2023-04-07T15:14:37.182+0000] {dagbag.py:532} INFO - Filling up the DagBag from /home/airflow/.local/lib/python3.7/site-packages/airflow/example_dags/example_short_circuit_decorator.py
[2023-04-07T15:14:37.208+0000] {processor.py:753} INFO - DAG(s) dict_keys(['example_short_circuit_decorator']) retrieved from /home/airflow/.local/lib/python3.7/site-packages/airflow/example_dags/example_short_circuit_decorator.py
[2023-04-07T15:14:37.235+0000] {logging_mixin.py:137} INFO - [2023-04-07T15:14:37.235+0000] {dag.py:2705} INFO - Sync 1 DAGs
[2023-04-07T15:14:37.268+0000] {logging_mixin.py:137} INFO - [2023-04-07T15:14:37.268+0000] {dag.py:3456} INFO - Setting next_dagrun for example_short_circuit_decorator to 2023-04-06T15:14:37.267987+00:00, run_after=2023-04-07T15:14:37.267987+00:00
[2023-04-07T15:14:37.286+0000] {processor.py:175} INFO - Processing /home/airflow/.local/lib/python3.7/site-packages/airflow/example_dags/example_short_circuit_decorator.py took 0.107 seconds
[2023-04-07T15:15:07.920+0000] {processor.py:153} INFO - Started process (PID=3535) to work on /home/airflow/.local/lib/python3.7/site-packages/airflow/example_dags/example_short_circuit_decorator.py
[2023-04-07T15:15:07.920+0000] {processor.py:743} INFO - Processing file /home/airflow/.local/lib/python3.7/site-packages/airflow/example_dags/example_short_circuit_decorator.py for tasks to queue
[2023-04-07T15:15:07.921+0000] {logging_mixin.py:137} INFO - [2023-04-07T15:15:07.921+0000] {dagbag.py:532} INFO - Filling up the DagBag from /home/airflow/.local/lib/python3.7/site-packages/airflow/example_dags/example_short_circuit_decorator.py
[2023-04-07T15:15:07.948+0000] {processor.py:753} INFO - DAG(s) dict_keys(['example_short_circuit_decorator']) retrieved from /home/airflow/.local/lib/python3.7/site-packages/airflow/example_dags/example_short_circuit_decorator.py
[2023-04-07T15:15:07.987+0000] {logging_mixin.py:137} INFO - [2023-04-07T15:15:07.987+0000] {dag.py:2705} INFO - Sync 1 DAGs
[2023-04-07T15:15:08.029+0000] {logging_mixin.py:137} INFO - [2023-04-07T15:15:08.029+0000] {dag.py:3456} INFO - Setting next_dagrun for example_short_circuit_decorator to 2023-04-06T15:15:08.027158+00:00, run_after=2023-04-07T15:15:08.027158+00:00
[2023-04-07T15:15:08.050+0000] {processor.py:175} INFO - Processing /home/airflow/.local/lib/python3.7/site-packages/airflow/example_dags/example_short_circuit_decorator.py took 0.132 seconds
[2023-04-07T15:15:38.508+0000] {processor.py:153} INFO - Started process (PID=3758) to work on /home/airflow/.local/lib/python3.7/site-packages/airflow/example_dags/example_short_circuit_decorator.py
[2023-04-07T15:15:38.509+0000] {processor.py:743} INFO - Processing file /home/airflow/.local/lib/python3.7/site-packages/airflow/example_dags/example_short_circuit_decorator.py for tasks to queue
[2023-04-07T15:15:38.509+0000] {logging_mixin.py:137} INFO - [2023-04-07T15:15:38.509+0000] {dagbag.py:532} INFO - Filling up the DagBag from /home/airflow/.local/lib/python3.7/site-packages/airflow/example_dags/example_short_circuit_decorator.py
[2023-04-07T15:15:38.536+0000] {processor.py:753} INFO - DAG(s) dict_keys(['example_short_circuit_decorator']) retrieved from /home/airflow/.local/lib/python3.7/site-packages/airflow/example_dags/example_short_circuit_decorator.py
[2023-04-07T15:15:38.567+0000] {logging_mixin.py:137} INFO - [2023-04-07T15:15:38.567+0000] {dag.py:2705} INFO - Sync 1 DAGs
[2023-04-07T15:15:38.604+0000] {logging_mixin.py:137} INFO - [2023-04-07T15:15:38.604+0000] {dag.py:3456} INFO - Setting next_dagrun for example_short_circuit_decorator to 2023-04-06T15:15:38.604017+00:00, run_after=2023-04-07T15:15:38.604017+00:00
[2023-04-07T15:15:38.628+0000] {processor.py:175} INFO - Processing /home/airflow/.local/lib/python3.7/site-packages/airflow/example_dags/example_short_circuit_decorator.py took 0.123 seconds
[2023-04-07T15:16:08.747+0000] {processor.py:153} INFO - Started process (PID=3981) to work on /home/airflow/.local/lib/python3.7/site-packages/airflow/example_dags/example_short_circuit_decorator.py
[2023-04-07T15:16:08.748+0000] {processor.py:743} INFO - Processing file /home/airflow/.local/lib/python3.7/site-packages/airflow/example_dags/example_short_circuit_decorator.py for tasks to queue
[2023-04-07T15:16:08.749+0000] {logging_mixin.py:137} INFO - [2023-04-07T15:16:08.749+0000] {dagbag.py:532} INFO - Filling up the DagBag from /home/airflow/.local/lib/python3.7/site-packages/airflow/example_dags/example_short_circuit_decorator.py
[2023-04-07T15:16:08.782+0000] {processor.py:753} INFO - DAG(s) dict_keys(['example_short_circuit_decorator']) retrieved from /home/airflow/.local/lib/python3.7/site-packages/airflow/example_dags/example_short_circuit_decorator.py
[2023-04-07T15:16:08.819+0000] {logging_mixin.py:137} INFO - [2023-04-07T15:16:08.818+0000] {dag.py:2705} INFO - Sync 1 DAGs
[2023-04-07T15:16:08.857+0000] {logging_mixin.py:137} INFO - [2023-04-07T15:16:08.857+0000] {dag.py:3456} INFO - Setting next_dagrun for example_short_circuit_decorator to 2023-04-06T15:16:08.857284+00:00, run_after=2023-04-07T15:16:08.857284+00:00
[2023-04-07T15:16:08.880+0000] {processor.py:175} INFO - Processing /home/airflow/.local/lib/python3.7/site-packages/airflow/example_dags/example_short_circuit_decorator.py took 0.137 seconds
[2023-04-07T15:16:39.174+0000] {processor.py:153} INFO - Started process (PID=4205) to work on /home/airflow/.local/lib/python3.7/site-packages/airflow/example_dags/example_short_circuit_decorator.py
[2023-04-07T15:16:39.175+0000] {processor.py:743} INFO - Processing file /home/airflow/.local/lib/python3.7/site-packages/airflow/example_dags/example_short_circuit_decorator.py for tasks to queue
[2023-04-07T15:16:39.175+0000] {logging_mixin.py:137} INFO - [2023-04-07T15:16:39.175+0000] {dagbag.py:532} INFO - Filling up the DagBag from /home/airflow/.local/lib/python3.7/site-packages/airflow/example_dags/example_short_circuit_decorator.py
[2023-04-07T15:16:39.202+0000] {processor.py:753} INFO - DAG(s) dict_keys(['example_short_circuit_decorator']) retrieved from /home/airflow/.local/lib/python3.7/site-packages/airflow/example_dags/example_short_circuit_decorator.py
[2023-04-07T15:16:39.230+0000] {logging_mixin.py:137} INFO - [2023-04-07T15:16:39.229+0000] {dag.py:2705} INFO - Sync 1 DAGs
[2023-04-07T15:16:39.262+0000] {logging_mixin.py:137} INFO - [2023-04-07T15:16:39.261+0000] {dag.py:3456} INFO - Setting next_dagrun for example_short_circuit_decorator to 2023-04-06T15:16:39.261731+00:00, run_after=2023-04-07T15:16:39.261731+00:00
[2023-04-07T15:16:39.280+0000] {processor.py:175} INFO - Processing /home/airflow/.local/lib/python3.7/site-packages/airflow/example_dags/example_short_circuit_decorator.py took 0.108 seconds
[2023-04-07T15:17:09.309+0000] {processor.py:153} INFO - Started process (PID=4429) to work on /home/airflow/.local/lib/python3.7/site-packages/airflow/example_dags/example_short_circuit_decorator.py
[2023-04-07T15:17:09.309+0000] {processor.py:743} INFO - Processing file /home/airflow/.local/lib/python3.7/site-packages/airflow/example_dags/example_short_circuit_decorator.py for tasks to queue
[2023-04-07T15:17:09.310+0000] {logging_mixin.py:137} INFO - [2023-04-07T15:17:09.310+0000] {dagbag.py:532} INFO - Filling up the DagBag from /home/airflow/.local/lib/python3.7/site-packages/airflow/example_dags/example_short_circuit_decorator.py
[2023-04-07T15:17:09.336+0000] {processor.py:753} INFO - DAG(s) dict_keys(['example_short_circuit_decorator']) retrieved from /home/airflow/.local/lib/python3.7/site-packages/airflow/example_dags/example_short_circuit_decorator.py
[2023-04-07T15:17:09.365+0000] {logging_mixin.py:137} INFO - [2023-04-07T15:17:09.365+0000] {dag.py:2705} INFO - Sync 1 DAGs
[2023-04-07T15:17:09.398+0000] {logging_mixin.py:137} INFO - [2023-04-07T15:17:09.398+0000] {dag.py:3456} INFO - Setting next_dagrun for example_short_circuit_decorator to 2023-04-06T15:17:09.397966+00:00, run_after=2023-04-07T15:17:09.397966+00:00
[2023-04-07T15:17:09.419+0000] {processor.py:175} INFO - Processing /home/airflow/.local/lib/python3.7/site-packages/airflow/example_dags/example_short_circuit_decorator.py took 0.113 seconds
[2023-04-07T15:17:39.652+0000] {processor.py:153} INFO - Started process (PID=4652) to work on /home/airflow/.local/lib/python3.7/site-packages/airflow/example_dags/example_short_circuit_decorator.py
[2023-04-07T15:17:39.653+0000] {processor.py:743} INFO - Processing file /home/airflow/.local/lib/python3.7/site-packages/airflow/example_dags/example_short_circuit_decorator.py for tasks to queue
[2023-04-07T15:17:39.653+0000] {logging_mixin.py:137} INFO - [2023-04-07T15:17:39.653+0000] {dagbag.py:532} INFO - Filling up the DagBag from /home/airflow/.local/lib/python3.7/site-packages/airflow/example_dags/example_short_circuit_decorator.py
[2023-04-07T15:17:39.679+0000] {processor.py:753} INFO - DAG(s) dict_keys(['example_short_circuit_decorator']) retrieved from /home/airflow/.local/lib/python3.7/site-packages/airflow/example_dags/example_short_circuit_decorator.py
[2023-04-07T15:17:39.708+0000] {logging_mixin.py:137} INFO - [2023-04-07T15:17:39.707+0000] {dag.py:2705} INFO - Sync 1 DAGs
[2023-04-07T15:17:39.741+0000] {logging_mixin.py:137} INFO - [2023-04-07T15:17:39.741+0000] {dag.py:3456} INFO - Setting next_dagrun for example_short_circuit_decorator to 2023-04-06T15:17:39.741435+00:00, run_after=2023-04-07T15:17:39.741435+00:00
[2023-04-07T15:17:39.760+0000] {processor.py:175} INFO - Processing /home/airflow/.local/lib/python3.7/site-packages/airflow/example_dags/example_short_circuit_decorator.py took 0.110 seconds
[2023-04-07T15:18:09.936+0000] {processor.py:153} INFO - Started process (PID=4875) to work on /home/airflow/.local/lib/python3.7/site-packages/airflow/example_dags/example_short_circuit_decorator.py
[2023-04-07T15:18:09.937+0000] {processor.py:743} INFO - Processing file /home/airflow/.local/lib/python3.7/site-packages/airflow/example_dags/example_short_circuit_decorator.py for tasks to queue
[2023-04-07T15:18:09.937+0000] {logging_mixin.py:137} INFO - [2023-04-07T15:18:09.937+0000] {dagbag.py:532} INFO - Filling up the DagBag from /home/airflow/.local/lib/python3.7/site-packages/airflow/example_dags/example_short_circuit_decorator.py
[2023-04-07T15:18:09.965+0000] {processor.py:753} INFO - DAG(s) dict_keys(['example_short_circuit_decorator']) retrieved from /home/airflow/.local/lib/python3.7/site-packages/airflow/example_dags/example_short_circuit_decorator.py
[2023-04-07T15:18:09.996+0000] {logging_mixin.py:137} INFO - [2023-04-07T15:18:09.996+0000] {dag.py:2705} INFO - Sync 1 DAGs
[2023-04-07T15:18:10.035+0000] {logging_mixin.py:137} INFO - [2023-04-07T15:18:10.034+0000] {dag.py:3456} INFO - Setting next_dagrun for example_short_circuit_decorator to 2023-04-06T15:18:10.034519+00:00, run_after=2023-04-07T15:18:10.034519+00:00
[2023-04-07T15:18:10.063+0000] {processor.py:175} INFO - Processing /home/airflow/.local/lib/python3.7/site-packages/airflow/example_dags/example_short_circuit_decorator.py took 0.129 seconds
[2023-04-07T15:18:40.795+0000] {processor.py:153} INFO - Started process (PID=5098) to work on /home/airflow/.local/lib/python3.7/site-packages/airflow/example_dags/example_short_circuit_decorator.py
[2023-04-07T15:18:40.796+0000] {processor.py:743} INFO - Processing file /home/airflow/.local/lib/python3.7/site-packages/airflow/example_dags/example_short_circuit_decorator.py for tasks to queue
[2023-04-07T15:18:40.797+0000] {logging_mixin.py:137} INFO - [2023-04-07T15:18:40.796+0000] {dagbag.py:532} INFO - Filling up the DagBag from /home/airflow/.local/lib/python3.7/site-packages/airflow/example_dags/example_short_circuit_decorator.py
[2023-04-07T15:18:40.822+0000] {processor.py:753} INFO - DAG(s) dict_keys(['example_short_circuit_decorator']) retrieved from /home/airflow/.local/lib/python3.7/site-packages/airflow/example_dags/example_short_circuit_decorator.py
[2023-04-07T15:18:40.849+0000] {logging_mixin.py:137} INFO - [2023-04-07T15:18:40.849+0000] {dag.py:2705} INFO - Sync 1 DAGs
[2023-04-07T15:18:40.883+0000] {logging_mixin.py:137} INFO - [2023-04-07T15:18:40.883+0000] {dag.py:3456} INFO - Setting next_dagrun for example_short_circuit_decorator to 2023-04-06T15:18:40.883247+00:00, run_after=2023-04-07T15:18:40.883247+00:00
[2023-04-07T15:18:40.902+0000] {processor.py:175} INFO - Processing /home/airflow/.local/lib/python3.7/site-packages/airflow/example_dags/example_short_circuit_decorator.py took 0.109 seconds
[2023-04-07T15:19:11.386+0000] {processor.py:153} INFO - Started process (PID=5320) to work on /home/airflow/.local/lib/python3.7/site-packages/airflow/example_dags/example_short_circuit_decorator.py
[2023-04-07T15:19:11.386+0000] {processor.py:743} INFO - Processing file /home/airflow/.local/lib/python3.7/site-packages/airflow/example_dags/example_short_circuit_decorator.py for tasks to queue
[2023-04-07T15:19:11.387+0000] {logging_mixin.py:137} INFO - [2023-04-07T15:19:11.387+0000] {dagbag.py:532} INFO - Filling up the DagBag from /home/airflow/.local/lib/python3.7/site-packages/airflow/example_dags/example_short_circuit_decorator.py
[2023-04-07T15:19:11.412+0000] {processor.py:753} INFO - DAG(s) dict_keys(['example_short_circuit_decorator']) retrieved from /home/airflow/.local/lib/python3.7/site-packages/airflow/example_dags/example_short_circuit_decorator.py
[2023-04-07T15:19:11.440+0000] {logging_mixin.py:137} INFO - [2023-04-07T15:19:11.440+0000] {dag.py:2705} INFO - Sync 1 DAGs
[2023-04-07T15:19:11.480+0000] {logging_mixin.py:137} INFO - [2023-04-07T15:19:11.480+0000] {dag.py:3456} INFO - Setting next_dagrun for example_short_circuit_decorator to 2023-04-06T15:19:11.480346+00:00, run_after=2023-04-07T15:19:11.480346+00:00
[2023-04-07T15:19:11.503+0000] {processor.py:175} INFO - Processing /home/airflow/.local/lib/python3.7/site-packages/airflow/example_dags/example_short_circuit_decorator.py took 0.120 seconds
[2023-04-07T15:19:41.955+0000] {processor.py:153} INFO - Started process (PID=5543) to work on /home/airflow/.local/lib/python3.7/site-packages/airflow/example_dags/example_short_circuit_decorator.py
[2023-04-07T15:19:41.956+0000] {processor.py:743} INFO - Processing file /home/airflow/.local/lib/python3.7/site-packages/airflow/example_dags/example_short_circuit_decorator.py for tasks to queue
[2023-04-07T15:19:41.956+0000] {logging_mixin.py:137} INFO - [2023-04-07T15:19:41.956+0000] {dagbag.py:532} INFO - Filling up the DagBag from /home/airflow/.local/lib/python3.7/site-packages/airflow/example_dags/example_short_circuit_decorator.py
[2023-04-07T15:19:41.984+0000] {processor.py:753} INFO - DAG(s) dict_keys(['example_short_circuit_decorator']) retrieved from /home/airflow/.local/lib/python3.7/site-packages/airflow/example_dags/example_short_circuit_decorator.py
[2023-04-07T15:19:42.015+0000] {logging_mixin.py:137} INFO - [2023-04-07T15:19:42.015+0000] {dag.py:2705} INFO - Sync 1 DAGs
[2023-04-07T15:19:42.051+0000] {logging_mixin.py:137} INFO - [2023-04-07T15:19:42.051+0000] {dag.py:3456} INFO - Setting next_dagrun for example_short_circuit_decorator to 2023-04-06T15:19:42.050859+00:00, run_after=2023-04-07T15:19:42.050859+00:00
[2023-04-07T15:19:42.073+0000] {processor.py:175} INFO - Processing /home/airflow/.local/lib/python3.7/site-packages/airflow/example_dags/example_short_circuit_decorator.py took 0.120 seconds
[2023-04-07T15:20:12.216+0000] {processor.py:153} INFO - Started process (PID=5766) to work on /home/airflow/.local/lib/python3.7/site-packages/airflow/example_dags/example_short_circuit_decorator.py
[2023-04-07T15:20:12.216+0000] {processor.py:743} INFO - Processing file /home/airflow/.local/lib/python3.7/site-packages/airflow/example_dags/example_short_circuit_decorator.py for tasks to queue
[2023-04-07T15:20:12.217+0000] {logging_mixin.py:137} INFO - [2023-04-07T15:20:12.216+0000] {dagbag.py:532} INFO - Filling up the DagBag from /home/airflow/.local/lib/python3.7/site-packages/airflow/example_dags/example_short_circuit_decorator.py
[2023-04-07T15:20:12.242+0000] {processor.py:753} INFO - DAG(s) dict_keys(['example_short_circuit_decorator']) retrieved from /home/airflow/.local/lib/python3.7/site-packages/airflow/example_dags/example_short_circuit_decorator.py
[2023-04-07T15:20:12.269+0000] {logging_mixin.py:137} INFO - [2023-04-07T15:20:12.269+0000] {dag.py:2705} INFO - Sync 1 DAGs
[2023-04-07T15:20:12.301+0000] {logging_mixin.py:137} INFO - [2023-04-07T15:20:12.301+0000] {dag.py:3456} INFO - Setting next_dagrun for example_short_circuit_decorator to 2023-04-06T15:20:12.300926+00:00, run_after=2023-04-07T15:20:12.300926+00:00
[2023-04-07T15:20:12.319+0000] {processor.py:175} INFO - Processing /home/airflow/.local/lib/python3.7/site-packages/airflow/example_dags/example_short_circuit_decorator.py took 0.106 seconds
[2023-04-07T15:20:42.532+0000] {processor.py:153} INFO - Started process (PID=5989) to work on /home/airflow/.local/lib/python3.7/site-packages/airflow/example_dags/example_short_circuit_decorator.py
[2023-04-07T15:20:42.532+0000] {processor.py:743} INFO - Processing file /home/airflow/.local/lib/python3.7/site-packages/airflow/example_dags/example_short_circuit_decorator.py for tasks to queue
[2023-04-07T15:20:42.533+0000] {logging_mixin.py:137} INFO - [2023-04-07T15:20:42.533+0000] {dagbag.py:532} INFO - Filling up the DagBag from /home/airflow/.local/lib/python3.7/site-packages/airflow/example_dags/example_short_circuit_decorator.py
[2023-04-07T15:20:42.559+0000] {processor.py:753} INFO - DAG(s) dict_keys(['example_short_circuit_decorator']) retrieved from /home/airflow/.local/lib/python3.7/site-packages/airflow/example_dags/example_short_circuit_decorator.py
[2023-04-07T15:20:42.592+0000] {logging_mixin.py:137} INFO - [2023-04-07T15:20:42.592+0000] {dag.py:2705} INFO - Sync 1 DAGs
[2023-04-07T15:20:42.630+0000] {logging_mixin.py:137} INFO - [2023-04-07T15:20:42.629+0000] {dag.py:3456} INFO - Setting next_dagrun for example_short_circuit_decorator to 2023-04-06T15:20:42.629847+00:00, run_after=2023-04-07T15:20:42.629847+00:00
[2023-04-07T15:20:42.649+0000] {processor.py:175} INFO - Processing /home/airflow/.local/lib/python3.7/site-packages/airflow/example_dags/example_short_circuit_decorator.py took 0.119 seconds
[2023-04-07T15:24:23.110+0000] {processor.py:153} INFO - Started process (PID=181) to work on /home/airflow/.local/lib/python3.7/site-packages/airflow/example_dags/example_short_circuit_decorator.py
[2023-04-07T15:24:23.111+0000] {processor.py:743} INFO - Processing file /home/airflow/.local/lib/python3.7/site-packages/airflow/example_dags/example_short_circuit_decorator.py for tasks to queue
[2023-04-07T15:24:23.112+0000] {logging_mixin.py:137} INFO - [2023-04-07T15:24:23.112+0000] {dagbag.py:532} INFO - Filling up the DagBag from /home/airflow/.local/lib/python3.7/site-packages/airflow/example_dags/example_short_circuit_decorator.py
[2023-04-07T15:24:23.146+0000] {processor.py:753} INFO - DAG(s) dict_keys(['example_short_circuit_decorator']) retrieved from /home/airflow/.local/lib/python3.7/site-packages/airflow/example_dags/example_short_circuit_decorator.py
[2023-04-07T15:24:23.221+0000] {logging_mixin.py:137} INFO - [2023-04-07T15:24:23.221+0000] {dag.py:2705} INFO - Sync 1 DAGs
[2023-04-07T15:24:23.278+0000] {logging_mixin.py:137} INFO - [2023-04-07T15:24:23.278+0000] {dag.py:3456} INFO - Setting next_dagrun for example_short_circuit_decorator to 2023-04-06T15:24:23.278324+00:00, run_after=2023-04-07T15:24:23.278324+00:00
[2023-04-07T15:24:23.309+0000] {processor.py:175} INFO - Processing /home/airflow/.local/lib/python3.7/site-packages/airflow/example_dags/example_short_circuit_decorator.py took 0.201 seconds
[2023-04-07T15:24:53.867+0000] {processor.py:153} INFO - Started process (PID=405) to work on /home/airflow/.local/lib/python3.7/site-packages/airflow/example_dags/example_short_circuit_decorator.py
[2023-04-07T15:24:53.868+0000] {processor.py:743} INFO - Processing file /home/airflow/.local/lib/python3.7/site-packages/airflow/example_dags/example_short_circuit_decorator.py for tasks to queue
[2023-04-07T15:24:53.869+0000] {logging_mixin.py:137} INFO - [2023-04-07T15:24:53.869+0000] {dagbag.py:532} INFO - Filling up the DagBag from /home/airflow/.local/lib/python3.7/site-packages/airflow/example_dags/example_short_circuit_decorator.py
[2023-04-07T15:24:53.897+0000] {processor.py:753} INFO - DAG(s) dict_keys(['example_short_circuit_decorator']) retrieved from /home/airflow/.local/lib/python3.7/site-packages/airflow/example_dags/example_short_circuit_decorator.py
[2023-04-07T15:24:53.911+0000] {logging_mixin.py:137} INFO - [2023-04-07T15:24:53.911+0000] {dag.py:2705} INFO - Sync 1 DAGs
[2023-04-07T15:24:53.957+0000] {logging_mixin.py:137} INFO - [2023-04-07T15:24:53.957+0000] {dag.py:3456} INFO - Setting next_dagrun for example_short_circuit_decorator to 2023-04-06T15:24:53.957338+00:00, run_after=2023-04-07T15:24:53.957338+00:00
[2023-04-07T15:24:53.980+0000] {processor.py:175} INFO - Processing /home/airflow/.local/lib/python3.7/site-packages/airflow/example_dags/example_short_circuit_decorator.py took 0.115 seconds
[2023-04-07T15:25:24.382+0000] {processor.py:153} INFO - Started process (PID=628) to work on /home/airflow/.local/lib/python3.7/site-packages/airflow/example_dags/example_short_circuit_decorator.py
[2023-04-07T15:25:24.383+0000] {processor.py:743} INFO - Processing file /home/airflow/.local/lib/python3.7/site-packages/airflow/example_dags/example_short_circuit_decorator.py for tasks to queue
[2023-04-07T15:25:24.383+0000] {logging_mixin.py:137} INFO - [2023-04-07T15:25:24.383+0000] {dagbag.py:532} INFO - Filling up the DagBag from /home/airflow/.local/lib/python3.7/site-packages/airflow/example_dags/example_short_circuit_decorator.py
[2023-04-07T15:25:24.408+0000] {processor.py:753} INFO - DAG(s) dict_keys(['example_short_circuit_decorator']) retrieved from /home/airflow/.local/lib/python3.7/site-packages/airflow/example_dags/example_short_circuit_decorator.py
[2023-04-07T15:25:24.438+0000] {logging_mixin.py:137} INFO - [2023-04-07T15:25:24.438+0000] {dag.py:2705} INFO - Sync 1 DAGs
[2023-04-07T15:25:24.488+0000] {logging_mixin.py:137} INFO - [2023-04-07T15:25:24.488+0000] {dag.py:3456} INFO - Setting next_dagrun for example_short_circuit_decorator to 2023-04-06T15:25:24.488304+00:00, run_after=2023-04-07T15:25:24.488304+00:00
[2023-04-07T15:25:24.511+0000] {processor.py:175} INFO - Processing /home/airflow/.local/lib/python3.7/site-packages/airflow/example_dags/example_short_circuit_decorator.py took 0.132 seconds
[2023-04-07T15:25:54.706+0000] {processor.py:153} INFO - Started process (PID=851) to work on /home/airflow/.local/lib/python3.7/site-packages/airflow/example_dags/example_short_circuit_decorator.py
[2023-04-07T15:25:54.707+0000] {processor.py:743} INFO - Processing file /home/airflow/.local/lib/python3.7/site-packages/airflow/example_dags/example_short_circuit_decorator.py for tasks to queue
[2023-04-07T15:25:54.707+0000] {logging_mixin.py:137} INFO - [2023-04-07T15:25:54.707+0000] {dagbag.py:532} INFO - Filling up the DagBag from /home/airflow/.local/lib/python3.7/site-packages/airflow/example_dags/example_short_circuit_decorator.py
[2023-04-07T15:25:54.742+0000] {processor.py:753} INFO - DAG(s) dict_keys(['example_short_circuit_decorator']) retrieved from /home/airflow/.local/lib/python3.7/site-packages/airflow/example_dags/example_short_circuit_decorator.py
[2023-04-07T15:25:54.787+0000] {logging_mixin.py:137} INFO - [2023-04-07T15:25:54.786+0000] {dag.py:2705} INFO - Sync 1 DAGs
[2023-04-07T15:25:54.823+0000] {logging_mixin.py:137} INFO - [2023-04-07T15:25:54.823+0000] {dag.py:3456} INFO - Setting next_dagrun for example_short_circuit_decorator to 2023-04-06T15:25:54.823155+00:00, run_after=2023-04-07T15:25:54.823155+00:00
[2023-04-07T15:25:54.845+0000] {processor.py:175} INFO - Processing /home/airflow/.local/lib/python3.7/site-packages/airflow/example_dags/example_short_circuit_decorator.py took 0.145 seconds
[2023-04-07T15:26:25.048+0000] {processor.py:153} INFO - Started process (PID=1089) to work on /home/airflow/.local/lib/python3.7/site-packages/airflow/example_dags/example_short_circuit_decorator.py
[2023-04-07T15:26:25.054+0000] {processor.py:743} INFO - Processing file /home/airflow/.local/lib/python3.7/site-packages/airflow/example_dags/example_short_circuit_decorator.py for tasks to queue
[2023-04-07T15:26:25.054+0000] {logging_mixin.py:137} INFO - [2023-04-07T15:26:25.054+0000] {dagbag.py:532} INFO - Filling up the DagBag from /home/airflow/.local/lib/python3.7/site-packages/airflow/example_dags/example_short_circuit_decorator.py
[2023-04-07T15:26:25.084+0000] {processor.py:753} INFO - DAG(s) dict_keys(['example_short_circuit_decorator']) retrieved from /home/airflow/.local/lib/python3.7/site-packages/airflow/example_dags/example_short_circuit_decorator.py
[2023-04-07T15:26:25.115+0000] {logging_mixin.py:137} INFO - [2023-04-07T15:26:25.114+0000] {dag.py:2705} INFO - Sync 1 DAGs
[2023-04-07T15:26:25.155+0000] {logging_mixin.py:137} INFO - [2023-04-07T15:26:25.155+0000] {dag.py:3456} INFO - Setting next_dagrun for example_short_circuit_decorator to 2023-04-06T15:26:25.155332+00:00, run_after=2023-04-07T15:26:25.155332+00:00
[2023-04-07T15:26:25.182+0000] {processor.py:175} INFO - Processing /home/airflow/.local/lib/python3.7/site-packages/airflow/example_dags/example_short_circuit_decorator.py took 0.136 seconds
[2023-04-07T15:26:55.415+0000] {processor.py:153} INFO - Started process (PID=1313) to work on /home/airflow/.local/lib/python3.7/site-packages/airflow/example_dags/example_short_circuit_decorator.py
[2023-04-07T15:26:55.416+0000] {processor.py:743} INFO - Processing file /home/airflow/.local/lib/python3.7/site-packages/airflow/example_dags/example_short_circuit_decorator.py for tasks to queue
[2023-04-07T15:26:55.416+0000] {logging_mixin.py:137} INFO - [2023-04-07T15:26:55.416+0000] {dagbag.py:532} INFO - Filling up the DagBag from /home/airflow/.local/lib/python3.7/site-packages/airflow/example_dags/example_short_circuit_decorator.py
[2023-04-07T15:26:55.470+0000] {processor.py:753} INFO - DAG(s) dict_keys(['example_short_circuit_decorator']) retrieved from /home/airflow/.local/lib/python3.7/site-packages/airflow/example_dags/example_short_circuit_decorator.py
[2023-04-07T15:26:55.536+0000] {logging_mixin.py:137} INFO - [2023-04-07T15:26:55.536+0000] {dag.py:2705} INFO - Sync 1 DAGs
[2023-04-07T15:26:55.588+0000] {logging_mixin.py:137} INFO - [2023-04-07T15:26:55.588+0000] {dag.py:3456} INFO - Setting next_dagrun for example_short_circuit_decorator to 2023-04-06T15:26:55.587946+00:00, run_after=2023-04-07T15:26:55.587946+00:00
[2023-04-07T15:26:55.616+0000] {processor.py:175} INFO - Processing /home/airflow/.local/lib/python3.7/site-packages/airflow/example_dags/example_short_circuit_decorator.py took 0.204 seconds
