[2023-04-07T12:47:28.276+0000] {processor.py:153} INFO - Started process (PID=2691) to work on /home/airflow/.local/lib/python3.7/site-packages/airflow/example_dags/example_complex.py
[2023-04-07T12:47:28.276+0000] {processor.py:743} INFO - Processing file /home/airflow/.local/lib/python3.7/site-packages/airflow/example_dags/example_complex.py for tasks to queue
[2023-04-07T12:47:28.277+0000] {logging_mixin.py:137} INFO - [2023-04-07T12:47:28.277+0000] {dagbag.py:532} INFO - Filling up the DagBag from /home/airflow/.local/lib/python3.7/site-packages/airflow/example_dags/example_complex.py
[2023-04-07T12:47:28.291+0000] {logging_mixin.py:137} INFO - [2023-04-07T12:47:28.291+0000] {taskmixin.py:211} WARNING - Dependency <Task(BashOperator): create_entry_group>, delete_entry_group already registered for DAG: example_complex
[2023-04-07T12:47:28.291+0000] {logging_mixin.py:137} INFO - [2023-04-07T12:47:28.291+0000] {taskmixin.py:211} WARNING - Dependency <Task(BashOperator): delete_entry_group>, create_entry_group already registered for DAG: example_complex
[2023-04-07T12:47:28.292+0000] {logging_mixin.py:137} INFO - [2023-04-07T12:47:28.291+0000] {taskmixin.py:211} WARNING - Dependency <Task(BashOperator): create_entry_gcs>, delete_entry already registered for DAG: example_complex
[2023-04-07T12:47:28.292+0000] {logging_mixin.py:137} INFO - [2023-04-07T12:47:28.292+0000] {taskmixin.py:211} WARNING - Dependency <Task(BashOperator): delete_entry>, create_entry_gcs already registered for DAG: example_complex
[2023-04-07T12:47:28.292+0000] {logging_mixin.py:137} INFO - [2023-04-07T12:47:28.292+0000] {taskmixin.py:211} WARNING - Dependency <Task(BashOperator): create_tag>, delete_tag already registered for DAG: example_complex
[2023-04-07T12:47:28.292+0000] {logging_mixin.py:137} INFO - [2023-04-07T12:47:28.292+0000] {taskmixin.py:211} WARNING - Dependency <Task(BashOperator): delete_tag>, create_tag already registered for DAG: example_complex
[2023-04-07T12:47:28.301+0000] {processor.py:753} INFO - DAG(s) dict_keys(['example_complex']) retrieved from /home/airflow/.local/lib/python3.7/site-packages/airflow/example_dags/example_complex.py
[2023-04-07T12:47:28.348+0000] {logging_mixin.py:137} INFO - [2023-04-07T12:47:28.348+0000] {dag.py:2705} INFO - Sync 1 DAGs
[2023-04-07T12:47:28.384+0000] {logging_mixin.py:137} INFO - [2023-04-07T12:47:28.384+0000] {dag.py:3456} INFO - Setting next_dagrun for example_complex to None, run_after=None
[2023-04-07T12:47:28.411+0000] {processor.py:175} INFO - Processing /home/airflow/.local/lib/python3.7/site-packages/airflow/example_dags/example_complex.py took 0.138 seconds
[2023-04-07T12:47:58.515+0000] {processor.py:153} INFO - Started process (PID=2909) to work on /home/airflow/.local/lib/python3.7/site-packages/airflow/example_dags/example_complex.py
[2023-04-07T12:47:58.516+0000] {processor.py:743} INFO - Processing file /home/airflow/.local/lib/python3.7/site-packages/airflow/example_dags/example_complex.py for tasks to queue
[2023-04-07T12:47:58.516+0000] {logging_mixin.py:137} INFO - [2023-04-07T12:47:58.516+0000] {dagbag.py:532} INFO - Filling up the DagBag from /home/airflow/.local/lib/python3.7/site-packages/airflow/example_dags/example_complex.py
[2023-04-07T12:47:58.531+0000] {logging_mixin.py:137} INFO - [2023-04-07T12:47:58.531+0000] {taskmixin.py:211} WARNING - Dependency <Task(BashOperator): create_entry_group>, delete_entry_group already registered for DAG: example_complex
[2023-04-07T12:47:58.531+0000] {logging_mixin.py:137} INFO - [2023-04-07T12:47:58.531+0000] {taskmixin.py:211} WARNING - Dependency <Task(BashOperator): delete_entry_group>, create_entry_group already registered for DAG: example_complex
[2023-04-07T12:47:58.532+0000] {logging_mixin.py:137} INFO - [2023-04-07T12:47:58.532+0000] {taskmixin.py:211} WARNING - Dependency <Task(BashOperator): create_entry_gcs>, delete_entry already registered for DAG: example_complex
[2023-04-07T12:47:58.532+0000] {logging_mixin.py:137} INFO - [2023-04-07T12:47:58.532+0000] {taskmixin.py:211} WARNING - Dependency <Task(BashOperator): delete_entry>, create_entry_gcs already registered for DAG: example_complex
[2023-04-07T12:47:58.533+0000] {logging_mixin.py:137} INFO - [2023-04-07T12:47:58.533+0000] {taskmixin.py:211} WARNING - Dependency <Task(BashOperator): create_tag>, delete_tag already registered for DAG: example_complex
[2023-04-07T12:47:58.533+0000] {logging_mixin.py:137} INFO - [2023-04-07T12:47:58.533+0000] {taskmixin.py:211} WARNING - Dependency <Task(BashOperator): delete_tag>, create_tag already registered for DAG: example_complex
[2023-04-07T12:47:58.542+0000] {processor.py:753} INFO - DAG(s) dict_keys(['example_complex']) retrieved from /home/airflow/.local/lib/python3.7/site-packages/airflow/example_dags/example_complex.py
[2023-04-07T12:47:58.591+0000] {logging_mixin.py:137} INFO - [2023-04-07T12:47:58.591+0000] {dag.py:2705} INFO - Sync 1 DAGs
[2023-04-07T12:47:58.635+0000] {logging_mixin.py:137} INFO - [2023-04-07T12:47:58.634+0000] {dag.py:3456} INFO - Setting next_dagrun for example_complex to None, run_after=None
[2023-04-07T12:47:58.656+0000] {processor.py:175} INFO - Processing /home/airflow/.local/lib/python3.7/site-packages/airflow/example_dags/example_complex.py took 0.144 seconds
[2023-04-07T12:48:28.798+0000] {processor.py:153} INFO - Started process (PID=3127) to work on /home/airflow/.local/lib/python3.7/site-packages/airflow/example_dags/example_complex.py
[2023-04-07T12:48:28.798+0000] {processor.py:743} INFO - Processing file /home/airflow/.local/lib/python3.7/site-packages/airflow/example_dags/example_complex.py for tasks to queue
[2023-04-07T12:48:28.799+0000] {logging_mixin.py:137} INFO - [2023-04-07T12:48:28.799+0000] {dagbag.py:532} INFO - Filling up the DagBag from /home/airflow/.local/lib/python3.7/site-packages/airflow/example_dags/example_complex.py
[2023-04-07T12:48:28.815+0000] {logging_mixin.py:137} INFO - [2023-04-07T12:48:28.814+0000] {taskmixin.py:211} WARNING - Dependency <Task(BashOperator): create_entry_group>, delete_entry_group already registered for DAG: example_complex
[2023-04-07T12:48:28.815+0000] {logging_mixin.py:137} INFO - [2023-04-07T12:48:28.815+0000] {taskmixin.py:211} WARNING - Dependency <Task(BashOperator): delete_entry_group>, create_entry_group already registered for DAG: example_complex
[2023-04-07T12:48:28.815+0000] {logging_mixin.py:137} INFO - [2023-04-07T12:48:28.815+0000] {taskmixin.py:211} WARNING - Dependency <Task(BashOperator): create_entry_gcs>, delete_entry already registered for DAG: example_complex
[2023-04-07T12:48:28.815+0000] {logging_mixin.py:137} INFO - [2023-04-07T12:48:28.815+0000] {taskmixin.py:211} WARNING - Dependency <Task(BashOperator): delete_entry>, create_entry_gcs already registered for DAG: example_complex
[2023-04-07T12:48:28.816+0000] {logging_mixin.py:137} INFO - [2023-04-07T12:48:28.816+0000] {taskmixin.py:211} WARNING - Dependency <Task(BashOperator): create_tag>, delete_tag already registered for DAG: example_complex
[2023-04-07T12:48:28.816+0000] {logging_mixin.py:137} INFO - [2023-04-07T12:48:28.816+0000] {taskmixin.py:211} WARNING - Dependency <Task(BashOperator): delete_tag>, create_tag already registered for DAG: example_complex
[2023-04-07T12:48:28.829+0000] {processor.py:753} INFO - DAG(s) dict_keys(['example_complex']) retrieved from /home/airflow/.local/lib/python3.7/site-packages/airflow/example_dags/example_complex.py
[2023-04-07T12:48:28.884+0000] {logging_mixin.py:137} INFO - [2023-04-07T12:48:28.884+0000] {dag.py:2705} INFO - Sync 1 DAGs
[2023-04-07T12:48:28.922+0000] {logging_mixin.py:137} INFO - [2023-04-07T12:48:28.922+0000] {dag.py:3456} INFO - Setting next_dagrun for example_complex to None, run_after=None
[2023-04-07T12:48:28.951+0000] {processor.py:175} INFO - Processing /home/airflow/.local/lib/python3.7/site-packages/airflow/example_dags/example_complex.py took 0.158 seconds
[2023-04-07T12:48:58.989+0000] {processor.py:153} INFO - Started process (PID=3345) to work on /home/airflow/.local/lib/python3.7/site-packages/airflow/example_dags/example_complex.py
[2023-04-07T12:48:58.990+0000] {processor.py:743} INFO - Processing file /home/airflow/.local/lib/python3.7/site-packages/airflow/example_dags/example_complex.py for tasks to queue
[2023-04-07T12:48:58.991+0000] {logging_mixin.py:137} INFO - [2023-04-07T12:48:58.990+0000] {dagbag.py:532} INFO - Filling up the DagBag from /home/airflow/.local/lib/python3.7/site-packages/airflow/example_dags/example_complex.py
[2023-04-07T12:48:59.006+0000] {logging_mixin.py:137} INFO - [2023-04-07T12:48:59.006+0000] {taskmixin.py:211} WARNING - Dependency <Task(BashOperator): create_entry_group>, delete_entry_group already registered for DAG: example_complex
[2023-04-07T12:48:59.007+0000] {logging_mixin.py:137} INFO - [2023-04-07T12:48:59.006+0000] {taskmixin.py:211} WARNING - Dependency <Task(BashOperator): delete_entry_group>, create_entry_group already registered for DAG: example_complex
[2023-04-07T12:48:59.007+0000] {logging_mixin.py:137} INFO - [2023-04-07T12:48:59.007+0000] {taskmixin.py:211} WARNING - Dependency <Task(BashOperator): create_entry_gcs>, delete_entry already registered for DAG: example_complex
[2023-04-07T12:48:59.007+0000] {logging_mixin.py:137} INFO - [2023-04-07T12:48:59.007+0000] {taskmixin.py:211} WARNING - Dependency <Task(BashOperator): delete_entry>, create_entry_gcs already registered for DAG: example_complex
[2023-04-07T12:48:59.008+0000] {logging_mixin.py:137} INFO - [2023-04-07T12:48:59.008+0000] {taskmixin.py:211} WARNING - Dependency <Task(BashOperator): create_tag>, delete_tag already registered for DAG: example_complex
[2023-04-07T12:48:59.008+0000] {logging_mixin.py:137} INFO - [2023-04-07T12:48:59.008+0000] {taskmixin.py:211} WARNING - Dependency <Task(BashOperator): delete_tag>, create_tag already registered for DAG: example_complex
[2023-04-07T12:48:59.017+0000] {processor.py:753} INFO - DAG(s) dict_keys(['example_complex']) retrieved from /home/airflow/.local/lib/python3.7/site-packages/airflow/example_dags/example_complex.py
[2023-04-07T12:48:59.061+0000] {logging_mixin.py:137} INFO - [2023-04-07T12:48:59.061+0000] {dag.py:2705} INFO - Sync 1 DAGs
[2023-04-07T12:48:59.097+0000] {logging_mixin.py:137} INFO - [2023-04-07T12:48:59.096+0000] {dag.py:3456} INFO - Setting next_dagrun for example_complex to None, run_after=None
[2023-04-07T12:48:59.115+0000] {processor.py:175} INFO - Processing /home/airflow/.local/lib/python3.7/site-packages/airflow/example_dags/example_complex.py took 0.128 seconds
