[2023-04-07T12:41:52.304+0000] {processor.py:153} INFO - Started process (PID=198) to work on /home/airflow/.local/lib/python3.7/site-packages/airflow/example_dags/example_python_operator.py
[2023-04-07T12:41:52.304+0000] {processor.py:743} INFO - Processing file /home/airflow/.local/lib/python3.7/site-packages/airflow/example_dags/example_python_operator.py for tasks to queue
[2023-04-07T12:41:52.305+0000] {logging_mixin.py:137} INFO - [2023-04-07T12:41:52.305+0000] {dagbag.py:532} INFO - Filling up the DagBag from /home/airflow/.local/lib/python3.7/site-packages/airflow/example_dags/example_python_operator.py
[2023-04-07T12:41:52.326+0000] {logging_mixin.py:137} INFO - [2023-04-07T12:41:52.326+0000] {taskmixin.py:211} WARNING - Dependency <Task(_PythonDecoratedOperator): print_the_context>, log_sql_query already registered for DAG: example_python_operator
[2023-04-07T12:41:52.327+0000] {logging_mixin.py:137} INFO - [2023-04-07T12:41:52.327+0000] {taskmixin.py:211} WARNING - Dependency <Task(_PythonDecoratedOperator): log_sql_query>, print_the_context already registered for DAG: example_python_operator
[2023-04-07T12:41:52.328+0000] {logging_mixin.py:137} INFO - [2023-04-07T12:41:52.328+0000] {taskmixin.py:211} WARNING - Dependency <Task(_PythonDecoratedOperator): print_the_context>, log_sql_query already registered for DAG: example_python_operator
[2023-04-07T12:41:52.328+0000] {logging_mixin.py:137} INFO - [2023-04-07T12:41:52.328+0000] {taskmixin.py:211} WARNING - Dependency <Task(_PythonDecoratedOperator): log_sql_query>, print_the_context already registered for DAG: example_python_operator
[2023-04-07T12:41:52.329+0000] {logging_mixin.py:137} INFO - [2023-04-07T12:41:52.329+0000] {taskmixin.py:211} WARNING - Dependency <Task(_PythonDecoratedOperator): print_the_context>, log_sql_query already registered for DAG: example_python_operator
[2023-04-07T12:41:52.330+0000] {logging_mixin.py:137} INFO - [2023-04-07T12:41:52.330+0000] {taskmixin.py:211} WARNING - Dependency <Task(_PythonDecoratedOperator): log_sql_query>, print_the_context already registered for DAG: example_python_operator
[2023-04-07T12:41:52.331+0000] {logging_mixin.py:137} INFO - [2023-04-07T12:41:52.331+0000] {taskmixin.py:211} WARNING - Dependency <Task(_PythonDecoratedOperator): print_the_context>, log_sql_query already registered for DAG: example_python_operator
[2023-04-07T12:41:52.331+0000] {logging_mixin.py:137} INFO - [2023-04-07T12:41:52.331+0000] {taskmixin.py:211} WARNING - Dependency <Task(_PythonDecoratedOperator): log_sql_query>, print_the_context already registered for DAG: example_python_operator
[2023-04-07T12:41:52.339+0000] {processor.py:753} INFO - DAG(s) dict_keys(['example_python_operator']) retrieved from /home/airflow/.local/lib/python3.7/site-packages/airflow/example_dags/example_python_operator.py
[2023-04-07T12:41:52.438+0000] {logging_mixin.py:137} INFO - [2023-04-07T12:41:52.438+0000] {dag.py:2705} INFO - Sync 1 DAGs
[2023-04-07T12:41:52.471+0000] {logging_mixin.py:137} INFO - [2023-04-07T12:41:52.471+0000] {dag.py:3456} INFO - Setting next_dagrun for example_python_operator to None, run_after=None
[2023-04-07T12:41:52.494+0000] {processor.py:175} INFO - Processing /home/airflow/.local/lib/python3.7/site-packages/airflow/example_dags/example_python_operator.py took 0.193 seconds
[2023-04-07T12:42:22.633+0000] {processor.py:153} INFO - Started process (PID=422) to work on /home/airflow/.local/lib/python3.7/site-packages/airflow/example_dags/example_python_operator.py
[2023-04-07T12:42:22.634+0000] {processor.py:743} INFO - Processing file /home/airflow/.local/lib/python3.7/site-packages/airflow/example_dags/example_python_operator.py for tasks to queue
[2023-04-07T12:42:22.635+0000] {logging_mixin.py:137} INFO - [2023-04-07T12:42:22.634+0000] {dagbag.py:532} INFO - Filling up the DagBag from /home/airflow/.local/lib/python3.7/site-packages/airflow/example_dags/example_python_operator.py
[2023-04-07T12:42:22.659+0000] {logging_mixin.py:137} INFO - [2023-04-07T12:42:22.659+0000] {taskmixin.py:211} WARNING - Dependency <Task(_PythonDecoratedOperator): print_the_context>, log_sql_query already registered for DAG: example_python_operator
[2023-04-07T12:42:22.659+0000] {logging_mixin.py:137} INFO - [2023-04-07T12:42:22.659+0000] {taskmixin.py:211} WARNING - Dependency <Task(_PythonDecoratedOperator): log_sql_query>, print_the_context already registered for DAG: example_python_operator
[2023-04-07T12:42:22.660+0000] {logging_mixin.py:137} INFO - [2023-04-07T12:42:22.660+0000] {taskmixin.py:211} WARNING - Dependency <Task(_PythonDecoratedOperator): print_the_context>, log_sql_query already registered for DAG: example_python_operator
[2023-04-07T12:42:22.661+0000] {logging_mixin.py:137} INFO - [2023-04-07T12:42:22.660+0000] {taskmixin.py:211} WARNING - Dependency <Task(_PythonDecoratedOperator): log_sql_query>, print_the_context already registered for DAG: example_python_operator
[2023-04-07T12:42:22.662+0000] {logging_mixin.py:137} INFO - [2023-04-07T12:42:22.661+0000] {taskmixin.py:211} WARNING - Dependency <Task(_PythonDecoratedOperator): print_the_context>, log_sql_query already registered for DAG: example_python_operator
[2023-04-07T12:42:22.662+0000] {logging_mixin.py:137} INFO - [2023-04-07T12:42:22.662+0000] {taskmixin.py:211} WARNING - Dependency <Task(_PythonDecoratedOperator): log_sql_query>, print_the_context already registered for DAG: example_python_operator
[2023-04-07T12:42:22.663+0000] {logging_mixin.py:137} INFO - [2023-04-07T12:42:22.663+0000] {taskmixin.py:211} WARNING - Dependency <Task(_PythonDecoratedOperator): print_the_context>, log_sql_query already registered for DAG: example_python_operator
[2023-04-07T12:42:22.663+0000] {logging_mixin.py:137} INFO - [2023-04-07T12:42:22.663+0000] {taskmixin.py:211} WARNING - Dependency <Task(_PythonDecoratedOperator): log_sql_query>, print_the_context already registered for DAG: example_python_operator
[2023-04-07T12:42:22.673+0000] {processor.py:753} INFO - DAG(s) dict_keys(['example_python_operator']) retrieved from /home/airflow/.local/lib/python3.7/site-packages/airflow/example_dags/example_python_operator.py
[2023-04-07T12:42:22.711+0000] {logging_mixin.py:137} INFO - [2023-04-07T12:42:22.711+0000] {dag.py:2705} INFO - Sync 1 DAGs
[2023-04-07T12:42:22.753+0000] {logging_mixin.py:137} INFO - [2023-04-07T12:42:22.752+0000] {dag.py:3456} INFO - Setting next_dagrun for example_python_operator to None, run_after=None
[2023-04-07T12:42:22.773+0000] {processor.py:175} INFO - Processing /home/airflow/.local/lib/python3.7/site-packages/airflow/example_dags/example_python_operator.py took 0.142 seconds
[2023-04-07T12:42:52.881+0000] {processor.py:153} INFO - Started process (PID=645) to work on /home/airflow/.local/lib/python3.7/site-packages/airflow/example_dags/example_python_operator.py
[2023-04-07T12:42:52.882+0000] {processor.py:743} INFO - Processing file /home/airflow/.local/lib/python3.7/site-packages/airflow/example_dags/example_python_operator.py for tasks to queue
[2023-04-07T12:42:52.882+0000] {logging_mixin.py:137} INFO - [2023-04-07T12:42:52.882+0000] {dagbag.py:532} INFO - Filling up the DagBag from /home/airflow/.local/lib/python3.7/site-packages/airflow/example_dags/example_python_operator.py
[2023-04-07T12:42:52.906+0000] {logging_mixin.py:137} INFO - [2023-04-07T12:42:52.906+0000] {taskmixin.py:211} WARNING - Dependency <Task(_PythonDecoratedOperator): print_the_context>, log_sql_query already registered for DAG: example_python_operator
[2023-04-07T12:42:52.907+0000] {logging_mixin.py:137} INFO - [2023-04-07T12:42:52.907+0000] {taskmixin.py:211} WARNING - Dependency <Task(_PythonDecoratedOperator): log_sql_query>, print_the_context already registered for DAG: example_python_operator
[2023-04-07T12:42:52.908+0000] {logging_mixin.py:137} INFO - [2023-04-07T12:42:52.908+0000] {taskmixin.py:211} WARNING - Dependency <Task(_PythonDecoratedOperator): print_the_context>, log_sql_query already registered for DAG: example_python_operator
[2023-04-07T12:42:52.908+0000] {logging_mixin.py:137} INFO - [2023-04-07T12:42:52.908+0000] {taskmixin.py:211} WARNING - Dependency <Task(_PythonDecoratedOperator): log_sql_query>, print_the_context already registered for DAG: example_python_operator
[2023-04-07T12:42:52.909+0000] {logging_mixin.py:137} INFO - [2023-04-07T12:42:52.909+0000] {taskmixin.py:211} WARNING - Dependency <Task(_PythonDecoratedOperator): print_the_context>, log_sql_query already registered for DAG: example_python_operator
[2023-04-07T12:42:52.909+0000] {logging_mixin.py:137} INFO - [2023-04-07T12:42:52.909+0000] {taskmixin.py:211} WARNING - Dependency <Task(_PythonDecoratedOperator): log_sql_query>, print_the_context already registered for DAG: example_python_operator
[2023-04-07T12:42:52.910+0000] {logging_mixin.py:137} INFO - [2023-04-07T12:42:52.910+0000] {taskmixin.py:211} WARNING - Dependency <Task(_PythonDecoratedOperator): print_the_context>, log_sql_query already registered for DAG: example_python_operator
[2023-04-07T12:42:52.910+0000] {logging_mixin.py:137} INFO - [2023-04-07T12:42:52.910+0000] {taskmixin.py:211} WARNING - Dependency <Task(_PythonDecoratedOperator): log_sql_query>, print_the_context already registered for DAG: example_python_operator
[2023-04-07T12:42:52.921+0000] {processor.py:753} INFO - DAG(s) dict_keys(['example_python_operator']) retrieved from /home/airflow/.local/lib/python3.7/site-packages/airflow/example_dags/example_python_operator.py
[2023-04-07T12:42:52.956+0000] {logging_mixin.py:137} INFO - [2023-04-07T12:42:52.956+0000] {dag.py:2705} INFO - Sync 1 DAGs
[2023-04-07T12:42:53.001+0000] {logging_mixin.py:137} INFO - [2023-04-07T12:42:53.001+0000] {dag.py:3456} INFO - Setting next_dagrun for example_python_operator to None, run_after=None
[2023-04-07T12:42:53.027+0000] {processor.py:175} INFO - Processing /home/airflow/.local/lib/python3.7/site-packages/airflow/example_dags/example_python_operator.py took 0.151 seconds
[2023-04-07T12:43:23.252+0000] {processor.py:153} INFO - Started process (PID=868) to work on /home/airflow/.local/lib/python3.7/site-packages/airflow/example_dags/example_python_operator.py
[2023-04-07T12:43:23.252+0000] {processor.py:743} INFO - Processing file /home/airflow/.local/lib/python3.7/site-packages/airflow/example_dags/example_python_operator.py for tasks to queue
[2023-04-07T12:43:23.253+0000] {logging_mixin.py:137} INFO - [2023-04-07T12:43:23.252+0000] {dagbag.py:532} INFO - Filling up the DagBag from /home/airflow/.local/lib/python3.7/site-packages/airflow/example_dags/example_python_operator.py
[2023-04-07T12:43:23.277+0000] {logging_mixin.py:137} INFO - [2023-04-07T12:43:23.277+0000] {taskmixin.py:211} WARNING - Dependency <Task(_PythonDecoratedOperator): print_the_context>, log_sql_query already registered for DAG: example_python_operator
[2023-04-07T12:43:23.277+0000] {logging_mixin.py:137} INFO - [2023-04-07T12:43:23.277+0000] {taskmixin.py:211} WARNING - Dependency <Task(_PythonDecoratedOperator): log_sql_query>, print_the_context already registered for DAG: example_python_operator
[2023-04-07T12:43:23.278+0000] {logging_mixin.py:137} INFO - [2023-04-07T12:43:23.278+0000] {taskmixin.py:211} WARNING - Dependency <Task(_PythonDecoratedOperator): print_the_context>, log_sql_query already registered for DAG: example_python_operator
[2023-04-07T12:43:23.278+0000] {logging_mixin.py:137} INFO - [2023-04-07T12:43:23.278+0000] {taskmixin.py:211} WARNING - Dependency <Task(_PythonDecoratedOperator): log_sql_query>, print_the_context already registered for DAG: example_python_operator
[2023-04-07T12:43:23.279+0000] {logging_mixin.py:137} INFO - [2023-04-07T12:43:23.279+0000] {taskmixin.py:211} WARNING - Dependency <Task(_PythonDecoratedOperator): print_the_context>, log_sql_query already registered for DAG: example_python_operator
[2023-04-07T12:43:23.280+0000] {logging_mixin.py:137} INFO - [2023-04-07T12:43:23.279+0000] {taskmixin.py:211} WARNING - Dependency <Task(_PythonDecoratedOperator): log_sql_query>, print_the_context already registered for DAG: example_python_operator
[2023-04-07T12:43:23.280+0000] {logging_mixin.py:137} INFO - [2023-04-07T12:43:23.280+0000] {taskmixin.py:211} WARNING - Dependency <Task(_PythonDecoratedOperator): print_the_context>, log_sql_query already registered for DAG: example_python_operator
[2023-04-07T12:43:23.281+0000] {logging_mixin.py:137} INFO - [2023-04-07T12:43:23.280+0000] {taskmixin.py:211} WARNING - Dependency <Task(_PythonDecoratedOperator): log_sql_query>, print_the_context already registered for DAG: example_python_operator
[2023-04-07T12:43:23.289+0000] {processor.py:753} INFO - DAG(s) dict_keys(['example_python_operator']) retrieved from /home/airflow/.local/lib/python3.7/site-packages/airflow/example_dags/example_python_operator.py
[2023-04-07T12:43:23.324+0000] {logging_mixin.py:137} INFO - [2023-04-07T12:43:23.323+0000] {dag.py:2705} INFO - Sync 1 DAGs
[2023-04-07T12:43:23.363+0000] {logging_mixin.py:137} INFO - [2023-04-07T12:43:23.363+0000] {dag.py:3456} INFO - Setting next_dagrun for example_python_operator to None, run_after=None
[2023-04-07T12:43:23.387+0000] {processor.py:175} INFO - Processing /home/airflow/.local/lib/python3.7/site-packages/airflow/example_dags/example_python_operator.py took 0.138 seconds
[2023-04-07T12:43:53.630+0000] {processor.py:153} INFO - Started process (PID=1091) to work on /home/airflow/.local/lib/python3.7/site-packages/airflow/example_dags/example_python_operator.py
[2023-04-07T12:43:53.631+0000] {processor.py:743} INFO - Processing file /home/airflow/.local/lib/python3.7/site-packages/airflow/example_dags/example_python_operator.py for tasks to queue
[2023-04-07T12:43:53.632+0000] {logging_mixin.py:137} INFO - [2023-04-07T12:43:53.632+0000] {dagbag.py:532} INFO - Filling up the DagBag from /home/airflow/.local/lib/python3.7/site-packages/airflow/example_dags/example_python_operator.py
[2023-04-07T12:43:53.652+0000] {logging_mixin.py:137} INFO - [2023-04-07T12:43:53.652+0000] {taskmixin.py:211} WARNING - Dependency <Task(_PythonDecoratedOperator): print_the_context>, log_sql_query already registered for DAG: example_python_operator
[2023-04-07T12:43:53.652+0000] {logging_mixin.py:137} INFO - [2023-04-07T12:43:53.652+0000] {taskmixin.py:211} WARNING - Dependency <Task(_PythonDecoratedOperator): log_sql_query>, print_the_context already registered for DAG: example_python_operator
[2023-04-07T12:43:53.653+0000] {logging_mixin.py:137} INFO - [2023-04-07T12:43:53.653+0000] {taskmixin.py:211} WARNING - Dependency <Task(_PythonDecoratedOperator): print_the_context>, log_sql_query already registered for DAG: example_python_operator
[2023-04-07T12:43:53.654+0000] {logging_mixin.py:137} INFO - [2023-04-07T12:43:53.653+0000] {taskmixin.py:211} WARNING - Dependency <Task(_PythonDecoratedOperator): log_sql_query>, print_the_context already registered for DAG: example_python_operator
[2023-04-07T12:43:53.655+0000] {logging_mixin.py:137} INFO - [2023-04-07T12:43:53.655+0000] {taskmixin.py:211} WARNING - Dependency <Task(_PythonDecoratedOperator): print_the_context>, log_sql_query already registered for DAG: example_python_operator
[2023-04-07T12:43:53.655+0000] {logging_mixin.py:137} INFO - [2023-04-07T12:43:53.655+0000] {taskmixin.py:211} WARNING - Dependency <Task(_PythonDecoratedOperator): log_sql_query>, print_the_context already registered for DAG: example_python_operator
[2023-04-07T12:43:53.656+0000] {logging_mixin.py:137} INFO - [2023-04-07T12:43:53.656+0000] {taskmixin.py:211} WARNING - Dependency <Task(_PythonDecoratedOperator): print_the_context>, log_sql_query already registered for DAG: example_python_operator
[2023-04-07T12:43:53.656+0000] {logging_mixin.py:137} INFO - [2023-04-07T12:43:53.656+0000] {taskmixin.py:211} WARNING - Dependency <Task(_PythonDecoratedOperator): log_sql_query>, print_the_context already registered for DAG: example_python_operator
[2023-04-07T12:43:53.666+0000] {processor.py:753} INFO - DAG(s) dict_keys(['example_python_operator']) retrieved from /home/airflow/.local/lib/python3.7/site-packages/airflow/example_dags/example_python_operator.py
[2023-04-07T12:43:53.702+0000] {logging_mixin.py:137} INFO - [2023-04-07T12:43:53.701+0000] {dag.py:2705} INFO - Sync 1 DAGs
[2023-04-07T12:43:53.745+0000] {logging_mixin.py:137} INFO - [2023-04-07T12:43:53.745+0000] {dag.py:3456} INFO - Setting next_dagrun for example_python_operator to None, run_after=None
[2023-04-07T12:43:53.769+0000] {processor.py:175} INFO - Processing /home/airflow/.local/lib/python3.7/site-packages/airflow/example_dags/example_python_operator.py took 0.142 seconds
[2023-04-07T12:44:23.946+0000] {processor.py:153} INFO - Started process (PID=1314) to work on /home/airflow/.local/lib/python3.7/site-packages/airflow/example_dags/example_python_operator.py
[2023-04-07T12:44:23.947+0000] {processor.py:743} INFO - Processing file /home/airflow/.local/lib/python3.7/site-packages/airflow/example_dags/example_python_operator.py for tasks to queue
[2023-04-07T12:44:23.947+0000] {logging_mixin.py:137} INFO - [2023-04-07T12:44:23.947+0000] {dagbag.py:532} INFO - Filling up the DagBag from /home/airflow/.local/lib/python3.7/site-packages/airflow/example_dags/example_python_operator.py
[2023-04-07T12:44:23.966+0000] {logging_mixin.py:137} INFO - [2023-04-07T12:44:23.966+0000] {taskmixin.py:211} WARNING - Dependency <Task(_PythonDecoratedOperator): print_the_context>, log_sql_query already registered for DAG: example_python_operator
[2023-04-07T12:44:23.966+0000] {logging_mixin.py:137} INFO - [2023-04-07T12:44:23.966+0000] {taskmixin.py:211} WARNING - Dependency <Task(_PythonDecoratedOperator): log_sql_query>, print_the_context already registered for DAG: example_python_operator
[2023-04-07T12:44:23.967+0000] {logging_mixin.py:137} INFO - [2023-04-07T12:44:23.967+0000] {taskmixin.py:211} WARNING - Dependency <Task(_PythonDecoratedOperator): print_the_context>, log_sql_query already registered for DAG: example_python_operator
[2023-04-07T12:44:23.967+0000] {logging_mixin.py:137} INFO - [2023-04-07T12:44:23.967+0000] {taskmixin.py:211} WARNING - Dependency <Task(_PythonDecoratedOperator): log_sql_query>, print_the_context already registered for DAG: example_python_operator
[2023-04-07T12:44:23.968+0000] {logging_mixin.py:137} INFO - [2023-04-07T12:44:23.968+0000] {taskmixin.py:211} WARNING - Dependency <Task(_PythonDecoratedOperator): print_the_context>, log_sql_query already registered for DAG: example_python_operator
[2023-04-07T12:44:23.969+0000] {logging_mixin.py:137} INFO - [2023-04-07T12:44:23.968+0000] {taskmixin.py:211} WARNING - Dependency <Task(_PythonDecoratedOperator): log_sql_query>, print_the_context already registered for DAG: example_python_operator
[2023-04-07T12:44:23.970+0000] {logging_mixin.py:137} INFO - [2023-04-07T12:44:23.970+0000] {taskmixin.py:211} WARNING - Dependency <Task(_PythonDecoratedOperator): print_the_context>, log_sql_query already registered for DAG: example_python_operator
[2023-04-07T12:44:23.970+0000] {logging_mixin.py:137} INFO - [2023-04-07T12:44:23.970+0000] {taskmixin.py:211} WARNING - Dependency <Task(_PythonDecoratedOperator): log_sql_query>, print_the_context already registered for DAG: example_python_operator
[2023-04-07T12:44:23.979+0000] {processor.py:753} INFO - DAG(s) dict_keys(['example_python_operator']) retrieved from /home/airflow/.local/lib/python3.7/site-packages/airflow/example_dags/example_python_operator.py
[2023-04-07T12:44:24.011+0000] {logging_mixin.py:137} INFO - [2023-04-07T12:44:24.011+0000] {dag.py:2705} INFO - Sync 1 DAGs
[2023-04-07T12:44:24.048+0000] {logging_mixin.py:137} INFO - [2023-04-07T12:44:24.048+0000] {dag.py:3456} INFO - Setting next_dagrun for example_python_operator to None, run_after=None
[2023-04-07T12:44:24.070+0000] {processor.py:175} INFO - Processing /home/airflow/.local/lib/python3.7/site-packages/airflow/example_dags/example_python_operator.py took 0.126 seconds
[2023-04-07T12:44:55.079+0000] {processor.py:153} INFO - Started process (PID=1538) to work on /home/airflow/.local/lib/python3.7/site-packages/airflow/example_dags/example_python_operator.py
[2023-04-07T12:44:55.080+0000] {processor.py:743} INFO - Processing file /home/airflow/.local/lib/python3.7/site-packages/airflow/example_dags/example_python_operator.py for tasks to queue
[2023-04-07T12:44:55.081+0000] {logging_mixin.py:137} INFO - [2023-04-07T12:44:55.080+0000] {dagbag.py:532} INFO - Filling up the DagBag from /home/airflow/.local/lib/python3.7/site-packages/airflow/example_dags/example_python_operator.py
[2023-04-07T12:44:55.102+0000] {logging_mixin.py:137} INFO - [2023-04-07T12:44:55.101+0000] {taskmixin.py:211} WARNING - Dependency <Task(_PythonDecoratedOperator): print_the_context>, log_sql_query already registered for DAG: example_python_operator
[2023-04-07T12:44:55.102+0000] {logging_mixin.py:137} INFO - [2023-04-07T12:44:55.102+0000] {taskmixin.py:211} WARNING - Dependency <Task(_PythonDecoratedOperator): log_sql_query>, print_the_context already registered for DAG: example_python_operator
[2023-04-07T12:44:55.103+0000] {logging_mixin.py:137} INFO - [2023-04-07T12:44:55.103+0000] {taskmixin.py:211} WARNING - Dependency <Task(_PythonDecoratedOperator): print_the_context>, log_sql_query already registered for DAG: example_python_operator
[2023-04-07T12:44:55.103+0000] {logging_mixin.py:137} INFO - [2023-04-07T12:44:55.103+0000] {taskmixin.py:211} WARNING - Dependency <Task(_PythonDecoratedOperator): log_sql_query>, print_the_context already registered for DAG: example_python_operator
[2023-04-07T12:44:55.104+0000] {logging_mixin.py:137} INFO - [2023-04-07T12:44:55.104+0000] {taskmixin.py:211} WARNING - Dependency <Task(_PythonDecoratedOperator): print_the_context>, log_sql_query already registered for DAG: example_python_operator
[2023-04-07T12:44:55.105+0000] {logging_mixin.py:137} INFO - [2023-04-07T12:44:55.105+0000] {taskmixin.py:211} WARNING - Dependency <Task(_PythonDecoratedOperator): log_sql_query>, print_the_context already registered for DAG: example_python_operator
[2023-04-07T12:44:55.105+0000] {logging_mixin.py:137} INFO - [2023-04-07T12:44:55.105+0000] {taskmixin.py:211} WARNING - Dependency <Task(_PythonDecoratedOperator): print_the_context>, log_sql_query already registered for DAG: example_python_operator
[2023-04-07T12:44:55.106+0000] {logging_mixin.py:137} INFO - [2023-04-07T12:44:55.106+0000] {taskmixin.py:211} WARNING - Dependency <Task(_PythonDecoratedOperator): log_sql_query>, print_the_context already registered for DAG: example_python_operator
[2023-04-07T12:44:55.114+0000] {processor.py:753} INFO - DAG(s) dict_keys(['example_python_operator']) retrieved from /home/airflow/.local/lib/python3.7/site-packages/airflow/example_dags/example_python_operator.py
[2023-04-07T12:44:55.152+0000] {logging_mixin.py:137} INFO - [2023-04-07T12:44:55.152+0000] {dag.py:2705} INFO - Sync 1 DAGs
[2023-04-07T12:44:55.193+0000] {logging_mixin.py:137} INFO - [2023-04-07T12:44:55.193+0000] {dag.py:3456} INFO - Setting next_dagrun for example_python_operator to None, run_after=None
[2023-04-07T12:44:55.217+0000] {processor.py:175} INFO - Processing /home/airflow/.local/lib/python3.7/site-packages/airflow/example_dags/example_python_operator.py took 0.141 seconds
[2023-04-07T12:45:25.366+0000] {processor.py:153} INFO - Started process (PID=1759) to work on /home/airflow/.local/lib/python3.7/site-packages/airflow/example_dags/example_python_operator.py
[2023-04-07T12:45:25.367+0000] {processor.py:743} INFO - Processing file /home/airflow/.local/lib/python3.7/site-packages/airflow/example_dags/example_python_operator.py for tasks to queue
[2023-04-07T12:45:25.368+0000] {logging_mixin.py:137} INFO - [2023-04-07T12:45:25.368+0000] {dagbag.py:532} INFO - Filling up the DagBag from /home/airflow/.local/lib/python3.7/site-packages/airflow/example_dags/example_python_operator.py
[2023-04-07T12:45:25.394+0000] {logging_mixin.py:137} INFO - [2023-04-07T12:45:25.393+0000] {taskmixin.py:211} WARNING - Dependency <Task(_PythonDecoratedOperator): print_the_context>, log_sql_query already registered for DAG: example_python_operator
[2023-04-07T12:45:25.394+0000] {logging_mixin.py:137} INFO - [2023-04-07T12:45:25.394+0000] {taskmixin.py:211} WARNING - Dependency <Task(_PythonDecoratedOperator): log_sql_query>, print_the_context already registered for DAG: example_python_operator
[2023-04-07T12:45:25.395+0000] {logging_mixin.py:137} INFO - [2023-04-07T12:45:25.395+0000] {taskmixin.py:211} WARNING - Dependency <Task(_PythonDecoratedOperator): print_the_context>, log_sql_query already registered for DAG: example_python_operator
[2023-04-07T12:45:25.395+0000] {logging_mixin.py:137} INFO - [2023-04-07T12:45:25.395+0000] {taskmixin.py:211} WARNING - Dependency <Task(_PythonDecoratedOperator): log_sql_query>, print_the_context already registered for DAG: example_python_operator
[2023-04-07T12:45:25.396+0000] {logging_mixin.py:137} INFO - [2023-04-07T12:45:25.396+0000] {taskmixin.py:211} WARNING - Dependency <Task(_PythonDecoratedOperator): print_the_context>, log_sql_query already registered for DAG: example_python_operator
[2023-04-07T12:45:25.397+0000] {logging_mixin.py:137} INFO - [2023-04-07T12:45:25.396+0000] {taskmixin.py:211} WARNING - Dependency <Task(_PythonDecoratedOperator): log_sql_query>, print_the_context already registered for DAG: example_python_operator
[2023-04-07T12:45:25.397+0000] {logging_mixin.py:137} INFO - [2023-04-07T12:45:25.397+0000] {taskmixin.py:211} WARNING - Dependency <Task(_PythonDecoratedOperator): print_the_context>, log_sql_query already registered for DAG: example_python_operator
[2023-04-07T12:45:25.398+0000] {logging_mixin.py:137} INFO - [2023-04-07T12:45:25.398+0000] {taskmixin.py:211} WARNING - Dependency <Task(_PythonDecoratedOperator): log_sql_query>, print_the_context already registered for DAG: example_python_operator
[2023-04-07T12:45:25.407+0000] {processor.py:753} INFO - DAG(s) dict_keys(['example_python_operator']) retrieved from /home/airflow/.local/lib/python3.7/site-packages/airflow/example_dags/example_python_operator.py
[2023-04-07T12:45:25.420+0000] {logging_mixin.py:137} INFO - [2023-04-07T12:45:25.419+0000] {dag.py:2705} INFO - Sync 1 DAGs
[2023-04-07T12:45:25.466+0000] {logging_mixin.py:137} INFO - [2023-04-07T12:45:25.466+0000] {dag.py:3456} INFO - Setting next_dagrun for example_python_operator to None, run_after=None
[2023-04-07T12:45:25.489+0000] {processor.py:175} INFO - Processing /home/airflow/.local/lib/python3.7/site-packages/airflow/example_dags/example_python_operator.py took 0.126 seconds
[2023-04-07T12:45:55.603+0000] {processor.py:153} INFO - Started process (PID=1984) to work on /home/airflow/.local/lib/python3.7/site-packages/airflow/example_dags/example_python_operator.py
[2023-04-07T12:45:55.604+0000] {processor.py:743} INFO - Processing file /home/airflow/.local/lib/python3.7/site-packages/airflow/example_dags/example_python_operator.py for tasks to queue
[2023-04-07T12:45:55.604+0000] {logging_mixin.py:137} INFO - [2023-04-07T12:45:55.604+0000] {dagbag.py:532} INFO - Filling up the DagBag from /home/airflow/.local/lib/python3.7/site-packages/airflow/example_dags/example_python_operator.py
[2023-04-07T12:45:55.622+0000] {logging_mixin.py:137} INFO - [2023-04-07T12:45:55.621+0000] {taskmixin.py:211} WARNING - Dependency <Task(_PythonDecoratedOperator): print_the_context>, log_sql_query already registered for DAG: example_python_operator
[2023-04-07T12:45:55.622+0000] {logging_mixin.py:137} INFO - [2023-04-07T12:45:55.622+0000] {taskmixin.py:211} WARNING - Dependency <Task(_PythonDecoratedOperator): log_sql_query>, print_the_context already registered for DAG: example_python_operator
[2023-04-07T12:45:55.623+0000] {logging_mixin.py:137} INFO - [2023-04-07T12:45:55.622+0000] {taskmixin.py:211} WARNING - Dependency <Task(_PythonDecoratedOperator): print_the_context>, log_sql_query already registered for DAG: example_python_operator
[2023-04-07T12:45:55.623+0000] {logging_mixin.py:137} INFO - [2023-04-07T12:45:55.623+0000] {taskmixin.py:211} WARNING - Dependency <Task(_PythonDecoratedOperator): log_sql_query>, print_the_context already registered for DAG: example_python_operator
[2023-04-07T12:45:55.624+0000] {logging_mixin.py:137} INFO - [2023-04-07T12:45:55.623+0000] {taskmixin.py:211} WARNING - Dependency <Task(_PythonDecoratedOperator): print_the_context>, log_sql_query already registered for DAG: example_python_operator
[2023-04-07T12:45:55.624+0000] {logging_mixin.py:137} INFO - [2023-04-07T12:45:55.624+0000] {taskmixin.py:211} WARNING - Dependency <Task(_PythonDecoratedOperator): log_sql_query>, print_the_context already registered for DAG: example_python_operator
[2023-04-07T12:45:55.625+0000] {logging_mixin.py:137} INFO - [2023-04-07T12:45:55.624+0000] {taskmixin.py:211} WARNING - Dependency <Task(_PythonDecoratedOperator): print_the_context>, log_sql_query already registered for DAG: example_python_operator
[2023-04-07T12:45:55.625+0000] {logging_mixin.py:137} INFO - [2023-04-07T12:45:55.625+0000] {taskmixin.py:211} WARNING - Dependency <Task(_PythonDecoratedOperator): log_sql_query>, print_the_context already registered for DAG: example_python_operator
[2023-04-07T12:45:55.632+0000] {processor.py:753} INFO - DAG(s) dict_keys(['example_python_operator']) retrieved from /home/airflow/.local/lib/python3.7/site-packages/airflow/example_dags/example_python_operator.py
[2023-04-07T12:45:55.720+0000] {logging_mixin.py:137} INFO - [2023-04-07T12:45:55.720+0000] {dag.py:2705} INFO - Sync 1 DAGs
[2023-04-07T12:45:55.751+0000] {logging_mixin.py:137} INFO - [2023-04-07T12:45:55.751+0000] {dag.py:3456} INFO - Setting next_dagrun for example_python_operator to None, run_after=None
[2023-04-07T12:45:55.771+0000] {processor.py:175} INFO - Processing /home/airflow/.local/lib/python3.7/site-packages/airflow/example_dags/example_python_operator.py took 0.171 seconds
[2023-04-07T12:46:26.286+0000] {processor.py:153} INFO - Started process (PID=2208) to work on /home/airflow/.local/lib/python3.7/site-packages/airflow/example_dags/example_python_operator.py
[2023-04-07T12:46:26.288+0000] {processor.py:743} INFO - Processing file /home/airflow/.local/lib/python3.7/site-packages/airflow/example_dags/example_python_operator.py for tasks to queue
[2023-04-07T12:46:26.289+0000] {logging_mixin.py:137} INFO - [2023-04-07T12:46:26.288+0000] {dagbag.py:532} INFO - Filling up the DagBag from /home/airflow/.local/lib/python3.7/site-packages/airflow/example_dags/example_python_operator.py
[2023-04-07T12:46:26.316+0000] {logging_mixin.py:137} INFO - [2023-04-07T12:46:26.315+0000] {taskmixin.py:211} WARNING - Dependency <Task(_PythonDecoratedOperator): print_the_context>, log_sql_query already registered for DAG: example_python_operator
[2023-04-07T12:46:26.316+0000] {logging_mixin.py:137} INFO - [2023-04-07T12:46:26.316+0000] {taskmixin.py:211} WARNING - Dependency <Task(_PythonDecoratedOperator): log_sql_query>, print_the_context already registered for DAG: example_python_operator
[2023-04-07T12:46:26.318+0000] {logging_mixin.py:137} INFO - [2023-04-07T12:46:26.317+0000] {taskmixin.py:211} WARNING - Dependency <Task(_PythonDecoratedOperator): print_the_context>, log_sql_query already registered for DAG: example_python_operator
[2023-04-07T12:46:26.318+0000] {logging_mixin.py:137} INFO - [2023-04-07T12:46:26.318+0000] {taskmixin.py:211} WARNING - Dependency <Task(_PythonDecoratedOperator): log_sql_query>, print_the_context already registered for DAG: example_python_operator
[2023-04-07T12:46:26.319+0000] {logging_mixin.py:137} INFO - [2023-04-07T12:46:26.319+0000] {taskmixin.py:211} WARNING - Dependency <Task(_PythonDecoratedOperator): print_the_context>, log_sql_query already registered for DAG: example_python_operator
[2023-04-07T12:46:26.320+0000] {logging_mixin.py:137} INFO - [2023-04-07T12:46:26.320+0000] {taskmixin.py:211} WARNING - Dependency <Task(_PythonDecoratedOperator): log_sql_query>, print_the_context already registered for DAG: example_python_operator
[2023-04-07T12:46:26.321+0000] {logging_mixin.py:137} INFO - [2023-04-07T12:46:26.321+0000] {taskmixin.py:211} WARNING - Dependency <Task(_PythonDecoratedOperator): print_the_context>, log_sql_query already registered for DAG: example_python_operator
[2023-04-07T12:46:26.321+0000] {logging_mixin.py:137} INFO - [2023-04-07T12:46:26.321+0000] {taskmixin.py:211} WARNING - Dependency <Task(_PythonDecoratedOperator): log_sql_query>, print_the_context already registered for DAG: example_python_operator
[2023-04-07T12:46:26.332+0000] {processor.py:753} INFO - DAG(s) dict_keys(['example_python_operator']) retrieved from /home/airflow/.local/lib/python3.7/site-packages/airflow/example_dags/example_python_operator.py
[2023-04-07T12:46:26.371+0000] {logging_mixin.py:137} INFO - [2023-04-07T12:46:26.371+0000] {dag.py:2705} INFO - Sync 1 DAGs
[2023-04-07T12:46:26.413+0000] {logging_mixin.py:137} INFO - [2023-04-07T12:46:26.412+0000] {dag.py:3456} INFO - Setting next_dagrun for example_python_operator to None, run_after=None
[2023-04-07T12:46:26.436+0000] {processor.py:175} INFO - Processing /home/airflow/.local/lib/python3.7/site-packages/airflow/example_dags/example_python_operator.py took 0.153 seconds
[2023-04-07T12:46:57.305+0000] {processor.py:153} INFO - Started process (PID=2431) to work on /home/airflow/.local/lib/python3.7/site-packages/airflow/example_dags/example_python_operator.py
[2023-04-07T12:46:57.306+0000] {processor.py:743} INFO - Processing file /home/airflow/.local/lib/python3.7/site-packages/airflow/example_dags/example_python_operator.py for tasks to queue
[2023-04-07T12:46:57.307+0000] {logging_mixin.py:137} INFO - [2023-04-07T12:46:57.307+0000] {dagbag.py:532} INFO - Filling up the DagBag from /home/airflow/.local/lib/python3.7/site-packages/airflow/example_dags/example_python_operator.py
[2023-04-07T12:46:57.328+0000] {logging_mixin.py:137} INFO - [2023-04-07T12:46:57.328+0000] {taskmixin.py:211} WARNING - Dependency <Task(_PythonDecoratedOperator): print_the_context>, log_sql_query already registered for DAG: example_python_operator
[2023-04-07T12:46:57.328+0000] {logging_mixin.py:137} INFO - [2023-04-07T12:46:57.328+0000] {taskmixin.py:211} WARNING - Dependency <Task(_PythonDecoratedOperator): log_sql_query>, print_the_context already registered for DAG: example_python_operator
[2023-04-07T12:46:57.329+0000] {logging_mixin.py:137} INFO - [2023-04-07T12:46:57.329+0000] {taskmixin.py:211} WARNING - Dependency <Task(_PythonDecoratedOperator): print_the_context>, log_sql_query already registered for DAG: example_python_operator
[2023-04-07T12:46:57.329+0000] {logging_mixin.py:137} INFO - [2023-04-07T12:46:57.329+0000] {taskmixin.py:211} WARNING - Dependency <Task(_PythonDecoratedOperator): log_sql_query>, print_the_context already registered for DAG: example_python_operator
[2023-04-07T12:46:57.331+0000] {logging_mixin.py:137} INFO - [2023-04-07T12:46:57.330+0000] {taskmixin.py:211} WARNING - Dependency <Task(_PythonDecoratedOperator): print_the_context>, log_sql_query already registered for DAG: example_python_operator
[2023-04-07T12:46:57.331+0000] {logging_mixin.py:137} INFO - [2023-04-07T12:46:57.331+0000] {taskmixin.py:211} WARNING - Dependency <Task(_PythonDecoratedOperator): log_sql_query>, print_the_context already registered for DAG: example_python_operator
[2023-04-07T12:46:57.332+0000] {logging_mixin.py:137} INFO - [2023-04-07T12:46:57.332+0000] {taskmixin.py:211} WARNING - Dependency <Task(_PythonDecoratedOperator): print_the_context>, log_sql_query already registered for DAG: example_python_operator
[2023-04-07T12:46:57.332+0000] {logging_mixin.py:137} INFO - [2023-04-07T12:46:57.332+0000] {taskmixin.py:211} WARNING - Dependency <Task(_PythonDecoratedOperator): log_sql_query>, print_the_context already registered for DAG: example_python_operator
[2023-04-07T12:46:57.340+0000] {processor.py:753} INFO - DAG(s) dict_keys(['example_python_operator']) retrieved from /home/airflow/.local/lib/python3.7/site-packages/airflow/example_dags/example_python_operator.py
[2023-04-07T12:46:57.373+0000] {logging_mixin.py:137} INFO - [2023-04-07T12:46:57.373+0000] {dag.py:2705} INFO - Sync 1 DAGs
[2023-04-07T12:46:57.413+0000] {logging_mixin.py:137} INFO - [2023-04-07T12:46:57.413+0000] {dag.py:3456} INFO - Setting next_dagrun for example_python_operator to None, run_after=None
[2023-04-07T12:46:57.433+0000] {processor.py:175} INFO - Processing /home/airflow/.local/lib/python3.7/site-packages/airflow/example_dags/example_python_operator.py took 0.131 seconds
