[2023-04-07T14:59:10.277+0000] {processor.py:153} INFO - Started process (PID=285) to work on /home/airflow/.local/lib/python3.7/site-packages/airflow/example_dags/example_dag_decorator.py
[2023-04-07T14:59:10.278+0000] {processor.py:743} INFO - Processing file /home/airflow/.local/lib/python3.7/site-packages/airflow/example_dags/example_dag_decorator.py for tasks to queue
[2023-04-07T14:59:10.278+0000] {logging_mixin.py:137} INFO - [2023-04-07T14:59:10.278+0000] {dagbag.py:532} INFO - Filling up the DagBag from /home/airflow/.local/lib/python3.7/site-packages/airflow/example_dags/example_dag_decorator.py
[2023-04-07T14:59:10.298+0000] {logging_mixin.py:137} INFO - [2023-04-07T14:59:10.298+0000] {taskmixin.py:211} WARNING - Dependency <Task(_PythonDecoratedOperator): prepare_email>, send_email already registered for DAG: example_dag_decorator
[2023-04-07T14:59:10.298+0000] {logging_mixin.py:137} INFO - [2023-04-07T14:59:10.298+0000] {taskmixin.py:211} WARNING - Dependency <Task(EmailOperator): send_email>, prepare_email already registered for DAG: example_dag_decorator
[2023-04-07T14:59:10.315+0000] {processor.py:753} INFO - DAG(s) dict_keys(['example_dag_decorator']) retrieved from /home/airflow/.local/lib/python3.7/site-packages/airflow/example_dags/example_dag_decorator.py
[2023-04-07T14:59:10.409+0000] {logging_mixin.py:137} INFO - [2023-04-07T14:59:10.409+0000] {dag.py:2705} INFO - Sync 1 DAGs
[2023-04-07T14:59:10.437+0000] {logging_mixin.py:137} INFO - [2023-04-07T14:59:10.437+0000] {dag.py:3456} INFO - Setting next_dagrun for example_dag_decorator to None, run_after=None
[2023-04-07T14:59:10.458+0000] {processor.py:175} INFO - Processing /home/airflow/.local/lib/python3.7/site-packages/airflow/example_dags/example_dag_decorator.py took 0.183 seconds
[2023-04-07T14:59:40.776+0000] {processor.py:153} INFO - Started process (PID=508) to work on /home/airflow/.local/lib/python3.7/site-packages/airflow/example_dags/example_dag_decorator.py
[2023-04-07T14:59:40.776+0000] {processor.py:743} INFO - Processing file /home/airflow/.local/lib/python3.7/site-packages/airflow/example_dags/example_dag_decorator.py for tasks to queue
[2023-04-07T14:59:40.777+0000] {logging_mixin.py:137} INFO - [2023-04-07T14:59:40.777+0000] {dagbag.py:532} INFO - Filling up the DagBag from /home/airflow/.local/lib/python3.7/site-packages/airflow/example_dags/example_dag_decorator.py
[2023-04-07T14:59:40.794+0000] {logging_mixin.py:137} INFO - [2023-04-07T14:59:40.794+0000] {taskmixin.py:211} WARNING - Dependency <Task(_PythonDecoratedOperator): prepare_email>, send_email already registered for DAG: example_dag_decorator
[2023-04-07T14:59:40.794+0000] {logging_mixin.py:137} INFO - [2023-04-07T14:59:40.794+0000] {taskmixin.py:211} WARNING - Dependency <Task(EmailOperator): send_email>, prepare_email already registered for DAG: example_dag_decorator
[2023-04-07T14:59:40.806+0000] {processor.py:753} INFO - DAG(s) dict_keys(['example_dag_decorator']) retrieved from /home/airflow/.local/lib/python3.7/site-packages/airflow/example_dags/example_dag_decorator.py
[2023-04-07T14:59:40.815+0000] {logging_mixin.py:137} INFO - [2023-04-07T14:59:40.815+0000] {dag.py:2705} INFO - Sync 1 DAGs
[2023-04-07T14:59:40.849+0000] {logging_mixin.py:137} INFO - [2023-04-07T14:59:40.848+0000] {dag.py:3456} INFO - Setting next_dagrun for example_dag_decorator to None, run_after=None
[2023-04-07T14:59:40.881+0000] {processor.py:175} INFO - Processing /home/airflow/.local/lib/python3.7/site-packages/airflow/example_dags/example_dag_decorator.py took 0.108 seconds
[2023-04-07T15:00:11.348+0000] {processor.py:153} INFO - Started process (PID=731) to work on /home/airflow/.local/lib/python3.7/site-packages/airflow/example_dags/example_dag_decorator.py
[2023-04-07T15:00:11.349+0000] {processor.py:743} INFO - Processing file /home/airflow/.local/lib/python3.7/site-packages/airflow/example_dags/example_dag_decorator.py for tasks to queue
[2023-04-07T15:00:11.349+0000] {logging_mixin.py:137} INFO - [2023-04-07T15:00:11.349+0000] {dagbag.py:532} INFO - Filling up the DagBag from /home/airflow/.local/lib/python3.7/site-packages/airflow/example_dags/example_dag_decorator.py
[2023-04-07T15:00:11.366+0000] {logging_mixin.py:137} INFO - [2023-04-07T15:00:11.366+0000] {taskmixin.py:211} WARNING - Dependency <Task(_PythonDecoratedOperator): prepare_email>, send_email already registered for DAG: example_dag_decorator
[2023-04-07T15:00:11.366+0000] {logging_mixin.py:137} INFO - [2023-04-07T15:00:11.366+0000] {taskmixin.py:211} WARNING - Dependency <Task(EmailOperator): send_email>, prepare_email already registered for DAG: example_dag_decorator
[2023-04-07T15:00:11.377+0000] {processor.py:753} INFO - DAG(s) dict_keys(['example_dag_decorator']) retrieved from /home/airflow/.local/lib/python3.7/site-packages/airflow/example_dags/example_dag_decorator.py
[2023-04-07T15:00:11.465+0000] {logging_mixin.py:137} INFO - [2023-04-07T15:00:11.465+0000] {dag.py:2705} INFO - Sync 1 DAGs
[2023-04-07T15:00:11.493+0000] {logging_mixin.py:137} INFO - [2023-04-07T15:00:11.492+0000] {dag.py:3456} INFO - Setting next_dagrun for example_dag_decorator to None, run_after=None
[2023-04-07T15:00:11.511+0000] {processor.py:175} INFO - Processing /home/airflow/.local/lib/python3.7/site-packages/airflow/example_dags/example_dag_decorator.py took 0.165 seconds
[2023-04-07T15:00:41.802+0000] {processor.py:153} INFO - Started process (PID=972) to work on /home/airflow/.local/lib/python3.7/site-packages/airflow/example_dags/example_dag_decorator.py
[2023-04-07T15:00:41.803+0000] {processor.py:743} INFO - Processing file /home/airflow/.local/lib/python3.7/site-packages/airflow/example_dags/example_dag_decorator.py for tasks to queue
[2023-04-07T15:00:41.803+0000] {logging_mixin.py:137} INFO - [2023-04-07T15:00:41.803+0000] {dagbag.py:532} INFO - Filling up the DagBag from /home/airflow/.local/lib/python3.7/site-packages/airflow/example_dags/example_dag_decorator.py
[2023-04-07T15:00:41.822+0000] {logging_mixin.py:137} INFO - [2023-04-07T15:00:41.821+0000] {taskmixin.py:211} WARNING - Dependency <Task(_PythonDecoratedOperator): prepare_email>, send_email already registered for DAG: example_dag_decorator
[2023-04-07T15:00:41.822+0000] {logging_mixin.py:137} INFO - [2023-04-07T15:00:41.822+0000] {taskmixin.py:211} WARNING - Dependency <Task(EmailOperator): send_email>, prepare_email already registered for DAG: example_dag_decorator
[2023-04-07T15:00:41.835+0000] {processor.py:753} INFO - DAG(s) dict_keys(['example_dag_decorator']) retrieved from /home/airflow/.local/lib/python3.7/site-packages/airflow/example_dags/example_dag_decorator.py
[2023-04-07T15:00:41.949+0000] {logging_mixin.py:137} INFO - [2023-04-07T15:00:41.949+0000] {dag.py:2705} INFO - Sync 1 DAGs
[2023-04-07T15:00:41.981+0000] {logging_mixin.py:137} INFO - [2023-04-07T15:00:41.981+0000] {dag.py:3456} INFO - Setting next_dagrun for example_dag_decorator to None, run_after=None
[2023-04-07T15:00:42.004+0000] {processor.py:175} INFO - Processing /home/airflow/.local/lib/python3.7/site-packages/airflow/example_dags/example_dag_decorator.py took 0.205 seconds
[2023-04-07T15:01:12.130+0000] {processor.py:153} INFO - Started process (PID=1197) to work on /home/airflow/.local/lib/python3.7/site-packages/airflow/example_dags/example_dag_decorator.py
[2023-04-07T15:01:12.131+0000] {processor.py:743} INFO - Processing file /home/airflow/.local/lib/python3.7/site-packages/airflow/example_dags/example_dag_decorator.py for tasks to queue
[2023-04-07T15:01:12.132+0000] {logging_mixin.py:137} INFO - [2023-04-07T15:01:12.132+0000] {dagbag.py:532} INFO - Filling up the DagBag from /home/airflow/.local/lib/python3.7/site-packages/airflow/example_dags/example_dag_decorator.py
[2023-04-07T15:01:12.151+0000] {logging_mixin.py:137} INFO - [2023-04-07T15:01:12.150+0000] {taskmixin.py:211} WARNING - Dependency <Task(_PythonDecoratedOperator): prepare_email>, send_email already registered for DAG: example_dag_decorator
[2023-04-07T15:01:12.151+0000] {logging_mixin.py:137} INFO - [2023-04-07T15:01:12.151+0000] {taskmixin.py:211} WARNING - Dependency <Task(EmailOperator): send_email>, prepare_email already registered for DAG: example_dag_decorator
[2023-04-07T15:01:12.164+0000] {processor.py:753} INFO - DAG(s) dict_keys(['example_dag_decorator']) retrieved from /home/airflow/.local/lib/python3.7/site-packages/airflow/example_dags/example_dag_decorator.py
[2023-04-07T15:01:12.264+0000] {logging_mixin.py:137} INFO - [2023-04-07T15:01:12.263+0000] {dag.py:2705} INFO - Sync 1 DAGs
[2023-04-07T15:01:12.295+0000] {logging_mixin.py:137} INFO - [2023-04-07T15:01:12.295+0000] {dag.py:3456} INFO - Setting next_dagrun for example_dag_decorator to None, run_after=None
[2023-04-07T15:01:12.321+0000] {processor.py:175} INFO - Processing /home/airflow/.local/lib/python3.7/site-packages/airflow/example_dags/example_dag_decorator.py took 0.193 seconds
[2023-04-07T15:01:42.387+0000] {processor.py:153} INFO - Started process (PID=1425) to work on /home/airflow/.local/lib/python3.7/site-packages/airflow/example_dags/example_dag_decorator.py
[2023-04-07T15:01:42.387+0000] {processor.py:743} INFO - Processing file /home/airflow/.local/lib/python3.7/site-packages/airflow/example_dags/example_dag_decorator.py for tasks to queue
[2023-04-07T15:01:42.388+0000] {logging_mixin.py:137} INFO - [2023-04-07T15:01:42.388+0000] {dagbag.py:532} INFO - Filling up the DagBag from /home/airflow/.local/lib/python3.7/site-packages/airflow/example_dags/example_dag_decorator.py
[2023-04-07T15:01:42.405+0000] {logging_mixin.py:137} INFO - [2023-04-07T15:01:42.404+0000] {taskmixin.py:211} WARNING - Dependency <Task(_PythonDecoratedOperator): prepare_email>, send_email already registered for DAG: example_dag_decorator
[2023-04-07T15:01:42.405+0000] {logging_mixin.py:137} INFO - [2023-04-07T15:01:42.405+0000] {taskmixin.py:211} WARNING - Dependency <Task(EmailOperator): send_email>, prepare_email already registered for DAG: example_dag_decorator
[2023-04-07T15:01:42.416+0000] {processor.py:753} INFO - DAG(s) dict_keys(['example_dag_decorator']) retrieved from /home/airflow/.local/lib/python3.7/site-packages/airflow/example_dags/example_dag_decorator.py
[2023-04-07T15:01:42.502+0000] {logging_mixin.py:137} INFO - [2023-04-07T15:01:42.502+0000] {dag.py:2705} INFO - Sync 1 DAGs
[2023-04-07T15:01:42.528+0000] {logging_mixin.py:137} INFO - [2023-04-07T15:01:42.528+0000] {dag.py:3456} INFO - Setting next_dagrun for example_dag_decorator to None, run_after=None
[2023-04-07T15:01:42.548+0000] {processor.py:175} INFO - Processing /home/airflow/.local/lib/python3.7/site-packages/airflow/example_dags/example_dag_decorator.py took 0.164 seconds
[2023-04-07T15:02:13.442+0000] {processor.py:153} INFO - Started process (PID=1657) to work on /home/airflow/.local/lib/python3.7/site-packages/airflow/example_dags/example_dag_decorator.py
[2023-04-07T15:02:13.443+0000] {processor.py:743} INFO - Processing file /home/airflow/.local/lib/python3.7/site-packages/airflow/example_dags/example_dag_decorator.py for tasks to queue
[2023-04-07T15:02:13.444+0000] {logging_mixin.py:137} INFO - [2023-04-07T15:02:13.444+0000] {dagbag.py:532} INFO - Filling up the DagBag from /home/airflow/.local/lib/python3.7/site-packages/airflow/example_dags/example_dag_decorator.py
[2023-04-07T15:02:13.464+0000] {logging_mixin.py:137} INFO - [2023-04-07T15:02:13.464+0000] {taskmixin.py:211} WARNING - Dependency <Task(_PythonDecoratedOperator): prepare_email>, send_email already registered for DAG: example_dag_decorator
[2023-04-07T15:02:13.464+0000] {logging_mixin.py:137} INFO - [2023-04-07T15:02:13.464+0000] {taskmixin.py:211} WARNING - Dependency <Task(EmailOperator): send_email>, prepare_email already registered for DAG: example_dag_decorator
[2023-04-07T15:02:13.476+0000] {processor.py:753} INFO - DAG(s) dict_keys(['example_dag_decorator']) retrieved from /home/airflow/.local/lib/python3.7/site-packages/airflow/example_dags/example_dag_decorator.py
[2023-04-07T15:02:13.562+0000] {logging_mixin.py:137} INFO - [2023-04-07T15:02:13.562+0000] {dag.py:2705} INFO - Sync 1 DAGs
[2023-04-07T15:02:13.590+0000] {logging_mixin.py:137} INFO - [2023-04-07T15:02:13.590+0000] {dag.py:3456} INFO - Setting next_dagrun for example_dag_decorator to None, run_after=None
[2023-04-07T15:02:13.608+0000] {processor.py:175} INFO - Processing /home/airflow/.local/lib/python3.7/site-packages/airflow/example_dags/example_dag_decorator.py took 0.169 seconds
[2023-04-07T15:02:43.642+0000] {processor.py:153} INFO - Started process (PID=1897) to work on /home/airflow/.local/lib/python3.7/site-packages/airflow/example_dags/example_dag_decorator.py
[2023-04-07T15:02:43.643+0000] {processor.py:743} INFO - Processing file /home/airflow/.local/lib/python3.7/site-packages/airflow/example_dags/example_dag_decorator.py for tasks to queue
[2023-04-07T15:02:43.643+0000] {logging_mixin.py:137} INFO - [2023-04-07T15:02:43.643+0000] {dagbag.py:532} INFO - Filling up the DagBag from /home/airflow/.local/lib/python3.7/site-packages/airflow/example_dags/example_dag_decorator.py
[2023-04-07T15:02:43.661+0000] {logging_mixin.py:137} INFO - [2023-04-07T15:02:43.660+0000] {taskmixin.py:211} WARNING - Dependency <Task(_PythonDecoratedOperator): prepare_email>, send_email already registered for DAG: example_dag_decorator
[2023-04-07T15:02:43.661+0000] {logging_mixin.py:137} INFO - [2023-04-07T15:02:43.661+0000] {taskmixin.py:211} WARNING - Dependency <Task(EmailOperator): send_email>, prepare_email already registered for DAG: example_dag_decorator
[2023-04-07T15:02:43.673+0000] {processor.py:753} INFO - DAG(s) dict_keys(['example_dag_decorator']) retrieved from /home/airflow/.local/lib/python3.7/site-packages/airflow/example_dags/example_dag_decorator.py
[2023-04-07T15:02:43.762+0000] {logging_mixin.py:137} INFO - [2023-04-07T15:02:43.761+0000] {dag.py:2705} INFO - Sync 1 DAGs
[2023-04-07T15:02:43.789+0000] {logging_mixin.py:137} INFO - [2023-04-07T15:02:43.789+0000] {dag.py:3456} INFO - Setting next_dagrun for example_dag_decorator to None, run_after=None
[2023-04-07T15:02:43.811+0000] {processor.py:175} INFO - Processing /home/airflow/.local/lib/python3.7/site-packages/airflow/example_dags/example_dag_decorator.py took 0.171 seconds
[2023-04-07T15:03:13.829+0000] {processor.py:153} INFO - Started process (PID=2125) to work on /home/airflow/.local/lib/python3.7/site-packages/airflow/example_dags/example_dag_decorator.py
[2023-04-07T15:03:13.830+0000] {processor.py:743} INFO - Processing file /home/airflow/.local/lib/python3.7/site-packages/airflow/example_dags/example_dag_decorator.py for tasks to queue
[2023-04-07T15:03:13.831+0000] {logging_mixin.py:137} INFO - [2023-04-07T15:03:13.831+0000] {dagbag.py:532} INFO - Filling up the DagBag from /home/airflow/.local/lib/python3.7/site-packages/airflow/example_dags/example_dag_decorator.py
[2023-04-07T15:03:13.848+0000] {logging_mixin.py:137} INFO - [2023-04-07T15:03:13.848+0000] {taskmixin.py:211} WARNING - Dependency <Task(_PythonDecoratedOperator): prepare_email>, send_email already registered for DAG: example_dag_decorator
[2023-04-07T15:03:13.848+0000] {logging_mixin.py:137} INFO - [2023-04-07T15:03:13.848+0000] {taskmixin.py:211} WARNING - Dependency <Task(EmailOperator): send_email>, prepare_email already registered for DAG: example_dag_decorator
[2023-04-07T15:03:13.861+0000] {processor.py:753} INFO - DAG(s) dict_keys(['example_dag_decorator']) retrieved from /home/airflow/.local/lib/python3.7/site-packages/airflow/example_dags/example_dag_decorator.py
[2023-04-07T15:03:13.955+0000] {logging_mixin.py:137} INFO - [2023-04-07T15:03:13.955+0000] {dag.py:2705} INFO - Sync 1 DAGs
[2023-04-07T15:03:13.982+0000] {logging_mixin.py:137} INFO - [2023-04-07T15:03:13.982+0000] {dag.py:3456} INFO - Setting next_dagrun for example_dag_decorator to None, run_after=None
[2023-04-07T15:03:14.001+0000] {processor.py:175} INFO - Processing /home/airflow/.local/lib/python3.7/site-packages/airflow/example_dags/example_dag_decorator.py took 0.174 seconds
[2023-04-07T15:03:44.137+0000] {processor.py:153} INFO - Started process (PID=2379) to work on /home/airflow/.local/lib/python3.7/site-packages/airflow/example_dags/example_dag_decorator.py
[2023-04-07T15:03:44.138+0000] {processor.py:743} INFO - Processing file /home/airflow/.local/lib/python3.7/site-packages/airflow/example_dags/example_dag_decorator.py for tasks to queue
[2023-04-07T15:03:44.139+0000] {logging_mixin.py:137} INFO - [2023-04-07T15:03:44.138+0000] {dagbag.py:532} INFO - Filling up the DagBag from /home/airflow/.local/lib/python3.7/site-packages/airflow/example_dags/example_dag_decorator.py
[2023-04-07T15:03:44.159+0000] {logging_mixin.py:137} INFO - [2023-04-07T15:03:44.159+0000] {taskmixin.py:211} WARNING - Dependency <Task(_PythonDecoratedOperator): prepare_email>, send_email already registered for DAG: example_dag_decorator
[2023-04-07T15:03:44.159+0000] {logging_mixin.py:137} INFO - [2023-04-07T15:03:44.159+0000] {taskmixin.py:211} WARNING - Dependency <Task(EmailOperator): send_email>, prepare_email already registered for DAG: example_dag_decorator
[2023-04-07T15:03:44.172+0000] {processor.py:753} INFO - DAG(s) dict_keys(['example_dag_decorator']) retrieved from /home/airflow/.local/lib/python3.7/site-packages/airflow/example_dags/example_dag_decorator.py
[2023-04-07T15:03:44.265+0000] {logging_mixin.py:137} INFO - [2023-04-07T15:03:44.265+0000] {dag.py:2705} INFO - Sync 1 DAGs
[2023-04-07T15:03:44.296+0000] {logging_mixin.py:137} INFO - [2023-04-07T15:03:44.296+0000] {dag.py:3456} INFO - Setting next_dagrun for example_dag_decorator to None, run_after=None
[2023-04-07T15:03:44.317+0000] {processor.py:175} INFO - Processing /home/airflow/.local/lib/python3.7/site-packages/airflow/example_dags/example_dag_decorator.py took 0.182 seconds
[2023-04-07T15:04:14.336+0000] {processor.py:153} INFO - Started process (PID=2638) to work on /home/airflow/.local/lib/python3.7/site-packages/airflow/example_dags/example_dag_decorator.py
[2023-04-07T15:04:14.337+0000] {processor.py:743} INFO - Processing file /home/airflow/.local/lib/python3.7/site-packages/airflow/example_dags/example_dag_decorator.py for tasks to queue
[2023-04-07T15:04:14.337+0000] {logging_mixin.py:137} INFO - [2023-04-07T15:04:14.337+0000] {dagbag.py:532} INFO - Filling up the DagBag from /home/airflow/.local/lib/python3.7/site-packages/airflow/example_dags/example_dag_decorator.py
[2023-04-07T15:04:14.356+0000] {logging_mixin.py:137} INFO - [2023-04-07T15:04:14.355+0000] {taskmixin.py:211} WARNING - Dependency <Task(_PythonDecoratedOperator): prepare_email>, send_email already registered for DAG: example_dag_decorator
[2023-04-07T15:04:14.356+0000] {logging_mixin.py:137} INFO - [2023-04-07T15:04:14.356+0000] {taskmixin.py:211} WARNING - Dependency <Task(EmailOperator): send_email>, prepare_email already registered for DAG: example_dag_decorator
[2023-04-07T15:04:14.369+0000] {processor.py:753} INFO - DAG(s) dict_keys(['example_dag_decorator']) retrieved from /home/airflow/.local/lib/python3.7/site-packages/airflow/example_dags/example_dag_decorator.py
[2023-04-07T15:04:14.468+0000] {logging_mixin.py:137} INFO - [2023-04-07T15:04:14.468+0000] {dag.py:2705} INFO - Sync 1 DAGs
[2023-04-07T15:04:14.501+0000] {logging_mixin.py:137} INFO - [2023-04-07T15:04:14.501+0000] {dag.py:3456} INFO - Setting next_dagrun for example_dag_decorator to None, run_after=None
[2023-04-07T15:04:14.530+0000] {processor.py:175} INFO - Processing /home/airflow/.local/lib/python3.7/site-packages/airflow/example_dags/example_dag_decorator.py took 0.197 seconds
[2023-04-07T15:04:44.698+0000] {processor.py:153} INFO - Started process (PID=2863) to work on /home/airflow/.local/lib/python3.7/site-packages/airflow/example_dags/example_dag_decorator.py
[2023-04-07T15:04:44.699+0000] {processor.py:743} INFO - Processing file /home/airflow/.local/lib/python3.7/site-packages/airflow/example_dags/example_dag_decorator.py for tasks to queue
[2023-04-07T15:04:44.700+0000] {logging_mixin.py:137} INFO - [2023-04-07T15:04:44.700+0000] {dagbag.py:532} INFO - Filling up the DagBag from /home/airflow/.local/lib/python3.7/site-packages/airflow/example_dags/example_dag_decorator.py
[2023-04-07T15:04:44.721+0000] {logging_mixin.py:137} INFO - [2023-04-07T15:04:44.721+0000] {taskmixin.py:211} WARNING - Dependency <Task(_PythonDecoratedOperator): prepare_email>, send_email already registered for DAG: example_dag_decorator
[2023-04-07T15:04:44.721+0000] {logging_mixin.py:137} INFO - [2023-04-07T15:04:44.721+0000] {taskmixin.py:211} WARNING - Dependency <Task(EmailOperator): send_email>, prepare_email already registered for DAG: example_dag_decorator
[2023-04-07T15:04:44.734+0000] {processor.py:753} INFO - DAG(s) dict_keys(['example_dag_decorator']) retrieved from /home/airflow/.local/lib/python3.7/site-packages/airflow/example_dags/example_dag_decorator.py
[2023-04-07T15:04:44.835+0000] {logging_mixin.py:137} INFO - [2023-04-07T15:04:44.835+0000] {dag.py:2705} INFO - Sync 1 DAGs
[2023-04-07T15:04:44.867+0000] {logging_mixin.py:137} INFO - [2023-04-07T15:04:44.866+0000] {dag.py:3456} INFO - Setting next_dagrun for example_dag_decorator to None, run_after=None
[2023-04-07T15:04:44.892+0000] {processor.py:175} INFO - Processing /home/airflow/.local/lib/python3.7/site-packages/airflow/example_dags/example_dag_decorator.py took 0.199 seconds
[2023-04-07T15:07:32.183+0000] {processor.py:153} INFO - Started process (PID=236) to work on /home/airflow/.local/lib/python3.7/site-packages/airflow/example_dags/example_dag_decorator.py
[2023-04-07T15:07:32.184+0000] {processor.py:743} INFO - Processing file /home/airflow/.local/lib/python3.7/site-packages/airflow/example_dags/example_dag_decorator.py for tasks to queue
[2023-04-07T15:07:32.184+0000] {logging_mixin.py:137} INFO - [2023-04-07T15:07:32.184+0000] {dagbag.py:532} INFO - Filling up the DagBag from /home/airflow/.local/lib/python3.7/site-packages/airflow/example_dags/example_dag_decorator.py
[2023-04-07T15:07:32.202+0000] {logging_mixin.py:137} INFO - [2023-04-07T15:07:32.202+0000] {taskmixin.py:211} WARNING - Dependency <Task(_PythonDecoratedOperator): prepare_email>, send_email already registered for DAG: example_dag_decorator
[2023-04-07T15:07:32.202+0000] {logging_mixin.py:137} INFO - [2023-04-07T15:07:32.202+0000] {taskmixin.py:211} WARNING - Dependency <Task(EmailOperator): send_email>, prepare_email already registered for DAG: example_dag_decorator
[2023-04-07T15:07:32.221+0000] {processor.py:753} INFO - DAG(s) dict_keys(['example_dag_decorator']) retrieved from /home/airflow/.local/lib/python3.7/site-packages/airflow/example_dags/example_dag_decorator.py
[2023-04-07T15:07:32.308+0000] {logging_mixin.py:137} INFO - [2023-04-07T15:07:32.308+0000] {dag.py:2705} INFO - Sync 1 DAGs
[2023-04-07T15:07:32.341+0000] {logging_mixin.py:137} INFO - [2023-04-07T15:07:32.341+0000] {dag.py:3456} INFO - Setting next_dagrun for example_dag_decorator to None, run_after=None
[2023-04-07T15:07:32.362+0000] {processor.py:175} INFO - Processing /home/airflow/.local/lib/python3.7/site-packages/airflow/example_dags/example_dag_decorator.py took 0.181 seconds
[2023-04-07T15:08:02.959+0000] {processor.py:153} INFO - Started process (PID=459) to work on /home/airflow/.local/lib/python3.7/site-packages/airflow/example_dags/example_dag_decorator.py
[2023-04-07T15:08:02.959+0000] {processor.py:743} INFO - Processing file /home/airflow/.local/lib/python3.7/site-packages/airflow/example_dags/example_dag_decorator.py for tasks to queue
[2023-04-07T15:08:02.959+0000] {logging_mixin.py:137} INFO - [2023-04-07T15:08:02.959+0000] {dagbag.py:532} INFO - Filling up the DagBag from /home/airflow/.local/lib/python3.7/site-packages/airflow/example_dags/example_dag_decorator.py
[2023-04-07T15:08:02.978+0000] {logging_mixin.py:137} INFO - [2023-04-07T15:08:02.978+0000] {taskmixin.py:211} WARNING - Dependency <Task(_PythonDecoratedOperator): prepare_email>, send_email already registered for DAG: example_dag_decorator
[2023-04-07T15:08:02.978+0000] {logging_mixin.py:137} INFO - [2023-04-07T15:08:02.978+0000] {taskmixin.py:211} WARNING - Dependency <Task(EmailOperator): send_email>, prepare_email already registered for DAG: example_dag_decorator
[2023-04-07T15:08:02.989+0000] {processor.py:753} INFO - DAG(s) dict_keys(['example_dag_decorator']) retrieved from /home/airflow/.local/lib/python3.7/site-packages/airflow/example_dags/example_dag_decorator.py
[2023-04-07T15:08:03.077+0000] {logging_mixin.py:137} INFO - [2023-04-07T15:08:03.077+0000] {dag.py:2705} INFO - Sync 1 DAGs
[2023-04-07T15:08:03.108+0000] {logging_mixin.py:137} INFO - [2023-04-07T15:08:03.108+0000] {dag.py:3456} INFO - Setting next_dagrun for example_dag_decorator to None, run_after=None
[2023-04-07T15:08:03.127+0000] {processor.py:175} INFO - Processing /home/airflow/.local/lib/python3.7/site-packages/airflow/example_dags/example_dag_decorator.py took 0.171 seconds
[2023-04-07T15:08:33.864+0000] {processor.py:153} INFO - Started process (PID=682) to work on /home/airflow/.local/lib/python3.7/site-packages/airflow/example_dags/example_dag_decorator.py
[2023-04-07T15:08:33.864+0000] {processor.py:743} INFO - Processing file /home/airflow/.local/lib/python3.7/site-packages/airflow/example_dags/example_dag_decorator.py for tasks to queue
[2023-04-07T15:08:33.865+0000] {logging_mixin.py:137} INFO - [2023-04-07T15:08:33.865+0000] {dagbag.py:532} INFO - Filling up the DagBag from /home/airflow/.local/lib/python3.7/site-packages/airflow/example_dags/example_dag_decorator.py
[2023-04-07T15:08:33.883+0000] {logging_mixin.py:137} INFO - [2023-04-07T15:08:33.883+0000] {taskmixin.py:211} WARNING - Dependency <Task(_PythonDecoratedOperator): prepare_email>, send_email already registered for DAG: example_dag_decorator
[2023-04-07T15:08:33.884+0000] {logging_mixin.py:137} INFO - [2023-04-07T15:08:33.884+0000] {taskmixin.py:211} WARNING - Dependency <Task(EmailOperator): send_email>, prepare_email already registered for DAG: example_dag_decorator
[2023-04-07T15:08:33.899+0000] {processor.py:753} INFO - DAG(s) dict_keys(['example_dag_decorator']) retrieved from /home/airflow/.local/lib/python3.7/site-packages/airflow/example_dags/example_dag_decorator.py
[2023-04-07T15:08:34.011+0000] {logging_mixin.py:137} INFO - [2023-04-07T15:08:34.011+0000] {dag.py:2705} INFO - Sync 1 DAGs
[2023-04-07T15:08:34.046+0000] {logging_mixin.py:137} INFO - [2023-04-07T15:08:34.046+0000] {dag.py:3456} INFO - Setting next_dagrun for example_dag_decorator to None, run_after=None
[2023-04-07T15:08:34.074+0000] {processor.py:175} INFO - Processing /home/airflow/.local/lib/python3.7/site-packages/airflow/example_dags/example_dag_decorator.py took 0.214 seconds
[2023-04-07T15:09:04.563+0000] {processor.py:153} INFO - Started process (PID=908) to work on /home/airflow/.local/lib/python3.7/site-packages/airflow/example_dags/example_dag_decorator.py
[2023-04-07T15:09:04.563+0000] {processor.py:743} INFO - Processing file /home/airflow/.local/lib/python3.7/site-packages/airflow/example_dags/example_dag_decorator.py for tasks to queue
[2023-04-07T15:09:04.564+0000] {logging_mixin.py:137} INFO - [2023-04-07T15:09:04.563+0000] {dagbag.py:532} INFO - Filling up the DagBag from /home/airflow/.local/lib/python3.7/site-packages/airflow/example_dags/example_dag_decorator.py
[2023-04-07T15:09:04.586+0000] {logging_mixin.py:137} INFO - [2023-04-07T15:09:04.586+0000] {taskmixin.py:211} WARNING - Dependency <Task(_PythonDecoratedOperator): prepare_email>, send_email already registered for DAG: example_dag_decorator
[2023-04-07T15:09:04.586+0000] {logging_mixin.py:137} INFO - [2023-04-07T15:09:04.586+0000] {taskmixin.py:211} WARNING - Dependency <Task(EmailOperator): send_email>, prepare_email already registered for DAG: example_dag_decorator
[2023-04-07T15:09:04.601+0000] {processor.py:753} INFO - DAG(s) dict_keys(['example_dag_decorator']) retrieved from /home/airflow/.local/lib/python3.7/site-packages/airflow/example_dags/example_dag_decorator.py
[2023-04-07T15:09:04.713+0000] {logging_mixin.py:137} INFO - [2023-04-07T15:09:04.712+0000] {dag.py:2705} INFO - Sync 1 DAGs
[2023-04-07T15:09:04.753+0000] {logging_mixin.py:137} INFO - [2023-04-07T15:09:04.753+0000] {dag.py:3456} INFO - Setting next_dagrun for example_dag_decorator to None, run_after=None
[2023-04-07T15:09:04.781+0000] {processor.py:175} INFO - Processing /home/airflow/.local/lib/python3.7/site-packages/airflow/example_dags/example_dag_decorator.py took 0.222 seconds
[2023-04-07T15:09:35.028+0000] {processor.py:153} INFO - Started process (PID=1143) to work on /home/airflow/.local/lib/python3.7/site-packages/airflow/example_dags/example_dag_decorator.py
[2023-04-07T15:09:35.029+0000] {processor.py:743} INFO - Processing file /home/airflow/.local/lib/python3.7/site-packages/airflow/example_dags/example_dag_decorator.py for tasks to queue
[2023-04-07T15:09:35.030+0000] {logging_mixin.py:137} INFO - [2023-04-07T15:09:35.029+0000] {dagbag.py:532} INFO - Filling up the DagBag from /home/airflow/.local/lib/python3.7/site-packages/airflow/example_dags/example_dag_decorator.py
[2023-04-07T15:09:35.049+0000] {logging_mixin.py:137} INFO - [2023-04-07T15:09:35.049+0000] {taskmixin.py:211} WARNING - Dependency <Task(_PythonDecoratedOperator): prepare_email>, send_email already registered for DAG: example_dag_decorator
[2023-04-07T15:09:35.050+0000] {logging_mixin.py:137} INFO - [2023-04-07T15:09:35.049+0000] {taskmixin.py:211} WARNING - Dependency <Task(EmailOperator): send_email>, prepare_email already registered for DAG: example_dag_decorator
[2023-04-07T15:09:35.062+0000] {processor.py:753} INFO - DAG(s) dict_keys(['example_dag_decorator']) retrieved from /home/airflow/.local/lib/python3.7/site-packages/airflow/example_dags/example_dag_decorator.py
[2023-04-07T15:09:35.162+0000] {logging_mixin.py:137} INFO - [2023-04-07T15:09:35.162+0000] {dag.py:2705} INFO - Sync 1 DAGs
[2023-04-07T15:09:35.202+0000] {logging_mixin.py:137} INFO - [2023-04-07T15:09:35.201+0000] {dag.py:3456} INFO - Setting next_dagrun for example_dag_decorator to None, run_after=None
[2023-04-07T15:09:35.227+0000] {processor.py:175} INFO - Processing /home/airflow/.local/lib/python3.7/site-packages/airflow/example_dags/example_dag_decorator.py took 0.201 seconds
[2023-04-07T15:10:05.651+0000] {processor.py:153} INFO - Started process (PID=1366) to work on /home/airflow/.local/lib/python3.7/site-packages/airflow/example_dags/example_dag_decorator.py
[2023-04-07T15:10:05.652+0000] {processor.py:743} INFO - Processing file /home/airflow/.local/lib/python3.7/site-packages/airflow/example_dags/example_dag_decorator.py for tasks to queue
[2023-04-07T15:10:05.652+0000] {logging_mixin.py:137} INFO - [2023-04-07T15:10:05.652+0000] {dagbag.py:532} INFO - Filling up the DagBag from /home/airflow/.local/lib/python3.7/site-packages/airflow/example_dags/example_dag_decorator.py
[2023-04-07T15:10:05.673+0000] {logging_mixin.py:137} INFO - [2023-04-07T15:10:05.673+0000] {taskmixin.py:211} WARNING - Dependency <Task(_PythonDecoratedOperator): prepare_email>, send_email already registered for DAG: example_dag_decorator
[2023-04-07T15:10:05.673+0000] {logging_mixin.py:137} INFO - [2023-04-07T15:10:05.673+0000] {taskmixin.py:211} WARNING - Dependency <Task(EmailOperator): send_email>, prepare_email already registered for DAG: example_dag_decorator
[2023-04-07T15:10:05.688+0000] {processor.py:753} INFO - DAG(s) dict_keys(['example_dag_decorator']) retrieved from /home/airflow/.local/lib/python3.7/site-packages/airflow/example_dags/example_dag_decorator.py
[2023-04-07T15:10:05.810+0000] {logging_mixin.py:137} INFO - [2023-04-07T15:10:05.810+0000] {dag.py:2705} INFO - Sync 1 DAGs
[2023-04-07T15:10:05.853+0000] {logging_mixin.py:137} INFO - [2023-04-07T15:10:05.853+0000] {dag.py:3456} INFO - Setting next_dagrun for example_dag_decorator to None, run_after=None
[2023-04-07T15:10:05.878+0000] {processor.py:175} INFO - Processing /home/airflow/.local/lib/python3.7/site-packages/airflow/example_dags/example_dag_decorator.py took 0.231 seconds
[2023-04-07T15:10:36.657+0000] {processor.py:153} INFO - Started process (PID=1588) to work on /home/airflow/.local/lib/python3.7/site-packages/airflow/example_dags/example_dag_decorator.py
[2023-04-07T15:10:36.657+0000] {processor.py:743} INFO - Processing file /home/airflow/.local/lib/python3.7/site-packages/airflow/example_dags/example_dag_decorator.py for tasks to queue
[2023-04-07T15:10:36.658+0000] {logging_mixin.py:137} INFO - [2023-04-07T15:10:36.658+0000] {dagbag.py:532} INFO - Filling up the DagBag from /home/airflow/.local/lib/python3.7/site-packages/airflow/example_dags/example_dag_decorator.py
[2023-04-07T15:10:36.675+0000] {logging_mixin.py:137} INFO - [2023-04-07T15:10:36.675+0000] {taskmixin.py:211} WARNING - Dependency <Task(_PythonDecoratedOperator): prepare_email>, send_email already registered for DAG: example_dag_decorator
[2023-04-07T15:10:36.676+0000] {logging_mixin.py:137} INFO - [2023-04-07T15:10:36.675+0000] {taskmixin.py:211} WARNING - Dependency <Task(EmailOperator): send_email>, prepare_email already registered for DAG: example_dag_decorator
[2023-04-07T15:10:36.688+0000] {processor.py:753} INFO - DAG(s) dict_keys(['example_dag_decorator']) retrieved from /home/airflow/.local/lib/python3.7/site-packages/airflow/example_dags/example_dag_decorator.py
[2023-04-07T15:10:36.802+0000] {logging_mixin.py:137} INFO - [2023-04-07T15:10:36.801+0000] {dag.py:2705} INFO - Sync 1 DAGs
[2023-04-07T15:10:36.838+0000] {logging_mixin.py:137} INFO - [2023-04-07T15:10:36.838+0000] {dag.py:3456} INFO - Setting next_dagrun for example_dag_decorator to None, run_after=None
[2023-04-07T15:10:36.862+0000] {processor.py:175} INFO - Processing /home/airflow/.local/lib/python3.7/site-packages/airflow/example_dags/example_dag_decorator.py took 0.208 seconds
[2023-04-07T15:11:06.912+0000] {processor.py:153} INFO - Started process (PID=1811) to work on /home/airflow/.local/lib/python3.7/site-packages/airflow/example_dags/example_dag_decorator.py
[2023-04-07T15:11:06.913+0000] {processor.py:743} INFO - Processing file /home/airflow/.local/lib/python3.7/site-packages/airflow/example_dags/example_dag_decorator.py for tasks to queue
[2023-04-07T15:11:06.914+0000] {logging_mixin.py:137} INFO - [2023-04-07T15:11:06.913+0000] {dagbag.py:532} INFO - Filling up the DagBag from /home/airflow/.local/lib/python3.7/site-packages/airflow/example_dags/example_dag_decorator.py
[2023-04-07T15:11:06.931+0000] {logging_mixin.py:137} INFO - [2023-04-07T15:11:06.931+0000] {taskmixin.py:211} WARNING - Dependency <Task(_PythonDecoratedOperator): prepare_email>, send_email already registered for DAG: example_dag_decorator
[2023-04-07T15:11:06.931+0000] {logging_mixin.py:137} INFO - [2023-04-07T15:11:06.931+0000] {taskmixin.py:211} WARNING - Dependency <Task(EmailOperator): send_email>, prepare_email already registered for DAG: example_dag_decorator
[2023-04-07T15:11:06.944+0000] {processor.py:753} INFO - DAG(s) dict_keys(['example_dag_decorator']) retrieved from /home/airflow/.local/lib/python3.7/site-packages/airflow/example_dags/example_dag_decorator.py
[2023-04-07T15:11:07.041+0000] {logging_mixin.py:137} INFO - [2023-04-07T15:11:07.041+0000] {dag.py:2705} INFO - Sync 1 DAGs
[2023-04-07T15:11:07.078+0000] {logging_mixin.py:137} INFO - [2023-04-07T15:11:07.078+0000] {dag.py:3456} INFO - Setting next_dagrun for example_dag_decorator to None, run_after=None
[2023-04-07T15:11:07.107+0000] {processor.py:175} INFO - Processing /home/airflow/.local/lib/python3.7/site-packages/airflow/example_dags/example_dag_decorator.py took 0.197 seconds
[2023-04-07T15:11:37.283+0000] {processor.py:153} INFO - Started process (PID=2034) to work on /home/airflow/.local/lib/python3.7/site-packages/airflow/example_dags/example_dag_decorator.py
[2023-04-07T15:11:37.283+0000] {processor.py:743} INFO - Processing file /home/airflow/.local/lib/python3.7/site-packages/airflow/example_dags/example_dag_decorator.py for tasks to queue
[2023-04-07T15:11:37.284+0000] {logging_mixin.py:137} INFO - [2023-04-07T15:11:37.284+0000] {dagbag.py:532} INFO - Filling up the DagBag from /home/airflow/.local/lib/python3.7/site-packages/airflow/example_dags/example_dag_decorator.py
[2023-04-07T15:11:37.305+0000] {logging_mixin.py:137} INFO - [2023-04-07T15:11:37.305+0000] {taskmixin.py:211} WARNING - Dependency <Task(_PythonDecoratedOperator): prepare_email>, send_email already registered for DAG: example_dag_decorator
[2023-04-07T15:11:37.305+0000] {logging_mixin.py:137} INFO - [2023-04-07T15:11:37.305+0000] {taskmixin.py:211} WARNING - Dependency <Task(EmailOperator): send_email>, prepare_email already registered for DAG: example_dag_decorator
[2023-04-07T15:11:37.319+0000] {processor.py:753} INFO - DAG(s) dict_keys(['example_dag_decorator']) retrieved from /home/airflow/.local/lib/python3.7/site-packages/airflow/example_dags/example_dag_decorator.py
[2023-04-07T15:11:37.421+0000] {logging_mixin.py:137} INFO - [2023-04-07T15:11:37.420+0000] {dag.py:2705} INFO - Sync 1 DAGs
[2023-04-07T15:11:37.458+0000] {logging_mixin.py:137} INFO - [2023-04-07T15:11:37.458+0000] {dag.py:3456} INFO - Setting next_dagrun for example_dag_decorator to None, run_after=None
[2023-04-07T15:11:37.482+0000] {processor.py:175} INFO - Processing /home/airflow/.local/lib/python3.7/site-packages/airflow/example_dags/example_dag_decorator.py took 0.202 seconds
[2023-04-07T15:12:07.525+0000] {processor.py:153} INFO - Started process (PID=2262) to work on /home/airflow/.local/lib/python3.7/site-packages/airflow/example_dags/example_dag_decorator.py
[2023-04-07T15:12:07.526+0000] {processor.py:743} INFO - Processing file /home/airflow/.local/lib/python3.7/site-packages/airflow/example_dags/example_dag_decorator.py for tasks to queue
[2023-04-07T15:12:07.526+0000] {logging_mixin.py:137} INFO - [2023-04-07T15:12:07.526+0000] {dagbag.py:532} INFO - Filling up the DagBag from /home/airflow/.local/lib/python3.7/site-packages/airflow/example_dags/example_dag_decorator.py
[2023-04-07T15:12:07.545+0000] {logging_mixin.py:137} INFO - [2023-04-07T15:12:07.545+0000] {taskmixin.py:211} WARNING - Dependency <Task(_PythonDecoratedOperator): prepare_email>, send_email already registered for DAG: example_dag_decorator
[2023-04-07T15:12:07.545+0000] {logging_mixin.py:137} INFO - [2023-04-07T15:12:07.545+0000] {taskmixin.py:211} WARNING - Dependency <Task(EmailOperator): send_email>, prepare_email already registered for DAG: example_dag_decorator
[2023-04-07T15:12:07.557+0000] {processor.py:753} INFO - DAG(s) dict_keys(['example_dag_decorator']) retrieved from /home/airflow/.local/lib/python3.7/site-packages/airflow/example_dags/example_dag_decorator.py
[2023-04-07T15:12:07.660+0000] {logging_mixin.py:137} INFO - [2023-04-07T15:12:07.660+0000] {dag.py:2705} INFO - Sync 1 DAGs
[2023-04-07T15:12:07.698+0000] {logging_mixin.py:137} INFO - [2023-04-07T15:12:07.697+0000] {dag.py:3456} INFO - Setting next_dagrun for example_dag_decorator to None, run_after=None
[2023-04-07T15:12:07.730+0000] {processor.py:175} INFO - Processing /home/airflow/.local/lib/python3.7/site-packages/airflow/example_dags/example_dag_decorator.py took 0.209 seconds
[2023-04-07T15:12:38.153+0000] {processor.py:153} INFO - Started process (PID=2485) to work on /home/airflow/.local/lib/python3.7/site-packages/airflow/example_dags/example_dag_decorator.py
[2023-04-07T15:12:38.153+0000] {processor.py:743} INFO - Processing file /home/airflow/.local/lib/python3.7/site-packages/airflow/example_dags/example_dag_decorator.py for tasks to queue
[2023-04-07T15:12:38.154+0000] {logging_mixin.py:137} INFO - [2023-04-07T15:12:38.154+0000] {dagbag.py:532} INFO - Filling up the DagBag from /home/airflow/.local/lib/python3.7/site-packages/airflow/example_dags/example_dag_decorator.py
[2023-04-07T15:12:38.173+0000] {logging_mixin.py:137} INFO - [2023-04-07T15:12:38.173+0000] {taskmixin.py:211} WARNING - Dependency <Task(_PythonDecoratedOperator): prepare_email>, send_email already registered for DAG: example_dag_decorator
[2023-04-07T15:12:38.173+0000] {logging_mixin.py:137} INFO - [2023-04-07T15:12:38.173+0000] {taskmixin.py:211} WARNING - Dependency <Task(EmailOperator): send_email>, prepare_email already registered for DAG: example_dag_decorator
[2023-04-07T15:12:38.185+0000] {processor.py:753} INFO - DAG(s) dict_keys(['example_dag_decorator']) retrieved from /home/airflow/.local/lib/python3.7/site-packages/airflow/example_dags/example_dag_decorator.py
[2023-04-07T15:12:38.292+0000] {logging_mixin.py:137} INFO - [2023-04-07T15:12:38.292+0000] {dag.py:2705} INFO - Sync 1 DAGs
[2023-04-07T15:12:38.337+0000] {logging_mixin.py:137} INFO - [2023-04-07T15:12:38.337+0000] {dag.py:3456} INFO - Setting next_dagrun for example_dag_decorator to None, run_after=None
[2023-04-07T15:12:38.375+0000] {processor.py:175} INFO - Processing /home/airflow/.local/lib/python3.7/site-packages/airflow/example_dags/example_dag_decorator.py took 0.227 seconds
[2023-04-07T15:13:08.400+0000] {processor.py:153} INFO - Started process (PID=2710) to work on /home/airflow/.local/lib/python3.7/site-packages/airflow/example_dags/example_dag_decorator.py
[2023-04-07T15:13:08.401+0000] {processor.py:743} INFO - Processing file /home/airflow/.local/lib/python3.7/site-packages/airflow/example_dags/example_dag_decorator.py for tasks to queue
[2023-04-07T15:13:08.401+0000] {logging_mixin.py:137} INFO - [2023-04-07T15:13:08.401+0000] {dagbag.py:532} INFO - Filling up the DagBag from /home/airflow/.local/lib/python3.7/site-packages/airflow/example_dags/example_dag_decorator.py
[2023-04-07T15:13:08.420+0000] {logging_mixin.py:137} INFO - [2023-04-07T15:13:08.420+0000] {taskmixin.py:211} WARNING - Dependency <Task(_PythonDecoratedOperator): prepare_email>, send_email already registered for DAG: example_dag_decorator
[2023-04-07T15:13:08.421+0000] {logging_mixin.py:137} INFO - [2023-04-07T15:13:08.421+0000] {taskmixin.py:211} WARNING - Dependency <Task(EmailOperator): send_email>, prepare_email already registered for DAG: example_dag_decorator
[2023-04-07T15:13:08.434+0000] {processor.py:753} INFO - DAG(s) dict_keys(['example_dag_decorator']) retrieved from /home/airflow/.local/lib/python3.7/site-packages/airflow/example_dags/example_dag_decorator.py
[2023-04-07T15:13:08.534+0000] {logging_mixin.py:137} INFO - [2023-04-07T15:13:08.534+0000] {dag.py:2705} INFO - Sync 1 DAGs
[2023-04-07T15:13:08.573+0000] {logging_mixin.py:137} INFO - [2023-04-07T15:13:08.573+0000] {dag.py:3456} INFO - Setting next_dagrun for example_dag_decorator to None, run_after=None
[2023-04-07T15:13:08.596+0000] {processor.py:175} INFO - Processing /home/airflow/.local/lib/python3.7/site-packages/airflow/example_dags/example_dag_decorator.py took 0.199 seconds
[2023-04-07T15:13:38.626+0000] {processor.py:153} INFO - Started process (PID=2929) to work on /home/airflow/.local/lib/python3.7/site-packages/airflow/example_dags/example_dag_decorator.py
[2023-04-07T15:13:38.627+0000] {processor.py:743} INFO - Processing file /home/airflow/.local/lib/python3.7/site-packages/airflow/example_dags/example_dag_decorator.py for tasks to queue
[2023-04-07T15:13:38.627+0000] {logging_mixin.py:137} INFO - [2023-04-07T15:13:38.627+0000] {dagbag.py:532} INFO - Filling up the DagBag from /home/airflow/.local/lib/python3.7/site-packages/airflow/example_dags/example_dag_decorator.py
[2023-04-07T15:13:38.647+0000] {logging_mixin.py:137} INFO - [2023-04-07T15:13:38.647+0000] {taskmixin.py:211} WARNING - Dependency <Task(_PythonDecoratedOperator): prepare_email>, send_email already registered for DAG: example_dag_decorator
[2023-04-07T15:13:38.647+0000] {logging_mixin.py:137} INFO - [2023-04-07T15:13:38.647+0000] {taskmixin.py:211} WARNING - Dependency <Task(EmailOperator): send_email>, prepare_email already registered for DAG: example_dag_decorator
[2023-04-07T15:13:38.660+0000] {processor.py:753} INFO - DAG(s) dict_keys(['example_dag_decorator']) retrieved from /home/airflow/.local/lib/python3.7/site-packages/airflow/example_dags/example_dag_decorator.py
[2023-04-07T15:13:38.768+0000] {logging_mixin.py:137} INFO - [2023-04-07T15:13:38.768+0000] {dag.py:2705} INFO - Sync 1 DAGs
[2023-04-07T15:13:38.805+0000] {logging_mixin.py:137} INFO - [2023-04-07T15:13:38.805+0000] {dag.py:3456} INFO - Setting next_dagrun for example_dag_decorator to None, run_after=None
[2023-04-07T15:13:38.834+0000] {processor.py:175} INFO - Processing /home/airflow/.local/lib/python3.7/site-packages/airflow/example_dags/example_dag_decorator.py took 0.211 seconds
[2023-04-07T15:14:09.082+0000] {processor.py:153} INFO - Started process (PID=3155) to work on /home/airflow/.local/lib/python3.7/site-packages/airflow/example_dags/example_dag_decorator.py
[2023-04-07T15:14:09.083+0000] {processor.py:743} INFO - Processing file /home/airflow/.local/lib/python3.7/site-packages/airflow/example_dags/example_dag_decorator.py for tasks to queue
[2023-04-07T15:14:09.083+0000] {logging_mixin.py:137} INFO - [2023-04-07T15:14:09.083+0000] {dagbag.py:532} INFO - Filling up the DagBag from /home/airflow/.local/lib/python3.7/site-packages/airflow/example_dags/example_dag_decorator.py
[2023-04-07T15:14:09.103+0000] {logging_mixin.py:137} INFO - [2023-04-07T15:14:09.102+0000] {taskmixin.py:211} WARNING - Dependency <Task(_PythonDecoratedOperator): prepare_email>, send_email already registered for DAG: example_dag_decorator
[2023-04-07T15:14:09.103+0000] {logging_mixin.py:137} INFO - [2023-04-07T15:14:09.103+0000] {taskmixin.py:211} WARNING - Dependency <Task(EmailOperator): send_email>, prepare_email already registered for DAG: example_dag_decorator
[2023-04-07T15:14:09.115+0000] {processor.py:753} INFO - DAG(s) dict_keys(['example_dag_decorator']) retrieved from /home/airflow/.local/lib/python3.7/site-packages/airflow/example_dags/example_dag_decorator.py
[2023-04-07T15:14:09.215+0000] {logging_mixin.py:137} INFO - [2023-04-07T15:14:09.215+0000] {dag.py:2705} INFO - Sync 1 DAGs
[2023-04-07T15:14:09.249+0000] {logging_mixin.py:137} INFO - [2023-04-07T15:14:09.249+0000] {dag.py:3456} INFO - Setting next_dagrun for example_dag_decorator to None, run_after=None
[2023-04-07T15:14:09.277+0000] {processor.py:175} INFO - Processing /home/airflow/.local/lib/python3.7/site-packages/airflow/example_dags/example_dag_decorator.py took 0.198 seconds
[2023-04-07T15:14:40.201+0000] {processor.py:153} INFO - Started process (PID=3378) to work on /home/airflow/.local/lib/python3.7/site-packages/airflow/example_dags/example_dag_decorator.py
[2023-04-07T15:14:40.202+0000] {processor.py:743} INFO - Processing file /home/airflow/.local/lib/python3.7/site-packages/airflow/example_dags/example_dag_decorator.py for tasks to queue
[2023-04-07T15:14:40.202+0000] {logging_mixin.py:137} INFO - [2023-04-07T15:14:40.202+0000] {dagbag.py:532} INFO - Filling up the DagBag from /home/airflow/.local/lib/python3.7/site-packages/airflow/example_dags/example_dag_decorator.py
[2023-04-07T15:14:40.219+0000] {logging_mixin.py:137} INFO - [2023-04-07T15:14:40.219+0000] {taskmixin.py:211} WARNING - Dependency <Task(_PythonDecoratedOperator): prepare_email>, send_email already registered for DAG: example_dag_decorator
[2023-04-07T15:14:40.219+0000] {logging_mixin.py:137} INFO - [2023-04-07T15:14:40.219+0000] {taskmixin.py:211} WARNING - Dependency <Task(EmailOperator): send_email>, prepare_email already registered for DAG: example_dag_decorator
[2023-04-07T15:14:40.231+0000] {processor.py:753} INFO - DAG(s) dict_keys(['example_dag_decorator']) retrieved from /home/airflow/.local/lib/python3.7/site-packages/airflow/example_dags/example_dag_decorator.py
[2023-04-07T15:14:40.317+0000] {logging_mixin.py:137} INFO - [2023-04-07T15:14:40.317+0000] {dag.py:2705} INFO - Sync 1 DAGs
[2023-04-07T15:14:40.349+0000] {logging_mixin.py:137} INFO - [2023-04-07T15:14:40.349+0000] {dag.py:3456} INFO - Setting next_dagrun for example_dag_decorator to None, run_after=None
[2023-04-07T15:14:40.367+0000] {processor.py:175} INFO - Processing /home/airflow/.local/lib/python3.7/site-packages/airflow/example_dags/example_dag_decorator.py took 0.169 seconds
[2023-04-07T15:15:10.733+0000] {processor.py:153} INFO - Started process (PID=3602) to work on /home/airflow/.local/lib/python3.7/site-packages/airflow/example_dags/example_dag_decorator.py
[2023-04-07T15:15:10.734+0000] {processor.py:743} INFO - Processing file /home/airflow/.local/lib/python3.7/site-packages/airflow/example_dags/example_dag_decorator.py for tasks to queue
[2023-04-07T15:15:10.735+0000] {logging_mixin.py:137} INFO - [2023-04-07T15:15:10.735+0000] {dagbag.py:532} INFO - Filling up the DagBag from /home/airflow/.local/lib/python3.7/site-packages/airflow/example_dags/example_dag_decorator.py
[2023-04-07T15:15:10.757+0000] {logging_mixin.py:137} INFO - [2023-04-07T15:15:10.757+0000] {taskmixin.py:211} WARNING - Dependency <Task(_PythonDecoratedOperator): prepare_email>, send_email already registered for DAG: example_dag_decorator
[2023-04-07T15:15:10.758+0000] {logging_mixin.py:137} INFO - [2023-04-07T15:15:10.757+0000] {taskmixin.py:211} WARNING - Dependency <Task(EmailOperator): send_email>, prepare_email already registered for DAG: example_dag_decorator
[2023-04-07T15:15:10.771+0000] {processor.py:753} INFO - DAG(s) dict_keys(['example_dag_decorator']) retrieved from /home/airflow/.local/lib/python3.7/site-packages/airflow/example_dags/example_dag_decorator.py
[2023-04-07T15:15:10.859+0000] {logging_mixin.py:137} INFO - [2023-04-07T15:15:10.859+0000] {dag.py:2705} INFO - Sync 1 DAGs
[2023-04-07T15:15:10.894+0000] {logging_mixin.py:137} INFO - [2023-04-07T15:15:10.893+0000] {dag.py:3456} INFO - Setting next_dagrun for example_dag_decorator to None, run_after=None
[2023-04-07T15:15:10.913+0000] {processor.py:175} INFO - Processing /home/airflow/.local/lib/python3.7/site-packages/airflow/example_dags/example_dag_decorator.py took 0.182 seconds
[2023-04-07T15:15:41.517+0000] {processor.py:153} INFO - Started process (PID=3825) to work on /home/airflow/.local/lib/python3.7/site-packages/airflow/example_dags/example_dag_decorator.py
[2023-04-07T15:15:41.517+0000] {processor.py:743} INFO - Processing file /home/airflow/.local/lib/python3.7/site-packages/airflow/example_dags/example_dag_decorator.py for tasks to queue
[2023-04-07T15:15:41.518+0000] {logging_mixin.py:137} INFO - [2023-04-07T15:15:41.517+0000] {dagbag.py:532} INFO - Filling up the DagBag from /home/airflow/.local/lib/python3.7/site-packages/airflow/example_dags/example_dag_decorator.py
[2023-04-07T15:15:41.535+0000] {logging_mixin.py:137} INFO - [2023-04-07T15:15:41.535+0000] {taskmixin.py:211} WARNING - Dependency <Task(_PythonDecoratedOperator): prepare_email>, send_email already registered for DAG: example_dag_decorator
[2023-04-07T15:15:41.535+0000] {logging_mixin.py:137} INFO - [2023-04-07T15:15:41.535+0000] {taskmixin.py:211} WARNING - Dependency <Task(EmailOperator): send_email>, prepare_email already registered for DAG: example_dag_decorator
[2023-04-07T15:15:41.546+0000] {processor.py:753} INFO - DAG(s) dict_keys(['example_dag_decorator']) retrieved from /home/airflow/.local/lib/python3.7/site-packages/airflow/example_dags/example_dag_decorator.py
[2023-04-07T15:15:41.657+0000] {logging_mixin.py:137} INFO - [2023-04-07T15:15:41.657+0000] {dag.py:2705} INFO - Sync 1 DAGs
[2023-04-07T15:15:41.703+0000] {logging_mixin.py:137} INFO - [2023-04-07T15:15:41.702+0000] {dag.py:3456} INFO - Setting next_dagrun for example_dag_decorator to None, run_after=None
[2023-04-07T15:15:41.728+0000] {processor.py:175} INFO - Processing /home/airflow/.local/lib/python3.7/site-packages/airflow/example_dags/example_dag_decorator.py took 0.214 seconds
[2023-04-07T15:16:11.756+0000] {processor.py:153} INFO - Started process (PID=4048) to work on /home/airflow/.local/lib/python3.7/site-packages/airflow/example_dags/example_dag_decorator.py
[2023-04-07T15:16:11.757+0000] {processor.py:743} INFO - Processing file /home/airflow/.local/lib/python3.7/site-packages/airflow/example_dags/example_dag_decorator.py for tasks to queue
[2023-04-07T15:16:11.758+0000] {logging_mixin.py:137} INFO - [2023-04-07T15:16:11.758+0000] {dagbag.py:532} INFO - Filling up the DagBag from /home/airflow/.local/lib/python3.7/site-packages/airflow/example_dags/example_dag_decorator.py
[2023-04-07T15:16:11.775+0000] {logging_mixin.py:137} INFO - [2023-04-07T15:16:11.775+0000] {taskmixin.py:211} WARNING - Dependency <Task(_PythonDecoratedOperator): prepare_email>, send_email already registered for DAG: example_dag_decorator
[2023-04-07T15:16:11.776+0000] {logging_mixin.py:137} INFO - [2023-04-07T15:16:11.775+0000] {taskmixin.py:211} WARNING - Dependency <Task(EmailOperator): send_email>, prepare_email already registered for DAG: example_dag_decorator
[2023-04-07T15:16:11.787+0000] {processor.py:753} INFO - DAG(s) dict_keys(['example_dag_decorator']) retrieved from /home/airflow/.local/lib/python3.7/site-packages/airflow/example_dags/example_dag_decorator.py
[2023-04-07T15:16:11.875+0000] {logging_mixin.py:137} INFO - [2023-04-07T15:16:11.875+0000] {dag.py:2705} INFO - Sync 1 DAGs
[2023-04-07T15:16:11.906+0000] {logging_mixin.py:137} INFO - [2023-04-07T15:16:11.906+0000] {dag.py:3456} INFO - Setting next_dagrun for example_dag_decorator to None, run_after=None
[2023-04-07T15:16:11.927+0000] {processor.py:175} INFO - Processing /home/airflow/.local/lib/python3.7/site-packages/airflow/example_dags/example_dag_decorator.py took 0.173 seconds
[2023-04-07T15:16:42.044+0000] {processor.py:153} INFO - Started process (PID=4272) to work on /home/airflow/.local/lib/python3.7/site-packages/airflow/example_dags/example_dag_decorator.py
[2023-04-07T15:16:42.044+0000] {processor.py:743} INFO - Processing file /home/airflow/.local/lib/python3.7/site-packages/airflow/example_dags/example_dag_decorator.py for tasks to queue
[2023-04-07T15:16:42.045+0000] {logging_mixin.py:137} INFO - [2023-04-07T15:16:42.045+0000] {dagbag.py:532} INFO - Filling up the DagBag from /home/airflow/.local/lib/python3.7/site-packages/airflow/example_dags/example_dag_decorator.py
[2023-04-07T15:16:42.063+0000] {logging_mixin.py:137} INFO - [2023-04-07T15:16:42.063+0000] {taskmixin.py:211} WARNING - Dependency <Task(_PythonDecoratedOperator): prepare_email>, send_email already registered for DAG: example_dag_decorator
[2023-04-07T15:16:42.063+0000] {logging_mixin.py:137} INFO - [2023-04-07T15:16:42.063+0000] {taskmixin.py:211} WARNING - Dependency <Task(EmailOperator): send_email>, prepare_email already registered for DAG: example_dag_decorator
[2023-04-07T15:16:42.077+0000] {processor.py:753} INFO - DAG(s) dict_keys(['example_dag_decorator']) retrieved from /home/airflow/.local/lib/python3.7/site-packages/airflow/example_dags/example_dag_decorator.py
[2023-04-07T15:16:42.167+0000] {logging_mixin.py:137} INFO - [2023-04-07T15:16:42.166+0000] {dag.py:2705} INFO - Sync 1 DAGs
[2023-04-07T15:16:42.201+0000] {logging_mixin.py:137} INFO - [2023-04-07T15:16:42.201+0000] {dag.py:3456} INFO - Setting next_dagrun for example_dag_decorator to None, run_after=None
[2023-04-07T15:16:42.221+0000] {processor.py:175} INFO - Processing /home/airflow/.local/lib/python3.7/site-packages/airflow/example_dags/example_dag_decorator.py took 0.179 seconds
[2023-04-07T15:17:12.284+0000] {processor.py:153} INFO - Started process (PID=4496) to work on /home/airflow/.local/lib/python3.7/site-packages/airflow/example_dags/example_dag_decorator.py
[2023-04-07T15:17:12.285+0000] {processor.py:743} INFO - Processing file /home/airflow/.local/lib/python3.7/site-packages/airflow/example_dags/example_dag_decorator.py for tasks to queue
[2023-04-07T15:17:12.286+0000] {logging_mixin.py:137} INFO - [2023-04-07T15:17:12.285+0000] {dagbag.py:532} INFO - Filling up the DagBag from /home/airflow/.local/lib/python3.7/site-packages/airflow/example_dags/example_dag_decorator.py
[2023-04-07T15:17:12.303+0000] {logging_mixin.py:137} INFO - [2023-04-07T15:17:12.303+0000] {taskmixin.py:211} WARNING - Dependency <Task(_PythonDecoratedOperator): prepare_email>, send_email already registered for DAG: example_dag_decorator
[2023-04-07T15:17:12.303+0000] {logging_mixin.py:137} INFO - [2023-04-07T15:17:12.303+0000] {taskmixin.py:211} WARNING - Dependency <Task(EmailOperator): send_email>, prepare_email already registered for DAG: example_dag_decorator
[2023-04-07T15:17:12.315+0000] {processor.py:753} INFO - DAG(s) dict_keys(['example_dag_decorator']) retrieved from /home/airflow/.local/lib/python3.7/site-packages/airflow/example_dags/example_dag_decorator.py
[2023-04-07T15:17:12.406+0000] {logging_mixin.py:137} INFO - [2023-04-07T15:17:12.406+0000] {dag.py:2705} INFO - Sync 1 DAGs
[2023-04-07T15:17:12.438+0000] {logging_mixin.py:137} INFO - [2023-04-07T15:17:12.438+0000] {dag.py:3456} INFO - Setting next_dagrun for example_dag_decorator to None, run_after=None
[2023-04-07T15:17:12.457+0000] {processor.py:175} INFO - Processing /home/airflow/.local/lib/python3.7/site-packages/airflow/example_dags/example_dag_decorator.py took 0.176 seconds
[2023-04-07T15:17:42.566+0000] {processor.py:153} INFO - Started process (PID=4719) to work on /home/airflow/.local/lib/python3.7/site-packages/airflow/example_dags/example_dag_decorator.py
[2023-04-07T15:17:42.567+0000] {processor.py:743} INFO - Processing file /home/airflow/.local/lib/python3.7/site-packages/airflow/example_dags/example_dag_decorator.py for tasks to queue
[2023-04-07T15:17:42.568+0000] {logging_mixin.py:137} INFO - [2023-04-07T15:17:42.567+0000] {dagbag.py:532} INFO - Filling up the DagBag from /home/airflow/.local/lib/python3.7/site-packages/airflow/example_dags/example_dag_decorator.py
[2023-04-07T15:17:42.585+0000] {logging_mixin.py:137} INFO - [2023-04-07T15:17:42.585+0000] {taskmixin.py:211} WARNING - Dependency <Task(_PythonDecoratedOperator): prepare_email>, send_email already registered for DAG: example_dag_decorator
[2023-04-07T15:17:42.585+0000] {logging_mixin.py:137} INFO - [2023-04-07T15:17:42.585+0000] {taskmixin.py:211} WARNING - Dependency <Task(EmailOperator): send_email>, prepare_email already registered for DAG: example_dag_decorator
[2023-04-07T15:17:42.597+0000] {processor.py:753} INFO - DAG(s) dict_keys(['example_dag_decorator']) retrieved from /home/airflow/.local/lib/python3.7/site-packages/airflow/example_dags/example_dag_decorator.py
[2023-04-07T15:17:42.686+0000] {logging_mixin.py:137} INFO - [2023-04-07T15:17:42.686+0000] {dag.py:2705} INFO - Sync 1 DAGs
[2023-04-07T15:17:42.721+0000] {logging_mixin.py:137} INFO - [2023-04-07T15:17:42.720+0000] {dag.py:3456} INFO - Setting next_dagrun for example_dag_decorator to None, run_after=None
[2023-04-07T15:17:42.740+0000] {processor.py:175} INFO - Processing /home/airflow/.local/lib/python3.7/site-packages/airflow/example_dags/example_dag_decorator.py took 0.176 seconds
[2023-04-07T15:18:12.819+0000] {processor.py:153} INFO - Started process (PID=4942) to work on /home/airflow/.local/lib/python3.7/site-packages/airflow/example_dags/example_dag_decorator.py
[2023-04-07T15:18:12.819+0000] {processor.py:743} INFO - Processing file /home/airflow/.local/lib/python3.7/site-packages/airflow/example_dags/example_dag_decorator.py for tasks to queue
[2023-04-07T15:18:12.820+0000] {logging_mixin.py:137} INFO - [2023-04-07T15:18:12.820+0000] {dagbag.py:532} INFO - Filling up the DagBag from /home/airflow/.local/lib/python3.7/site-packages/airflow/example_dags/example_dag_decorator.py
[2023-04-07T15:18:12.838+0000] {logging_mixin.py:137} INFO - [2023-04-07T15:18:12.837+0000] {taskmixin.py:211} WARNING - Dependency <Task(_PythonDecoratedOperator): prepare_email>, send_email already registered for DAG: example_dag_decorator
[2023-04-07T15:18:12.838+0000] {logging_mixin.py:137} INFO - [2023-04-07T15:18:12.838+0000] {taskmixin.py:211} WARNING - Dependency <Task(EmailOperator): send_email>, prepare_email already registered for DAG: example_dag_decorator
[2023-04-07T15:18:12.850+0000] {processor.py:753} INFO - DAG(s) dict_keys(['example_dag_decorator']) retrieved from /home/airflow/.local/lib/python3.7/site-packages/airflow/example_dags/example_dag_decorator.py
[2023-04-07T15:18:12.942+0000] {logging_mixin.py:137} INFO - [2023-04-07T15:18:12.942+0000] {dag.py:2705} INFO - Sync 1 DAGs
[2023-04-07T15:18:12.975+0000] {logging_mixin.py:137} INFO - [2023-04-07T15:18:12.975+0000] {dag.py:3456} INFO - Setting next_dagrun for example_dag_decorator to None, run_after=None
[2023-04-07T15:18:12.994+0000] {processor.py:175} INFO - Processing /home/airflow/.local/lib/python3.7/site-packages/airflow/example_dags/example_dag_decorator.py took 0.178 seconds
[2023-04-07T15:18:43.619+0000] {processor.py:153} INFO - Started process (PID=5165) to work on /home/airflow/.local/lib/python3.7/site-packages/airflow/example_dags/example_dag_decorator.py
[2023-04-07T15:18:43.620+0000] {processor.py:743} INFO - Processing file /home/airflow/.local/lib/python3.7/site-packages/airflow/example_dags/example_dag_decorator.py for tasks to queue
[2023-04-07T15:18:43.620+0000] {logging_mixin.py:137} INFO - [2023-04-07T15:18:43.620+0000] {dagbag.py:532} INFO - Filling up the DagBag from /home/airflow/.local/lib/python3.7/site-packages/airflow/example_dags/example_dag_decorator.py
[2023-04-07T15:18:43.637+0000] {logging_mixin.py:137} INFO - [2023-04-07T15:18:43.637+0000] {taskmixin.py:211} WARNING - Dependency <Task(_PythonDecoratedOperator): prepare_email>, send_email already registered for DAG: example_dag_decorator
[2023-04-07T15:18:43.638+0000] {logging_mixin.py:137} INFO - [2023-04-07T15:18:43.638+0000] {taskmixin.py:211} WARNING - Dependency <Task(EmailOperator): send_email>, prepare_email already registered for DAG: example_dag_decorator
[2023-04-07T15:18:43.649+0000] {processor.py:753} INFO - DAG(s) dict_keys(['example_dag_decorator']) retrieved from /home/airflow/.local/lib/python3.7/site-packages/airflow/example_dags/example_dag_decorator.py
[2023-04-07T15:18:43.747+0000] {logging_mixin.py:137} INFO - [2023-04-07T15:18:43.746+0000] {dag.py:2705} INFO - Sync 1 DAGs
[2023-04-07T15:18:43.777+0000] {logging_mixin.py:137} INFO - [2023-04-07T15:18:43.777+0000] {dag.py:3456} INFO - Setting next_dagrun for example_dag_decorator to None, run_after=None
[2023-04-07T15:18:43.795+0000] {processor.py:175} INFO - Processing /home/airflow/.local/lib/python3.7/site-packages/airflow/example_dags/example_dag_decorator.py took 0.178 seconds
[2023-04-07T15:19:14.362+0000] {processor.py:153} INFO - Started process (PID=5387) to work on /home/airflow/.local/lib/python3.7/site-packages/airflow/example_dags/example_dag_decorator.py
[2023-04-07T15:19:14.363+0000] {processor.py:743} INFO - Processing file /home/airflow/.local/lib/python3.7/site-packages/airflow/example_dags/example_dag_decorator.py for tasks to queue
[2023-04-07T15:19:14.364+0000] {logging_mixin.py:137} INFO - [2023-04-07T15:19:14.363+0000] {dagbag.py:532} INFO - Filling up the DagBag from /home/airflow/.local/lib/python3.7/site-packages/airflow/example_dags/example_dag_decorator.py
[2023-04-07T15:19:14.383+0000] {logging_mixin.py:137} INFO - [2023-04-07T15:19:14.382+0000] {taskmixin.py:211} WARNING - Dependency <Task(_PythonDecoratedOperator): prepare_email>, send_email already registered for DAG: example_dag_decorator
[2023-04-07T15:19:14.383+0000] {logging_mixin.py:137} INFO - [2023-04-07T15:19:14.383+0000] {taskmixin.py:211} WARNING - Dependency <Task(EmailOperator): send_email>, prepare_email already registered for DAG: example_dag_decorator
[2023-04-07T15:19:14.396+0000] {processor.py:753} INFO - DAG(s) dict_keys(['example_dag_decorator']) retrieved from /home/airflow/.local/lib/python3.7/site-packages/airflow/example_dags/example_dag_decorator.py
[2023-04-07T15:19:14.487+0000] {logging_mixin.py:137} INFO - [2023-04-07T15:19:14.487+0000] {dag.py:2705} INFO - Sync 1 DAGs
[2023-04-07T15:19:14.523+0000] {logging_mixin.py:137} INFO - [2023-04-07T15:19:14.523+0000] {dag.py:3456} INFO - Setting next_dagrun for example_dag_decorator to None, run_after=None
[2023-04-07T15:19:14.546+0000] {processor.py:175} INFO - Processing /home/airflow/.local/lib/python3.7/site-packages/airflow/example_dags/example_dag_decorator.py took 0.186 seconds
[2023-04-07T15:19:44.933+0000] {processor.py:153} INFO - Started process (PID=5610) to work on /home/airflow/.local/lib/python3.7/site-packages/airflow/example_dags/example_dag_decorator.py
[2023-04-07T15:19:44.934+0000] {processor.py:743} INFO - Processing file /home/airflow/.local/lib/python3.7/site-packages/airflow/example_dags/example_dag_decorator.py for tasks to queue
[2023-04-07T15:19:44.934+0000] {logging_mixin.py:137} INFO - [2023-04-07T15:19:44.934+0000] {dagbag.py:532} INFO - Filling up the DagBag from /home/airflow/.local/lib/python3.7/site-packages/airflow/example_dags/example_dag_decorator.py
[2023-04-07T15:19:44.953+0000] {logging_mixin.py:137} INFO - [2023-04-07T15:19:44.952+0000] {taskmixin.py:211} WARNING - Dependency <Task(_PythonDecoratedOperator): prepare_email>, send_email already registered for DAG: example_dag_decorator
[2023-04-07T15:19:44.953+0000] {logging_mixin.py:137} INFO - [2023-04-07T15:19:44.953+0000] {taskmixin.py:211} WARNING - Dependency <Task(EmailOperator): send_email>, prepare_email already registered for DAG: example_dag_decorator
[2023-04-07T15:19:44.966+0000] {processor.py:753} INFO - DAG(s) dict_keys(['example_dag_decorator']) retrieved from /home/airflow/.local/lib/python3.7/site-packages/airflow/example_dags/example_dag_decorator.py
[2023-04-07T15:19:45.072+0000] {logging_mixin.py:137} INFO - [2023-04-07T15:19:45.071+0000] {dag.py:2705} INFO - Sync 1 DAGs
[2023-04-07T15:19:45.109+0000] {logging_mixin.py:137} INFO - [2023-04-07T15:19:45.109+0000] {dag.py:3456} INFO - Setting next_dagrun for example_dag_decorator to None, run_after=None
[2023-04-07T15:19:45.133+0000] {processor.py:175} INFO - Processing /home/airflow/.local/lib/python3.7/site-packages/airflow/example_dags/example_dag_decorator.py took 0.203 seconds
[2023-04-07T15:20:15.203+0000] {processor.py:153} INFO - Started process (PID=5836) to work on /home/airflow/.local/lib/python3.7/site-packages/airflow/example_dags/example_dag_decorator.py
[2023-04-07T15:20:15.204+0000] {processor.py:743} INFO - Processing file /home/airflow/.local/lib/python3.7/site-packages/airflow/example_dags/example_dag_decorator.py for tasks to queue
[2023-04-07T15:20:15.204+0000] {logging_mixin.py:137} INFO - [2023-04-07T15:20:15.204+0000] {dagbag.py:532} INFO - Filling up the DagBag from /home/airflow/.local/lib/python3.7/site-packages/airflow/example_dags/example_dag_decorator.py
[2023-04-07T15:20:15.222+0000] {logging_mixin.py:137} INFO - [2023-04-07T15:20:15.222+0000] {taskmixin.py:211} WARNING - Dependency <Task(_PythonDecoratedOperator): prepare_email>, send_email already registered for DAG: example_dag_decorator
[2023-04-07T15:20:15.222+0000] {logging_mixin.py:137} INFO - [2023-04-07T15:20:15.222+0000] {taskmixin.py:211} WARNING - Dependency <Task(EmailOperator): send_email>, prepare_email already registered for DAG: example_dag_decorator
[2023-04-07T15:20:15.233+0000] {processor.py:753} INFO - DAG(s) dict_keys(['example_dag_decorator']) retrieved from /home/airflow/.local/lib/python3.7/site-packages/airflow/example_dags/example_dag_decorator.py
[2023-04-07T15:20:15.324+0000] {logging_mixin.py:137} INFO - [2023-04-07T15:20:15.324+0000] {dag.py:2705} INFO - Sync 1 DAGs
[2023-04-07T15:20:15.364+0000] {logging_mixin.py:137} INFO - [2023-04-07T15:20:15.363+0000] {dag.py:3456} INFO - Setting next_dagrun for example_dag_decorator to None, run_after=None
[2023-04-07T15:20:15.385+0000] {processor.py:175} INFO - Processing /home/airflow/.local/lib/python3.7/site-packages/airflow/example_dags/example_dag_decorator.py took 0.184 seconds
[2023-04-07T15:20:45.418+0000] {processor.py:153} INFO - Started process (PID=6059) to work on /home/airflow/.local/lib/python3.7/site-packages/airflow/example_dags/example_dag_decorator.py
[2023-04-07T15:20:45.419+0000] {processor.py:743} INFO - Processing file /home/airflow/.local/lib/python3.7/site-packages/airflow/example_dags/example_dag_decorator.py for tasks to queue
[2023-04-07T15:20:45.420+0000] {logging_mixin.py:137} INFO - [2023-04-07T15:20:45.420+0000] {dagbag.py:532} INFO - Filling up the DagBag from /home/airflow/.local/lib/python3.7/site-packages/airflow/example_dags/example_dag_decorator.py
[2023-04-07T15:20:45.437+0000] {logging_mixin.py:137} INFO - [2023-04-07T15:20:45.437+0000] {taskmixin.py:211} WARNING - Dependency <Task(_PythonDecoratedOperator): prepare_email>, send_email already registered for DAG: example_dag_decorator
[2023-04-07T15:20:45.437+0000] {logging_mixin.py:137} INFO - [2023-04-07T15:20:45.437+0000] {taskmixin.py:211} WARNING - Dependency <Task(EmailOperator): send_email>, prepare_email already registered for DAG: example_dag_decorator
[2023-04-07T15:20:45.449+0000] {processor.py:753} INFO - DAG(s) dict_keys(['example_dag_decorator']) retrieved from /home/airflow/.local/lib/python3.7/site-packages/airflow/example_dags/example_dag_decorator.py
[2023-04-07T15:20:45.541+0000] {logging_mixin.py:137} INFO - [2023-04-07T15:20:45.541+0000] {dag.py:2705} INFO - Sync 1 DAGs
[2023-04-07T15:20:45.571+0000] {logging_mixin.py:137} INFO - [2023-04-07T15:20:45.571+0000] {dag.py:3456} INFO - Setting next_dagrun for example_dag_decorator to None, run_after=None
[2023-04-07T15:20:45.591+0000] {processor.py:175} INFO - Processing /home/airflow/.local/lib/python3.7/site-packages/airflow/example_dags/example_dag_decorator.py took 0.175 seconds
[2023-04-07T15:24:24.489+0000] {processor.py:153} INFO - Started process (PID=247) to work on /home/airflow/.local/lib/python3.7/site-packages/airflow/example_dags/example_dag_decorator.py
[2023-04-07T15:24:24.490+0000] {processor.py:743} INFO - Processing file /home/airflow/.local/lib/python3.7/site-packages/airflow/example_dags/example_dag_decorator.py for tasks to queue
[2023-04-07T15:24:24.490+0000] {logging_mixin.py:137} INFO - [2023-04-07T15:24:24.490+0000] {dagbag.py:532} INFO - Filling up the DagBag from /home/airflow/.local/lib/python3.7/site-packages/airflow/example_dags/example_dag_decorator.py
[2023-04-07T15:24:24.513+0000] {logging_mixin.py:137} INFO - [2023-04-07T15:24:24.513+0000] {taskmixin.py:211} WARNING - Dependency <Task(_PythonDecoratedOperator): prepare_email>, send_email already registered for DAG: example_dag_decorator
[2023-04-07T15:24:24.514+0000] {logging_mixin.py:137} INFO - [2023-04-07T15:24:24.514+0000] {taskmixin.py:211} WARNING - Dependency <Task(EmailOperator): send_email>, prepare_email already registered for DAG: example_dag_decorator
[2023-04-07T15:24:24.531+0000] {processor.py:753} INFO - DAG(s) dict_keys(['example_dag_decorator']) retrieved from /home/airflow/.local/lib/python3.7/site-packages/airflow/example_dags/example_dag_decorator.py
[2023-04-07T15:24:24.702+0000] {logging_mixin.py:137} INFO - [2023-04-07T15:24:24.701+0000] {dag.py:2705} INFO - Sync 1 DAGs
[2023-04-07T15:24:24.751+0000] {logging_mixin.py:137} INFO - [2023-04-07T15:24:24.750+0000] {dag.py:3456} INFO - Setting next_dagrun for example_dag_decorator to None, run_after=None
[2023-04-07T15:24:24.785+0000] {processor.py:175} INFO - Processing /home/airflow/.local/lib/python3.7/site-packages/airflow/example_dags/example_dag_decorator.py took 0.298 seconds
[2023-04-07T15:24:55.768+0000] {processor.py:153} INFO - Started process (PID=472) to work on /home/airflow/.local/lib/python3.7/site-packages/airflow/example_dags/example_dag_decorator.py
[2023-04-07T15:24:55.768+0000] {processor.py:743} INFO - Processing file /home/airflow/.local/lib/python3.7/site-packages/airflow/example_dags/example_dag_decorator.py for tasks to queue
[2023-04-07T15:24:55.769+0000] {logging_mixin.py:137} INFO - [2023-04-07T15:24:55.769+0000] {dagbag.py:532} INFO - Filling up the DagBag from /home/airflow/.local/lib/python3.7/site-packages/airflow/example_dags/example_dag_decorator.py
[2023-04-07T15:24:55.808+0000] {logging_mixin.py:137} INFO - [2023-04-07T15:24:55.807+0000] {taskmixin.py:211} WARNING - Dependency <Task(_PythonDecoratedOperator): prepare_email>, send_email already registered for DAG: example_dag_decorator
[2023-04-07T15:24:55.808+0000] {logging_mixin.py:137} INFO - [2023-04-07T15:24:55.808+0000] {taskmixin.py:211} WARNING - Dependency <Task(EmailOperator): send_email>, prepare_email already registered for DAG: example_dag_decorator
[2023-04-07T15:24:55.822+0000] {processor.py:753} INFO - DAG(s) dict_keys(['example_dag_decorator']) retrieved from /home/airflow/.local/lib/python3.7/site-packages/airflow/example_dags/example_dag_decorator.py
[2023-04-07T15:24:55.833+0000] {logging_mixin.py:137} INFO - [2023-04-07T15:24:55.833+0000] {dag.py:2705} INFO - Sync 1 DAGs
[2023-04-07T15:24:55.870+0000] {logging_mixin.py:137} INFO - [2023-04-07T15:24:55.870+0000] {dag.py:3456} INFO - Setting next_dagrun for example_dag_decorator to None, run_after=None
[2023-04-07T15:24:55.891+0000] {processor.py:175} INFO - Processing /home/airflow/.local/lib/python3.7/site-packages/airflow/example_dags/example_dag_decorator.py took 0.126 seconds
[2023-04-07T15:25:26.391+0000] {processor.py:153} INFO - Started process (PID=695) to work on /home/airflow/.local/lib/python3.7/site-packages/airflow/example_dags/example_dag_decorator.py
[2023-04-07T15:25:26.392+0000] {processor.py:743} INFO - Processing file /home/airflow/.local/lib/python3.7/site-packages/airflow/example_dags/example_dag_decorator.py for tasks to queue
[2023-04-07T15:25:26.393+0000] {logging_mixin.py:137} INFO - [2023-04-07T15:25:26.393+0000] {dagbag.py:532} INFO - Filling up the DagBag from /home/airflow/.local/lib/python3.7/site-packages/airflow/example_dags/example_dag_decorator.py
[2023-04-07T15:25:26.410+0000] {logging_mixin.py:137} INFO - [2023-04-07T15:25:26.410+0000] {taskmixin.py:211} WARNING - Dependency <Task(_PythonDecoratedOperator): prepare_email>, send_email already registered for DAG: example_dag_decorator
[2023-04-07T15:25:26.410+0000] {logging_mixin.py:137} INFO - [2023-04-07T15:25:26.410+0000] {taskmixin.py:211} WARNING - Dependency <Task(EmailOperator): send_email>, prepare_email already registered for DAG: example_dag_decorator
[2023-04-07T15:25:26.424+0000] {processor.py:753} INFO - DAG(s) dict_keys(['example_dag_decorator']) retrieved from /home/airflow/.local/lib/python3.7/site-packages/airflow/example_dags/example_dag_decorator.py
[2023-04-07T15:25:26.514+0000] {logging_mixin.py:137} INFO - [2023-04-07T15:25:26.513+0000] {dag.py:2705} INFO - Sync 1 DAGs
[2023-04-07T15:25:26.548+0000] {logging_mixin.py:137} INFO - [2023-04-07T15:25:26.547+0000] {dag.py:3456} INFO - Setting next_dagrun for example_dag_decorator to None, run_after=None
[2023-04-07T15:25:26.581+0000] {processor.py:175} INFO - Processing /home/airflow/.local/lib/python3.7/site-packages/airflow/example_dags/example_dag_decorator.py took 0.193 seconds
[2023-04-07T15:25:57.220+0000] {processor.py:153} INFO - Started process (PID=918) to work on /home/airflow/.local/lib/python3.7/site-packages/airflow/example_dags/example_dag_decorator.py
[2023-04-07T15:25:57.223+0000] {processor.py:743} INFO - Processing file /home/airflow/.local/lib/python3.7/site-packages/airflow/example_dags/example_dag_decorator.py for tasks to queue
[2023-04-07T15:25:57.224+0000] {logging_mixin.py:137} INFO - [2023-04-07T15:25:57.224+0000] {dagbag.py:532} INFO - Filling up the DagBag from /home/airflow/.local/lib/python3.7/site-packages/airflow/example_dags/example_dag_decorator.py
[2023-04-07T15:25:57.259+0000] {logging_mixin.py:137} INFO - [2023-04-07T15:25:57.258+0000] {taskmixin.py:211} WARNING - Dependency <Task(_PythonDecoratedOperator): prepare_email>, send_email already registered for DAG: example_dag_decorator
[2023-04-07T15:25:57.259+0000] {logging_mixin.py:137} INFO - [2023-04-07T15:25:57.259+0000] {taskmixin.py:211} WARNING - Dependency <Task(EmailOperator): send_email>, prepare_email already registered for DAG: example_dag_decorator
[2023-04-07T15:25:57.274+0000] {processor.py:753} INFO - DAG(s) dict_keys(['example_dag_decorator']) retrieved from /home/airflow/.local/lib/python3.7/site-packages/airflow/example_dags/example_dag_decorator.py
[2023-04-07T15:25:57.381+0000] {logging_mixin.py:137} INFO - [2023-04-07T15:25:57.381+0000] {dag.py:2705} INFO - Sync 1 DAGs
[2023-04-07T15:25:57.428+0000] {logging_mixin.py:137} INFO - [2023-04-07T15:25:57.428+0000] {dag.py:3456} INFO - Setting next_dagrun for example_dag_decorator to None, run_after=None
[2023-04-07T15:25:57.453+0000] {processor.py:175} INFO - Processing /home/airflow/.local/lib/python3.7/site-packages/airflow/example_dags/example_dag_decorator.py took 0.236 seconds
[2023-04-07T15:26:28.189+0000] {processor.py:153} INFO - Started process (PID=1157) to work on /home/airflow/.local/lib/python3.7/site-packages/airflow/example_dags/example_dag_decorator.py
[2023-04-07T15:26:28.190+0000] {processor.py:743} INFO - Processing file /home/airflow/.local/lib/python3.7/site-packages/airflow/example_dags/example_dag_decorator.py for tasks to queue
[2023-04-07T15:26:28.190+0000] {logging_mixin.py:137} INFO - [2023-04-07T15:26:28.190+0000] {dagbag.py:532} INFO - Filling up the DagBag from /home/airflow/.local/lib/python3.7/site-packages/airflow/example_dags/example_dag_decorator.py
[2023-04-07T15:26:28.209+0000] {logging_mixin.py:137} INFO - [2023-04-07T15:26:28.209+0000] {taskmixin.py:211} WARNING - Dependency <Task(_PythonDecoratedOperator): prepare_email>, send_email already registered for DAG: example_dag_decorator
[2023-04-07T15:26:28.209+0000] {logging_mixin.py:137} INFO - [2023-04-07T15:26:28.209+0000] {taskmixin.py:211} WARNING - Dependency <Task(EmailOperator): send_email>, prepare_email already registered for DAG: example_dag_decorator
[2023-04-07T15:26:28.229+0000] {processor.py:753} INFO - DAG(s) dict_keys(['example_dag_decorator']) retrieved from /home/airflow/.local/lib/python3.7/site-packages/airflow/example_dags/example_dag_decorator.py
[2023-04-07T15:26:28.370+0000] {logging_mixin.py:137} INFO - [2023-04-07T15:26:28.369+0000] {dag.py:2705} INFO - Sync 1 DAGs
[2023-04-07T15:26:28.407+0000] {logging_mixin.py:137} INFO - [2023-04-07T15:26:28.407+0000] {dag.py:3456} INFO - Setting next_dagrun for example_dag_decorator to None, run_after=None
[2023-04-07T15:26:28.442+0000] {processor.py:175} INFO - Processing /home/airflow/.local/lib/python3.7/site-packages/airflow/example_dags/example_dag_decorator.py took 0.255 seconds
[2023-04-07T15:26:58.492+0000] {processor.py:153} INFO - Started process (PID=1380) to work on /home/airflow/.local/lib/python3.7/site-packages/airflow/example_dags/example_dag_decorator.py
[2023-04-07T15:26:58.494+0000] {processor.py:743} INFO - Processing file /home/airflow/.local/lib/python3.7/site-packages/airflow/example_dags/example_dag_decorator.py for tasks to queue
[2023-04-07T15:26:58.494+0000] {logging_mixin.py:137} INFO - [2023-04-07T15:26:58.494+0000] {dagbag.py:532} INFO - Filling up the DagBag from /home/airflow/.local/lib/python3.7/site-packages/airflow/example_dags/example_dag_decorator.py
[2023-04-07T15:26:58.515+0000] {logging_mixin.py:137} INFO - [2023-04-07T15:26:58.514+0000] {taskmixin.py:211} WARNING - Dependency <Task(_PythonDecoratedOperator): prepare_email>, send_email already registered for DAG: example_dag_decorator
[2023-04-07T15:26:58.515+0000] {logging_mixin.py:137} INFO - [2023-04-07T15:26:58.515+0000] {taskmixin.py:211} WARNING - Dependency <Task(EmailOperator): send_email>, prepare_email already registered for DAG: example_dag_decorator
[2023-04-07T15:26:58.527+0000] {processor.py:753} INFO - DAG(s) dict_keys(['example_dag_decorator']) retrieved from /home/airflow/.local/lib/python3.7/site-packages/airflow/example_dags/example_dag_decorator.py
[2023-04-07T15:26:58.628+0000] {logging_mixin.py:137} INFO - [2023-04-07T15:26:58.628+0000] {dag.py:2705} INFO - Sync 1 DAGs
[2023-04-07T15:26:58.664+0000] {logging_mixin.py:137} INFO - [2023-04-07T15:26:58.664+0000] {dag.py:3456} INFO - Setting next_dagrun for example_dag_decorator to None, run_after=None
[2023-04-07T15:26:58.694+0000] {processor.py:175} INFO - Processing /home/airflow/.local/lib/python3.7/site-packages/airflow/example_dags/example_dag_decorator.py took 0.205 seconds
