[2023-04-07T12:41:53.718+0000] {processor.py:153} INFO - Started process (PID=293) to work on /home/airflow/.local/lib/python3.7/site-packages/airflow/example_dags/example_latest_only_with_trigger.py
[2023-04-07T12:41:53.718+0000] {processor.py:743} INFO - Processing file /home/airflow/.local/lib/python3.7/site-packages/airflow/example_dags/example_latest_only_with_trigger.py for tasks to queue
[2023-04-07T12:41:53.719+0000] {logging_mixin.py:137} INFO - [2023-04-07T12:41:53.718+0000] {dagbag.py:532} INFO - Filling up the DagBag from /home/airflow/.local/lib/python3.7/site-packages/airflow/example_dags/example_latest_only_with_trigger.py
[2023-04-07T12:41:53.733+0000] {processor.py:753} INFO - DAG(s) dict_keys(['latest_only_with_trigger']) retrieved from /home/airflow/.local/lib/python3.7/site-packages/airflow/example_dags/example_latest_only_with_trigger.py
[2023-04-07T12:41:53.757+0000] {logging_mixin.py:137} INFO - [2023-04-07T12:41:53.757+0000] {dag.py:2705} INFO - Sync 1 DAGs
[2023-04-07T12:41:53.791+0000] {logging_mixin.py:137} INFO - [2023-04-07T12:41:53.791+0000] {dag.py:3456} INFO - Setting next_dagrun for latest_only_with_trigger to 2023-04-07T08:41:53.791252+00:00, run_after=2023-04-07T12:41:53.791252+00:00
[2023-04-07T12:41:53.811+0000] {processor.py:175} INFO - Processing /home/airflow/.local/lib/python3.7/site-packages/airflow/example_dags/example_latest_only_with_trigger.py took 0.096 seconds
[2023-04-07T12:42:24.013+0000] {processor.py:153} INFO - Started process (PID=517) to work on /home/airflow/.local/lib/python3.7/site-packages/airflow/example_dags/example_latest_only_with_trigger.py
[2023-04-07T12:42:24.014+0000] {processor.py:743} INFO - Processing file /home/airflow/.local/lib/python3.7/site-packages/airflow/example_dags/example_latest_only_with_trigger.py for tasks to queue
[2023-04-07T12:42:24.014+0000] {logging_mixin.py:137} INFO - [2023-04-07T12:42:24.014+0000] {dagbag.py:532} INFO - Filling up the DagBag from /home/airflow/.local/lib/python3.7/site-packages/airflow/example_dags/example_latest_only_with_trigger.py
[2023-04-07T12:42:24.029+0000] {processor.py:753} INFO - DAG(s) dict_keys(['latest_only_with_trigger']) retrieved from /home/airflow/.local/lib/python3.7/site-packages/airflow/example_dags/example_latest_only_with_trigger.py
[2023-04-07T12:42:24.057+0000] {logging_mixin.py:137} INFO - [2023-04-07T12:42:24.056+0000] {dag.py:2705} INFO - Sync 1 DAGs
[2023-04-07T12:42:24.100+0000] {logging_mixin.py:137} INFO - [2023-04-07T12:42:24.100+0000] {dag.py:3456} INFO - Setting next_dagrun for latest_only_with_trigger to 2023-04-07T08:42:24.100043+00:00, run_after=2023-04-07T12:42:24.100043+00:00
[2023-04-07T12:42:24.121+0000] {processor.py:175} INFO - Processing /home/airflow/.local/lib/python3.7/site-packages/airflow/example_dags/example_latest_only_with_trigger.py took 0.111 seconds
[2023-04-07T12:42:54.532+0000] {processor.py:153} INFO - Started process (PID=740) to work on /home/airflow/.local/lib/python3.7/site-packages/airflow/example_dags/example_latest_only_with_trigger.py
[2023-04-07T12:42:54.533+0000] {processor.py:743} INFO - Processing file /home/airflow/.local/lib/python3.7/site-packages/airflow/example_dags/example_latest_only_with_trigger.py for tasks to queue
[2023-04-07T12:42:54.534+0000] {logging_mixin.py:137} INFO - [2023-04-07T12:42:54.534+0000] {dagbag.py:532} INFO - Filling up the DagBag from /home/airflow/.local/lib/python3.7/site-packages/airflow/example_dags/example_latest_only_with_trigger.py
[2023-04-07T12:42:54.550+0000] {processor.py:753} INFO - DAG(s) dict_keys(['latest_only_with_trigger']) retrieved from /home/airflow/.local/lib/python3.7/site-packages/airflow/example_dags/example_latest_only_with_trigger.py
[2023-04-07T12:42:54.578+0000] {logging_mixin.py:137} INFO - [2023-04-07T12:42:54.578+0000] {dag.py:2705} INFO - Sync 1 DAGs
[2023-04-07T12:42:54.616+0000] {logging_mixin.py:137} INFO - [2023-04-07T12:42:54.616+0000] {dag.py:3456} INFO - Setting next_dagrun for latest_only_with_trigger to 2023-04-07T08:42:54.616582+00:00, run_after=2023-04-07T12:42:54.616582+00:00
[2023-04-07T12:42:54.636+0000] {processor.py:175} INFO - Processing /home/airflow/.local/lib/python3.7/site-packages/airflow/example_dags/example_latest_only_with_trigger.py took 0.108 seconds
[2023-04-07T12:43:24.876+0000] {processor.py:153} INFO - Started process (PID=963) to work on /home/airflow/.local/lib/python3.7/site-packages/airflow/example_dags/example_latest_only_with_trigger.py
[2023-04-07T12:43:24.877+0000] {processor.py:743} INFO - Processing file /home/airflow/.local/lib/python3.7/site-packages/airflow/example_dags/example_latest_only_with_trigger.py for tasks to queue
[2023-04-07T12:43:24.877+0000] {logging_mixin.py:137} INFO - [2023-04-07T12:43:24.877+0000] {dagbag.py:532} INFO - Filling up the DagBag from /home/airflow/.local/lib/python3.7/site-packages/airflow/example_dags/example_latest_only_with_trigger.py
[2023-04-07T12:43:24.891+0000] {processor.py:753} INFO - DAG(s) dict_keys(['latest_only_with_trigger']) retrieved from /home/airflow/.local/lib/python3.7/site-packages/airflow/example_dags/example_latest_only_with_trigger.py
[2023-04-07T12:43:24.920+0000] {logging_mixin.py:137} INFO - [2023-04-07T12:43:24.920+0000] {dag.py:2705} INFO - Sync 1 DAGs
[2023-04-07T12:43:24.959+0000] {logging_mixin.py:137} INFO - [2023-04-07T12:43:24.958+0000] {dag.py:3456} INFO - Setting next_dagrun for latest_only_with_trigger to 2023-04-07T08:43:24.958697+00:00, run_after=2023-04-07T12:43:24.958697+00:00
[2023-04-07T12:43:24.980+0000] {processor.py:175} INFO - Processing /home/airflow/.local/lib/python3.7/site-packages/airflow/example_dags/example_latest_only_with_trigger.py took 0.107 seconds
[2023-04-07T12:43:55.158+0000] {processor.py:153} INFO - Started process (PID=1186) to work on /home/airflow/.local/lib/python3.7/site-packages/airflow/example_dags/example_latest_only_with_trigger.py
[2023-04-07T12:43:55.159+0000] {processor.py:743} INFO - Processing file /home/airflow/.local/lib/python3.7/site-packages/airflow/example_dags/example_latest_only_with_trigger.py for tasks to queue
[2023-04-07T12:43:55.159+0000] {logging_mixin.py:137} INFO - [2023-04-07T12:43:55.159+0000] {dagbag.py:532} INFO - Filling up the DagBag from /home/airflow/.local/lib/python3.7/site-packages/airflow/example_dags/example_latest_only_with_trigger.py
[2023-04-07T12:43:55.173+0000] {processor.py:753} INFO - DAG(s) dict_keys(['latest_only_with_trigger']) retrieved from /home/airflow/.local/lib/python3.7/site-packages/airflow/example_dags/example_latest_only_with_trigger.py
[2023-04-07T12:43:55.200+0000] {logging_mixin.py:137} INFO - [2023-04-07T12:43:55.200+0000] {dag.py:2705} INFO - Sync 1 DAGs
[2023-04-07T12:43:55.240+0000] {logging_mixin.py:137} INFO - [2023-04-07T12:43:55.240+0000] {dag.py:3456} INFO - Setting next_dagrun for latest_only_with_trigger to 2023-04-07T08:43:55.239842+00:00, run_after=2023-04-07T12:43:55.239842+00:00
[2023-04-07T12:43:55.263+0000] {processor.py:175} INFO - Processing /home/airflow/.local/lib/python3.7/site-packages/airflow/example_dags/example_latest_only_with_trigger.py took 0.110 seconds
[2023-04-07T12:44:25.300+0000] {processor.py:153} INFO - Started process (PID=1404) to work on /home/airflow/.local/lib/python3.7/site-packages/airflow/example_dags/example_latest_only_with_trigger.py
[2023-04-07T12:44:25.301+0000] {processor.py:743} INFO - Processing file /home/airflow/.local/lib/python3.7/site-packages/airflow/example_dags/example_latest_only_with_trigger.py for tasks to queue
[2023-04-07T12:44:25.301+0000] {logging_mixin.py:137} INFO - [2023-04-07T12:44:25.301+0000] {dagbag.py:532} INFO - Filling up the DagBag from /home/airflow/.local/lib/python3.7/site-packages/airflow/example_dags/example_latest_only_with_trigger.py
[2023-04-07T12:44:25.317+0000] {processor.py:753} INFO - DAG(s) dict_keys(['latest_only_with_trigger']) retrieved from /home/airflow/.local/lib/python3.7/site-packages/airflow/example_dags/example_latest_only_with_trigger.py
[2023-04-07T12:44:25.346+0000] {logging_mixin.py:137} INFO - [2023-04-07T12:44:25.346+0000] {dag.py:2705} INFO - Sync 1 DAGs
[2023-04-07T12:44:25.384+0000] {logging_mixin.py:137} INFO - [2023-04-07T12:44:25.384+0000] {dag.py:3456} INFO - Setting next_dagrun for latest_only_with_trigger to 2023-04-07T08:44:25.384399+00:00, run_after=2023-04-07T12:44:25.384399+00:00
[2023-04-07T12:44:25.411+0000] {processor.py:175} INFO - Processing /home/airflow/.local/lib/python3.7/site-packages/airflow/example_dags/example_latest_only_with_trigger.py took 0.114 seconds
[2023-04-07T12:44:56.707+0000] {processor.py:153} INFO - Started process (PID=1626) to work on /home/airflow/.local/lib/python3.7/site-packages/airflow/example_dags/example_latest_only_with_trigger.py
[2023-04-07T12:44:56.708+0000] {processor.py:743} INFO - Processing file /home/airflow/.local/lib/python3.7/site-packages/airflow/example_dags/example_latest_only_with_trigger.py for tasks to queue
[2023-04-07T12:44:56.708+0000] {logging_mixin.py:137} INFO - [2023-04-07T12:44:56.708+0000] {dagbag.py:532} INFO - Filling up the DagBag from /home/airflow/.local/lib/python3.7/site-packages/airflow/example_dags/example_latest_only_with_trigger.py
[2023-04-07T12:44:56.725+0000] {processor.py:753} INFO - DAG(s) dict_keys(['latest_only_with_trigger']) retrieved from /home/airflow/.local/lib/python3.7/site-packages/airflow/example_dags/example_latest_only_with_trigger.py
[2023-04-07T12:44:56.755+0000] {logging_mixin.py:137} INFO - [2023-04-07T12:44:56.754+0000] {dag.py:2705} INFO - Sync 1 DAGs
[2023-04-07T12:44:56.795+0000] {logging_mixin.py:137} INFO - [2023-04-07T12:44:56.794+0000] {dag.py:3456} INFO - Setting next_dagrun for latest_only_with_trigger to 2023-04-07T08:44:56.794678+00:00, run_after=2023-04-07T12:44:56.794678+00:00
[2023-04-07T12:44:56.815+0000] {processor.py:175} INFO - Processing /home/airflow/.local/lib/python3.7/site-packages/airflow/example_dags/example_latest_only_with_trigger.py took 0.110 seconds
[2023-04-07T12:45:27.676+0000] {processor.py:153} INFO - Started process (PID=1854) to work on /home/airflow/.local/lib/python3.7/site-packages/airflow/example_dags/example_latest_only_with_trigger.py
[2023-04-07T12:45:27.677+0000] {processor.py:743} INFO - Processing file /home/airflow/.local/lib/python3.7/site-packages/airflow/example_dags/example_latest_only_with_trigger.py for tasks to queue
[2023-04-07T12:45:27.677+0000] {logging_mixin.py:137} INFO - [2023-04-07T12:45:27.677+0000] {dagbag.py:532} INFO - Filling up the DagBag from /home/airflow/.local/lib/python3.7/site-packages/airflow/example_dags/example_latest_only_with_trigger.py
[2023-04-07T12:45:27.691+0000] {processor.py:753} INFO - DAG(s) dict_keys(['latest_only_with_trigger']) retrieved from /home/airflow/.local/lib/python3.7/site-packages/airflow/example_dags/example_latest_only_with_trigger.py
[2023-04-07T12:45:27.701+0000] {logging_mixin.py:137} INFO - [2023-04-07T12:45:27.701+0000] {dag.py:2705} INFO - Sync 1 DAGs
[2023-04-07T12:45:27.736+0000] {logging_mixin.py:137} INFO - [2023-04-07T12:45:27.736+0000] {dag.py:3456} INFO - Setting next_dagrun for latest_only_with_trigger to 2023-04-07T08:45:27.736405+00:00, run_after=2023-04-07T12:45:27.736405+00:00
[2023-04-07T12:45:27.755+0000] {processor.py:175} INFO - Processing /home/airflow/.local/lib/python3.7/site-packages/airflow/example_dags/example_latest_only_with_trigger.py took 0.082 seconds
[2023-04-07T12:45:58.264+0000] {processor.py:153} INFO - Started process (PID=2079) to work on /home/airflow/.local/lib/python3.7/site-packages/airflow/example_dags/example_latest_only_with_trigger.py
[2023-04-07T12:45:58.265+0000] {processor.py:743} INFO - Processing file /home/airflow/.local/lib/python3.7/site-packages/airflow/example_dags/example_latest_only_with_trigger.py for tasks to queue
[2023-04-07T12:45:58.266+0000] {logging_mixin.py:137} INFO - [2023-04-07T12:45:58.265+0000] {dagbag.py:532} INFO - Filling up the DagBag from /home/airflow/.local/lib/python3.7/site-packages/airflow/example_dags/example_latest_only_with_trigger.py
[2023-04-07T12:45:58.281+0000] {processor.py:753} INFO - DAG(s) dict_keys(['latest_only_with_trigger']) retrieved from /home/airflow/.local/lib/python3.7/site-packages/airflow/example_dags/example_latest_only_with_trigger.py
[2023-04-07T12:45:58.310+0000] {logging_mixin.py:137} INFO - [2023-04-07T12:45:58.310+0000] {dag.py:2705} INFO - Sync 1 DAGs
[2023-04-07T12:45:58.358+0000] {logging_mixin.py:137} INFO - [2023-04-07T12:45:58.357+0000] {dag.py:3456} INFO - Setting next_dagrun for latest_only_with_trigger to 2023-04-07T08:45:58.357615+00:00, run_after=2023-04-07T12:45:58.357615+00:00
[2023-04-07T12:45:58.385+0000] {processor.py:175} INFO - Processing /home/airflow/.local/lib/python3.7/site-packages/airflow/example_dags/example_latest_only_with_trigger.py took 0.124 seconds
