[2023-04-07T12:47:29.498+0000] {processor.py:153} INFO - Started process (PID=2771) to work on /home/airflow/.local/lib/python3.7/site-packages/airflow/example_dags/example_task_group.py
[2023-04-07T12:47:29.498+0000] {processor.py:743} INFO - Processing file /home/airflow/.local/lib/python3.7/site-packages/airflow/example_dags/example_task_group.py for tasks to queue
[2023-04-07T12:47:29.499+0000] {logging_mixin.py:137} INFO - [2023-04-07T12:47:29.499+0000] {dagbag.py:532} INFO - Filling up the DagBag from /home/airflow/.local/lib/python3.7/site-packages/airflow/example_dags/example_task_group.py
[2023-04-07T12:47:29.516+0000] {processor.py:753} INFO - DAG(s) dict_keys(['example_task_group']) retrieved from /home/airflow/.local/lib/python3.7/site-packages/airflow/example_dags/example_task_group.py
[2023-04-07T12:47:29.547+0000] {logging_mixin.py:137} INFO - [2023-04-07T12:47:29.547+0000] {dag.py:2705} INFO - Sync 1 DAGs
[2023-04-07T12:47:29.589+0000] {logging_mixin.py:137} INFO - [2023-04-07T12:47:29.589+0000] {dag.py:3456} INFO - Setting next_dagrun for example_task_group to 2023-04-06T12:47:29.589006+00:00, run_after=2023-04-07T12:47:29.589006+00:00
[2023-04-07T12:47:29.610+0000] {processor.py:175} INFO - Processing /home/airflow/.local/lib/python3.7/site-packages/airflow/example_dags/example_task_group.py took 0.116 seconds
[2023-04-07T12:47:59.663+0000] {processor.py:153} INFO - Started process (PID=2984) to work on /home/airflow/.local/lib/python3.7/site-packages/airflow/example_dags/example_task_group.py
[2023-04-07T12:47:59.664+0000] {processor.py:743} INFO - Processing file /home/airflow/.local/lib/python3.7/site-packages/airflow/example_dags/example_task_group.py for tasks to queue
[2023-04-07T12:47:59.664+0000] {logging_mixin.py:137} INFO - [2023-04-07T12:47:59.664+0000] {dagbag.py:532} INFO - Filling up the DagBag from /home/airflow/.local/lib/python3.7/site-packages/airflow/example_dags/example_task_group.py
[2023-04-07T12:47:59.681+0000] {processor.py:753} INFO - DAG(s) dict_keys(['example_task_group']) retrieved from /home/airflow/.local/lib/python3.7/site-packages/airflow/example_dags/example_task_group.py
[2023-04-07T12:47:59.710+0000] {logging_mixin.py:137} INFO - [2023-04-07T12:47:59.709+0000] {dag.py:2705} INFO - Sync 1 DAGs
[2023-04-07T12:47:59.747+0000] {logging_mixin.py:137} INFO - [2023-04-07T12:47:59.746+0000] {dag.py:3456} INFO - Setting next_dagrun for example_task_group to 2023-04-06T12:47:59.746687+00:00, run_after=2023-04-07T12:47:59.746687+00:00
[2023-04-07T12:47:59.766+0000] {processor.py:175} INFO - Processing /home/airflow/.local/lib/python3.7/site-packages/airflow/example_dags/example_task_group.py took 0.106 seconds
[2023-04-07T12:48:29.991+0000] {processor.py:153} INFO - Started process (PID=3202) to work on /home/airflow/.local/lib/python3.7/site-packages/airflow/example_dags/example_task_group.py
[2023-04-07T12:48:29.992+0000] {processor.py:743} INFO - Processing file /home/airflow/.local/lib/python3.7/site-packages/airflow/example_dags/example_task_group.py for tasks to queue
[2023-04-07T12:48:29.992+0000] {logging_mixin.py:137} INFO - [2023-04-07T12:48:29.992+0000] {dagbag.py:532} INFO - Filling up the DagBag from /home/airflow/.local/lib/python3.7/site-packages/airflow/example_dags/example_task_group.py
[2023-04-07T12:48:30.008+0000] {processor.py:753} INFO - DAG(s) dict_keys(['example_task_group']) retrieved from /home/airflow/.local/lib/python3.7/site-packages/airflow/example_dags/example_task_group.py
[2023-04-07T12:48:30.043+0000] {logging_mixin.py:137} INFO - [2023-04-07T12:48:30.043+0000] {dag.py:2705} INFO - Sync 1 DAGs
[2023-04-07T12:48:30.078+0000] {logging_mixin.py:137} INFO - [2023-04-07T12:48:30.078+0000] {dag.py:3456} INFO - Setting next_dagrun for example_task_group to 2023-04-06T12:48:30.078030+00:00, run_after=2023-04-07T12:48:30.078030+00:00
[2023-04-07T12:48:30.100+0000] {processor.py:175} INFO - Processing /home/airflow/.local/lib/python3.7/site-packages/airflow/example_dags/example_task_group.py took 0.113 seconds
[2023-04-07T12:49:01.141+0000] {processor.py:153} INFO - Started process (PID=3425) to work on /home/airflow/.local/lib/python3.7/site-packages/airflow/example_dags/example_task_group.py
[2023-04-07T12:49:01.142+0000] {processor.py:743} INFO - Processing file /home/airflow/.local/lib/python3.7/site-packages/airflow/example_dags/example_task_group.py for tasks to queue
[2023-04-07T12:49:01.142+0000] {logging_mixin.py:137} INFO - [2023-04-07T12:49:01.142+0000] {dagbag.py:532} INFO - Filling up the DagBag from /home/airflow/.local/lib/python3.7/site-packages/airflow/example_dags/example_task_group.py
[2023-04-07T12:49:01.158+0000] {processor.py:753} INFO - DAG(s) dict_keys(['example_task_group']) retrieved from /home/airflow/.local/lib/python3.7/site-packages/airflow/example_dags/example_task_group.py
[2023-04-07T12:49:01.189+0000] {logging_mixin.py:137} INFO - [2023-04-07T12:49:01.188+0000] {dag.py:2705} INFO - Sync 1 DAGs
[2023-04-07T12:49:01.229+0000] {logging_mixin.py:137} INFO - [2023-04-07T12:49:01.229+0000] {dag.py:3456} INFO - Setting next_dagrun for example_task_group to 2023-04-06T12:49:01.228788+00:00, run_after=2023-04-07T12:49:01.228788+00:00
[2023-04-07T12:49:01.249+0000] {processor.py:175} INFO - Processing /home/airflow/.local/lib/python3.7/site-packages/airflow/example_dags/example_task_group.py took 0.111 seconds
