[2023-04-07T12:47:28.814+0000] {processor.py:153} INFO - Started process (PID=2726) to work on /home/airflow/.local/lib/python3.7/site-packages/airflow/example_dags/example_skip_dag.py
[2023-04-07T12:47:28.814+0000] {processor.py:743} INFO - Processing file /home/airflow/.local/lib/python3.7/site-packages/airflow/example_dags/example_skip_dag.py for tasks to queue
[2023-04-07T12:47:28.815+0000] {logging_mixin.py:137} INFO - [2023-04-07T12:47:28.815+0000] {dagbag.py:532} INFO - Filling up the DagBag from /home/airflow/.local/lib/python3.7/site-packages/airflow/example_dags/example_skip_dag.py
[2023-04-07T12:47:28.830+0000] {processor.py:753} INFO - DAG(s) dict_keys(['example_skip_dag']) retrieved from /home/airflow/.local/lib/python3.7/site-packages/airflow/example_dags/example_skip_dag.py
[2023-04-07T12:47:28.857+0000] {logging_mixin.py:137} INFO - [2023-04-07T12:47:28.857+0000] {dag.py:2705} INFO - Sync 1 DAGs
[2023-04-07T12:47:28.898+0000] {logging_mixin.py:137} INFO - [2023-04-07T12:47:28.897+0000] {dag.py:3456} INFO - Setting next_dagrun for example_skip_dag to 2023-04-06T12:47:28.897598+00:00, run_after=2023-04-07T12:47:28.897598+00:00
[2023-04-07T12:47:28.921+0000] {processor.py:175} INFO - Processing /home/airflow/.local/lib/python3.7/site-packages/airflow/example_dags/example_skip_dag.py took 0.110 seconds
[2023-04-07T12:47:59.095+0000] {processor.py:153} INFO - Started process (PID=2944) to work on /home/airflow/.local/lib/python3.7/site-packages/airflow/example_dags/example_skip_dag.py
[2023-04-07T12:47:59.096+0000] {processor.py:743} INFO - Processing file /home/airflow/.local/lib/python3.7/site-packages/airflow/example_dags/example_skip_dag.py for tasks to queue
[2023-04-07T12:47:59.097+0000] {logging_mixin.py:137} INFO - [2023-04-07T12:47:59.097+0000] {dagbag.py:532} INFO - Filling up the DagBag from /home/airflow/.local/lib/python3.7/site-packages/airflow/example_dags/example_skip_dag.py
[2023-04-07T12:47:59.115+0000] {processor.py:753} INFO - DAG(s) dict_keys(['example_skip_dag']) retrieved from /home/airflow/.local/lib/python3.7/site-packages/airflow/example_dags/example_skip_dag.py
[2023-04-07T12:47:59.148+0000] {logging_mixin.py:137} INFO - [2023-04-07T12:47:59.148+0000] {dag.py:2705} INFO - Sync 1 DAGs
[2023-04-07T12:47:59.192+0000] {logging_mixin.py:137} INFO - [2023-04-07T12:47:59.192+0000] {dag.py:3456} INFO - Setting next_dagrun for example_skip_dag to 2023-04-06T12:47:59.191996+00:00, run_after=2023-04-07T12:47:59.191996+00:00
[2023-04-07T12:47:59.215+0000] {processor.py:175} INFO - Processing /home/airflow/.local/lib/python3.7/site-packages/airflow/example_dags/example_skip_dag.py took 0.122 seconds
[2023-04-07T12:48:29.413+0000] {processor.py:153} INFO - Started process (PID=3162) to work on /home/airflow/.local/lib/python3.7/site-packages/airflow/example_dags/example_skip_dag.py
[2023-04-07T12:48:29.414+0000] {processor.py:743} INFO - Processing file /home/airflow/.local/lib/python3.7/site-packages/airflow/example_dags/example_skip_dag.py for tasks to queue
[2023-04-07T12:48:29.414+0000] {logging_mixin.py:137} INFO - [2023-04-07T12:48:29.414+0000] {dagbag.py:532} INFO - Filling up the DagBag from /home/airflow/.local/lib/python3.7/site-packages/airflow/example_dags/example_skip_dag.py
[2023-04-07T12:48:29.432+0000] {processor.py:753} INFO - DAG(s) dict_keys(['example_skip_dag']) retrieved from /home/airflow/.local/lib/python3.7/site-packages/airflow/example_dags/example_skip_dag.py
[2023-04-07T12:48:29.459+0000] {logging_mixin.py:137} INFO - [2023-04-07T12:48:29.459+0000] {dag.py:2705} INFO - Sync 1 DAGs
[2023-04-07T12:48:29.502+0000] {logging_mixin.py:137} INFO - [2023-04-07T12:48:29.502+0000] {dag.py:3456} INFO - Setting next_dagrun for example_skip_dag to 2023-04-06T12:48:29.501992+00:00, run_after=2023-04-07T12:48:29.501992+00:00
[2023-04-07T12:48:29.530+0000] {processor.py:175} INFO - Processing /home/airflow/.local/lib/python3.7/site-packages/airflow/example_dags/example_skip_dag.py took 0.119 seconds
[2023-04-07T12:49:00.491+0000] {processor.py:153} INFO - Started process (PID=3380) to work on /home/airflow/.local/lib/python3.7/site-packages/airflow/example_dags/example_skip_dag.py
[2023-04-07T12:49:00.492+0000] {processor.py:743} INFO - Processing file /home/airflow/.local/lib/python3.7/site-packages/airflow/example_dags/example_skip_dag.py for tasks to queue
[2023-04-07T12:49:00.493+0000] {logging_mixin.py:137} INFO - [2023-04-07T12:49:00.493+0000] {dagbag.py:532} INFO - Filling up the DagBag from /home/airflow/.local/lib/python3.7/site-packages/airflow/example_dags/example_skip_dag.py
[2023-04-07T12:49:00.509+0000] {processor.py:753} INFO - DAG(s) dict_keys(['example_skip_dag']) retrieved from /home/airflow/.local/lib/python3.7/site-packages/airflow/example_dags/example_skip_dag.py
[2023-04-07T12:49:00.541+0000] {logging_mixin.py:137} INFO - [2023-04-07T12:49:00.540+0000] {dag.py:2705} INFO - Sync 1 DAGs
[2023-04-07T12:49:00.577+0000] {logging_mixin.py:137} INFO - [2023-04-07T12:49:00.577+0000] {dag.py:3456} INFO - Setting next_dagrun for example_skip_dag to 2023-04-06T12:49:00.577175+00:00, run_after=2023-04-07T12:49:00.577175+00:00
[2023-04-07T12:49:00.598+0000] {processor.py:175} INFO - Processing /home/airflow/.local/lib/python3.7/site-packages/airflow/example_dags/example_skip_dag.py took 0.110 seconds
