[2023-04-07T14:59:11.771+0000] {processor.py:153} INFO - Started process (PID=365) to work on /home/airflow/.local/lib/python3.7/site-packages/airflow/example_dags/example_short_circuit_operator.py
[2023-04-07T14:59:11.772+0000] {processor.py:743} INFO - Processing file /home/airflow/.local/lib/python3.7/site-packages/airflow/example_dags/example_short_circuit_operator.py for tasks to queue
[2023-04-07T14:59:11.772+0000] {logging_mixin.py:137} INFO - [2023-04-07T14:59:11.772+0000] {dagbag.py:532} INFO - Filling up the DagBag from /home/airflow/.local/lib/python3.7/site-packages/airflow/example_dags/example_short_circuit_operator.py
[2023-04-07T14:59:11.789+0000] {processor.py:753} INFO - DAG(s) dict_keys(['example_short_circuit_operator']) retrieved from /home/airflow/.local/lib/python3.7/site-packages/airflow/example_dags/example_short_circuit_operator.py
[2023-04-07T14:59:11.879+0000] {logging_mixin.py:137} INFO - [2023-04-07T14:59:11.879+0000] {dag.py:2705} INFO - Sync 1 DAGs
[2023-04-07T14:59:11.909+0000] {logging_mixin.py:137} INFO - [2023-04-07T14:59:11.908+0000] {dag.py:3456} INFO - Setting next_dagrun for example_short_circuit_operator to 2023-04-06T14:59:11.908719+00:00, run_after=2023-04-07T14:59:11.908719+00:00
[2023-04-07T14:59:11.930+0000] {processor.py:175} INFO - Processing /home/airflow/.local/lib/python3.7/site-packages/airflow/example_dags/example_short_circuit_operator.py took 0.161 seconds
[2023-04-07T14:59:41.966+0000] {processor.py:153} INFO - Started process (PID=585) to work on /home/airflow/.local/lib/python3.7/site-packages/airflow/example_dags/example_short_circuit_operator.py
[2023-04-07T14:59:41.971+0000] {processor.py:743} INFO - Processing file /home/airflow/.local/lib/python3.7/site-packages/airflow/example_dags/example_short_circuit_operator.py for tasks to queue
[2023-04-07T14:59:41.972+0000] {logging_mixin.py:137} INFO - [2023-04-07T14:59:41.972+0000] {dagbag.py:532} INFO - Filling up the DagBag from /home/airflow/.local/lib/python3.7/site-packages/airflow/example_dags/example_short_circuit_operator.py
[2023-04-07T14:59:41.989+0000] {processor.py:753} INFO - DAG(s) dict_keys(['example_short_circuit_operator']) retrieved from /home/airflow/.local/lib/python3.7/site-packages/airflow/example_dags/example_short_circuit_operator.py
[2023-04-07T14:59:41.999+0000] {logging_mixin.py:137} INFO - [2023-04-07T14:59:41.999+0000] {dag.py:2705} INFO - Sync 1 DAGs
[2023-04-07T14:59:42.032+0000] {logging_mixin.py:137} INFO - [2023-04-07T14:59:42.032+0000] {dag.py:3456} INFO - Setting next_dagrun for example_short_circuit_operator to 2023-04-06T14:59:42.032071+00:00, run_after=2023-04-07T14:59:42.032071+00:00
[2023-04-07T14:59:42.053+0000] {processor.py:175} INFO - Processing /home/airflow/.local/lib/python3.7/site-packages/airflow/example_dags/example_short_circuit_operator.py took 0.089 seconds
[2023-04-07T15:00:12.191+0000] {processor.py:153} INFO - Started process (PID=806) to work on /home/airflow/.local/lib/python3.7/site-packages/airflow/example_dags/example_short_circuit_operator.py
[2023-04-07T15:00:12.191+0000] {processor.py:743} INFO - Processing file /home/airflow/.local/lib/python3.7/site-packages/airflow/example_dags/example_short_circuit_operator.py for tasks to queue
[2023-04-07T15:00:12.192+0000] {logging_mixin.py:137} INFO - [2023-04-07T15:00:12.192+0000] {dagbag.py:532} INFO - Filling up the DagBag from /home/airflow/.local/lib/python3.7/site-packages/airflow/example_dags/example_short_circuit_operator.py
[2023-04-07T15:00:12.207+0000] {processor.py:753} INFO - DAG(s) dict_keys(['example_short_circuit_operator']) retrieved from /home/airflow/.local/lib/python3.7/site-packages/airflow/example_dags/example_short_circuit_operator.py
[2023-04-07T15:00:12.235+0000] {logging_mixin.py:137} INFO - [2023-04-07T15:00:12.235+0000] {dag.py:2705} INFO - Sync 1 DAGs
[2023-04-07T15:00:12.263+0000] {logging_mixin.py:137} INFO - [2023-04-07T15:00:12.263+0000] {dag.py:3456} INFO - Setting next_dagrun for example_short_circuit_operator to 2023-04-06T15:00:12.263579+00:00, run_after=2023-04-07T15:00:12.263579+00:00
[2023-04-07T15:00:12.284+0000] {processor.py:175} INFO - Processing /home/airflow/.local/lib/python3.7/site-packages/airflow/example_dags/example_short_circuit_operator.py took 0.097 seconds
[2023-04-07T15:00:42.910+0000] {processor.py:153} INFO - Started process (PID=1047) to work on /home/airflow/.local/lib/python3.7/site-packages/airflow/example_dags/example_short_circuit_operator.py
[2023-04-07T15:00:42.910+0000] {processor.py:743} INFO - Processing file /home/airflow/.local/lib/python3.7/site-packages/airflow/example_dags/example_short_circuit_operator.py for tasks to queue
[2023-04-07T15:00:42.915+0000] {logging_mixin.py:137} INFO - [2023-04-07T15:00:42.915+0000] {dagbag.py:532} INFO - Filling up the DagBag from /home/airflow/.local/lib/python3.7/site-packages/airflow/example_dags/example_short_circuit_operator.py
[2023-04-07T15:00:42.934+0000] {processor.py:753} INFO - DAG(s) dict_keys(['example_short_circuit_operator']) retrieved from /home/airflow/.local/lib/python3.7/site-packages/airflow/example_dags/example_short_circuit_operator.py
[2023-04-07T15:00:42.970+0000] {logging_mixin.py:137} INFO - [2023-04-07T15:00:42.970+0000] {dag.py:2705} INFO - Sync 1 DAGs
[2023-04-07T15:00:43.004+0000] {logging_mixin.py:137} INFO - [2023-04-07T15:00:43.003+0000] {dag.py:3456} INFO - Setting next_dagrun for example_short_circuit_operator to 2023-04-06T15:00:43.003539+00:00, run_after=2023-04-07T15:00:43.003539+00:00
[2023-04-07T15:00:43.032+0000] {processor.py:175} INFO - Processing /home/airflow/.local/lib/python3.7/site-packages/airflow/example_dags/example_short_circuit_operator.py took 0.125 seconds
[2023-04-07T15:01:13.177+0000] {processor.py:153} INFO - Started process (PID=1270) to work on /home/airflow/.local/lib/python3.7/site-packages/airflow/example_dags/example_short_circuit_operator.py
[2023-04-07T15:01:13.178+0000] {processor.py:743} INFO - Processing file /home/airflow/.local/lib/python3.7/site-packages/airflow/example_dags/example_short_circuit_operator.py for tasks to queue
[2023-04-07T15:01:13.178+0000] {logging_mixin.py:137} INFO - [2023-04-07T15:01:13.178+0000] {dagbag.py:532} INFO - Filling up the DagBag from /home/airflow/.local/lib/python3.7/site-packages/airflow/example_dags/example_short_circuit_operator.py
[2023-04-07T15:01:13.196+0000] {processor.py:753} INFO - DAG(s) dict_keys(['example_short_circuit_operator']) retrieved from /home/airflow/.local/lib/python3.7/site-packages/airflow/example_dags/example_short_circuit_operator.py
[2023-04-07T15:01:13.230+0000] {logging_mixin.py:137} INFO - [2023-04-07T15:01:13.230+0000] {dag.py:2705} INFO - Sync 1 DAGs
[2023-04-07T15:01:13.263+0000] {logging_mixin.py:137} INFO - [2023-04-07T15:01:13.263+0000] {dag.py:3456} INFO - Setting next_dagrun for example_short_circuit_operator to 2023-04-06T15:01:13.263583+00:00, run_after=2023-04-07T15:01:13.263583+00:00
[2023-04-07T15:01:13.284+0000] {processor.py:175} INFO - Processing /home/airflow/.local/lib/python3.7/site-packages/airflow/example_dags/example_short_circuit_operator.py took 0.109 seconds
[2023-04-07T15:01:43.348+0000] {processor.py:153} INFO - Started process (PID=1493) to work on /home/airflow/.local/lib/python3.7/site-packages/airflow/example_dags/example_short_circuit_operator.py
[2023-04-07T15:01:43.349+0000] {processor.py:743} INFO - Processing file /home/airflow/.local/lib/python3.7/site-packages/airflow/example_dags/example_short_circuit_operator.py for tasks to queue
[2023-04-07T15:01:43.349+0000] {logging_mixin.py:137} INFO - [2023-04-07T15:01:43.349+0000] {dagbag.py:532} INFO - Filling up the DagBag from /home/airflow/.local/lib/python3.7/site-packages/airflow/example_dags/example_short_circuit_operator.py
[2023-04-07T15:01:43.365+0000] {processor.py:753} INFO - DAG(s) dict_keys(['example_short_circuit_operator']) retrieved from /home/airflow/.local/lib/python3.7/site-packages/airflow/example_dags/example_short_circuit_operator.py
[2023-04-07T15:01:43.393+0000] {logging_mixin.py:137} INFO - [2023-04-07T15:01:43.393+0000] {dag.py:2705} INFO - Sync 1 DAGs
[2023-04-07T15:01:43.421+0000] {logging_mixin.py:137} INFO - [2023-04-07T15:01:43.421+0000] {dag.py:3456} INFO - Setting next_dagrun for example_short_circuit_operator to 2023-04-06T15:01:43.421252+00:00, run_after=2023-04-07T15:01:43.421252+00:00
[2023-04-07T15:01:43.438+0000] {processor.py:175} INFO - Processing /home/airflow/.local/lib/python3.7/site-packages/airflow/example_dags/example_short_circuit_operator.py took 0.092 seconds
[2023-04-07T15:02:14.301+0000] {processor.py:153} INFO - Started process (PID=1732) to work on /home/airflow/.local/lib/python3.7/site-packages/airflow/example_dags/example_short_circuit_operator.py
[2023-04-07T15:02:14.305+0000] {processor.py:743} INFO - Processing file /home/airflow/.local/lib/python3.7/site-packages/airflow/example_dags/example_short_circuit_operator.py for tasks to queue
[2023-04-07T15:02:14.306+0000] {logging_mixin.py:137} INFO - [2023-04-07T15:02:14.306+0000] {dagbag.py:532} INFO - Filling up the DagBag from /home/airflow/.local/lib/python3.7/site-packages/airflow/example_dags/example_short_circuit_operator.py
[2023-04-07T15:02:14.326+0000] {processor.py:753} INFO - DAG(s) dict_keys(['example_short_circuit_operator']) retrieved from /home/airflow/.local/lib/python3.7/site-packages/airflow/example_dags/example_short_circuit_operator.py
[2023-04-07T15:02:14.357+0000] {logging_mixin.py:137} INFO - [2023-04-07T15:02:14.357+0000] {dag.py:2705} INFO - Sync 1 DAGs
[2023-04-07T15:02:14.387+0000] {logging_mixin.py:137} INFO - [2023-04-07T15:02:14.387+0000] {dag.py:3456} INFO - Setting next_dagrun for example_short_circuit_operator to 2023-04-06T15:02:14.387205+00:00, run_after=2023-04-07T15:02:14.387205+00:00
[2023-04-07T15:02:14.407+0000] {processor.py:175} INFO - Processing /home/airflow/.local/lib/python3.7/site-packages/airflow/example_dags/example_short_circuit_operator.py took 0.108 seconds
[2023-04-07T15:02:44.624+0000] {processor.py:153} INFO - Started process (PID=1970) to work on /home/airflow/.local/lib/python3.7/site-packages/airflow/example_dags/example_short_circuit_operator.py
[2023-04-07T15:02:44.624+0000] {processor.py:743} INFO - Processing file /home/airflow/.local/lib/python3.7/site-packages/airflow/example_dags/example_short_circuit_operator.py for tasks to queue
[2023-04-07T15:02:44.626+0000] {logging_mixin.py:137} INFO - [2023-04-07T15:02:44.625+0000] {dagbag.py:532} INFO - Filling up the DagBag from /home/airflow/.local/lib/python3.7/site-packages/airflow/example_dags/example_short_circuit_operator.py
[2023-04-07T15:02:44.644+0000] {processor.py:753} INFO - DAG(s) dict_keys(['example_short_circuit_operator']) retrieved from /home/airflow/.local/lib/python3.7/site-packages/airflow/example_dags/example_short_circuit_operator.py
[2023-04-07T15:02:44.672+0000] {logging_mixin.py:137} INFO - [2023-04-07T15:02:44.672+0000] {dag.py:2705} INFO - Sync 1 DAGs
[2023-04-07T15:02:44.703+0000] {logging_mixin.py:137} INFO - [2023-04-07T15:02:44.703+0000] {dag.py:3456} INFO - Setting next_dagrun for example_short_circuit_operator to 2023-04-06T15:02:44.703162+00:00, run_after=2023-04-07T15:02:44.703162+00:00
[2023-04-07T15:02:44.723+0000] {processor.py:175} INFO - Processing /home/airflow/.local/lib/python3.7/site-packages/airflow/example_dags/example_short_circuit_operator.py took 0.102 seconds
[2023-04-07T15:03:14.806+0000] {processor.py:153} INFO - Started process (PID=2198) to work on /home/airflow/.local/lib/python3.7/site-packages/airflow/example_dags/example_short_circuit_operator.py
[2023-04-07T15:03:14.807+0000] {processor.py:743} INFO - Processing file /home/airflow/.local/lib/python3.7/site-packages/airflow/example_dags/example_short_circuit_operator.py for tasks to queue
[2023-04-07T15:03:14.807+0000] {logging_mixin.py:137} INFO - [2023-04-07T15:03:14.807+0000] {dagbag.py:532} INFO - Filling up the DagBag from /home/airflow/.local/lib/python3.7/site-packages/airflow/example_dags/example_short_circuit_operator.py
[2023-04-07T15:03:14.824+0000] {processor.py:753} INFO - DAG(s) dict_keys(['example_short_circuit_operator']) retrieved from /home/airflow/.local/lib/python3.7/site-packages/airflow/example_dags/example_short_circuit_operator.py
[2023-04-07T15:03:14.857+0000] {logging_mixin.py:137} INFO - [2023-04-07T15:03:14.856+0000] {dag.py:2705} INFO - Sync 1 DAGs
[2023-04-07T15:03:14.891+0000] {logging_mixin.py:137} INFO - [2023-04-07T15:03:14.890+0000] {dag.py:3456} INFO - Setting next_dagrun for example_short_circuit_operator to 2023-04-06T15:03:14.890559+00:00, run_after=2023-04-07T15:03:14.890559+00:00
[2023-04-07T15:03:14.911+0000] {processor.py:175} INFO - Processing /home/airflow/.local/lib/python3.7/site-packages/airflow/example_dags/example_short_circuit_operator.py took 0.108 seconds
[2023-04-07T15:03:45.178+0000] {processor.py:153} INFO - Started process (PID=2447) to work on /home/airflow/.local/lib/python3.7/site-packages/airflow/example_dags/example_short_circuit_operator.py
[2023-04-07T15:03:45.179+0000] {processor.py:743} INFO - Processing file /home/airflow/.local/lib/python3.7/site-packages/airflow/example_dags/example_short_circuit_operator.py for tasks to queue
[2023-04-07T15:03:45.179+0000] {logging_mixin.py:137} INFO - [2023-04-07T15:03:45.179+0000] {dagbag.py:532} INFO - Filling up the DagBag from /home/airflow/.local/lib/python3.7/site-packages/airflow/example_dags/example_short_circuit_operator.py
[2023-04-07T15:03:45.199+0000] {processor.py:753} INFO - DAG(s) dict_keys(['example_short_circuit_operator']) retrieved from /home/airflow/.local/lib/python3.7/site-packages/airflow/example_dags/example_short_circuit_operator.py
[2023-04-07T15:03:45.237+0000] {logging_mixin.py:137} INFO - [2023-04-07T15:03:45.236+0000] {dag.py:2705} INFO - Sync 1 DAGs
[2023-04-07T15:03:45.274+0000] {logging_mixin.py:137} INFO - [2023-04-07T15:03:45.274+0000] {dag.py:3456} INFO - Setting next_dagrun for example_short_circuit_operator to 2023-04-06T15:03:45.274574+00:00, run_after=2023-04-07T15:03:45.274574+00:00
[2023-04-07T15:03:45.304+0000] {processor.py:175} INFO - Processing /home/airflow/.local/lib/python3.7/site-packages/airflow/example_dags/example_short_circuit_operator.py took 0.130 seconds
[2023-04-07T15:04:15.415+0000] {processor.py:153} INFO - Started process (PID=2708) to work on /home/airflow/.local/lib/python3.7/site-packages/airflow/example_dags/example_short_circuit_operator.py
[2023-04-07T15:04:15.415+0000] {processor.py:743} INFO - Processing file /home/airflow/.local/lib/python3.7/site-packages/airflow/example_dags/example_short_circuit_operator.py for tasks to queue
[2023-04-07T15:04:15.416+0000] {logging_mixin.py:137} INFO - [2023-04-07T15:04:15.416+0000] {dagbag.py:532} INFO - Filling up the DagBag from /home/airflow/.local/lib/python3.7/site-packages/airflow/example_dags/example_short_circuit_operator.py
[2023-04-07T15:04:15.432+0000] {processor.py:753} INFO - DAG(s) dict_keys(['example_short_circuit_operator']) retrieved from /home/airflow/.local/lib/python3.7/site-packages/airflow/example_dags/example_short_circuit_operator.py
[2023-04-07T15:04:15.465+0000] {logging_mixin.py:137} INFO - [2023-04-07T15:04:15.465+0000] {dag.py:2705} INFO - Sync 1 DAGs
[2023-04-07T15:04:15.498+0000] {logging_mixin.py:137} INFO - [2023-04-07T15:04:15.497+0000] {dag.py:3456} INFO - Setting next_dagrun for example_short_circuit_operator to 2023-04-06T15:04:15.497554+00:00, run_after=2023-04-07T15:04:15.497554+00:00
[2023-04-07T15:04:15.519+0000] {processor.py:175} INFO - Processing /home/airflow/.local/lib/python3.7/site-packages/airflow/example_dags/example_short_circuit_operator.py took 0.107 seconds
[2023-04-07T15:04:45.796+0000] {processor.py:153} INFO - Started process (PID=2931) to work on /home/airflow/.local/lib/python3.7/site-packages/airflow/example_dags/example_short_circuit_operator.py
[2023-04-07T15:04:45.797+0000] {processor.py:743} INFO - Processing file /home/airflow/.local/lib/python3.7/site-packages/airflow/example_dags/example_short_circuit_operator.py for tasks to queue
[2023-04-07T15:04:45.797+0000] {logging_mixin.py:137} INFO - [2023-04-07T15:04:45.797+0000] {dagbag.py:532} INFO - Filling up the DagBag from /home/airflow/.local/lib/python3.7/site-packages/airflow/example_dags/example_short_circuit_operator.py
[2023-04-07T15:04:45.814+0000] {processor.py:753} INFO - DAG(s) dict_keys(['example_short_circuit_operator']) retrieved from /home/airflow/.local/lib/python3.7/site-packages/airflow/example_dags/example_short_circuit_operator.py
[2023-04-07T15:04:45.848+0000] {logging_mixin.py:137} INFO - [2023-04-07T15:04:45.848+0000] {dag.py:2705} INFO - Sync 1 DAGs
[2023-04-07T15:04:45.881+0000] {logging_mixin.py:137} INFO - [2023-04-07T15:04:45.881+0000] {dag.py:3456} INFO - Setting next_dagrun for example_short_circuit_operator to 2023-04-06T15:04:45.880983+00:00, run_after=2023-04-07T15:04:45.880983+00:00
[2023-04-07T15:04:45.905+0000] {processor.py:175} INFO - Processing /home/airflow/.local/lib/python3.7/site-packages/airflow/example_dags/example_short_circuit_operator.py took 0.111 seconds
[2023-04-07T15:07:33.166+0000] {processor.py:153} INFO - Started process (PID=316) to work on /home/airflow/.local/lib/python3.7/site-packages/airflow/example_dags/example_short_circuit_operator.py
[2023-04-07T15:07:33.166+0000] {processor.py:743} INFO - Processing file /home/airflow/.local/lib/python3.7/site-packages/airflow/example_dags/example_short_circuit_operator.py for tasks to queue
[2023-04-07T15:07:33.167+0000] {logging_mixin.py:137} INFO - [2023-04-07T15:07:33.166+0000] {dagbag.py:532} INFO - Filling up the DagBag from /home/airflow/.local/lib/python3.7/site-packages/airflow/example_dags/example_short_circuit_operator.py
[2023-04-07T15:07:33.182+0000] {processor.py:753} INFO - DAG(s) dict_keys(['example_short_circuit_operator']) retrieved from /home/airflow/.local/lib/python3.7/site-packages/airflow/example_dags/example_short_circuit_operator.py
[2023-04-07T15:07:33.212+0000] {logging_mixin.py:137} INFO - [2023-04-07T15:07:33.212+0000] {dag.py:2705} INFO - Sync 1 DAGs
[2023-04-07T15:07:33.244+0000] {logging_mixin.py:137} INFO - [2023-04-07T15:07:33.244+0000] {dag.py:3456} INFO - Setting next_dagrun for example_short_circuit_operator to 2023-04-06T15:07:33.244414+00:00, run_after=2023-04-07T15:07:33.244414+00:00
[2023-04-07T15:07:33.262+0000] {processor.py:175} INFO - Processing /home/airflow/.local/lib/python3.7/site-packages/airflow/example_dags/example_short_circuit_operator.py took 0.099 seconds
[2023-04-07T15:08:03.919+0000] {processor.py:153} INFO - Started process (PID=539) to work on /home/airflow/.local/lib/python3.7/site-packages/airflow/example_dags/example_short_circuit_operator.py
[2023-04-07T15:08:03.920+0000] {processor.py:743} INFO - Processing file /home/airflow/.local/lib/python3.7/site-packages/airflow/example_dags/example_short_circuit_operator.py for tasks to queue
[2023-04-07T15:08:03.921+0000] {logging_mixin.py:137} INFO - [2023-04-07T15:08:03.920+0000] {dagbag.py:532} INFO - Filling up the DagBag from /home/airflow/.local/lib/python3.7/site-packages/airflow/example_dags/example_short_circuit_operator.py
[2023-04-07T15:08:03.937+0000] {processor.py:753} INFO - DAG(s) dict_keys(['example_short_circuit_operator']) retrieved from /home/airflow/.local/lib/python3.7/site-packages/airflow/example_dags/example_short_circuit_operator.py
[2023-04-07T15:08:03.966+0000] {logging_mixin.py:137} INFO - [2023-04-07T15:08:03.965+0000] {dag.py:2705} INFO - Sync 1 DAGs
[2023-04-07T15:08:03.998+0000] {logging_mixin.py:137} INFO - [2023-04-07T15:08:03.998+0000] {dag.py:3456} INFO - Setting next_dagrun for example_short_circuit_operator to 2023-04-06T15:08:03.998113+00:00, run_after=2023-04-07T15:08:03.998113+00:00
[2023-04-07T15:08:04.015+0000] {processor.py:175} INFO - Processing /home/airflow/.local/lib/python3.7/site-packages/airflow/example_dags/example_short_circuit_operator.py took 0.098 seconds
[2023-04-07T15:08:35.105+0000] {processor.py:153} INFO - Started process (PID=762) to work on /home/airflow/.local/lib/python3.7/site-packages/airflow/example_dags/example_short_circuit_operator.py
[2023-04-07T15:08:35.106+0000] {processor.py:743} INFO - Processing file /home/airflow/.local/lib/python3.7/site-packages/airflow/example_dags/example_short_circuit_operator.py for tasks to queue
[2023-04-07T15:08:35.106+0000] {logging_mixin.py:137} INFO - [2023-04-07T15:08:35.106+0000] {dagbag.py:532} INFO - Filling up the DagBag from /home/airflow/.local/lib/python3.7/site-packages/airflow/example_dags/example_short_circuit_operator.py
[2023-04-07T15:08:35.125+0000] {processor.py:753} INFO - DAG(s) dict_keys(['example_short_circuit_operator']) retrieved from /home/airflow/.local/lib/python3.7/site-packages/airflow/example_dags/example_short_circuit_operator.py
[2023-04-07T15:08:35.156+0000] {logging_mixin.py:137} INFO - [2023-04-07T15:08:35.156+0000] {dag.py:2705} INFO - Sync 1 DAGs
[2023-04-07T15:08:35.198+0000] {logging_mixin.py:137} INFO - [2023-04-07T15:08:35.198+0000] {dag.py:3456} INFO - Setting next_dagrun for example_short_circuit_operator to 2023-04-06T15:08:35.198458+00:00, run_after=2023-04-07T15:08:35.198458+00:00
[2023-04-07T15:08:35.222+0000] {processor.py:175} INFO - Processing /home/airflow/.local/lib/python3.7/site-packages/airflow/example_dags/example_short_circuit_operator.py took 0.119 seconds
[2023-04-07T15:09:06.012+0000] {processor.py:153} INFO - Started process (PID=988) to work on /home/airflow/.local/lib/python3.7/site-packages/airflow/example_dags/example_short_circuit_operator.py
[2023-04-07T15:09:06.012+0000] {processor.py:743} INFO - Processing file /home/airflow/.local/lib/python3.7/site-packages/airflow/example_dags/example_short_circuit_operator.py for tasks to queue
[2023-04-07T15:09:06.013+0000] {logging_mixin.py:137} INFO - [2023-04-07T15:09:06.013+0000] {dagbag.py:532} INFO - Filling up the DagBag from /home/airflow/.local/lib/python3.7/site-packages/airflow/example_dags/example_short_circuit_operator.py
[2023-04-07T15:09:06.033+0000] {processor.py:753} INFO - DAG(s) dict_keys(['example_short_circuit_operator']) retrieved from /home/airflow/.local/lib/python3.7/site-packages/airflow/example_dags/example_short_circuit_operator.py
[2023-04-07T15:09:06.074+0000] {logging_mixin.py:137} INFO - [2023-04-07T15:09:06.074+0000] {dag.py:2705} INFO - Sync 1 DAGs
[2023-04-07T15:09:06.120+0000] {logging_mixin.py:137} INFO - [2023-04-07T15:09:06.119+0000] {dag.py:3456} INFO - Setting next_dagrun for example_short_circuit_operator to 2023-04-06T15:09:06.119754+00:00, run_after=2023-04-07T15:09:06.119754+00:00
[2023-04-07T15:09:06.152+0000] {processor.py:175} INFO - Processing /home/airflow/.local/lib/python3.7/site-packages/airflow/example_dags/example_short_circuit_operator.py took 0.143 seconds
[2023-04-07T15:09:36.238+0000] {processor.py:153} INFO - Started process (PID=1220) to work on /home/airflow/.local/lib/python3.7/site-packages/airflow/example_dags/example_short_circuit_operator.py
[2023-04-07T15:09:36.239+0000] {processor.py:743} INFO - Processing file /home/airflow/.local/lib/python3.7/site-packages/airflow/example_dags/example_short_circuit_operator.py for tasks to queue
[2023-04-07T15:09:36.239+0000] {logging_mixin.py:137} INFO - [2023-04-07T15:09:36.239+0000] {dagbag.py:532} INFO - Filling up the DagBag from /home/airflow/.local/lib/python3.7/site-packages/airflow/example_dags/example_short_circuit_operator.py
[2023-04-07T15:09:36.257+0000] {processor.py:753} INFO - DAG(s) dict_keys(['example_short_circuit_operator']) retrieved from /home/airflow/.local/lib/python3.7/site-packages/airflow/example_dags/example_short_circuit_operator.py
[2023-04-07T15:09:36.290+0000] {logging_mixin.py:137} INFO - [2023-04-07T15:09:36.290+0000] {dag.py:2705} INFO - Sync 1 DAGs
[2023-04-07T15:09:36.328+0000] {logging_mixin.py:137} INFO - [2023-04-07T15:09:36.327+0000] {dag.py:3456} INFO - Setting next_dagrun for example_short_circuit_operator to 2023-04-06T15:09:36.327424+00:00, run_after=2023-04-07T15:09:36.327424+00:00
[2023-04-07T15:09:36.351+0000] {processor.py:175} INFO - Processing /home/airflow/.local/lib/python3.7/site-packages/airflow/example_dags/example_short_circuit_operator.py took 0.116 seconds
[2023-04-07T15:10:06.901+0000] {processor.py:153} INFO - Started process (PID=1441) to work on /home/airflow/.local/lib/python3.7/site-packages/airflow/example_dags/example_short_circuit_operator.py
[2023-04-07T15:10:06.902+0000] {processor.py:743} INFO - Processing file /home/airflow/.local/lib/python3.7/site-packages/airflow/example_dags/example_short_circuit_operator.py for tasks to queue
[2023-04-07T15:10:06.902+0000] {logging_mixin.py:137} INFO - [2023-04-07T15:10:06.902+0000] {dagbag.py:532} INFO - Filling up the DagBag from /home/airflow/.local/lib/python3.7/site-packages/airflow/example_dags/example_short_circuit_operator.py
[2023-04-07T15:10:06.920+0000] {processor.py:753} INFO - DAG(s) dict_keys(['example_short_circuit_operator']) retrieved from /home/airflow/.local/lib/python3.7/site-packages/airflow/example_dags/example_short_circuit_operator.py
[2023-04-07T15:10:06.960+0000] {logging_mixin.py:137} INFO - [2023-04-07T15:10:06.960+0000] {dag.py:2705} INFO - Sync 1 DAGs
[2023-04-07T15:10:07.000+0000] {logging_mixin.py:137} INFO - [2023-04-07T15:10:07.000+0000] {dag.py:3456} INFO - Setting next_dagrun for example_short_circuit_operator to 2023-04-06T15:10:06.999776+00:00, run_after=2023-04-07T15:10:06.999776+00:00
[2023-04-07T15:10:07.028+0000] {processor.py:175} INFO - Processing /home/airflow/.local/lib/python3.7/site-packages/airflow/example_dags/example_short_circuit_operator.py took 0.130 seconds
[2023-04-07T15:10:37.906+0000] {processor.py:153} INFO - Started process (PID=1668) to work on /home/airflow/.local/lib/python3.7/site-packages/airflow/example_dags/example_short_circuit_operator.py
[2023-04-07T15:10:37.907+0000] {processor.py:743} INFO - Processing file /home/airflow/.local/lib/python3.7/site-packages/airflow/example_dags/example_short_circuit_operator.py for tasks to queue
[2023-04-07T15:10:37.908+0000] {logging_mixin.py:137} INFO - [2023-04-07T15:10:37.907+0000] {dagbag.py:532} INFO - Filling up the DagBag from /home/airflow/.local/lib/python3.7/site-packages/airflow/example_dags/example_short_circuit_operator.py
[2023-04-07T15:10:37.930+0000] {processor.py:753} INFO - DAG(s) dict_keys(['example_short_circuit_operator']) retrieved from /home/airflow/.local/lib/python3.7/site-packages/airflow/example_dags/example_short_circuit_operator.py
[2023-04-07T15:10:37.963+0000] {logging_mixin.py:137} INFO - [2023-04-07T15:10:37.963+0000] {dag.py:2705} INFO - Sync 1 DAGs
[2023-04-07T15:10:38.003+0000] {logging_mixin.py:137} INFO - [2023-04-07T15:10:38.003+0000] {dag.py:3456} INFO - Setting next_dagrun for example_short_circuit_operator to 2023-04-06T15:10:38.003143+00:00, run_after=2023-04-07T15:10:38.003143+00:00
[2023-04-07T15:10:38.031+0000] {processor.py:175} INFO - Processing /home/airflow/.local/lib/python3.7/site-packages/airflow/example_dags/example_short_circuit_operator.py took 0.129 seconds
[2023-04-07T15:11:08.184+0000] {processor.py:153} INFO - Started process (PID=1891) to work on /home/airflow/.local/lib/python3.7/site-packages/airflow/example_dags/example_short_circuit_operator.py
[2023-04-07T15:11:08.185+0000] {processor.py:743} INFO - Processing file /home/airflow/.local/lib/python3.7/site-packages/airflow/example_dags/example_short_circuit_operator.py for tasks to queue
[2023-04-07T15:11:08.185+0000] {logging_mixin.py:137} INFO - [2023-04-07T15:11:08.185+0000] {dagbag.py:532} INFO - Filling up the DagBag from /home/airflow/.local/lib/python3.7/site-packages/airflow/example_dags/example_short_circuit_operator.py
[2023-04-07T15:11:08.202+0000] {processor.py:753} INFO - DAG(s) dict_keys(['example_short_circuit_operator']) retrieved from /home/airflow/.local/lib/python3.7/site-packages/airflow/example_dags/example_short_circuit_operator.py
[2023-04-07T15:11:08.233+0000] {logging_mixin.py:137} INFO - [2023-04-07T15:11:08.233+0000] {dag.py:2705} INFO - Sync 1 DAGs
[2023-04-07T15:11:08.271+0000] {logging_mixin.py:137} INFO - [2023-04-07T15:11:08.271+0000] {dag.py:3456} INFO - Setting next_dagrun for example_short_circuit_operator to 2023-04-06T15:11:08.271365+00:00, run_after=2023-04-07T15:11:08.271365+00:00
[2023-04-07T15:11:08.292+0000] {processor.py:175} INFO - Processing /home/airflow/.local/lib/python3.7/site-packages/airflow/example_dags/example_short_circuit_operator.py took 0.112 seconds
[2023-04-07T15:11:38.343+0000] {processor.py:153} INFO - Started process (PID=2109) to work on /home/airflow/.local/lib/python3.7/site-packages/airflow/example_dags/example_short_circuit_operator.py
[2023-04-07T15:11:38.343+0000] {processor.py:743} INFO - Processing file /home/airflow/.local/lib/python3.7/site-packages/airflow/example_dags/example_short_circuit_operator.py for tasks to queue
[2023-04-07T15:11:38.344+0000] {logging_mixin.py:137} INFO - [2023-04-07T15:11:38.344+0000] {dagbag.py:532} INFO - Filling up the DagBag from /home/airflow/.local/lib/python3.7/site-packages/airflow/example_dags/example_short_circuit_operator.py
[2023-04-07T15:11:38.363+0000] {processor.py:753} INFO - DAG(s) dict_keys(['example_short_circuit_operator']) retrieved from /home/airflow/.local/lib/python3.7/site-packages/airflow/example_dags/example_short_circuit_operator.py
[2023-04-07T15:11:38.393+0000] {logging_mixin.py:137} INFO - [2023-04-07T15:11:38.393+0000] {dag.py:2705} INFO - Sync 1 DAGs
[2023-04-07T15:11:38.430+0000] {logging_mixin.py:137} INFO - [2023-04-07T15:11:38.430+0000] {dag.py:3456} INFO - Setting next_dagrun for example_short_circuit_operator to 2023-04-06T15:11:38.430178+00:00, run_after=2023-04-07T15:11:38.430178+00:00
[2023-04-07T15:11:38.455+0000] {processor.py:175} INFO - Processing /home/airflow/.local/lib/python3.7/site-packages/airflow/example_dags/example_short_circuit_operator.py took 0.115 seconds
[2023-04-07T15:12:08.590+0000] {processor.py:153} INFO - Started process (PID=2332) to work on /home/airflow/.local/lib/python3.7/site-packages/airflow/example_dags/example_short_circuit_operator.py
[2023-04-07T15:12:08.593+0000] {processor.py:743} INFO - Processing file /home/airflow/.local/lib/python3.7/site-packages/airflow/example_dags/example_short_circuit_operator.py for tasks to queue
[2023-04-07T15:12:08.593+0000] {logging_mixin.py:137} INFO - [2023-04-07T15:12:08.593+0000] {dagbag.py:532} INFO - Filling up the DagBag from /home/airflow/.local/lib/python3.7/site-packages/airflow/example_dags/example_short_circuit_operator.py
[2023-04-07T15:12:08.612+0000] {processor.py:753} INFO - DAG(s) dict_keys(['example_short_circuit_operator']) retrieved from /home/airflow/.local/lib/python3.7/site-packages/airflow/example_dags/example_short_circuit_operator.py
[2023-04-07T15:12:08.650+0000] {logging_mixin.py:137} INFO - [2023-04-07T15:12:08.649+0000] {dag.py:2705} INFO - Sync 1 DAGs
[2023-04-07T15:12:08.690+0000] {logging_mixin.py:137} INFO - [2023-04-07T15:12:08.689+0000] {dag.py:3456} INFO - Setting next_dagrun for example_short_circuit_operator to 2023-04-06T15:12:08.689594+00:00, run_after=2023-04-07T15:12:08.689594+00:00
[2023-04-07T15:12:08.726+0000] {processor.py:175} INFO - Processing /home/airflow/.local/lib/python3.7/site-packages/airflow/example_dags/example_short_circuit_operator.py took 0.138 seconds
[2023-04-07T15:12:39.306+0000] {processor.py:153} INFO - Started process (PID=2560) to work on /home/airflow/.local/lib/python3.7/site-packages/airflow/example_dags/example_short_circuit_operator.py
[2023-04-07T15:12:39.307+0000] {processor.py:743} INFO - Processing file /home/airflow/.local/lib/python3.7/site-packages/airflow/example_dags/example_short_circuit_operator.py for tasks to queue
[2023-04-07T15:12:39.307+0000] {logging_mixin.py:137} INFO - [2023-04-07T15:12:39.307+0000] {dagbag.py:532} INFO - Filling up the DagBag from /home/airflow/.local/lib/python3.7/site-packages/airflow/example_dags/example_short_circuit_operator.py
[2023-04-07T15:12:39.325+0000] {processor.py:753} INFO - DAG(s) dict_keys(['example_short_circuit_operator']) retrieved from /home/airflow/.local/lib/python3.7/site-packages/airflow/example_dags/example_short_circuit_operator.py
[2023-04-07T15:12:39.357+0000] {logging_mixin.py:137} INFO - [2023-04-07T15:12:39.357+0000] {dag.py:2705} INFO - Sync 1 DAGs
[2023-04-07T15:12:39.394+0000] {logging_mixin.py:137} INFO - [2023-04-07T15:12:39.394+0000] {dag.py:3456} INFO - Setting next_dagrun for example_short_circuit_operator to 2023-04-06T15:12:39.393937+00:00, run_after=2023-04-07T15:12:39.393937+00:00
[2023-04-07T15:12:39.417+0000] {processor.py:175} INFO - Processing /home/airflow/.local/lib/python3.7/site-packages/airflow/example_dags/example_short_circuit_operator.py took 0.114 seconds
[2023-04-07T15:13:09.460+0000] {processor.py:153} INFO - Started process (PID=2778) to work on /home/airflow/.local/lib/python3.7/site-packages/airflow/example_dags/example_short_circuit_operator.py
[2023-04-07T15:13:09.461+0000] {processor.py:743} INFO - Processing file /home/airflow/.local/lib/python3.7/site-packages/airflow/example_dags/example_short_circuit_operator.py for tasks to queue
[2023-04-07T15:13:09.461+0000] {logging_mixin.py:137} INFO - [2023-04-07T15:13:09.461+0000] {dagbag.py:532} INFO - Filling up the DagBag from /home/airflow/.local/lib/python3.7/site-packages/airflow/example_dags/example_short_circuit_operator.py
[2023-04-07T15:13:09.480+0000] {processor.py:753} INFO - DAG(s) dict_keys(['example_short_circuit_operator']) retrieved from /home/airflow/.local/lib/python3.7/site-packages/airflow/example_dags/example_short_circuit_operator.py
[2023-04-07T15:13:09.516+0000] {logging_mixin.py:137} INFO - [2023-04-07T15:13:09.516+0000] {dag.py:2705} INFO - Sync 1 DAGs
[2023-04-07T15:13:09.555+0000] {logging_mixin.py:137} INFO - [2023-04-07T15:13:09.555+0000] {dag.py:3456} INFO - Setting next_dagrun for example_short_circuit_operator to 2023-04-06T15:13:09.555256+00:00, run_after=2023-04-07T15:13:09.555256+00:00
[2023-04-07T15:13:09.577+0000] {processor.py:175} INFO - Processing /home/airflow/.local/lib/python3.7/site-packages/airflow/example_dags/example_short_circuit_operator.py took 0.120 seconds
[2023-04-07T15:13:39.710+0000] {processor.py:153} INFO - Started process (PID=3004) to work on /home/airflow/.local/lib/python3.7/site-packages/airflow/example_dags/example_short_circuit_operator.py
[2023-04-07T15:13:39.711+0000] {processor.py:743} INFO - Processing file /home/airflow/.local/lib/python3.7/site-packages/airflow/example_dags/example_short_circuit_operator.py for tasks to queue
[2023-04-07T15:13:39.711+0000] {logging_mixin.py:137} INFO - [2023-04-07T15:13:39.711+0000] {dagbag.py:532} INFO - Filling up the DagBag from /home/airflow/.local/lib/python3.7/site-packages/airflow/example_dags/example_short_circuit_operator.py
[2023-04-07T15:13:39.732+0000] {processor.py:753} INFO - DAG(s) dict_keys(['example_short_circuit_operator']) retrieved from /home/airflow/.local/lib/python3.7/site-packages/airflow/example_dags/example_short_circuit_operator.py
[2023-04-07T15:13:39.769+0000] {logging_mixin.py:137} INFO - [2023-04-07T15:13:39.769+0000] {dag.py:2705} INFO - Sync 1 DAGs
[2023-04-07T15:13:39.804+0000] {logging_mixin.py:137} INFO - [2023-04-07T15:13:39.804+0000] {dag.py:3456} INFO - Setting next_dagrun for example_short_circuit_operator to 2023-04-06T15:13:39.803798+00:00, run_after=2023-04-07T15:13:39.803798+00:00
[2023-04-07T15:13:39.830+0000] {processor.py:175} INFO - Processing /home/airflow/.local/lib/python3.7/site-packages/airflow/example_dags/example_short_circuit_operator.py took 0.124 seconds
[2023-04-07T15:14:10.131+0000] {processor.py:153} INFO - Started process (PID=3228) to work on /home/airflow/.local/lib/python3.7/site-packages/airflow/example_dags/example_short_circuit_operator.py
[2023-04-07T15:14:10.132+0000] {processor.py:743} INFO - Processing file /home/airflow/.local/lib/python3.7/site-packages/airflow/example_dags/example_short_circuit_operator.py for tasks to queue
[2023-04-07T15:14:10.132+0000] {logging_mixin.py:137} INFO - [2023-04-07T15:14:10.132+0000] {dagbag.py:532} INFO - Filling up the DagBag from /home/airflow/.local/lib/python3.7/site-packages/airflow/example_dags/example_short_circuit_operator.py
[2023-04-07T15:14:10.149+0000] {processor.py:753} INFO - DAG(s) dict_keys(['example_short_circuit_operator']) retrieved from /home/airflow/.local/lib/python3.7/site-packages/airflow/example_dags/example_short_circuit_operator.py
[2023-04-07T15:14:10.181+0000] {logging_mixin.py:137} INFO - [2023-04-07T15:14:10.181+0000] {dag.py:2705} INFO - Sync 1 DAGs
[2023-04-07T15:14:10.222+0000] {logging_mixin.py:137} INFO - [2023-04-07T15:14:10.222+0000] {dag.py:3456} INFO - Setting next_dagrun for example_short_circuit_operator to 2023-04-06T15:14:10.221828+00:00, run_after=2023-04-07T15:14:10.221828+00:00
[2023-04-07T15:14:10.246+0000] {processor.py:175} INFO - Processing /home/airflow/.local/lib/python3.7/site-packages/airflow/example_dags/example_short_circuit_operator.py took 0.118 seconds
[2023-04-07T15:14:41.096+0000] {processor.py:153} INFO - Started process (PID=3456) to work on /home/airflow/.local/lib/python3.7/site-packages/airflow/example_dags/example_short_circuit_operator.py
[2023-04-07T15:14:41.096+0000] {processor.py:743} INFO - Processing file /home/airflow/.local/lib/python3.7/site-packages/airflow/example_dags/example_short_circuit_operator.py for tasks to queue
[2023-04-07T15:14:41.097+0000] {logging_mixin.py:137} INFO - [2023-04-07T15:14:41.097+0000] {dagbag.py:532} INFO - Filling up the DagBag from /home/airflow/.local/lib/python3.7/site-packages/airflow/example_dags/example_short_circuit_operator.py
[2023-04-07T15:14:41.113+0000] {processor.py:753} INFO - DAG(s) dict_keys(['example_short_circuit_operator']) retrieved from /home/airflow/.local/lib/python3.7/site-packages/airflow/example_dags/example_short_circuit_operator.py
[2023-04-07T15:14:41.141+0000] {logging_mixin.py:137} INFO - [2023-04-07T15:14:41.141+0000] {dag.py:2705} INFO - Sync 1 DAGs
[2023-04-07T15:14:41.173+0000] {logging_mixin.py:137} INFO - [2023-04-07T15:14:41.173+0000] {dag.py:3456} INFO - Setting next_dagrun for example_short_circuit_operator to 2023-04-06T15:14:41.172955+00:00, run_after=2023-04-07T15:14:41.172955+00:00
[2023-04-07T15:14:41.190+0000] {processor.py:175} INFO - Processing /home/airflow/.local/lib/python3.7/site-packages/airflow/example_dags/example_short_circuit_operator.py took 0.097 seconds
[2023-04-07T15:15:11.658+0000] {processor.py:153} INFO - Started process (PID=3680) to work on /home/airflow/.local/lib/python3.7/site-packages/airflow/example_dags/example_short_circuit_operator.py
[2023-04-07T15:15:11.658+0000] {processor.py:743} INFO - Processing file /home/airflow/.local/lib/python3.7/site-packages/airflow/example_dags/example_short_circuit_operator.py for tasks to queue
[2023-04-07T15:15:11.659+0000] {logging_mixin.py:137} INFO - [2023-04-07T15:15:11.658+0000] {dagbag.py:532} INFO - Filling up the DagBag from /home/airflow/.local/lib/python3.7/site-packages/airflow/example_dags/example_short_circuit_operator.py
[2023-04-07T15:15:11.674+0000] {processor.py:753} INFO - DAG(s) dict_keys(['example_short_circuit_operator']) retrieved from /home/airflow/.local/lib/python3.7/site-packages/airflow/example_dags/example_short_circuit_operator.py
[2023-04-07T15:15:11.704+0000] {logging_mixin.py:137} INFO - [2023-04-07T15:15:11.704+0000] {dag.py:2705} INFO - Sync 1 DAGs
[2023-04-07T15:15:11.734+0000] {logging_mixin.py:137} INFO - [2023-04-07T15:15:11.734+0000] {dag.py:3456} INFO - Setting next_dagrun for example_short_circuit_operator to 2023-04-06T15:15:11.734459+00:00, run_after=2023-04-07T15:15:11.734459+00:00
[2023-04-07T15:15:11.752+0000] {processor.py:175} INFO - Processing /home/airflow/.local/lib/python3.7/site-packages/airflow/example_dags/example_short_circuit_operator.py took 0.097 seconds
[2023-04-07T15:15:42.688+0000] {processor.py:153} INFO - Started process (PID=3903) to work on /home/airflow/.local/lib/python3.7/site-packages/airflow/example_dags/example_short_circuit_operator.py
[2023-04-07T15:15:42.689+0000] {processor.py:743} INFO - Processing file /home/airflow/.local/lib/python3.7/site-packages/airflow/example_dags/example_short_circuit_operator.py for tasks to queue
[2023-04-07T15:15:42.690+0000] {logging_mixin.py:137} INFO - [2023-04-07T15:15:42.690+0000] {dagbag.py:532} INFO - Filling up the DagBag from /home/airflow/.local/lib/python3.7/site-packages/airflow/example_dags/example_short_circuit_operator.py
[2023-04-07T15:15:42.713+0000] {processor.py:753} INFO - DAG(s) dict_keys(['example_short_circuit_operator']) retrieved from /home/airflow/.local/lib/python3.7/site-packages/airflow/example_dags/example_short_circuit_operator.py
[2023-04-07T15:15:42.756+0000] {logging_mixin.py:137} INFO - [2023-04-07T15:15:42.755+0000] {dag.py:2705} INFO - Sync 1 DAGs
[2023-04-07T15:15:42.797+0000] {logging_mixin.py:137} INFO - [2023-04-07T15:15:42.797+0000] {dag.py:3456} INFO - Setting next_dagrun for example_short_circuit_operator to 2023-04-06T15:15:42.796766+00:00, run_after=2023-04-07T15:15:42.796766+00:00
[2023-04-07T15:15:42.832+0000] {processor.py:175} INFO - Processing /home/airflow/.local/lib/python3.7/site-packages/airflow/example_dags/example_short_circuit_operator.py took 0.146 seconds
[2023-04-07T15:16:13.682+0000] {processor.py:153} INFO - Started process (PID=4126) to work on /home/airflow/.local/lib/python3.7/site-packages/airflow/example_dags/example_short_circuit_operator.py
[2023-04-07T15:16:13.683+0000] {processor.py:743} INFO - Processing file /home/airflow/.local/lib/python3.7/site-packages/airflow/example_dags/example_short_circuit_operator.py for tasks to queue
[2023-04-07T15:16:13.684+0000] {logging_mixin.py:137} INFO - [2023-04-07T15:16:13.684+0000] {dagbag.py:532} INFO - Filling up the DagBag from /home/airflow/.local/lib/python3.7/site-packages/airflow/example_dags/example_short_circuit_operator.py
[2023-04-07T15:16:13.701+0000] {processor.py:753} INFO - DAG(s) dict_keys(['example_short_circuit_operator']) retrieved from /home/airflow/.local/lib/python3.7/site-packages/airflow/example_dags/example_short_circuit_operator.py
[2023-04-07T15:16:13.732+0000] {logging_mixin.py:137} INFO - [2023-04-07T15:16:13.732+0000] {dag.py:2705} INFO - Sync 1 DAGs
[2023-04-07T15:16:13.765+0000] {logging_mixin.py:137} INFO - [2023-04-07T15:16:13.765+0000] {dag.py:3456} INFO - Setting next_dagrun for example_short_circuit_operator to 2023-04-06T15:16:13.765179+00:00, run_after=2023-04-07T15:16:13.765179+00:00
[2023-04-07T15:16:13.783+0000] {processor.py:175} INFO - Processing /home/airflow/.local/lib/python3.7/site-packages/airflow/example_dags/example_short_circuit_operator.py took 0.103 seconds
[2023-04-07T15:16:43.951+0000] {processor.py:153} INFO - Started process (PID=4345) to work on /home/airflow/.local/lib/python3.7/site-packages/airflow/example_dags/example_short_circuit_operator.py
[2023-04-07T15:16:43.952+0000] {processor.py:743} INFO - Processing file /home/airflow/.local/lib/python3.7/site-packages/airflow/example_dags/example_short_circuit_operator.py for tasks to queue
[2023-04-07T15:16:43.952+0000] {logging_mixin.py:137} INFO - [2023-04-07T15:16:43.952+0000] {dagbag.py:532} INFO - Filling up the DagBag from /home/airflow/.local/lib/python3.7/site-packages/airflow/example_dags/example_short_circuit_operator.py
[2023-04-07T15:16:43.969+0000] {processor.py:753} INFO - DAG(s) dict_keys(['example_short_circuit_operator']) retrieved from /home/airflow/.local/lib/python3.7/site-packages/airflow/example_dags/example_short_circuit_operator.py
[2023-04-07T15:16:43.999+0000] {logging_mixin.py:137} INFO - [2023-04-07T15:16:43.999+0000] {dag.py:2705} INFO - Sync 1 DAGs
[2023-04-07T15:16:44.032+0000] {logging_mixin.py:137} INFO - [2023-04-07T15:16:44.032+0000] {dag.py:3456} INFO - Setting next_dagrun for example_short_circuit_operator to 2023-04-06T15:16:44.031879+00:00, run_after=2023-04-07T15:16:44.031879+00:00
[2023-04-07T15:16:44.050+0000] {processor.py:175} INFO - Processing /home/airflow/.local/lib/python3.7/site-packages/airflow/example_dags/example_short_circuit_operator.py took 0.101 seconds
[2023-04-07T15:17:14.204+0000] {processor.py:153} INFO - Started process (PID=4569) to work on /home/airflow/.local/lib/python3.7/site-packages/airflow/example_dags/example_short_circuit_operator.py
[2023-04-07T15:17:14.205+0000] {processor.py:743} INFO - Processing file /home/airflow/.local/lib/python3.7/site-packages/airflow/example_dags/example_short_circuit_operator.py for tasks to queue
[2023-04-07T15:17:14.205+0000] {logging_mixin.py:137} INFO - [2023-04-07T15:17:14.205+0000] {dagbag.py:532} INFO - Filling up the DagBag from /home/airflow/.local/lib/python3.7/site-packages/airflow/example_dags/example_short_circuit_operator.py
[2023-04-07T15:17:14.222+0000] {processor.py:753} INFO - DAG(s) dict_keys(['example_short_circuit_operator']) retrieved from /home/airflow/.local/lib/python3.7/site-packages/airflow/example_dags/example_short_circuit_operator.py
[2023-04-07T15:17:14.252+0000] {logging_mixin.py:137} INFO - [2023-04-07T15:17:14.251+0000] {dag.py:2705} INFO - Sync 1 DAGs
[2023-04-07T15:17:14.286+0000] {logging_mixin.py:137} INFO - [2023-04-07T15:17:14.285+0000] {dag.py:3456} INFO - Setting next_dagrun for example_short_circuit_operator to 2023-04-06T15:17:14.285651+00:00, run_after=2023-04-07T15:17:14.285651+00:00
[2023-04-07T15:17:14.307+0000] {processor.py:175} INFO - Processing /home/airflow/.local/lib/python3.7/site-packages/airflow/example_dags/example_short_circuit_operator.py took 0.105 seconds
[2023-04-07T15:17:44.434+0000] {processor.py:153} INFO - Started process (PID=4792) to work on /home/airflow/.local/lib/python3.7/site-packages/airflow/example_dags/example_short_circuit_operator.py
[2023-04-07T15:17:44.434+0000] {processor.py:743} INFO - Processing file /home/airflow/.local/lib/python3.7/site-packages/airflow/example_dags/example_short_circuit_operator.py for tasks to queue
[2023-04-07T15:17:44.435+0000] {logging_mixin.py:137} INFO - [2023-04-07T15:17:44.435+0000] {dagbag.py:532} INFO - Filling up the DagBag from /home/airflow/.local/lib/python3.7/site-packages/airflow/example_dags/example_short_circuit_operator.py
[2023-04-07T15:17:44.451+0000] {processor.py:753} INFO - DAG(s) dict_keys(['example_short_circuit_operator']) retrieved from /home/airflow/.local/lib/python3.7/site-packages/airflow/example_dags/example_short_circuit_operator.py
[2023-04-07T15:17:44.478+0000] {logging_mixin.py:137} INFO - [2023-04-07T15:17:44.478+0000] {dag.py:2705} INFO - Sync 1 DAGs
[2023-04-07T15:17:44.511+0000] {logging_mixin.py:137} INFO - [2023-04-07T15:17:44.511+0000] {dag.py:3456} INFO - Setting next_dagrun for example_short_circuit_operator to 2023-04-06T15:17:44.511037+00:00, run_after=2023-04-07T15:17:44.511037+00:00
[2023-04-07T15:17:44.529+0000] {processor.py:175} INFO - Processing /home/airflow/.local/lib/python3.7/site-packages/airflow/example_dags/example_short_circuit_operator.py took 0.099 seconds
[2023-04-07T15:18:14.742+0000] {processor.py:153} INFO - Started process (PID=5015) to work on /home/airflow/.local/lib/python3.7/site-packages/airflow/example_dags/example_short_circuit_operator.py
[2023-04-07T15:18:14.743+0000] {processor.py:743} INFO - Processing file /home/airflow/.local/lib/python3.7/site-packages/airflow/example_dags/example_short_circuit_operator.py for tasks to queue
[2023-04-07T15:18:14.743+0000] {logging_mixin.py:137} INFO - [2023-04-07T15:18:14.743+0000] {dagbag.py:532} INFO - Filling up the DagBag from /home/airflow/.local/lib/python3.7/site-packages/airflow/example_dags/example_short_circuit_operator.py
[2023-04-07T15:18:14.759+0000] {processor.py:753} INFO - DAG(s) dict_keys(['example_short_circuit_operator']) retrieved from /home/airflow/.local/lib/python3.7/site-packages/airflow/example_dags/example_short_circuit_operator.py
[2023-04-07T15:18:14.788+0000] {logging_mixin.py:137} INFO - [2023-04-07T15:18:14.788+0000] {dag.py:2705} INFO - Sync 1 DAGs
[2023-04-07T15:18:14.824+0000] {logging_mixin.py:137} INFO - [2023-04-07T15:18:14.824+0000] {dag.py:3456} INFO - Setting next_dagrun for example_short_circuit_operator to 2023-04-06T15:18:14.824028+00:00, run_after=2023-04-07T15:18:14.824028+00:00
[2023-04-07T15:18:14.846+0000] {processor.py:175} INFO - Processing /home/airflow/.local/lib/python3.7/site-packages/airflow/example_dags/example_short_circuit_operator.py took 0.106 seconds
[2023-04-07T15:18:45.528+0000] {processor.py:153} INFO - Started process (PID=5238) to work on /home/airflow/.local/lib/python3.7/site-packages/airflow/example_dags/example_short_circuit_operator.py
[2023-04-07T15:18:45.529+0000] {processor.py:743} INFO - Processing file /home/airflow/.local/lib/python3.7/site-packages/airflow/example_dags/example_short_circuit_operator.py for tasks to queue
[2023-04-07T15:18:45.529+0000] {logging_mixin.py:137} INFO - [2023-04-07T15:18:45.529+0000] {dagbag.py:532} INFO - Filling up the DagBag from /home/airflow/.local/lib/python3.7/site-packages/airflow/example_dags/example_short_circuit_operator.py
[2023-04-07T15:18:45.546+0000] {processor.py:753} INFO - DAG(s) dict_keys(['example_short_circuit_operator']) retrieved from /home/airflow/.local/lib/python3.7/site-packages/airflow/example_dags/example_short_circuit_operator.py
[2023-04-07T15:18:45.573+0000] {logging_mixin.py:137} INFO - [2023-04-07T15:18:45.573+0000] {dag.py:2705} INFO - Sync 1 DAGs
[2023-04-07T15:18:45.604+0000] {logging_mixin.py:137} INFO - [2023-04-07T15:18:45.604+0000] {dag.py:3456} INFO - Setting next_dagrun for example_short_circuit_operator to 2023-04-06T15:18:45.604294+00:00, run_after=2023-04-07T15:18:45.604294+00:00
[2023-04-07T15:18:45.622+0000] {processor.py:175} INFO - Processing /home/airflow/.local/lib/python3.7/site-packages/airflow/example_dags/example_short_circuit_operator.py took 0.097 seconds
[2023-04-07T15:19:16.497+0000] {processor.py:153} INFO - Started process (PID=5465) to work on /home/airflow/.local/lib/python3.7/site-packages/airflow/example_dags/example_short_circuit_operator.py
[2023-04-07T15:19:16.498+0000] {processor.py:743} INFO - Processing file /home/airflow/.local/lib/python3.7/site-packages/airflow/example_dags/example_short_circuit_operator.py for tasks to queue
[2023-04-07T15:19:16.499+0000] {logging_mixin.py:137} INFO - [2023-04-07T15:19:16.499+0000] {dagbag.py:532} INFO - Filling up the DagBag from /home/airflow/.local/lib/python3.7/site-packages/airflow/example_dags/example_short_circuit_operator.py
[2023-04-07T15:19:16.516+0000] {processor.py:753} INFO - DAG(s) dict_keys(['example_short_circuit_operator']) retrieved from /home/airflow/.local/lib/python3.7/site-packages/airflow/example_dags/example_short_circuit_operator.py
[2023-04-07T15:19:16.545+0000] {logging_mixin.py:137} INFO - [2023-04-07T15:19:16.545+0000] {dag.py:2705} INFO - Sync 1 DAGs
[2023-04-07T15:19:16.578+0000] {logging_mixin.py:137} INFO - [2023-04-07T15:19:16.578+0000] {dag.py:3456} INFO - Setting next_dagrun for example_short_circuit_operator to 2023-04-06T15:19:16.578344+00:00, run_after=2023-04-07T15:19:16.578344+00:00
[2023-04-07T15:19:16.597+0000] {processor.py:175} INFO - Processing /home/airflow/.local/lib/python3.7/site-packages/airflow/example_dags/example_short_circuit_operator.py took 0.102 seconds
[2023-04-07T15:19:47.107+0000] {processor.py:153} INFO - Started process (PID=5683) to work on /home/airflow/.local/lib/python3.7/site-packages/airflow/example_dags/example_short_circuit_operator.py
[2023-04-07T15:19:47.108+0000] {processor.py:743} INFO - Processing file /home/airflow/.local/lib/python3.7/site-packages/airflow/example_dags/example_short_circuit_operator.py for tasks to queue
[2023-04-07T15:19:47.110+0000] {logging_mixin.py:137} INFO - [2023-04-07T15:19:47.109+0000] {dagbag.py:532} INFO - Filling up the DagBag from /home/airflow/.local/lib/python3.7/site-packages/airflow/example_dags/example_short_circuit_operator.py
[2023-04-07T15:19:47.128+0000] {processor.py:753} INFO - DAG(s) dict_keys(['example_short_circuit_operator']) retrieved from /home/airflow/.local/lib/python3.7/site-packages/airflow/example_dags/example_short_circuit_operator.py
[2023-04-07T15:19:47.161+0000] {logging_mixin.py:137} INFO - [2023-04-07T15:19:47.161+0000] {dag.py:2705} INFO - Sync 1 DAGs
[2023-04-07T15:19:47.198+0000] {logging_mixin.py:137} INFO - [2023-04-07T15:19:47.197+0000] {dag.py:3456} INFO - Setting next_dagrun for example_short_circuit_operator to 2023-04-06T15:19:47.197581+00:00, run_after=2023-04-07T15:19:47.197581+00:00
[2023-04-07T15:19:47.218+0000] {processor.py:175} INFO - Processing /home/airflow/.local/lib/python3.7/site-packages/airflow/example_dags/example_short_circuit_operator.py took 0.114 seconds
[2023-04-07T15:20:17.243+0000] {processor.py:153} INFO - Started process (PID=5908) to work on /home/airflow/.local/lib/python3.7/site-packages/airflow/example_dags/example_short_circuit_operator.py
[2023-04-07T15:20:17.244+0000] {processor.py:743} INFO - Processing file /home/airflow/.local/lib/python3.7/site-packages/airflow/example_dags/example_short_circuit_operator.py for tasks to queue
[2023-04-07T15:20:17.245+0000] {logging_mixin.py:137} INFO - [2023-04-07T15:20:17.244+0000] {dagbag.py:532} INFO - Filling up the DagBag from /home/airflow/.local/lib/python3.7/site-packages/airflow/example_dags/example_short_circuit_operator.py
[2023-04-07T15:20:17.263+0000] {processor.py:753} INFO - DAG(s) dict_keys(['example_short_circuit_operator']) retrieved from /home/airflow/.local/lib/python3.7/site-packages/airflow/example_dags/example_short_circuit_operator.py
[2023-04-07T15:20:17.293+0000] {logging_mixin.py:137} INFO - [2023-04-07T15:20:17.293+0000] {dag.py:2705} INFO - Sync 1 DAGs
[2023-04-07T15:20:17.326+0000] {logging_mixin.py:137} INFO - [2023-04-07T15:20:17.326+0000] {dag.py:3456} INFO - Setting next_dagrun for example_short_circuit_operator to 2023-04-06T15:20:17.326073+00:00, run_after=2023-04-07T15:20:17.326073+00:00
[2023-04-07T15:20:17.343+0000] {processor.py:175} INFO - Processing /home/airflow/.local/lib/python3.7/site-packages/airflow/example_dags/example_short_circuit_operator.py took 0.102 seconds
[2023-04-07T15:20:47.400+0000] {processor.py:153} INFO - Started process (PID=6129) to work on /home/airflow/.local/lib/python3.7/site-packages/airflow/example_dags/example_short_circuit_operator.py
[2023-04-07T15:20:47.400+0000] {processor.py:743} INFO - Processing file /home/airflow/.local/lib/python3.7/site-packages/airflow/example_dags/example_short_circuit_operator.py for tasks to queue
[2023-04-07T15:20:47.401+0000] {logging_mixin.py:137} INFO - [2023-04-07T15:20:47.400+0000] {dagbag.py:532} INFO - Filling up the DagBag from /home/airflow/.local/lib/python3.7/site-packages/airflow/example_dags/example_short_circuit_operator.py
[2023-04-07T15:20:47.418+0000] {processor.py:753} INFO - DAG(s) dict_keys(['example_short_circuit_operator']) retrieved from /home/airflow/.local/lib/python3.7/site-packages/airflow/example_dags/example_short_circuit_operator.py
[2023-04-07T15:20:47.448+0000] {logging_mixin.py:137} INFO - [2023-04-07T15:20:47.448+0000] {dag.py:2705} INFO - Sync 1 DAGs
[2023-04-07T15:20:47.481+0000] {logging_mixin.py:137} INFO - [2023-04-07T15:20:47.481+0000] {dag.py:3456} INFO - Setting next_dagrun for example_short_circuit_operator to 2023-04-06T15:20:47.480911+00:00, run_after=2023-04-07T15:20:47.480911+00:00
[2023-04-07T15:20:47.501+0000] {processor.py:175} INFO - Processing /home/airflow/.local/lib/python3.7/site-packages/airflow/example_dags/example_short_circuit_operator.py took 0.104 seconds
[2023-04-07T15:24:26.172+0000] {processor.py:153} INFO - Started process (PID=327) to work on /home/airflow/.local/lib/python3.7/site-packages/airflow/example_dags/example_short_circuit_operator.py
[2023-04-07T15:24:26.173+0000] {processor.py:743} INFO - Processing file /home/airflow/.local/lib/python3.7/site-packages/airflow/example_dags/example_short_circuit_operator.py for tasks to queue
[2023-04-07T15:24:26.174+0000] {logging_mixin.py:137} INFO - [2023-04-07T15:24:26.173+0000] {dagbag.py:532} INFO - Filling up the DagBag from /home/airflow/.local/lib/python3.7/site-packages/airflow/example_dags/example_short_circuit_operator.py
[2023-04-07T15:24:26.192+0000] {processor.py:753} INFO - DAG(s) dict_keys(['example_short_circuit_operator']) retrieved from /home/airflow/.local/lib/python3.7/site-packages/airflow/example_dags/example_short_circuit_operator.py
[2023-04-07T15:24:26.275+0000] {logging_mixin.py:137} INFO - [2023-04-07T15:24:26.274+0000] {dag.py:2705} INFO - Sync 1 DAGs
[2023-04-07T15:24:26.312+0000] {logging_mixin.py:137} INFO - [2023-04-07T15:24:26.312+0000] {dag.py:3456} INFO - Setting next_dagrun for example_short_circuit_operator to 2023-04-06T15:24:26.311974+00:00, run_after=2023-04-07T15:24:26.311974+00:00
[2023-04-07T15:24:26.341+0000] {processor.py:175} INFO - Processing /home/airflow/.local/lib/python3.7/site-packages/airflow/example_dags/example_short_circuit_operator.py took 0.171 seconds
[2023-04-07T15:24:56.646+0000] {processor.py:153} INFO - Started process (PID=550) to work on /home/airflow/.local/lib/python3.7/site-packages/airflow/example_dags/example_short_circuit_operator.py
[2023-04-07T15:24:56.647+0000] {processor.py:743} INFO - Processing file /home/airflow/.local/lib/python3.7/site-packages/airflow/example_dags/example_short_circuit_operator.py for tasks to queue
[2023-04-07T15:24:56.647+0000] {logging_mixin.py:137} INFO - [2023-04-07T15:24:56.647+0000] {dagbag.py:532} INFO - Filling up the DagBag from /home/airflow/.local/lib/python3.7/site-packages/airflow/example_dags/example_short_circuit_operator.py
[2023-04-07T15:24:56.666+0000] {processor.py:753} INFO - DAG(s) dict_keys(['example_short_circuit_operator']) retrieved from /home/airflow/.local/lib/python3.7/site-packages/airflow/example_dags/example_short_circuit_operator.py
[2023-04-07T15:24:56.675+0000] {logging_mixin.py:137} INFO - [2023-04-07T15:24:56.675+0000] {dag.py:2705} INFO - Sync 1 DAGs
[2023-04-07T15:24:56.711+0000] {logging_mixin.py:137} INFO - [2023-04-07T15:24:56.711+0000] {dag.py:3456} INFO - Setting next_dagrun for example_short_circuit_operator to 2023-04-06T15:24:56.710828+00:00, run_after=2023-04-07T15:24:56.710828+00:00
[2023-04-07T15:24:56.731+0000] {processor.py:175} INFO - Processing /home/airflow/.local/lib/python3.7/site-packages/airflow/example_dags/example_short_circuit_operator.py took 0.088 seconds
[2023-04-07T15:25:27.435+0000] {processor.py:153} INFO - Started process (PID=773) to work on /home/airflow/.local/lib/python3.7/site-packages/airflow/example_dags/example_short_circuit_operator.py
[2023-04-07T15:25:27.436+0000] {processor.py:743} INFO - Processing file /home/airflow/.local/lib/python3.7/site-packages/airflow/example_dags/example_short_circuit_operator.py for tasks to queue
[2023-04-07T15:25:27.436+0000] {logging_mixin.py:137} INFO - [2023-04-07T15:25:27.436+0000] {dagbag.py:532} INFO - Filling up the DagBag from /home/airflow/.local/lib/python3.7/site-packages/airflow/example_dags/example_short_circuit_operator.py
[2023-04-07T15:25:27.453+0000] {processor.py:753} INFO - DAG(s) dict_keys(['example_short_circuit_operator']) retrieved from /home/airflow/.local/lib/python3.7/site-packages/airflow/example_dags/example_short_circuit_operator.py
[2023-04-07T15:25:27.484+0000] {logging_mixin.py:137} INFO - [2023-04-07T15:25:27.484+0000] {dag.py:2705} INFO - Sync 1 DAGs
[2023-04-07T15:25:27.519+0000] {logging_mixin.py:137} INFO - [2023-04-07T15:25:27.519+0000] {dag.py:3456} INFO - Setting next_dagrun for example_short_circuit_operator to 2023-04-06T15:25:27.519445+00:00, run_after=2023-04-07T15:25:27.519445+00:00
[2023-04-07T15:25:27.539+0000] {processor.py:175} INFO - Processing /home/airflow/.local/lib/python3.7/site-packages/airflow/example_dags/example_short_circuit_operator.py took 0.106 seconds
[2023-04-07T15:25:58.537+0000] {processor.py:153} INFO - Started process (PID=996) to work on /home/airflow/.local/lib/python3.7/site-packages/airflow/example_dags/example_short_circuit_operator.py
[2023-04-07T15:25:58.537+0000] {processor.py:743} INFO - Processing file /home/airflow/.local/lib/python3.7/site-packages/airflow/example_dags/example_short_circuit_operator.py for tasks to queue
[2023-04-07T15:25:58.538+0000] {logging_mixin.py:137} INFO - [2023-04-07T15:25:58.538+0000] {dagbag.py:532} INFO - Filling up the DagBag from /home/airflow/.local/lib/python3.7/site-packages/airflow/example_dags/example_short_circuit_operator.py
[2023-04-07T15:25:58.557+0000] {processor.py:753} INFO - DAG(s) dict_keys(['example_short_circuit_operator']) retrieved from /home/airflow/.local/lib/python3.7/site-packages/airflow/example_dags/example_short_circuit_operator.py
[2023-04-07T15:25:58.591+0000] {logging_mixin.py:137} INFO - [2023-04-07T15:25:58.591+0000] {dag.py:2705} INFO - Sync 1 DAGs
[2023-04-07T15:25:58.641+0000] {logging_mixin.py:137} INFO - [2023-04-07T15:25:58.641+0000] {dag.py:3456} INFO - Setting next_dagrun for example_short_circuit_operator to 2023-04-06T15:25:58.641335+00:00, run_after=2023-04-07T15:25:58.641335+00:00
[2023-04-07T15:25:58.667+0000] {processor.py:175} INFO - Processing /home/airflow/.local/lib/python3.7/site-packages/airflow/example_dags/example_short_circuit_operator.py took 0.132 seconds
[2023-04-07T15:26:29.835+0000] {processor.py:153} INFO - Started process (PID=1235) to work on /home/airflow/.local/lib/python3.7/site-packages/airflow/example_dags/example_short_circuit_operator.py
[2023-04-07T15:26:29.837+0000] {processor.py:743} INFO - Processing file /home/airflow/.local/lib/python3.7/site-packages/airflow/example_dags/example_short_circuit_operator.py for tasks to queue
[2023-04-07T15:26:29.837+0000] {logging_mixin.py:137} INFO - [2023-04-07T15:26:29.837+0000] {dagbag.py:532} INFO - Filling up the DagBag from /home/airflow/.local/lib/python3.7/site-packages/airflow/example_dags/example_short_circuit_operator.py
[2023-04-07T15:26:29.862+0000] {processor.py:753} INFO - DAG(s) dict_keys(['example_short_circuit_operator']) retrieved from /home/airflow/.local/lib/python3.7/site-packages/airflow/example_dags/example_short_circuit_operator.py
[2023-04-07T15:26:29.918+0000] {logging_mixin.py:137} INFO - [2023-04-07T15:26:29.918+0000] {dag.py:2705} INFO - Sync 1 DAGs
[2023-04-07T15:26:29.958+0000] {logging_mixin.py:137} INFO - [2023-04-07T15:26:29.958+0000] {dag.py:3456} INFO - Setting next_dagrun for example_short_circuit_operator to 2023-04-06T15:26:29.958005+00:00, run_after=2023-04-07T15:26:29.958005+00:00
[2023-04-07T15:26:29.992+0000] {processor.py:175} INFO - Processing /home/airflow/.local/lib/python3.7/site-packages/airflow/example_dags/example_short_circuit_operator.py took 0.160 seconds
[2023-04-07T15:27:00.060+0000] {processor.py:153} INFO - Started process (PID=1458) to work on /home/airflow/.local/lib/python3.7/site-packages/airflow/example_dags/example_short_circuit_operator.py
[2023-04-07T15:27:00.061+0000] {processor.py:743} INFO - Processing file /home/airflow/.local/lib/python3.7/site-packages/airflow/example_dags/example_short_circuit_operator.py for tasks to queue
[2023-04-07T15:27:00.061+0000] {logging_mixin.py:137} INFO - [2023-04-07T15:27:00.061+0000] {dagbag.py:532} INFO - Filling up the DagBag from /home/airflow/.local/lib/python3.7/site-packages/airflow/example_dags/example_short_circuit_operator.py
[2023-04-07T15:27:00.079+0000] {processor.py:753} INFO - DAG(s) dict_keys(['example_short_circuit_operator']) retrieved from /home/airflow/.local/lib/python3.7/site-packages/airflow/example_dags/example_short_circuit_operator.py
[2023-04-07T15:27:00.111+0000] {logging_mixin.py:137} INFO - [2023-04-07T15:27:00.111+0000] {dag.py:2705} INFO - Sync 1 DAGs
[2023-04-07T15:27:00.151+0000] {logging_mixin.py:137} INFO - [2023-04-07T15:27:00.151+0000] {dag.py:3456} INFO - Setting next_dagrun for example_short_circuit_operator to 2023-04-06T15:27:00.150979+00:00, run_after=2023-04-07T15:27:00.150979+00:00
[2023-04-07T15:27:00.178+0000] {processor.py:175} INFO - Processing /home/airflow/.local/lib/python3.7/site-packages/airflow/example_dags/example_short_circuit_operator.py took 0.121 seconds
