[2023-04-07T14:59:10.401+0000] {processor.py:153} INFO - Started process (PID=290) to work on /home/airflow/.local/lib/python3.7/site-packages/airflow/example_dags/example_branch_labels.py
[2023-04-07T14:59:10.403+0000] {processor.py:743} INFO - Processing file /home/airflow/.local/lib/python3.7/site-packages/airflow/example_dags/example_branch_labels.py for tasks to queue
[2023-04-07T14:59:10.404+0000] {logging_mixin.py:137} INFO - [2023-04-07T14:59:10.404+0000] {dagbag.py:532} INFO - Filling up the DagBag from /home/airflow/.local/lib/python3.7/site-packages/airflow/example_dags/example_branch_labels.py
[2023-04-07T14:59:10.421+0000] {processor.py:753} INFO - DAG(s) dict_keys(['example_branch_labels']) retrieved from /home/airflow/.local/lib/python3.7/site-packages/airflow/example_dags/example_branch_labels.py
[2023-04-07T14:59:10.512+0000] {logging_mixin.py:137} INFO - [2023-04-07T14:59:10.511+0000] {dag.py:2705} INFO - Sync 1 DAGs
[2023-04-07T14:59:10.541+0000] {logging_mixin.py:137} INFO - [2023-04-07T14:59:10.541+0000] {dag.py:3456} INFO - Setting next_dagrun for example_branch_labels to 2023-04-06T00:00:00+00:00, run_after=2023-04-07T00:00:00+00:00
[2023-04-07T14:59:10.563+0000] {processor.py:175} INFO - Processing /home/airflow/.local/lib/python3.7/site-packages/airflow/example_dags/example_branch_labels.py took 0.164 seconds
[2023-04-07T14:59:40.828+0000] {processor.py:153} INFO - Started process (PID=513) to work on /home/airflow/.local/lib/python3.7/site-packages/airflow/example_dags/example_branch_labels.py
[2023-04-07T14:59:40.829+0000] {processor.py:743} INFO - Processing file /home/airflow/.local/lib/python3.7/site-packages/airflow/example_dags/example_branch_labels.py for tasks to queue
[2023-04-07T14:59:40.829+0000] {logging_mixin.py:137} INFO - [2023-04-07T14:59:40.829+0000] {dagbag.py:532} INFO - Filling up the DagBag from /home/airflow/.local/lib/python3.7/site-packages/airflow/example_dags/example_branch_labels.py
[2023-04-07T14:59:40.843+0000] {processor.py:753} INFO - DAG(s) dict_keys(['example_branch_labels']) retrieved from /home/airflow/.local/lib/python3.7/site-packages/airflow/example_dags/example_branch_labels.py
[2023-04-07T14:59:40.853+0000] {logging_mixin.py:137} INFO - [2023-04-07T14:59:40.853+0000] {dag.py:2705} INFO - Sync 1 DAGs
[2023-04-07T14:59:40.892+0000] {logging_mixin.py:137} INFO - [2023-04-07T14:59:40.892+0000] {dag.py:3456} INFO - Setting next_dagrun for example_branch_labels to 2023-04-06T00:00:00+00:00, run_after=2023-04-07T00:00:00+00:00
[2023-04-07T14:59:40.921+0000] {processor.py:175} INFO - Processing /home/airflow/.local/lib/python3.7/site-packages/airflow/example_dags/example_branch_labels.py took 0.096 seconds
[2023-04-07T15:00:11.384+0000] {processor.py:153} INFO - Started process (PID=736) to work on /home/airflow/.local/lib/python3.7/site-packages/airflow/example_dags/example_branch_labels.py
[2023-04-07T15:00:11.385+0000] {processor.py:743} INFO - Processing file /home/airflow/.local/lib/python3.7/site-packages/airflow/example_dags/example_branch_labels.py for tasks to queue
[2023-04-07T15:00:11.385+0000] {logging_mixin.py:137} INFO - [2023-04-07T15:00:11.385+0000] {dagbag.py:532} INFO - Filling up the DagBag from /home/airflow/.local/lib/python3.7/site-packages/airflow/example_dags/example_branch_labels.py
[2023-04-07T15:00:11.400+0000] {processor.py:753} INFO - DAG(s) dict_keys(['example_branch_labels']) retrieved from /home/airflow/.local/lib/python3.7/site-packages/airflow/example_dags/example_branch_labels.py
[2023-04-07T15:00:11.426+0000] {logging_mixin.py:137} INFO - [2023-04-07T15:00:11.426+0000] {dag.py:2705} INFO - Sync 1 DAGs
[2023-04-07T15:00:11.454+0000] {logging_mixin.py:137} INFO - [2023-04-07T15:00:11.454+0000] {dag.py:3456} INFO - Setting next_dagrun for example_branch_labels to 2023-04-06T00:00:00+00:00, run_after=2023-04-07T00:00:00+00:00
[2023-04-07T15:00:11.470+0000] {processor.py:175} INFO - Processing /home/airflow/.local/lib/python3.7/site-packages/airflow/example_dags/example_branch_labels.py took 0.088 seconds
[2023-04-07T15:00:41.893+0000] {processor.py:153} INFO - Started process (PID=977) to work on /home/airflow/.local/lib/python3.7/site-packages/airflow/example_dags/example_branch_labels.py
[2023-04-07T15:00:41.894+0000] {processor.py:743} INFO - Processing file /home/airflow/.local/lib/python3.7/site-packages/airflow/example_dags/example_branch_labels.py for tasks to queue
[2023-04-07T15:00:41.895+0000] {logging_mixin.py:137} INFO - [2023-04-07T15:00:41.894+0000] {dagbag.py:532} INFO - Filling up the DagBag from /home/airflow/.local/lib/python3.7/site-packages/airflow/example_dags/example_branch_labels.py
[2023-04-07T15:00:41.911+0000] {processor.py:753} INFO - DAG(s) dict_keys(['example_branch_labels']) retrieved from /home/airflow/.local/lib/python3.7/site-packages/airflow/example_dags/example_branch_labels.py
[2023-04-07T15:00:41.949+0000] {logging_mixin.py:137} INFO - [2023-04-07T15:00:41.949+0000] {dag.py:2705} INFO - Sync 1 DAGs
[2023-04-07T15:00:41.996+0000] {logging_mixin.py:137} INFO - [2023-04-07T15:00:41.996+0000] {dag.py:3456} INFO - Setting next_dagrun for example_branch_labels to 2023-04-06T00:00:00+00:00, run_after=2023-04-07T00:00:00+00:00
[2023-04-07T15:00:42.020+0000] {processor.py:175} INFO - Processing /home/airflow/.local/lib/python3.7/site-packages/airflow/example_dags/example_branch_labels.py took 0.130 seconds
[2023-04-07T15:01:12.133+0000] {processor.py:153} INFO - Started process (PID=1200) to work on /home/airflow/.local/lib/python3.7/site-packages/airflow/example_dags/example_branch_labels.py
[2023-04-07T15:01:12.133+0000] {processor.py:743} INFO - Processing file /home/airflow/.local/lib/python3.7/site-packages/airflow/example_dags/example_branch_labels.py for tasks to queue
[2023-04-07T15:01:12.134+0000] {logging_mixin.py:137} INFO - [2023-04-07T15:01:12.134+0000] {dagbag.py:532} INFO - Filling up the DagBag from /home/airflow/.local/lib/python3.7/site-packages/airflow/example_dags/example_branch_labels.py
[2023-04-07T15:01:12.148+0000] {processor.py:753} INFO - DAG(s) dict_keys(['example_branch_labels']) retrieved from /home/airflow/.local/lib/python3.7/site-packages/airflow/example_dags/example_branch_labels.py
[2023-04-07T15:01:12.179+0000] {logging_mixin.py:137} INFO - [2023-04-07T15:01:12.178+0000] {dag.py:2705} INFO - Sync 1 DAGs
[2023-04-07T15:01:12.213+0000] {logging_mixin.py:137} INFO - [2023-04-07T15:01:12.212+0000] {dag.py:3456} INFO - Setting next_dagrun for example_branch_labels to 2023-04-06T00:00:00+00:00, run_after=2023-04-07T00:00:00+00:00
[2023-04-07T15:01:12.232+0000] {processor.py:175} INFO - Processing /home/airflow/.local/lib/python3.7/site-packages/airflow/example_dags/example_branch_labels.py took 0.102 seconds
[2023-04-07T15:01:42.286+0000] {processor.py:153} INFO - Started process (PID=1420) to work on /home/airflow/.local/lib/python3.7/site-packages/airflow/example_dags/example_branch_labels.py
[2023-04-07T15:01:42.286+0000] {processor.py:743} INFO - Processing file /home/airflow/.local/lib/python3.7/site-packages/airflow/example_dags/example_branch_labels.py for tasks to queue
[2023-04-07T15:01:42.287+0000] {logging_mixin.py:137} INFO - [2023-04-07T15:01:42.287+0000] {dagbag.py:532} INFO - Filling up the DagBag from /home/airflow/.local/lib/python3.7/site-packages/airflow/example_dags/example_branch_labels.py
[2023-04-07T15:01:42.300+0000] {processor.py:753} INFO - DAG(s) dict_keys(['example_branch_labels']) retrieved from /home/airflow/.local/lib/python3.7/site-packages/airflow/example_dags/example_branch_labels.py
[2023-04-07T15:01:42.325+0000] {logging_mixin.py:137} INFO - [2023-04-07T15:01:42.325+0000] {dag.py:2705} INFO - Sync 1 DAGs
[2023-04-07T15:01:42.354+0000] {logging_mixin.py:137} INFO - [2023-04-07T15:01:42.354+0000] {dag.py:3456} INFO - Setting next_dagrun for example_branch_labels to 2023-04-06T00:00:00+00:00, run_after=2023-04-07T00:00:00+00:00
[2023-04-07T15:01:42.370+0000] {processor.py:175} INFO - Processing /home/airflow/.local/lib/python3.7/site-packages/airflow/example_dags/example_branch_labels.py took 0.086 seconds
[2023-04-07T15:02:12.431+0000] {processor.py:153} INFO - Started process (PID=1649) to work on /home/airflow/.local/lib/python3.7/site-packages/airflow/example_dags/example_branch_labels.py
[2023-04-07T15:02:12.432+0000] {processor.py:743} INFO - Processing file /home/airflow/.local/lib/python3.7/site-packages/airflow/example_dags/example_branch_labels.py for tasks to queue
[2023-04-07T15:02:12.432+0000] {logging_mixin.py:137} INFO - [2023-04-07T15:02:12.432+0000] {dagbag.py:532} INFO - Filling up the DagBag from /home/airflow/.local/lib/python3.7/site-packages/airflow/example_dags/example_branch_labels.py
[2023-04-07T15:02:12.447+0000] {processor.py:753} INFO - DAG(s) dict_keys(['example_branch_labels']) retrieved from /home/airflow/.local/lib/python3.7/site-packages/airflow/example_dags/example_branch_labels.py
[2023-04-07T15:02:12.474+0000] {logging_mixin.py:137} INFO - [2023-04-07T15:02:12.474+0000] {dag.py:2705} INFO - Sync 1 DAGs
[2023-04-07T15:02:12.503+0000] {logging_mixin.py:137} INFO - [2023-04-07T15:02:12.503+0000] {dag.py:3456} INFO - Setting next_dagrun for example_branch_labels to 2023-04-06T00:00:00+00:00, run_after=2023-04-07T00:00:00+00:00
[2023-04-07T15:02:12.520+0000] {processor.py:175} INFO - Processing /home/airflow/.local/lib/python3.7/site-packages/airflow/example_dags/example_branch_labels.py took 0.090 seconds
[2023-04-07T15:02:42.562+0000] {processor.py:153} INFO - Started process (PID=1890) to work on /home/airflow/.local/lib/python3.7/site-packages/airflow/example_dags/example_branch_labels.py
[2023-04-07T15:02:42.563+0000] {processor.py:743} INFO - Processing file /home/airflow/.local/lib/python3.7/site-packages/airflow/example_dags/example_branch_labels.py for tasks to queue
[2023-04-07T15:02:42.563+0000] {logging_mixin.py:137} INFO - [2023-04-07T15:02:42.563+0000] {dagbag.py:532} INFO - Filling up the DagBag from /home/airflow/.local/lib/python3.7/site-packages/airflow/example_dags/example_branch_labels.py
[2023-04-07T15:02:42.578+0000] {processor.py:753} INFO - DAG(s) dict_keys(['example_branch_labels']) retrieved from /home/airflow/.local/lib/python3.7/site-packages/airflow/example_dags/example_branch_labels.py
[2023-04-07T15:02:42.603+0000] {logging_mixin.py:137} INFO - [2023-04-07T15:02:42.603+0000] {dag.py:2705} INFO - Sync 1 DAGs
[2023-04-07T15:02:42.634+0000] {logging_mixin.py:137} INFO - [2023-04-07T15:02:42.634+0000] {dag.py:3456} INFO - Setting next_dagrun for example_branch_labels to 2023-04-06T00:00:00+00:00, run_after=2023-04-07T00:00:00+00:00
[2023-04-07T15:02:42.650+0000] {processor.py:175} INFO - Processing /home/airflow/.local/lib/python3.7/site-packages/airflow/example_dags/example_branch_labels.py took 0.090 seconds
[2023-04-07T15:03:12.821+0000] {processor.py:153} INFO - Started process (PID=2120) to work on /home/airflow/.local/lib/python3.7/site-packages/airflow/example_dags/example_branch_labels.py
[2023-04-07T15:03:12.822+0000] {processor.py:743} INFO - Processing file /home/airflow/.local/lib/python3.7/site-packages/airflow/example_dags/example_branch_labels.py for tasks to queue
[2023-04-07T15:03:12.823+0000] {logging_mixin.py:137} INFO - [2023-04-07T15:03:12.822+0000] {dagbag.py:532} INFO - Filling up the DagBag from /home/airflow/.local/lib/python3.7/site-packages/airflow/example_dags/example_branch_labels.py
[2023-04-07T15:03:12.836+0000] {processor.py:753} INFO - DAG(s) dict_keys(['example_branch_labels']) retrieved from /home/airflow/.local/lib/python3.7/site-packages/airflow/example_dags/example_branch_labels.py
[2023-04-07T15:03:12.861+0000] {logging_mixin.py:137} INFO - [2023-04-07T15:03:12.861+0000] {dag.py:2705} INFO - Sync 1 DAGs
[2023-04-07T15:03:12.891+0000] {logging_mixin.py:137} INFO - [2023-04-07T15:03:12.891+0000] {dag.py:3456} INFO - Setting next_dagrun for example_branch_labels to 2023-04-06T00:00:00+00:00, run_after=2023-04-07T00:00:00+00:00
[2023-04-07T15:03:12.908+0000] {processor.py:175} INFO - Processing /home/airflow/.local/lib/python3.7/site-packages/airflow/example_dags/example_branch_labels.py took 0.089 seconds
[2023-04-07T15:03:43.871+0000] {processor.py:153} INFO - Started process (PID=2367) to work on /home/airflow/.local/lib/python3.7/site-packages/airflow/example_dags/example_branch_labels.py
[2023-04-07T15:03:43.871+0000] {processor.py:743} INFO - Processing file /home/airflow/.local/lib/python3.7/site-packages/airflow/example_dags/example_branch_labels.py for tasks to queue
[2023-04-07T15:03:43.872+0000] {logging_mixin.py:137} INFO - [2023-04-07T15:03:43.872+0000] {dagbag.py:532} INFO - Filling up the DagBag from /home/airflow/.local/lib/python3.7/site-packages/airflow/example_dags/example_branch_labels.py
[2023-04-07T15:03:43.885+0000] {processor.py:753} INFO - DAG(s) dict_keys(['example_branch_labels']) retrieved from /home/airflow/.local/lib/python3.7/site-packages/airflow/example_dags/example_branch_labels.py
[2023-04-07T15:03:43.914+0000] {logging_mixin.py:137} INFO - [2023-04-07T15:03:43.914+0000] {dag.py:2705} INFO - Sync 1 DAGs
[2023-04-07T15:03:43.948+0000] {logging_mixin.py:137} INFO - [2023-04-07T15:03:43.948+0000] {dag.py:3456} INFO - Setting next_dagrun for example_branch_labels to 2023-04-06T00:00:00+00:00, run_after=2023-04-07T00:00:00+00:00
[2023-04-07T15:03:43.969+0000] {processor.py:175} INFO - Processing /home/airflow/.local/lib/python3.7/site-packages/airflow/example_dags/example_branch_labels.py took 0.101 seconds
[2023-04-07T15:04:14.237+0000] {processor.py:153} INFO - Started process (PID=2633) to work on /home/airflow/.local/lib/python3.7/site-packages/airflow/example_dags/example_branch_labels.py
[2023-04-07T15:04:14.238+0000] {processor.py:743} INFO - Processing file /home/airflow/.local/lib/python3.7/site-packages/airflow/example_dags/example_branch_labels.py for tasks to queue
[2023-04-07T15:04:14.239+0000] {logging_mixin.py:137} INFO - [2023-04-07T15:04:14.239+0000] {dagbag.py:532} INFO - Filling up the DagBag from /home/airflow/.local/lib/python3.7/site-packages/airflow/example_dags/example_branch_labels.py
[2023-04-07T15:04:14.254+0000] {processor.py:753} INFO - DAG(s) dict_keys(['example_branch_labels']) retrieved from /home/airflow/.local/lib/python3.7/site-packages/airflow/example_dags/example_branch_labels.py
[2023-04-07T15:04:14.285+0000] {logging_mixin.py:137} INFO - [2023-04-07T15:04:14.285+0000] {dag.py:2705} INFO - Sync 1 DAGs
[2023-04-07T15:04:14.316+0000] {logging_mixin.py:137} INFO - [2023-04-07T15:04:14.316+0000] {dag.py:3456} INFO - Setting next_dagrun for example_branch_labels to 2023-04-06T00:00:00+00:00, run_after=2023-04-07T00:00:00+00:00
[2023-04-07T15:04:14.344+0000] {processor.py:175} INFO - Processing /home/airflow/.local/lib/python3.7/site-packages/airflow/example_dags/example_branch_labels.py took 0.109 seconds
[2023-04-07T15:04:44.571+0000] {processor.py:153} INFO - Started process (PID=2858) to work on /home/airflow/.local/lib/python3.7/site-packages/airflow/example_dags/example_branch_labels.py
[2023-04-07T15:04:44.572+0000] {processor.py:743} INFO - Processing file /home/airflow/.local/lib/python3.7/site-packages/airflow/example_dags/example_branch_labels.py for tasks to queue
[2023-04-07T15:04:44.572+0000] {logging_mixin.py:137} INFO - [2023-04-07T15:04:44.572+0000] {dagbag.py:532} INFO - Filling up the DagBag from /home/airflow/.local/lib/python3.7/site-packages/airflow/example_dags/example_branch_labels.py
[2023-04-07T15:04:44.588+0000] {processor.py:753} INFO - DAG(s) dict_keys(['example_branch_labels']) retrieved from /home/airflow/.local/lib/python3.7/site-packages/airflow/example_dags/example_branch_labels.py
[2023-04-07T15:04:44.616+0000] {logging_mixin.py:137} INFO - [2023-04-07T15:04:44.616+0000] {dag.py:2705} INFO - Sync 1 DAGs
[2023-04-07T15:04:44.648+0000] {logging_mixin.py:137} INFO - [2023-04-07T15:04:44.648+0000] {dag.py:3456} INFO - Setting next_dagrun for example_branch_labels to 2023-04-06T00:00:00+00:00, run_after=2023-04-07T00:00:00+00:00
[2023-04-07T15:04:44.673+0000] {processor.py:175} INFO - Processing /home/airflow/.local/lib/python3.7/site-packages/airflow/example_dags/example_branch_labels.py took 0.105 seconds
[2023-04-07T15:07:32.253+0000] {processor.py:153} INFO - Started process (PID=241) to work on /home/airflow/.local/lib/python3.7/site-packages/airflow/example_dags/example_branch_labels.py
[2023-04-07T15:07:32.254+0000] {processor.py:743} INFO - Processing file /home/airflow/.local/lib/python3.7/site-packages/airflow/example_dags/example_branch_labels.py for tasks to queue
[2023-04-07T15:07:32.254+0000] {logging_mixin.py:137} INFO - [2023-04-07T15:07:32.254+0000] {dagbag.py:532} INFO - Filling up the DagBag from /home/airflow/.local/lib/python3.7/site-packages/airflow/example_dags/example_branch_labels.py
[2023-04-07T15:07:32.268+0000] {processor.py:753} INFO - DAG(s) dict_keys(['example_branch_labels']) retrieved from /home/airflow/.local/lib/python3.7/site-packages/airflow/example_dags/example_branch_labels.py
[2023-04-07T15:07:32.295+0000] {logging_mixin.py:137} INFO - [2023-04-07T15:07:32.295+0000] {dag.py:2705} INFO - Sync 1 DAGs
[2023-04-07T15:07:32.329+0000] {logging_mixin.py:137} INFO - [2023-04-07T15:07:32.328+0000] {dag.py:3456} INFO - Setting next_dagrun for example_branch_labels to 2023-04-06T00:00:00+00:00, run_after=2023-04-07T00:00:00+00:00
[2023-04-07T15:07:32.345+0000] {processor.py:175} INFO - Processing /home/airflow/.local/lib/python3.7/site-packages/airflow/example_dags/example_branch_labels.py took 0.094 seconds
[2023-04-07T15:08:03.000+0000] {processor.py:153} INFO - Started process (PID=464) to work on /home/airflow/.local/lib/python3.7/site-packages/airflow/example_dags/example_branch_labels.py
[2023-04-07T15:08:03.000+0000] {processor.py:743} INFO - Processing file /home/airflow/.local/lib/python3.7/site-packages/airflow/example_dags/example_branch_labels.py for tasks to queue
[2023-04-07T15:08:03.001+0000] {logging_mixin.py:137} INFO - [2023-04-07T15:08:03.001+0000] {dagbag.py:532} INFO - Filling up the DagBag from /home/airflow/.local/lib/python3.7/site-packages/airflow/example_dags/example_branch_labels.py
[2023-04-07T15:08:03.015+0000] {processor.py:753} INFO - DAG(s) dict_keys(['example_branch_labels']) retrieved from /home/airflow/.local/lib/python3.7/site-packages/airflow/example_dags/example_branch_labels.py
[2023-04-07T15:08:03.039+0000] {logging_mixin.py:137} INFO - [2023-04-07T15:08:03.039+0000] {dag.py:2705} INFO - Sync 1 DAGs
[2023-04-07T15:08:03.072+0000] {logging_mixin.py:137} INFO - [2023-04-07T15:08:03.072+0000] {dag.py:3456} INFO - Setting next_dagrun for example_branch_labels to 2023-04-06T00:00:00+00:00, run_after=2023-04-07T00:00:00+00:00
[2023-04-07T15:08:03.089+0000] {processor.py:175} INFO - Processing /home/airflow/.local/lib/python3.7/site-packages/airflow/example_dags/example_branch_labels.py took 0.092 seconds
[2023-04-07T15:08:33.911+0000] {processor.py:153} INFO - Started process (PID=687) to work on /home/airflow/.local/lib/python3.7/site-packages/airflow/example_dags/example_branch_labels.py
[2023-04-07T15:08:33.912+0000] {processor.py:743} INFO - Processing file /home/airflow/.local/lib/python3.7/site-packages/airflow/example_dags/example_branch_labels.py for tasks to queue
[2023-04-07T15:08:33.912+0000] {logging_mixin.py:137} INFO - [2023-04-07T15:08:33.912+0000] {dagbag.py:532} INFO - Filling up the DagBag from /home/airflow/.local/lib/python3.7/site-packages/airflow/example_dags/example_branch_labels.py
[2023-04-07T15:08:33.930+0000] {processor.py:753} INFO - DAG(s) dict_keys(['example_branch_labels']) retrieved from /home/airflow/.local/lib/python3.7/site-packages/airflow/example_dags/example_branch_labels.py
[2023-04-07T15:08:33.964+0000] {logging_mixin.py:137} INFO - [2023-04-07T15:08:33.964+0000] {dag.py:2705} INFO - Sync 1 DAGs
[2023-04-07T15:08:34.009+0000] {logging_mixin.py:137} INFO - [2023-04-07T15:08:34.009+0000] {dag.py:3456} INFO - Setting next_dagrun for example_branch_labels to 2023-04-06T00:00:00+00:00, run_after=2023-04-07T00:00:00+00:00
[2023-04-07T15:08:34.032+0000] {processor.py:175} INFO - Processing /home/airflow/.local/lib/python3.7/site-packages/airflow/example_dags/example_branch_labels.py took 0.123 seconds
[2023-04-07T15:09:04.598+0000] {processor.py:153} INFO - Started process (PID=913) to work on /home/airflow/.local/lib/python3.7/site-packages/airflow/example_dags/example_branch_labels.py
[2023-04-07T15:09:04.599+0000] {processor.py:743} INFO - Processing file /home/airflow/.local/lib/python3.7/site-packages/airflow/example_dags/example_branch_labels.py for tasks to queue
[2023-04-07T15:09:04.600+0000] {logging_mixin.py:137} INFO - [2023-04-07T15:09:04.599+0000] {dagbag.py:532} INFO - Filling up the DagBag from /home/airflow/.local/lib/python3.7/site-packages/airflow/example_dags/example_branch_labels.py
[2023-04-07T15:09:04.620+0000] {processor.py:753} INFO - DAG(s) dict_keys(['example_branch_labels']) retrieved from /home/airflow/.local/lib/python3.7/site-packages/airflow/example_dags/example_branch_labels.py
[2023-04-07T15:09:04.656+0000] {logging_mixin.py:137} INFO - [2023-04-07T15:09:04.656+0000] {dag.py:2705} INFO - Sync 1 DAGs
[2023-04-07T15:09:04.705+0000] {logging_mixin.py:137} INFO - [2023-04-07T15:09:04.705+0000] {dag.py:3456} INFO - Setting next_dagrun for example_branch_labels to 2023-04-06T00:00:00+00:00, run_after=2023-04-07T00:00:00+00:00
[2023-04-07T15:09:04.731+0000] {processor.py:175} INFO - Processing /home/airflow/.local/lib/python3.7/site-packages/airflow/example_dags/example_branch_labels.py took 0.136 seconds
[2023-04-07T15:09:35.061+0000] {processor.py:153} INFO - Started process (PID=1148) to work on /home/airflow/.local/lib/python3.7/site-packages/airflow/example_dags/example_branch_labels.py
[2023-04-07T15:09:35.061+0000] {processor.py:743} INFO - Processing file /home/airflow/.local/lib/python3.7/site-packages/airflow/example_dags/example_branch_labels.py for tasks to queue
[2023-04-07T15:09:35.062+0000] {logging_mixin.py:137} INFO - [2023-04-07T15:09:35.062+0000] {dagbag.py:532} INFO - Filling up the DagBag from /home/airflow/.local/lib/python3.7/site-packages/airflow/example_dags/example_branch_labels.py
[2023-04-07T15:09:35.076+0000] {processor.py:753} INFO - DAG(s) dict_keys(['example_branch_labels']) retrieved from /home/airflow/.local/lib/python3.7/site-packages/airflow/example_dags/example_branch_labels.py
[2023-04-07T15:09:35.107+0000] {logging_mixin.py:137} INFO - [2023-04-07T15:09:35.107+0000] {dag.py:2705} INFO - Sync 1 DAGs
[2023-04-07T15:09:35.146+0000] {logging_mixin.py:137} INFO - [2023-04-07T15:09:35.146+0000] {dag.py:3456} INFO - Setting next_dagrun for example_branch_labels to 2023-04-06T00:00:00+00:00, run_after=2023-04-07T00:00:00+00:00
[2023-04-07T15:09:35.178+0000] {processor.py:175} INFO - Processing /home/airflow/.local/lib/python3.7/site-packages/airflow/example_dags/example_branch_labels.py took 0.120 seconds
[2023-04-07T15:10:05.784+0000] {processor.py:153} INFO - Started process (PID=1371) to work on /home/airflow/.local/lib/python3.7/site-packages/airflow/example_dags/example_branch_labels.py
[2023-04-07T15:10:05.785+0000] {processor.py:743} INFO - Processing file /home/airflow/.local/lib/python3.7/site-packages/airflow/example_dags/example_branch_labels.py for tasks to queue
[2023-04-07T15:10:05.785+0000] {logging_mixin.py:137} INFO - [2023-04-07T15:10:05.785+0000] {dagbag.py:532} INFO - Filling up the DagBag from /home/airflow/.local/lib/python3.7/site-packages/airflow/example_dags/example_branch_labels.py
[2023-04-07T15:10:05.806+0000] {processor.py:753} INFO - DAG(s) dict_keys(['example_branch_labels']) retrieved from /home/airflow/.local/lib/python3.7/site-packages/airflow/example_dags/example_branch_labels.py
[2023-04-07T15:10:05.840+0000] {logging_mixin.py:137} INFO - [2023-04-07T15:10:05.839+0000] {dag.py:2705} INFO - Sync 1 DAGs
[2023-04-07T15:10:05.887+0000] {logging_mixin.py:137} INFO - [2023-04-07T15:10:05.886+0000] {dag.py:3456} INFO - Setting next_dagrun for example_branch_labels to 2023-04-06T00:00:00+00:00, run_after=2023-04-07T00:00:00+00:00
[2023-04-07T15:10:05.908+0000] {processor.py:175} INFO - Processing /home/airflow/.local/lib/python3.7/site-packages/airflow/example_dags/example_branch_labels.py took 0.127 seconds
[2023-04-07T15:10:36.767+0000] {processor.py:153} INFO - Started process (PID=1593) to work on /home/airflow/.local/lib/python3.7/site-packages/airflow/example_dags/example_branch_labels.py
[2023-04-07T15:10:36.767+0000] {processor.py:743} INFO - Processing file /home/airflow/.local/lib/python3.7/site-packages/airflow/example_dags/example_branch_labels.py for tasks to queue
[2023-04-07T15:10:36.768+0000] {logging_mixin.py:137} INFO - [2023-04-07T15:10:36.768+0000] {dagbag.py:532} INFO - Filling up the DagBag from /home/airflow/.local/lib/python3.7/site-packages/airflow/example_dags/example_branch_labels.py
[2023-04-07T15:10:36.785+0000] {processor.py:753} INFO - DAG(s) dict_keys(['example_branch_labels']) retrieved from /home/airflow/.local/lib/python3.7/site-packages/airflow/example_dags/example_branch_labels.py
[2023-04-07T15:10:36.812+0000] {logging_mixin.py:137} INFO - [2023-04-07T15:10:36.812+0000] {dag.py:2705} INFO - Sync 1 DAGs
[2023-04-07T15:10:36.852+0000] {logging_mixin.py:137} INFO - [2023-04-07T15:10:36.852+0000] {dag.py:3456} INFO - Setting next_dagrun for example_branch_labels to 2023-04-06T00:00:00+00:00, run_after=2023-04-07T00:00:00+00:00
[2023-04-07T15:10:36.869+0000] {processor.py:175} INFO - Processing /home/airflow/.local/lib/python3.7/site-packages/airflow/example_dags/example_branch_labels.py took 0.106 seconds
[2023-04-07T15:11:07.015+0000] {processor.py:153} INFO - Started process (PID=1816) to work on /home/airflow/.local/lib/python3.7/site-packages/airflow/example_dags/example_branch_labels.py
[2023-04-07T15:11:07.015+0000] {processor.py:743} INFO - Processing file /home/airflow/.local/lib/python3.7/site-packages/airflow/example_dags/example_branch_labels.py for tasks to queue
[2023-04-07T15:11:07.016+0000] {logging_mixin.py:137} INFO - [2023-04-07T15:11:07.016+0000] {dagbag.py:532} INFO - Filling up the DagBag from /home/airflow/.local/lib/python3.7/site-packages/airflow/example_dags/example_branch_labels.py
[2023-04-07T15:11:07.032+0000] {processor.py:753} INFO - DAG(s) dict_keys(['example_branch_labels']) retrieved from /home/airflow/.local/lib/python3.7/site-packages/airflow/example_dags/example_branch_labels.py
[2023-04-07T15:11:07.060+0000] {logging_mixin.py:137} INFO - [2023-04-07T15:11:07.060+0000] {dag.py:2705} INFO - Sync 1 DAGs
[2023-04-07T15:11:07.099+0000] {logging_mixin.py:137} INFO - [2023-04-07T15:11:07.099+0000] {dag.py:3456} INFO - Setting next_dagrun for example_branch_labels to 2023-04-06T00:00:00+00:00, run_after=2023-04-07T00:00:00+00:00
[2023-04-07T15:11:07.118+0000] {processor.py:175} INFO - Processing /home/airflow/.local/lib/python3.7/site-packages/airflow/example_dags/example_branch_labels.py took 0.106 seconds
[2023-04-07T15:11:37.297+0000] {processor.py:153} INFO - Started process (PID=2039) to work on /home/airflow/.local/lib/python3.7/site-packages/airflow/example_dags/example_branch_labels.py
[2023-04-07T15:11:37.298+0000] {processor.py:743} INFO - Processing file /home/airflow/.local/lib/python3.7/site-packages/airflow/example_dags/example_branch_labels.py for tasks to queue
[2023-04-07T15:11:37.298+0000] {logging_mixin.py:137} INFO - [2023-04-07T15:11:37.298+0000] {dagbag.py:532} INFO - Filling up the DagBag from /home/airflow/.local/lib/python3.7/site-packages/airflow/example_dags/example_branch_labels.py
[2023-04-07T15:11:37.315+0000] {processor.py:753} INFO - DAG(s) dict_keys(['example_branch_labels']) retrieved from /home/airflow/.local/lib/python3.7/site-packages/airflow/example_dags/example_branch_labels.py
[2023-04-07T15:11:37.346+0000] {logging_mixin.py:137} INFO - [2023-04-07T15:11:37.346+0000] {dag.py:2705} INFO - Sync 1 DAGs
[2023-04-07T15:11:37.388+0000] {logging_mixin.py:137} INFO - [2023-04-07T15:11:37.388+0000] {dag.py:3456} INFO - Setting next_dagrun for example_branch_labels to 2023-04-06T00:00:00+00:00, run_after=2023-04-07T00:00:00+00:00
[2023-04-07T15:11:37.412+0000] {processor.py:175} INFO - Processing /home/airflow/.local/lib/python3.7/site-packages/airflow/example_dags/example_branch_labels.py took 0.118 seconds
[2023-04-07T15:12:07.494+0000] {processor.py:153} INFO - Started process (PID=2257) to work on /home/airflow/.local/lib/python3.7/site-packages/airflow/example_dags/example_branch_labels.py
[2023-04-07T15:12:07.495+0000] {processor.py:743} INFO - Processing file /home/airflow/.local/lib/python3.7/site-packages/airflow/example_dags/example_branch_labels.py for tasks to queue
[2023-04-07T15:12:07.495+0000] {logging_mixin.py:137} INFO - [2023-04-07T15:12:07.495+0000] {dagbag.py:532} INFO - Filling up the DagBag from /home/airflow/.local/lib/python3.7/site-packages/airflow/example_dags/example_branch_labels.py
[2023-04-07T15:12:07.512+0000] {processor.py:753} INFO - DAG(s) dict_keys(['example_branch_labels']) retrieved from /home/airflow/.local/lib/python3.7/site-packages/airflow/example_dags/example_branch_labels.py
[2023-04-07T15:12:07.544+0000] {logging_mixin.py:137} INFO - [2023-04-07T15:12:07.544+0000] {dag.py:2705} INFO - Sync 1 DAGs
[2023-04-07T15:12:07.582+0000] {logging_mixin.py:137} INFO - [2023-04-07T15:12:07.581+0000] {dag.py:3456} INFO - Setting next_dagrun for example_branch_labels to 2023-04-06T00:00:00+00:00, run_after=2023-04-07T00:00:00+00:00
[2023-04-07T15:12:07.608+0000] {processor.py:175} INFO - Processing /home/airflow/.local/lib/python3.7/site-packages/airflow/example_dags/example_branch_labels.py took 0.116 seconds
[2023-04-07T15:12:38.018+0000] {processor.py:153} INFO - Started process (PID=2480) to work on /home/airflow/.local/lib/python3.7/site-packages/airflow/example_dags/example_branch_labels.py
[2023-04-07T15:12:38.019+0000] {processor.py:743} INFO - Processing file /home/airflow/.local/lib/python3.7/site-packages/airflow/example_dags/example_branch_labels.py for tasks to queue
[2023-04-07T15:12:38.020+0000] {logging_mixin.py:137} INFO - [2023-04-07T15:12:38.019+0000] {dagbag.py:532} INFO - Filling up the DagBag from /home/airflow/.local/lib/python3.7/site-packages/airflow/example_dags/example_branch_labels.py
[2023-04-07T15:12:38.038+0000] {processor.py:753} INFO - DAG(s) dict_keys(['example_branch_labels']) retrieved from /home/airflow/.local/lib/python3.7/site-packages/airflow/example_dags/example_branch_labels.py
[2023-04-07T15:12:38.070+0000] {logging_mixin.py:137} INFO - [2023-04-07T15:12:38.070+0000] {dag.py:2705} INFO - Sync 1 DAGs
[2023-04-07T15:12:38.117+0000] {logging_mixin.py:137} INFO - [2023-04-07T15:12:38.117+0000] {dag.py:3456} INFO - Setting next_dagrun for example_branch_labels to 2023-04-06T00:00:00+00:00, run_after=2023-04-07T00:00:00+00:00
[2023-04-07T15:12:38.152+0000] {processor.py:175} INFO - Processing /home/airflow/.local/lib/python3.7/site-packages/airflow/example_dags/example_branch_labels.py took 0.137 seconds
[2023-04-07T15:13:08.281+0000] {processor.py:153} INFO - Started process (PID=2703) to work on /home/airflow/.local/lib/python3.7/site-packages/airflow/example_dags/example_branch_labels.py
[2023-04-07T15:13:08.282+0000] {processor.py:743} INFO - Processing file /home/airflow/.local/lib/python3.7/site-packages/airflow/example_dags/example_branch_labels.py for tasks to queue
[2023-04-07T15:13:08.283+0000] {logging_mixin.py:137} INFO - [2023-04-07T15:13:08.283+0000] {dagbag.py:532} INFO - Filling up the DagBag from /home/airflow/.local/lib/python3.7/site-packages/airflow/example_dags/example_branch_labels.py
[2023-04-07T15:13:08.298+0000] {processor.py:753} INFO - DAG(s) dict_keys(['example_branch_labels']) retrieved from /home/airflow/.local/lib/python3.7/site-packages/airflow/example_dags/example_branch_labels.py
[2023-04-07T15:13:08.324+0000] {logging_mixin.py:137} INFO - [2023-04-07T15:13:08.324+0000] {dag.py:2705} INFO - Sync 1 DAGs
[2023-04-07T15:13:08.360+0000] {logging_mixin.py:137} INFO - [2023-04-07T15:13:08.360+0000] {dag.py:3456} INFO - Setting next_dagrun for example_branch_labels to 2023-04-06T00:00:00+00:00, run_after=2023-04-07T00:00:00+00:00
[2023-04-07T15:13:08.379+0000] {processor.py:175} INFO - Processing /home/airflow/.local/lib/python3.7/site-packages/airflow/example_dags/example_branch_labels.py took 0.101 seconds
[2023-04-07T15:13:38.645+0000] {processor.py:153} INFO - Started process (PID=2934) to work on /home/airflow/.local/lib/python3.7/site-packages/airflow/example_dags/example_branch_labels.py
[2023-04-07T15:13:38.646+0000] {processor.py:743} INFO - Processing file /home/airflow/.local/lib/python3.7/site-packages/airflow/example_dags/example_branch_labels.py for tasks to queue
[2023-04-07T15:13:38.646+0000] {logging_mixin.py:137} INFO - [2023-04-07T15:13:38.646+0000] {dagbag.py:532} INFO - Filling up the DagBag from /home/airflow/.local/lib/python3.7/site-packages/airflow/example_dags/example_branch_labels.py
[2023-04-07T15:13:38.663+0000] {processor.py:753} INFO - DAG(s) dict_keys(['example_branch_labels']) retrieved from /home/airflow/.local/lib/python3.7/site-packages/airflow/example_dags/example_branch_labels.py
[2023-04-07T15:13:38.690+0000] {logging_mixin.py:137} INFO - [2023-04-07T15:13:38.690+0000] {dag.py:2705} INFO - Sync 1 DAGs
[2023-04-07T15:13:38.735+0000] {logging_mixin.py:137} INFO - [2023-04-07T15:13:38.735+0000] {dag.py:3456} INFO - Setting next_dagrun for example_branch_labels to 2023-04-06T00:00:00+00:00, run_after=2023-04-07T00:00:00+00:00
[2023-04-07T15:13:38.757+0000] {processor.py:175} INFO - Processing /home/airflow/.local/lib/python3.7/site-packages/airflow/example_dags/example_branch_labels.py took 0.114 seconds
[2023-04-07T15:14:09.084+0000] {processor.py:153} INFO - Started process (PID=3158) to work on /home/airflow/.local/lib/python3.7/site-packages/airflow/example_dags/example_branch_labels.py
[2023-04-07T15:14:09.085+0000] {processor.py:743} INFO - Processing file /home/airflow/.local/lib/python3.7/site-packages/airflow/example_dags/example_branch_labels.py for tasks to queue
[2023-04-07T15:14:09.090+0000] {logging_mixin.py:137} INFO - [2023-04-07T15:14:09.090+0000] {dagbag.py:532} INFO - Filling up the DagBag from /home/airflow/.local/lib/python3.7/site-packages/airflow/example_dags/example_branch_labels.py
[2023-04-07T15:14:09.108+0000] {processor.py:753} INFO - DAG(s) dict_keys(['example_branch_labels']) retrieved from /home/airflow/.local/lib/python3.7/site-packages/airflow/example_dags/example_branch_labels.py
[2023-04-07T15:14:09.136+0000] {logging_mixin.py:137} INFO - [2023-04-07T15:14:09.136+0000] {dag.py:2705} INFO - Sync 1 DAGs
[2023-04-07T15:14:09.175+0000] {logging_mixin.py:137} INFO - [2023-04-07T15:14:09.175+0000] {dag.py:3456} INFO - Setting next_dagrun for example_branch_labels to 2023-04-06T00:00:00+00:00, run_after=2023-04-07T00:00:00+00:00
[2023-04-07T15:14:09.201+0000] {processor.py:175} INFO - Processing /home/airflow/.local/lib/python3.7/site-packages/airflow/example_dags/example_branch_labels.py took 0.120 seconds
[2023-04-07T15:14:40.203+0000] {processor.py:153} INFO - Started process (PID=3381) to work on /home/airflow/.local/lib/python3.7/site-packages/airflow/example_dags/example_branch_labels.py
[2023-04-07T15:14:40.203+0000] {processor.py:743} INFO - Processing file /home/airflow/.local/lib/python3.7/site-packages/airflow/example_dags/example_branch_labels.py for tasks to queue
[2023-04-07T15:14:40.204+0000] {logging_mixin.py:137} INFO - [2023-04-07T15:14:40.204+0000] {dagbag.py:532} INFO - Filling up the DagBag from /home/airflow/.local/lib/python3.7/site-packages/airflow/example_dags/example_branch_labels.py
[2023-04-07T15:14:40.217+0000] {processor.py:753} INFO - DAG(s) dict_keys(['example_branch_labels']) retrieved from /home/airflow/.local/lib/python3.7/site-packages/airflow/example_dags/example_branch_labels.py
[2023-04-07T15:14:40.242+0000] {logging_mixin.py:137} INFO - [2023-04-07T15:14:40.242+0000] {dag.py:2705} INFO - Sync 1 DAGs
[2023-04-07T15:14:40.276+0000] {logging_mixin.py:137} INFO - [2023-04-07T15:14:40.276+0000] {dag.py:3456} INFO - Setting next_dagrun for example_branch_labels to 2023-04-06T00:00:00+00:00, run_after=2023-04-07T00:00:00+00:00
[2023-04-07T15:14:40.293+0000] {processor.py:175} INFO - Processing /home/airflow/.local/lib/python3.7/site-packages/airflow/example_dags/example_branch_labels.py took 0.092 seconds
[2023-04-07T15:15:10.738+0000] {processor.py:153} INFO - Started process (PID=3605) to work on /home/airflow/.local/lib/python3.7/site-packages/airflow/example_dags/example_branch_labels.py
[2023-04-07T15:15:10.739+0000] {processor.py:743} INFO - Processing file /home/airflow/.local/lib/python3.7/site-packages/airflow/example_dags/example_branch_labels.py for tasks to queue
[2023-04-07T15:15:10.739+0000] {logging_mixin.py:137} INFO - [2023-04-07T15:15:10.739+0000] {dagbag.py:532} INFO - Filling up the DagBag from /home/airflow/.local/lib/python3.7/site-packages/airflow/example_dags/example_branch_labels.py
[2023-04-07T15:15:10.758+0000] {processor.py:753} INFO - DAG(s) dict_keys(['example_branch_labels']) retrieved from /home/airflow/.local/lib/python3.7/site-packages/airflow/example_dags/example_branch_labels.py
[2023-04-07T15:15:10.785+0000] {logging_mixin.py:137} INFO - [2023-04-07T15:15:10.784+0000] {dag.py:2705} INFO - Sync 1 DAGs
[2023-04-07T15:15:10.821+0000] {logging_mixin.py:137} INFO - [2023-04-07T15:15:10.820+0000] {dag.py:3456} INFO - Setting next_dagrun for example_branch_labels to 2023-04-06T00:00:00+00:00, run_after=2023-04-07T00:00:00+00:00
[2023-04-07T15:15:10.838+0000] {processor.py:175} INFO - Processing /home/airflow/.local/lib/python3.7/site-packages/airflow/example_dags/example_branch_labels.py took 0.103 seconds
[2023-04-07T15:15:41.518+0000] {processor.py:153} INFO - Started process (PID=3828) to work on /home/airflow/.local/lib/python3.7/site-packages/airflow/example_dags/example_branch_labels.py
[2023-04-07T15:15:41.519+0000] {processor.py:743} INFO - Processing file /home/airflow/.local/lib/python3.7/site-packages/airflow/example_dags/example_branch_labels.py for tasks to queue
[2023-04-07T15:15:41.520+0000] {logging_mixin.py:137} INFO - [2023-04-07T15:15:41.519+0000] {dagbag.py:532} INFO - Filling up the DagBag from /home/airflow/.local/lib/python3.7/site-packages/airflow/example_dags/example_branch_labels.py
[2023-04-07T15:15:41.535+0000] {processor.py:753} INFO - DAG(s) dict_keys(['example_branch_labels']) retrieved from /home/airflow/.local/lib/python3.7/site-packages/airflow/example_dags/example_branch_labels.py
[2023-04-07T15:15:41.566+0000] {logging_mixin.py:137} INFO - [2023-04-07T15:15:41.565+0000] {dag.py:2705} INFO - Sync 1 DAGs
[2023-04-07T15:15:41.610+0000] {logging_mixin.py:137} INFO - [2023-04-07T15:15:41.610+0000] {dag.py:3456} INFO - Setting next_dagrun for example_branch_labels to 2023-04-06T00:00:00+00:00, run_after=2023-04-07T00:00:00+00:00
[2023-04-07T15:15:41.633+0000] {processor.py:175} INFO - Processing /home/airflow/.local/lib/python3.7/site-packages/airflow/example_dags/example_branch_labels.py took 0.117 seconds
[2023-04-07T15:16:11.759+0000] {processor.py:153} INFO - Started process (PID=4051) to work on /home/airflow/.local/lib/python3.7/site-packages/airflow/example_dags/example_branch_labels.py
[2023-04-07T15:16:11.760+0000] {processor.py:743} INFO - Processing file /home/airflow/.local/lib/python3.7/site-packages/airflow/example_dags/example_branch_labels.py for tasks to queue
[2023-04-07T15:16:11.760+0000] {logging_mixin.py:137} INFO - [2023-04-07T15:16:11.760+0000] {dagbag.py:532} INFO - Filling up the DagBag from /home/airflow/.local/lib/python3.7/site-packages/airflow/example_dags/example_branch_labels.py
[2023-04-07T15:16:11.774+0000] {processor.py:753} INFO - DAG(s) dict_keys(['example_branch_labels']) retrieved from /home/airflow/.local/lib/python3.7/site-packages/airflow/example_dags/example_branch_labels.py
[2023-04-07T15:16:11.799+0000] {logging_mixin.py:137} INFO - [2023-04-07T15:16:11.799+0000] {dag.py:2705} INFO - Sync 1 DAGs
[2023-04-07T15:16:11.833+0000] {logging_mixin.py:137} INFO - [2023-04-07T15:16:11.833+0000] {dag.py:3456} INFO - Setting next_dagrun for example_branch_labels to 2023-04-06T00:00:00+00:00, run_after=2023-04-07T00:00:00+00:00
[2023-04-07T15:16:11.851+0000] {processor.py:175} INFO - Processing /home/airflow/.local/lib/python3.7/site-packages/airflow/example_dags/example_branch_labels.py took 0.094 seconds
[2023-04-07T15:16:42.046+0000] {processor.py:153} INFO - Started process (PID=4275) to work on /home/airflow/.local/lib/python3.7/site-packages/airflow/example_dags/example_branch_labels.py
[2023-04-07T15:16:42.047+0000] {processor.py:743} INFO - Processing file /home/airflow/.local/lib/python3.7/site-packages/airflow/example_dags/example_branch_labels.py for tasks to queue
[2023-04-07T15:16:42.047+0000] {logging_mixin.py:137} INFO - [2023-04-07T15:16:42.047+0000] {dagbag.py:532} INFO - Filling up the DagBag from /home/airflow/.local/lib/python3.7/site-packages/airflow/example_dags/example_branch_labels.py
[2023-04-07T15:16:42.061+0000] {processor.py:753} INFO - DAG(s) dict_keys(['example_branch_labels']) retrieved from /home/airflow/.local/lib/python3.7/site-packages/airflow/example_dags/example_branch_labels.py
[2023-04-07T15:16:42.089+0000] {logging_mixin.py:137} INFO - [2023-04-07T15:16:42.089+0000] {dag.py:2705} INFO - Sync 1 DAGs
[2023-04-07T15:16:42.125+0000] {logging_mixin.py:137} INFO - [2023-04-07T15:16:42.125+0000] {dag.py:3456} INFO - Setting next_dagrun for example_branch_labels to 2023-04-06T00:00:00+00:00, run_after=2023-04-07T00:00:00+00:00
[2023-04-07T15:16:42.144+0000] {processor.py:175} INFO - Processing /home/airflow/.local/lib/python3.7/site-packages/airflow/example_dags/example_branch_labels.py took 0.101 seconds
[2023-04-07T15:17:12.287+0000] {processor.py:153} INFO - Started process (PID=4499) to work on /home/airflow/.local/lib/python3.7/site-packages/airflow/example_dags/example_branch_labels.py
[2023-04-07T15:17:12.287+0000] {processor.py:743} INFO - Processing file /home/airflow/.local/lib/python3.7/site-packages/airflow/example_dags/example_branch_labels.py for tasks to queue
[2023-04-07T15:17:12.288+0000] {logging_mixin.py:137} INFO - [2023-04-07T15:17:12.288+0000] {dagbag.py:532} INFO - Filling up the DagBag from /home/airflow/.local/lib/python3.7/site-packages/airflow/example_dags/example_branch_labels.py
[2023-04-07T15:17:12.302+0000] {processor.py:753} INFO - DAG(s) dict_keys(['example_branch_labels']) retrieved from /home/airflow/.local/lib/python3.7/site-packages/airflow/example_dags/example_branch_labels.py
[2023-04-07T15:17:12.327+0000] {logging_mixin.py:137} INFO - [2023-04-07T15:17:12.327+0000] {dag.py:2705} INFO - Sync 1 DAGs
[2023-04-07T15:17:12.362+0000] {logging_mixin.py:137} INFO - [2023-04-07T15:17:12.362+0000] {dag.py:3456} INFO - Setting next_dagrun for example_branch_labels to 2023-04-06T00:00:00+00:00, run_after=2023-04-07T00:00:00+00:00
[2023-04-07T15:17:12.379+0000] {processor.py:175} INFO - Processing /home/airflow/.local/lib/python3.7/site-packages/airflow/example_dags/example_branch_labels.py took 0.095 seconds
[2023-04-07T15:17:42.570+0000] {processor.py:153} INFO - Started process (PID=4722) to work on /home/airflow/.local/lib/python3.7/site-packages/airflow/example_dags/example_branch_labels.py
[2023-04-07T15:17:42.570+0000] {processor.py:743} INFO - Processing file /home/airflow/.local/lib/python3.7/site-packages/airflow/example_dags/example_branch_labels.py for tasks to queue
[2023-04-07T15:17:42.571+0000] {logging_mixin.py:137} INFO - [2023-04-07T15:17:42.571+0000] {dagbag.py:532} INFO - Filling up the DagBag from /home/airflow/.local/lib/python3.7/site-packages/airflow/example_dags/example_branch_labels.py
[2023-04-07T15:17:42.585+0000] {processor.py:753} INFO - DAG(s) dict_keys(['example_branch_labels']) retrieved from /home/airflow/.local/lib/python3.7/site-packages/airflow/example_dags/example_branch_labels.py
[2023-04-07T15:17:42.610+0000] {logging_mixin.py:137} INFO - [2023-04-07T15:17:42.610+0000] {dag.py:2705} INFO - Sync 1 DAGs
[2023-04-07T15:17:42.645+0000] {logging_mixin.py:137} INFO - [2023-04-07T15:17:42.644+0000] {dag.py:3456} INFO - Setting next_dagrun for example_branch_labels to 2023-04-06T00:00:00+00:00, run_after=2023-04-07T00:00:00+00:00
[2023-04-07T15:17:42.661+0000] {processor.py:175} INFO - Processing /home/airflow/.local/lib/python3.7/site-packages/airflow/example_dags/example_branch_labels.py took 0.093 seconds
[2023-04-07T15:18:12.822+0000] {processor.py:153} INFO - Started process (PID=4945) to work on /home/airflow/.local/lib/python3.7/site-packages/airflow/example_dags/example_branch_labels.py
[2023-04-07T15:18:12.822+0000] {processor.py:743} INFO - Processing file /home/airflow/.local/lib/python3.7/site-packages/airflow/example_dags/example_branch_labels.py for tasks to queue
[2023-04-07T15:18:12.823+0000] {logging_mixin.py:137} INFO - [2023-04-07T15:18:12.823+0000] {dagbag.py:532} INFO - Filling up the DagBag from /home/airflow/.local/lib/python3.7/site-packages/airflow/example_dags/example_branch_labels.py
[2023-04-07T15:18:12.838+0000] {processor.py:753} INFO - DAG(s) dict_keys(['example_branch_labels']) retrieved from /home/airflow/.local/lib/python3.7/site-packages/airflow/example_dags/example_branch_labels.py
[2023-04-07T15:18:12.867+0000] {logging_mixin.py:137} INFO - [2023-04-07T15:18:12.867+0000] {dag.py:2705} INFO - Sync 1 DAGs
[2023-04-07T15:18:12.902+0000] {logging_mixin.py:137} INFO - [2023-04-07T15:18:12.902+0000] {dag.py:3456} INFO - Setting next_dagrun for example_branch_labels to 2023-04-06T00:00:00+00:00, run_after=2023-04-07T00:00:00+00:00
[2023-04-07T15:18:12.919+0000] {processor.py:175} INFO - Processing /home/airflow/.local/lib/python3.7/site-packages/airflow/example_dags/example_branch_labels.py took 0.099 seconds
[2023-04-07T15:18:43.621+0000] {processor.py:153} INFO - Started process (PID=5168) to work on /home/airflow/.local/lib/python3.7/site-packages/airflow/example_dags/example_branch_labels.py
[2023-04-07T15:18:43.622+0000] {processor.py:743} INFO - Processing file /home/airflow/.local/lib/python3.7/site-packages/airflow/example_dags/example_branch_labels.py for tasks to queue
[2023-04-07T15:18:43.622+0000] {logging_mixin.py:137} INFO - [2023-04-07T15:18:43.622+0000] {dagbag.py:532} INFO - Filling up the DagBag from /home/airflow/.local/lib/python3.7/site-packages/airflow/example_dags/example_branch_labels.py
[2023-04-07T15:18:43.636+0000] {processor.py:753} INFO - DAG(s) dict_keys(['example_branch_labels']) retrieved from /home/airflow/.local/lib/python3.7/site-packages/airflow/example_dags/example_branch_labels.py
[2023-04-07T15:18:43.662+0000] {logging_mixin.py:137} INFO - [2023-04-07T15:18:43.662+0000] {dag.py:2705} INFO - Sync 1 DAGs
[2023-04-07T15:18:43.699+0000] {logging_mixin.py:137} INFO - [2023-04-07T15:18:43.699+0000] {dag.py:3456} INFO - Setting next_dagrun for example_branch_labels to 2023-04-06T00:00:00+00:00, run_after=2023-04-07T00:00:00+00:00
[2023-04-07T15:18:43.719+0000] {processor.py:175} INFO - Processing /home/airflow/.local/lib/python3.7/site-packages/airflow/example_dags/example_branch_labels.py took 0.100 seconds
[2023-04-07T15:19:14.364+0000] {processor.py:153} INFO - Started process (PID=5388) to work on /home/airflow/.local/lib/python3.7/site-packages/airflow/example_dags/example_branch_labels.py
[2023-04-07T15:19:14.364+0000] {processor.py:743} INFO - Processing file /home/airflow/.local/lib/python3.7/site-packages/airflow/example_dags/example_branch_labels.py for tasks to queue
[2023-04-07T15:19:14.365+0000] {logging_mixin.py:137} INFO - [2023-04-07T15:19:14.365+0000] {dagbag.py:532} INFO - Filling up the DagBag from /home/airflow/.local/lib/python3.7/site-packages/airflow/example_dags/example_branch_labels.py
[2023-04-07T15:19:14.381+0000] {processor.py:753} INFO - DAG(s) dict_keys(['example_branch_labels']) retrieved from /home/airflow/.local/lib/python3.7/site-packages/airflow/example_dags/example_branch_labels.py
[2023-04-07T15:19:14.411+0000] {logging_mixin.py:137} INFO - [2023-04-07T15:19:14.410+0000] {dag.py:2705} INFO - Sync 1 DAGs
[2023-04-07T15:19:14.444+0000] {logging_mixin.py:137} INFO - [2023-04-07T15:19:14.444+0000] {dag.py:3456} INFO - Setting next_dagrun for example_branch_labels to 2023-04-06T00:00:00+00:00, run_after=2023-04-07T00:00:00+00:00
[2023-04-07T15:19:14.464+0000] {processor.py:175} INFO - Processing /home/airflow/.local/lib/python3.7/site-packages/airflow/example_dags/example_branch_labels.py took 0.102 seconds
[2023-04-07T15:19:44.937+0000] {processor.py:153} INFO - Started process (PID=5613) to work on /home/airflow/.local/lib/python3.7/site-packages/airflow/example_dags/example_branch_labels.py
[2023-04-07T15:19:44.939+0000] {processor.py:743} INFO - Processing file /home/airflow/.local/lib/python3.7/site-packages/airflow/example_dags/example_branch_labels.py for tasks to queue
[2023-04-07T15:19:44.939+0000] {logging_mixin.py:137} INFO - [2023-04-07T15:19:44.939+0000] {dagbag.py:532} INFO - Filling up the DagBag from /home/airflow/.local/lib/python3.7/site-packages/airflow/example_dags/example_branch_labels.py
[2023-04-07T15:19:44.954+0000] {processor.py:753} INFO - DAG(s) dict_keys(['example_branch_labels']) retrieved from /home/airflow/.local/lib/python3.7/site-packages/airflow/example_dags/example_branch_labels.py
[2023-04-07T15:19:44.982+0000] {logging_mixin.py:137} INFO - [2023-04-07T15:19:44.982+0000] {dag.py:2705} INFO - Sync 1 DAGs
[2023-04-07T15:19:45.022+0000] {logging_mixin.py:137} INFO - [2023-04-07T15:19:45.022+0000] {dag.py:3456} INFO - Setting next_dagrun for example_branch_labels to 2023-04-06T00:00:00+00:00, run_after=2023-04-07T00:00:00+00:00
[2023-04-07T15:19:45.046+0000] {processor.py:175} INFO - Processing /home/airflow/.local/lib/python3.7/site-packages/airflow/example_dags/example_branch_labels.py took 0.111 seconds
[2023-04-07T15:20:15.089+0000] {processor.py:153} INFO - Started process (PID=5833) to work on /home/airflow/.local/lib/python3.7/site-packages/airflow/example_dags/example_branch_labels.py
[2023-04-07T15:20:15.090+0000] {processor.py:743} INFO - Processing file /home/airflow/.local/lib/python3.7/site-packages/airflow/example_dags/example_branch_labels.py for tasks to queue
[2023-04-07T15:20:15.091+0000] {logging_mixin.py:137} INFO - [2023-04-07T15:20:15.091+0000] {dagbag.py:532} INFO - Filling up the DagBag from /home/airflow/.local/lib/python3.7/site-packages/airflow/example_dags/example_branch_labels.py
[2023-04-07T15:20:15.118+0000] {processor.py:753} INFO - DAG(s) dict_keys(['example_branch_labels']) retrieved from /home/airflow/.local/lib/python3.7/site-packages/airflow/example_dags/example_branch_labels.py
[2023-04-07T15:20:15.145+0000] {logging_mixin.py:137} INFO - [2023-04-07T15:20:15.145+0000] {dag.py:2705} INFO - Sync 1 DAGs
[2023-04-07T15:20:15.180+0000] {logging_mixin.py:137} INFO - [2023-04-07T15:20:15.180+0000] {dag.py:3456} INFO - Setting next_dagrun for example_branch_labels to 2023-04-06T00:00:00+00:00, run_after=2023-04-07T00:00:00+00:00
[2023-04-07T15:20:15.198+0000] {processor.py:175} INFO - Processing /home/airflow/.local/lib/python3.7/site-packages/airflow/example_dags/example_branch_labels.py took 0.111 seconds
[2023-04-07T15:20:45.356+0000] {processor.py:153} INFO - Started process (PID=6056) to work on /home/airflow/.local/lib/python3.7/site-packages/airflow/example_dags/example_branch_labels.py
[2023-04-07T15:20:45.357+0000] {processor.py:743} INFO - Processing file /home/airflow/.local/lib/python3.7/site-packages/airflow/example_dags/example_branch_labels.py for tasks to queue
[2023-04-07T15:20:45.358+0000] {logging_mixin.py:137} INFO - [2023-04-07T15:20:45.358+0000] {dagbag.py:532} INFO - Filling up the DagBag from /home/airflow/.local/lib/python3.7/site-packages/airflow/example_dags/example_branch_labels.py
[2023-04-07T15:20:45.372+0000] {processor.py:753} INFO - DAG(s) dict_keys(['example_branch_labels']) retrieved from /home/airflow/.local/lib/python3.7/site-packages/airflow/example_dags/example_branch_labels.py
[2023-04-07T15:20:45.397+0000] {logging_mixin.py:137} INFO - [2023-04-07T15:20:45.396+0000] {dag.py:2705} INFO - Sync 1 DAGs
[2023-04-07T15:20:45.431+0000] {logging_mixin.py:137} INFO - [2023-04-07T15:20:45.431+0000] {dag.py:3456} INFO - Setting next_dagrun for example_branch_labels to 2023-04-06T00:00:00+00:00, run_after=2023-04-07T00:00:00+00:00
[2023-04-07T15:20:45.448+0000] {processor.py:175} INFO - Processing /home/airflow/.local/lib/python3.7/site-packages/airflow/example_dags/example_branch_labels.py took 0.095 seconds
[2023-04-07T15:24:24.682+0000] {processor.py:153} INFO - Started process (PID=252) to work on /home/airflow/.local/lib/python3.7/site-packages/airflow/example_dags/example_branch_labels.py
[2023-04-07T15:24:24.683+0000] {processor.py:743} INFO - Processing file /home/airflow/.local/lib/python3.7/site-packages/airflow/example_dags/example_branch_labels.py for tasks to queue
[2023-04-07T15:24:24.683+0000] {logging_mixin.py:137} INFO - [2023-04-07T15:24:24.683+0000] {dagbag.py:532} INFO - Filling up the DagBag from /home/airflow/.local/lib/python3.7/site-packages/airflow/example_dags/example_branch_labels.py
[2023-04-07T15:24:24.709+0000] {processor.py:753} INFO - DAG(s) dict_keys(['example_branch_labels']) retrieved from /home/airflow/.local/lib/python3.7/site-packages/airflow/example_dags/example_branch_labels.py
[2023-04-07T15:24:24.744+0000] {logging_mixin.py:137} INFO - [2023-04-07T15:24:24.743+0000] {dag.py:2705} INFO - Sync 1 DAGs
[2023-04-07T15:24:24.787+0000] {logging_mixin.py:137} INFO - [2023-04-07T15:24:24.787+0000] {dag.py:3456} INFO - Setting next_dagrun for example_branch_labels to 2023-04-06T00:00:00+00:00, run_after=2023-04-07T00:00:00+00:00
[2023-04-07T15:24:24.840+0000] {processor.py:175} INFO - Processing /home/airflow/.local/lib/python3.7/site-packages/airflow/example_dags/example_branch_labels.py took 0.161 seconds
[2023-04-07T15:24:55.770+0000] {processor.py:153} INFO - Started process (PID=474) to work on /home/airflow/.local/lib/python3.7/site-packages/airflow/example_dags/example_branch_labels.py
[2023-04-07T15:24:55.770+0000] {processor.py:743} INFO - Processing file /home/airflow/.local/lib/python3.7/site-packages/airflow/example_dags/example_branch_labels.py for tasks to queue
[2023-04-07T15:24:55.771+0000] {logging_mixin.py:137} INFO - [2023-04-07T15:24:55.771+0000] {dagbag.py:532} INFO - Filling up the DagBag from /home/airflow/.local/lib/python3.7/site-packages/airflow/example_dags/example_branch_labels.py
[2023-04-07T15:24:55.784+0000] {processor.py:753} INFO - DAG(s) dict_keys(['example_branch_labels']) retrieved from /home/airflow/.local/lib/python3.7/site-packages/airflow/example_dags/example_branch_labels.py
[2023-04-07T15:24:55.795+0000] {logging_mixin.py:137} INFO - [2023-04-07T15:24:55.795+0000] {dag.py:2705} INFO - Sync 1 DAGs
[2023-04-07T15:24:55.837+0000] {logging_mixin.py:137} INFO - [2023-04-07T15:24:55.837+0000] {dag.py:3456} INFO - Setting next_dagrun for example_branch_labels to 2023-04-06T00:00:00+00:00, run_after=2023-04-07T00:00:00+00:00
[2023-04-07T15:24:55.861+0000] {processor.py:175} INFO - Processing /home/airflow/.local/lib/python3.7/site-packages/airflow/example_dags/example_branch_labels.py took 0.096 seconds
[2023-04-07T15:25:26.394+0000] {processor.py:153} INFO - Started process (PID=698) to work on /home/airflow/.local/lib/python3.7/site-packages/airflow/example_dags/example_branch_labels.py
[2023-04-07T15:25:26.394+0000] {processor.py:743} INFO - Processing file /home/airflow/.local/lib/python3.7/site-packages/airflow/example_dags/example_branch_labels.py for tasks to queue
[2023-04-07T15:25:26.395+0000] {logging_mixin.py:137} INFO - [2023-04-07T15:25:26.395+0000] {dagbag.py:532} INFO - Filling up the DagBag from /home/airflow/.local/lib/python3.7/site-packages/airflow/example_dags/example_branch_labels.py
[2023-04-07T15:25:26.410+0000] {processor.py:753} INFO - DAG(s) dict_keys(['example_branch_labels']) retrieved from /home/airflow/.local/lib/python3.7/site-packages/airflow/example_dags/example_branch_labels.py
[2023-04-07T15:25:26.441+0000] {logging_mixin.py:137} INFO - [2023-04-07T15:25:26.441+0000] {dag.py:2705} INFO - Sync 1 DAGs
[2023-04-07T15:25:26.484+0000] {logging_mixin.py:137} INFO - [2023-04-07T15:25:26.483+0000] {dag.py:3456} INFO - Setting next_dagrun for example_branch_labels to 2023-04-06T00:00:00+00:00, run_after=2023-04-07T00:00:00+00:00
[2023-04-07T15:25:26.515+0000] {processor.py:175} INFO - Processing /home/airflow/.local/lib/python3.7/site-packages/airflow/example_dags/example_branch_labels.py took 0.124 seconds
[2023-04-07T15:25:57.223+0000] {processor.py:153} INFO - Started process (PID=919) to work on /home/airflow/.local/lib/python3.7/site-packages/airflow/example_dags/example_branch_labels.py
[2023-04-07T15:25:57.230+0000] {processor.py:743} INFO - Processing file /home/airflow/.local/lib/python3.7/site-packages/airflow/example_dags/example_branch_labels.py for tasks to queue
[2023-04-07T15:25:57.231+0000] {logging_mixin.py:137} INFO - [2023-04-07T15:25:57.230+0000] {dagbag.py:532} INFO - Filling up the DagBag from /home/airflow/.local/lib/python3.7/site-packages/airflow/example_dags/example_branch_labels.py
[2023-04-07T15:25:57.247+0000] {processor.py:753} INFO - DAG(s) dict_keys(['example_branch_labels']) retrieved from /home/airflow/.local/lib/python3.7/site-packages/airflow/example_dags/example_branch_labels.py
[2023-04-07T15:25:57.289+0000] {logging_mixin.py:137} INFO - [2023-04-07T15:25:57.288+0000] {dag.py:2705} INFO - Sync 1 DAGs
[2023-04-07T15:25:57.334+0000] {logging_mixin.py:137} INFO - [2023-04-07T15:25:57.334+0000] {dag.py:3456} INFO - Setting next_dagrun for example_branch_labels to 2023-04-06T00:00:00+00:00, run_after=2023-04-07T00:00:00+00:00
[2023-04-07T15:25:57.382+0000] {processor.py:175} INFO - Processing /home/airflow/.local/lib/python3.7/site-packages/airflow/example_dags/example_branch_labels.py took 0.161 seconds
[2023-04-07T15:26:28.192+0000] {processor.py:153} INFO - Started process (PID=1160) to work on /home/airflow/.local/lib/python3.7/site-packages/airflow/example_dags/example_branch_labels.py
[2023-04-07T15:26:28.192+0000] {processor.py:743} INFO - Processing file /home/airflow/.local/lib/python3.7/site-packages/airflow/example_dags/example_branch_labels.py for tasks to queue
[2023-04-07T15:26:28.193+0000] {logging_mixin.py:137} INFO - [2023-04-07T15:26:28.193+0000] {dagbag.py:532} INFO - Filling up the DagBag from /home/airflow/.local/lib/python3.7/site-packages/airflow/example_dags/example_branch_labels.py
[2023-04-07T15:26:28.209+0000] {processor.py:753} INFO - DAG(s) dict_keys(['example_branch_labels']) retrieved from /home/airflow/.local/lib/python3.7/site-packages/airflow/example_dags/example_branch_labels.py
[2023-04-07T15:26:28.267+0000] {logging_mixin.py:137} INFO - [2023-04-07T15:26:28.267+0000] {dag.py:2705} INFO - Sync 1 DAGs
[2023-04-07T15:26:28.318+0000] {logging_mixin.py:137} INFO - [2023-04-07T15:26:28.318+0000] {dag.py:3456} INFO - Setting next_dagrun for example_branch_labels to 2023-04-06T00:00:00+00:00, run_after=2023-04-07T00:00:00+00:00
[2023-04-07T15:26:28.352+0000] {processor.py:175} INFO - Processing /home/airflow/.local/lib/python3.7/site-packages/airflow/example_dags/example_branch_labels.py took 0.162 seconds
[2023-04-07T15:26:58.498+0000] {processor.py:153} INFO - Started process (PID=1383) to work on /home/airflow/.local/lib/python3.7/site-packages/airflow/example_dags/example_branch_labels.py
[2023-04-07T15:26:58.499+0000] {processor.py:743} INFO - Processing file /home/airflow/.local/lib/python3.7/site-packages/airflow/example_dags/example_branch_labels.py for tasks to queue
[2023-04-07T15:26:58.500+0000] {logging_mixin.py:137} INFO - [2023-04-07T15:26:58.499+0000] {dagbag.py:532} INFO - Filling up the DagBag from /home/airflow/.local/lib/python3.7/site-packages/airflow/example_dags/example_branch_labels.py
[2023-04-07T15:26:58.517+0000] {processor.py:753} INFO - DAG(s) dict_keys(['example_branch_labels']) retrieved from /home/airflow/.local/lib/python3.7/site-packages/airflow/example_dags/example_branch_labels.py
[2023-04-07T15:26:58.547+0000] {logging_mixin.py:137} INFO - [2023-04-07T15:26:58.547+0000] {dag.py:2705} INFO - Sync 1 DAGs
[2023-04-07T15:26:58.586+0000] {logging_mixin.py:137} INFO - [2023-04-07T15:26:58.586+0000] {dag.py:3456} INFO - Setting next_dagrun for example_branch_labels to 2023-04-06T00:00:00+00:00, run_after=2023-04-07T00:00:00+00:00
[2023-04-07T15:26:58.615+0000] {processor.py:175} INFO - Processing /home/airflow/.local/lib/python3.7/site-packages/airflow/example_dags/example_branch_labels.py took 0.121 seconds
