[2023-04-07T12:47:28.571+0000] {processor.py:153} INFO - Started process (PID=2706) to work on /home/airflow/.local/lib/python3.7/site-packages/airflow/example_dags/example_latest_only.py
[2023-04-07T12:47:28.572+0000] {processor.py:743} INFO - Processing file /home/airflow/.local/lib/python3.7/site-packages/airflow/example_dags/example_latest_only.py for tasks to queue
[2023-04-07T12:47:28.572+0000] {logging_mixin.py:137} INFO - [2023-04-07T12:47:28.572+0000] {dagbag.py:532} INFO - Filling up the DagBag from /home/airflow/.local/lib/python3.7/site-packages/airflow/example_dags/example_latest_only.py
[2023-04-07T12:47:28.587+0000] {processor.py:753} INFO - DAG(s) dict_keys(['latest_only']) retrieved from /home/airflow/.local/lib/python3.7/site-packages/airflow/example_dags/example_latest_only.py
[2023-04-07T12:47:28.614+0000] {logging_mixin.py:137} INFO - [2023-04-07T12:47:28.614+0000] {dag.py:2705} INFO - Sync 1 DAGs
[2023-04-07T12:47:28.651+0000] {logging_mixin.py:137} INFO - [2023-04-07T12:47:28.651+0000] {dag.py:3456} INFO - Setting next_dagrun for latest_only to 2023-04-07T08:47:28.651219+00:00, run_after=2023-04-07T12:47:28.651219+00:00
[2023-04-07T12:47:28.673+0000] {processor.py:175} INFO - Processing /home/airflow/.local/lib/python3.7/site-packages/airflow/example_dags/example_latest_only.py took 0.105 seconds
[2023-04-07T12:47:58.831+0000] {processor.py:153} INFO - Started process (PID=2924) to work on /home/airflow/.local/lib/python3.7/site-packages/airflow/example_dags/example_latest_only.py
[2023-04-07T12:47:58.832+0000] {processor.py:743} INFO - Processing file /home/airflow/.local/lib/python3.7/site-packages/airflow/example_dags/example_latest_only.py for tasks to queue
[2023-04-07T12:47:58.832+0000] {logging_mixin.py:137} INFO - [2023-04-07T12:47:58.832+0000] {dagbag.py:532} INFO - Filling up the DagBag from /home/airflow/.local/lib/python3.7/site-packages/airflow/example_dags/example_latest_only.py
[2023-04-07T12:47:58.848+0000] {processor.py:753} INFO - DAG(s) dict_keys(['latest_only']) retrieved from /home/airflow/.local/lib/python3.7/site-packages/airflow/example_dags/example_latest_only.py
[2023-04-07T12:47:58.878+0000] {logging_mixin.py:137} INFO - [2023-04-07T12:47:58.878+0000] {dag.py:2705} INFO - Sync 1 DAGs
[2023-04-07T12:47:58.921+0000] {logging_mixin.py:137} INFO - [2023-04-07T12:47:58.921+0000] {dag.py:3456} INFO - Setting next_dagrun for latest_only to 2023-04-07T08:47:58.921548+00:00, run_after=2023-04-07T12:47:58.921548+00:00
[2023-04-07T12:47:58.944+0000] {processor.py:175} INFO - Processing /home/airflow/.local/lib/python3.7/site-packages/airflow/example_dags/example_latest_only.py took 0.116 seconds
[2023-04-07T12:48:29.150+0000] {processor.py:153} INFO - Started process (PID=3144) to work on /home/airflow/.local/lib/python3.7/site-packages/airflow/example_dags/example_latest_only.py
[2023-04-07T12:48:29.151+0000] {processor.py:743} INFO - Processing file /home/airflow/.local/lib/python3.7/site-packages/airflow/example_dags/example_latest_only.py for tasks to queue
[2023-04-07T12:48:29.151+0000] {logging_mixin.py:137} INFO - [2023-04-07T12:48:29.151+0000] {dagbag.py:532} INFO - Filling up the DagBag from /home/airflow/.local/lib/python3.7/site-packages/airflow/example_dags/example_latest_only.py
[2023-04-07T12:48:29.168+0000] {processor.py:753} INFO - DAG(s) dict_keys(['latest_only']) retrieved from /home/airflow/.local/lib/python3.7/site-packages/airflow/example_dags/example_latest_only.py
[2023-04-07T12:48:29.203+0000] {logging_mixin.py:137} INFO - [2023-04-07T12:48:29.202+0000] {dag.py:2705} INFO - Sync 1 DAGs
[2023-04-07T12:48:29.242+0000] {logging_mixin.py:137} INFO - [2023-04-07T12:48:29.241+0000] {dag.py:3456} INFO - Setting next_dagrun for latest_only to 2023-04-07T08:48:29.241770+00:00, run_after=2023-04-07T12:48:29.241770+00:00
[2023-04-07T12:48:29.264+0000] {processor.py:175} INFO - Processing /home/airflow/.local/lib/python3.7/site-packages/airflow/example_dags/example_latest_only.py took 0.117 seconds
[2023-04-07T12:49:00.202+0000] {processor.py:153} INFO - Started process (PID=3360) to work on /home/airflow/.local/lib/python3.7/site-packages/airflow/example_dags/example_latest_only.py
[2023-04-07T12:49:00.202+0000] {processor.py:743} INFO - Processing file /home/airflow/.local/lib/python3.7/site-packages/airflow/example_dags/example_latest_only.py for tasks to queue
[2023-04-07T12:49:00.203+0000] {logging_mixin.py:137} INFO - [2023-04-07T12:49:00.203+0000] {dagbag.py:532} INFO - Filling up the DagBag from /home/airflow/.local/lib/python3.7/site-packages/airflow/example_dags/example_latest_only.py
[2023-04-07T12:49:00.217+0000] {processor.py:753} INFO - DAG(s) dict_keys(['latest_only']) retrieved from /home/airflow/.local/lib/python3.7/site-packages/airflow/example_dags/example_latest_only.py
[2023-04-07T12:49:00.247+0000] {logging_mixin.py:137} INFO - [2023-04-07T12:49:00.246+0000] {dag.py:2705} INFO - Sync 1 DAGs
[2023-04-07T12:49:00.286+0000] {logging_mixin.py:137} INFO - [2023-04-07T12:49:00.285+0000] {dag.py:3456} INFO - Setting next_dagrun for latest_only to 2023-04-07T08:49:00.285719+00:00, run_after=2023-04-07T12:49:00.285719+00:00
[2023-04-07T12:49:00.308+0000] {processor.py:175} INFO - Processing /home/airflow/.local/lib/python3.7/site-packages/airflow/example_dags/example_latest_only.py took 0.109 seconds
