[2023-04-07T12:47:28.942+0000] {processor.py:153} INFO - Started process (PID=2736) to work on /home/airflow/.local/lib/python3.7/site-packages/airflow/example_dags/example_subdag_operator.py
[2023-04-07T12:47:28.942+0000] {processor.py:743} INFO - Processing file /home/airflow/.local/lib/python3.7/site-packages/airflow/example_dags/example_subdag_operator.py for tasks to queue
[2023-04-07T12:47:28.943+0000] {logging_mixin.py:137} INFO - [2023-04-07T12:47:28.943+0000] {dagbag.py:532} INFO - Filling up the DagBag from /home/airflow/.local/lib/python3.7/site-packages/airflow/example_dags/example_subdag_operator.py
[2023-04-07T12:47:28.976+0000] {processor.py:753} INFO - DAG(s) dict_keys(['example_subdag_operator.section-1', 'example_subdag_operator.section-2', 'example_subdag_operator']) retrieved from /home/airflow/.local/lib/python3.7/site-packages/airflow/example_dags/example_subdag_operator.py
[2023-04-07T12:47:29.006+0000] {logging_mixin.py:137} INFO - [2023-04-07T12:47:29.005+0000] {dag.py:2705} INFO - Sync 3 DAGs
[2023-04-07T12:47:29.044+0000] {logging_mixin.py:137} INFO - [2023-04-07T12:47:29.044+0000] {dag.py:3456} INFO - Setting next_dagrun for example_subdag_operator to 2022-01-01T00:00:00+00:00, run_after=2022-01-01T00:00:00+00:00
[2023-04-07T12:47:29.048+0000] {logging_mixin.py:137} INFO - [2023-04-07T12:47:29.048+0000] {dag.py:3456} INFO - Setting next_dagrun for example_subdag_operator.section-1 to None, run_after=None
[2023-04-07T12:47:29.050+0000] {logging_mixin.py:137} INFO - [2023-04-07T12:47:29.049+0000] {dag.py:3456} INFO - Setting next_dagrun for example_subdag_operator.section-2 to None, run_after=None
[2023-04-07T12:47:29.057+0000] {logging_mixin.py:137} INFO - [2023-04-07T12:47:29.057+0000] {dag.py:2705} INFO - Sync 2 DAGs
[2023-04-07T12:47:29.066+0000] {logging_mixin.py:137} INFO - [2023-04-07T12:47:29.066+0000] {dag.py:3456} INFO - Setting next_dagrun for example_subdag_operator.section-1 to None, run_after=None
[2023-04-07T12:47:29.066+0000] {logging_mixin.py:137} INFO - [2023-04-07T12:47:29.066+0000] {dag.py:3456} INFO - Setting next_dagrun for example_subdag_operator.section-2 to None, run_after=None
[2023-04-07T12:47:29.077+0000] {processor.py:175} INFO - Processing /home/airflow/.local/lib/python3.7/site-packages/airflow/example_dags/example_subdag_operator.py took 0.137 seconds
[2023-04-07T12:47:59.238+0000] {processor.py:153} INFO - Started process (PID=2954) to work on /home/airflow/.local/lib/python3.7/site-packages/airflow/example_dags/example_subdag_operator.py
[2023-04-07T12:47:59.239+0000] {processor.py:743} INFO - Processing file /home/airflow/.local/lib/python3.7/site-packages/airflow/example_dags/example_subdag_operator.py for tasks to queue
[2023-04-07T12:47:59.239+0000] {logging_mixin.py:137} INFO - [2023-04-07T12:47:59.239+0000] {dagbag.py:532} INFO - Filling up the DagBag from /home/airflow/.local/lib/python3.7/site-packages/airflow/example_dags/example_subdag_operator.py
[2023-04-07T12:47:59.275+0000] {processor.py:753} INFO - DAG(s) dict_keys(['example_subdag_operator.section-1', 'example_subdag_operator.section-2', 'example_subdag_operator']) retrieved from /home/airflow/.local/lib/python3.7/site-packages/airflow/example_dags/example_subdag_operator.py
[2023-04-07T12:47:59.305+0000] {logging_mixin.py:137} INFO - [2023-04-07T12:47:59.305+0000] {dag.py:2705} INFO - Sync 3 DAGs
[2023-04-07T12:47:59.344+0000] {logging_mixin.py:137} INFO - [2023-04-07T12:47:59.344+0000] {dag.py:3456} INFO - Setting next_dagrun for example_subdag_operator to 2022-01-01T00:00:00+00:00, run_after=2022-01-01T00:00:00+00:00
[2023-04-07T12:47:59.348+0000] {logging_mixin.py:137} INFO - [2023-04-07T12:47:59.348+0000] {dag.py:3456} INFO - Setting next_dagrun for example_subdag_operator.section-1 to None, run_after=None
[2023-04-07T12:47:59.349+0000] {logging_mixin.py:137} INFO - [2023-04-07T12:47:59.349+0000] {dag.py:3456} INFO - Setting next_dagrun for example_subdag_operator.section-2 to None, run_after=None
[2023-04-07T12:47:59.356+0000] {logging_mixin.py:137} INFO - [2023-04-07T12:47:59.356+0000] {dag.py:2705} INFO - Sync 2 DAGs
[2023-04-07T12:47:59.364+0000] {logging_mixin.py:137} INFO - [2023-04-07T12:47:59.364+0000] {dag.py:3456} INFO - Setting next_dagrun for example_subdag_operator.section-1 to None, run_after=None
[2023-04-07T12:47:59.364+0000] {logging_mixin.py:137} INFO - [2023-04-07T12:47:59.364+0000] {dag.py:3456} INFO - Setting next_dagrun for example_subdag_operator.section-2 to None, run_after=None
[2023-04-07T12:47:59.376+0000] {processor.py:175} INFO - Processing /home/airflow/.local/lib/python3.7/site-packages/airflow/example_dags/example_subdag_operator.py took 0.142 seconds
[2023-04-07T12:48:29.550+0000] {processor.py:153} INFO - Started process (PID=3172) to work on /home/airflow/.local/lib/python3.7/site-packages/airflow/example_dags/example_subdag_operator.py
[2023-04-07T12:48:29.550+0000] {processor.py:743} INFO - Processing file /home/airflow/.local/lib/python3.7/site-packages/airflow/example_dags/example_subdag_operator.py for tasks to queue
[2023-04-07T12:48:29.551+0000] {logging_mixin.py:137} INFO - [2023-04-07T12:48:29.551+0000] {dagbag.py:532} INFO - Filling up the DagBag from /home/airflow/.local/lib/python3.7/site-packages/airflow/example_dags/example_subdag_operator.py
[2023-04-07T12:48:29.586+0000] {processor.py:753} INFO - DAG(s) dict_keys(['example_subdag_operator.section-1', 'example_subdag_operator.section-2', 'example_subdag_operator']) retrieved from /home/airflow/.local/lib/python3.7/site-packages/airflow/example_dags/example_subdag_operator.py
[2023-04-07T12:48:29.614+0000] {logging_mixin.py:137} INFO - [2023-04-07T12:48:29.614+0000] {dag.py:2705} INFO - Sync 3 DAGs
[2023-04-07T12:48:29.653+0000] {logging_mixin.py:137} INFO - [2023-04-07T12:48:29.653+0000] {dag.py:3456} INFO - Setting next_dagrun for example_subdag_operator to 2022-01-01T00:00:00+00:00, run_after=2022-01-01T00:00:00+00:00
[2023-04-07T12:48:29.659+0000] {logging_mixin.py:137} INFO - [2023-04-07T12:48:29.659+0000] {dag.py:3456} INFO - Setting next_dagrun for example_subdag_operator.section-1 to None, run_after=None
[2023-04-07T12:48:29.662+0000] {logging_mixin.py:137} INFO - [2023-04-07T12:48:29.661+0000] {dag.py:3456} INFO - Setting next_dagrun for example_subdag_operator.section-2 to None, run_after=None
[2023-04-07T12:48:29.671+0000] {logging_mixin.py:137} INFO - [2023-04-07T12:48:29.671+0000] {dag.py:2705} INFO - Sync 2 DAGs
[2023-04-07T12:48:29.680+0000] {logging_mixin.py:137} INFO - [2023-04-07T12:48:29.680+0000] {dag.py:3456} INFO - Setting next_dagrun for example_subdag_operator.section-1 to None, run_after=None
[2023-04-07T12:48:29.681+0000] {logging_mixin.py:137} INFO - [2023-04-07T12:48:29.681+0000] {dag.py:3456} INFO - Setting next_dagrun for example_subdag_operator.section-2 to None, run_after=None
[2023-04-07T12:48:29.695+0000] {processor.py:175} INFO - Processing /home/airflow/.local/lib/python3.7/site-packages/airflow/example_dags/example_subdag_operator.py took 0.148 seconds
[2023-04-07T12:49:00.618+0000] {processor.py:153} INFO - Started process (PID=3390) to work on /home/airflow/.local/lib/python3.7/site-packages/airflow/example_dags/example_subdag_operator.py
[2023-04-07T12:49:00.619+0000] {processor.py:743} INFO - Processing file /home/airflow/.local/lib/python3.7/site-packages/airflow/example_dags/example_subdag_operator.py for tasks to queue
[2023-04-07T12:49:00.619+0000] {logging_mixin.py:137} INFO - [2023-04-07T12:49:00.619+0000] {dagbag.py:532} INFO - Filling up the DagBag from /home/airflow/.local/lib/python3.7/site-packages/airflow/example_dags/example_subdag_operator.py
[2023-04-07T12:49:00.651+0000] {processor.py:753} INFO - DAG(s) dict_keys(['example_subdag_operator.section-1', 'example_subdag_operator.section-2', 'example_subdag_operator']) retrieved from /home/airflow/.local/lib/python3.7/site-packages/airflow/example_dags/example_subdag_operator.py
[2023-04-07T12:49:00.681+0000] {logging_mixin.py:137} INFO - [2023-04-07T12:49:00.681+0000] {dag.py:2705} INFO - Sync 3 DAGs
[2023-04-07T12:49:00.722+0000] {logging_mixin.py:137} INFO - [2023-04-07T12:49:00.722+0000] {dag.py:3456} INFO - Setting next_dagrun for example_subdag_operator to 2022-01-01T00:00:00+00:00, run_after=2022-01-01T00:00:00+00:00
[2023-04-07T12:49:00.727+0000] {logging_mixin.py:137} INFO - [2023-04-07T12:49:00.726+0000] {dag.py:3456} INFO - Setting next_dagrun for example_subdag_operator.section-1 to None, run_after=None
[2023-04-07T12:49:00.728+0000] {logging_mixin.py:137} INFO - [2023-04-07T12:49:00.728+0000] {dag.py:3456} INFO - Setting next_dagrun for example_subdag_operator.section-2 to None, run_after=None
[2023-04-07T12:49:00.737+0000] {logging_mixin.py:137} INFO - [2023-04-07T12:49:00.736+0000] {dag.py:2705} INFO - Sync 2 DAGs
[2023-04-07T12:49:00.745+0000] {logging_mixin.py:137} INFO - [2023-04-07T12:49:00.745+0000] {dag.py:3456} INFO - Setting next_dagrun for example_subdag_operator.section-1 to None, run_after=None
[2023-04-07T12:49:00.745+0000] {logging_mixin.py:137} INFO - [2023-04-07T12:49:00.745+0000] {dag.py:3456} INFO - Setting next_dagrun for example_subdag_operator.section-2 to None, run_after=None
[2023-04-07T12:49:00.758+0000] {processor.py:175} INFO - Processing /home/airflow/.local/lib/python3.7/site-packages/airflow/example_dags/example_subdag_operator.py took 0.142 seconds
