[2023-04-07T14:59:09.877+0000] {processor.py:153} INFO - Started process (PID=262) to work on /home/airflow/.local/lib/python3.7/site-packages/airflow/example_dags/example_sensors.py
[2023-04-07T14:59:09.877+0000] {processor.py:743} INFO - Processing file /home/airflow/.local/lib/python3.7/site-packages/airflow/example_dags/example_sensors.py for tasks to queue
[2023-04-07T14:59:09.878+0000] {logging_mixin.py:137} INFO - [2023-04-07T14:59:09.878+0000] {dagbag.py:532} INFO - Filling up the DagBag from /home/airflow/.local/lib/python3.7/site-packages/airflow/example_dags/example_sensors.py
[2023-04-07T14:59:09.902+0000] {processor.py:753} INFO - DAG(s) dict_keys(['example_sensors']) retrieved from /home/airflow/.local/lib/python3.7/site-packages/airflow/example_dags/example_sensors.py
[2023-04-07T14:59:09.996+0000] {logging_mixin.py:137} INFO - [2023-04-07T14:59:09.996+0000] {dag.py:2705} INFO - Sync 1 DAGs
[2023-04-07T14:59:10.024+0000] {logging_mixin.py:137} INFO - [2023-04-07T14:59:10.024+0000] {dag.py:3456} INFO - Setting next_dagrun for example_sensors to None, run_after=None
[2023-04-07T14:59:10.045+0000] {processor.py:175} INFO - Processing /home/airflow/.local/lib/python3.7/site-packages/airflow/example_dags/example_sensors.py took 0.171 seconds
[2023-04-07T14:59:40.549+0000] {processor.py:153} INFO - Started process (PID=483) to work on /home/airflow/.local/lib/python3.7/site-packages/airflow/example_dags/example_sensors.py
[2023-04-07T14:59:40.550+0000] {processor.py:743} INFO - Processing file /home/airflow/.local/lib/python3.7/site-packages/airflow/example_dags/example_sensors.py for tasks to queue
[2023-04-07T14:59:40.550+0000] {logging_mixin.py:137} INFO - [2023-04-07T14:59:40.550+0000] {dagbag.py:532} INFO - Filling up the DagBag from /home/airflow/.local/lib/python3.7/site-packages/airflow/example_dags/example_sensors.py
[2023-04-07T14:59:40.569+0000] {processor.py:753} INFO - DAG(s) dict_keys(['example_sensors']) retrieved from /home/airflow/.local/lib/python3.7/site-packages/airflow/example_dags/example_sensors.py
[2023-04-07T14:59:40.578+0000] {logging_mixin.py:137} INFO - [2023-04-07T14:59:40.578+0000] {dag.py:2705} INFO - Sync 1 DAGs
[2023-04-07T14:59:40.608+0000] {logging_mixin.py:137} INFO - [2023-04-07T14:59:40.608+0000] {dag.py:3456} INFO - Setting next_dagrun for example_sensors to None, run_after=None
[2023-04-07T14:59:40.625+0000] {processor.py:175} INFO - Processing /home/airflow/.local/lib/python3.7/site-packages/airflow/example_dags/example_sensors.py took 0.078 seconds
[2023-04-07T15:00:11.041+0000] {processor.py:153} INFO - Started process (PID=706) to work on /home/airflow/.local/lib/python3.7/site-packages/airflow/example_dags/example_sensors.py
[2023-04-07T15:00:11.041+0000] {processor.py:743} INFO - Processing file /home/airflow/.local/lib/python3.7/site-packages/airflow/example_dags/example_sensors.py for tasks to queue
[2023-04-07T15:00:11.042+0000] {logging_mixin.py:137} INFO - [2023-04-07T15:00:11.042+0000] {dagbag.py:532} INFO - Filling up the DagBag from /home/airflow/.local/lib/python3.7/site-packages/airflow/example_dags/example_sensors.py
[2023-04-07T15:00:11.062+0000] {processor.py:753} INFO - DAG(s) dict_keys(['example_sensors']) retrieved from /home/airflow/.local/lib/python3.7/site-packages/airflow/example_dags/example_sensors.py
[2023-04-07T15:00:11.095+0000] {logging_mixin.py:137} INFO - [2023-04-07T15:00:11.095+0000] {dag.py:2705} INFO - Sync 1 DAGs
[2023-04-07T15:00:11.122+0000] {logging_mixin.py:137} INFO - [2023-04-07T15:00:11.122+0000] {dag.py:3456} INFO - Setting next_dagrun for example_sensors to None, run_after=None
[2023-04-07T15:00:11.140+0000] {processor.py:175} INFO - Processing /home/airflow/.local/lib/python3.7/site-packages/airflow/example_dags/example_sensors.py took 0.102 seconds
[2023-04-07T15:00:41.459+0000] {processor.py:153} INFO - Started process (PID=947) to work on /home/airflow/.local/lib/python3.7/site-packages/airflow/example_dags/example_sensors.py
[2023-04-07T15:00:41.460+0000] {processor.py:743} INFO - Processing file /home/airflow/.local/lib/python3.7/site-packages/airflow/example_dags/example_sensors.py for tasks to queue
[2023-04-07T15:00:41.460+0000] {logging_mixin.py:137} INFO - [2023-04-07T15:00:41.460+0000] {dagbag.py:532} INFO - Filling up the DagBag from /home/airflow/.local/lib/python3.7/site-packages/airflow/example_dags/example_sensors.py
[2023-04-07T15:00:41.483+0000] {processor.py:753} INFO - DAG(s) dict_keys(['example_sensors']) retrieved from /home/airflow/.local/lib/python3.7/site-packages/airflow/example_dags/example_sensors.py
[2023-04-07T15:00:41.517+0000] {logging_mixin.py:137} INFO - [2023-04-07T15:00:41.517+0000] {dag.py:2705} INFO - Sync 1 DAGs
[2023-04-07T15:00:41.554+0000] {logging_mixin.py:137} INFO - [2023-04-07T15:00:41.553+0000] {dag.py:3456} INFO - Setting next_dagrun for example_sensors to None, run_after=None
[2023-04-07T15:00:41.574+0000] {processor.py:175} INFO - Processing /home/airflow/.local/lib/python3.7/site-packages/airflow/example_dags/example_sensors.py took 0.118 seconds
[2023-04-07T15:01:11.710+0000] {processor.py:153} INFO - Started process (PID=1170) to work on /home/airflow/.local/lib/python3.7/site-packages/airflow/example_dags/example_sensors.py
[2023-04-07T15:01:11.711+0000] {processor.py:743} INFO - Processing file /home/airflow/.local/lib/python3.7/site-packages/airflow/example_dags/example_sensors.py for tasks to queue
[2023-04-07T15:01:11.711+0000] {logging_mixin.py:137} INFO - [2023-04-07T15:01:11.711+0000] {dagbag.py:532} INFO - Filling up the DagBag from /home/airflow/.local/lib/python3.7/site-packages/airflow/example_dags/example_sensors.py
[2023-04-07T15:01:11.733+0000] {processor.py:753} INFO - DAG(s) dict_keys(['example_sensors']) retrieved from /home/airflow/.local/lib/python3.7/site-packages/airflow/example_dags/example_sensors.py
[2023-04-07T15:01:11.770+0000] {logging_mixin.py:137} INFO - [2023-04-07T15:01:11.770+0000] {dag.py:2705} INFO - Sync 1 DAGs
[2023-04-07T15:01:11.805+0000] {logging_mixin.py:137} INFO - [2023-04-07T15:01:11.804+0000] {dag.py:3456} INFO - Setting next_dagrun for example_sensors to None, run_after=None
[2023-04-07T15:01:11.825+0000] {processor.py:175} INFO - Processing /home/airflow/.local/lib/python3.7/site-packages/airflow/example_dags/example_sensors.py took 0.118 seconds
[2023-04-07T15:01:41.852+0000] {processor.py:153} INFO - Started process (PID=1395) to work on /home/airflow/.local/lib/python3.7/site-packages/airflow/example_dags/example_sensors.py
[2023-04-07T15:01:41.852+0000] {processor.py:743} INFO - Processing file /home/airflow/.local/lib/python3.7/site-packages/airflow/example_dags/example_sensors.py for tasks to queue
[2023-04-07T15:01:41.853+0000] {logging_mixin.py:137} INFO - [2023-04-07T15:01:41.853+0000] {dagbag.py:532} INFO - Filling up the DagBag from /home/airflow/.local/lib/python3.7/site-packages/airflow/example_dags/example_sensors.py
[2023-04-07T15:01:41.872+0000] {processor.py:753} INFO - DAG(s) dict_keys(['example_sensors']) retrieved from /home/airflow/.local/lib/python3.7/site-packages/airflow/example_dags/example_sensors.py
[2023-04-07T15:01:41.904+0000] {logging_mixin.py:137} INFO - [2023-04-07T15:01:41.904+0000] {dag.py:2705} INFO - Sync 1 DAGs
[2023-04-07T15:01:41.933+0000] {logging_mixin.py:137} INFO - [2023-04-07T15:01:41.933+0000] {dag.py:3456} INFO - Setting next_dagrun for example_sensors to None, run_after=None
[2023-04-07T15:01:41.950+0000] {processor.py:175} INFO - Processing /home/airflow/.local/lib/python3.7/site-packages/airflow/example_dags/example_sensors.py took 0.101 seconds
[2023-04-07T15:02:12.110+0000] {processor.py:153} INFO - Started process (PID=1624) to work on /home/airflow/.local/lib/python3.7/site-packages/airflow/example_dags/example_sensors.py
[2023-04-07T15:02:12.111+0000] {processor.py:743} INFO - Processing file /home/airflow/.local/lib/python3.7/site-packages/airflow/example_dags/example_sensors.py for tasks to queue
[2023-04-07T15:02:12.111+0000] {logging_mixin.py:137} INFO - [2023-04-07T15:02:12.111+0000] {dagbag.py:532} INFO - Filling up the DagBag from /home/airflow/.local/lib/python3.7/site-packages/airflow/example_dags/example_sensors.py
[2023-04-07T15:02:12.130+0000] {processor.py:753} INFO - DAG(s) dict_keys(['example_sensors']) retrieved from /home/airflow/.local/lib/python3.7/site-packages/airflow/example_dags/example_sensors.py
[2023-04-07T15:02:12.163+0000] {logging_mixin.py:137} INFO - [2023-04-07T15:02:12.163+0000] {dag.py:2705} INFO - Sync 1 DAGs
[2023-04-07T15:02:12.190+0000] {logging_mixin.py:137} INFO - [2023-04-07T15:02:12.190+0000] {dag.py:3456} INFO - Setting next_dagrun for example_sensors to None, run_after=None
[2023-04-07T15:02:12.211+0000] {processor.py:175} INFO - Processing /home/airflow/.local/lib/python3.7/site-packages/airflow/example_dags/example_sensors.py took 0.104 seconds
[2023-04-07T15:02:42.308+0000] {processor.py:153} INFO - Started process (PID=1867) to work on /home/airflow/.local/lib/python3.7/site-packages/airflow/example_dags/example_sensors.py
[2023-04-07T15:02:42.309+0000] {processor.py:743} INFO - Processing file /home/airflow/.local/lib/python3.7/site-packages/airflow/example_dags/example_sensors.py for tasks to queue
[2023-04-07T15:02:42.309+0000] {logging_mixin.py:137} INFO - [2023-04-07T15:02:42.309+0000] {dagbag.py:532} INFO - Filling up the DagBag from /home/airflow/.local/lib/python3.7/site-packages/airflow/example_dags/example_sensors.py
[2023-04-07T15:02:42.328+0000] {processor.py:753} INFO - DAG(s) dict_keys(['example_sensors']) retrieved from /home/airflow/.local/lib/python3.7/site-packages/airflow/example_dags/example_sensors.py
[2023-04-07T15:02:42.360+0000] {logging_mixin.py:137} INFO - [2023-04-07T15:02:42.360+0000] {dag.py:2705} INFO - Sync 1 DAGs
[2023-04-07T15:02:42.387+0000] {logging_mixin.py:137} INFO - [2023-04-07T15:02:42.386+0000] {dag.py:3456} INFO - Setting next_dagrun for example_sensors to None, run_after=None
[2023-04-07T15:02:42.409+0000] {processor.py:175} INFO - Processing /home/airflow/.local/lib/python3.7/site-packages/airflow/example_dags/example_sensors.py took 0.104 seconds
[2023-04-07T15:03:12.480+0000] {processor.py:153} INFO - Started process (PID=2093) to work on /home/airflow/.local/lib/python3.7/site-packages/airflow/example_dags/example_sensors.py
[2023-04-07T15:03:12.480+0000] {processor.py:743} INFO - Processing file /home/airflow/.local/lib/python3.7/site-packages/airflow/example_dags/example_sensors.py for tasks to queue
[2023-04-07T15:03:12.481+0000] {logging_mixin.py:137} INFO - [2023-04-07T15:03:12.481+0000] {dagbag.py:532} INFO - Filling up the DagBag from /home/airflow/.local/lib/python3.7/site-packages/airflow/example_dags/example_sensors.py
[2023-04-07T15:03:12.501+0000] {processor.py:753} INFO - DAG(s) dict_keys(['example_sensors']) retrieved from /home/airflow/.local/lib/python3.7/site-packages/airflow/example_dags/example_sensors.py
[2023-04-07T15:03:12.533+0000] {logging_mixin.py:137} INFO - [2023-04-07T15:03:12.532+0000] {dag.py:2705} INFO - Sync 1 DAGs
[2023-04-07T15:03:12.559+0000] {logging_mixin.py:137} INFO - [2023-04-07T15:03:12.559+0000] {dag.py:3456} INFO - Setting next_dagrun for example_sensors to None, run_after=None
[2023-04-07T15:03:12.576+0000] {processor.py:175} INFO - Processing /home/airflow/.local/lib/python3.7/site-packages/airflow/example_dags/example_sensors.py took 0.098 seconds
[2023-04-07T15:03:43.583+0000] {processor.py:153} INFO - Started process (PID=2343) to work on /home/airflow/.local/lib/python3.7/site-packages/airflow/example_dags/example_sensors.py
[2023-04-07T15:03:43.584+0000] {processor.py:743} INFO - Processing file /home/airflow/.local/lib/python3.7/site-packages/airflow/example_dags/example_sensors.py for tasks to queue
[2023-04-07T15:03:43.584+0000] {logging_mixin.py:137} INFO - [2023-04-07T15:03:43.584+0000] {dagbag.py:532} INFO - Filling up the DagBag from /home/airflow/.local/lib/python3.7/site-packages/airflow/example_dags/example_sensors.py
[2023-04-07T15:03:43.605+0000] {processor.py:753} INFO - DAG(s) dict_keys(['example_sensors']) retrieved from /home/airflow/.local/lib/python3.7/site-packages/airflow/example_dags/example_sensors.py
[2023-04-07T15:03:43.638+0000] {logging_mixin.py:137} INFO - [2023-04-07T15:03:43.637+0000] {dag.py:2705} INFO - Sync 1 DAGs
[2023-04-07T15:03:43.666+0000] {logging_mixin.py:137} INFO - [2023-04-07T15:03:43.666+0000] {dag.py:3456} INFO - Setting next_dagrun for example_sensors to None, run_after=None
[2023-04-07T15:03:43.684+0000] {processor.py:175} INFO - Processing /home/airflow/.local/lib/python3.7/site-packages/airflow/example_dags/example_sensors.py took 0.103 seconds
[2023-04-07T15:04:13.954+0000] {processor.py:153} INFO - Started process (PID=2610) to work on /home/airflow/.local/lib/python3.7/site-packages/airflow/example_dags/example_sensors.py
[2023-04-07T15:04:13.955+0000] {processor.py:743} INFO - Processing file /home/airflow/.local/lib/python3.7/site-packages/airflow/example_dags/example_sensors.py for tasks to queue
[2023-04-07T15:04:13.955+0000] {logging_mixin.py:137} INFO - [2023-04-07T15:04:13.955+0000] {dagbag.py:532} INFO - Filling up the DagBag from /home/airflow/.local/lib/python3.7/site-packages/airflow/example_dags/example_sensors.py
[2023-04-07T15:04:13.978+0000] {processor.py:753} INFO - DAG(s) dict_keys(['example_sensors']) retrieved from /home/airflow/.local/lib/python3.7/site-packages/airflow/example_dags/example_sensors.py
[2023-04-07T15:04:14.018+0000] {logging_mixin.py:137} INFO - [2023-04-07T15:04:14.018+0000] {dag.py:2705} INFO - Sync 1 DAGs
[2023-04-07T15:04:14.049+0000] {logging_mixin.py:137} INFO - [2023-04-07T15:04:14.049+0000] {dag.py:3456} INFO - Setting next_dagrun for example_sensors to None, run_after=None
[2023-04-07T15:04:14.071+0000] {processor.py:175} INFO - Processing /home/airflow/.local/lib/python3.7/site-packages/airflow/example_dags/example_sensors.py took 0.119 seconds
[2023-04-07T15:04:44.164+0000] {processor.py:153} INFO - Started process (PID=2831) to work on /home/airflow/.local/lib/python3.7/site-packages/airflow/example_dags/example_sensors.py
[2023-04-07T15:04:44.165+0000] {processor.py:743} INFO - Processing file /home/airflow/.local/lib/python3.7/site-packages/airflow/example_dags/example_sensors.py for tasks to queue
[2023-04-07T15:04:44.165+0000] {logging_mixin.py:137} INFO - [2023-04-07T15:04:44.165+0000] {dagbag.py:532} INFO - Filling up the DagBag from /home/airflow/.local/lib/python3.7/site-packages/airflow/example_dags/example_sensors.py
[2023-04-07T15:04:44.188+0000] {processor.py:753} INFO - DAG(s) dict_keys(['example_sensors']) retrieved from /home/airflow/.local/lib/python3.7/site-packages/airflow/example_dags/example_sensors.py
[2023-04-07T15:04:44.224+0000] {logging_mixin.py:137} INFO - [2023-04-07T15:04:44.224+0000] {dag.py:2705} INFO - Sync 1 DAGs
[2023-04-07T15:04:44.258+0000] {logging_mixin.py:137} INFO - [2023-04-07T15:04:44.258+0000] {dag.py:3456} INFO - Setting next_dagrun for example_sensors to None, run_after=None
[2023-04-07T15:04:44.280+0000] {processor.py:175} INFO - Processing /home/airflow/.local/lib/python3.7/site-packages/airflow/example_dags/example_sensors.py took 0.118 seconds
[2023-04-07T15:07:31.918+0000] {processor.py:153} INFO - Started process (PID=213) to work on /home/airflow/.local/lib/python3.7/site-packages/airflow/example_dags/example_sensors.py
[2023-04-07T15:07:31.919+0000] {processor.py:743} INFO - Processing file /home/airflow/.local/lib/python3.7/site-packages/airflow/example_dags/example_sensors.py for tasks to queue
[2023-04-07T15:07:31.919+0000] {logging_mixin.py:137} INFO - [2023-04-07T15:07:31.919+0000] {dagbag.py:532} INFO - Filling up the DagBag from /home/airflow/.local/lib/python3.7/site-packages/airflow/example_dags/example_sensors.py
[2023-04-07T15:07:31.946+0000] {processor.py:753} INFO - DAG(s) dict_keys(['example_sensors']) retrieved from /home/airflow/.local/lib/python3.7/site-packages/airflow/example_dags/example_sensors.py
[2023-04-07T15:07:31.980+0000] {logging_mixin.py:137} INFO - [2023-04-07T15:07:31.980+0000] {dag.py:2705} INFO - Sync 1 DAGs
[2023-04-07T15:07:32.011+0000] {logging_mixin.py:137} INFO - [2023-04-07T15:07:32.011+0000] {dag.py:3456} INFO - Setting next_dagrun for example_sensors to None, run_after=None
[2023-04-07T15:07:32.029+0000] {processor.py:175} INFO - Processing /home/airflow/.local/lib/python3.7/site-packages/airflow/example_dags/example_sensors.py took 0.114 seconds
[2023-04-07T15:08:02.639+0000] {processor.py:153} INFO - Started process (PID=434) to work on /home/airflow/.local/lib/python3.7/site-packages/airflow/example_dags/example_sensors.py
[2023-04-07T15:08:02.640+0000] {processor.py:743} INFO - Processing file /home/airflow/.local/lib/python3.7/site-packages/airflow/example_dags/example_sensors.py for tasks to queue
[2023-04-07T15:08:02.640+0000] {logging_mixin.py:137} INFO - [2023-04-07T15:08:02.640+0000] {dagbag.py:532} INFO - Filling up the DagBag from /home/airflow/.local/lib/python3.7/site-packages/airflow/example_dags/example_sensors.py
[2023-04-07T15:08:02.660+0000] {processor.py:753} INFO - DAG(s) dict_keys(['example_sensors']) retrieved from /home/airflow/.local/lib/python3.7/site-packages/airflow/example_dags/example_sensors.py
[2023-04-07T15:08:02.691+0000] {logging_mixin.py:137} INFO - [2023-04-07T15:08:02.690+0000] {dag.py:2705} INFO - Sync 1 DAGs
[2023-04-07T15:08:02.724+0000] {logging_mixin.py:137} INFO - [2023-04-07T15:08:02.724+0000] {dag.py:3456} INFO - Setting next_dagrun for example_sensors to None, run_after=None
[2023-04-07T15:08:02.742+0000] {processor.py:175} INFO - Processing /home/airflow/.local/lib/python3.7/site-packages/airflow/example_dags/example_sensors.py took 0.105 seconds
[2023-04-07T15:08:33.437+0000] {processor.py:153} INFO - Started process (PID=657) to work on /home/airflow/.local/lib/python3.7/site-packages/airflow/example_dags/example_sensors.py
[2023-04-07T15:08:33.438+0000] {processor.py:743} INFO - Processing file /home/airflow/.local/lib/python3.7/site-packages/airflow/example_dags/example_sensors.py for tasks to queue
[2023-04-07T15:08:33.438+0000] {logging_mixin.py:137} INFO - [2023-04-07T15:08:33.438+0000] {dagbag.py:532} INFO - Filling up the DagBag from /home/airflow/.local/lib/python3.7/site-packages/airflow/example_dags/example_sensors.py
[2023-04-07T15:08:33.461+0000] {processor.py:753} INFO - DAG(s) dict_keys(['example_sensors']) retrieved from /home/airflow/.local/lib/python3.7/site-packages/airflow/example_dags/example_sensors.py
[2023-04-07T15:08:33.499+0000] {logging_mixin.py:137} INFO - [2023-04-07T15:08:33.498+0000] {dag.py:2705} INFO - Sync 1 DAGs
[2023-04-07T15:08:33.543+0000] {logging_mixin.py:137} INFO - [2023-04-07T15:08:33.543+0000] {dag.py:3456} INFO - Setting next_dagrun for example_sensors to None, run_after=None
[2023-04-07T15:08:33.574+0000] {processor.py:175} INFO - Processing /home/airflow/.local/lib/python3.7/site-packages/airflow/example_dags/example_sensors.py took 0.141 seconds
[2023-04-07T15:09:04.109+0000] {processor.py:153} INFO - Started process (PID=881) to work on /home/airflow/.local/lib/python3.7/site-packages/airflow/example_dags/example_sensors.py
[2023-04-07T15:09:04.110+0000] {processor.py:743} INFO - Processing file /home/airflow/.local/lib/python3.7/site-packages/airflow/example_dags/example_sensors.py for tasks to queue
[2023-04-07T15:09:04.114+0000] {logging_mixin.py:137} INFO - [2023-04-07T15:09:04.113+0000] {dagbag.py:532} INFO - Filling up the DagBag from /home/airflow/.local/lib/python3.7/site-packages/airflow/example_dags/example_sensors.py
[2023-04-07T15:09:04.136+0000] {processor.py:753} INFO - DAG(s) dict_keys(['example_sensors']) retrieved from /home/airflow/.local/lib/python3.7/site-packages/airflow/example_dags/example_sensors.py
[2023-04-07T15:09:04.176+0000] {logging_mixin.py:137} INFO - [2023-04-07T15:09:04.176+0000] {dag.py:2705} INFO - Sync 1 DAGs
[2023-04-07T15:09:04.214+0000] {logging_mixin.py:137} INFO - [2023-04-07T15:09:04.214+0000] {dag.py:3456} INFO - Setting next_dagrun for example_sensors to None, run_after=None
[2023-04-07T15:09:04.239+0000] {processor.py:175} INFO - Processing /home/airflow/.local/lib/python3.7/site-packages/airflow/example_dags/example_sensors.py took 0.132 seconds
[2023-04-07T15:09:34.637+0000] {processor.py:153} INFO - Started process (PID=1118) to work on /home/airflow/.local/lib/python3.7/site-packages/airflow/example_dags/example_sensors.py
[2023-04-07T15:09:34.638+0000] {processor.py:743} INFO - Processing file /home/airflow/.local/lib/python3.7/site-packages/airflow/example_dags/example_sensors.py for tasks to queue
[2023-04-07T15:09:34.638+0000] {logging_mixin.py:137} INFO - [2023-04-07T15:09:34.638+0000] {dagbag.py:532} INFO - Filling up the DagBag from /home/airflow/.local/lib/python3.7/site-packages/airflow/example_dags/example_sensors.py
[2023-04-07T15:09:34.661+0000] {processor.py:753} INFO - DAG(s) dict_keys(['example_sensors']) retrieved from /home/airflow/.local/lib/python3.7/site-packages/airflow/example_dags/example_sensors.py
[2023-04-07T15:09:34.698+0000] {logging_mixin.py:137} INFO - [2023-04-07T15:09:34.698+0000] {dag.py:2705} INFO - Sync 1 DAGs
[2023-04-07T15:09:34.736+0000] {logging_mixin.py:137} INFO - [2023-04-07T15:09:34.736+0000] {dag.py:3456} INFO - Setting next_dagrun for example_sensors to None, run_after=None
[2023-04-07T15:09:34.755+0000] {processor.py:175} INFO - Processing /home/airflow/.local/lib/python3.7/site-packages/airflow/example_dags/example_sensors.py took 0.121 seconds
[2023-04-07T15:10:05.106+0000] {processor.py:153} INFO - Started process (PID=1341) to work on /home/airflow/.local/lib/python3.7/site-packages/airflow/example_dags/example_sensors.py
[2023-04-07T15:10:05.107+0000] {processor.py:743} INFO - Processing file /home/airflow/.local/lib/python3.7/site-packages/airflow/example_dags/example_sensors.py for tasks to queue
[2023-04-07T15:10:05.107+0000] {logging_mixin.py:137} INFO - [2023-04-07T15:10:05.107+0000] {dagbag.py:532} INFO - Filling up the DagBag from /home/airflow/.local/lib/python3.7/site-packages/airflow/example_dags/example_sensors.py
[2023-04-07T15:10:05.140+0000] {processor.py:753} INFO - DAG(s) dict_keys(['example_sensors']) retrieved from /home/airflow/.local/lib/python3.7/site-packages/airflow/example_dags/example_sensors.py
[2023-04-07T15:10:05.183+0000] {logging_mixin.py:137} INFO - [2023-04-07T15:10:05.183+0000] {dag.py:2705} INFO - Sync 1 DAGs
[2023-04-07T15:10:05.235+0000] {logging_mixin.py:137} INFO - [2023-04-07T15:10:05.235+0000] {dag.py:3456} INFO - Setting next_dagrun for example_sensors to None, run_after=None
[2023-04-07T15:10:05.275+0000] {processor.py:175} INFO - Processing /home/airflow/.local/lib/python3.7/site-packages/airflow/example_dags/example_sensors.py took 0.171 seconds
[2023-04-07T15:10:36.347+0000] {processor.py:153} INFO - Started process (PID=1565) to work on /home/airflow/.local/lib/python3.7/site-packages/airflow/example_dags/example_sensors.py
[2023-04-07T15:10:36.348+0000] {processor.py:743} INFO - Processing file /home/airflow/.local/lib/python3.7/site-packages/airflow/example_dags/example_sensors.py for tasks to queue
[2023-04-07T15:10:36.348+0000] {logging_mixin.py:137} INFO - [2023-04-07T15:10:36.348+0000] {dagbag.py:532} INFO - Filling up the DagBag from /home/airflow/.local/lib/python3.7/site-packages/airflow/example_dags/example_sensors.py
[2023-04-07T15:10:36.372+0000] {processor.py:753} INFO - DAG(s) dict_keys(['example_sensors']) retrieved from /home/airflow/.local/lib/python3.7/site-packages/airflow/example_dags/example_sensors.py
[2023-04-07T15:10:36.407+0000] {logging_mixin.py:137} INFO - [2023-04-07T15:10:36.406+0000] {dag.py:2705} INFO - Sync 1 DAGs
[2023-04-07T15:10:36.447+0000] {logging_mixin.py:137} INFO - [2023-04-07T15:10:36.447+0000] {dag.py:3456} INFO - Setting next_dagrun for example_sensors to None, run_after=None
[2023-04-07T15:10:36.466+0000] {processor.py:175} INFO - Processing /home/airflow/.local/lib/python3.7/site-packages/airflow/example_dags/example_sensors.py took 0.121 seconds
[2023-04-07T15:11:06.613+0000] {processor.py:153} INFO - Started process (PID=1788) to work on /home/airflow/.local/lib/python3.7/site-packages/airflow/example_dags/example_sensors.py
[2023-04-07T15:11:06.614+0000] {processor.py:743} INFO - Processing file /home/airflow/.local/lib/python3.7/site-packages/airflow/example_dags/example_sensors.py for tasks to queue
[2023-04-07T15:11:06.614+0000] {logging_mixin.py:137} INFO - [2023-04-07T15:11:06.614+0000] {dagbag.py:532} INFO - Filling up the DagBag from /home/airflow/.local/lib/python3.7/site-packages/airflow/example_dags/example_sensors.py
[2023-04-07T15:11:06.635+0000] {processor.py:753} INFO - DAG(s) dict_keys(['example_sensors']) retrieved from /home/airflow/.local/lib/python3.7/site-packages/airflow/example_dags/example_sensors.py
[2023-04-07T15:11:06.673+0000] {logging_mixin.py:137} INFO - [2023-04-07T15:11:06.673+0000] {dag.py:2705} INFO - Sync 1 DAGs
[2023-04-07T15:11:06.715+0000] {logging_mixin.py:137} INFO - [2023-04-07T15:11:06.715+0000] {dag.py:3456} INFO - Setting next_dagrun for example_sensors to None, run_after=None
[2023-04-07T15:11:06.735+0000] {processor.py:175} INFO - Processing /home/airflow/.local/lib/python3.7/site-packages/airflow/example_dags/example_sensors.py took 0.124 seconds
[2023-04-07T15:11:36.872+0000] {processor.py:153} INFO - Started process (PID=2009) to work on /home/airflow/.local/lib/python3.7/site-packages/airflow/example_dags/example_sensors.py
[2023-04-07T15:11:36.872+0000] {processor.py:743} INFO - Processing file /home/airflow/.local/lib/python3.7/site-packages/airflow/example_dags/example_sensors.py for tasks to queue
[2023-04-07T15:11:36.873+0000] {logging_mixin.py:137} INFO - [2023-04-07T15:11:36.873+0000] {dagbag.py:532} INFO - Filling up the DagBag from /home/airflow/.local/lib/python3.7/site-packages/airflow/example_dags/example_sensors.py
[2023-04-07T15:11:36.895+0000] {processor.py:753} INFO - DAG(s) dict_keys(['example_sensors']) retrieved from /home/airflow/.local/lib/python3.7/site-packages/airflow/example_dags/example_sensors.py
[2023-04-07T15:11:36.931+0000] {logging_mixin.py:137} INFO - [2023-04-07T15:11:36.931+0000] {dag.py:2705} INFO - Sync 1 DAGs
[2023-04-07T15:11:36.966+0000] {logging_mixin.py:137} INFO - [2023-04-07T15:11:36.966+0000] {dag.py:3456} INFO - Setting next_dagrun for example_sensors to None, run_after=None
[2023-04-07T15:11:36.992+0000] {processor.py:175} INFO - Processing /home/airflow/.local/lib/python3.7/site-packages/airflow/example_dags/example_sensors.py took 0.122 seconds
[2023-04-07T15:12:07.106+0000] {processor.py:153} INFO - Started process (PID=2232) to work on /home/airflow/.local/lib/python3.7/site-packages/airflow/example_dags/example_sensors.py
[2023-04-07T15:12:07.107+0000] {processor.py:743} INFO - Processing file /home/airflow/.local/lib/python3.7/site-packages/airflow/example_dags/example_sensors.py for tasks to queue
[2023-04-07T15:12:07.108+0000] {logging_mixin.py:137} INFO - [2023-04-07T15:12:07.108+0000] {dagbag.py:532} INFO - Filling up the DagBag from /home/airflow/.local/lib/python3.7/site-packages/airflow/example_dags/example_sensors.py
[2023-04-07T15:12:07.130+0000] {processor.py:753} INFO - DAG(s) dict_keys(['example_sensors']) retrieved from /home/airflow/.local/lib/python3.7/site-packages/airflow/example_dags/example_sensors.py
[2023-04-07T15:12:07.163+0000] {logging_mixin.py:137} INFO - [2023-04-07T15:12:07.162+0000] {dag.py:2705} INFO - Sync 1 DAGs
[2023-04-07T15:12:07.201+0000] {logging_mixin.py:137} INFO - [2023-04-07T15:12:07.201+0000] {dag.py:3456} INFO - Setting next_dagrun for example_sensors to None, run_after=None
[2023-04-07T15:12:07.226+0000] {processor.py:175} INFO - Processing /home/airflow/.local/lib/python3.7/site-packages/airflow/example_dags/example_sensors.py took 0.123 seconds
[2023-04-07T15:12:37.522+0000] {processor.py:153} INFO - Started process (PID=2457) to work on /home/airflow/.local/lib/python3.7/site-packages/airflow/example_dags/example_sensors.py
[2023-04-07T15:12:37.523+0000] {processor.py:743} INFO - Processing file /home/airflow/.local/lib/python3.7/site-packages/airflow/example_dags/example_sensors.py for tasks to queue
[2023-04-07T15:12:37.523+0000] {logging_mixin.py:137} INFO - [2023-04-07T15:12:37.523+0000] {dagbag.py:532} INFO - Filling up the DagBag from /home/airflow/.local/lib/python3.7/site-packages/airflow/example_dags/example_sensors.py
[2023-04-07T15:12:37.546+0000] {processor.py:753} INFO - DAG(s) dict_keys(['example_sensors']) retrieved from /home/airflow/.local/lib/python3.7/site-packages/airflow/example_dags/example_sensors.py
[2023-04-07T15:12:37.590+0000] {logging_mixin.py:137} INFO - [2023-04-07T15:12:37.590+0000] {dag.py:2705} INFO - Sync 1 DAGs
[2023-04-07T15:12:37.630+0000] {logging_mixin.py:137} INFO - [2023-04-07T15:12:37.630+0000] {dag.py:3456} INFO - Setting next_dagrun for example_sensors to None, run_after=None
[2023-04-07T15:12:37.657+0000] {processor.py:175} INFO - Processing /home/airflow/.local/lib/python3.7/site-packages/airflow/example_dags/example_sensors.py took 0.138 seconds
[2023-04-07T15:13:07.905+0000] {processor.py:153} INFO - Started process (PID=2678) to work on /home/airflow/.local/lib/python3.7/site-packages/airflow/example_dags/example_sensors.py
[2023-04-07T15:13:07.906+0000] {processor.py:743} INFO - Processing file /home/airflow/.local/lib/python3.7/site-packages/airflow/example_dags/example_sensors.py for tasks to queue
[2023-04-07T15:13:07.906+0000] {logging_mixin.py:137} INFO - [2023-04-07T15:13:07.906+0000] {dagbag.py:532} INFO - Filling up the DagBag from /home/airflow/.local/lib/python3.7/site-packages/airflow/example_dags/example_sensors.py
[2023-04-07T15:13:07.928+0000] {processor.py:753} INFO - DAG(s) dict_keys(['example_sensors']) retrieved from /home/airflow/.local/lib/python3.7/site-packages/airflow/example_dags/example_sensors.py
[2023-04-07T15:13:07.961+0000] {logging_mixin.py:137} INFO - [2023-04-07T15:13:07.960+0000] {dag.py:2705} INFO - Sync 1 DAGs
[2023-04-07T15:13:07.996+0000] {logging_mixin.py:137} INFO - [2023-04-07T15:13:07.996+0000] {dag.py:3456} INFO - Setting next_dagrun for example_sensors to None, run_after=None
[2023-04-07T15:13:08.016+0000] {processor.py:175} INFO - Processing /home/airflow/.local/lib/python3.7/site-packages/airflow/example_dags/example_sensors.py took 0.113 seconds
[2023-04-07T15:13:38.208+0000] {processor.py:153} INFO - Started process (PID=2904) to work on /home/airflow/.local/lib/python3.7/site-packages/airflow/example_dags/example_sensors.py
[2023-04-07T15:13:38.209+0000] {processor.py:743} INFO - Processing file /home/airflow/.local/lib/python3.7/site-packages/airflow/example_dags/example_sensors.py for tasks to queue
[2023-04-07T15:13:38.209+0000] {logging_mixin.py:137} INFO - [2023-04-07T15:13:38.209+0000] {dagbag.py:532} INFO - Filling up the DagBag from /home/airflow/.local/lib/python3.7/site-packages/airflow/example_dags/example_sensors.py
[2023-04-07T15:13:38.231+0000] {processor.py:753} INFO - DAG(s) dict_keys(['example_sensors']) retrieved from /home/airflow/.local/lib/python3.7/site-packages/airflow/example_dags/example_sensors.py
[2023-04-07T15:13:38.267+0000] {logging_mixin.py:137} INFO - [2023-04-07T15:13:38.266+0000] {dag.py:2705} INFO - Sync 1 DAGs
[2023-04-07T15:13:38.303+0000] {logging_mixin.py:137} INFO - [2023-04-07T15:13:38.303+0000] {dag.py:3456} INFO - Setting next_dagrun for example_sensors to None, run_after=None
[2023-04-07T15:13:38.330+0000] {processor.py:175} INFO - Processing /home/airflow/.local/lib/python3.7/site-packages/airflow/example_dags/example_sensors.py took 0.125 seconds
[2023-04-07T15:14:08.543+0000] {processor.py:153} INFO - Started process (PID=3130) to work on /home/airflow/.local/lib/python3.7/site-packages/airflow/example_dags/example_sensors.py
[2023-04-07T15:14:08.544+0000] {processor.py:743} INFO - Processing file /home/airflow/.local/lib/python3.7/site-packages/airflow/example_dags/example_sensors.py for tasks to queue
[2023-04-07T15:14:08.544+0000] {logging_mixin.py:137} INFO - [2023-04-07T15:14:08.544+0000] {dagbag.py:532} INFO - Filling up the DagBag from /home/airflow/.local/lib/python3.7/site-packages/airflow/example_dags/example_sensors.py
[2023-04-07T15:14:08.566+0000] {processor.py:753} INFO - DAG(s) dict_keys(['example_sensors']) retrieved from /home/airflow/.local/lib/python3.7/site-packages/airflow/example_dags/example_sensors.py
[2023-04-07T15:14:08.600+0000] {logging_mixin.py:137} INFO - [2023-04-07T15:14:08.600+0000] {dag.py:2705} INFO - Sync 1 DAGs
[2023-04-07T15:14:08.639+0000] {logging_mixin.py:137} INFO - [2023-04-07T15:14:08.639+0000] {dag.py:3456} INFO - Setting next_dagrun for example_sensors to None, run_after=None
[2023-04-07T15:14:08.663+0000] {processor.py:175} INFO - Processing /home/airflow/.local/lib/python3.7/site-packages/airflow/example_dags/example_sensors.py took 0.122 seconds
[2023-04-07T15:14:38.818+0000] {processor.py:153} INFO - Started process (PID=3353) to work on /home/airflow/.local/lib/python3.7/site-packages/airflow/example_dags/example_sensors.py
[2023-04-07T15:14:38.818+0000] {processor.py:743} INFO - Processing file /home/airflow/.local/lib/python3.7/site-packages/airflow/example_dags/example_sensors.py for tasks to queue
[2023-04-07T15:14:38.819+0000] {logging_mixin.py:137} INFO - [2023-04-07T15:14:38.819+0000] {dagbag.py:532} INFO - Filling up the DagBag from /home/airflow/.local/lib/python3.7/site-packages/airflow/example_dags/example_sensors.py
[2023-04-07T15:14:38.840+0000] {processor.py:753} INFO - DAG(s) dict_keys(['example_sensors']) retrieved from /home/airflow/.local/lib/python3.7/site-packages/airflow/example_dags/example_sensors.py
[2023-04-07T15:14:38.874+0000] {logging_mixin.py:137} INFO - [2023-04-07T15:14:38.874+0000] {dag.py:2705} INFO - Sync 1 DAGs
[2023-04-07T15:14:38.911+0000] {logging_mixin.py:137} INFO - [2023-04-07T15:14:38.911+0000] {dag.py:3456} INFO - Setting next_dagrun for example_sensors to None, run_after=None
[2023-04-07T15:14:38.930+0000] {processor.py:175} INFO - Processing /home/airflow/.local/lib/python3.7/site-packages/airflow/example_dags/example_sensors.py took 0.115 seconds
[2023-04-07T15:15:09.350+0000] {processor.py:153} INFO - Started process (PID=3575) to work on /home/airflow/.local/lib/python3.7/site-packages/airflow/example_dags/example_sensors.py
[2023-04-07T15:15:09.351+0000] {processor.py:743} INFO - Processing file /home/airflow/.local/lib/python3.7/site-packages/airflow/example_dags/example_sensors.py for tasks to queue
[2023-04-07T15:15:09.351+0000] {logging_mixin.py:137} INFO - [2023-04-07T15:15:09.351+0000] {dagbag.py:532} INFO - Filling up the DagBag from /home/airflow/.local/lib/python3.7/site-packages/airflow/example_dags/example_sensors.py
[2023-04-07T15:15:09.371+0000] {processor.py:753} INFO - DAG(s) dict_keys(['example_sensors']) retrieved from /home/airflow/.local/lib/python3.7/site-packages/airflow/example_dags/example_sensors.py
[2023-04-07T15:15:09.403+0000] {logging_mixin.py:137} INFO - [2023-04-07T15:15:09.403+0000] {dag.py:2705} INFO - Sync 1 DAGs
[2023-04-07T15:15:09.436+0000] {logging_mixin.py:137} INFO - [2023-04-07T15:15:09.436+0000] {dag.py:3456} INFO - Setting next_dagrun for example_sensors to None, run_after=None
[2023-04-07T15:15:09.456+0000] {processor.py:175} INFO - Processing /home/airflow/.local/lib/python3.7/site-packages/airflow/example_dags/example_sensors.py took 0.108 seconds
[2023-04-07T15:15:40.050+0000] {processor.py:153} INFO - Started process (PID=3798) to work on /home/airflow/.local/lib/python3.7/site-packages/airflow/example_dags/example_sensors.py
[2023-04-07T15:15:40.051+0000] {processor.py:743} INFO - Processing file /home/airflow/.local/lib/python3.7/site-packages/airflow/example_dags/example_sensors.py for tasks to queue
[2023-04-07T15:15:40.051+0000] {logging_mixin.py:137} INFO - [2023-04-07T15:15:40.051+0000] {dagbag.py:532} INFO - Filling up the DagBag from /home/airflow/.local/lib/python3.7/site-packages/airflow/example_dags/example_sensors.py
[2023-04-07T15:15:40.070+0000] {processor.py:753} INFO - DAG(s) dict_keys(['example_sensors']) retrieved from /home/airflow/.local/lib/python3.7/site-packages/airflow/example_dags/example_sensors.py
[2023-04-07T15:15:40.106+0000] {logging_mixin.py:137} INFO - [2023-04-07T15:15:40.106+0000] {dag.py:2705} INFO - Sync 1 DAGs
[2023-04-07T15:15:40.141+0000] {logging_mixin.py:137} INFO - [2023-04-07T15:15:40.141+0000] {dag.py:3456} INFO - Setting next_dagrun for example_sensors to None, run_after=None
[2023-04-07T15:15:40.160+0000] {processor.py:175} INFO - Processing /home/airflow/.local/lib/python3.7/site-packages/airflow/example_dags/example_sensors.py took 0.112 seconds
[2023-04-07T15:16:10.344+0000] {processor.py:153} INFO - Started process (PID=4021) to work on /home/airflow/.local/lib/python3.7/site-packages/airflow/example_dags/example_sensors.py
[2023-04-07T15:16:10.345+0000] {processor.py:743} INFO - Processing file /home/airflow/.local/lib/python3.7/site-packages/airflow/example_dags/example_sensors.py for tasks to queue
[2023-04-07T15:16:10.345+0000] {logging_mixin.py:137} INFO - [2023-04-07T15:16:10.345+0000] {dagbag.py:532} INFO - Filling up the DagBag from /home/airflow/.local/lib/python3.7/site-packages/airflow/example_dags/example_sensors.py
[2023-04-07T15:16:10.368+0000] {processor.py:753} INFO - DAG(s) dict_keys(['example_sensors']) retrieved from /home/airflow/.local/lib/python3.7/site-packages/airflow/example_dags/example_sensors.py
[2023-04-07T15:16:10.407+0000] {logging_mixin.py:137} INFO - [2023-04-07T15:16:10.407+0000] {dag.py:2705} INFO - Sync 1 DAGs
[2023-04-07T15:16:10.446+0000] {logging_mixin.py:137} INFO - [2023-04-07T15:16:10.445+0000] {dag.py:3456} INFO - Setting next_dagrun for example_sensors to None, run_after=None
[2023-04-07T15:16:10.466+0000] {processor.py:175} INFO - Processing /home/airflow/.local/lib/python3.7/site-packages/airflow/example_dags/example_sensors.py took 0.125 seconds
[2023-04-07T15:16:40.671+0000] {processor.py:153} INFO - Started process (PID=4245) to work on /home/airflow/.local/lib/python3.7/site-packages/airflow/example_dags/example_sensors.py
[2023-04-07T15:16:40.672+0000] {processor.py:743} INFO - Processing file /home/airflow/.local/lib/python3.7/site-packages/airflow/example_dags/example_sensors.py for tasks to queue
[2023-04-07T15:16:40.672+0000] {logging_mixin.py:137} INFO - [2023-04-07T15:16:40.672+0000] {dagbag.py:532} INFO - Filling up the DagBag from /home/airflow/.local/lib/python3.7/site-packages/airflow/example_dags/example_sensors.py
[2023-04-07T15:16:40.696+0000] {processor.py:753} INFO - DAG(s) dict_keys(['example_sensors']) retrieved from /home/airflow/.local/lib/python3.7/site-packages/airflow/example_dags/example_sensors.py
[2023-04-07T15:16:40.737+0000] {logging_mixin.py:137} INFO - [2023-04-07T15:16:40.736+0000] {dag.py:2705} INFO - Sync 1 DAGs
[2023-04-07T15:16:40.771+0000] {logging_mixin.py:137} INFO - [2023-04-07T15:16:40.771+0000] {dag.py:3456} INFO - Setting next_dagrun for example_sensors to None, run_after=None
[2023-04-07T15:16:40.790+0000] {processor.py:175} INFO - Processing /home/airflow/.local/lib/python3.7/site-packages/airflow/example_dags/example_sensors.py took 0.123 seconds
[2023-04-07T15:17:10.915+0000] {processor.py:153} INFO - Started process (PID=4471) to work on /home/airflow/.local/lib/python3.7/site-packages/airflow/example_dags/example_sensors.py
[2023-04-07T15:17:10.916+0000] {processor.py:743} INFO - Processing file /home/airflow/.local/lib/python3.7/site-packages/airflow/example_dags/example_sensors.py for tasks to queue
[2023-04-07T15:17:10.916+0000] {logging_mixin.py:137} INFO - [2023-04-07T15:17:10.916+0000] {dagbag.py:532} INFO - Filling up the DagBag from /home/airflow/.local/lib/python3.7/site-packages/airflow/example_dags/example_sensors.py
[2023-04-07T15:17:10.935+0000] {processor.py:753} INFO - DAG(s) dict_keys(['example_sensors']) retrieved from /home/airflow/.local/lib/python3.7/site-packages/airflow/example_dags/example_sensors.py
[2023-04-07T15:17:10.967+0000] {logging_mixin.py:137} INFO - [2023-04-07T15:17:10.967+0000] {dag.py:2705} INFO - Sync 1 DAGs
[2023-04-07T15:17:10.999+0000] {logging_mixin.py:137} INFO - [2023-04-07T15:17:10.999+0000] {dag.py:3456} INFO - Setting next_dagrun for example_sensors to None, run_after=None
[2023-04-07T15:17:11.019+0000] {processor.py:175} INFO - Processing /home/airflow/.local/lib/python3.7/site-packages/airflow/example_dags/example_sensors.py took 0.106 seconds
[2023-04-07T15:17:41.284+0000] {processor.py:153} INFO - Started process (PID=4694) to work on /home/airflow/.local/lib/python3.7/site-packages/airflow/example_dags/example_sensors.py
[2023-04-07T15:17:41.285+0000] {processor.py:743} INFO - Processing file /home/airflow/.local/lib/python3.7/site-packages/airflow/example_dags/example_sensors.py for tasks to queue
[2023-04-07T15:17:41.285+0000] {logging_mixin.py:137} INFO - [2023-04-07T15:17:41.285+0000] {dagbag.py:532} INFO - Filling up the DagBag from /home/airflow/.local/lib/python3.7/site-packages/airflow/example_dags/example_sensors.py
[2023-04-07T15:17:41.304+0000] {processor.py:753} INFO - DAG(s) dict_keys(['example_sensors']) retrieved from /home/airflow/.local/lib/python3.7/site-packages/airflow/example_dags/example_sensors.py
[2023-04-07T15:17:41.336+0000] {logging_mixin.py:137} INFO - [2023-04-07T15:17:41.335+0000] {dag.py:2705} INFO - Sync 1 DAGs
[2023-04-07T15:17:41.368+0000] {logging_mixin.py:137} INFO - [2023-04-07T15:17:41.368+0000] {dag.py:3456} INFO - Setting next_dagrun for example_sensors to None, run_after=None
[2023-04-07T15:17:41.389+0000] {processor.py:175} INFO - Processing /home/airflow/.local/lib/python3.7/site-packages/airflow/example_dags/example_sensors.py took 0.108 seconds
[2023-04-07T15:18:11.466+0000] {processor.py:153} INFO - Started process (PID=4915) to work on /home/airflow/.local/lib/python3.7/site-packages/airflow/example_dags/example_sensors.py
[2023-04-07T15:18:11.466+0000] {processor.py:743} INFO - Processing file /home/airflow/.local/lib/python3.7/site-packages/airflow/example_dags/example_sensors.py for tasks to queue
[2023-04-07T15:18:11.467+0000] {logging_mixin.py:137} INFO - [2023-04-07T15:18:11.466+0000] {dagbag.py:532} INFO - Filling up the DagBag from /home/airflow/.local/lib/python3.7/site-packages/airflow/example_dags/example_sensors.py
[2023-04-07T15:18:11.486+0000] {processor.py:753} INFO - DAG(s) dict_keys(['example_sensors']) retrieved from /home/airflow/.local/lib/python3.7/site-packages/airflow/example_dags/example_sensors.py
[2023-04-07T15:18:11.517+0000] {logging_mixin.py:137} INFO - [2023-04-07T15:18:11.517+0000] {dag.py:2705} INFO - Sync 1 DAGs
[2023-04-07T15:18:11.549+0000] {logging_mixin.py:137} INFO - [2023-04-07T15:18:11.549+0000] {dag.py:3456} INFO - Setting next_dagrun for example_sensors to None, run_after=None
[2023-04-07T15:18:11.567+0000] {processor.py:175} INFO - Processing /home/airflow/.local/lib/python3.7/site-packages/airflow/example_dags/example_sensors.py took 0.104 seconds
[2023-04-07T15:18:42.285+0000] {processor.py:153} INFO - Started process (PID=5138) to work on /home/airflow/.local/lib/python3.7/site-packages/airflow/example_dags/example_sensors.py
[2023-04-07T15:18:42.286+0000] {processor.py:743} INFO - Processing file /home/airflow/.local/lib/python3.7/site-packages/airflow/example_dags/example_sensors.py for tasks to queue
[2023-04-07T15:18:42.286+0000] {logging_mixin.py:137} INFO - [2023-04-07T15:18:42.286+0000] {dagbag.py:532} INFO - Filling up the DagBag from /home/airflow/.local/lib/python3.7/site-packages/airflow/example_dags/example_sensors.py
[2023-04-07T15:18:42.305+0000] {processor.py:753} INFO - DAG(s) dict_keys(['example_sensors']) retrieved from /home/airflow/.local/lib/python3.7/site-packages/airflow/example_dags/example_sensors.py
[2023-04-07T15:18:42.337+0000] {logging_mixin.py:137} INFO - [2023-04-07T15:18:42.337+0000] {dag.py:2705} INFO - Sync 1 DAGs
[2023-04-07T15:18:42.368+0000] {logging_mixin.py:137} INFO - [2023-04-07T15:18:42.368+0000] {dag.py:3456} INFO - Setting next_dagrun for example_sensors to None, run_after=None
[2023-04-07T15:18:42.385+0000] {processor.py:175} INFO - Processing /home/airflow/.local/lib/python3.7/site-packages/airflow/example_dags/example_sensors.py took 0.102 seconds
[2023-04-07T15:19:12.958+0000] {processor.py:153} INFO - Started process (PID=5360) to work on /home/airflow/.local/lib/python3.7/site-packages/airflow/example_dags/example_sensors.py
[2023-04-07T15:19:12.959+0000] {processor.py:743} INFO - Processing file /home/airflow/.local/lib/python3.7/site-packages/airflow/example_dags/example_sensors.py for tasks to queue
[2023-04-07T15:19:12.959+0000] {logging_mixin.py:137} INFO - [2023-04-07T15:19:12.959+0000] {dagbag.py:532} INFO - Filling up the DagBag from /home/airflow/.local/lib/python3.7/site-packages/airflow/example_dags/example_sensors.py
[2023-04-07T15:19:12.980+0000] {processor.py:753} INFO - DAG(s) dict_keys(['example_sensors']) retrieved from /home/airflow/.local/lib/python3.7/site-packages/airflow/example_dags/example_sensors.py
[2023-04-07T15:19:13.011+0000] {logging_mixin.py:137} INFO - [2023-04-07T15:19:13.010+0000] {dag.py:2705} INFO - Sync 1 DAGs
[2023-04-07T15:19:13.045+0000] {logging_mixin.py:137} INFO - [2023-04-07T15:19:13.045+0000] {dag.py:3456} INFO - Setting next_dagrun for example_sensors to None, run_after=None
[2023-04-07T15:19:13.069+0000] {processor.py:175} INFO - Processing /home/airflow/.local/lib/python3.7/site-packages/airflow/example_dags/example_sensors.py took 0.114 seconds
[2023-04-07T15:19:43.492+0000] {processor.py:153} INFO - Started process (PID=5583) to work on /home/airflow/.local/lib/python3.7/site-packages/airflow/example_dags/example_sensors.py
[2023-04-07T15:19:43.492+0000] {processor.py:743} INFO - Processing file /home/airflow/.local/lib/python3.7/site-packages/airflow/example_dags/example_sensors.py for tasks to queue
[2023-04-07T15:19:43.493+0000] {logging_mixin.py:137} INFO - [2023-04-07T15:19:43.493+0000] {dagbag.py:532} INFO - Filling up the DagBag from /home/airflow/.local/lib/python3.7/site-packages/airflow/example_dags/example_sensors.py
[2023-04-07T15:19:43.516+0000] {processor.py:753} INFO - DAG(s) dict_keys(['example_sensors']) retrieved from /home/airflow/.local/lib/python3.7/site-packages/airflow/example_dags/example_sensors.py
[2023-04-07T15:19:43.551+0000] {logging_mixin.py:137} INFO - [2023-04-07T15:19:43.551+0000] {dag.py:2705} INFO - Sync 1 DAGs
[2023-04-07T15:19:43.587+0000] {logging_mixin.py:137} INFO - [2023-04-07T15:19:43.586+0000] {dag.py:3456} INFO - Setting next_dagrun for example_sensors to None, run_after=None
[2023-04-07T15:19:43.606+0000] {processor.py:175} INFO - Processing /home/airflow/.local/lib/python3.7/site-packages/airflow/example_dags/example_sensors.py took 0.118 seconds
[2023-04-07T15:20:13.784+0000] {processor.py:153} INFO - Started process (PID=5806) to work on /home/airflow/.local/lib/python3.7/site-packages/airflow/example_dags/example_sensors.py
[2023-04-07T15:20:13.785+0000] {processor.py:743} INFO - Processing file /home/airflow/.local/lib/python3.7/site-packages/airflow/example_dags/example_sensors.py for tasks to queue
[2023-04-07T15:20:13.786+0000] {logging_mixin.py:137} INFO - [2023-04-07T15:20:13.785+0000] {dagbag.py:532} INFO - Filling up the DagBag from /home/airflow/.local/lib/python3.7/site-packages/airflow/example_dags/example_sensors.py
[2023-04-07T15:20:13.820+0000] {processor.py:753} INFO - DAG(s) dict_keys(['example_sensors']) retrieved from /home/airflow/.local/lib/python3.7/site-packages/airflow/example_dags/example_sensors.py
[2023-04-07T15:20:13.855+0000] {logging_mixin.py:137} INFO - [2023-04-07T15:20:13.855+0000] {dag.py:2705} INFO - Sync 1 DAGs
[2023-04-07T15:20:13.892+0000] {logging_mixin.py:137} INFO - [2023-04-07T15:20:13.892+0000] {dag.py:3456} INFO - Setting next_dagrun for example_sensors to None, run_after=None
[2023-04-07T15:20:13.918+0000] {processor.py:175} INFO - Processing /home/airflow/.local/lib/python3.7/site-packages/airflow/example_dags/example_sensors.py took 0.136 seconds
[2023-04-07T15:20:43.943+0000] {processor.py:153} INFO - Started process (PID=6029) to work on /home/airflow/.local/lib/python3.7/site-packages/airflow/example_dags/example_sensors.py
[2023-04-07T15:20:43.943+0000] {processor.py:743} INFO - Processing file /home/airflow/.local/lib/python3.7/site-packages/airflow/example_dags/example_sensors.py for tasks to queue
[2023-04-07T15:20:43.944+0000] {logging_mixin.py:137} INFO - [2023-04-07T15:20:43.944+0000] {dagbag.py:532} INFO - Filling up the DagBag from /home/airflow/.local/lib/python3.7/site-packages/airflow/example_dags/example_sensors.py
[2023-04-07T15:20:43.963+0000] {processor.py:753} INFO - DAG(s) dict_keys(['example_sensors']) retrieved from /home/airflow/.local/lib/python3.7/site-packages/airflow/example_dags/example_sensors.py
[2023-04-07T15:20:43.995+0000] {logging_mixin.py:137} INFO - [2023-04-07T15:20:43.995+0000] {dag.py:2705} INFO - Sync 1 DAGs
[2023-04-07T15:20:44.028+0000] {logging_mixin.py:137} INFO - [2023-04-07T15:20:44.028+0000] {dag.py:3456} INFO - Setting next_dagrun for example_sensors to None, run_after=None
[2023-04-07T15:20:44.054+0000] {processor.py:175} INFO - Processing /home/airflow/.local/lib/python3.7/site-packages/airflow/example_dags/example_sensors.py took 0.114 seconds
[2023-04-07T15:24:24.123+0000] {processor.py:153} INFO - Started process (PID=224) to work on /home/airflow/.local/lib/python3.7/site-packages/airflow/example_dags/example_sensors.py
[2023-04-07T15:24:24.125+0000] {processor.py:743} INFO - Processing file /home/airflow/.local/lib/python3.7/site-packages/airflow/example_dags/example_sensors.py for tasks to queue
[2023-04-07T15:24:24.125+0000] {logging_mixin.py:137} INFO - [2023-04-07T15:24:24.125+0000] {dagbag.py:532} INFO - Filling up the DagBag from /home/airflow/.local/lib/python3.7/site-packages/airflow/example_dags/example_sensors.py
[2023-04-07T15:24:24.155+0000] {processor.py:753} INFO - DAG(s) dict_keys(['example_sensors']) retrieved from /home/airflow/.local/lib/python3.7/site-packages/airflow/example_dags/example_sensors.py
[2023-04-07T15:24:24.192+0000] {logging_mixin.py:137} INFO - [2023-04-07T15:24:24.192+0000] {dag.py:2705} INFO - Sync 1 DAGs
[2023-04-07T15:24:24.229+0000] {logging_mixin.py:137} INFO - [2023-04-07T15:24:24.229+0000] {dag.py:3456} INFO - Setting next_dagrun for example_sensors to None, run_after=None
[2023-04-07T15:24:24.269+0000] {processor.py:175} INFO - Processing /home/airflow/.local/lib/python3.7/site-packages/airflow/example_dags/example_sensors.py took 0.149 seconds
[2023-04-07T15:24:54.449+0000] {processor.py:153} INFO - Started process (PID=445) to work on /home/airflow/.local/lib/python3.7/site-packages/airflow/example_dags/example_sensors.py
[2023-04-07T15:24:54.450+0000] {processor.py:743} INFO - Processing file /home/airflow/.local/lib/python3.7/site-packages/airflow/example_dags/example_sensors.py for tasks to queue
[2023-04-07T15:24:54.450+0000] {logging_mixin.py:137} INFO - [2023-04-07T15:24:54.450+0000] {dagbag.py:532} INFO - Filling up the DagBag from /home/airflow/.local/lib/python3.7/site-packages/airflow/example_dags/example_sensors.py
[2023-04-07T15:24:54.474+0000] {processor.py:753} INFO - DAG(s) dict_keys(['example_sensors']) retrieved from /home/airflow/.local/lib/python3.7/site-packages/airflow/example_dags/example_sensors.py
[2023-04-07T15:24:54.487+0000] {logging_mixin.py:137} INFO - [2023-04-07T15:24:54.487+0000] {dag.py:2705} INFO - Sync 1 DAGs
[2023-04-07T15:24:54.525+0000] {logging_mixin.py:137} INFO - [2023-04-07T15:24:54.525+0000] {dag.py:3456} INFO - Setting next_dagrun for example_sensors to None, run_after=None
[2023-04-07T15:24:54.548+0000] {processor.py:175} INFO - Processing /home/airflow/.local/lib/python3.7/site-packages/airflow/example_dags/example_sensors.py took 0.101 seconds
[2023-04-07T15:25:25.018+0000] {processor.py:153} INFO - Started process (PID=668) to work on /home/airflow/.local/lib/python3.7/site-packages/airflow/example_dags/example_sensors.py
[2023-04-07T15:25:25.019+0000] {processor.py:743} INFO - Processing file /home/airflow/.local/lib/python3.7/site-packages/airflow/example_dags/example_sensors.py for tasks to queue
[2023-04-07T15:25:25.019+0000] {logging_mixin.py:137} INFO - [2023-04-07T15:25:25.019+0000] {dagbag.py:532} INFO - Filling up the DagBag from /home/airflow/.local/lib/python3.7/site-packages/airflow/example_dags/example_sensors.py
[2023-04-07T15:25:25.039+0000] {processor.py:753} INFO - DAG(s) dict_keys(['example_sensors']) retrieved from /home/airflow/.local/lib/python3.7/site-packages/airflow/example_dags/example_sensors.py
[2023-04-07T15:25:25.078+0000] {logging_mixin.py:137} INFO - [2023-04-07T15:25:25.078+0000] {dag.py:2705} INFO - Sync 1 DAGs
[2023-04-07T15:25:25.112+0000] {logging_mixin.py:137} INFO - [2023-04-07T15:25:25.112+0000] {dag.py:3456} INFO - Setting next_dagrun for example_sensors to None, run_after=None
[2023-04-07T15:25:25.132+0000] {processor.py:175} INFO - Processing /home/airflow/.local/lib/python3.7/site-packages/airflow/example_dags/example_sensors.py took 0.116 seconds
[2023-04-07T15:25:55.670+0000] {processor.py:153} INFO - Started process (PID=891) to work on /home/airflow/.local/lib/python3.7/site-packages/airflow/example_dags/example_sensors.py
[2023-04-07T15:25:55.671+0000] {processor.py:743} INFO - Processing file /home/airflow/.local/lib/python3.7/site-packages/airflow/example_dags/example_sensors.py for tasks to queue
[2023-04-07T15:25:55.671+0000] {logging_mixin.py:137} INFO - [2023-04-07T15:25:55.671+0000] {dagbag.py:532} INFO - Filling up the DagBag from /home/airflow/.local/lib/python3.7/site-packages/airflow/example_dags/example_sensors.py
[2023-04-07T15:25:55.725+0000] {processor.py:753} INFO - DAG(s) dict_keys(['example_sensors']) retrieved from /home/airflow/.local/lib/python3.7/site-packages/airflow/example_dags/example_sensors.py
[2023-04-07T15:25:55.780+0000] {logging_mixin.py:137} INFO - [2023-04-07T15:25:55.780+0000] {dag.py:2705} INFO - Sync 1 DAGs
[2023-04-07T15:25:55.815+0000] {logging_mixin.py:137} INFO - [2023-04-07T15:25:55.815+0000] {dag.py:3456} INFO - Setting next_dagrun for example_sensors to None, run_after=None
[2023-04-07T15:25:55.854+0000] {processor.py:175} INFO - Processing /home/airflow/.local/lib/python3.7/site-packages/airflow/example_dags/example_sensors.py took 0.188 seconds
[2023-04-07T15:26:25.895+0000] {processor.py:153} INFO - Started process (PID=1130) to work on /home/airflow/.local/lib/python3.7/site-packages/airflow/example_dags/example_sensors.py
[2023-04-07T15:26:25.895+0000] {processor.py:743} INFO - Processing file /home/airflow/.local/lib/python3.7/site-packages/airflow/example_dags/example_sensors.py for tasks to queue
[2023-04-07T15:26:25.896+0000] {logging_mixin.py:137} INFO - [2023-04-07T15:26:25.896+0000] {dagbag.py:532} INFO - Filling up the DagBag from /home/airflow/.local/lib/python3.7/site-packages/airflow/example_dags/example_sensors.py
[2023-04-07T15:26:25.916+0000] {processor.py:753} INFO - DAG(s) dict_keys(['example_sensors']) retrieved from /home/airflow/.local/lib/python3.7/site-packages/airflow/example_dags/example_sensors.py
[2023-04-07T15:26:25.949+0000] {logging_mixin.py:137} INFO - [2023-04-07T15:26:25.949+0000] {dag.py:2705} INFO - Sync 1 DAGs
[2023-04-07T15:26:25.994+0000] {logging_mixin.py:137} INFO - [2023-04-07T15:26:25.994+0000] {dag.py:3456} INFO - Setting next_dagrun for example_sensors to None, run_after=None
[2023-04-07T15:26:26.015+0000] {processor.py:175} INFO - Processing /home/airflow/.local/lib/python3.7/site-packages/airflow/example_dags/example_sensors.py took 0.124 seconds
[2023-04-07T15:26:56.115+0000] {processor.py:153} INFO - Started process (PID=1353) to work on /home/airflow/.local/lib/python3.7/site-packages/airflow/example_dags/example_sensors.py
[2023-04-07T15:26:56.116+0000] {processor.py:743} INFO - Processing file /home/airflow/.local/lib/python3.7/site-packages/airflow/example_dags/example_sensors.py for tasks to queue
[2023-04-07T15:26:56.116+0000] {logging_mixin.py:137} INFO - [2023-04-07T15:26:56.116+0000] {dagbag.py:532} INFO - Filling up the DagBag from /home/airflow/.local/lib/python3.7/site-packages/airflow/example_dags/example_sensors.py
[2023-04-07T15:26:56.136+0000] {processor.py:753} INFO - DAG(s) dict_keys(['example_sensors']) retrieved from /home/airflow/.local/lib/python3.7/site-packages/airflow/example_dags/example_sensors.py
[2023-04-07T15:26:56.170+0000] {logging_mixin.py:137} INFO - [2023-04-07T15:26:56.169+0000] {dag.py:2705} INFO - Sync 1 DAGs
[2023-04-07T15:26:56.212+0000] {logging_mixin.py:137} INFO - [2023-04-07T15:26:56.212+0000] {dag.py:3456} INFO - Setting next_dagrun for example_sensors to None, run_after=None
[2023-04-07T15:26:56.238+0000] {processor.py:175} INFO - Processing /home/airflow/.local/lib/python3.7/site-packages/airflow/example_dags/example_sensors.py took 0.126 seconds
