[2023-04-07T14:59:12.249+0000] {processor.py:153} INFO - Started process (PID=385) to work on /home/airflow/.local/lib/python3.7/site-packages/airflow/example_dags/example_external_task_marker_dag.py
[2023-04-07T14:59:12.250+0000] {processor.py:743} INFO - Processing file /home/airflow/.local/lib/python3.7/site-packages/airflow/example_dags/example_external_task_marker_dag.py for tasks to queue
[2023-04-07T14:59:12.250+0000] {logging_mixin.py:137} INFO - [2023-04-07T14:59:12.250+0000] {dagbag.py:532} INFO - Filling up the DagBag from /home/airflow/.local/lib/python3.7/site-packages/airflow/example_dags/example_external_task_marker_dag.py
[2023-04-07T14:59:12.263+0000] {processor.py:753} INFO - DAG(s) dict_keys(['example_external_task_marker_child', 'example_external_task_marker_parent']) retrieved from /home/airflow/.local/lib/python3.7/site-packages/airflow/example_dags/example_external_task_marker_dag.py
[2023-04-07T14:59:12.352+0000] {logging_mixin.py:137} INFO - [2023-04-07T14:59:12.351+0000] {dag.py:2705} INFO - Sync 2 DAGs
[2023-04-07T14:59:12.380+0000] {logging_mixin.py:137} INFO - [2023-04-07T14:59:12.380+0000] {dag.py:3456} INFO - Setting next_dagrun for example_external_task_marker_child to None, run_after=None
[2023-04-07T14:59:12.384+0000] {logging_mixin.py:137} INFO - [2023-04-07T14:59:12.384+0000] {dag.py:3456} INFO - Setting next_dagrun for example_external_task_marker_parent to None, run_after=None
[2023-04-07T14:59:12.405+0000] {processor.py:175} INFO - Processing /home/airflow/.local/lib/python3.7/site-packages/airflow/example_dags/example_external_task_marker_dag.py took 0.158 seconds
[2023-04-07T14:59:42.551+0000] {processor.py:153} INFO - Started process (PID=610) to work on /home/airflow/.local/lib/python3.7/site-packages/airflow/example_dags/example_external_task_marker_dag.py
[2023-04-07T14:59:42.552+0000] {processor.py:743} INFO - Processing file /home/airflow/.local/lib/python3.7/site-packages/airflow/example_dags/example_external_task_marker_dag.py for tasks to queue
[2023-04-07T14:59:42.552+0000] {logging_mixin.py:137} INFO - [2023-04-07T14:59:42.552+0000] {dagbag.py:532} INFO - Filling up the DagBag from /home/airflow/.local/lib/python3.7/site-packages/airflow/example_dags/example_external_task_marker_dag.py
[2023-04-07T14:59:42.566+0000] {processor.py:753} INFO - DAG(s) dict_keys(['example_external_task_marker_parent', 'example_external_task_marker_child']) retrieved from /home/airflow/.local/lib/python3.7/site-packages/airflow/example_dags/example_external_task_marker_dag.py
[2023-04-07T14:59:42.577+0000] {logging_mixin.py:137} INFO - [2023-04-07T14:59:42.577+0000] {dag.py:2705} INFO - Sync 2 DAGs
[2023-04-07T14:59:42.607+0000] {logging_mixin.py:137} INFO - [2023-04-07T14:59:42.607+0000] {dag.py:3456} INFO - Setting next_dagrun for example_external_task_marker_child to None, run_after=None
[2023-04-07T14:59:42.612+0000] {logging_mixin.py:137} INFO - [2023-04-07T14:59:42.612+0000] {dag.py:3456} INFO - Setting next_dagrun for example_external_task_marker_parent to None, run_after=None
[2023-04-07T14:59:42.629+0000] {processor.py:175} INFO - Processing /home/airflow/.local/lib/python3.7/site-packages/airflow/example_dags/example_external_task_marker_dag.py took 0.081 seconds
[2023-04-07T15:00:12.808+0000] {processor.py:153} INFO - Started process (PID=833) to work on /home/airflow/.local/lib/python3.7/site-packages/airflow/example_dags/example_external_task_marker_dag.py
[2023-04-07T15:00:12.808+0000] {processor.py:743} INFO - Processing file /home/airflow/.local/lib/python3.7/site-packages/airflow/example_dags/example_external_task_marker_dag.py for tasks to queue
[2023-04-07T15:00:12.809+0000] {logging_mixin.py:137} INFO - [2023-04-07T15:00:12.809+0000] {dagbag.py:532} INFO - Filling up the DagBag from /home/airflow/.local/lib/python3.7/site-packages/airflow/example_dags/example_external_task_marker_dag.py
[2023-04-07T15:00:12.821+0000] {processor.py:753} INFO - DAG(s) dict_keys(['example_external_task_marker_child', 'example_external_task_marker_parent']) retrieved from /home/airflow/.local/lib/python3.7/site-packages/airflow/example_dags/example_external_task_marker_dag.py
[2023-04-07T15:00:12.908+0000] {logging_mixin.py:137} INFO - [2023-04-07T15:00:12.907+0000] {dag.py:2705} INFO - Sync 2 DAGs
[2023-04-07T15:00:12.936+0000] {logging_mixin.py:137} INFO - [2023-04-07T15:00:12.935+0000] {dag.py:3456} INFO - Setting next_dagrun for example_external_task_marker_child to None, run_after=None
[2023-04-07T15:00:12.939+0000] {logging_mixin.py:137} INFO - [2023-04-07T15:00:12.939+0000] {dag.py:3456} INFO - Setting next_dagrun for example_external_task_marker_parent to None, run_after=None
[2023-04-07T15:00:12.957+0000] {processor.py:175} INFO - Processing /home/airflow/.local/lib/python3.7/site-packages/airflow/example_dags/example_external_task_marker_dag.py took 0.151 seconds
[2023-04-07T15:00:43.346+0000] {processor.py:153} INFO - Started process (PID=1072) to work on /home/airflow/.local/lib/python3.7/site-packages/airflow/example_dags/example_external_task_marker_dag.py
[2023-04-07T15:00:43.347+0000] {processor.py:743} INFO - Processing file /home/airflow/.local/lib/python3.7/site-packages/airflow/example_dags/example_external_task_marker_dag.py for tasks to queue
[2023-04-07T15:00:43.348+0000] {logging_mixin.py:137} INFO - [2023-04-07T15:00:43.348+0000] {dagbag.py:532} INFO - Filling up the DagBag from /home/airflow/.local/lib/python3.7/site-packages/airflow/example_dags/example_external_task_marker_dag.py
[2023-04-07T15:00:43.364+0000] {processor.py:753} INFO - DAG(s) dict_keys(['example_external_task_marker_parent', 'example_external_task_marker_child']) retrieved from /home/airflow/.local/lib/python3.7/site-packages/airflow/example_dags/example_external_task_marker_dag.py
[2023-04-07T15:00:43.399+0000] {logging_mixin.py:137} INFO - [2023-04-07T15:00:43.399+0000] {dag.py:2705} INFO - Sync 2 DAGs
[2023-04-07T15:00:43.432+0000] {logging_mixin.py:137} INFO - [2023-04-07T15:00:43.431+0000] {dag.py:3456} INFO - Setting next_dagrun for example_external_task_marker_child to None, run_after=None
[2023-04-07T15:00:43.436+0000] {logging_mixin.py:137} INFO - [2023-04-07T15:00:43.436+0000] {dag.py:3456} INFO - Setting next_dagrun for example_external_task_marker_parent to None, run_after=None
[2023-04-07T15:00:43.456+0000] {processor.py:175} INFO - Processing /home/airflow/.local/lib/python3.7/site-packages/airflow/example_dags/example_external_task_marker_dag.py took 0.117 seconds
[2023-04-07T15:01:13.556+0000] {processor.py:153} INFO - Started process (PID=1295) to work on /home/airflow/.local/lib/python3.7/site-packages/airflow/example_dags/example_external_task_marker_dag.py
[2023-04-07T15:01:13.557+0000] {processor.py:743} INFO - Processing file /home/airflow/.local/lib/python3.7/site-packages/airflow/example_dags/example_external_task_marker_dag.py for tasks to queue
[2023-04-07T15:01:13.558+0000] {logging_mixin.py:137} INFO - [2023-04-07T15:01:13.558+0000] {dagbag.py:532} INFO - Filling up the DagBag from /home/airflow/.local/lib/python3.7/site-packages/airflow/example_dags/example_external_task_marker_dag.py
[2023-04-07T15:01:13.571+0000] {processor.py:753} INFO - DAG(s) dict_keys(['example_external_task_marker_child', 'example_external_task_marker_parent']) retrieved from /home/airflow/.local/lib/python3.7/site-packages/airflow/example_dags/example_external_task_marker_dag.py
[2023-04-07T15:01:13.611+0000] {logging_mixin.py:137} INFO - [2023-04-07T15:01:13.611+0000] {dag.py:2705} INFO - Sync 2 DAGs
[2023-04-07T15:01:13.642+0000] {logging_mixin.py:137} INFO - [2023-04-07T15:01:13.642+0000] {dag.py:3456} INFO - Setting next_dagrun for example_external_task_marker_child to None, run_after=None
[2023-04-07T15:01:13.646+0000] {logging_mixin.py:137} INFO - [2023-04-07T15:01:13.646+0000] {dag.py:3456} INFO - Setting next_dagrun for example_external_task_marker_parent to None, run_after=None
[2023-04-07T15:01:13.671+0000] {processor.py:175} INFO - Processing /home/airflow/.local/lib/python3.7/site-packages/airflow/example_dags/example_external_task_marker_dag.py took 0.118 seconds
[2023-04-07T15:01:43.775+0000] {processor.py:153} INFO - Started process (PID=1518) to work on /home/airflow/.local/lib/python3.7/site-packages/airflow/example_dags/example_external_task_marker_dag.py
[2023-04-07T15:01:43.776+0000] {processor.py:743} INFO - Processing file /home/airflow/.local/lib/python3.7/site-packages/airflow/example_dags/example_external_task_marker_dag.py for tasks to queue
[2023-04-07T15:01:43.777+0000] {logging_mixin.py:137} INFO - [2023-04-07T15:01:43.776+0000] {dagbag.py:532} INFO - Filling up the DagBag from /home/airflow/.local/lib/python3.7/site-packages/airflow/example_dags/example_external_task_marker_dag.py
[2023-04-07T15:01:43.788+0000] {processor.py:753} INFO - DAG(s) dict_keys(['example_external_task_marker_parent', 'example_external_task_marker_child']) retrieved from /home/airflow/.local/lib/python3.7/site-packages/airflow/example_dags/example_external_task_marker_dag.py
[2023-04-07T15:01:43.815+0000] {logging_mixin.py:137} INFO - [2023-04-07T15:01:43.815+0000] {dag.py:2705} INFO - Sync 2 DAGs
[2023-04-07T15:01:43.841+0000] {logging_mixin.py:137} INFO - [2023-04-07T15:01:43.841+0000] {dag.py:3456} INFO - Setting next_dagrun for example_external_task_marker_child to None, run_after=None
[2023-04-07T15:01:43.845+0000] {logging_mixin.py:137} INFO - [2023-04-07T15:01:43.845+0000] {dag.py:3456} INFO - Setting next_dagrun for example_external_task_marker_parent to None, run_after=None
[2023-04-07T15:01:43.860+0000] {processor.py:175} INFO - Processing /home/airflow/.local/lib/python3.7/site-packages/airflow/example_dags/example_external_task_marker_dag.py took 0.087 seconds
[2023-04-07T15:02:14.628+0000] {processor.py:153} INFO - Started process (PID=1752) to work on /home/airflow/.local/lib/python3.7/site-packages/airflow/example_dags/example_external_task_marker_dag.py
[2023-04-07T15:02:14.628+0000] {processor.py:743} INFO - Processing file /home/airflow/.local/lib/python3.7/site-packages/airflow/example_dags/example_external_task_marker_dag.py for tasks to queue
[2023-04-07T15:02:14.629+0000] {logging_mixin.py:137} INFO - [2023-04-07T15:02:14.628+0000] {dagbag.py:532} INFO - Filling up the DagBag from /home/airflow/.local/lib/python3.7/site-packages/airflow/example_dags/example_external_task_marker_dag.py
[2023-04-07T15:02:14.642+0000] {processor.py:753} INFO - DAG(s) dict_keys(['example_external_task_marker_parent', 'example_external_task_marker_child']) retrieved from /home/airflow/.local/lib/python3.7/site-packages/airflow/example_dags/example_external_task_marker_dag.py
[2023-04-07T15:02:14.671+0000] {logging_mixin.py:137} INFO - [2023-04-07T15:02:14.671+0000] {dag.py:2705} INFO - Sync 2 DAGs
[2023-04-07T15:02:14.706+0000] {logging_mixin.py:137} INFO - [2023-04-07T15:02:14.706+0000] {dag.py:3456} INFO - Setting next_dagrun for example_external_task_marker_child to None, run_after=None
[2023-04-07T15:02:14.711+0000] {logging_mixin.py:137} INFO - [2023-04-07T15:02:14.711+0000] {dag.py:3456} INFO - Setting next_dagrun for example_external_task_marker_parent to None, run_after=None
[2023-04-07T15:02:14.725+0000] {processor.py:175} INFO - Processing /home/airflow/.local/lib/python3.7/site-packages/airflow/example_dags/example_external_task_marker_dag.py took 0.100 seconds
[2023-04-07T15:02:44.898+0000] {processor.py:153} INFO - Started process (PID=1990) to work on /home/airflow/.local/lib/python3.7/site-packages/airflow/example_dags/example_external_task_marker_dag.py
[2023-04-07T15:02:44.899+0000] {processor.py:743} INFO - Processing file /home/airflow/.local/lib/python3.7/site-packages/airflow/example_dags/example_external_task_marker_dag.py for tasks to queue
[2023-04-07T15:02:44.899+0000] {logging_mixin.py:137} INFO - [2023-04-07T15:02:44.899+0000] {dagbag.py:532} INFO - Filling up the DagBag from /home/airflow/.local/lib/python3.7/site-packages/airflow/example_dags/example_external_task_marker_dag.py
[2023-04-07T15:02:44.911+0000] {processor.py:753} INFO - DAG(s) dict_keys(['example_external_task_marker_child', 'example_external_task_marker_parent']) retrieved from /home/airflow/.local/lib/python3.7/site-packages/airflow/example_dags/example_external_task_marker_dag.py
[2023-04-07T15:02:44.939+0000] {logging_mixin.py:137} INFO - [2023-04-07T15:02:44.939+0000] {dag.py:2705} INFO - Sync 2 DAGs
[2023-04-07T15:02:44.968+0000] {logging_mixin.py:137} INFO - [2023-04-07T15:02:44.968+0000] {dag.py:3456} INFO - Setting next_dagrun for example_external_task_marker_child to None, run_after=None
[2023-04-07T15:02:44.972+0000] {logging_mixin.py:137} INFO - [2023-04-07T15:02:44.972+0000] {dag.py:3456} INFO - Setting next_dagrun for example_external_task_marker_parent to None, run_after=None
[2023-04-07T15:02:44.988+0000] {processor.py:175} INFO - Processing /home/airflow/.local/lib/python3.7/site-packages/airflow/example_dags/example_external_task_marker_dag.py took 0.092 seconds
[2023-04-07T15:03:15.183+0000] {processor.py:153} INFO - Started process (PID=2218) to work on /home/airflow/.local/lib/python3.7/site-packages/airflow/example_dags/example_external_task_marker_dag.py
[2023-04-07T15:03:15.183+0000] {processor.py:743} INFO - Processing file /home/airflow/.local/lib/python3.7/site-packages/airflow/example_dags/example_external_task_marker_dag.py for tasks to queue
[2023-04-07T15:03:15.184+0000] {logging_mixin.py:137} INFO - [2023-04-07T15:03:15.184+0000] {dagbag.py:532} INFO - Filling up the DagBag from /home/airflow/.local/lib/python3.7/site-packages/airflow/example_dags/example_external_task_marker_dag.py
[2023-04-07T15:03:15.198+0000] {processor.py:753} INFO - DAG(s) dict_keys(['example_external_task_marker_child', 'example_external_task_marker_parent']) retrieved from /home/airflow/.local/lib/python3.7/site-packages/airflow/example_dags/example_external_task_marker_dag.py
[2023-04-07T15:03:15.228+0000] {logging_mixin.py:137} INFO - [2023-04-07T15:03:15.228+0000] {dag.py:2705} INFO - Sync 2 DAGs
[2023-04-07T15:03:15.260+0000] {logging_mixin.py:137} INFO - [2023-04-07T15:03:15.260+0000] {dag.py:3456} INFO - Setting next_dagrun for example_external_task_marker_child to None, run_after=None
[2023-04-07T15:03:15.264+0000] {logging_mixin.py:137} INFO - [2023-04-07T15:03:15.264+0000] {dag.py:3456} INFO - Setting next_dagrun for example_external_task_marker_parent to None, run_after=None
[2023-04-07T15:03:15.280+0000] {processor.py:175} INFO - Processing /home/airflow/.local/lib/python3.7/site-packages/airflow/example_dags/example_external_task_marker_dag.py took 0.100 seconds
[2023-04-07T15:03:45.596+0000] {processor.py:153} INFO - Started process (PID=2467) to work on /home/airflow/.local/lib/python3.7/site-packages/airflow/example_dags/example_external_task_marker_dag.py
[2023-04-07T15:03:45.598+0000] {processor.py:743} INFO - Processing file /home/airflow/.local/lib/python3.7/site-packages/airflow/example_dags/example_external_task_marker_dag.py for tasks to queue
[2023-04-07T15:03:45.599+0000] {logging_mixin.py:137} INFO - [2023-04-07T15:03:45.599+0000] {dagbag.py:532} INFO - Filling up the DagBag from /home/airflow/.local/lib/python3.7/site-packages/airflow/example_dags/example_external_task_marker_dag.py
[2023-04-07T15:03:45.615+0000] {processor.py:753} INFO - DAG(s) dict_keys(['example_external_task_marker_child', 'example_external_task_marker_parent']) retrieved from /home/airflow/.local/lib/python3.7/site-packages/airflow/example_dags/example_external_task_marker_dag.py
[2023-04-07T15:03:45.646+0000] {logging_mixin.py:137} INFO - [2023-04-07T15:03:45.646+0000] {dag.py:2705} INFO - Sync 2 DAGs
[2023-04-07T15:03:45.678+0000] {logging_mixin.py:137} INFO - [2023-04-07T15:03:45.678+0000] {dag.py:3456} INFO - Setting next_dagrun for example_external_task_marker_child to None, run_after=None
[2023-04-07T15:03:45.684+0000] {logging_mixin.py:137} INFO - [2023-04-07T15:03:45.684+0000] {dag.py:3456} INFO - Setting next_dagrun for example_external_task_marker_parent to None, run_after=None
[2023-04-07T15:03:45.705+0000] {processor.py:175} INFO - Processing /home/airflow/.local/lib/python3.7/site-packages/airflow/example_dags/example_external_task_marker_dag.py took 0.110 seconds
[2023-04-07T15:04:15.813+0000] {processor.py:153} INFO - Started process (PID=2733) to work on /home/airflow/.local/lib/python3.7/site-packages/airflow/example_dags/example_external_task_marker_dag.py
[2023-04-07T15:04:15.814+0000] {processor.py:743} INFO - Processing file /home/airflow/.local/lib/python3.7/site-packages/airflow/example_dags/example_external_task_marker_dag.py for tasks to queue
[2023-04-07T15:04:15.814+0000] {logging_mixin.py:137} INFO - [2023-04-07T15:04:15.814+0000] {dagbag.py:532} INFO - Filling up the DagBag from /home/airflow/.local/lib/python3.7/site-packages/airflow/example_dags/example_external_task_marker_dag.py
[2023-04-07T15:04:15.828+0000] {processor.py:753} INFO - DAG(s) dict_keys(['example_external_task_marker_parent', 'example_external_task_marker_child']) retrieved from /home/airflow/.local/lib/python3.7/site-packages/airflow/example_dags/example_external_task_marker_dag.py
[2023-04-07T15:04:15.859+0000] {logging_mixin.py:137} INFO - [2023-04-07T15:04:15.859+0000] {dag.py:2705} INFO - Sync 2 DAGs
[2023-04-07T15:04:15.893+0000] {logging_mixin.py:137} INFO - [2023-04-07T15:04:15.893+0000] {dag.py:3456} INFO - Setting next_dagrun for example_external_task_marker_child to None, run_after=None
[2023-04-07T15:04:15.898+0000] {logging_mixin.py:137} INFO - [2023-04-07T15:04:15.898+0000] {dag.py:3456} INFO - Setting next_dagrun for example_external_task_marker_parent to None, run_after=None
[2023-04-07T15:04:15.919+0000] {processor.py:175} INFO - Processing /home/airflow/.local/lib/python3.7/site-packages/airflow/example_dags/example_external_task_marker_dag.py took 0.109 seconds
[2023-04-07T15:04:46.210+0000] {processor.py:153} INFO - Started process (PID=2956) to work on /home/airflow/.local/lib/python3.7/site-packages/airflow/example_dags/example_external_task_marker_dag.py
[2023-04-07T15:04:46.210+0000] {processor.py:743} INFO - Processing file /home/airflow/.local/lib/python3.7/site-packages/airflow/example_dags/example_external_task_marker_dag.py for tasks to queue
[2023-04-07T15:04:46.211+0000] {logging_mixin.py:137} INFO - [2023-04-07T15:04:46.211+0000] {dagbag.py:532} INFO - Filling up the DagBag from /home/airflow/.local/lib/python3.7/site-packages/airflow/example_dags/example_external_task_marker_dag.py
[2023-04-07T15:04:46.225+0000] {processor.py:753} INFO - DAG(s) dict_keys(['example_external_task_marker_parent', 'example_external_task_marker_child']) retrieved from /home/airflow/.local/lib/python3.7/site-packages/airflow/example_dags/example_external_task_marker_dag.py
[2023-04-07T15:04:46.262+0000] {logging_mixin.py:137} INFO - [2023-04-07T15:04:46.262+0000] {dag.py:2705} INFO - Sync 2 DAGs
[2023-04-07T15:04:46.296+0000] {logging_mixin.py:137} INFO - [2023-04-07T15:04:46.296+0000] {dag.py:3456} INFO - Setting next_dagrun for example_external_task_marker_child to None, run_after=None
[2023-04-07T15:04:46.300+0000] {logging_mixin.py:137} INFO - [2023-04-07T15:04:46.300+0000] {dag.py:3456} INFO - Setting next_dagrun for example_external_task_marker_parent to None, run_after=None
[2023-04-07T15:04:46.319+0000] {processor.py:175} INFO - Processing /home/airflow/.local/lib/python3.7/site-packages/airflow/example_dags/example_external_task_marker_dag.py took 0.112 seconds
[2023-04-07T15:07:33.513+0000] {processor.py:153} INFO - Started process (PID=336) to work on /home/airflow/.local/lib/python3.7/site-packages/airflow/example_dags/example_external_task_marker_dag.py
[2023-04-07T15:07:33.514+0000] {processor.py:743} INFO - Processing file /home/airflow/.local/lib/python3.7/site-packages/airflow/example_dags/example_external_task_marker_dag.py for tasks to queue
[2023-04-07T15:07:33.514+0000] {logging_mixin.py:137} INFO - [2023-04-07T15:07:33.514+0000] {dagbag.py:532} INFO - Filling up the DagBag from /home/airflow/.local/lib/python3.7/site-packages/airflow/example_dags/example_external_task_marker_dag.py
[2023-04-07T15:07:33.526+0000] {processor.py:753} INFO - DAG(s) dict_keys(['example_external_task_marker_child', 'example_external_task_marker_parent']) retrieved from /home/airflow/.local/lib/python3.7/site-packages/airflow/example_dags/example_external_task_marker_dag.py
[2023-04-07T15:07:33.609+0000] {logging_mixin.py:137} INFO - [2023-04-07T15:07:33.609+0000] {dag.py:2705} INFO - Sync 2 DAGs
[2023-04-07T15:07:33.641+0000] {logging_mixin.py:137} INFO - [2023-04-07T15:07:33.640+0000] {dag.py:3456} INFO - Setting next_dagrun for example_external_task_marker_child to None, run_after=None
[2023-04-07T15:07:33.644+0000] {logging_mixin.py:137} INFO - [2023-04-07T15:07:33.644+0000] {dag.py:3456} INFO - Setting next_dagrun for example_external_task_marker_parent to None, run_after=None
[2023-04-07T15:07:33.663+0000] {processor.py:175} INFO - Processing /home/airflow/.local/lib/python3.7/site-packages/airflow/example_dags/example_external_task_marker_dag.py took 0.152 seconds
[2023-04-07T15:08:04.193+0000] {processor.py:153} INFO - Started process (PID=559) to work on /home/airflow/.local/lib/python3.7/site-packages/airflow/example_dags/example_external_task_marker_dag.py
[2023-04-07T15:08:04.193+0000] {processor.py:743} INFO - Processing file /home/airflow/.local/lib/python3.7/site-packages/airflow/example_dags/example_external_task_marker_dag.py for tasks to queue
[2023-04-07T15:08:04.194+0000] {logging_mixin.py:137} INFO - [2023-04-07T15:08:04.194+0000] {dagbag.py:532} INFO - Filling up the DagBag from /home/airflow/.local/lib/python3.7/site-packages/airflow/example_dags/example_external_task_marker_dag.py
[2023-04-07T15:08:04.207+0000] {processor.py:753} INFO - DAG(s) dict_keys(['example_external_task_marker_parent', 'example_external_task_marker_child']) retrieved from /home/airflow/.local/lib/python3.7/site-packages/airflow/example_dags/example_external_task_marker_dag.py
[2023-04-07T15:08:04.233+0000] {logging_mixin.py:137} INFO - [2023-04-07T15:08:04.232+0000] {dag.py:2705} INFO - Sync 2 DAGs
[2023-04-07T15:08:04.265+0000] {logging_mixin.py:137} INFO - [2023-04-07T15:08:04.265+0000] {dag.py:3456} INFO - Setting next_dagrun for example_external_task_marker_child to None, run_after=None
[2023-04-07T15:08:04.269+0000] {logging_mixin.py:137} INFO - [2023-04-07T15:08:04.269+0000] {dag.py:3456} INFO - Setting next_dagrun for example_external_task_marker_parent to None, run_after=None
[2023-04-07T15:08:04.284+0000] {processor.py:175} INFO - Processing /home/airflow/.local/lib/python3.7/site-packages/airflow/example_dags/example_external_task_marker_dag.py took 0.093 seconds
[2023-04-07T15:08:35.412+0000] {processor.py:153} INFO - Started process (PID=782) to work on /home/airflow/.local/lib/python3.7/site-packages/airflow/example_dags/example_external_task_marker_dag.py
[2023-04-07T15:08:35.413+0000] {processor.py:743} INFO - Processing file /home/airflow/.local/lib/python3.7/site-packages/airflow/example_dags/example_external_task_marker_dag.py for tasks to queue
[2023-04-07T15:08:35.413+0000] {logging_mixin.py:137} INFO - [2023-04-07T15:08:35.413+0000] {dagbag.py:532} INFO - Filling up the DagBag from /home/airflow/.local/lib/python3.7/site-packages/airflow/example_dags/example_external_task_marker_dag.py
[2023-04-07T15:08:35.427+0000] {processor.py:753} INFO - DAG(s) dict_keys(['example_external_task_marker_child', 'example_external_task_marker_parent']) retrieved from /home/airflow/.local/lib/python3.7/site-packages/airflow/example_dags/example_external_task_marker_dag.py
[2023-04-07T15:08:35.458+0000] {logging_mixin.py:137} INFO - [2023-04-07T15:08:35.458+0000] {dag.py:2705} INFO - Sync 2 DAGs
[2023-04-07T15:08:35.496+0000] {logging_mixin.py:137} INFO - [2023-04-07T15:08:35.496+0000] {dag.py:3456} INFO - Setting next_dagrun for example_external_task_marker_child to None, run_after=None
[2023-04-07T15:08:35.501+0000] {logging_mixin.py:137} INFO - [2023-04-07T15:08:35.501+0000] {dag.py:3456} INFO - Setting next_dagrun for example_external_task_marker_parent to None, run_after=None
[2023-04-07T15:08:35.531+0000] {processor.py:175} INFO - Processing /home/airflow/.local/lib/python3.7/site-packages/airflow/example_dags/example_external_task_marker_dag.py took 0.122 seconds
[2023-04-07T15:09:06.447+0000] {processor.py:153} INFO - Started process (PID=1008) to work on /home/airflow/.local/lib/python3.7/site-packages/airflow/example_dags/example_external_task_marker_dag.py
[2023-04-07T15:09:06.447+0000] {processor.py:743} INFO - Processing file /home/airflow/.local/lib/python3.7/site-packages/airflow/example_dags/example_external_task_marker_dag.py for tasks to queue
[2023-04-07T15:09:06.448+0000] {logging_mixin.py:137} INFO - [2023-04-07T15:09:06.448+0000] {dagbag.py:532} INFO - Filling up the DagBag from /home/airflow/.local/lib/python3.7/site-packages/airflow/example_dags/example_external_task_marker_dag.py
[2023-04-07T15:09:06.462+0000] {processor.py:753} INFO - DAG(s) dict_keys(['example_external_task_marker_child', 'example_external_task_marker_parent']) retrieved from /home/airflow/.local/lib/python3.7/site-packages/airflow/example_dags/example_external_task_marker_dag.py
[2023-04-07T15:09:06.493+0000] {logging_mixin.py:137} INFO - [2023-04-07T15:09:06.492+0000] {dag.py:2705} INFO - Sync 2 DAGs
[2023-04-07T15:09:06.531+0000] {logging_mixin.py:137} INFO - [2023-04-07T15:09:06.531+0000] {dag.py:3456} INFO - Setting next_dagrun for example_external_task_marker_child to None, run_after=None
[2023-04-07T15:09:06.535+0000] {logging_mixin.py:137} INFO - [2023-04-07T15:09:06.535+0000] {dag.py:3456} INFO - Setting next_dagrun for example_external_task_marker_parent to None, run_after=None
[2023-04-07T15:09:06.559+0000] {processor.py:175} INFO - Processing /home/airflow/.local/lib/python3.7/site-packages/airflow/example_dags/example_external_task_marker_dag.py took 0.116 seconds
[2023-04-07T15:09:36.667+0000] {processor.py:153} INFO - Started process (PID=1243) to work on /home/airflow/.local/lib/python3.7/site-packages/airflow/example_dags/example_external_task_marker_dag.py
[2023-04-07T15:09:36.668+0000] {processor.py:743} INFO - Processing file /home/airflow/.local/lib/python3.7/site-packages/airflow/example_dags/example_external_task_marker_dag.py for tasks to queue
[2023-04-07T15:09:36.668+0000] {logging_mixin.py:137} INFO - [2023-04-07T15:09:36.668+0000] {dagbag.py:532} INFO - Filling up the DagBag from /home/airflow/.local/lib/python3.7/site-packages/airflow/example_dags/example_external_task_marker_dag.py
[2023-04-07T15:09:36.684+0000] {processor.py:753} INFO - DAG(s) dict_keys(['example_external_task_marker_parent', 'example_external_task_marker_child']) retrieved from /home/airflow/.local/lib/python3.7/site-packages/airflow/example_dags/example_external_task_marker_dag.py
[2023-04-07T15:09:36.713+0000] {logging_mixin.py:137} INFO - [2023-04-07T15:09:36.713+0000] {dag.py:2705} INFO - Sync 2 DAGs
[2023-04-07T15:09:36.752+0000] {logging_mixin.py:137} INFO - [2023-04-07T15:09:36.752+0000] {dag.py:3456} INFO - Setting next_dagrun for example_external_task_marker_child to None, run_after=None
[2023-04-07T15:09:36.757+0000] {logging_mixin.py:137} INFO - [2023-04-07T15:09:36.757+0000] {dag.py:3456} INFO - Setting next_dagrun for example_external_task_marker_parent to None, run_after=None
[2023-04-07T15:09:36.777+0000] {processor.py:175} INFO - Processing /home/airflow/.local/lib/python3.7/site-packages/airflow/example_dags/example_external_task_marker_dag.py took 0.117 seconds
[2023-04-07T15:10:07.383+0000] {processor.py:153} INFO - Started process (PID=1466) to work on /home/airflow/.local/lib/python3.7/site-packages/airflow/example_dags/example_external_task_marker_dag.py
[2023-04-07T15:10:07.384+0000] {processor.py:743} INFO - Processing file /home/airflow/.local/lib/python3.7/site-packages/airflow/example_dags/example_external_task_marker_dag.py for tasks to queue
[2023-04-07T15:10:07.385+0000] {logging_mixin.py:137} INFO - [2023-04-07T15:10:07.384+0000] {dagbag.py:532} INFO - Filling up the DagBag from /home/airflow/.local/lib/python3.7/site-packages/airflow/example_dags/example_external_task_marker_dag.py
[2023-04-07T15:10:07.399+0000] {processor.py:753} INFO - DAG(s) dict_keys(['example_external_task_marker_parent', 'example_external_task_marker_child']) retrieved from /home/airflow/.local/lib/python3.7/site-packages/airflow/example_dags/example_external_task_marker_dag.py
[2023-04-07T15:10:07.429+0000] {logging_mixin.py:137} INFO - [2023-04-07T15:10:07.428+0000] {dag.py:2705} INFO - Sync 2 DAGs
[2023-04-07T15:10:07.464+0000] {logging_mixin.py:137} INFO - [2023-04-07T15:10:07.464+0000] {dag.py:3456} INFO - Setting next_dagrun for example_external_task_marker_child to None, run_after=None
[2023-04-07T15:10:07.468+0000] {logging_mixin.py:137} INFO - [2023-04-07T15:10:07.468+0000] {dag.py:3456} INFO - Setting next_dagrun for example_external_task_marker_parent to None, run_after=None
[2023-04-07T15:10:07.489+0000] {processor.py:175} INFO - Processing /home/airflow/.local/lib/python3.7/site-packages/airflow/example_dags/example_external_task_marker_dag.py took 0.109 seconds
[2023-04-07T15:10:38.259+0000] {processor.py:153} INFO - Started process (PID=1688) to work on /home/airflow/.local/lib/python3.7/site-packages/airflow/example_dags/example_external_task_marker_dag.py
[2023-04-07T15:10:38.260+0000] {processor.py:743} INFO - Processing file /home/airflow/.local/lib/python3.7/site-packages/airflow/example_dags/example_external_task_marker_dag.py for tasks to queue
[2023-04-07T15:10:38.260+0000] {logging_mixin.py:137} INFO - [2023-04-07T15:10:38.260+0000] {dagbag.py:532} INFO - Filling up the DagBag from /home/airflow/.local/lib/python3.7/site-packages/airflow/example_dags/example_external_task_marker_dag.py
[2023-04-07T15:10:38.272+0000] {processor.py:753} INFO - DAG(s) dict_keys(['example_external_task_marker_parent', 'example_external_task_marker_child']) retrieved from /home/airflow/.local/lib/python3.7/site-packages/airflow/example_dags/example_external_task_marker_dag.py
[2023-04-07T15:10:38.318+0000] {logging_mixin.py:137} INFO - [2023-04-07T15:10:38.317+0000] {dag.py:2705} INFO - Sync 2 DAGs
[2023-04-07T15:10:38.357+0000] {logging_mixin.py:137} INFO - [2023-04-07T15:10:38.357+0000] {dag.py:3456} INFO - Setting next_dagrun for example_external_task_marker_child to None, run_after=None
[2023-04-07T15:10:38.365+0000] {logging_mixin.py:137} INFO - [2023-04-07T15:10:38.365+0000] {dag.py:3456} INFO - Setting next_dagrun for example_external_task_marker_parent to None, run_after=None
[2023-04-07T15:10:38.387+0000] {processor.py:175} INFO - Processing /home/airflow/.local/lib/python3.7/site-packages/airflow/example_dags/example_external_task_marker_dag.py took 0.131 seconds
[2023-04-07T15:11:08.515+0000] {processor.py:153} INFO - Started process (PID=1911) to work on /home/airflow/.local/lib/python3.7/site-packages/airflow/example_dags/example_external_task_marker_dag.py
[2023-04-07T15:11:08.516+0000] {processor.py:743} INFO - Processing file /home/airflow/.local/lib/python3.7/site-packages/airflow/example_dags/example_external_task_marker_dag.py for tasks to queue
[2023-04-07T15:11:08.516+0000] {logging_mixin.py:137} INFO - [2023-04-07T15:11:08.516+0000] {dagbag.py:532} INFO - Filling up the DagBag from /home/airflow/.local/lib/python3.7/site-packages/airflow/example_dags/example_external_task_marker_dag.py
[2023-04-07T15:11:08.530+0000] {processor.py:753} INFO - DAG(s) dict_keys(['example_external_task_marker_child', 'example_external_task_marker_parent']) retrieved from /home/airflow/.local/lib/python3.7/site-packages/airflow/example_dags/example_external_task_marker_dag.py
[2023-04-07T15:11:08.558+0000] {logging_mixin.py:137} INFO - [2023-04-07T15:11:08.558+0000] {dag.py:2705} INFO - Sync 2 DAGs
[2023-04-07T15:11:08.594+0000] {logging_mixin.py:137} INFO - [2023-04-07T15:11:08.593+0000] {dag.py:3456} INFO - Setting next_dagrun for example_external_task_marker_child to None, run_after=None
[2023-04-07T15:11:08.598+0000] {logging_mixin.py:137} INFO - [2023-04-07T15:11:08.598+0000] {dag.py:3456} INFO - Setting next_dagrun for example_external_task_marker_parent to None, run_after=None
[2023-04-07T15:11:08.621+0000] {processor.py:175} INFO - Processing /home/airflow/.local/lib/python3.7/site-packages/airflow/example_dags/example_external_task_marker_dag.py took 0.110 seconds
[2023-04-07T15:11:38.771+0000] {processor.py:153} INFO - Started process (PID=2134) to work on /home/airflow/.local/lib/python3.7/site-packages/airflow/example_dags/example_external_task_marker_dag.py
[2023-04-07T15:11:38.772+0000] {processor.py:743} INFO - Processing file /home/airflow/.local/lib/python3.7/site-packages/airflow/example_dags/example_external_task_marker_dag.py for tasks to queue
[2023-04-07T15:11:38.772+0000] {logging_mixin.py:137} INFO - [2023-04-07T15:11:38.772+0000] {dagbag.py:532} INFO - Filling up the DagBag from /home/airflow/.local/lib/python3.7/site-packages/airflow/example_dags/example_external_task_marker_dag.py
[2023-04-07T15:11:38.786+0000] {processor.py:753} INFO - DAG(s) dict_keys(['example_external_task_marker_child', 'example_external_task_marker_parent']) retrieved from /home/airflow/.local/lib/python3.7/site-packages/airflow/example_dags/example_external_task_marker_dag.py
[2023-04-07T15:11:38.816+0000] {logging_mixin.py:137} INFO - [2023-04-07T15:11:38.816+0000] {dag.py:2705} INFO - Sync 2 DAGs
[2023-04-07T15:11:38.854+0000] {logging_mixin.py:137} INFO - [2023-04-07T15:11:38.854+0000] {dag.py:3456} INFO - Setting next_dagrun for example_external_task_marker_child to None, run_after=None
[2023-04-07T15:11:38.857+0000] {logging_mixin.py:137} INFO - [2023-04-07T15:11:38.857+0000] {dag.py:3456} INFO - Setting next_dagrun for example_external_task_marker_parent to None, run_after=None
[2023-04-07T15:11:38.877+0000] {processor.py:175} INFO - Processing /home/airflow/.local/lib/python3.7/site-packages/airflow/example_dags/example_external_task_marker_dag.py took 0.110 seconds
[2023-04-07T15:12:08.995+0000] {processor.py:153} INFO - Started process (PID=2357) to work on /home/airflow/.local/lib/python3.7/site-packages/airflow/example_dags/example_external_task_marker_dag.py
[2023-04-07T15:12:08.996+0000] {processor.py:743} INFO - Processing file /home/airflow/.local/lib/python3.7/site-packages/airflow/example_dags/example_external_task_marker_dag.py for tasks to queue
[2023-04-07T15:12:08.996+0000] {logging_mixin.py:137} INFO - [2023-04-07T15:12:08.996+0000] {dagbag.py:532} INFO - Filling up the DagBag from /home/airflow/.local/lib/python3.7/site-packages/airflow/example_dags/example_external_task_marker_dag.py
[2023-04-07T15:12:09.011+0000] {processor.py:753} INFO - DAG(s) dict_keys(['example_external_task_marker_parent', 'example_external_task_marker_child']) retrieved from /home/airflow/.local/lib/python3.7/site-packages/airflow/example_dags/example_external_task_marker_dag.py
[2023-04-07T15:12:09.039+0000] {logging_mixin.py:137} INFO - [2023-04-07T15:12:09.039+0000] {dag.py:2705} INFO - Sync 2 DAGs
[2023-04-07T15:12:09.076+0000] {logging_mixin.py:137} INFO - [2023-04-07T15:12:09.076+0000] {dag.py:3456} INFO - Setting next_dagrun for example_external_task_marker_child to None, run_after=None
[2023-04-07T15:12:09.081+0000] {logging_mixin.py:137} INFO - [2023-04-07T15:12:09.081+0000] {dag.py:3456} INFO - Setting next_dagrun for example_external_task_marker_parent to None, run_after=None
[2023-04-07T15:12:09.100+0000] {processor.py:175} INFO - Processing /home/airflow/.local/lib/python3.7/site-packages/airflow/example_dags/example_external_task_marker_dag.py took 0.108 seconds
[2023-04-07T15:12:39.691+0000] {processor.py:153} INFO - Started process (PID=2580) to work on /home/airflow/.local/lib/python3.7/site-packages/airflow/example_dags/example_external_task_marker_dag.py
[2023-04-07T15:12:39.692+0000] {processor.py:743} INFO - Processing file /home/airflow/.local/lib/python3.7/site-packages/airflow/example_dags/example_external_task_marker_dag.py for tasks to queue
[2023-04-07T15:12:39.694+0000] {logging_mixin.py:137} INFO - [2023-04-07T15:12:39.693+0000] {dagbag.py:532} INFO - Filling up the DagBag from /home/airflow/.local/lib/python3.7/site-packages/airflow/example_dags/example_external_task_marker_dag.py
[2023-04-07T15:12:39.713+0000] {processor.py:753} INFO - DAG(s) dict_keys(['example_external_task_marker_parent', 'example_external_task_marker_child']) retrieved from /home/airflow/.local/lib/python3.7/site-packages/airflow/example_dags/example_external_task_marker_dag.py
[2023-04-07T15:12:39.748+0000] {logging_mixin.py:137} INFO - [2023-04-07T15:12:39.748+0000] {dag.py:2705} INFO - Sync 2 DAGs
[2023-04-07T15:12:39.789+0000] {logging_mixin.py:137} INFO - [2023-04-07T15:12:39.789+0000] {dag.py:3456} INFO - Setting next_dagrun for example_external_task_marker_child to None, run_after=None
[2023-04-07T15:12:39.796+0000] {logging_mixin.py:137} INFO - [2023-04-07T15:12:39.796+0000] {dag.py:3456} INFO - Setting next_dagrun for example_external_task_marker_parent to None, run_after=None
[2023-04-07T15:12:39.813+0000] {processor.py:175} INFO - Processing /home/airflow/.local/lib/python3.7/site-packages/airflow/example_dags/example_external_task_marker_dag.py took 0.125 seconds
[2023-04-07T15:13:09.918+0000] {processor.py:153} INFO - Started process (PID=2803) to work on /home/airflow/.local/lib/python3.7/site-packages/airflow/example_dags/example_external_task_marker_dag.py
[2023-04-07T15:13:09.919+0000] {processor.py:743} INFO - Processing file /home/airflow/.local/lib/python3.7/site-packages/airflow/example_dags/example_external_task_marker_dag.py for tasks to queue
[2023-04-07T15:13:09.919+0000] {logging_mixin.py:137} INFO - [2023-04-07T15:13:09.919+0000] {dagbag.py:532} INFO - Filling up the DagBag from /home/airflow/.local/lib/python3.7/site-packages/airflow/example_dags/example_external_task_marker_dag.py
[2023-04-07T15:13:09.932+0000] {processor.py:753} INFO - DAG(s) dict_keys(['example_external_task_marker_child', 'example_external_task_marker_parent']) retrieved from /home/airflow/.local/lib/python3.7/site-packages/airflow/example_dags/example_external_task_marker_dag.py
[2023-04-07T15:13:09.965+0000] {logging_mixin.py:137} INFO - [2023-04-07T15:13:09.964+0000] {dag.py:2705} INFO - Sync 2 DAGs
[2023-04-07T15:13:10.003+0000] {logging_mixin.py:137} INFO - [2023-04-07T15:13:10.003+0000] {dag.py:3456} INFO - Setting next_dagrun for example_external_task_marker_child to None, run_after=None
[2023-04-07T15:13:10.009+0000] {logging_mixin.py:137} INFO - [2023-04-07T15:13:10.009+0000] {dag.py:3456} INFO - Setting next_dagrun for example_external_task_marker_parent to None, run_after=None
[2023-04-07T15:13:10.029+0000] {processor.py:175} INFO - Processing /home/airflow/.local/lib/python3.7/site-packages/airflow/example_dags/example_external_task_marker_dag.py took 0.114 seconds
[2023-04-07T15:13:40.114+0000] {processor.py:153} INFO - Started process (PID=3029) to work on /home/airflow/.local/lib/python3.7/site-packages/airflow/example_dags/example_external_task_marker_dag.py
[2023-04-07T15:13:40.115+0000] {processor.py:743} INFO - Processing file /home/airflow/.local/lib/python3.7/site-packages/airflow/example_dags/example_external_task_marker_dag.py for tasks to queue
[2023-04-07T15:13:40.115+0000] {logging_mixin.py:137} INFO - [2023-04-07T15:13:40.115+0000] {dagbag.py:532} INFO - Filling up the DagBag from /home/airflow/.local/lib/python3.7/site-packages/airflow/example_dags/example_external_task_marker_dag.py
[2023-04-07T15:13:40.129+0000] {processor.py:753} INFO - DAG(s) dict_keys(['example_external_task_marker_child', 'example_external_task_marker_parent']) retrieved from /home/airflow/.local/lib/python3.7/site-packages/airflow/example_dags/example_external_task_marker_dag.py
[2023-04-07T15:13:40.159+0000] {logging_mixin.py:137} INFO - [2023-04-07T15:13:40.159+0000] {dag.py:2705} INFO - Sync 2 DAGs
[2023-04-07T15:13:40.198+0000] {logging_mixin.py:137} INFO - [2023-04-07T15:13:40.198+0000] {dag.py:3456} INFO - Setting next_dagrun for example_external_task_marker_child to None, run_after=None
[2023-04-07T15:13:40.202+0000] {logging_mixin.py:137} INFO - [2023-04-07T15:13:40.202+0000] {dag.py:3456} INFO - Setting next_dagrun for example_external_task_marker_parent to None, run_after=None
[2023-04-07T15:13:40.220+0000] {processor.py:175} INFO - Processing /home/airflow/.local/lib/python3.7/site-packages/airflow/example_dags/example_external_task_marker_dag.py took 0.110 seconds
[2023-04-07T15:14:10.485+0000] {processor.py:153} INFO - Started process (PID=3248) to work on /home/airflow/.local/lib/python3.7/site-packages/airflow/example_dags/example_external_task_marker_dag.py
[2023-04-07T15:14:10.485+0000] {processor.py:743} INFO - Processing file /home/airflow/.local/lib/python3.7/site-packages/airflow/example_dags/example_external_task_marker_dag.py for tasks to queue
[2023-04-07T15:14:10.486+0000] {logging_mixin.py:137} INFO - [2023-04-07T15:14:10.486+0000] {dagbag.py:532} INFO - Filling up the DagBag from /home/airflow/.local/lib/python3.7/site-packages/airflow/example_dags/example_external_task_marker_dag.py
[2023-04-07T15:14:10.501+0000] {processor.py:753} INFO - DAG(s) dict_keys(['example_external_task_marker_child', 'example_external_task_marker_parent']) retrieved from /home/airflow/.local/lib/python3.7/site-packages/airflow/example_dags/example_external_task_marker_dag.py
[2023-04-07T15:14:10.532+0000] {logging_mixin.py:137} INFO - [2023-04-07T15:14:10.531+0000] {dag.py:2705} INFO - Sync 2 DAGs
[2023-04-07T15:14:10.569+0000] {logging_mixin.py:137} INFO - [2023-04-07T15:14:10.568+0000] {dag.py:3456} INFO - Setting next_dagrun for example_external_task_marker_child to None, run_after=None
[2023-04-07T15:14:10.573+0000] {logging_mixin.py:137} INFO - [2023-04-07T15:14:10.573+0000] {dag.py:3456} INFO - Setting next_dagrun for example_external_task_marker_parent to None, run_after=None
[2023-04-07T15:14:10.588+0000] {processor.py:175} INFO - Processing /home/airflow/.local/lib/python3.7/site-packages/airflow/example_dags/example_external_task_marker_dag.py took 0.105 seconds
[2023-04-07T15:14:41.408+0000] {processor.py:153} INFO - Started process (PID=3476) to work on /home/airflow/.local/lib/python3.7/site-packages/airflow/example_dags/example_external_task_marker_dag.py
[2023-04-07T15:14:41.408+0000] {processor.py:743} INFO - Processing file /home/airflow/.local/lib/python3.7/site-packages/airflow/example_dags/example_external_task_marker_dag.py for tasks to queue
[2023-04-07T15:14:41.409+0000] {logging_mixin.py:137} INFO - [2023-04-07T15:14:41.409+0000] {dagbag.py:532} INFO - Filling up the DagBag from /home/airflow/.local/lib/python3.7/site-packages/airflow/example_dags/example_external_task_marker_dag.py
[2023-04-07T15:14:41.421+0000] {processor.py:753} INFO - DAG(s) dict_keys(['example_external_task_marker_parent', 'example_external_task_marker_child']) retrieved from /home/airflow/.local/lib/python3.7/site-packages/airflow/example_dags/example_external_task_marker_dag.py
[2023-04-07T15:14:41.446+0000] {logging_mixin.py:137} INFO - [2023-04-07T15:14:41.446+0000] {dag.py:2705} INFO - Sync 2 DAGs
[2023-04-07T15:14:41.479+0000] {logging_mixin.py:137} INFO - [2023-04-07T15:14:41.478+0000] {dag.py:3456} INFO - Setting next_dagrun for example_external_task_marker_child to None, run_after=None
[2023-04-07T15:14:41.482+0000] {logging_mixin.py:137} INFO - [2023-04-07T15:14:41.482+0000] {dag.py:3456} INFO - Setting next_dagrun for example_external_task_marker_parent to None, run_after=None
[2023-04-07T15:14:41.497+0000] {processor.py:175} INFO - Processing /home/airflow/.local/lib/python3.7/site-packages/airflow/example_dags/example_external_task_marker_dag.py took 0.092 seconds
[2023-04-07T15:15:11.979+0000] {processor.py:153} INFO - Started process (PID=3700) to work on /home/airflow/.local/lib/python3.7/site-packages/airflow/example_dags/example_external_task_marker_dag.py
[2023-04-07T15:15:11.980+0000] {processor.py:743} INFO - Processing file /home/airflow/.local/lib/python3.7/site-packages/airflow/example_dags/example_external_task_marker_dag.py for tasks to queue
[2023-04-07T15:15:11.980+0000] {logging_mixin.py:137} INFO - [2023-04-07T15:15:11.980+0000] {dagbag.py:532} INFO - Filling up the DagBag from /home/airflow/.local/lib/python3.7/site-packages/airflow/example_dags/example_external_task_marker_dag.py
[2023-04-07T15:15:11.994+0000] {processor.py:753} INFO - DAG(s) dict_keys(['example_external_task_marker_child', 'example_external_task_marker_parent']) retrieved from /home/airflow/.local/lib/python3.7/site-packages/airflow/example_dags/example_external_task_marker_dag.py
[2023-04-07T15:15:12.021+0000] {logging_mixin.py:137} INFO - [2023-04-07T15:15:12.020+0000] {dag.py:2705} INFO - Sync 2 DAGs
[2023-04-07T15:15:12.054+0000] {logging_mixin.py:137} INFO - [2023-04-07T15:15:12.054+0000] {dag.py:3456} INFO - Setting next_dagrun for example_external_task_marker_child to None, run_after=None
[2023-04-07T15:15:12.057+0000] {logging_mixin.py:137} INFO - [2023-04-07T15:15:12.057+0000] {dag.py:3456} INFO - Setting next_dagrun for example_external_task_marker_parent to None, run_after=None
[2023-04-07T15:15:12.072+0000] {processor.py:175} INFO - Processing /home/airflow/.local/lib/python3.7/site-packages/airflow/example_dags/example_external_task_marker_dag.py took 0.096 seconds
[2023-04-07T15:15:43.055+0000] {processor.py:153} INFO - Started process (PID=3923) to work on /home/airflow/.local/lib/python3.7/site-packages/airflow/example_dags/example_external_task_marker_dag.py
[2023-04-07T15:15:43.055+0000] {processor.py:743} INFO - Processing file /home/airflow/.local/lib/python3.7/site-packages/airflow/example_dags/example_external_task_marker_dag.py for tasks to queue
[2023-04-07T15:15:43.056+0000] {logging_mixin.py:137} INFO - [2023-04-07T15:15:43.056+0000] {dagbag.py:532} INFO - Filling up the DagBag from /home/airflow/.local/lib/python3.7/site-packages/airflow/example_dags/example_external_task_marker_dag.py
[2023-04-07T15:15:43.068+0000] {processor.py:753} INFO - DAG(s) dict_keys(['example_external_task_marker_child', 'example_external_task_marker_parent']) retrieved from /home/airflow/.local/lib/python3.7/site-packages/airflow/example_dags/example_external_task_marker_dag.py
[2023-04-07T15:15:43.095+0000] {logging_mixin.py:137} INFO - [2023-04-07T15:15:43.095+0000] {dag.py:2705} INFO - Sync 2 DAGs
[2023-04-07T15:15:43.136+0000] {logging_mixin.py:137} INFO - [2023-04-07T15:15:43.136+0000] {dag.py:3456} INFO - Setting next_dagrun for example_external_task_marker_child to None, run_after=None
[2023-04-07T15:15:43.140+0000] {logging_mixin.py:137} INFO - [2023-04-07T15:15:43.140+0000] {dag.py:3456} INFO - Setting next_dagrun for example_external_task_marker_parent to None, run_after=None
[2023-04-07T15:15:43.160+0000] {processor.py:175} INFO - Processing /home/airflow/.local/lib/python3.7/site-packages/airflow/example_dags/example_external_task_marker_dag.py took 0.107 seconds
[2023-04-07T15:16:14.098+0000] {processor.py:153} INFO - Started process (PID=4146) to work on /home/airflow/.local/lib/python3.7/site-packages/airflow/example_dags/example_external_task_marker_dag.py
[2023-04-07T15:16:14.099+0000] {processor.py:743} INFO - Processing file /home/airflow/.local/lib/python3.7/site-packages/airflow/example_dags/example_external_task_marker_dag.py for tasks to queue
[2023-04-07T15:16:14.100+0000] {logging_mixin.py:137} INFO - [2023-04-07T15:16:14.100+0000] {dagbag.py:532} INFO - Filling up the DagBag from /home/airflow/.local/lib/python3.7/site-packages/airflow/example_dags/example_external_task_marker_dag.py
[2023-04-07T15:16:14.113+0000] {processor.py:753} INFO - DAG(s) dict_keys(['example_external_task_marker_child', 'example_external_task_marker_parent']) retrieved from /home/airflow/.local/lib/python3.7/site-packages/airflow/example_dags/example_external_task_marker_dag.py
[2023-04-07T15:16:14.144+0000] {logging_mixin.py:137} INFO - [2023-04-07T15:16:14.144+0000] {dag.py:2705} INFO - Sync 2 DAGs
[2023-04-07T15:16:14.186+0000] {logging_mixin.py:137} INFO - [2023-04-07T15:16:14.185+0000] {dag.py:3456} INFO - Setting next_dagrun for example_external_task_marker_child to None, run_after=None
[2023-04-07T15:16:14.190+0000] {logging_mixin.py:137} INFO - [2023-04-07T15:16:14.189+0000] {dag.py:3456} INFO - Setting next_dagrun for example_external_task_marker_parent to None, run_after=None
[2023-04-07T15:16:14.210+0000] {processor.py:175} INFO - Processing /home/airflow/.local/lib/python3.7/site-packages/airflow/example_dags/example_external_task_marker_dag.py took 0.117 seconds
[2023-04-07T15:16:44.314+0000] {processor.py:153} INFO - Started process (PID=4370) to work on /home/airflow/.local/lib/python3.7/site-packages/airflow/example_dags/example_external_task_marker_dag.py
[2023-04-07T15:16:44.314+0000] {processor.py:743} INFO - Processing file /home/airflow/.local/lib/python3.7/site-packages/airflow/example_dags/example_external_task_marker_dag.py for tasks to queue
[2023-04-07T15:16:44.315+0000] {logging_mixin.py:137} INFO - [2023-04-07T15:16:44.315+0000] {dagbag.py:532} INFO - Filling up the DagBag from /home/airflow/.local/lib/python3.7/site-packages/airflow/example_dags/example_external_task_marker_dag.py
[2023-04-07T15:16:44.328+0000] {processor.py:753} INFO - DAG(s) dict_keys(['example_external_task_marker_child', 'example_external_task_marker_parent']) retrieved from /home/airflow/.local/lib/python3.7/site-packages/airflow/example_dags/example_external_task_marker_dag.py
[2023-04-07T15:16:44.354+0000] {logging_mixin.py:137} INFO - [2023-04-07T15:16:44.354+0000] {dag.py:2705} INFO - Sync 2 DAGs
[2023-04-07T15:16:44.387+0000] {logging_mixin.py:137} INFO - [2023-04-07T15:16:44.387+0000] {dag.py:3456} INFO - Setting next_dagrun for example_external_task_marker_child to None, run_after=None
[2023-04-07T15:16:44.392+0000] {logging_mixin.py:137} INFO - [2023-04-07T15:16:44.391+0000] {dag.py:3456} INFO - Setting next_dagrun for example_external_task_marker_parent to None, run_after=None
[2023-04-07T15:16:44.410+0000] {processor.py:175} INFO - Processing /home/airflow/.local/lib/python3.7/site-packages/airflow/example_dags/example_external_task_marker_dag.py took 0.098 seconds
[2023-04-07T15:17:14.590+0000] {processor.py:153} INFO - Started process (PID=4594) to work on /home/airflow/.local/lib/python3.7/site-packages/airflow/example_dags/example_external_task_marker_dag.py
[2023-04-07T15:17:14.591+0000] {processor.py:743} INFO - Processing file /home/airflow/.local/lib/python3.7/site-packages/airflow/example_dags/example_external_task_marker_dag.py for tasks to queue
[2023-04-07T15:17:14.592+0000] {logging_mixin.py:137} INFO - [2023-04-07T15:17:14.592+0000] {dagbag.py:532} INFO - Filling up the DagBag from /home/airflow/.local/lib/python3.7/site-packages/airflow/example_dags/example_external_task_marker_dag.py
[2023-04-07T15:17:14.607+0000] {processor.py:753} INFO - DAG(s) dict_keys(['example_external_task_marker_parent', 'example_external_task_marker_child']) retrieved from /home/airflow/.local/lib/python3.7/site-packages/airflow/example_dags/example_external_task_marker_dag.py
[2023-04-07T15:17:14.645+0000] {logging_mixin.py:137} INFO - [2023-04-07T15:17:14.645+0000] {dag.py:2705} INFO - Sync 2 DAGs
[2023-04-07T15:17:14.689+0000] {logging_mixin.py:137} INFO - [2023-04-07T15:17:14.689+0000] {dag.py:3456} INFO - Setting next_dagrun for example_external_task_marker_child to None, run_after=None
[2023-04-07T15:17:14.694+0000] {logging_mixin.py:137} INFO - [2023-04-07T15:17:14.693+0000] {dag.py:3456} INFO - Setting next_dagrun for example_external_task_marker_parent to None, run_after=None
[2023-04-07T15:17:14.710+0000] {processor.py:175} INFO - Processing /home/airflow/.local/lib/python3.7/site-packages/airflow/example_dags/example_external_task_marker_dag.py took 0.123 seconds
[2023-04-07T15:17:44.914+0000] {processor.py:153} INFO - Started process (PID=4817) to work on /home/airflow/.local/lib/python3.7/site-packages/airflow/example_dags/example_external_task_marker_dag.py
[2023-04-07T15:17:44.914+0000] {processor.py:743} INFO - Processing file /home/airflow/.local/lib/python3.7/site-packages/airflow/example_dags/example_external_task_marker_dag.py for tasks to queue
[2023-04-07T15:17:44.915+0000] {logging_mixin.py:137} INFO - [2023-04-07T15:17:44.915+0000] {dagbag.py:532} INFO - Filling up the DagBag from /home/airflow/.local/lib/python3.7/site-packages/airflow/example_dags/example_external_task_marker_dag.py
[2023-04-07T15:17:44.927+0000] {processor.py:753} INFO - DAG(s) dict_keys(['example_external_task_marker_parent', 'example_external_task_marker_child']) retrieved from /home/airflow/.local/lib/python3.7/site-packages/airflow/example_dags/example_external_task_marker_dag.py
[2023-04-07T15:17:44.953+0000] {logging_mixin.py:137} INFO - [2023-04-07T15:17:44.953+0000] {dag.py:2705} INFO - Sync 2 DAGs
[2023-04-07T15:17:44.987+0000] {logging_mixin.py:137} INFO - [2023-04-07T15:17:44.987+0000] {dag.py:3456} INFO - Setting next_dagrun for example_external_task_marker_child to None, run_after=None
[2023-04-07T15:17:44.992+0000] {logging_mixin.py:137} INFO - [2023-04-07T15:17:44.992+0000] {dag.py:3456} INFO - Setting next_dagrun for example_external_task_marker_parent to None, run_after=None
[2023-04-07T15:17:45.013+0000] {processor.py:175} INFO - Processing /home/airflow/.local/lib/python3.7/site-packages/airflow/example_dags/example_external_task_marker_dag.py took 0.102 seconds
[2023-04-07T15:18:15.232+0000] {processor.py:153} INFO - Started process (PID=5040) to work on /home/airflow/.local/lib/python3.7/site-packages/airflow/example_dags/example_external_task_marker_dag.py
[2023-04-07T15:18:15.232+0000] {processor.py:743} INFO - Processing file /home/airflow/.local/lib/python3.7/site-packages/airflow/example_dags/example_external_task_marker_dag.py for tasks to queue
[2023-04-07T15:18:15.233+0000] {logging_mixin.py:137} INFO - [2023-04-07T15:18:15.233+0000] {dagbag.py:532} INFO - Filling up the DagBag from /home/airflow/.local/lib/python3.7/site-packages/airflow/example_dags/example_external_task_marker_dag.py
[2023-04-07T15:18:15.247+0000] {processor.py:753} INFO - DAG(s) dict_keys(['example_external_task_marker_child', 'example_external_task_marker_parent']) retrieved from /home/airflow/.local/lib/python3.7/site-packages/airflow/example_dags/example_external_task_marker_dag.py
[2023-04-07T15:18:15.275+0000] {logging_mixin.py:137} INFO - [2023-04-07T15:18:15.274+0000] {dag.py:2705} INFO - Sync 2 DAGs
[2023-04-07T15:18:15.307+0000] {logging_mixin.py:137} INFO - [2023-04-07T15:18:15.307+0000] {dag.py:3456} INFO - Setting next_dagrun for example_external_task_marker_child to None, run_after=None
[2023-04-07T15:18:15.311+0000] {logging_mixin.py:137} INFO - [2023-04-07T15:18:15.310+0000] {dag.py:3456} INFO - Setting next_dagrun for example_external_task_marker_parent to None, run_after=None
[2023-04-07T15:18:15.326+0000] {processor.py:175} INFO - Processing /home/airflow/.local/lib/python3.7/site-packages/airflow/example_dags/example_external_task_marker_dag.py took 0.098 seconds
[2023-04-07T15:18:45.891+0000] {processor.py:153} INFO - Started process (PID=5263) to work on /home/airflow/.local/lib/python3.7/site-packages/airflow/example_dags/example_external_task_marker_dag.py
[2023-04-07T15:18:45.891+0000] {processor.py:743} INFO - Processing file /home/airflow/.local/lib/python3.7/site-packages/airflow/example_dags/example_external_task_marker_dag.py for tasks to queue
[2023-04-07T15:18:45.891+0000] {logging_mixin.py:137} INFO - [2023-04-07T15:18:45.891+0000] {dagbag.py:532} INFO - Filling up the DagBag from /home/airflow/.local/lib/python3.7/site-packages/airflow/example_dags/example_external_task_marker_dag.py
[2023-04-07T15:18:45.903+0000] {processor.py:753} INFO - DAG(s) dict_keys(['example_external_task_marker_parent', 'example_external_task_marker_child']) retrieved from /home/airflow/.local/lib/python3.7/site-packages/airflow/example_dags/example_external_task_marker_dag.py
[2023-04-07T15:18:45.930+0000] {logging_mixin.py:137} INFO - [2023-04-07T15:18:45.929+0000] {dag.py:2705} INFO - Sync 2 DAGs
[2023-04-07T15:18:45.966+0000] {logging_mixin.py:137} INFO - [2023-04-07T15:18:45.966+0000] {dag.py:3456} INFO - Setting next_dagrun for example_external_task_marker_child to None, run_after=None
[2023-04-07T15:18:45.970+0000] {logging_mixin.py:137} INFO - [2023-04-07T15:18:45.970+0000] {dag.py:3456} INFO - Setting next_dagrun for example_external_task_marker_parent to None, run_after=None
[2023-04-07T15:18:45.989+0000] {processor.py:175} INFO - Processing /home/airflow/.local/lib/python3.7/site-packages/airflow/example_dags/example_external_task_marker_dag.py took 0.100 seconds
[2023-04-07T15:19:16.864+0000] {processor.py:153} INFO - Started process (PID=5485) to work on /home/airflow/.local/lib/python3.7/site-packages/airflow/example_dags/example_external_task_marker_dag.py
[2023-04-07T15:19:16.865+0000] {processor.py:743} INFO - Processing file /home/airflow/.local/lib/python3.7/site-packages/airflow/example_dags/example_external_task_marker_dag.py for tasks to queue
[2023-04-07T15:19:16.866+0000] {logging_mixin.py:137} INFO - [2023-04-07T15:19:16.866+0000] {dagbag.py:532} INFO - Filling up the DagBag from /home/airflow/.local/lib/python3.7/site-packages/airflow/example_dags/example_external_task_marker_dag.py
[2023-04-07T15:19:16.878+0000] {processor.py:753} INFO - DAG(s) dict_keys(['example_external_task_marker_parent', 'example_external_task_marker_child']) retrieved from /home/airflow/.local/lib/python3.7/site-packages/airflow/example_dags/example_external_task_marker_dag.py
[2023-04-07T15:19:16.905+0000] {logging_mixin.py:137} INFO - [2023-04-07T15:19:16.905+0000] {dag.py:2705} INFO - Sync 2 DAGs
[2023-04-07T15:19:16.947+0000] {logging_mixin.py:137} INFO - [2023-04-07T15:19:16.947+0000] {dag.py:3456} INFO - Setting next_dagrun for example_external_task_marker_child to None, run_after=None
[2023-04-07T15:19:16.951+0000] {logging_mixin.py:137} INFO - [2023-04-07T15:19:16.951+0000] {dag.py:3456} INFO - Setting next_dagrun for example_external_task_marker_parent to None, run_after=None
[2023-04-07T15:19:16.971+0000] {processor.py:175} INFO - Processing /home/airflow/.local/lib/python3.7/site-packages/airflow/example_dags/example_external_task_marker_dag.py took 0.110 seconds
[2023-04-07T15:19:47.509+0000] {processor.py:153} INFO - Started process (PID=5708) to work on /home/airflow/.local/lib/python3.7/site-packages/airflow/example_dags/example_external_task_marker_dag.py
[2023-04-07T15:19:47.510+0000] {processor.py:743} INFO - Processing file /home/airflow/.local/lib/python3.7/site-packages/airflow/example_dags/example_external_task_marker_dag.py for tasks to queue
[2023-04-07T15:19:47.510+0000] {logging_mixin.py:137} INFO - [2023-04-07T15:19:47.510+0000] {dagbag.py:532} INFO - Filling up the DagBag from /home/airflow/.local/lib/python3.7/site-packages/airflow/example_dags/example_external_task_marker_dag.py
[2023-04-07T15:19:47.523+0000] {processor.py:753} INFO - DAG(s) dict_keys(['example_external_task_marker_parent', 'example_external_task_marker_child']) retrieved from /home/airflow/.local/lib/python3.7/site-packages/airflow/example_dags/example_external_task_marker_dag.py
[2023-04-07T15:19:47.557+0000] {logging_mixin.py:137} INFO - [2023-04-07T15:19:47.556+0000] {dag.py:2705} INFO - Sync 2 DAGs
[2023-04-07T15:19:47.597+0000] {logging_mixin.py:137} INFO - [2023-04-07T15:19:47.597+0000] {dag.py:3456} INFO - Setting next_dagrun for example_external_task_marker_child to None, run_after=None
[2023-04-07T15:19:47.602+0000] {logging_mixin.py:137} INFO - [2023-04-07T15:19:47.602+0000] {dag.py:3456} INFO - Setting next_dagrun for example_external_task_marker_parent to None, run_after=None
[2023-04-07T15:19:47.639+0000] {processor.py:175} INFO - Processing /home/airflow/.local/lib/python3.7/site-packages/airflow/example_dags/example_external_task_marker_dag.py took 0.132 seconds
[2023-04-07T15:20:18.511+0000] {processor.py:153} INFO - Started process (PID=5931) to work on /home/airflow/.local/lib/python3.7/site-packages/airflow/example_dags/example_external_task_marker_dag.py
[2023-04-07T15:20:18.512+0000] {processor.py:743} INFO - Processing file /home/airflow/.local/lib/python3.7/site-packages/airflow/example_dags/example_external_task_marker_dag.py for tasks to queue
[2023-04-07T15:20:18.512+0000] {logging_mixin.py:137} INFO - [2023-04-07T15:20:18.512+0000] {dagbag.py:532} INFO - Filling up the DagBag from /home/airflow/.local/lib/python3.7/site-packages/airflow/example_dags/example_external_task_marker_dag.py
[2023-04-07T15:20:18.524+0000] {processor.py:753} INFO - DAG(s) dict_keys(['example_external_task_marker_parent', 'example_external_task_marker_child']) retrieved from /home/airflow/.local/lib/python3.7/site-packages/airflow/example_dags/example_external_task_marker_dag.py
[2023-04-07T15:20:18.550+0000] {logging_mixin.py:137} INFO - [2023-04-07T15:20:18.549+0000] {dag.py:2705} INFO - Sync 2 DAGs
[2023-04-07T15:20:18.584+0000] {logging_mixin.py:137} INFO - [2023-04-07T15:20:18.584+0000] {dag.py:3456} INFO - Setting next_dagrun for example_external_task_marker_child to None, run_after=None
[2023-04-07T15:20:18.589+0000] {logging_mixin.py:137} INFO - [2023-04-07T15:20:18.589+0000] {dag.py:3456} INFO - Setting next_dagrun for example_external_task_marker_parent to None, run_after=None
[2023-04-07T15:20:18.605+0000] {processor.py:175} INFO - Processing /home/airflow/.local/lib/python3.7/site-packages/airflow/example_dags/example_external_task_marker_dag.py took 0.097 seconds
[2023-04-07T15:20:48.790+0000] {processor.py:153} INFO - Started process (PID=6154) to work on /home/airflow/.local/lib/python3.7/site-packages/airflow/example_dags/example_external_task_marker_dag.py
[2023-04-07T15:20:48.791+0000] {processor.py:743} INFO - Processing file /home/airflow/.local/lib/python3.7/site-packages/airflow/example_dags/example_external_task_marker_dag.py for tasks to queue
[2023-04-07T15:20:48.791+0000] {logging_mixin.py:137} INFO - [2023-04-07T15:20:48.791+0000] {dagbag.py:532} INFO - Filling up the DagBag from /home/airflow/.local/lib/python3.7/site-packages/airflow/example_dags/example_external_task_marker_dag.py
[2023-04-07T15:20:48.804+0000] {processor.py:753} INFO - DAG(s) dict_keys(['example_external_task_marker_parent', 'example_external_task_marker_child']) retrieved from /home/airflow/.local/lib/python3.7/site-packages/airflow/example_dags/example_external_task_marker_dag.py
[2023-04-07T15:20:48.831+0000] {logging_mixin.py:137} INFO - [2023-04-07T15:20:48.830+0000] {dag.py:2705} INFO - Sync 2 DAGs
[2023-04-07T15:20:48.864+0000] {logging_mixin.py:137} INFO - [2023-04-07T15:20:48.864+0000] {dag.py:3456} INFO - Setting next_dagrun for example_external_task_marker_child to None, run_after=None
[2023-04-07T15:20:48.868+0000] {logging_mixin.py:137} INFO - [2023-04-07T15:20:48.868+0000] {dag.py:3456} INFO - Setting next_dagrun for example_external_task_marker_parent to None, run_after=None
[2023-04-07T15:20:48.886+0000] {processor.py:175} INFO - Processing /home/airflow/.local/lib/python3.7/site-packages/airflow/example_dags/example_external_task_marker_dag.py took 0.098 seconds
[2023-04-07T15:24:26.736+0000] {processor.py:153} INFO - Started process (PID=347) to work on /home/airflow/.local/lib/python3.7/site-packages/airflow/example_dags/example_external_task_marker_dag.py
[2023-04-07T15:24:26.740+0000] {processor.py:743} INFO - Processing file /home/airflow/.local/lib/python3.7/site-packages/airflow/example_dags/example_external_task_marker_dag.py for tasks to queue
[2023-04-07T15:24:26.741+0000] {logging_mixin.py:137} INFO - [2023-04-07T15:24:26.741+0000] {dagbag.py:532} INFO - Filling up the DagBag from /home/airflow/.local/lib/python3.7/site-packages/airflow/example_dags/example_external_task_marker_dag.py
[2023-04-07T15:24:26.768+0000] {processor.py:753} INFO - DAG(s) dict_keys(['example_external_task_marker_child', 'example_external_task_marker_parent']) retrieved from /home/airflow/.local/lib/python3.7/site-packages/airflow/example_dags/example_external_task_marker_dag.py
[2023-04-07T15:24:26.819+0000] {logging_mixin.py:137} INFO - [2023-04-07T15:24:26.819+0000] {dag.py:2705} INFO - Sync 2 DAGs
[2023-04-07T15:24:26.851+0000] {logging_mixin.py:137} INFO - [2023-04-07T15:24:26.851+0000] {dag.py:3456} INFO - Setting next_dagrun for example_external_task_marker_child to None, run_after=None
[2023-04-07T15:24:26.855+0000] {logging_mixin.py:137} INFO - [2023-04-07T15:24:26.855+0000] {dag.py:3456} INFO - Setting next_dagrun for example_external_task_marker_parent to None, run_after=None
[2023-04-07T15:24:26.886+0000] {processor.py:175} INFO - Processing /home/airflow/.local/lib/python3.7/site-packages/airflow/example_dags/example_external_task_marker_dag.py took 0.155 seconds
[2023-04-07T15:24:57.828+0000] {processor.py:153} INFO - Started process (PID=570) to work on /home/airflow/.local/lib/python3.7/site-packages/airflow/example_dags/example_external_task_marker_dag.py
[2023-04-07T15:24:57.829+0000] {processor.py:743} INFO - Processing file /home/airflow/.local/lib/python3.7/site-packages/airflow/example_dags/example_external_task_marker_dag.py for tasks to queue
[2023-04-07T15:24:57.830+0000] {logging_mixin.py:137} INFO - [2023-04-07T15:24:57.829+0000] {dagbag.py:532} INFO - Filling up the DagBag from /home/airflow/.local/lib/python3.7/site-packages/airflow/example_dags/example_external_task_marker_dag.py
[2023-04-07T15:24:57.841+0000] {processor.py:753} INFO - DAG(s) dict_keys(['example_external_task_marker_child', 'example_external_task_marker_parent']) retrieved from /home/airflow/.local/lib/python3.7/site-packages/airflow/example_dags/example_external_task_marker_dag.py
[2023-04-07T15:24:57.853+0000] {logging_mixin.py:137} INFO - [2023-04-07T15:24:57.852+0000] {dag.py:2705} INFO - Sync 2 DAGs
[2023-04-07T15:24:57.886+0000] {logging_mixin.py:137} INFO - [2023-04-07T15:24:57.886+0000] {dag.py:3456} INFO - Setting next_dagrun for example_external_task_marker_child to None, run_after=None
[2023-04-07T15:24:57.890+0000] {logging_mixin.py:137} INFO - [2023-04-07T15:24:57.890+0000] {dag.py:3456} INFO - Setting next_dagrun for example_external_task_marker_parent to None, run_after=None
[2023-04-07T15:24:57.908+0000] {processor.py:175} INFO - Processing /home/airflow/.local/lib/python3.7/site-packages/airflow/example_dags/example_external_task_marker_dag.py took 0.083 seconds
[2023-04-07T15:25:28.692+0000] {processor.py:153} INFO - Started process (PID=791) to work on /home/airflow/.local/lib/python3.7/site-packages/airflow/example_dags/example_external_task_marker_dag.py
[2023-04-07T15:25:28.694+0000] {processor.py:743} INFO - Processing file /home/airflow/.local/lib/python3.7/site-packages/airflow/example_dags/example_external_task_marker_dag.py for tasks to queue
[2023-04-07T15:25:28.695+0000] {logging_mixin.py:137} INFO - [2023-04-07T15:25:28.695+0000] {dagbag.py:532} INFO - Filling up the DagBag from /home/airflow/.local/lib/python3.7/site-packages/airflow/example_dags/example_external_task_marker_dag.py
[2023-04-07T15:25:28.711+0000] {processor.py:753} INFO - DAG(s) dict_keys(['example_external_task_marker_parent', 'example_external_task_marker_child']) retrieved from /home/airflow/.local/lib/python3.7/site-packages/airflow/example_dags/example_external_task_marker_dag.py
[2023-04-07T15:25:28.802+0000] {logging_mixin.py:137} INFO - [2023-04-07T15:25:28.802+0000] {dag.py:2705} INFO - Sync 2 DAGs
[2023-04-07T15:25:28.838+0000] {logging_mixin.py:137} INFO - [2023-04-07T15:25:28.838+0000] {dag.py:3456} INFO - Setting next_dagrun for example_external_task_marker_child to None, run_after=None
[2023-04-07T15:25:28.842+0000] {logging_mixin.py:137} INFO - [2023-04-07T15:25:28.842+0000] {dag.py:3456} INFO - Setting next_dagrun for example_external_task_marker_parent to None, run_after=None
[2023-04-07T15:25:28.864+0000] {processor.py:175} INFO - Processing /home/airflow/.local/lib/python3.7/site-packages/airflow/example_dags/example_external_task_marker_dag.py took 0.174 seconds
[2023-04-07T15:25:58.966+0000] {processor.py:153} INFO - Started process (PID=1016) to work on /home/airflow/.local/lib/python3.7/site-packages/airflow/example_dags/example_external_task_marker_dag.py
[2023-04-07T15:25:58.969+0000] {processor.py:743} INFO - Processing file /home/airflow/.local/lib/python3.7/site-packages/airflow/example_dags/example_external_task_marker_dag.py for tasks to queue
[2023-04-07T15:25:58.970+0000] {logging_mixin.py:137} INFO - [2023-04-07T15:25:58.970+0000] {dagbag.py:532} INFO - Filling up the DagBag from /home/airflow/.local/lib/python3.7/site-packages/airflow/example_dags/example_external_task_marker_dag.py
[2023-04-07T15:25:58.984+0000] {processor.py:753} INFO - DAG(s) dict_keys(['example_external_task_marker_parent', 'example_external_task_marker_child']) retrieved from /home/airflow/.local/lib/python3.7/site-packages/airflow/example_dags/example_external_task_marker_dag.py
[2023-04-07T15:25:59.017+0000] {logging_mixin.py:137} INFO - [2023-04-07T15:25:59.017+0000] {dag.py:2705} INFO - Sync 2 DAGs
[2023-04-07T15:25:59.056+0000] {logging_mixin.py:137} INFO - [2023-04-07T15:25:59.056+0000] {dag.py:3456} INFO - Setting next_dagrun for example_external_task_marker_child to None, run_after=None
[2023-04-07T15:25:59.061+0000] {logging_mixin.py:137} INFO - [2023-04-07T15:25:59.061+0000] {dag.py:3456} INFO - Setting next_dagrun for example_external_task_marker_parent to None, run_after=None
[2023-04-07T15:25:59.089+0000] {processor.py:175} INFO - Processing /home/airflow/.local/lib/python3.7/site-packages/airflow/example_dags/example_external_task_marker_dag.py took 0.125 seconds
[2023-04-07T15:26:30.182+0000] {processor.py:153} INFO - Started process (PID=1250) to work on /home/airflow/.local/lib/python3.7/site-packages/airflow/example_dags/example_external_task_marker_dag.py
[2023-04-07T15:26:30.186+0000] {processor.py:743} INFO - Processing file /home/airflow/.local/lib/python3.7/site-packages/airflow/example_dags/example_external_task_marker_dag.py for tasks to queue
[2023-04-07T15:26:30.186+0000] {logging_mixin.py:137} INFO - [2023-04-07T15:26:30.186+0000] {dagbag.py:532} INFO - Filling up the DagBag from /home/airflow/.local/lib/python3.7/site-packages/airflow/example_dags/example_external_task_marker_dag.py
[2023-04-07T15:26:30.201+0000] {processor.py:753} INFO - DAG(s) dict_keys(['example_external_task_marker_parent', 'example_external_task_marker_child']) retrieved from /home/airflow/.local/lib/python3.7/site-packages/airflow/example_dags/example_external_task_marker_dag.py
[2023-04-07T15:26:30.246+0000] {logging_mixin.py:137} INFO - [2023-04-07T15:26:30.246+0000] {dag.py:2705} INFO - Sync 2 DAGs
[2023-04-07T15:26:30.287+0000] {logging_mixin.py:137} INFO - [2023-04-07T15:26:30.287+0000] {dag.py:3456} INFO - Setting next_dagrun for example_external_task_marker_child to None, run_after=None
[2023-04-07T15:26:30.291+0000] {logging_mixin.py:137} INFO - [2023-04-07T15:26:30.290+0000] {dag.py:3456} INFO - Setting next_dagrun for example_external_task_marker_parent to None, run_after=None
[2023-04-07T15:26:30.321+0000] {processor.py:175} INFO - Processing /home/airflow/.local/lib/python3.7/site-packages/airflow/example_dags/example_external_task_marker_dag.py took 0.148 seconds
[2023-04-07T15:27:01.486+0000] {processor.py:153} INFO - Started process (PID=1478) to work on /home/airflow/.local/lib/python3.7/site-packages/airflow/example_dags/example_external_task_marker_dag.py
[2023-04-07T15:27:01.487+0000] {processor.py:743} INFO - Processing file /home/airflow/.local/lib/python3.7/site-packages/airflow/example_dags/example_external_task_marker_dag.py for tasks to queue
[2023-04-07T15:27:01.487+0000] {logging_mixin.py:137} INFO - [2023-04-07T15:27:01.487+0000] {dagbag.py:532} INFO - Filling up the DagBag from /home/airflow/.local/lib/python3.7/site-packages/airflow/example_dags/example_external_task_marker_dag.py
[2023-04-07T15:27:01.500+0000] {processor.py:753} INFO - DAG(s) dict_keys(['example_external_task_marker_child', 'example_external_task_marker_parent']) retrieved from /home/airflow/.local/lib/python3.7/site-packages/airflow/example_dags/example_external_task_marker_dag.py
[2023-04-07T15:27:01.536+0000] {logging_mixin.py:137} INFO - [2023-04-07T15:27:01.535+0000] {dag.py:2705} INFO - Sync 2 DAGs
[2023-04-07T15:27:01.572+0000] {logging_mixin.py:137} INFO - [2023-04-07T15:27:01.572+0000] {dag.py:3456} INFO - Setting next_dagrun for example_external_task_marker_child to None, run_after=None
[2023-04-07T15:27:01.576+0000] {logging_mixin.py:137} INFO - [2023-04-07T15:27:01.576+0000] {dag.py:3456} INFO - Setting next_dagrun for example_external_task_marker_parent to None, run_after=None
[2023-04-07T15:27:01.603+0000] {processor.py:175} INFO - Processing /home/airflow/.local/lib/python3.7/site-packages/airflow/example_dags/example_external_task_marker_dag.py took 0.119 seconds
