[2023-04-07T14:59:11.415+0000] {processor.py:153} INFO - Started process (PID=345) to work on /home/airflow/.local/lib/python3.7/site-packages/airflow/example_dags/example_trigger_target_dag.py
[2023-04-07T14:59:11.416+0000] {processor.py:743} INFO - Processing file /home/airflow/.local/lib/python3.7/site-packages/airflow/example_dags/example_trigger_target_dag.py for tasks to queue
[2023-04-07T14:59:11.416+0000] {logging_mixin.py:137} INFO - [2023-04-07T14:59:11.416+0000] {dagbag.py:532} INFO - Filling up the DagBag from /home/airflow/.local/lib/python3.7/site-packages/airflow/example_dags/example_trigger_target_dag.py
[2023-04-07T14:59:11.438+0000] {processor.py:753} INFO - DAG(s) dict_keys(['example_trigger_target_dag']) retrieved from /home/airflow/.local/lib/python3.7/site-packages/airflow/example_dags/example_trigger_target_dag.py
[2023-04-07T14:59:11.521+0000] {logging_mixin.py:137} INFO - [2023-04-07T14:59:11.521+0000] {dag.py:2705} INFO - Sync 1 DAGs
[2023-04-07T14:59:11.548+0000] {logging_mixin.py:137} INFO - [2023-04-07T14:59:11.548+0000] {dag.py:3456} INFO - Setting next_dagrun for example_trigger_target_dag to None, run_after=None
[2023-04-07T14:59:11.570+0000] {processor.py:175} INFO - Processing /home/airflow/.local/lib/python3.7/site-packages/airflow/example_dags/example_trigger_target_dag.py took 0.157 seconds
[2023-04-07T14:59:41.618+0000] {processor.py:153} INFO - Started process (PID=568) to work on /home/airflow/.local/lib/python3.7/site-packages/airflow/example_dags/example_trigger_target_dag.py
[2023-04-07T14:59:41.619+0000] {processor.py:743} INFO - Processing file /home/airflow/.local/lib/python3.7/site-packages/airflow/example_dags/example_trigger_target_dag.py for tasks to queue
[2023-04-07T14:59:41.619+0000] {logging_mixin.py:137} INFO - [2023-04-07T14:59:41.619+0000] {dagbag.py:532} INFO - Filling up the DagBag from /home/airflow/.local/lib/python3.7/site-packages/airflow/example_dags/example_trigger_target_dag.py
[2023-04-07T14:59:41.643+0000] {processor.py:753} INFO - DAG(s) dict_keys(['example_trigger_target_dag']) retrieved from /home/airflow/.local/lib/python3.7/site-packages/airflow/example_dags/example_trigger_target_dag.py
[2023-04-07T14:59:41.655+0000] {logging_mixin.py:137} INFO - [2023-04-07T14:59:41.655+0000] {dag.py:2705} INFO - Sync 1 DAGs
[2023-04-07T14:59:41.687+0000] {logging_mixin.py:137} INFO - [2023-04-07T14:59:41.687+0000] {dag.py:3456} INFO - Setting next_dagrun for example_trigger_target_dag to None, run_after=None
[2023-04-07T14:59:41.713+0000] {processor.py:175} INFO - Processing /home/airflow/.local/lib/python3.7/site-packages/airflow/example_dags/example_trigger_target_dag.py took 0.098 seconds
[2023-04-07T15:00:12.059+0000] {processor.py:153} INFO - Started process (PID=791) to work on /home/airflow/.local/lib/python3.7/site-packages/airflow/example_dags/example_trigger_target_dag.py
[2023-04-07T15:00:12.060+0000] {processor.py:743} INFO - Processing file /home/airflow/.local/lib/python3.7/site-packages/airflow/example_dags/example_trigger_target_dag.py for tasks to queue
[2023-04-07T15:00:12.060+0000] {logging_mixin.py:137} INFO - [2023-04-07T15:00:12.060+0000] {dagbag.py:532} INFO - Filling up the DagBag from /home/airflow/.local/lib/python3.7/site-packages/airflow/example_dags/example_trigger_target_dag.py
[2023-04-07T15:00:12.081+0000] {processor.py:753} INFO - DAG(s) dict_keys(['example_trigger_target_dag']) retrieved from /home/airflow/.local/lib/python3.7/site-packages/airflow/example_dags/example_trigger_target_dag.py
[2023-04-07T15:00:12.103+0000] {logging_mixin.py:137} INFO - [2023-04-07T15:00:12.103+0000] {dag.py:2705} INFO - Sync 1 DAGs
[2023-04-07T15:00:12.130+0000] {logging_mixin.py:137} INFO - [2023-04-07T15:00:12.130+0000] {dag.py:3456} INFO - Setting next_dagrun for example_trigger_target_dag to None, run_after=None
[2023-04-07T15:00:12.146+0000] {processor.py:175} INFO - Processing /home/airflow/.local/lib/python3.7/site-packages/airflow/example_dags/example_trigger_target_dag.py took 0.090 seconds
[2023-04-07T15:00:42.724+0000] {processor.py:153} INFO - Started process (PID=1032) to work on /home/airflow/.local/lib/python3.7/site-packages/airflow/example_dags/example_trigger_target_dag.py
[2023-04-07T15:00:42.725+0000] {processor.py:743} INFO - Processing file /home/airflow/.local/lib/python3.7/site-packages/airflow/example_dags/example_trigger_target_dag.py for tasks to queue
[2023-04-07T15:00:42.726+0000] {logging_mixin.py:137} INFO - [2023-04-07T15:00:42.726+0000] {dagbag.py:532} INFO - Filling up the DagBag from /home/airflow/.local/lib/python3.7/site-packages/airflow/example_dags/example_trigger_target_dag.py
[2023-04-07T15:00:42.755+0000] {processor.py:753} INFO - DAG(s) dict_keys(['example_trigger_target_dag']) retrieved from /home/airflow/.local/lib/python3.7/site-packages/airflow/example_dags/example_trigger_target_dag.py
[2023-04-07T15:00:42.783+0000] {logging_mixin.py:137} INFO - [2023-04-07T15:00:42.782+0000] {dag.py:2705} INFO - Sync 1 DAGs
[2023-04-07T15:00:42.821+0000] {logging_mixin.py:137} INFO - [2023-04-07T15:00:42.821+0000] {dag.py:3456} INFO - Setting next_dagrun for example_trigger_target_dag to None, run_after=None
[2023-04-07T15:00:42.846+0000] {processor.py:175} INFO - Processing /home/airflow/.local/lib/python3.7/site-packages/airflow/example_dags/example_trigger_target_dag.py took 0.125 seconds
[2023-04-07T15:01:12.968+0000] {processor.py:153} INFO - Started process (PID=1255) to work on /home/airflow/.local/lib/python3.7/site-packages/airflow/example_dags/example_trigger_target_dag.py
[2023-04-07T15:01:12.969+0000] {processor.py:743} INFO - Processing file /home/airflow/.local/lib/python3.7/site-packages/airflow/example_dags/example_trigger_target_dag.py for tasks to queue
[2023-04-07T15:01:12.970+0000] {logging_mixin.py:137} INFO - [2023-04-07T15:01:12.970+0000] {dagbag.py:532} INFO - Filling up the DagBag from /home/airflow/.local/lib/python3.7/site-packages/airflow/example_dags/example_trigger_target_dag.py
[2023-04-07T15:01:12.993+0000] {processor.py:753} INFO - DAG(s) dict_keys(['example_trigger_target_dag']) retrieved from /home/airflow/.local/lib/python3.7/site-packages/airflow/example_dags/example_trigger_target_dag.py
[2023-04-07T15:01:13.022+0000] {logging_mixin.py:137} INFO - [2023-04-07T15:01:13.021+0000] {dag.py:2705} INFO - Sync 1 DAGs
[2023-04-07T15:01:13.056+0000] {logging_mixin.py:137} INFO - [2023-04-07T15:01:13.056+0000] {dag.py:3456} INFO - Setting next_dagrun for example_trigger_target_dag to None, run_after=None
[2023-04-07T15:01:13.077+0000] {processor.py:175} INFO - Processing /home/airflow/.local/lib/python3.7/site-packages/airflow/example_dags/example_trigger_target_dag.py took 0.111 seconds
[2023-04-07T15:01:43.119+0000] {processor.py:153} INFO - Started process (PID=1478) to work on /home/airflow/.local/lib/python3.7/site-packages/airflow/example_dags/example_trigger_target_dag.py
[2023-04-07T15:01:43.120+0000] {processor.py:743} INFO - Processing file /home/airflow/.local/lib/python3.7/site-packages/airflow/example_dags/example_trigger_target_dag.py for tasks to queue
[2023-04-07T15:01:43.120+0000] {logging_mixin.py:137} INFO - [2023-04-07T15:01:43.120+0000] {dagbag.py:532} INFO - Filling up the DagBag from /home/airflow/.local/lib/python3.7/site-packages/airflow/example_dags/example_trigger_target_dag.py
[2023-04-07T15:01:43.142+0000] {processor.py:753} INFO - DAG(s) dict_keys(['example_trigger_target_dag']) retrieved from /home/airflow/.local/lib/python3.7/site-packages/airflow/example_dags/example_trigger_target_dag.py
[2023-04-07T15:01:43.166+0000] {logging_mixin.py:137} INFO - [2023-04-07T15:01:43.166+0000] {dag.py:2705} INFO - Sync 1 DAGs
[2023-04-07T15:01:43.193+0000] {logging_mixin.py:137} INFO - [2023-04-07T15:01:43.193+0000] {dag.py:3456} INFO - Setting next_dagrun for example_trigger_target_dag to None, run_after=None
[2023-04-07T15:01:43.210+0000] {processor.py:175} INFO - Processing /home/airflow/.local/lib/python3.7/site-packages/airflow/example_dags/example_trigger_target_dag.py took 0.094 seconds
[2023-04-07T15:02:14.069+0000] {processor.py:153} INFO - Started process (PID=1712) to work on /home/airflow/.local/lib/python3.7/site-packages/airflow/example_dags/example_trigger_target_dag.py
[2023-04-07T15:02:14.069+0000] {processor.py:743} INFO - Processing file /home/airflow/.local/lib/python3.7/site-packages/airflow/example_dags/example_trigger_target_dag.py for tasks to queue
[2023-04-07T15:02:14.070+0000] {logging_mixin.py:137} INFO - [2023-04-07T15:02:14.070+0000] {dagbag.py:532} INFO - Filling up the DagBag from /home/airflow/.local/lib/python3.7/site-packages/airflow/example_dags/example_trigger_target_dag.py
[2023-04-07T15:02:14.095+0000] {processor.py:753} INFO - DAG(s) dict_keys(['example_trigger_target_dag']) retrieved from /home/airflow/.local/lib/python3.7/site-packages/airflow/example_dags/example_trigger_target_dag.py
[2023-04-07T15:02:14.119+0000] {logging_mixin.py:137} INFO - [2023-04-07T15:02:14.119+0000] {dag.py:2705} INFO - Sync 1 DAGs
[2023-04-07T15:02:14.147+0000] {logging_mixin.py:137} INFO - [2023-04-07T15:02:14.146+0000] {dag.py:3456} INFO - Setting next_dagrun for example_trigger_target_dag to None, run_after=None
[2023-04-07T15:02:14.163+0000] {processor.py:175} INFO - Processing /home/airflow/.local/lib/python3.7/site-packages/airflow/example_dags/example_trigger_target_dag.py took 0.097 seconds
[2023-04-07T15:02:44.393+0000] {processor.py:153} INFO - Started process (PID=1950) to work on /home/airflow/.local/lib/python3.7/site-packages/airflow/example_dags/example_trigger_target_dag.py
[2023-04-07T15:02:44.393+0000] {processor.py:743} INFO - Processing file /home/airflow/.local/lib/python3.7/site-packages/airflow/example_dags/example_trigger_target_dag.py for tasks to queue
[2023-04-07T15:02:44.394+0000] {logging_mixin.py:137} INFO - [2023-04-07T15:02:44.394+0000] {dagbag.py:532} INFO - Filling up the DagBag from /home/airflow/.local/lib/python3.7/site-packages/airflow/example_dags/example_trigger_target_dag.py
[2023-04-07T15:02:44.418+0000] {processor.py:753} INFO - DAG(s) dict_keys(['example_trigger_target_dag']) retrieved from /home/airflow/.local/lib/python3.7/site-packages/airflow/example_dags/example_trigger_target_dag.py
[2023-04-07T15:02:44.442+0000] {logging_mixin.py:137} INFO - [2023-04-07T15:02:44.442+0000] {dag.py:2705} INFO - Sync 1 DAGs
[2023-04-07T15:02:44.474+0000] {logging_mixin.py:137} INFO - [2023-04-07T15:02:44.474+0000] {dag.py:3456} INFO - Setting next_dagrun for example_trigger_target_dag to None, run_after=None
[2023-04-07T15:02:44.492+0000] {processor.py:175} INFO - Processing /home/airflow/.local/lib/python3.7/site-packages/airflow/example_dags/example_trigger_target_dag.py took 0.102 seconds
[2023-04-07T15:03:14.557+0000] {processor.py:153} INFO - Started process (PID=2178) to work on /home/airflow/.local/lib/python3.7/site-packages/airflow/example_dags/example_trigger_target_dag.py
[2023-04-07T15:03:14.558+0000] {processor.py:743} INFO - Processing file /home/airflow/.local/lib/python3.7/site-packages/airflow/example_dags/example_trigger_target_dag.py for tasks to queue
[2023-04-07T15:03:14.559+0000] {logging_mixin.py:137} INFO - [2023-04-07T15:03:14.558+0000] {dagbag.py:532} INFO - Filling up the DagBag from /home/airflow/.local/lib/python3.7/site-packages/airflow/example_dags/example_trigger_target_dag.py
[2023-04-07T15:03:14.579+0000] {processor.py:753} INFO - DAG(s) dict_keys(['example_trigger_target_dag']) retrieved from /home/airflow/.local/lib/python3.7/site-packages/airflow/example_dags/example_trigger_target_dag.py
[2023-04-07T15:03:14.602+0000] {logging_mixin.py:137} INFO - [2023-04-07T15:03:14.602+0000] {dag.py:2705} INFO - Sync 1 DAGs
[2023-04-07T15:03:14.633+0000] {logging_mixin.py:137} INFO - [2023-04-07T15:03:14.633+0000] {dag.py:3456} INFO - Setting next_dagrun for example_trigger_target_dag to None, run_after=None
[2023-04-07T15:03:14.654+0000] {processor.py:175} INFO - Processing /home/airflow/.local/lib/python3.7/site-packages/airflow/example_dags/example_trigger_target_dag.py took 0.099 seconds
[2023-04-07T15:03:44.845+0000] {processor.py:153} INFO - Started process (PID=2427) to work on /home/airflow/.local/lib/python3.7/site-packages/airflow/example_dags/example_trigger_target_dag.py
[2023-04-07T15:03:44.846+0000] {processor.py:743} INFO - Processing file /home/airflow/.local/lib/python3.7/site-packages/airflow/example_dags/example_trigger_target_dag.py for tasks to queue
[2023-04-07T15:03:44.850+0000] {logging_mixin.py:137} INFO - [2023-04-07T15:03:44.849+0000] {dagbag.py:532} INFO - Filling up the DagBag from /home/airflow/.local/lib/python3.7/site-packages/airflow/example_dags/example_trigger_target_dag.py
[2023-04-07T15:03:44.897+0000] {processor.py:753} INFO - DAG(s) dict_keys(['example_trigger_target_dag']) retrieved from /home/airflow/.local/lib/python3.7/site-packages/airflow/example_dags/example_trigger_target_dag.py
[2023-04-07T15:03:44.941+0000] {logging_mixin.py:137} INFO - [2023-04-07T15:03:44.941+0000] {dag.py:2705} INFO - Sync 1 DAGs
[2023-04-07T15:03:44.977+0000] {logging_mixin.py:137} INFO - [2023-04-07T15:03:44.977+0000] {dag.py:3456} INFO - Setting next_dagrun for example_trigger_target_dag to None, run_after=None
[2023-04-07T15:03:45.002+0000] {processor.py:175} INFO - Processing /home/airflow/.local/lib/python3.7/site-packages/airflow/example_dags/example_trigger_target_dag.py took 0.162 seconds
[2023-04-07T15:04:15.249+0000] {processor.py:153} INFO - Started process (PID=2693) to work on /home/airflow/.local/lib/python3.7/site-packages/airflow/example_dags/example_trigger_target_dag.py
[2023-04-07T15:04:15.249+0000] {processor.py:743} INFO - Processing file /home/airflow/.local/lib/python3.7/site-packages/airflow/example_dags/example_trigger_target_dag.py for tasks to queue
[2023-04-07T15:04:15.250+0000] {logging_mixin.py:137} INFO - [2023-04-07T15:04:15.250+0000] {dagbag.py:532} INFO - Filling up the DagBag from /home/airflow/.local/lib/python3.7/site-packages/airflow/example_dags/example_trigger_target_dag.py
[2023-04-07T15:04:15.273+0000] {processor.py:753} INFO - DAG(s) dict_keys(['example_trigger_target_dag']) retrieved from /home/airflow/.local/lib/python3.7/site-packages/airflow/example_dags/example_trigger_target_dag.py
[2023-04-07T15:04:15.299+0000] {logging_mixin.py:137} INFO - [2023-04-07T15:04:15.299+0000] {dag.py:2705} INFO - Sync 1 DAGs
[2023-04-07T15:04:15.333+0000] {logging_mixin.py:137} INFO - [2023-04-07T15:04:15.333+0000] {dag.py:3456} INFO - Setting next_dagrun for example_trigger_target_dag to None, run_after=None
[2023-04-07T15:04:15.356+0000] {processor.py:175} INFO - Processing /home/airflow/.local/lib/python3.7/site-packages/airflow/example_dags/example_trigger_target_dag.py took 0.110 seconds
[2023-04-07T15:04:45.544+0000] {processor.py:153} INFO - Started process (PID=2916) to work on /home/airflow/.local/lib/python3.7/site-packages/airflow/example_dags/example_trigger_target_dag.py
[2023-04-07T15:04:45.545+0000] {processor.py:743} INFO - Processing file /home/airflow/.local/lib/python3.7/site-packages/airflow/example_dags/example_trigger_target_dag.py for tasks to queue
[2023-04-07T15:04:45.545+0000] {logging_mixin.py:137} INFO - [2023-04-07T15:04:45.545+0000] {dagbag.py:532} INFO - Filling up the DagBag from /home/airflow/.local/lib/python3.7/site-packages/airflow/example_dags/example_trigger_target_dag.py
[2023-04-07T15:04:45.570+0000] {processor.py:753} INFO - DAG(s) dict_keys(['example_trigger_target_dag']) retrieved from /home/airflow/.local/lib/python3.7/site-packages/airflow/example_dags/example_trigger_target_dag.py
[2023-04-07T15:04:45.597+0000] {logging_mixin.py:137} INFO - [2023-04-07T15:04:45.597+0000] {dag.py:2705} INFO - Sync 1 DAGs
[2023-04-07T15:04:45.632+0000] {logging_mixin.py:137} INFO - [2023-04-07T15:04:45.632+0000] {dag.py:3456} INFO - Setting next_dagrun for example_trigger_target_dag to None, run_after=None
[2023-04-07T15:04:45.656+0000] {processor.py:175} INFO - Processing /home/airflow/.local/lib/python3.7/site-packages/airflow/example_dags/example_trigger_target_dag.py took 0.115 seconds
[2023-04-07T15:07:32.934+0000] {processor.py:153} INFO - Started process (PID=298) to work on /home/airflow/.local/lib/python3.7/site-packages/airflow/example_dags/example_trigger_target_dag.py
[2023-04-07T15:07:32.935+0000] {processor.py:743} INFO - Processing file /home/airflow/.local/lib/python3.7/site-packages/airflow/example_dags/example_trigger_target_dag.py for tasks to queue
[2023-04-07T15:07:32.935+0000] {logging_mixin.py:137} INFO - [2023-04-07T15:07:32.935+0000] {dagbag.py:532} INFO - Filling up the DagBag from /home/airflow/.local/lib/python3.7/site-packages/airflow/example_dags/example_trigger_target_dag.py
[2023-04-07T15:07:32.957+0000] {processor.py:753} INFO - DAG(s) dict_keys(['example_trigger_target_dag']) retrieved from /home/airflow/.local/lib/python3.7/site-packages/airflow/example_dags/example_trigger_target_dag.py
[2023-04-07T15:07:32.980+0000] {logging_mixin.py:137} INFO - [2023-04-07T15:07:32.980+0000] {dag.py:2705} INFO - Sync 1 DAGs
[2023-04-07T15:07:33.011+0000] {logging_mixin.py:137} INFO - [2023-04-07T15:07:33.011+0000] {dag.py:3456} INFO - Setting next_dagrun for example_trigger_target_dag to None, run_after=None
[2023-04-07T15:07:33.028+0000] {processor.py:175} INFO - Processing /home/airflow/.local/lib/python3.7/site-packages/airflow/example_dags/example_trigger_target_dag.py took 0.097 seconds
[2023-04-07T15:08:03.687+0000] {processor.py:153} INFO - Started process (PID=519) to work on /home/airflow/.local/lib/python3.7/site-packages/airflow/example_dags/example_trigger_target_dag.py
[2023-04-07T15:08:03.687+0000] {processor.py:743} INFO - Processing file /home/airflow/.local/lib/python3.7/site-packages/airflow/example_dags/example_trigger_target_dag.py for tasks to queue
[2023-04-07T15:08:03.688+0000] {logging_mixin.py:137} INFO - [2023-04-07T15:08:03.687+0000] {dagbag.py:532} INFO - Filling up the DagBag from /home/airflow/.local/lib/python3.7/site-packages/airflow/example_dags/example_trigger_target_dag.py
[2023-04-07T15:08:03.710+0000] {processor.py:753} INFO - DAG(s) dict_keys(['example_trigger_target_dag']) retrieved from /home/airflow/.local/lib/python3.7/site-packages/airflow/example_dags/example_trigger_target_dag.py
[2023-04-07T15:08:03.733+0000] {logging_mixin.py:137} INFO - [2023-04-07T15:08:03.733+0000] {dag.py:2705} INFO - Sync 1 DAGs
[2023-04-07T15:08:03.766+0000] {logging_mixin.py:137} INFO - [2023-04-07T15:08:03.766+0000] {dag.py:3456} INFO - Setting next_dagrun for example_trigger_target_dag to None, run_after=None
[2023-04-07T15:08:03.785+0000] {processor.py:175} INFO - Processing /home/airflow/.local/lib/python3.7/site-packages/airflow/example_dags/example_trigger_target_dag.py took 0.101 seconds
[2023-04-07T15:08:34.827+0000] {processor.py:153} INFO - Started process (PID=744) to work on /home/airflow/.local/lib/python3.7/site-packages/airflow/example_dags/example_trigger_target_dag.py
[2023-04-07T15:08:34.827+0000] {processor.py:743} INFO - Processing file /home/airflow/.local/lib/python3.7/site-packages/airflow/example_dags/example_trigger_target_dag.py for tasks to queue
[2023-04-07T15:08:34.828+0000] {logging_mixin.py:137} INFO - [2023-04-07T15:08:34.828+0000] {dagbag.py:532} INFO - Filling up the DagBag from /home/airflow/.local/lib/python3.7/site-packages/airflow/example_dags/example_trigger_target_dag.py
[2023-04-07T15:08:34.850+0000] {processor.py:753} INFO - DAG(s) dict_keys(['example_trigger_target_dag']) retrieved from /home/airflow/.local/lib/python3.7/site-packages/airflow/example_dags/example_trigger_target_dag.py
[2023-04-07T15:08:34.879+0000] {logging_mixin.py:137} INFO - [2023-04-07T15:08:34.879+0000] {dag.py:2705} INFO - Sync 1 DAGs
[2023-04-07T15:08:34.920+0000] {logging_mixin.py:137} INFO - [2023-04-07T15:08:34.920+0000] {dag.py:3456} INFO - Setting next_dagrun for example_trigger_target_dag to None, run_after=None
[2023-04-07T15:08:34.940+0000] {processor.py:175} INFO - Processing /home/airflow/.local/lib/python3.7/site-packages/airflow/example_dags/example_trigger_target_dag.py took 0.116 seconds
[2023-04-07T15:09:05.682+0000] {processor.py:153} INFO - Started process (PID=970) to work on /home/airflow/.local/lib/python3.7/site-packages/airflow/example_dags/example_trigger_target_dag.py
[2023-04-07T15:09:05.682+0000] {processor.py:743} INFO - Processing file /home/airflow/.local/lib/python3.7/site-packages/airflow/example_dags/example_trigger_target_dag.py for tasks to queue
[2023-04-07T15:09:05.683+0000] {logging_mixin.py:137} INFO - [2023-04-07T15:09:05.683+0000] {dagbag.py:532} INFO - Filling up the DagBag from /home/airflow/.local/lib/python3.7/site-packages/airflow/example_dags/example_trigger_target_dag.py
[2023-04-07T15:09:05.715+0000] {processor.py:753} INFO - DAG(s) dict_keys(['example_trigger_target_dag']) retrieved from /home/airflow/.local/lib/python3.7/site-packages/airflow/example_dags/example_trigger_target_dag.py
[2023-04-07T15:09:05.746+0000] {logging_mixin.py:137} INFO - [2023-04-07T15:09:05.746+0000] {dag.py:2705} INFO - Sync 1 DAGs
[2023-04-07T15:09:05.781+0000] {logging_mixin.py:137} INFO - [2023-04-07T15:09:05.781+0000] {dag.py:3456} INFO - Setting next_dagrun for example_trigger_target_dag to None, run_after=None
[2023-04-07T15:09:05.806+0000] {processor.py:175} INFO - Processing /home/airflow/.local/lib/python3.7/site-packages/airflow/example_dags/example_trigger_target_dag.py took 0.127 seconds
[2023-04-07T15:09:35.963+0000] {processor.py:153} INFO - Started process (PID=1203) to work on /home/airflow/.local/lib/python3.7/site-packages/airflow/example_dags/example_trigger_target_dag.py
[2023-04-07T15:09:35.963+0000] {processor.py:743} INFO - Processing file /home/airflow/.local/lib/python3.7/site-packages/airflow/example_dags/example_trigger_target_dag.py for tasks to queue
[2023-04-07T15:09:35.964+0000] {logging_mixin.py:137} INFO - [2023-04-07T15:09:35.964+0000] {dagbag.py:532} INFO - Filling up the DagBag from /home/airflow/.local/lib/python3.7/site-packages/airflow/example_dags/example_trigger_target_dag.py
[2023-04-07T15:09:35.990+0000] {processor.py:753} INFO - DAG(s) dict_keys(['example_trigger_target_dag']) retrieved from /home/airflow/.local/lib/python3.7/site-packages/airflow/example_dags/example_trigger_target_dag.py
[2023-04-07T15:09:36.015+0000] {logging_mixin.py:137} INFO - [2023-04-07T15:09:36.015+0000] {dag.py:2705} INFO - Sync 1 DAGs
[2023-04-07T15:09:36.051+0000] {logging_mixin.py:137} INFO - [2023-04-07T15:09:36.051+0000] {dag.py:3456} INFO - Setting next_dagrun for example_trigger_target_dag to None, run_after=None
[2023-04-07T15:09:36.077+0000] {processor.py:175} INFO - Processing /home/airflow/.local/lib/python3.7/site-packages/airflow/example_dags/example_trigger_target_dag.py took 0.117 seconds
[2023-04-07T15:10:06.741+0000] {processor.py:153} INFO - Started process (PID=1428) to work on /home/airflow/.local/lib/python3.7/site-packages/airflow/example_dags/example_trigger_target_dag.py
[2023-04-07T15:10:06.745+0000] {processor.py:743} INFO - Processing file /home/airflow/.local/lib/python3.7/site-packages/airflow/example_dags/example_trigger_target_dag.py for tasks to queue
[2023-04-07T15:10:06.745+0000] {logging_mixin.py:137} INFO - [2023-04-07T15:10:06.745+0000] {dagbag.py:532} INFO - Filling up the DagBag from /home/airflow/.local/lib/python3.7/site-packages/airflow/example_dags/example_trigger_target_dag.py
[2023-04-07T15:10:06.770+0000] {processor.py:753} INFO - DAG(s) dict_keys(['example_trigger_target_dag']) retrieved from /home/airflow/.local/lib/python3.7/site-packages/airflow/example_dags/example_trigger_target_dag.py
[2023-04-07T15:10:06.801+0000] {logging_mixin.py:137} INFO - [2023-04-07T15:10:06.801+0000] {dag.py:2705} INFO - Sync 1 DAGs
[2023-04-07T15:10:06.842+0000] {logging_mixin.py:137} INFO - [2023-04-07T15:10:06.842+0000] {dag.py:3456} INFO - Setting next_dagrun for example_trigger_target_dag to None, run_after=None
[2023-04-07T15:10:06.869+0000] {processor.py:175} INFO - Processing /home/airflow/.local/lib/python3.7/site-packages/airflow/example_dags/example_trigger_target_dag.py took 0.131 seconds
[2023-04-07T15:10:37.575+0000] {processor.py:153} INFO - Started process (PID=1648) to work on /home/airflow/.local/lib/python3.7/site-packages/airflow/example_dags/example_trigger_target_dag.py
[2023-04-07T15:10:37.576+0000] {processor.py:743} INFO - Processing file /home/airflow/.local/lib/python3.7/site-packages/airflow/example_dags/example_trigger_target_dag.py for tasks to queue
[2023-04-07T15:10:37.576+0000] {logging_mixin.py:137} INFO - [2023-04-07T15:10:37.576+0000] {dagbag.py:532} INFO - Filling up the DagBag from /home/airflow/.local/lib/python3.7/site-packages/airflow/example_dags/example_trigger_target_dag.py
[2023-04-07T15:10:37.610+0000] {processor.py:753} INFO - DAG(s) dict_keys(['example_trigger_target_dag']) retrieved from /home/airflow/.local/lib/python3.7/site-packages/airflow/example_dags/example_trigger_target_dag.py
[2023-04-07T15:10:37.638+0000] {logging_mixin.py:137} INFO - [2023-04-07T15:10:37.638+0000] {dag.py:2705} INFO - Sync 1 DAGs
[2023-04-07T15:10:37.684+0000] {logging_mixin.py:137} INFO - [2023-04-07T15:10:37.683+0000] {dag.py:3456} INFO - Setting next_dagrun for example_trigger_target_dag to None, run_after=None
[2023-04-07T15:10:37.712+0000] {processor.py:175} INFO - Processing /home/airflow/.local/lib/python3.7/site-packages/airflow/example_dags/example_trigger_target_dag.py took 0.140 seconds
[2023-04-07T15:11:07.919+0000] {processor.py:153} INFO - Started process (PID=1871) to work on /home/airflow/.local/lib/python3.7/site-packages/airflow/example_dags/example_trigger_target_dag.py
[2023-04-07T15:11:07.919+0000] {processor.py:743} INFO - Processing file /home/airflow/.local/lib/python3.7/site-packages/airflow/example_dags/example_trigger_target_dag.py for tasks to queue
[2023-04-07T15:11:07.920+0000] {logging_mixin.py:137} INFO - [2023-04-07T15:11:07.920+0000] {dagbag.py:532} INFO - Filling up the DagBag from /home/airflow/.local/lib/python3.7/site-packages/airflow/example_dags/example_trigger_target_dag.py
[2023-04-07T15:11:07.943+0000] {processor.py:753} INFO - DAG(s) dict_keys(['example_trigger_target_dag']) retrieved from /home/airflow/.local/lib/python3.7/site-packages/airflow/example_dags/example_trigger_target_dag.py
[2023-04-07T15:11:07.970+0000] {logging_mixin.py:137} INFO - [2023-04-07T15:11:07.970+0000] {dag.py:2705} INFO - Sync 1 DAGs
[2023-04-07T15:11:08.006+0000] {logging_mixin.py:137} INFO - [2023-04-07T15:11:08.006+0000] {dag.py:3456} INFO - Setting next_dagrun for example_trigger_target_dag to None, run_after=None
[2023-04-07T15:11:08.027+0000] {processor.py:175} INFO - Processing /home/airflow/.local/lib/python3.7/site-packages/airflow/example_dags/example_trigger_target_dag.py took 0.111 seconds
[2023-04-07T15:11:38.140+0000] {processor.py:153} INFO - Started process (PID=2094) to work on /home/airflow/.local/lib/python3.7/site-packages/airflow/example_dags/example_trigger_target_dag.py
[2023-04-07T15:11:38.140+0000] {processor.py:743} INFO - Processing file /home/airflow/.local/lib/python3.7/site-packages/airflow/example_dags/example_trigger_target_dag.py for tasks to queue
[2023-04-07T15:11:38.141+0000] {logging_mixin.py:137} INFO - [2023-04-07T15:11:38.141+0000] {dagbag.py:532} INFO - Filling up the DagBag from /home/airflow/.local/lib/python3.7/site-packages/airflow/example_dags/example_trigger_target_dag.py
[2023-04-07T15:11:38.164+0000] {processor.py:753} INFO - DAG(s) dict_keys(['example_trigger_target_dag']) retrieved from /home/airflow/.local/lib/python3.7/site-packages/airflow/example_dags/example_trigger_target_dag.py
[2023-04-07T15:11:38.192+0000] {logging_mixin.py:137} INFO - [2023-04-07T15:11:38.192+0000] {dag.py:2705} INFO - Sync 1 DAGs
[2023-04-07T15:11:38.228+0000] {logging_mixin.py:137} INFO - [2023-04-07T15:11:38.228+0000] {dag.py:3456} INFO - Setting next_dagrun for example_trigger_target_dag to None, run_after=None
[2023-04-07T15:11:38.258+0000] {processor.py:175} INFO - Processing /home/airflow/.local/lib/python3.7/site-packages/airflow/example_dags/example_trigger_target_dag.py took 0.121 seconds
[2023-04-07T15:12:08.352+0000] {processor.py:153} INFO - Started process (PID=2317) to work on /home/airflow/.local/lib/python3.7/site-packages/airflow/example_dags/example_trigger_target_dag.py
[2023-04-07T15:12:08.352+0000] {processor.py:743} INFO - Processing file /home/airflow/.local/lib/python3.7/site-packages/airflow/example_dags/example_trigger_target_dag.py for tasks to queue
[2023-04-07T15:12:08.353+0000] {logging_mixin.py:137} INFO - [2023-04-07T15:12:08.353+0000] {dagbag.py:532} INFO - Filling up the DagBag from /home/airflow/.local/lib/python3.7/site-packages/airflow/example_dags/example_trigger_target_dag.py
[2023-04-07T15:12:08.377+0000] {processor.py:753} INFO - DAG(s) dict_keys(['example_trigger_target_dag']) retrieved from /home/airflow/.local/lib/python3.7/site-packages/airflow/example_dags/example_trigger_target_dag.py
[2023-04-07T15:12:08.407+0000] {logging_mixin.py:137} INFO - [2023-04-07T15:12:08.407+0000] {dag.py:2705} INFO - Sync 1 DAGs
[2023-04-07T15:12:08.444+0000] {logging_mixin.py:137} INFO - [2023-04-07T15:12:08.444+0000] {dag.py:3456} INFO - Setting next_dagrun for example_trigger_target_dag to None, run_after=None
[2023-04-07T15:12:08.468+0000] {processor.py:175} INFO - Processing /home/airflow/.local/lib/python3.7/site-packages/airflow/example_dags/example_trigger_target_dag.py took 0.121 seconds
[2023-04-07T15:12:39.033+0000] {processor.py:153} INFO - Started process (PID=2540) to work on /home/airflow/.local/lib/python3.7/site-packages/airflow/example_dags/example_trigger_target_dag.py
[2023-04-07T15:12:39.033+0000] {processor.py:743} INFO - Processing file /home/airflow/.local/lib/python3.7/site-packages/airflow/example_dags/example_trigger_target_dag.py for tasks to queue
[2023-04-07T15:12:39.034+0000] {logging_mixin.py:137} INFO - [2023-04-07T15:12:39.033+0000] {dagbag.py:532} INFO - Filling up the DagBag from /home/airflow/.local/lib/python3.7/site-packages/airflow/example_dags/example_trigger_target_dag.py
[2023-04-07T15:12:39.057+0000] {processor.py:753} INFO - DAG(s) dict_keys(['example_trigger_target_dag']) retrieved from /home/airflow/.local/lib/python3.7/site-packages/airflow/example_dags/example_trigger_target_dag.py
[2023-04-07T15:12:39.087+0000] {logging_mixin.py:137} INFO - [2023-04-07T15:12:39.086+0000] {dag.py:2705} INFO - Sync 1 DAGs
[2023-04-07T15:12:39.125+0000] {logging_mixin.py:137} INFO - [2023-04-07T15:12:39.125+0000] {dag.py:3456} INFO - Setting next_dagrun for example_trigger_target_dag to None, run_after=None
[2023-04-07T15:12:39.147+0000] {processor.py:175} INFO - Processing /home/airflow/.local/lib/python3.7/site-packages/airflow/example_dags/example_trigger_target_dag.py took 0.116 seconds
[2023-04-07T15:13:09.277+0000] {processor.py:153} INFO - Started process (PID=2763) to work on /home/airflow/.local/lib/python3.7/site-packages/airflow/example_dags/example_trigger_target_dag.py
[2023-04-07T15:13:09.277+0000] {processor.py:743} INFO - Processing file /home/airflow/.local/lib/python3.7/site-packages/airflow/example_dags/example_trigger_target_dag.py for tasks to queue
[2023-04-07T15:13:09.278+0000] {logging_mixin.py:137} INFO - [2023-04-07T15:13:09.278+0000] {dagbag.py:532} INFO - Filling up the DagBag from /home/airflow/.local/lib/python3.7/site-packages/airflow/example_dags/example_trigger_target_dag.py
[2023-04-07T15:13:09.301+0000] {processor.py:753} INFO - DAG(s) dict_keys(['example_trigger_target_dag']) retrieved from /home/airflow/.local/lib/python3.7/site-packages/airflow/example_dags/example_trigger_target_dag.py
[2023-04-07T15:13:09.328+0000] {logging_mixin.py:137} INFO - [2023-04-07T15:13:09.328+0000] {dag.py:2705} INFO - Sync 1 DAGs
[2023-04-07T15:13:09.367+0000] {logging_mixin.py:137} INFO - [2023-04-07T15:13:09.367+0000] {dag.py:3456} INFO - Setting next_dagrun for example_trigger_target_dag to None, run_after=None
[2023-04-07T15:13:09.389+0000] {processor.py:175} INFO - Processing /home/airflow/.local/lib/python3.7/site-packages/airflow/example_dags/example_trigger_target_dag.py took 0.115 seconds
[2023-04-07T15:13:39.491+0000] {processor.py:153} INFO - Started process (PID=2989) to work on /home/airflow/.local/lib/python3.7/site-packages/airflow/example_dags/example_trigger_target_dag.py
[2023-04-07T15:13:39.491+0000] {processor.py:743} INFO - Processing file /home/airflow/.local/lib/python3.7/site-packages/airflow/example_dags/example_trigger_target_dag.py for tasks to queue
[2023-04-07T15:13:39.492+0000] {logging_mixin.py:137} INFO - [2023-04-07T15:13:39.492+0000] {dagbag.py:532} INFO - Filling up the DagBag from /home/airflow/.local/lib/python3.7/site-packages/airflow/example_dags/example_trigger_target_dag.py
[2023-04-07T15:13:39.518+0000] {processor.py:753} INFO - DAG(s) dict_keys(['example_trigger_target_dag']) retrieved from /home/airflow/.local/lib/python3.7/site-packages/airflow/example_dags/example_trigger_target_dag.py
[2023-04-07T15:13:39.546+0000] {logging_mixin.py:137} INFO - [2023-04-07T15:13:39.546+0000] {dag.py:2705} INFO - Sync 1 DAGs
[2023-04-07T15:13:39.590+0000] {logging_mixin.py:137} INFO - [2023-04-07T15:13:39.590+0000] {dag.py:3456} INFO - Setting next_dagrun for example_trigger_target_dag to None, run_after=None
[2023-04-07T15:13:39.613+0000] {processor.py:175} INFO - Processing /home/airflow/.local/lib/python3.7/site-packages/airflow/example_dags/example_trigger_target_dag.py took 0.125 seconds
[2023-04-07T15:14:09.924+0000] {processor.py:153} INFO - Started process (PID=3213) to work on /home/airflow/.local/lib/python3.7/site-packages/airflow/example_dags/example_trigger_target_dag.py
[2023-04-07T15:14:09.925+0000] {processor.py:743} INFO - Processing file /home/airflow/.local/lib/python3.7/site-packages/airflow/example_dags/example_trigger_target_dag.py for tasks to queue
[2023-04-07T15:14:09.926+0000] {logging_mixin.py:137} INFO - [2023-04-07T15:14:09.926+0000] {dagbag.py:532} INFO - Filling up the DagBag from /home/airflow/.local/lib/python3.7/site-packages/airflow/example_dags/example_trigger_target_dag.py
[2023-04-07T15:14:09.951+0000] {processor.py:753} INFO - DAG(s) dict_keys(['example_trigger_target_dag']) retrieved from /home/airflow/.local/lib/python3.7/site-packages/airflow/example_dags/example_trigger_target_dag.py
[2023-04-07T15:14:09.978+0000] {logging_mixin.py:137} INFO - [2023-04-07T15:14:09.978+0000] {dag.py:2705} INFO - Sync 1 DAGs
[2023-04-07T15:14:10.015+0000] {logging_mixin.py:137} INFO - [2023-04-07T15:14:10.015+0000] {dag.py:3456} INFO - Setting next_dagrun for example_trigger_target_dag to None, run_after=None
[2023-04-07T15:14:10.036+0000] {processor.py:175} INFO - Processing /home/airflow/.local/lib/python3.7/site-packages/airflow/example_dags/example_trigger_target_dag.py took 0.115 seconds
[2023-04-07T15:14:40.872+0000] {processor.py:153} INFO - Started process (PID=3436) to work on /home/airflow/.local/lib/python3.7/site-packages/airflow/example_dags/example_trigger_target_dag.py
[2023-04-07T15:14:40.872+0000] {processor.py:743} INFO - Processing file /home/airflow/.local/lib/python3.7/site-packages/airflow/example_dags/example_trigger_target_dag.py for tasks to queue
[2023-04-07T15:14:40.873+0000] {logging_mixin.py:137} INFO - [2023-04-07T15:14:40.872+0000] {dagbag.py:532} INFO - Filling up the DagBag from /home/airflow/.local/lib/python3.7/site-packages/airflow/example_dags/example_trigger_target_dag.py
[2023-04-07T15:14:40.893+0000] {processor.py:753} INFO - DAG(s) dict_keys(['example_trigger_target_dag']) retrieved from /home/airflow/.local/lib/python3.7/site-packages/airflow/example_dags/example_trigger_target_dag.py
[2023-04-07T15:14:40.916+0000] {logging_mixin.py:137} INFO - [2023-04-07T15:14:40.916+0000] {dag.py:2705} INFO - Sync 1 DAGs
[2023-04-07T15:14:40.948+0000] {logging_mixin.py:137} INFO - [2023-04-07T15:14:40.948+0000] {dag.py:3456} INFO - Setting next_dagrun for example_trigger_target_dag to None, run_after=None
[2023-04-07T15:14:40.965+0000] {processor.py:175} INFO - Processing /home/airflow/.local/lib/python3.7/site-packages/airflow/example_dags/example_trigger_target_dag.py took 0.096 seconds
[2023-04-07T15:15:11.435+0000] {processor.py:153} INFO - Started process (PID=3660) to work on /home/airflow/.local/lib/python3.7/site-packages/airflow/example_dags/example_trigger_target_dag.py
[2023-04-07T15:15:11.436+0000] {processor.py:743} INFO - Processing file /home/airflow/.local/lib/python3.7/site-packages/airflow/example_dags/example_trigger_target_dag.py for tasks to queue
[2023-04-07T15:15:11.436+0000] {logging_mixin.py:137} INFO - [2023-04-07T15:15:11.436+0000] {dagbag.py:532} INFO - Filling up the DagBag from /home/airflow/.local/lib/python3.7/site-packages/airflow/example_dags/example_trigger_target_dag.py
[2023-04-07T15:15:11.457+0000] {processor.py:753} INFO - DAG(s) dict_keys(['example_trigger_target_dag']) retrieved from /home/airflow/.local/lib/python3.7/site-packages/airflow/example_dags/example_trigger_target_dag.py
[2023-04-07T15:15:11.479+0000] {logging_mixin.py:137} INFO - [2023-04-07T15:15:11.479+0000] {dag.py:2705} INFO - Sync 1 DAGs
[2023-04-07T15:15:11.510+0000] {logging_mixin.py:137} INFO - [2023-04-07T15:15:11.510+0000] {dag.py:3456} INFO - Setting next_dagrun for example_trigger_target_dag to None, run_after=None
[2023-04-07T15:15:11.527+0000] {processor.py:175} INFO - Processing /home/airflow/.local/lib/python3.7/site-packages/airflow/example_dags/example_trigger_target_dag.py took 0.095 seconds
[2023-04-07T15:15:42.366+0000] {processor.py:153} INFO - Started process (PID=3883) to work on /home/airflow/.local/lib/python3.7/site-packages/airflow/example_dags/example_trigger_target_dag.py
[2023-04-07T15:15:42.366+0000] {processor.py:743} INFO - Processing file /home/airflow/.local/lib/python3.7/site-packages/airflow/example_dags/example_trigger_target_dag.py for tasks to queue
[2023-04-07T15:15:42.367+0000] {logging_mixin.py:137} INFO - [2023-04-07T15:15:42.367+0000] {dagbag.py:532} INFO - Filling up the DagBag from /home/airflow/.local/lib/python3.7/site-packages/airflow/example_dags/example_trigger_target_dag.py
[2023-04-07T15:15:42.408+0000] {processor.py:753} INFO - DAG(s) dict_keys(['example_trigger_target_dag']) retrieved from /home/airflow/.local/lib/python3.7/site-packages/airflow/example_dags/example_trigger_target_dag.py
[2023-04-07T15:15:42.440+0000] {logging_mixin.py:137} INFO - [2023-04-07T15:15:42.439+0000] {dag.py:2705} INFO - Sync 1 DAGs
[2023-04-07T15:15:42.497+0000] {logging_mixin.py:137} INFO - [2023-04-07T15:15:42.497+0000] {dag.py:3456} INFO - Setting next_dagrun for example_trigger_target_dag to None, run_after=None
[2023-04-07T15:15:42.526+0000] {processor.py:175} INFO - Processing /home/airflow/.local/lib/python3.7/site-packages/airflow/example_dags/example_trigger_target_dag.py took 0.163 seconds
[2023-04-07T15:16:13.445+0000] {processor.py:153} INFO - Started process (PID=4106) to work on /home/airflow/.local/lib/python3.7/site-packages/airflow/example_dags/example_trigger_target_dag.py
[2023-04-07T15:16:13.446+0000] {processor.py:743} INFO - Processing file /home/airflow/.local/lib/python3.7/site-packages/airflow/example_dags/example_trigger_target_dag.py for tasks to queue
[2023-04-07T15:16:13.446+0000] {logging_mixin.py:137} INFO - [2023-04-07T15:16:13.446+0000] {dagbag.py:532} INFO - Filling up the DagBag from /home/airflow/.local/lib/python3.7/site-packages/airflow/example_dags/example_trigger_target_dag.py
[2023-04-07T15:16:13.468+0000] {processor.py:753} INFO - DAG(s) dict_keys(['example_trigger_target_dag']) retrieved from /home/airflow/.local/lib/python3.7/site-packages/airflow/example_dags/example_trigger_target_dag.py
[2023-04-07T15:16:13.492+0000] {logging_mixin.py:137} INFO - [2023-04-07T15:16:13.492+0000] {dag.py:2705} INFO - Sync 1 DAGs
[2023-04-07T15:16:13.524+0000] {logging_mixin.py:137} INFO - [2023-04-07T15:16:13.523+0000] {dag.py:3456} INFO - Setting next_dagrun for example_trigger_target_dag to None, run_after=None
[2023-04-07T15:16:13.541+0000] {processor.py:175} INFO - Processing /home/airflow/.local/lib/python3.7/site-packages/airflow/example_dags/example_trigger_target_dag.py took 0.099 seconds
[2023-04-07T15:16:43.747+0000] {processor.py:153} INFO - Started process (PID=4330) to work on /home/airflow/.local/lib/python3.7/site-packages/airflow/example_dags/example_trigger_target_dag.py
[2023-04-07T15:16:43.748+0000] {processor.py:743} INFO - Processing file /home/airflow/.local/lib/python3.7/site-packages/airflow/example_dags/example_trigger_target_dag.py for tasks to queue
[2023-04-07T15:16:43.748+0000] {logging_mixin.py:137} INFO - [2023-04-07T15:16:43.748+0000] {dagbag.py:532} INFO - Filling up the DagBag from /home/airflow/.local/lib/python3.7/site-packages/airflow/example_dags/example_trigger_target_dag.py
[2023-04-07T15:16:43.770+0000] {processor.py:753} INFO - DAG(s) dict_keys(['example_trigger_target_dag']) retrieved from /home/airflow/.local/lib/python3.7/site-packages/airflow/example_dags/example_trigger_target_dag.py
[2023-04-07T15:16:43.793+0000] {logging_mixin.py:137} INFO - [2023-04-07T15:16:43.793+0000] {dag.py:2705} INFO - Sync 1 DAGs
[2023-04-07T15:16:43.824+0000] {logging_mixin.py:137} INFO - [2023-04-07T15:16:43.824+0000] {dag.py:3456} INFO - Setting next_dagrun for example_trigger_target_dag to None, run_after=None
[2023-04-07T15:16:43.840+0000] {processor.py:175} INFO - Processing /home/airflow/.local/lib/python3.7/site-packages/airflow/example_dags/example_trigger_target_dag.py took 0.095 seconds
[2023-04-07T15:17:13.991+0000] {processor.py:153} INFO - Started process (PID=4554) to work on /home/airflow/.local/lib/python3.7/site-packages/airflow/example_dags/example_trigger_target_dag.py
[2023-04-07T15:17:13.991+0000] {processor.py:743} INFO - Processing file /home/airflow/.local/lib/python3.7/site-packages/airflow/example_dags/example_trigger_target_dag.py for tasks to queue
[2023-04-07T15:17:13.992+0000] {logging_mixin.py:137} INFO - [2023-04-07T15:17:13.992+0000] {dagbag.py:532} INFO - Filling up the DagBag from /home/airflow/.local/lib/python3.7/site-packages/airflow/example_dags/example_trigger_target_dag.py
[2023-04-07T15:17:14.016+0000] {processor.py:753} INFO - DAG(s) dict_keys(['example_trigger_target_dag']) retrieved from /home/airflow/.local/lib/python3.7/site-packages/airflow/example_dags/example_trigger_target_dag.py
[2023-04-07T15:17:14.040+0000] {logging_mixin.py:137} INFO - [2023-04-07T15:17:14.040+0000] {dag.py:2705} INFO - Sync 1 DAGs
[2023-04-07T15:17:14.074+0000] {logging_mixin.py:137} INFO - [2023-04-07T15:17:14.073+0000] {dag.py:3456} INFO - Setting next_dagrun for example_trigger_target_dag to None, run_after=None
[2023-04-07T15:17:14.092+0000] {processor.py:175} INFO - Processing /home/airflow/.local/lib/python3.7/site-packages/airflow/example_dags/example_trigger_target_dag.py took 0.104 seconds
[2023-04-07T15:17:44.218+0000] {processor.py:153} INFO - Started process (PID=4777) to work on /home/airflow/.local/lib/python3.7/site-packages/airflow/example_dags/example_trigger_target_dag.py
[2023-04-07T15:17:44.218+0000] {processor.py:743} INFO - Processing file /home/airflow/.local/lib/python3.7/site-packages/airflow/example_dags/example_trigger_target_dag.py for tasks to queue
[2023-04-07T15:17:44.219+0000] {logging_mixin.py:137} INFO - [2023-04-07T15:17:44.218+0000] {dagbag.py:532} INFO - Filling up the DagBag from /home/airflow/.local/lib/python3.7/site-packages/airflow/example_dags/example_trigger_target_dag.py
[2023-04-07T15:17:44.242+0000] {processor.py:753} INFO - DAG(s) dict_keys(['example_trigger_target_dag']) retrieved from /home/airflow/.local/lib/python3.7/site-packages/airflow/example_dags/example_trigger_target_dag.py
[2023-04-07T15:17:44.269+0000] {logging_mixin.py:137} INFO - [2023-04-07T15:17:44.269+0000] {dag.py:2705} INFO - Sync 1 DAGs
[2023-04-07T15:17:44.305+0000] {logging_mixin.py:137} INFO - [2023-04-07T15:17:44.305+0000] {dag.py:3456} INFO - Setting next_dagrun for example_trigger_target_dag to None, run_after=None
[2023-04-07T15:17:44.322+0000] {processor.py:175} INFO - Processing /home/airflow/.local/lib/python3.7/site-packages/airflow/example_dags/example_trigger_target_dag.py took 0.107 seconds
[2023-04-07T15:18:14.521+0000] {processor.py:153} INFO - Started process (PID=5000) to work on /home/airflow/.local/lib/python3.7/site-packages/airflow/example_dags/example_trigger_target_dag.py
[2023-04-07T15:18:14.522+0000] {processor.py:743} INFO - Processing file /home/airflow/.local/lib/python3.7/site-packages/airflow/example_dags/example_trigger_target_dag.py for tasks to queue
[2023-04-07T15:18:14.522+0000] {logging_mixin.py:137} INFO - [2023-04-07T15:18:14.522+0000] {dagbag.py:532} INFO - Filling up the DagBag from /home/airflow/.local/lib/python3.7/site-packages/airflow/example_dags/example_trigger_target_dag.py
[2023-04-07T15:18:14.543+0000] {processor.py:753} INFO - DAG(s) dict_keys(['example_trigger_target_dag']) retrieved from /home/airflow/.local/lib/python3.7/site-packages/airflow/example_dags/example_trigger_target_dag.py
[2023-04-07T15:18:14.567+0000] {logging_mixin.py:137} INFO - [2023-04-07T15:18:14.567+0000] {dag.py:2705} INFO - Sync 1 DAGs
[2023-04-07T15:18:14.600+0000] {logging_mixin.py:137} INFO - [2023-04-07T15:18:14.600+0000] {dag.py:3456} INFO - Setting next_dagrun for example_trigger_target_dag to None, run_after=None
[2023-04-07T15:18:14.618+0000] {processor.py:175} INFO - Processing /home/airflow/.local/lib/python3.7/site-packages/airflow/example_dags/example_trigger_target_dag.py took 0.099 seconds
[2023-04-07T15:18:45.314+0000] {processor.py:153} INFO - Started process (PID=5223) to work on /home/airflow/.local/lib/python3.7/site-packages/airflow/example_dags/example_trigger_target_dag.py
[2023-04-07T15:18:45.314+0000] {processor.py:743} INFO - Processing file /home/airflow/.local/lib/python3.7/site-packages/airflow/example_dags/example_trigger_target_dag.py for tasks to queue
[2023-04-07T15:18:45.315+0000] {logging_mixin.py:137} INFO - [2023-04-07T15:18:45.315+0000] {dagbag.py:532} INFO - Filling up the DagBag from /home/airflow/.local/lib/python3.7/site-packages/airflow/example_dags/example_trigger_target_dag.py
[2023-04-07T15:18:45.336+0000] {processor.py:753} INFO - DAG(s) dict_keys(['example_trigger_target_dag']) retrieved from /home/airflow/.local/lib/python3.7/site-packages/airflow/example_dags/example_trigger_target_dag.py
[2023-04-07T15:18:45.361+0000] {logging_mixin.py:137} INFO - [2023-04-07T15:18:45.361+0000] {dag.py:2705} INFO - Sync 1 DAGs
[2023-04-07T15:18:45.395+0000] {logging_mixin.py:137} INFO - [2023-04-07T15:18:45.395+0000] {dag.py:3456} INFO - Setting next_dagrun for example_trigger_target_dag to None, run_after=None
[2023-04-07T15:18:45.415+0000] {processor.py:175} INFO - Processing /home/airflow/.local/lib/python3.7/site-packages/airflow/example_dags/example_trigger_target_dag.py took 0.103 seconds
[2023-04-07T15:19:16.187+0000] {processor.py:153} INFO - Started process (PID=5445) to work on /home/airflow/.local/lib/python3.7/site-packages/airflow/example_dags/example_trigger_target_dag.py
[2023-04-07T15:19:16.188+0000] {processor.py:743} INFO - Processing file /home/airflow/.local/lib/python3.7/site-packages/airflow/example_dags/example_trigger_target_dag.py for tasks to queue
[2023-04-07T15:19:16.189+0000] {logging_mixin.py:137} INFO - [2023-04-07T15:19:16.189+0000] {dagbag.py:532} INFO - Filling up the DagBag from /home/airflow/.local/lib/python3.7/site-packages/airflow/example_dags/example_trigger_target_dag.py
[2023-04-07T15:19:16.213+0000] {processor.py:753} INFO - DAG(s) dict_keys(['example_trigger_target_dag']) retrieved from /home/airflow/.local/lib/python3.7/site-packages/airflow/example_dags/example_trigger_target_dag.py
[2023-04-07T15:19:16.236+0000] {logging_mixin.py:137} INFO - [2023-04-07T15:19:16.236+0000] {dag.py:2705} INFO - Sync 1 DAGs
[2023-04-07T15:19:16.269+0000] {logging_mixin.py:137} INFO - [2023-04-07T15:19:16.269+0000] {dag.py:3456} INFO - Setting next_dagrun for example_trigger_target_dag to None, run_after=None
[2023-04-07T15:19:16.288+0000] {processor.py:175} INFO - Processing /home/airflow/.local/lib/python3.7/site-packages/airflow/example_dags/example_trigger_target_dag.py took 0.104 seconds
[2023-04-07T15:19:46.857+0000] {processor.py:153} INFO - Started process (PID=5668) to work on /home/airflow/.local/lib/python3.7/site-packages/airflow/example_dags/example_trigger_target_dag.py
[2023-04-07T15:19:46.858+0000] {processor.py:743} INFO - Processing file /home/airflow/.local/lib/python3.7/site-packages/airflow/example_dags/example_trigger_target_dag.py for tasks to queue
[2023-04-07T15:19:46.859+0000] {logging_mixin.py:137} INFO - [2023-04-07T15:19:46.859+0000] {dagbag.py:532} INFO - Filling up the DagBag from /home/airflow/.local/lib/python3.7/site-packages/airflow/example_dags/example_trigger_target_dag.py
[2023-04-07T15:19:46.882+0000] {processor.py:753} INFO - DAG(s) dict_keys(['example_trigger_target_dag']) retrieved from /home/airflow/.local/lib/python3.7/site-packages/airflow/example_dags/example_trigger_target_dag.py
[2023-04-07T15:19:46.906+0000] {logging_mixin.py:137} INFO - [2023-04-07T15:19:46.906+0000] {dag.py:2705} INFO - Sync 1 DAGs
[2023-04-07T15:19:46.941+0000] {logging_mixin.py:137} INFO - [2023-04-07T15:19:46.940+0000] {dag.py:3456} INFO - Setting next_dagrun for example_trigger_target_dag to None, run_after=None
[2023-04-07T15:19:46.962+0000] {processor.py:175} INFO - Processing /home/airflow/.local/lib/python3.7/site-packages/airflow/example_dags/example_trigger_target_dag.py took 0.109 seconds
[2023-04-07T15:20:17.004+0000] {processor.py:153} INFO - Started process (PID=5891) to work on /home/airflow/.local/lib/python3.7/site-packages/airflow/example_dags/example_trigger_target_dag.py
[2023-04-07T15:20:17.005+0000] {processor.py:743} INFO - Processing file /home/airflow/.local/lib/python3.7/site-packages/airflow/example_dags/example_trigger_target_dag.py for tasks to queue
[2023-04-07T15:20:17.005+0000] {logging_mixin.py:137} INFO - [2023-04-07T15:20:17.005+0000] {dagbag.py:532} INFO - Filling up the DagBag from /home/airflow/.local/lib/python3.7/site-packages/airflow/example_dags/example_trigger_target_dag.py
[2023-04-07T15:20:17.028+0000] {processor.py:753} INFO - DAG(s) dict_keys(['example_trigger_target_dag']) retrieved from /home/airflow/.local/lib/python3.7/site-packages/airflow/example_dags/example_trigger_target_dag.py
[2023-04-07T15:20:17.053+0000] {logging_mixin.py:137} INFO - [2023-04-07T15:20:17.052+0000] {dag.py:2705} INFO - Sync 1 DAGs
[2023-04-07T15:20:17.084+0000] {logging_mixin.py:137} INFO - [2023-04-07T15:20:17.084+0000] {dag.py:3456} INFO - Setting next_dagrun for example_trigger_target_dag to None, run_after=None
[2023-04-07T15:20:17.101+0000] {processor.py:175} INFO - Processing /home/airflow/.local/lib/python3.7/site-packages/airflow/example_dags/example_trigger_target_dag.py took 0.100 seconds
[2023-04-07T15:20:47.173+0000] {processor.py:153} INFO - Started process (PID=6114) to work on /home/airflow/.local/lib/python3.7/site-packages/airflow/example_dags/example_trigger_target_dag.py
[2023-04-07T15:20:47.174+0000] {processor.py:743} INFO - Processing file /home/airflow/.local/lib/python3.7/site-packages/airflow/example_dags/example_trigger_target_dag.py for tasks to queue
[2023-04-07T15:20:47.174+0000] {logging_mixin.py:137} INFO - [2023-04-07T15:20:47.174+0000] {dagbag.py:532} INFO - Filling up the DagBag from /home/airflow/.local/lib/python3.7/site-packages/airflow/example_dags/example_trigger_target_dag.py
[2023-04-07T15:20:47.195+0000] {processor.py:753} INFO - DAG(s) dict_keys(['example_trigger_target_dag']) retrieved from /home/airflow/.local/lib/python3.7/site-packages/airflow/example_dags/example_trigger_target_dag.py
[2023-04-07T15:20:47.217+0000] {logging_mixin.py:137} INFO - [2023-04-07T15:20:47.217+0000] {dag.py:2705} INFO - Sync 1 DAGs
[2023-04-07T15:20:47.258+0000] {logging_mixin.py:137} INFO - [2023-04-07T15:20:47.258+0000] {dag.py:3456} INFO - Setting next_dagrun for example_trigger_target_dag to None, run_after=None
[2023-04-07T15:20:47.280+0000] {processor.py:175} INFO - Processing /home/airflow/.local/lib/python3.7/site-packages/airflow/example_dags/example_trigger_target_dag.py took 0.109 seconds
[2023-04-07T15:24:25.823+0000] {processor.py:153} INFO - Started process (PID=307) to work on /home/airflow/.local/lib/python3.7/site-packages/airflow/example_dags/example_trigger_target_dag.py
[2023-04-07T15:24:25.828+0000] {processor.py:743} INFO - Processing file /home/airflow/.local/lib/python3.7/site-packages/airflow/example_dags/example_trigger_target_dag.py for tasks to queue
[2023-04-07T15:24:25.829+0000] {logging_mixin.py:137} INFO - [2023-04-07T15:24:25.829+0000] {dagbag.py:532} INFO - Filling up the DagBag from /home/airflow/.local/lib/python3.7/site-packages/airflow/example_dags/example_trigger_target_dag.py
[2023-04-07T15:24:25.860+0000] {processor.py:753} INFO - DAG(s) dict_keys(['example_trigger_target_dag']) retrieved from /home/airflow/.local/lib/python3.7/site-packages/airflow/example_dags/example_trigger_target_dag.py
[2023-04-07T15:24:25.890+0000] {logging_mixin.py:137} INFO - [2023-04-07T15:24:25.890+0000] {dag.py:2705} INFO - Sync 1 DAGs
[2023-04-07T15:24:25.925+0000] {logging_mixin.py:137} INFO - [2023-04-07T15:24:25.925+0000] {dag.py:3456} INFO - Setting next_dagrun for example_trigger_target_dag to None, run_after=None
[2023-04-07T15:24:25.956+0000] {processor.py:175} INFO - Processing /home/airflow/.local/lib/python3.7/site-packages/airflow/example_dags/example_trigger_target_dag.py took 0.141 seconds
[2023-04-07T15:24:56.414+0000] {processor.py:153} INFO - Started process (PID=530) to work on /home/airflow/.local/lib/python3.7/site-packages/airflow/example_dags/example_trigger_target_dag.py
[2023-04-07T15:24:56.415+0000] {processor.py:743} INFO - Processing file /home/airflow/.local/lib/python3.7/site-packages/airflow/example_dags/example_trigger_target_dag.py for tasks to queue
[2023-04-07T15:24:56.415+0000] {logging_mixin.py:137} INFO - [2023-04-07T15:24:56.415+0000] {dagbag.py:532} INFO - Filling up the DagBag from /home/airflow/.local/lib/python3.7/site-packages/airflow/example_dags/example_trigger_target_dag.py
[2023-04-07T15:24:56.443+0000] {processor.py:753} INFO - DAG(s) dict_keys(['example_trigger_target_dag']) retrieved from /home/airflow/.local/lib/python3.7/site-packages/airflow/example_dags/example_trigger_target_dag.py
[2023-04-07T15:24:56.452+0000] {logging_mixin.py:137} INFO - [2023-04-07T15:24:56.452+0000] {dag.py:2705} INFO - Sync 1 DAGs
[2023-04-07T15:24:56.490+0000] {logging_mixin.py:137} INFO - [2023-04-07T15:24:56.490+0000] {dag.py:3456} INFO - Setting next_dagrun for example_trigger_target_dag to None, run_after=None
[2023-04-07T15:24:56.513+0000] {processor.py:175} INFO - Processing /home/airflow/.local/lib/python3.7/site-packages/airflow/example_dags/example_trigger_target_dag.py took 0.101 seconds
[2023-04-07T15:25:27.183+0000] {processor.py:153} INFO - Started process (PID=753) to work on /home/airflow/.local/lib/python3.7/site-packages/airflow/example_dags/example_trigger_target_dag.py
[2023-04-07T15:25:27.183+0000] {processor.py:743} INFO - Processing file /home/airflow/.local/lib/python3.7/site-packages/airflow/example_dags/example_trigger_target_dag.py for tasks to queue
[2023-04-07T15:25:27.184+0000] {logging_mixin.py:137} INFO - [2023-04-07T15:25:27.184+0000] {dagbag.py:532} INFO - Filling up the DagBag from /home/airflow/.local/lib/python3.7/site-packages/airflow/example_dags/example_trigger_target_dag.py
[2023-04-07T15:25:27.210+0000] {processor.py:753} INFO - DAG(s) dict_keys(['example_trigger_target_dag']) retrieved from /home/airflow/.local/lib/python3.7/site-packages/airflow/example_dags/example_trigger_target_dag.py
[2023-04-07T15:25:27.238+0000] {logging_mixin.py:137} INFO - [2023-04-07T15:25:27.238+0000] {dag.py:2705} INFO - Sync 1 DAGs
[2023-04-07T15:25:27.271+0000] {logging_mixin.py:137} INFO - [2023-04-07T15:25:27.271+0000] {dag.py:3456} INFO - Setting next_dagrun for example_trigger_target_dag to None, run_after=None
[2023-04-07T15:25:27.289+0000] {processor.py:175} INFO - Processing /home/airflow/.local/lib/python3.7/site-packages/airflow/example_dags/example_trigger_target_dag.py took 0.110 seconds
[2023-04-07T15:25:58.233+0000] {processor.py:153} INFO - Started process (PID=976) to work on /home/airflow/.local/lib/python3.7/site-packages/airflow/example_dags/example_trigger_target_dag.py
[2023-04-07T15:25:58.235+0000] {processor.py:743} INFO - Processing file /home/airflow/.local/lib/python3.7/site-packages/airflow/example_dags/example_trigger_target_dag.py for tasks to queue
[2023-04-07T15:25:58.236+0000] {logging_mixin.py:137} INFO - [2023-04-07T15:25:58.236+0000] {dagbag.py:532} INFO - Filling up the DagBag from /home/airflow/.local/lib/python3.7/site-packages/airflow/example_dags/example_trigger_target_dag.py
[2023-04-07T15:25:58.267+0000] {processor.py:753} INFO - DAG(s) dict_keys(['example_trigger_target_dag']) retrieved from /home/airflow/.local/lib/python3.7/site-packages/airflow/example_dags/example_trigger_target_dag.py
[2023-04-07T15:25:58.304+0000] {logging_mixin.py:137} INFO - [2023-04-07T15:25:58.303+0000] {dag.py:2705} INFO - Sync 1 DAGs
[2023-04-07T15:25:58.347+0000] {logging_mixin.py:137} INFO - [2023-04-07T15:25:58.346+0000] {dag.py:3456} INFO - Setting next_dagrun for example_trigger_target_dag to None, run_after=None
[2023-04-07T15:25:58.375+0000] {processor.py:175} INFO - Processing /home/airflow/.local/lib/python3.7/site-packages/airflow/example_dags/example_trigger_target_dag.py took 0.144 seconds
[2023-04-07T15:26:29.412+0000] {processor.py:153} INFO - Started process (PID=1215) to work on /home/airflow/.local/lib/python3.7/site-packages/airflow/example_dags/example_trigger_target_dag.py
[2023-04-07T15:26:29.413+0000] {processor.py:743} INFO - Processing file /home/airflow/.local/lib/python3.7/site-packages/airflow/example_dags/example_trigger_target_dag.py for tasks to queue
[2023-04-07T15:26:29.413+0000] {logging_mixin.py:137} INFO - [2023-04-07T15:26:29.413+0000] {dagbag.py:532} INFO - Filling up the DagBag from /home/airflow/.local/lib/python3.7/site-packages/airflow/example_dags/example_trigger_target_dag.py
[2023-04-07T15:26:29.470+0000] {processor.py:753} INFO - DAG(s) dict_keys(['example_trigger_target_dag']) retrieved from /home/airflow/.local/lib/python3.7/site-packages/airflow/example_dags/example_trigger_target_dag.py
[2023-04-07T15:26:29.523+0000] {logging_mixin.py:137} INFO - [2023-04-07T15:26:29.523+0000] {dag.py:2705} INFO - Sync 1 DAGs
[2023-04-07T15:26:29.565+0000] {logging_mixin.py:137} INFO - [2023-04-07T15:26:29.565+0000] {dag.py:3456} INFO - Setting next_dagrun for example_trigger_target_dag to None, run_after=None
[2023-04-07T15:26:29.598+0000] {processor.py:175} INFO - Processing /home/airflow/.local/lib/python3.7/site-packages/airflow/example_dags/example_trigger_target_dag.py took 0.195 seconds
[2023-04-07T15:26:59.625+0000] {processor.py:153} INFO - Started process (PID=1440) to work on /home/airflow/.local/lib/python3.7/site-packages/airflow/example_dags/example_trigger_target_dag.py
[2023-04-07T15:26:59.626+0000] {processor.py:743} INFO - Processing file /home/airflow/.local/lib/python3.7/site-packages/airflow/example_dags/example_trigger_target_dag.py for tasks to queue
[2023-04-07T15:26:59.627+0000] {logging_mixin.py:137} INFO - [2023-04-07T15:26:59.627+0000] {dagbag.py:532} INFO - Filling up the DagBag from /home/airflow/.local/lib/python3.7/site-packages/airflow/example_dags/example_trigger_target_dag.py
[2023-04-07T15:26:59.650+0000] {processor.py:753} INFO - DAG(s) dict_keys(['example_trigger_target_dag']) retrieved from /home/airflow/.local/lib/python3.7/site-packages/airflow/example_dags/example_trigger_target_dag.py
[2023-04-07T15:26:59.679+0000] {logging_mixin.py:137} INFO - [2023-04-07T15:26:59.679+0000] {dag.py:2705} INFO - Sync 1 DAGs
[2023-04-07T15:26:59.723+0000] {logging_mixin.py:137} INFO - [2023-04-07T15:26:59.723+0000] {dag.py:3456} INFO - Setting next_dagrun for example_trigger_target_dag to None, run_after=None
[2023-04-07T15:26:59.751+0000] {processor.py:175} INFO - Processing /home/airflow/.local/lib/python3.7/site-packages/airflow/example_dags/example_trigger_target_dag.py took 0.130 seconds
