[2023-04-06T14:06:12.567+0000] {taskinstance.py:1090} INFO - Dependencies all met for dep_context=non-requeueable deps ti=<TaskInstance: dag_with_taskflow_api_v02.greet scheduled__2023-03-06T00:00:00+00:00 [queued]>
[2023-04-06T14:06:12.602+0000] {taskinstance.py:1090} INFO - Dependencies all met for dep_context=requeueable deps ti=<TaskInstance: dag_with_taskflow_api_v02.greet scheduled__2023-03-06T00:00:00+00:00 [queued]>
[2023-04-06T14:06:12.605+0000] {taskinstance.py:1288} INFO - 
--------------------------------------------------------------------------------
[2023-04-06T14:06:12.607+0000] {taskinstance.py:1289} INFO - Starting attempt 1 of 6
[2023-04-06T14:06:12.608+0000] {taskinstance.py:1290} INFO - 
--------------------------------------------------------------------------------
[2023-04-06T14:06:12.727+0000] {taskinstance.py:1309} INFO - Executing <Task(_PythonDecoratedOperator): greet> on 2023-03-06 00:00:00+00:00
[2023-04-06T14:06:12.768+0000] {standard_task_runner.py:55} INFO - Started process 14670 to run task
[2023-04-06T14:06:12.769+0000] {standard_task_runner.py:82} INFO - Running: ['***', 'tasks', 'run', 'dag_with_taskflow_api_v02', 'greet', 'scheduled__2023-03-06T00:00:00+00:00', '--job-id', '6541', '--raw', '--subdir', 'DAGS_FOLDER/dag_with_task_api.py', '--cfg-path', '/tmp/tmppau39p2j']
[2023-04-06T14:06:12.776+0000] {standard_task_runner.py:83} INFO - Job 6541: Subtask greet
[2023-04-06T14:06:13.038+0000] {task_command.py:389} INFO - Running <TaskInstance: dag_with_taskflow_api_v02.greet scheduled__2023-03-06T00:00:00+00:00 [running]> on host f91656cee95b
[2023-04-06T14:06:13.499+0000] {taskinstance.py:1518} INFO - Exporting the following env vars:
AIRFLOW_CTX_DAG_OWNER=dejan
AIRFLOW_CTX_DAG_ID=dag_with_taskflow_api_v02
AIRFLOW_CTX_TASK_ID=greet
AIRFLOW_CTX_EXECUTION_DATE=2023-03-06T00:00:00+00:00
AIRFLOW_CTX_TRY_NUMBER=1
AIRFLOW_CTX_DAG_RUN_ID=scheduled__2023-03-06T00:00:00+00:00
[2023-04-06T14:06:13.501+0000] {logging_mixin.py:137} INFO - Hello World! My name is Dejan Zivanov and I am 19 years old.
[2023-04-06T14:06:13.501+0000] {python.py:177} INFO - Done. Returned value was: None
[2023-04-06T14:06:13.543+0000] {taskinstance.py:1332} INFO - Marking task as SUCCESS. dag_id=dag_with_taskflow_api_v02, task_id=greet, execution_date=20230306T000000, start_date=20230406T140612, end_date=20230406T140613
[2023-04-06T14:06:13.648+0000] {local_task_job.py:212} INFO - Task exited with return code 0
[2023-04-06T14:06:13.697+0000] {taskinstance.py:2596} INFO - 0 downstream tasks scheduled from follow-on schedule check
