[2023-04-05T13:09:19.968+0000] {taskinstance.py:1090} INFO - Dependencies all met for dep_context=non-requeueable deps ti=<TaskInstance: our_first_dag_v5.third_task scheduled__2021-10-14T00:00:00+00:00 [queued]>
[2023-04-05T13:09:19.989+0000] {taskinstance.py:1090} INFO - Dependencies all met for dep_context=requeueable deps ti=<TaskInstance: our_first_dag_v5.third_task scheduled__2021-10-14T00:00:00+00:00 [queued]>
[2023-04-05T13:09:19.990+0000] {taskinstance.py:1288} INFO - 
--------------------------------------------------------------------------------
[2023-04-05T13:09:19.990+0000] {taskinstance.py:1289} INFO - Starting attempt 1 of 6
[2023-04-05T13:09:19.990+0000] {taskinstance.py:1290} INFO - 
--------------------------------------------------------------------------------
[2023-04-05T13:09:20.044+0000] {taskinstance.py:1309} INFO - Executing <Task(BashOperator): third_task> on 2021-10-14 00:00:00+00:00
[2023-04-05T13:09:20.051+0000] {standard_task_runner.py:55} INFO - Started process 7904 to run task
[2023-04-05T13:09:20.075+0000] {standard_task_runner.py:82} INFO - Running: ['***', 'tasks', 'run', 'our_first_dag_v5', 'third_task', 'scheduled__2021-10-14T00:00:00+00:00', '--job-id', '2099', '--raw', '--subdir', 'DAGS_FOLDER/our_first_dag.py', '--cfg-path', '/tmp/tmpps1kcq52']
[2023-04-05T13:09:20.077+0000] {standard_task_runner.py:83} INFO - Job 2099: Subtask third_task
[2023-04-05T13:09:20.331+0000] {task_command.py:389} INFO - Running <TaskInstance: our_first_dag_v5.third_task scheduled__2021-10-14T00:00:00+00:00 [running]> on host e3ca158aac6b
[2023-04-05T13:09:20.672+0000] {taskinstance.py:1518} INFO - Exporting the following env vars:
AIRFLOW_CTX_DAG_OWNER=dejan
AIRFLOW_CTX_DAG_ID=our_first_dag_v5
AIRFLOW_CTX_TASK_ID=third_task
AIRFLOW_CTX_EXECUTION_DATE=2021-10-14T00:00:00+00:00
AIRFLOW_CTX_TRY_NUMBER=1
AIRFLOW_CTX_DAG_RUN_ID=scheduled__2021-10-14T00:00:00+00:00
[2023-04-05T13:09:20.673+0000] {subprocess.py:63} INFO - Tmp dir root location: 
 /tmp
[2023-04-05T13:09:20.675+0000] {subprocess.py:75} INFO - Running command: ['/bin/bash', '-c', 'echo Hey I am task3 and will be running after task1 at the same time as task2']
[2023-04-05T13:09:20.710+0000] {subprocess.py:86} INFO - Output:
[2023-04-05T13:09:20.723+0000] {subprocess.py:93} INFO - Hey I am task3 and will be running after task1 at the same time as task2
[2023-04-05T13:09:20.725+0000] {subprocess.py:97} INFO - Command exited with return code 0
[2023-04-05T13:09:20.828+0000] {taskinstance.py:1332} INFO - Marking task as SUCCESS. dag_id=our_first_dag_v5, task_id=third_task, execution_date=20211014T000000, start_date=20230405T130919, end_date=20230405T130920
[2023-04-05T13:09:20.946+0000] {local_task_job.py:212} INFO - Task exited with return code 0
[2023-04-05T13:09:21.061+0000] {taskinstance.py:2596} INFO - 0 downstream tasks scheduled from follow-on schedule check
