[2023-04-06T13:47:31.026+0000] {taskinstance.py:1090} INFO - Dependencies all met for dep_context=non-requeueable deps ti=<TaskInstance: create_dag_with_python_operator_v06.get_name scheduled__2022-06-28T00:00:00+00:00 [queued]>
[2023-04-06T13:47:31.078+0000] {taskinstance.py:1090} INFO - Dependencies all met for dep_context=requeueable deps ti=<TaskInstance: create_dag_with_python_operator_v06.get_name scheduled__2022-06-28T00:00:00+00:00 [queued]>
[2023-04-06T13:47:31.078+0000] {taskinstance.py:1288} INFO - 
--------------------------------------------------------------------------------
[2023-04-06T13:47:31.078+0000] {taskinstance.py:1289} INFO - Starting attempt 1 of 6
[2023-04-06T13:47:31.079+0000] {taskinstance.py:1290} INFO - 
--------------------------------------------------------------------------------
[2023-04-06T13:47:31.465+0000] {taskinstance.py:1309} INFO - Executing <Task(PythonOperator): get_name> on 2022-06-28 00:00:00+00:00
[2023-04-06T13:47:31.476+0000] {standard_task_runner.py:55} INFO - Started process 925 to run task
[2023-04-06T13:47:31.496+0000] {standard_task_runner.py:82} INFO - Running: ['***', 'tasks', 'run', 'create_dag_with_python_operator_v06', 'get_name', 'scheduled__2022-06-28T00:00:00+00:00', '--job-id', '4749', '--raw', '--subdir', 'DAGS_FOLDER/create_dag_with_python_operator.py', '--cfg-path', '/tmp/tmprwgn8plk']
[2023-04-06T13:47:31.498+0000] {standard_task_runner.py:83} INFO - Job 4749: Subtask get_name
[2023-04-06T13:47:31.961+0000] {task_command.py:389} INFO - Running <TaskInstance: create_dag_with_python_operator_v06.get_name scheduled__2022-06-28T00:00:00+00:00 [running]> on host f91656cee95b
[2023-04-06T13:47:32.430+0000] {taskinstance.py:1518} INFO - Exporting the following env vars:
AIRFLOW_CTX_DAG_OWNER=dejan
AIRFLOW_CTX_DAG_ID=create_dag_with_python_operator_v06
AIRFLOW_CTX_TASK_ID=get_name
AIRFLOW_CTX_EXECUTION_DATE=2022-06-28T00:00:00+00:00
AIRFLOW_CTX_TRY_NUMBER=1
AIRFLOW_CTX_DAG_RUN_ID=scheduled__2022-06-28T00:00:00+00:00
[2023-04-06T13:47:32.511+0000] {python.py:177} INFO - Done. Returned value was: None
[2023-04-06T13:47:32.547+0000] {taskinstance.py:1332} INFO - Marking task as SUCCESS. dag_id=create_dag_with_python_operator_v06, task_id=get_name, execution_date=20220628T000000, start_date=20230406T134731, end_date=20230406T134732
[2023-04-06T13:47:32.760+0000] {local_task_job.py:212} INFO - Task exited with return code 0
[2023-04-06T13:47:33.380+0000] {taskinstance.py:2596} INFO - 0 downstream tasks scheduled from follow-on schedule check
