[2023-04-05T13:08:48.508+0000] {taskinstance.py:1090} INFO - Dependencies all met for dep_context=non-requeueable deps ti=<TaskInstance: our_first_dag_v5.second_task scheduled__2021-09-08T00:00:00+00:00 [queued]>
[2023-04-05T13:08:48.547+0000] {taskinstance.py:1090} INFO - Dependencies all met for dep_context=requeueable deps ti=<TaskInstance: our_first_dag_v5.second_task scheduled__2021-09-08T00:00:00+00:00 [queued]>
[2023-04-05T13:08:48.547+0000] {taskinstance.py:1288} INFO - 
--------------------------------------------------------------------------------
[2023-04-05T13:08:48.548+0000] {taskinstance.py:1289} INFO - Starting attempt 1 of 6
[2023-04-05T13:08:48.548+0000] {taskinstance.py:1290} INFO - 
--------------------------------------------------------------------------------
[2023-04-05T13:08:48.644+0000] {taskinstance.py:1309} INFO - Executing <Task(BashOperator): second_task> on 2021-09-08 00:00:00+00:00
[2023-04-05T13:08:48.666+0000] {standard_task_runner.py:55} INFO - Started process 7570 to run task
[2023-04-05T13:08:48.666+0000] {standard_task_runner.py:82} INFO - Running: ['***', 'tasks', 'run', 'our_first_dag_v5', 'second_task', 'scheduled__2021-09-08T00:00:00+00:00', '--job-id', '1991', '--raw', '--subdir', 'DAGS_FOLDER/our_first_dag.py', '--cfg-path', '/tmp/tmpcdo4464n']
[2023-04-05T13:08:48.668+0000] {standard_task_runner.py:83} INFO - Job 1991: Subtask second_task
[2023-04-05T13:08:48.961+0000] {task_command.py:389} INFO - Running <TaskInstance: our_first_dag_v5.second_task scheduled__2021-09-08T00:00:00+00:00 [running]> on host e3ca158aac6b
[2023-04-05T13:08:49.323+0000] {taskinstance.py:1518} INFO - Exporting the following env vars:
AIRFLOW_CTX_DAG_OWNER=dejan
AIRFLOW_CTX_DAG_ID=our_first_dag_v5
AIRFLOW_CTX_TASK_ID=second_task
AIRFLOW_CTX_EXECUTION_DATE=2021-09-08T00:00:00+00:00
AIRFLOW_CTX_TRY_NUMBER=1
AIRFLOW_CTX_DAG_RUN_ID=scheduled__2021-09-08T00:00:00+00:00
[2023-04-05T13:08:49.324+0000] {subprocess.py:63} INFO - Tmp dir root location: 
 /tmp
[2023-04-05T13:08:49.326+0000] {subprocess.py:75} INFO - Running command: ['/bin/bash', '-c', 'echo Hey I am task2 and will be running after task1']
[2023-04-05T13:08:49.372+0000] {subprocess.py:86} INFO - Output:
[2023-04-05T13:08:49.377+0000] {subprocess.py:93} INFO - Hey I am task2 and will be running after task1
[2023-04-05T13:08:49.377+0000] {subprocess.py:97} INFO - Command exited with return code 0
[2023-04-05T13:08:49.456+0000] {taskinstance.py:1332} INFO - Marking task as SUCCESS. dag_id=our_first_dag_v5, task_id=second_task, execution_date=20210908T000000, start_date=20230405T130848, end_date=20230405T130849
[2023-04-05T13:08:49.499+0000] {local_task_job.py:212} INFO - Task exited with return code 0
[2023-04-05T13:08:49.585+0000] {taskinstance.py:2596} INFO - 0 downstream tasks scheduled from follow-on schedule check
