[2023-04-07T15:26:18.394+0000] {taskinstance.py:1090} INFO - Dependencies all met for dep_context=non-requeueable deps ti=<TaskInstance: dag_with_python_dependancies_v02.get_matplotlib scheduled__2023-04-01T00:00:00+00:00 [queued]>
[2023-04-07T15:26:18.406+0000] {taskinstance.py:1090} INFO - Dependencies all met for dep_context=requeueable deps ti=<TaskInstance: dag_with_python_dependancies_v02.get_matplotlib scheduled__2023-04-01T00:00:00+00:00 [queued]>
[2023-04-07T15:26:18.406+0000] {taskinstance.py:1288} INFO - 
--------------------------------------------------------------------------------
[2023-04-07T15:26:18.406+0000] {taskinstance.py:1289} INFO - Starting attempt 4 of 4
[2023-04-07T15:26:18.406+0000] {taskinstance.py:1290} INFO - 
--------------------------------------------------------------------------------
[2023-04-07T15:26:18.431+0000] {taskinstance.py:1309} INFO - Executing <Task(PythonOperator): get_matplotlib> on 2023-04-01 00:00:00+00:00
[2023-04-07T15:26:18.436+0000] {standard_task_runner.py:55} INFO - Started process 1080 to run task
[2023-04-07T15:26:18.438+0000] {standard_task_runner.py:82} INFO - Running: ['***', 'tasks', 'run', 'dag_with_python_dependancies_v02', 'get_matplotlib', 'scheduled__2023-04-01T00:00:00+00:00', '--job-id', '6909', '--raw', '--subdir', 'DAGS_FOLDER/dag_with_python_dependancies.py', '--cfg-path', '/tmp/tmpp0ry2164']
[2023-04-07T15:26:18.439+0000] {standard_task_runner.py:83} INFO - Job 6909: Subtask get_matplotlib
[2023-04-07T15:26:18.505+0000] {task_command.py:389} INFO - Running <TaskInstance: dag_with_python_dependancies_v02.get_matplotlib scheduled__2023-04-01T00:00:00+00:00 [running]> on host 8be76219b2ce
[2023-04-07T15:26:18.606+0000] {taskinstance.py:1518} INFO - Exporting the following env vars:
AIRFLOW_CTX_DAG_OWNER=dejan
AIRFLOW_CTX_DAG_ID=dag_with_python_dependancies_v02
AIRFLOW_CTX_TASK_ID=get_matplotlib
AIRFLOW_CTX_EXECUTION_DATE=2023-04-01T00:00:00+00:00
AIRFLOW_CTX_TRY_NUMBER=4
AIRFLOW_CTX_DAG_RUN_ID=scheduled__2023-04-01T00:00:00+00:00
[2023-04-07T15:26:18.666+0000] {logging_mixin.py:137} INFO - matplotlib version is: 3.3.3
[2023-04-07T15:26:18.667+0000] {python.py:177} INFO - Done. Returned value was: None
[2023-04-07T15:26:18.680+0000] {taskinstance.py:1332} INFO - Marking task as SUCCESS. dag_id=dag_with_python_dependancies_v02, task_id=get_matplotlib, execution_date=20230401T000000, start_date=20230407T152618, end_date=20230407T152618
[2023-04-07T15:26:18.741+0000] {local_task_job.py:212} INFO - Task exited with return code 0
[2023-04-07T15:26:18.765+0000] {taskinstance.py:2596} INFO - 0 downstream tasks scheduled from follow-on schedule check
