[2023-04-07T15:04:00.216+0000] {taskinstance.py:1090} INFO - Dependencies all met for dep_context=non-requeueable deps ti=<TaskInstance: dag_with_python_dependancies_v02.get_matplotlib scheduled__2023-04-01T00:00:00+00:00 [queued]>
[2023-04-07T15:04:00.229+0000] {taskinstance.py:1090} INFO - Dependencies all met for dep_context=requeueable deps ti=<TaskInstance: dag_with_python_dependancies_v02.get_matplotlib scheduled__2023-04-01T00:00:00+00:00 [queued]>
[2023-04-07T15:04:00.229+0000] {taskinstance.py:1288} INFO - 
--------------------------------------------------------------------------------
[2023-04-07T15:04:00.229+0000] {taskinstance.py:1289} INFO - Starting attempt 1 of 1
[2023-04-07T15:04:00.229+0000] {taskinstance.py:1290} INFO - 
--------------------------------------------------------------------------------
[2023-04-07T15:04:00.263+0000] {taskinstance.py:1309} INFO - Executing <Task(PythonOperator): get_matplotlib> on 2023-04-01 00:00:00+00:00
[2023-04-07T15:04:00.268+0000] {standard_task_runner.py:55} INFO - Started process 2548 to run task
[2023-04-07T15:04:00.283+0000] {standard_task_runner.py:82} INFO - Running: ['***', 'tasks', 'run', 'dag_with_python_dependancies_v02', 'get_matplotlib', 'scheduled__2023-04-01T00:00:00+00:00', '--job-id', '6890', '--raw', '--subdir', 'DAGS_FOLDER/dag_with_python_dependancies.py', '--cfg-path', '/tmp/tmploxebmve']
[2023-04-07T15:04:00.284+0000] {standard_task_runner.py:83} INFO - Job 6890: Subtask get_matplotlib
[2023-04-07T15:04:00.418+0000] {task_command.py:389} INFO - Running <TaskInstance: dag_with_python_dependancies_v02.get_matplotlib scheduled__2023-04-01T00:00:00+00:00 [running]> on host fdb83a86d851
[2023-04-07T15:04:00.558+0000] {taskinstance.py:1518} INFO - Exporting the following env vars:
AIRFLOW_CTX_DAG_OWNER=dejan
AIRFLOW_CTX_DAG_ID=dag_with_python_dependancies_v02
AIRFLOW_CTX_TASK_ID=get_matplotlib
AIRFLOW_CTX_EXECUTION_DATE=2023-04-01T00:00:00+00:00
AIRFLOW_CTX_TRY_NUMBER=1
AIRFLOW_CTX_DAG_RUN_ID=scheduled__2023-04-01T00:00:00+00:00
[2023-04-07T15:04:00.560+0000] {taskinstance.py:1776} ERROR - Task failed with exception
Traceback (most recent call last):
  File "/home/airflow/.local/lib/python3.7/site-packages/airflow/operators/python.py", line 175, in execute
    return_value = self.execute_callable()
  File "/home/airflow/.local/lib/python3.7/site-packages/airflow/operators/python.py", line 192, in execute_callable
    return self.python_callable(*self.op_args, **self.op_kwargs)
  File "/opt/airflow/dags/dag_with_python_dependancies.py", line 18, in get_matplotlib
    import matplotlib
ModuleNotFoundError: No module named 'matplotlib'
[2023-04-07T15:04:00.575+0000] {taskinstance.py:1332} INFO - Marking task as FAILED. dag_id=dag_with_python_dependancies_v02, task_id=get_matplotlib, execution_date=20230401T000000, start_date=20230407T150400, end_date=20230407T150400
[2023-04-07T15:04:00.601+0000] {standard_task_runner.py:105} ERROR - Failed to execute job 6890 for task get_matplotlib (No module named 'matplotlib'; 2548)
[2023-04-07T15:04:00.623+0000] {local_task_job.py:212} INFO - Task exited with return code 1
[2023-04-07T15:04:00.664+0000] {taskinstance.py:2596} INFO - 0 downstream tasks scheduled from follow-on schedule check
