[2023-04-05T12:56:49.081+0000] {taskinstance.py:1090} INFO - Dependencies all met for dep_context=non-requeueable deps ti=<TaskInstance: our_first_dag_v2.second_task scheduled__2022-02-17T00:00:00+00:00 [queued]>
[2023-04-05T12:56:49.105+0000] {taskinstance.py:1090} INFO - Dependencies all met for dep_context=requeueable deps ti=<TaskInstance: our_first_dag_v2.second_task scheduled__2022-02-17T00:00:00+00:00 [queued]>
[2023-04-05T12:56:49.106+0000] {taskinstance.py:1288} INFO - 
--------------------------------------------------------------------------------
[2023-04-05T12:56:49.106+0000] {taskinstance.py:1289} INFO - Starting attempt 1 of 6
[2023-04-05T12:56:49.106+0000] {taskinstance.py:1290} INFO - 
--------------------------------------------------------------------------------
[2023-04-05T12:56:49.135+0000] {taskinstance.py:1309} INFO - Executing <Task(BashOperator): second_task> on 2022-02-17 00:00:00+00:00
[2023-04-05T12:56:49.141+0000] {standard_task_runner.py:55} INFO - Started process 4351 to run task
[2023-04-05T12:56:49.144+0000] {standard_task_runner.py:82} INFO - Running: ['***', 'tasks', 'run', 'our_first_dag_v2', 'second_task', 'scheduled__2022-02-17T00:00:00+00:00', '--job-id', '1030', '--raw', '--subdir', 'DAGS_FOLDER/our_first_dag.py', '--cfg-path', '/tmp/tmpe81qjmmi']
[2023-04-05T12:56:49.145+0000] {standard_task_runner.py:83} INFO - Job 1030: Subtask second_task
[2023-04-05T12:56:49.240+0000] {task_command.py:389} INFO - Running <TaskInstance: our_first_dag_v2.second_task scheduled__2022-02-17T00:00:00+00:00 [running]> on host e3ca158aac6b
[2023-04-05T12:56:49.352+0000] {taskinstance.py:1518} INFO - Exporting the following env vars:
AIRFLOW_CTX_DAG_OWNER=dejan
AIRFLOW_CTX_DAG_ID=our_first_dag_v2
AIRFLOW_CTX_TASK_ID=second_task
AIRFLOW_CTX_EXECUTION_DATE=2022-02-17T00:00:00+00:00
AIRFLOW_CTX_TRY_NUMBER=1
AIRFLOW_CTX_DAG_RUN_ID=scheduled__2022-02-17T00:00:00+00:00
[2023-04-05T12:56:49.353+0000] {subprocess.py:63} INFO - Tmp dir root location: 
 /tmp
[2023-04-05T12:56:49.354+0000] {subprocess.py:75} INFO - Running command: ['/bin/bash', '-c', 'echo Hey I am task2 and will be running after task1']
[2023-04-05T12:56:49.365+0000] {subprocess.py:86} INFO - Output:
[2023-04-05T12:56:49.367+0000] {subprocess.py:93} INFO - Hey I am task2 and will be running after task1
[2023-04-05T12:56:49.367+0000] {subprocess.py:97} INFO - Command exited with return code 0
[2023-04-05T12:56:49.399+0000] {taskinstance.py:1332} INFO - Marking task as SUCCESS. dag_id=our_first_dag_v2, task_id=second_task, execution_date=20220217T000000, start_date=20230405T125649, end_date=20230405T125649
[2023-04-05T12:56:49.443+0000] {local_task_job.py:212} INFO - Task exited with return code 0
[2023-04-05T12:56:49.466+0000] {taskinstance.py:2596} INFO - 0 downstream tasks scheduled from follow-on schedule check
