[2023-04-05T13:09:34.041+0000] {taskinstance.py:1090} INFO - Dependencies all met for dep_context=non-requeueable deps ti=<TaskInstance: our_first_dag_v5.third_task scheduled__2021-10-29T00:00:00+00:00 [queued]>
[2023-04-05T13:09:34.082+0000] {taskinstance.py:1090} INFO - Dependencies all met for dep_context=requeueable deps ti=<TaskInstance: our_first_dag_v5.third_task scheduled__2021-10-29T00:00:00+00:00 [queued]>
[2023-04-05T13:09:34.082+0000] {taskinstance.py:1288} INFO - 
--------------------------------------------------------------------------------
[2023-04-05T13:09:34.082+0000] {taskinstance.py:1289} INFO - Starting attempt 1 of 6
[2023-04-05T13:09:34.083+0000] {taskinstance.py:1290} INFO - 
--------------------------------------------------------------------------------
[2023-04-05T13:09:34.181+0000] {taskinstance.py:1309} INFO - Executing <Task(BashOperator): third_task> on 2021-10-29 00:00:00+00:00
[2023-04-05T13:09:34.192+0000] {standard_task_runner.py:55} INFO - Started process 8062 to run task
[2023-04-05T13:09:34.197+0000] {standard_task_runner.py:82} INFO - Running: ['***', 'tasks', 'run', 'our_first_dag_v5', 'third_task', 'scheduled__2021-10-29T00:00:00+00:00', '--job-id', '2148', '--raw', '--subdir', 'DAGS_FOLDER/our_first_dag.py', '--cfg-path', '/tmp/tmpegdb6vv2']
[2023-04-05T13:09:34.200+0000] {standard_task_runner.py:83} INFO - Job 2148: Subtask third_task
[2023-04-05T13:09:34.451+0000] {task_command.py:389} INFO - Running <TaskInstance: our_first_dag_v5.third_task scheduled__2021-10-29T00:00:00+00:00 [running]> on host e3ca158aac6b
[2023-04-05T13:09:34.924+0000] {taskinstance.py:1518} INFO - Exporting the following env vars:
AIRFLOW_CTX_DAG_OWNER=dejan
AIRFLOW_CTX_DAG_ID=our_first_dag_v5
AIRFLOW_CTX_TASK_ID=third_task
AIRFLOW_CTX_EXECUTION_DATE=2021-10-29T00:00:00+00:00
AIRFLOW_CTX_TRY_NUMBER=1
AIRFLOW_CTX_DAG_RUN_ID=scheduled__2021-10-29T00:00:00+00:00
[2023-04-05T13:09:34.926+0000] {subprocess.py:63} INFO - Tmp dir root location: 
 /tmp
[2023-04-05T13:09:34.927+0000] {subprocess.py:75} INFO - Running command: ['/bin/bash', '-c', 'echo Hey I am task3 and will be running after task1 at the same time as task2']
[2023-04-05T13:09:34.964+0000] {subprocess.py:86} INFO - Output:
[2023-04-05T13:09:34.967+0000] {subprocess.py:93} INFO - Hey I am task3 and will be running after task1 at the same time as task2
[2023-04-05T13:09:34.968+0000] {subprocess.py:97} INFO - Command exited with return code 0
[2023-04-05T13:09:35.062+0000] {taskinstance.py:1332} INFO - Marking task as SUCCESS. dag_id=our_first_dag_v5, task_id=third_task, execution_date=20211029T000000, start_date=20230405T130934, end_date=20230405T130935
[2023-04-05T13:09:35.163+0000] {local_task_job.py:212} INFO - Task exited with return code 0
[2023-04-05T13:09:35.242+0000] {taskinstance.py:2596} INFO - 0 downstream tasks scheduled from follow-on schedule check
