[2023-04-05T13:01:26.883+0000] {taskinstance.py:1090} INFO - Dependencies all met for dep_context=non-requeueable deps ti=<TaskInstance: our_first_dag_v3.first_task scheduled__2021-08-12T00:00:00+00:00 [queued]>
[2023-04-05T13:01:26.919+0000] {taskinstance.py:1090} INFO - Dependencies all met for dep_context=requeueable deps ti=<TaskInstance: our_first_dag_v3.first_task scheduled__2021-08-12T00:00:00+00:00 [queued]>
[2023-04-05T13:01:26.920+0000] {taskinstance.py:1288} INFO - 
--------------------------------------------------------------------------------
[2023-04-05T13:01:26.920+0000] {taskinstance.py:1289} INFO - Starting attempt 1 of 6
[2023-04-05T13:01:26.920+0000] {taskinstance.py:1290} INFO - 
--------------------------------------------------------------------------------
[2023-04-05T13:01:27.033+0000] {taskinstance.py:1309} INFO - Executing <Task(BashOperator): first_task> on 2021-08-12 00:00:00+00:00
[2023-04-05T13:01:27.039+0000] {standard_task_runner.py:55} INFO - Started process 5433 to run task
[2023-04-05T13:01:27.044+0000] {standard_task_runner.py:82} INFO - Running: ['***', 'tasks', 'run', 'our_first_dag_v3', 'first_task', 'scheduled__2021-08-12T00:00:00+00:00', '--job-id', '1337', '--raw', '--subdir', 'DAGS_FOLDER/our_first_dag.py', '--cfg-path', '/tmp/tmpzvz7ga1k']
[2023-04-05T13:01:27.046+0000] {standard_task_runner.py:83} INFO - Job 1337: Subtask first_task
[2023-04-05T13:01:27.193+0000] {task_command.py:389} INFO - Running <TaskInstance: our_first_dag_v3.first_task scheduled__2021-08-12T00:00:00+00:00 [running]> on host e3ca158aac6b
[2023-04-05T13:01:27.472+0000] {taskinstance.py:1518} INFO - Exporting the following env vars:
AIRFLOW_CTX_DAG_OWNER=dejan
AIRFLOW_CTX_DAG_ID=our_first_dag_v3
AIRFLOW_CTX_TASK_ID=first_task
AIRFLOW_CTX_EXECUTION_DATE=2021-08-12T00:00:00+00:00
AIRFLOW_CTX_TRY_NUMBER=1
AIRFLOW_CTX_DAG_RUN_ID=scheduled__2021-08-12T00:00:00+00:00
[2023-04-05T13:01:27.473+0000] {subprocess.py:63} INFO - Tmp dir root location: 
 /tmp
[2023-04-05T13:01:27.474+0000] {subprocess.py:75} INFO - Running command: ['/bin/bash', '-c', 'echo Hello World, this is the first task']
[2023-04-05T13:01:27.536+0000] {subprocess.py:86} INFO - Output:
[2023-04-05T13:01:27.538+0000] {subprocess.py:93} INFO - Hello World, this is the first task
[2023-04-05T13:01:27.538+0000] {subprocess.py:97} INFO - Command exited with return code 0
[2023-04-05T13:01:27.665+0000] {taskinstance.py:1332} INFO - Marking task as SUCCESS. dag_id=our_first_dag_v3, task_id=first_task, execution_date=20210812T000000, start_date=20230405T130126, end_date=20230405T130127
[2023-04-05T13:01:27.867+0000] {local_task_job.py:212} INFO - Task exited with return code 0
[2023-04-05T13:01:27.930+0000] {taskinstance.py:2596} INFO - 2 downstream tasks scheduled from follow-on schedule check
