[2023-04-07T13:42:46.367+0000] {taskinstance.py:1090} INFO - Dependencies all met for dep_context=non-requeueable deps ti=<TaskInstance: dag_with_posgres_operator_v099.create_postgres_table scheduled__2023-04-06T00:00:00+00:00 [queued]>
[2023-04-07T13:42:46.385+0000] {taskinstance.py:1090} INFO - Dependencies all met for dep_context=requeueable deps ti=<TaskInstance: dag_with_posgres_operator_v099.create_postgres_table scheduled__2023-04-06T00:00:00+00:00 [queued]>
[2023-04-07T13:42:46.386+0000] {taskinstance.py:1288} INFO - 
--------------------------------------------------------------------------------
[2023-04-07T13:42:46.386+0000] {taskinstance.py:1289} INFO - Starting attempt 1 of 6
[2023-04-07T13:42:46.386+0000] {taskinstance.py:1290} INFO - 
--------------------------------------------------------------------------------
[2023-04-07T13:42:46.423+0000] {taskinstance.py:1309} INFO - Executing <Task(PostgresOperator): create_postgres_table> on 2023-04-06 00:00:00+00:00
[2023-04-07T13:42:46.426+0000] {standard_task_runner.py:55} INFO - Started process 1766 to run task
[2023-04-07T13:42:46.434+0000] {standard_task_runner.py:82} INFO - Running: ['***', 'tasks', 'run', 'dag_with_posgres_operator_v099', 'create_postgres_table', 'scheduled__2023-04-06T00:00:00+00:00', '--job-id', '6838', '--raw', '--subdir', 'DAGS_FOLDER/dag_with_postgres_operator.py', '--cfg-path', '/tmp/tmpv3dj69ct']
[2023-04-07T13:42:46.440+0000] {standard_task_runner.py:83} INFO - Job 6838: Subtask create_postgres_table
[2023-04-07T13:42:46.552+0000] {task_command.py:389} INFO - Running <TaskInstance: dag_with_posgres_operator_v099.create_postgres_table scheduled__2023-04-06T00:00:00+00:00 [running]> on host ce9c8327347b
[2023-04-07T13:42:46.709+0000] {taskinstance.py:1518} INFO - Exporting the following env vars:
AIRFLOW_CTX_DAG_OWNER=dejan
AIRFLOW_CTX_DAG_ID=dag_with_posgres_operator_v099
AIRFLOW_CTX_TASK_ID=create_postgres_table
AIRFLOW_CTX_EXECUTION_DATE=2023-04-06T00:00:00+00:00
AIRFLOW_CTX_TRY_NUMBER=1
AIRFLOW_CTX_DAG_RUN_ID=scheduled__2023-04-06T00:00:00+00:00
[2023-04-07T13:42:46.709+0000] {sql.py:254} INFO - Executing: 
            create table if not exists dag_runs (
                dt date,
                dag_id character varying,
                primary key (dt, dag_id)
            )
        
[2023-04-07T13:42:46.742+0000] {base.py:73} INFO - Using connection ID 'postgres_localhost' for task execution.
[2023-04-07T13:42:47.139+0000] {base.py:73} INFO - Using connection ID 'postgres_localhost' for task execution.
[2023-04-07T13:42:47.142+0000] {sql.py:375} INFO - Running statement: 
            create table if not exists dag_runs (
                dt date,
                dag_id character varying,
                primary key (dt, dag_id)
            )
        , parameters: None
[2023-04-07T13:42:47.154+0000] {taskinstance.py:1332} INFO - Marking task as SUCCESS. dag_id=dag_with_posgres_operator_v099, task_id=create_postgres_table, execution_date=20230406T000000, start_date=20230407T134246, end_date=20230407T134247
[2023-04-07T13:42:47.200+0000] {local_task_job.py:212} INFO - Task exited with return code 0
[2023-04-07T13:42:47.229+0000] {taskinstance.py:2596} INFO - 1 downstream tasks scheduled from follow-on schedule check
