[2023-04-07T15:00:18.844+0000] {taskinstance.py:1090} INFO - Dependencies all met for dep_context=non-requeueable deps ti=<TaskInstance: dag_with_python_dependancies_v01.get_sklearn scheduled__2023-04-01T00:00:00+00:00 [queued]>
[2023-04-07T15:00:18.888+0000] {taskinstance.py:1090} INFO - Dependencies all met for dep_context=requeueable deps ti=<TaskInstance: dag_with_python_dependancies_v01.get_sklearn scheduled__2023-04-01T00:00:00+00:00 [queued]>
[2023-04-07T15:00:18.888+0000] {taskinstance.py:1288} INFO - 
--------------------------------------------------------------------------------
[2023-04-07T15:00:18.888+0000] {taskinstance.py:1289} INFO - Starting attempt 1 of 1
[2023-04-07T15:00:18.888+0000] {taskinstance.py:1290} INFO - 
--------------------------------------------------------------------------------
[2023-04-07T15:00:18.963+0000] {taskinstance.py:1309} INFO - Executing <Task(PythonOperator): get_sklearn> on 2023-04-01 00:00:00+00:00
[2023-04-07T15:00:18.971+0000] {standard_task_runner.py:55} INFO - Started process 891 to run task
[2023-04-07T15:00:18.981+0000] {standard_task_runner.py:82} INFO - Running: ['***', 'tasks', 'run', 'dag_with_python_dependancies_v01', 'get_sklearn', 'scheduled__2023-04-01T00:00:00+00:00', '--job-id', '6877', '--raw', '--subdir', 'DAGS_FOLDER/dag_with_python_dependancies.py', '--cfg-path', '/tmp/tmp2xqlpdp_']
[2023-04-07T15:00:18.983+0000] {standard_task_runner.py:83} INFO - Job 6877: Subtask get_sklearn
[2023-04-07T15:00:19.059+0000] {task_command.py:389} INFO - Running <TaskInstance: dag_with_python_dependancies_v01.get_sklearn scheduled__2023-04-01T00:00:00+00:00 [running]> on host fdb83a86d851
[2023-04-07T15:00:19.273+0000] {taskinstance.py:1518} INFO - Exporting the following env vars:
AIRFLOW_CTX_DAG_OWNER=dejan
AIRFLOW_CTX_DAG_ID=dag_with_python_dependancies_v01
AIRFLOW_CTX_TASK_ID=get_sklearn
AIRFLOW_CTX_EXECUTION_DATE=2023-04-01T00:00:00+00:00
AIRFLOW_CTX_TRY_NUMBER=1
AIRFLOW_CTX_DAG_RUN_ID=scheduled__2023-04-01T00:00:00+00:00
[2023-04-07T15:00:19.793+0000] {logging_mixin.py:137} INFO - scikit-learn with version: 0.24.2
[2023-04-07T15:00:19.793+0000] {python.py:177} INFO - Done. Returned value was: None
[2023-04-07T15:00:19.815+0000] {taskinstance.py:1332} INFO - Marking task as SUCCESS. dag_id=dag_with_python_dependancies_v01, task_id=get_sklearn, execution_date=20230401T000000, start_date=20230407T150018, end_date=20230407T150019
[2023-04-07T15:00:19.894+0000] {local_task_job.py:212} INFO - Task exited with return code 0
[2023-04-07T15:00:19.926+0000] {taskinstance.py:2596} INFO - 0 downstream tasks scheduled from follow-on schedule check
