[2023-04-05T13:02:55.772+0000] {taskinstance.py:1090} INFO - Dependencies all met for dep_context=non-requeueable deps ti=<TaskInstance: our_first_dag_v3.first_task scheduled__2021-11-26T00:00:00+00:00 [queued]>
[2023-04-05T13:02:55.810+0000] {taskinstance.py:1090} INFO - Dependencies all met for dep_context=requeueable deps ti=<TaskInstance: our_first_dag_v3.first_task scheduled__2021-11-26T00:00:00+00:00 [queued]>
[2023-04-05T13:02:55.811+0000] {taskinstance.py:1288} INFO - 
--------------------------------------------------------------------------------
[2023-04-05T13:02:55.811+0000] {taskinstance.py:1289} INFO - Starting attempt 1 of 6
[2023-04-05T13:02:55.811+0000] {taskinstance.py:1290} INFO - 
--------------------------------------------------------------------------------
[2023-04-05T13:02:55.863+0000] {taskinstance.py:1309} INFO - Executing <Task(BashOperator): first_task> on 2021-11-26 00:00:00+00:00
[2023-04-05T13:02:55.883+0000] {standard_task_runner.py:55} INFO - Started process 6413 to run task
[2023-04-05T13:02:55.902+0000] {standard_task_runner.py:82} INFO - Running: ['***', 'tasks', 'run', 'our_first_dag_v3', 'first_task', 'scheduled__2021-11-26T00:00:00+00:00', '--job-id', '1650', '--raw', '--subdir', 'DAGS_FOLDER/our_first_dag.py', '--cfg-path', '/tmp/tmpo7hxlgv5']
[2023-04-05T13:02:55.904+0000] {standard_task_runner.py:83} INFO - Job 1650: Subtask first_task
[2023-04-05T13:02:56.133+0000] {task_command.py:389} INFO - Running <TaskInstance: our_first_dag_v3.first_task scheduled__2021-11-26T00:00:00+00:00 [running]> on host e3ca158aac6b
[2023-04-05T13:02:56.566+0000] {taskinstance.py:1518} INFO - Exporting the following env vars:
AIRFLOW_CTX_DAG_OWNER=dejan
AIRFLOW_CTX_DAG_ID=our_first_dag_v3
AIRFLOW_CTX_TASK_ID=first_task
AIRFLOW_CTX_EXECUTION_DATE=2021-11-26T00:00:00+00:00
AIRFLOW_CTX_TRY_NUMBER=1
AIRFLOW_CTX_DAG_RUN_ID=scheduled__2021-11-26T00:00:00+00:00
[2023-04-05T13:02:56.568+0000] {subprocess.py:63} INFO - Tmp dir root location: 
 /tmp
[2023-04-05T13:02:56.569+0000] {subprocess.py:75} INFO - Running command: ['/bin/bash', '-c', 'echo Hello World, this is the first task']
[2023-04-05T13:02:56.610+0000] {subprocess.py:86} INFO - Output:
[2023-04-05T13:02:56.620+0000] {subprocess.py:93} INFO - Hello World, this is the first task
[2023-04-05T13:02:56.633+0000] {subprocess.py:97} INFO - Command exited with return code 0
[2023-04-05T13:02:56.725+0000] {taskinstance.py:1332} INFO - Marking task as SUCCESS. dag_id=our_first_dag_v3, task_id=first_task, execution_date=20211126T000000, start_date=20230405T130255, end_date=20230405T130256
[2023-04-05T13:02:56.937+0000] {local_task_job.py:212} INFO - Task exited with return code 0
[2023-04-05T13:02:57.013+0000] {taskinstance.py:2596} INFO - 2 downstream tasks scheduled from follow-on schedule check
