[2023-04-05T13:02:29.801+0000] {taskinstance.py:1090} INFO - Dependencies all met for dep_context=non-requeueable deps ti=<TaskInstance: our_first_dag_v3.second_task scheduled__2021-10-24T00:00:00+00:00 [queued]>
[2023-04-05T13:02:29.825+0000] {taskinstance.py:1090} INFO - Dependencies all met for dep_context=requeueable deps ti=<TaskInstance: our_first_dag_v3.second_task scheduled__2021-10-24T00:00:00+00:00 [queued]>
[2023-04-05T13:02:29.826+0000] {taskinstance.py:1288} INFO - 
--------------------------------------------------------------------------------
[2023-04-05T13:02:29.826+0000] {taskinstance.py:1289} INFO - Starting attempt 1 of 6
[2023-04-05T13:02:29.826+0000] {taskinstance.py:1290} INFO - 
--------------------------------------------------------------------------------
[2023-04-05T13:02:29.861+0000] {taskinstance.py:1309} INFO - Executing <Task(BashOperator): second_task> on 2021-10-24 00:00:00+00:00
[2023-04-05T13:02:29.869+0000] {standard_task_runner.py:55} INFO - Started process 6137 to run task
[2023-04-05T13:02:29.872+0000] {standard_task_runner.py:82} INFO - Running: ['***', 'tasks', 'run', 'our_first_dag_v3', 'second_task', 'scheduled__2021-10-24T00:00:00+00:00', '--job-id', '1564', '--raw', '--subdir', 'DAGS_FOLDER/our_first_dag.py', '--cfg-path', '/tmp/tmp3x9yr5fl']
[2023-04-05T13:02:29.874+0000] {standard_task_runner.py:83} INFO - Job 1564: Subtask second_task
[2023-04-05T13:02:30.012+0000] {task_command.py:389} INFO - Running <TaskInstance: our_first_dag_v3.second_task scheduled__2021-10-24T00:00:00+00:00 [running]> on host e3ca158aac6b
[2023-04-05T13:02:30.178+0000] {taskinstance.py:1518} INFO - Exporting the following env vars:
AIRFLOW_CTX_DAG_OWNER=dejan
AIRFLOW_CTX_DAG_ID=our_first_dag_v3
AIRFLOW_CTX_TASK_ID=second_task
AIRFLOW_CTX_EXECUTION_DATE=2021-10-24T00:00:00+00:00
AIRFLOW_CTX_TRY_NUMBER=1
AIRFLOW_CTX_DAG_RUN_ID=scheduled__2021-10-24T00:00:00+00:00
[2023-04-05T13:02:30.179+0000] {subprocess.py:63} INFO - Tmp dir root location: 
 /tmp
[2023-04-05T13:02:30.180+0000] {subprocess.py:75} INFO - Running command: ['/bin/bash', '-c', 'echo Hey I am task2 and will be running after task1']
[2023-04-05T13:02:30.195+0000] {subprocess.py:86} INFO - Output:
[2023-04-05T13:02:30.196+0000] {subprocess.py:93} INFO - Hey I am task2 and will be running after task1
[2023-04-05T13:02:30.197+0000] {subprocess.py:97} INFO - Command exited with return code 0
[2023-04-05T13:02:30.247+0000] {taskinstance.py:1332} INFO - Marking task as SUCCESS. dag_id=our_first_dag_v3, task_id=second_task, execution_date=20211024T000000, start_date=20230405T130229, end_date=20230405T130230
[2023-04-05T13:02:30.299+0000] {local_task_job.py:212} INFO - Task exited with return code 0
[2023-04-05T13:02:30.334+0000] {taskinstance.py:2596} INFO - 0 downstream tasks scheduled from follow-on schedule check
