[2023-04-05T13:03:36.936+0000] {taskinstance.py:1090} INFO - Dependencies all met for dep_context=non-requeueable deps ti=<TaskInstance: our_first_dag_v3.second_task scheduled__2022-01-10T00:00:00+00:00 [queued]>
[2023-04-05T13:03:37.013+0000] {taskinstance.py:1090} INFO - Dependencies all met for dep_context=requeueable deps ti=<TaskInstance: our_first_dag_v3.second_task scheduled__2022-01-10T00:00:00+00:00 [queued]>
[2023-04-05T13:03:37.013+0000] {taskinstance.py:1288} INFO - 
--------------------------------------------------------------------------------
[2023-04-05T13:03:37.014+0000] {taskinstance.py:1289} INFO - Starting attempt 1 of 6
[2023-04-05T13:03:37.014+0000] {taskinstance.py:1290} INFO - 
--------------------------------------------------------------------------------
[2023-04-05T13:03:37.121+0000] {taskinstance.py:1309} INFO - Executing <Task(BashOperator): second_task> on 2022-01-10 00:00:00+00:00
[2023-04-05T13:03:37.153+0000] {standard_task_runner.py:55} INFO - Started process 6881 to run task
[2023-04-05T13:03:37.177+0000] {standard_task_runner.py:82} INFO - Running: ['***', 'tasks', 'run', 'our_first_dag_v3', 'second_task', 'scheduled__2022-01-10T00:00:00+00:00', '--job-id', '1799', '--raw', '--subdir', 'DAGS_FOLDER/our_first_dag.py', '--cfg-path', '/tmp/tmpq8z5cl6_']
[2023-04-05T13:03:37.187+0000] {standard_task_runner.py:83} INFO - Job 1799: Subtask second_task
[2023-04-05T13:03:37.679+0000] {task_command.py:389} INFO - Running <TaskInstance: our_first_dag_v3.second_task scheduled__2022-01-10T00:00:00+00:00 [running]> on host e3ca158aac6b
[2023-04-05T13:03:38.236+0000] {taskinstance.py:1518} INFO - Exporting the following env vars:
AIRFLOW_CTX_DAG_OWNER=dejan
AIRFLOW_CTX_DAG_ID=our_first_dag_v3
AIRFLOW_CTX_TASK_ID=second_task
AIRFLOW_CTX_EXECUTION_DATE=2022-01-10T00:00:00+00:00
AIRFLOW_CTX_TRY_NUMBER=1
AIRFLOW_CTX_DAG_RUN_ID=scheduled__2022-01-10T00:00:00+00:00
[2023-04-05T13:03:38.237+0000] {subprocess.py:63} INFO - Tmp dir root location: 
 /tmp
[2023-04-05T13:03:38.237+0000] {subprocess.py:75} INFO - Running command: ['/bin/bash', '-c', 'echo Hey I am task2 and will be running after task1']
[2023-04-05T13:03:38.318+0000] {subprocess.py:86} INFO - Output:
[2023-04-05T13:03:38.321+0000] {subprocess.py:93} INFO - Hey I am task2 and will be running after task1
[2023-04-05T13:03:38.333+0000] {subprocess.py:97} INFO - Command exited with return code 0
[2023-04-05T13:03:38.462+0000] {taskinstance.py:1332} INFO - Marking task as SUCCESS. dag_id=our_first_dag_v3, task_id=second_task, execution_date=20220110T000000, start_date=20230405T130336, end_date=20230405T130338
[2023-04-05T13:03:38.555+0000] {local_task_job.py:212} INFO - Task exited with return code 0
[2023-04-05T13:03:38.816+0000] {taskinstance.py:2596} INFO - 0 downstream tasks scheduled from follow-on schedule check
