[2023-04-06T13:48:24.402+0000] {taskinstance.py:1090} INFO - Dependencies all met for dep_context=non-requeueable deps ti=<TaskInstance: dag_with_taskflow_api_v01.get_name scheduled__2021-11-06T00:00:00+00:00 [queued]>
[2023-04-06T13:48:24.449+0000] {taskinstance.py:1090} INFO - Dependencies all met for dep_context=requeueable deps ti=<TaskInstance: dag_with_taskflow_api_v01.get_name scheduled__2021-11-06T00:00:00+00:00 [queued]>
[2023-04-06T13:48:24.449+0000] {taskinstance.py:1288} INFO - 
--------------------------------------------------------------------------------
[2023-04-06T13:48:24.450+0000] {taskinstance.py:1289} INFO - Starting attempt 1 of 6
[2023-04-06T13:48:24.450+0000] {taskinstance.py:1290} INFO - 
--------------------------------------------------------------------------------
[2023-04-06T13:48:24.570+0000] {taskinstance.py:1309} INFO - Executing <Task(_PythonDecoratedOperator): get_name> on 2021-11-06 00:00:00+00:00
[2023-04-06T13:48:24.596+0000] {standard_task_runner.py:55} INFO - Started process 1455 to run task
[2023-04-06T13:48:24.646+0000] {standard_task_runner.py:82} INFO - Running: ['***', 'tasks', 'run', 'dag_with_taskflow_api_v01', 'get_name', 'scheduled__2021-11-06T00:00:00+00:00', '--job-id', '4805', '--raw', '--subdir', 'DAGS_FOLDER/dag_with_task_api.py', '--cfg-path', '/tmp/tmp42pbkrwp']
[2023-04-06T13:48:24.648+0000] {standard_task_runner.py:83} INFO - Job 4805: Subtask get_name
[2023-04-06T13:48:25.089+0000] {task_command.py:389} INFO - Running <TaskInstance: dag_with_taskflow_api_v01.get_name scheduled__2021-11-06T00:00:00+00:00 [running]> on host f91656cee95b
[2023-04-06T13:48:25.389+0000] {taskinstance.py:1518} INFO - Exporting the following env vars:
AIRFLOW_CTX_DAG_OWNER=dejan
AIRFLOW_CTX_DAG_ID=dag_with_taskflow_api_v01
AIRFLOW_CTX_TASK_ID=get_name
AIRFLOW_CTX_EXECUTION_DATE=2021-11-06T00:00:00+00:00
AIRFLOW_CTX_TRY_NUMBER=1
AIRFLOW_CTX_DAG_RUN_ID=scheduled__2021-11-06T00:00:00+00:00
[2023-04-06T13:48:25.391+0000] {python.py:177} INFO - Done. Returned value was: Dejan
[2023-04-06T13:48:25.432+0000] {taskinstance.py:1332} INFO - Marking task as SUCCESS. dag_id=dag_with_taskflow_api_v01, task_id=get_name, execution_date=20211106T000000, start_date=20230406T134824, end_date=20230406T134825
[2023-04-06T13:48:25.516+0000] {local_task_job.py:212} INFO - Task exited with return code 0
[2023-04-06T13:48:25.808+0000] {taskinstance.py:2596} INFO - 0 downstream tasks scheduled from follow-on schedule check
