[2023-04-05T12:56:08.608+0000] {taskinstance.py:1090} INFO - Dependencies all met for dep_context=non-requeueable deps ti=<TaskInstance: our_first_dag_v2.first_task scheduled__2021-12-06T00:00:00+00:00 [queued]>
[2023-04-05T12:56:08.622+0000] {taskinstance.py:1090} INFO - Dependencies all met for dep_context=requeueable deps ti=<TaskInstance: our_first_dag_v2.first_task scheduled__2021-12-06T00:00:00+00:00 [queued]>
[2023-04-05T12:56:08.623+0000] {taskinstance.py:1288} INFO - 
--------------------------------------------------------------------------------
[2023-04-05T12:56:08.623+0000] {taskinstance.py:1289} INFO - Starting attempt 1 of 6
[2023-04-05T12:56:08.623+0000] {taskinstance.py:1290} INFO - 
--------------------------------------------------------------------------------
[2023-04-05T12:56:08.657+0000] {taskinstance.py:1309} INFO - Executing <Task(BashOperator): first_task> on 2021-12-06 00:00:00+00:00
[2023-04-05T12:56:08.663+0000] {standard_task_runner.py:55} INFO - Started process 3899 to run task
[2023-04-05T12:56:08.668+0000] {standard_task_runner.py:82} INFO - Running: ['***', 'tasks', 'run', 'our_first_dag_v2', 'first_task', 'scheduled__2021-12-06T00:00:00+00:00', '--job-id', '882', '--raw', '--subdir', 'DAGS_FOLDER/our_first_dag.py', '--cfg-path', '/tmp/tmphd9cnuxj']
[2023-04-05T12:56:08.670+0000] {standard_task_runner.py:83} INFO - Job 882: Subtask first_task
[2023-04-05T12:56:08.766+0000] {task_command.py:389} INFO - Running <TaskInstance: our_first_dag_v2.first_task scheduled__2021-12-06T00:00:00+00:00 [running]> on host e3ca158aac6b
[2023-04-05T12:56:08.911+0000] {taskinstance.py:1518} INFO - Exporting the following env vars:
AIRFLOW_CTX_DAG_OWNER=dejan
AIRFLOW_CTX_DAG_ID=our_first_dag_v2
AIRFLOW_CTX_TASK_ID=first_task
AIRFLOW_CTX_EXECUTION_DATE=2021-12-06T00:00:00+00:00
AIRFLOW_CTX_TRY_NUMBER=1
AIRFLOW_CTX_DAG_RUN_ID=scheduled__2021-12-06T00:00:00+00:00
[2023-04-05T12:56:08.912+0000] {subprocess.py:63} INFO - Tmp dir root location: 
 /tmp
[2023-04-05T12:56:08.912+0000] {subprocess.py:75} INFO - Running command: ['/bin/bash', '-c', 'echo Hello World, this is the first task']
[2023-04-05T12:56:08.926+0000] {subprocess.py:86} INFO - Output:
[2023-04-05T12:56:08.929+0000] {subprocess.py:93} INFO - Hello World, this is the first task
[2023-04-05T12:56:08.929+0000] {subprocess.py:97} INFO - Command exited with return code 0
[2023-04-05T12:56:08.981+0000] {taskinstance.py:1332} INFO - Marking task as SUCCESS. dag_id=our_first_dag_v2, task_id=first_task, execution_date=20211206T000000, start_date=20230405T125608, end_date=20230405T125608
[2023-04-05T12:56:09.046+0000] {local_task_job.py:212} INFO - Task exited with return code 0
[2023-04-05T12:56:09.137+0000] {taskinstance.py:2596} INFO - 0 downstream tasks scheduled from follow-on schedule check
